#========================================================================================
#                     Free energy perturbation    
#----------------------------------------------------------------------------------------
#forward/backward          λ              ΔΔA                 ΔA                  δε   
#                                                 
#----------------------------------------------------------------------------------------
forward:               0.0000              0.0000              0.0000              0.0000  
forward:               0.0500              1.1481              1.1481              0.0180  
forward:               0.1000              0.6164              1.7645              0.0213  
forward:               0.1500              0.3594              2.1239              0.0230  
forward:               0.2000              0.2143              2.3382              0.0237  
forward:               0.2500              0.1340              2.4722              0.0244  
forward:               0.3000              0.0927              2.5649              0.0249  
forward:               0.3500              0.0513              2.6162              0.0253  
forward:               0.4000              0.0224              2.6386              0.0257  
forward:               0.4500              0.0035              2.6420              0.0260  
forward:               0.5000             -0.0195              2.6225              0.0263  
forward:               0.5500             -0.0610              2.5615              0.0265  
forward:               0.6000             -0.1279              2.4336              0.0267  
forward:               0.6500             -0.1686              2.2650              0.0270  
forward:               0.7000             -0.2117              2.0532              0.0272  
forward:               0.7500             -0.2482              1.8050              0.0273  
forward:               0.8000             -0.2658              1.5393              0.0275  
forward:               0.8500             -0.2894              1.2498              0.0277  
forward:               0.9000             -0.3044              0.9455              0.0278  
forward:               0.9500             -0.3135              0.6319              0.0280  
forward:               1.0000             -0.3367              0.2952              0.0281  
backward:              1.0000              0.0000              0.2952              0.0000  
backward:              0.9500              0.3415              0.6366              0.0035  
backward:              0.9000              0.3110              0.9476              0.0052  
backward:              0.8500              0.3096              1.2572              0.0063  
backward:              0.8000              0.2831              1.5403              0.0078  
backward:              0.7500              0.2632              1.8035              0.0087  
backward:              0.7000              0.2332              2.0367              0.0096  
backward:              0.6500              0.2082              2.2448              0.0105  
backward:              0.6000              0.1681              2.4129              0.0114  
backward:              0.5500              0.1260              2.5389              0.0123  
backward:              0.5000              0.0625              2.6014              0.0132  
backward:              0.4500              0.0219              2.6232              0.0138  
backward:              0.4000             -0.0019              2.6213              0.0144  
backward:              0.3500             -0.0224              2.5989              0.0155  
backward:              0.3000             -0.0492              2.5497              0.0164  
backward:              0.2500             -0.0920              2.4578              0.0176  
backward:              0.2000             -0.1377              2.3201              0.0188  
backward:              0.1500             -0.2047              2.1154              0.0204  
backward:              0.1000             -0.3356              1.7798              0.0231  
backward:              0.0500             -0.5863              1.1935              0.0288  
backward:              0.0000             -1.0858              0.1077              0.0450  
Inaccuracy estimation
======================================================================================================
                   i        i+δi          P0_overlap_P1   δε(forward)/ε   δε(backward)/ε
======================================================================================================
inaccuracy:  0.00000        0.05000           43.24           -0.03            1.36
inaccuracy:  0.05000        0.10000           56.34           -0.02            0.60
inaccuracy:  0.10000        0.15000           63.79           -0.00            0.33
inaccuracy:  0.15000        0.20000           69.69           -0.01            0.20
inaccuracy:  0.20000        0.25000           74.75           -0.01            0.15
inaccuracy:  0.25000        0.30000           75.28           -0.00            0.12
inaccuracy:  0.30000        0.35000           76.52           -0.01            0.09
inaccuracy:  0.35000        0.40000           77.17           -0.01            0.08
inaccuracy:  0.40000        0.45000           78.01           -0.01            0.07
inaccuracy:  0.45000        0.50000           79.04           -0.01            0.07
inaccuracy:  0.50000        0.55000           75.48           -0.02            0.08
inaccuracy:  0.55000        0.60000           76.59           -0.02            0.06
inaccuracy:  0.60000        0.65000           76.78           -0.02            0.06
inaccuracy:  0.65000        0.70000           77.92           -0.02            0.06
inaccuracy:  0.70000        0.75000           79.34           -0.02            0.06
inaccuracy:  0.75000        0.80000           77.89           -0.02            0.05
inaccuracy:  0.80000        0.85000           78.35           -0.02            0.05
inaccuracy:  0.85000        0.90000           77.09           -0.03            0.05
inaccuracy:  0.90000        0.95000           77.18           -0.02            0.05
inaccuracy:  0.95000        1.00000           77.16           -0.03            0.05
===================================================================================================================================
                BAR        
-----------------------------------------------------------------------------------------------------------------------------------
BAR-estimator:         λ             λ+δλ          ΔΔA             ΔA            C               Δδe            δe       
                          
-----------------------------------------------------------------------------------------------------------------------------------
BAR-estimator:      0.00000        0.05000        1.1317         1.1317         1.1317         0.0099         0.0099 
BAR-estimator:      0.05000        0.10000        0.6096         1.7413         0.6096         0.0076         0.0125 
BAR-estimator:      0.10000        0.15000        0.3514         2.0928         0.3514         0.0063         0.0140 
BAR-estimator:      0.15000        0.20000        0.2103         2.3031         0.2103         0.0039         0.0145 
BAR-estimator:      0.20000        0.25000        0.1378         2.4408         0.1378         0.0043         0.0151 
BAR-estimator:      0.25000        0.30000        0.0919         2.5328         0.0919         0.0035         0.0155 
BAR-estimator:      0.30000        0.35000        0.0506         2.5833         0.0506         0.0031         0.0158 
BAR-estimator:      0.35000        0.40000        0.0209         2.6042         0.0209         0.0029         0.0161 
BAR-estimator:      0.40000        0.45000        0.0031         2.6073         0.0031         0.0027         0.0163 
BAR-estimator:      0.45000        0.50000       -0.0196         2.5878        -0.0196         0.0026         0.0166 
BAR-estimator:      0.50000        0.55000       -0.0637         2.5241        -0.0637         0.0029         0.0168 
BAR-estimator:      0.55000        0.60000       -0.1287         2.3954        -0.1287         0.0028         0.0170 
BAR-estimator:      0.60000        0.65000       -0.1693         2.2261        -0.1693         0.0027         0.0173 
BAR-estimator:      0.65000        0.70000       -0.2105         2.0155        -0.2105         0.0027         0.0175 
BAR-estimator:      0.70000        0.75000       -0.2419         1.7736        -0.2419         0.0026         0.0177 
BAR-estimator:      0.75000        0.80000       -0.2641         1.5094        -0.2641         0.0026         0.0178 
BAR-estimator:      0.80000        0.85000       -0.2861         1.2233        -0.2861         0.0027         0.0180 
BAR-estimator:      0.85000        0.90000       -0.3060         0.9173        -0.3060         0.0024         0.0182 
BAR-estimator:      0.90000        0.95000       -0.3133         0.6040        -0.3133         0.0027         0.0184 
BAR-estimator:      0.95000        1.00000       -0.3383         0.2657        -0.3383         0.0027         0.0186 
BAR-estimator: total free energy change is 0.26574456521155326 , total error is 0.018588345615041347
