#========================================================================================
#                     Free energy perturbation    
#----------------------------------------------------------------------------------------
#forward/backward          λ              ΔΔA                 ΔA                  δε   
#                                                 
#----------------------------------------------------------------------------------------
forward:               0.0000              0.0000              0.0000              0.0000  
forward:               0.0500              1.1214              1.1214              0.0140  
forward:               0.1000              0.6108              1.7323              0.0172  
forward:               0.1500              0.3556              2.0879              0.0187  
forward:               0.2000              0.2286              2.3165              0.0192  
forward:               0.2500              0.1489              2.4654              0.0199  
forward:               0.3000              0.0928              2.5582              0.0204  
forward:               0.3500              0.0595              2.6177              0.0210  
forward:               0.4000              0.0256              2.6433              0.0213  
forward:               0.4500              0.0066              2.6499              0.0216  
forward:               0.5000             -0.0133              2.6366              0.0219  
forward:               0.5500             -0.0614              2.5752              0.0221  
forward:               0.6000             -0.1254              2.4497              0.0224  
forward:               0.6500             -0.1738              2.2759              0.0226  
forward:               0.7000             -0.2075              2.0684              0.0229  
forward:               0.7500             -0.2407              1.8276              0.0231  
forward:               0.8000             -0.2714              1.5563              0.0233  
forward:               0.8500             -0.2909              1.2653              0.0234  
forward:               0.9000             -0.3098              0.9556              0.0237  
forward:               0.9500             -0.3303              0.6253              0.0238  
forward:               1.0000             -0.3390              0.2863              0.0240  
backward:              1.0000              0.0000              0.2863              0.0000  
backward:              0.9500              0.3391              0.6255              0.0035  
backward:              0.9000              0.3273              0.9527              0.0048  
backward:              0.8500              0.3091              1.2618              0.0064  
backward:              0.8000              0.2937              1.5555              0.0072  
backward:              0.7500              0.2708              1.8263              0.0080  
backward:              0.7000              0.2400              2.0663              0.0088  
backward:              0.6500              0.2173              2.2836              0.0094  
backward:              0.6000              0.1688              2.4524              0.0114  
backward:              0.5500              0.1197              2.5722              0.0123  
backward:              0.5000              0.0590              2.6312              0.0130  
backward:              0.4500              0.0076              2.6388              0.0136  
backward:              0.4000             -0.0050              2.6338              0.0143  
backward:              0.3500             -0.0269              2.6069              0.0150  
backward:              0.3000             -0.0590              2.5479              0.0159  
backward:              0.2500             -0.0901              2.4578              0.0172  
backward:              0.2000             -0.1556              2.3022              0.0190  
backward:              0.1500             -0.2348              2.0674              0.0208  
backward:              0.1000             -0.3504              1.7171              0.0227  
backward:              0.0500             -0.6083              1.1088              0.0268  
backward:              0.0000             -1.1178             -0.0091              0.0346  
Inaccuracy estimation
======================================================================================================
                   i        i+δi          P0_overlap_P1   δε(forward)/ε   δε(backward)/ε
======================================================================================================
inaccuracy:  0.00000        0.05000           44.72           -0.02            1.32
inaccuracy:  0.05000        0.10000           56.75           -0.01            0.60
inaccuracy:  0.10000        0.15000           65.80           -0.00            0.32
inaccuracy:  0.15000        0.20000           70.69           -0.01            0.21
inaccuracy:  0.20000        0.25000           72.93           -0.01            0.14
inaccuracy:  0.25000        0.30000           74.90           -0.00            0.12
inaccuracy:  0.30000        0.35000           75.78           -0.01            0.10
inaccuracy:  0.35000        0.40000           77.19           -0.01            0.08
inaccuracy:  0.40000        0.45000           78.14           -0.01            0.08
inaccuracy:  0.45000        0.50000           79.66           -0.01            0.07
inaccuracy:  0.50000        0.55000           76.19           -0.02            0.09
inaccuracy:  0.55000        0.60000           76.80           -0.02            0.06
inaccuracy:  0.60000        0.65000           77.78           -0.02            0.06
inaccuracy:  0.65000        0.70000           76.90           -0.02            0.06
inaccuracy:  0.70000        0.75000           77.75           -0.02            0.06
inaccuracy:  0.75000        0.80000           78.19           -0.02            0.06
inaccuracy:  0.80000        0.85000           77.79           -0.02            0.06
inaccuracy:  0.85000        0.90000           78.00           -0.02            0.05
inaccuracy:  0.90000        0.95000           78.21           -0.02            0.05
inaccuracy:  0.95000        1.00000           77.04           -0.02            0.05
===================================================================================================================================
                BAR        
-----------------------------------------------------------------------------------------------------------------------------------
BAR-estimator:         λ             λ+δλ          ΔΔA             ΔA            C               Δδe            δe       
                          
-----------------------------------------------------------------------------------------------------------------------------------
BAR-estimator:      0.00000        0.05000        1.1392         1.1392         1.1392         0.0084         0.0084 
BAR-estimator:      0.05000        0.10000        0.6164         1.7556         0.6164         0.0063         0.0105 
BAR-estimator:      0.10000        0.15000        0.3587         2.1142         0.3587         0.0048         0.0116 
BAR-estimator:      0.15000        0.20000        0.2315         2.3457         0.2315         0.0040         0.0123 
BAR-estimator:      0.20000        0.25000        0.1466         2.4924         0.1466         0.0037         0.0128 
BAR-estimator:      0.25000        0.30000        0.0931         2.5855         0.0931         0.0030         0.0132 
BAR-estimator:      0.30000        0.35000        0.0576         2.6431         0.0576         0.0031         0.0135 
BAR-estimator:      0.35000        0.40000        0.0250         2.6681         0.0250         0.0027         0.0138 
BAR-estimator:      0.40000        0.45000        0.0068         2.6749         0.0068         0.0024         0.0140 
BAR-estimator:      0.45000        0.50000       -0.0103         2.6646        -0.0103         0.0025         0.0142 
BAR-estimator:      0.50000        0.55000       -0.0585         2.6060        -0.0585         0.0025         0.0144 
BAR-estimator:      0.55000        0.60000       -0.1240         2.4820        -0.1240         0.0028         0.0147 
BAR-estimator:      0.60000        0.65000       -0.1727         2.3093        -0.1727         0.0024         0.0149 
BAR-estimator:      0.65000        0.70000       -0.2109         2.0984        -0.2109         0.0024         0.0151 
BAR-estimator:      0.70000        0.75000       -0.2407         1.8578        -0.2407         0.0027         0.0153 
BAR-estimator:      0.75000        0.80000       -0.2698         1.5880        -0.2698         0.0024         0.0155 
BAR-estimator:      0.80000        0.85000       -0.2912         1.2967        -0.2912         0.0025         0.0157 
BAR-estimator:      0.85000        0.90000       -0.3087         0.9880        -0.3087         0.0026         0.0159 
BAR-estimator:      0.90000        0.95000       -0.3296         0.6584        -0.3296         0.0025         0.0161 
BAR-estimator:      0.95000        1.00000       -0.3386         0.3198        -0.3386         0.0024         0.0163 
BAR-estimator: total free energy change is 0.3197699650846232 , total error is 0.01629974385988201
