#========================================================================================
#                     Free energy perturbation    
#----------------------------------------------------------------------------------------
#forward/backward          λ              ΔΔA                 ΔA                  δε   
#                                                 
#----------------------------------------------------------------------------------------
forward:               0.0000              0.0000              0.0000              0.0000  
forward:               0.0500              2.1083              2.1083              0.0293  
forward:               0.1000              1.1682              3.2764              0.0342  
forward:               0.1500              0.5988              3.8753              0.0366  
forward:               0.2000              0.2973              4.1726              0.0379  
forward:               0.2500              0.1471              4.3197              0.0387  
forward:               0.3000              0.0358              4.3555              0.0391  
forward:               0.3500             -0.0171              4.3384              0.0395  
forward:               0.4000             -0.0701              4.2683              0.0398  
forward:               0.4500             -0.1003              4.1680              0.0401  
forward:               0.5000             -0.1353              4.0327              0.0404  
forward:               0.5500             -0.1775              3.8552              0.0408  
forward:               0.6000             -0.2491              3.6061              0.0410  
forward:               0.6500             -0.2889              3.3172              0.0412  
forward:               0.7000             -0.3133              3.0040              0.0414  
forward:               0.7500             -0.3347              2.6693              0.0416  
forward:               0.8000             -0.3592              2.3101              0.0417  
forward:               0.8500             -0.3681              1.9420              0.0419  
forward:               0.9000             -0.3813              1.5607              0.0422  
forward:               0.9500             -0.3910              1.1697              0.0423  
forward:               1.0000             -0.4018              0.7679              0.0425  
backward:              1.0000              0.0000              0.7679              0.0000  
backward:              0.9500              0.3966              1.1645              0.0047  
backward:              0.9000              0.3883              1.5528              0.0061  
backward:              0.8500              0.3817              1.9345              0.0073  
backward:              0.8000              0.3700              2.3045              0.0083  
backward:              0.7500              0.3629              2.6674              0.0092  
backward:              0.7000              0.3348              3.0022              0.0102  
backward:              0.6500              0.3209              3.3231              0.0112  
backward:              0.6000              0.2854              3.6085              0.0121  
backward:              0.5500              0.2494              3.8579              0.0131  
backward:              0.5000              0.1806              4.0385              0.0143  
backward:              0.4500              0.1227              4.1612              0.0154  
backward:              0.4000              0.0964              4.2576              0.0162  
backward:              0.3500              0.0736              4.3312              0.0173  
backward:              0.3000              0.0225              4.3537              0.0184  
backward:              0.2500             -0.0401              4.3137              0.0198  
backward:              0.2000             -0.1387              4.1749              0.0214  
backward:              0.1500             -0.2793              3.8956              0.0240  
backward:              0.1000             -0.5652              3.3304              0.0286  
backward:              0.0500             -1.1099              2.2205              0.0419  
backward:              0.0000             -1.9990              0.2216              0.0562  
Inaccuracy estimation
======================================================================================================
                   i        i+δi          P0_overlap_P1   δε(forward)/ε   δε(backward)/ε
======================================================================================================
inaccuracy:  0.00000        0.05000           29.35            0.01            2.79
inaccuracy:  0.05000        0.10000           40.80           -0.05            1.36
inaccuracy:  0.10000        0.15000           52.41           -0.03            0.66
inaccuracy:  0.15000        0.20000           61.97           -0.02            0.34
inaccuracy:  0.20000        0.25000           66.83           -0.03            0.23
inaccuracy:  0.25000        0.30000           70.69           -0.01            0.16
inaccuracy:  0.30000        0.35000           71.77           -0.02            0.14
inaccuracy:  0.35000        0.40000           72.11           -0.02            0.11
inaccuracy:  0.40000        0.45000           73.49           -0.02            0.10
inaccuracy:  0.45000        0.50000           75.09           -0.02            0.09
inaccuracy:  0.50000        0.55000           72.01           -0.03            0.10
inaccuracy:  0.55000        0.60000           73.82           -0.03            0.08
inaccuracy:  0.60000        0.65000           75.13           -0.02            0.07
inaccuracy:  0.65000        0.70000           74.00           -0.03            0.07
inaccuracy:  0.70000        0.75000           75.40           -0.03            0.06
inaccuracy:  0.75000        0.80000           74.97           -0.03            0.06
inaccuracy:  0.80000        0.85000           75.24           -0.03            0.06
inaccuracy:  0.85000        0.90000           74.99           -0.03            0.06
inaccuracy:  0.90000        0.95000           75.22           -0.03            0.06
inaccuracy:  0.95000        1.00000           75.21           -0.02            0.06
===================================================================================================================================
                BAR        
-----------------------------------------------------------------------------------------------------------------------------------
BAR-estimator:         λ             λ+δλ          ΔΔA             ΔA            C               Δδe            δe       
                          
-----------------------------------------------------------------------------------------------------------------------------------
BAR-estimator:      0.00000        0.05000        2.0859         2.0859         2.0859         0.0144         0.0144 
BAR-estimator:      0.05000        0.10000        1.1567         3.2427         1.1567         0.0107         0.0179 
BAR-estimator:      0.10000        0.15000        0.5882         3.8308         0.5882         0.0085         0.0198 
BAR-estimator:      0.15000        0.20000        0.2935         4.1243         0.2935         0.0064         0.0209 
BAR-estimator:      0.20000        0.25000        0.1455         4.2699         0.1455         0.0050         0.0214 
BAR-estimator:      0.25000        0.30000        0.0410         4.3109         0.0410         0.0042         0.0218 
BAR-estimator:      0.30000        0.35000       -0.0189         4.2919        -0.0189         0.0034         0.0221 
BAR-estimator:      0.35000        0.40000       -0.0725         4.2195        -0.0725         0.0036         0.0224 
BAR-estimator:      0.40000        0.45000       -0.1019         4.1176        -0.1019         0.0034         0.0227 
BAR-estimator:      0.45000        0.50000       -0.1320         3.9856        -0.1320         0.0036         0.0229 
BAR-estimator:      0.50000        0.55000       -0.1778         3.8078        -0.1778         0.0035         0.0232 
BAR-estimator:      0.55000        0.60000       -0.2493         3.5585        -0.2493         0.0027         0.0234 
BAR-estimator:      0.60000        0.65000       -0.2868         3.2716        -0.2868         0.0030         0.0236 
BAR-estimator:      0.65000        0.70000       -0.3174         2.9542        -0.3174         0.0028         0.0237 
BAR-estimator:      0.70000        0.75000       -0.3345         2.6198        -0.3345         0.0030         0.0239 
BAR-estimator:      0.75000        0.80000       -0.3601         2.2597        -0.3601         0.0027         0.0241 
BAR-estimator:      0.80000        0.85000       -0.3671         1.8926        -0.3671         0.0036         0.0243 
BAR-estimator:      0.85000        0.90000       -0.3816         1.5111        -0.3816         0.0029         0.0245 
BAR-estimator:      0.90000        0.95000       -0.3889         1.1222        -0.3889         0.0031         0.0247 
BAR-estimator:      0.95000        1.00000       -0.3995         0.7227        -0.3995         0.0031         0.0249 
BAR-estimator: total free energy change is 0.722691776623734 , total error is 0.02489736959686549
