#========================================================================================
#                     Free energy perturbation    
#----------------------------------------------------------------------------------------
#forward/backward          λ              ΔΔA                 ΔA                  δε   
#                                                 
#----------------------------------------------------------------------------------------
forward:               0.0000              0.0000              0.0000              0.0000  
forward:               0.0500              2.0998              2.0998              0.0273  
forward:               0.1000              1.1665              3.2662              0.0316  
forward:               0.1500              0.5770              3.8432              0.0338  
forward:               0.2000              0.3082              4.1515              0.0349  
forward:               0.2500              0.1594              4.3108              0.0357  
forward:               0.3000              0.0554              4.3662              0.0361  
forward:               0.3500             -0.0101              4.3561              0.0364  
forward:               0.4000             -0.0552              4.3009              0.0367  
forward:               0.4500             -0.1010              4.1999              0.0369  
forward:               0.5000             -0.1265              4.0734              0.0371  
forward:               0.5500             -0.1769              3.8966              0.0373  
forward:               0.6000             -0.2413              3.6552              0.0375  
forward:               0.6500             -0.2862              3.3690              0.0377  
forward:               0.7000             -0.3093              3.0597              0.0378  
forward:               0.7500             -0.3346              2.7251              0.0379  
forward:               0.8000             -0.3521              2.3730              0.0381  
forward:               0.8500             -0.3644              2.0085              0.0382  
forward:               0.9000             -0.3761              1.6325              0.0383  
forward:               0.9500             -0.3870              1.2455              0.0385  
forward:               1.0000             -0.3925              0.8530              0.0386  
backward:              1.0000              0.0000              0.8530              0.0000  
backward:              0.9500              0.3933              1.2463              0.0041  
backward:              0.9000              0.3858              1.6321              0.0055  
backward:              0.8500              0.3809              2.0130              0.0068  
backward:              0.8000              0.3819              2.3950              0.0078  
backward:              0.7500              0.3539              2.7488              0.0087  
backward:              0.7000              0.3440              3.0928              0.0096  
backward:              0.6500              0.3113              3.4041              0.0105  
backward:              0.6000              0.2927              3.6969              0.0113  
backward:              0.5500              0.2293              3.9262              0.0121  
backward:              0.5000              0.1780              4.1042              0.0131  
backward:              0.4500              0.1296              4.2338              0.0140  
backward:              0.4000              0.1008              4.3346              0.0149  
backward:              0.3500              0.0550              4.3895              0.0160  
backward:              0.3000              0.0144              4.4039              0.0171  
backward:              0.2500             -0.0662              4.3378              0.0205  
backward:              0.2000             -0.1540              4.1838              0.0221  
backward:              0.1500             -0.2924              3.8914              0.0253  
backward:              0.1000             -0.6280              3.2634              0.0399  
backward:              0.0500             -1.0814              2.1819              0.0479  
backward:              0.0000             -2.0119              0.1700              0.0576  
Inaccuracy estimation
======================================================================================================
                   i        i+δi          P0_overlap_P1   δε(forward)/ε   δε(backward)/ε
======================================================================================================
inaccuracy:  0.00000        0.05000           30.47            0.01            2.75
inaccuracy:  0.05000        0.10000           40.68           -0.05            1.44
inaccuracy:  0.10000        0.15000           53.94           -0.03            0.66
inaccuracy:  0.15000        0.20000           61.32           -0.02            0.37
inaccuracy:  0.20000        0.25000           66.02           -0.02            0.23
inaccuracy:  0.25000        0.30000           69.21           -0.02            0.18
inaccuracy:  0.30000        0.35000           71.37           -0.01            0.14
inaccuracy:  0.35000        0.40000           72.34           -0.01            0.11
inaccuracy:  0.40000        0.45000           74.13           -0.01            0.10
inaccuracy:  0.45000        0.50000           73.68           -0.02            0.09
inaccuracy:  0.50000        0.55000           72.10           -0.03            0.09
inaccuracy:  0.55000        0.60000           74.99           -0.02            0.07
inaccuracy:  0.60000        0.65000           73.74           -0.03            0.07
inaccuracy:  0.65000        0.70000           74.74           -0.03            0.07
inaccuracy:  0.70000        0.75000           74.25           -0.03            0.07
inaccuracy:  0.75000        0.80000           75.24           -0.03            0.07
inaccuracy:  0.80000        0.85000           73.79           -0.03            0.07
inaccuracy:  0.85000        0.90000           74.60           -0.03            0.06
inaccuracy:  0.90000        0.95000           75.57           -0.02            0.06
inaccuracy:  0.95000        1.00000           74.35           -0.03            0.06
===================================================================================================================================
                BAR        
-----------------------------------------------------------------------------------------------------------------------------------
BAR-estimator:         λ             λ+δλ          ΔΔA             ΔA            C               Δδe            δe       
                          
-----------------------------------------------------------------------------------------------------------------------------------
BAR-estimator:      0.00000        0.05000        2.1012         2.1012         2.1012         0.0111         0.0111 
BAR-estimator:      0.05000        0.10000        1.1448         3.2460         1.1448         0.0095         0.0146 
BAR-estimator:      0.10000        0.15000        0.5880         3.8339         0.5880         0.0076         0.0164 
BAR-estimator:      0.15000        0.20000        0.3019         4.1358         0.3019         0.0056         0.0174 
BAR-estimator:      0.20000        0.25000        0.1580         4.2938         0.1580         0.0048         0.0180 
BAR-estimator:      0.25000        0.30000        0.0577         4.3515         0.0577         0.0040         0.0185 
BAR-estimator:      0.30000        0.35000       -0.0112         4.3403        -0.0112         0.0033         0.0188 
BAR-estimator:      0.35000        0.40000       -0.0560         4.2843        -0.0560         0.0031         0.0190 
BAR-estimator:      0.40000        0.45000       -0.1002         4.1841        -0.1002         0.0029         0.0192 
BAR-estimator:      0.45000        0.50000       -0.1299         4.0542        -0.1299         0.0029         0.0194 
BAR-estimator:      0.50000        0.55000       -0.1783         3.8759        -0.1783         0.0029         0.0197 
BAR-estimator:      0.55000        0.60000       -0.2378         3.6381        -0.2378         0.0028         0.0199 
BAR-estimator:      0.60000        0.65000       -0.2875         3.3506        -0.2875         0.0027         0.0200 
BAR-estimator:      0.65000        0.70000       -0.3102         3.0404        -0.3102         0.0027         0.0202 
BAR-estimator:      0.70000        0.75000       -0.3389         2.7015        -0.3389         0.0028         0.0204 
BAR-estimator:      0.75000        0.80000       -0.3521         2.3495        -0.3521         0.0026         0.0206 
BAR-estimator:      0.80000        0.85000       -0.3692         1.9803        -0.3692         0.0029         0.0208 
BAR-estimator:      0.85000        0.90000       -0.3773         1.6030        -0.3773         0.0028         0.0210 
BAR-estimator:      0.90000        0.95000       -0.3854         1.2176        -0.3854         0.0029         0.0212 
BAR-estimator:      0.95000        1.00000       -0.3937         0.8240        -0.3937         0.0027         0.0213 
BAR-estimator: total free energy change is 0.8239721558468769 , total error is 0.021346183600873658
