#========================================================================================
#                     Free energy perturbation    
#----------------------------------------------------------------------------------------
#forward/backward          λ              ΔΔA                 ΔA                  δε   
#                                                 
#----------------------------------------------------------------------------------------
forward:               0.0000              0.0000              0.0000              0.0000  
forward:               0.0500              1.2464              1.2464              0.0151  
forward:               0.1000              0.6480              1.8944              0.0196  
forward:               0.1500              0.3258              2.2202              0.0210  
forward:               0.2000              0.1309              2.3512              0.0219  
forward:               0.2500              0.0333              2.3845              0.0223  
forward:               0.3000             -0.0337              2.3508              0.0227  
forward:               0.3500             -0.0772              2.2735              0.0230  
forward:               0.4000             -0.1161              2.1574              0.0233  
forward:               0.4500             -0.1423              2.0152              0.0235  
forward:               0.5000             -0.1687              1.8465              0.0237  
forward:               0.5500             -0.6490              1.1975              0.0240  
forward:               0.6000             -1.3757             -0.1783              0.0252  
forward:               0.6500             -2.0154             -2.1936              0.0273  
forward:               0.7000             -2.5299             -4.7235              0.0288  
forward:               0.7500             -2.7830             -7.5065              0.0302  
forward:               0.8000             -2.8336            -10.3401              0.0306  
forward:               0.8500             -2.7490            -13.0891              0.0312  
forward:               0.9000             -2.5951            -15.6842              0.0315  
forward:               0.9500             -2.4218            -18.1060              0.0319  
forward:               1.0000             -2.2744            -20.3804              0.0323  
backward:              1.0000              0.0000            -20.3804              0.0000  
backward:              0.9500              2.2573            -18.1231              0.0135  
backward:              0.9000              2.4062            -15.7169              0.0172  
backward:              0.8500              2.5879            -13.1290              0.0193  
backward:              0.8000              2.7323            -10.3967              0.0206  
backward:              0.7500              2.8310             -7.5657              0.0227  
backward:              0.7000              2.7891             -4.7766              0.0246  
backward:              0.6500              2.5498             -2.2268              0.0267  
backward:              0.6000              2.0089             -0.2179              0.0282  
backward:              0.5500              1.3729              1.1550              0.0292  
backward:              0.5000              0.6491              1.8041              0.0320  
backward:              0.4500              0.1610              1.9651              0.0322  
backward:              0.4000              0.1337              2.0988              0.0324  
backward:              0.3500              0.1143              2.2131              0.0327  
backward:              0.3000              0.0727              2.2857              0.0330  
backward:              0.2500              0.0387              2.3245              0.0333  
backward:              0.2000             -0.0256              2.2988              0.0338  
backward:              0.1500             -0.1484              2.1504              0.0346  
backward:              0.1000             -0.3155              1.8349              0.0365  
backward:              0.0500             -0.6830              1.1519              0.0531  
backward:              0.0000             -1.2163             -0.0644              0.0570  
Inaccuracy estimation
======================================================================================================
                   i        i+δi          P0_overlap_P1   δε(forward)/ε   δε(backward)/ε
======================================================================================================
inaccuracy:  0.00000        0.05000           41.23           -0.04            1.16
inaccuracy:  0.05000        0.10000           51.53           -0.03            0.77
inaccuracy:  0.10000        0.15000           59.44           -0.02            0.42
inaccuracy:  0.15000        0.20000           67.62           -0.02            0.22
inaccuracy:  0.20000        0.25000           70.22           -0.01            0.16
inaccuracy:  0.25000        0.30000           72.97           -0.01            0.13
inaccuracy:  0.30000        0.35000           74.62           -0.01            0.10
inaccuracy:  0.35000        0.40000           76.01           -0.02            0.09
inaccuracy:  0.40000        0.45000           77.11           -0.01            0.08
inaccuracy:  0.45000        0.50000           77.66           -0.01            0.07
inaccuracy:  0.50000        0.55000           52.32           -0.33            0.25
inaccuracy:  0.55000        0.60000           54.33           -0.43            0.05
inaccuracy:  0.60000        0.65000           52.77           -0.55           -0.04
inaccuracy:  0.65000        0.70000           52.33           -0.60           -0.13
inaccuracy:  0.70000        0.75000           53.91           -0.55           -0.16
inaccuracy:  0.75000        0.80000           54.96           -0.50           -0.16
inaccuracy:  0.80000        0.85000           54.29           -0.44           -0.16
inaccuracy:  0.85000        0.90000           52.20           -0.40           -0.11
inaccuracy:  0.90000        0.95000           51.02           -0.48           -0.06
inaccuracy:  0.95000        1.00000           49.61           -0.42           -0.02
===================================================================================================================================
                BAR        
-----------------------------------------------------------------------------------------------------------------------------------
BAR-estimator:         λ             λ+δλ          ΔΔA             ΔA            C               Δδe            δe       
                          
-----------------------------------------------------------------------------------------------------------------------------------
BAR-estimator:      0.00000        0.05000        1.2423         1.2423         1.2423         0.0079         0.0079 
BAR-estimator:      0.05000        0.10000        0.6598         1.9020         0.6598         0.0075         0.0109 
BAR-estimator:      0.10000        0.15000        0.3223         2.2243         0.3223         0.0051         0.0120 
BAR-estimator:      0.15000        0.20000        0.1345         2.3589         0.1345         0.0040         0.0127 
BAR-estimator:      0.20000        0.25000        0.0295         2.3884         0.0295         0.0033         0.0131 
BAR-estimator:      0.25000        0.30000       -0.0336         2.3548        -0.0336         0.0027         0.0133 
BAR-estimator:      0.30000        0.35000       -0.0759         2.2789        -0.0759         0.0030         0.0137 
BAR-estimator:      0.35000        0.40000       -0.1158         2.1631        -0.1158         0.0027         0.0139 
BAR-estimator:      0.40000        0.45000       -0.1388         2.0243        -0.1388         0.0025         0.0142 
BAR-estimator:      0.45000        0.50000       -0.1660         1.8583        -0.1660         0.0020         0.0143 
BAR-estimator:      0.50000        0.55000       -0.6520         1.2063        -0.6520         0.0037         0.0148 
BAR-estimator:      0.55000        0.60000       -1.3703        -0.1640        -1.3703         0.0042         0.0154 
BAR-estimator:      0.60000        0.65000       -2.0084        -2.1725        -2.0084         0.0051         0.0162 
BAR-estimator:      0.65000        0.70000       -2.5425        -4.7149        -2.5425         0.0052         0.0170 
BAR-estimator:      0.70000        0.75000       -2.7849        -7.4999        -2.7849         0.0039         0.0175 
BAR-estimator:      0.75000        0.80000       -2.8320       -10.3319        -2.8320         0.0040         0.0179 
BAR-estimator:      0.80000        0.85000       -2.7373       -13.0692        -2.7373         0.0042         0.0184 
BAR-estimator:      0.85000        0.90000       -2.5893       -15.6585        -2.5893         0.0047         0.0190 
BAR-estimator:      0.90000        0.95000       -2.4211       -18.0796        -2.4211         0.0043         0.0195 
BAR-estimator:      0.95000        1.00000       -2.2707       -20.3503        -2.2707         0.0052         0.0201 
BAR-estimator: total free energy change is -20.350259774872114 , total error is 0.02014021484464714
