#========================================================================================
#                     Free energy perturbation    
#----------------------------------------------------------------------------------------
#forward/backward          λ              ΔΔA                 ΔA                  δε   
#                                                 
#----------------------------------------------------------------------------------------
forward:               0.0000              0.0000              0.0000              0.0000  
forward:               0.0500              0.2370              0.2370              0.0064  
forward:               0.1000              0.1904              0.4273              0.0081  
forward:               0.1500              0.1689              0.5962              0.0092  
forward:               0.2000              0.1467              0.7430              0.0101  
forward:               0.2500              0.1341              0.8771              0.0107  
forward:               0.3000              0.1204              0.9975              0.0114  
forward:               0.3500              0.1173              1.1147              0.0119  
forward:               0.4000              0.1045              1.2192              0.0123  
forward:               0.4500              0.1075              1.3267              0.0128  
forward:               0.5000              0.0952              1.4219              0.0131  
forward:               0.5500              0.0969              1.5188              0.0135  
forward:               0.6000              0.0932              1.6121              0.0137  
forward:               0.6500              0.0896              1.7017              0.0141  
forward:               0.7000              0.0799              1.7815              0.0143  
forward:               0.7500              0.0866              1.8682              0.0146  
forward:               0.8000              0.0816              1.9498              0.0148  
forward:               0.8500              0.0756              2.0254              0.0151  
forward:               0.9000              0.0712              2.0966              0.0153  
forward:               0.9500              0.0712              2.1679              0.0155  
forward:               1.0000              0.0648              2.2327              0.0157  
backward:              1.0000              0.0000              2.2327              0.0000  
backward:              0.9500             -0.0617              2.1710              0.0032  
backward:              0.9000             -0.0770              2.0939              0.0047  
backward:              0.8500             -0.0748              2.0191              0.0051  
backward:              0.8000             -0.0806              1.9385              0.0059  
backward:              0.7500             -0.0789              1.8596              0.0068  
backward:              0.7000             -0.0836              1.7760              0.0074  
backward:              0.6500             -0.0850              1.6910              0.0081  
backward:              0.6000             -0.0876              1.6035              0.0087  
backward:              0.5500             -0.0926              1.5109              0.0094  
backward:              0.5000             -0.0994              1.4115              0.0100  
backward:              0.4500             -0.0888              1.3227              0.0106  
backward:              0.4000             -0.1078              1.2148              0.0112  
backward:              0.3500             -0.1076              1.1073              0.0115  
backward:              0.3000             -0.1110              0.9963              0.0121  
backward:              0.2500             -0.1173              0.8789              0.0129  
backward:              0.2000             -0.1330              0.7459              0.0137  
backward:              0.1500             -0.1464              0.5995              0.0151  
backward:              0.1000             -0.1694              0.4301              0.0159  
backward:              0.0500             -0.1855              0.2446              0.0168  
backward:              0.0000             -0.2337              0.0108              0.0189  
Inaccuracy estimation
======================================================================================================
                   i        i+δi          P0_overlap_P1   δε(forward)/ε   δε(backward)/ε
======================================================================================================
inaccuracy:  0.00000        0.05000           75.17           -0.00            0.20
inaccuracy:  0.05000        0.10000           78.97           -0.00            0.13
inaccuracy:  0.10000        0.15000           80.64           -0.00            0.10
inaccuracy:  0.15000        0.20000           80.55           -0.00            0.09
inaccuracy:  0.20000        0.25000           82.10           -0.00            0.07
inaccuracy:  0.25000        0.30000           82.44           -0.00            0.07
inaccuracy:  0.30000        0.35000           82.59           -0.00            0.07
inaccuracy:  0.35000        0.40000           84.13           -0.00            0.06
inaccuracy:  0.40000        0.45000           83.78           -0.00            0.06
inaccuracy:  0.45000        0.50000           83.42           -0.00            0.06
inaccuracy:  0.50000        0.55000           83.96           -0.00            0.06
inaccuracy:  0.55000        0.60000           83.16           -0.00            0.06
inaccuracy:  0.60000        0.65000           83.09           -0.00            0.06
inaccuracy:  0.65000        0.70000           84.48           -0.00            0.05
inaccuracy:  0.70000        0.75000           83.30           -0.00            0.06
inaccuracy:  0.75000        0.80000           83.23           -0.00            0.06
inaccuracy:  0.80000        0.85000           84.50           -0.00            0.05
inaccuracy:  0.85000        0.90000           83.91           -0.00            0.05
inaccuracy:  0.90000        0.95000           83.88           -0.00            0.05
inaccuracy:  0.95000        1.00000           83.09           -0.00            0.06
===================================================================================================================================
                BAR        
-----------------------------------------------------------------------------------------------------------------------------------
BAR-estimator:         λ             λ+δλ          ΔΔA             ΔA            C               Δδe            δe       
                          
-----------------------------------------------------------------------------------------------------------------------------------
BAR-estimator:      0.00000        0.05000        0.2358         0.2358         0.2358         0.0045         0.0045 
BAR-estimator:      0.05000        0.10000        0.1889         0.4247         0.1889         0.0034         0.0057 
BAR-estimator:      0.10000        0.15000        0.1705         0.5953         0.1705         0.0031         0.0065 
BAR-estimator:      0.15000        0.20000        0.1436         0.7389         0.1436         0.0028         0.0070 
BAR-estimator:      0.20000        0.25000        0.1336         0.8725         0.1336         0.0025         0.0075 
BAR-estimator:      0.25000        0.30000        0.1197         0.9922         0.1197         0.0026         0.0079 
BAR-estimator:      0.30000        0.35000        0.1153         1.1075         0.1153         0.0024         0.0083 
BAR-estimator:      0.35000        0.40000        0.1065         1.2140         0.1065         0.0023         0.0086 
BAR-estimator:      0.40000        0.45000        0.1073         1.3213         0.1073         0.0024         0.0089 
BAR-estimator:      0.45000        0.50000        0.0944         1.4157         0.0944         0.0022         0.0091 
BAR-estimator:      0.50000        0.55000        0.0982         1.5138         0.0982         0.0022         0.0094 
BAR-estimator:      0.55000        0.60000        0.0919         1.6058         0.0919         0.0020         0.0096 
BAR-estimator:      0.60000        0.65000        0.0890         1.6948         0.0890         0.0023         0.0099 
BAR-estimator:      0.65000        0.70000        0.0816         1.7763         0.0816         0.0021         0.0101 
BAR-estimator:      0.70000        0.75000        0.0858         1.8622         0.0858         0.0020         0.0103 
BAR-estimator:      0.75000        0.80000        0.0809         1.9431         0.0809         0.0022         0.0105 
BAR-estimator:      0.80000        0.85000        0.0782         2.0213         0.0782         0.0021         0.0108 
BAR-estimator:      0.85000        0.90000        0.0728         2.0941         0.0728         0.0021         0.0110 
BAR-estimator:      0.90000        0.95000        0.0724         2.1665         0.0724         0.0019         0.0111 
BAR-estimator:      0.95000        1.00000        0.0640         2.2306         0.0640         0.0022         0.0113 
BAR-estimator: total free energy change is 2.230552654309572 , total error is 0.011331159058594869
