#========================================================================================
#                     Free energy perturbation    
#----------------------------------------------------------------------------------------
#forward/backward          λ              ΔΔA                 ΔA                  δε   
#                                                 
#----------------------------------------------------------------------------------------
forward:               0.0000              0.0000              0.0000              0.0000  
forward:               0.0500              0.2351              0.2351              0.0035  
forward:               0.1000              0.1918              0.4269              0.0046  
forward:               0.1500              0.1637              0.5906              0.0054  
forward:               0.2000              0.1429              0.7335              0.0062  
forward:               0.2500              0.1307              0.8642              0.0068  
forward:               0.3000              0.1228              0.9870              0.0073  
forward:               0.3500              0.1146              1.1016              0.0077  
forward:               0.4000              0.1080              1.2097              0.0081  
forward:               0.4500              0.1020              1.3117              0.0086  
forward:               0.5000              0.1008              1.4125              0.0089  
forward:               0.5500              0.0936              1.5061              0.0092  
forward:               0.6000              0.0906              1.5967              0.0095  
forward:               0.6500              0.0876              1.6843              0.0098  
forward:               0.7000              0.0908              1.7751              0.0101  
forward:               0.7500              0.0844              1.8595              0.0104  
forward:               0.8000              0.0791              1.9386              0.0106  
forward:               0.8500              0.0781              2.0168              0.0109  
forward:               0.9000              0.0716              2.0884              0.0111  
forward:               0.9500              0.0749              2.1632              0.0114  
forward:               1.0000              0.0686              2.2318              0.0116  
backward:              1.0000              0.0000              2.2318              0.0000  
backward:              0.9500             -0.0679              2.1639              0.0029  
backward:              0.9000             -0.0692              2.0946              0.0039  
backward:              0.8500             -0.0744              2.0203              0.0048  
backward:              0.8000             -0.0813              1.9390              0.0056  
backward:              0.7500             -0.0783              1.8607              0.0065  
backward:              0.7000             -0.0823              1.7784              0.0071  
backward:              0.6500             -0.0866              1.6918              0.0077  
backward:              0.6000             -0.0843              1.6075              0.0082  
backward:              0.5500             -0.0908              1.5167              0.0088  
backward:              0.5000             -0.0958              1.4210              0.0094  
backward:              0.4500             -0.0985              1.3224              0.0099  
backward:              0.4000             -0.0999              1.2225              0.0103  
backward:              0.3500             -0.1096              1.1129              0.0109  
backward:              0.3000             -0.1138              0.9991              0.0115  
backward:              0.2500             -0.1289              0.8702              0.0120  
backward:              0.2000             -0.1322              0.7380              0.0126  
backward:              0.1500             -0.1456              0.5924              0.0132  
backward:              0.1000             -0.1593              0.4331              0.0137  
backward:              0.0500             -0.1849              0.2482              0.0146  
backward:              0.0000             -0.2285              0.0197              0.0157  
Inaccuracy estimation
======================================================================================================
                   i        i+δi          P0_overlap_P1   δε(forward)/ε   δε(backward)/ε
======================================================================================================
inaccuracy:  0.00000        0.05000           76.34           -0.00            0.20
inaccuracy:  0.05000        0.10000           78.32           -0.00            0.13
inaccuracy:  0.10000        0.15000           80.64           -0.00            0.10
inaccuracy:  0.15000        0.20000           82.05           -0.00            0.08
inaccuracy:  0.20000        0.25000           82.07           -0.00            0.07
inaccuracy:  0.25000        0.30000           83.26           -0.00            0.06
inaccuracy:  0.30000        0.35000           82.21           -0.00            0.06
inaccuracy:  0.35000        0.40000           83.20           -0.00            0.06
inaccuracy:  0.40000        0.45000           83.00           -0.00            0.06
inaccuracy:  0.45000        0.50000           83.37           -0.00            0.06
inaccuracy:  0.50000        0.55000           84.28           -0.00            0.06
inaccuracy:  0.55000        0.60000           83.95           -0.00            0.05
inaccuracy:  0.60000        0.65000           82.45           -0.00            0.06
inaccuracy:  0.65000        0.70000           82.81           -0.00            0.06
inaccuracy:  0.70000        0.75000           82.61           -0.00            0.05
inaccuracy:  0.75000        0.80000           82.93           -0.00            0.05
inaccuracy:  0.80000        0.85000           83.70           -0.00            0.05
inaccuracy:  0.85000        0.90000           83.85           -0.00            0.05
inaccuracy:  0.90000        0.95000           81.92           -0.00            0.05
inaccuracy:  0.95000        1.00000           82.86           -0.00            0.05
===================================================================================================================================
                BAR        
-----------------------------------------------------------------------------------------------------------------------------------
BAR-estimator:         λ             λ+δλ          ΔΔA             ΔA            C               Δδe            δe       
                          
-----------------------------------------------------------------------------------------------------------------------------------
BAR-estimator:      0.00000        0.05000        0.2360         0.2360         0.2360         0.0027         0.0027 
BAR-estimator:      0.05000        0.10000        0.1891         0.4251         0.1891         0.0022         0.0035 
BAR-estimator:      0.10000        0.15000        0.1631         0.5883         0.1631         0.0015         0.0038 
BAR-estimator:      0.15000        0.20000        0.1443         0.7326         0.1443         0.0021         0.0043 
BAR-estimator:      0.20000        0.25000        0.1301         0.8627         0.1301         0.0021         0.0048 
BAR-estimator:      0.25000        0.30000        0.1247         0.9875         0.1247         0.0021         0.0052 
BAR-estimator:      0.30000        0.35000        0.1126         1.1001         0.1126         0.0019         0.0056 
BAR-estimator:      0.35000        0.40000        0.1083         1.2084         0.1083         0.0019         0.0059 
BAR-estimator:      0.40000        0.45000        0.1006         1.3090         0.1006         0.0021         0.0062 
BAR-estimator:      0.45000        0.50000        0.1006         1.4096         0.1006         0.0019         0.0065 
BAR-estimator:      0.50000        0.55000        0.0951         1.5047         0.0951         0.0017         0.0067 
BAR-estimator:      0.55000        0.60000        0.0908         1.5954         0.0908         0.0019         0.0070 
BAR-estimator:      0.60000        0.65000        0.0854         1.6809         0.0854         0.0019         0.0072 
BAR-estimator:      0.65000        0.70000        0.0889         1.7698         0.0889         0.0018         0.0075 
BAR-estimator:      0.70000        0.75000        0.0828         1.8526         0.0828         0.0017         0.0076 
BAR-estimator:      0.75000        0.80000        0.0779         1.9306         0.0779         0.0018         0.0079 
BAR-estimator:      0.80000        0.85000        0.0789         2.0095         0.0789         0.0018         0.0081 
BAR-estimator:      0.85000        0.90000        0.0728         2.0823         0.0728         0.0018         0.0083 
BAR-estimator:      0.90000        0.95000        0.0722         2.1545         0.0722         0.0018         0.0084 
BAR-estimator:      0.95000        1.00000        0.0685         2.2230         0.0685         0.0018         0.0086 
BAR-estimator: total free energy change is 2.2229745503656675 , total error is 0.00862757650130648
