#========================================================================================
#                     Free energy perturbation    
#----------------------------------------------------------------------------------------
#forward/backward          λ              ΔΔA                 ΔA                  δε   
#                                                 
#----------------------------------------------------------------------------------------
forward:               0.0000              0.0000              0.0000              0.0000  
forward:               0.0500              1.0322              1.0322              0.0191  
forward:               0.1000              0.5387              1.5709              0.0235  
forward:               0.1500              0.2764              1.8473              0.0252  
forward:               0.2000              0.1542              2.0015              0.0260  
forward:               0.2500              0.0925              2.0940              0.0266  
forward:               0.3000              0.0527              2.1466              0.0270  
forward:               0.3500              0.0229              2.1695              0.0274  
forward:               0.4000             -0.0042              2.1654              0.0278  
forward:               0.4500             -0.0186              2.1468              0.0280  
forward:               0.5000             -0.0401              2.1067              0.0283  
forward:               0.5500             -0.1044              2.0024              0.0288  
forward:               0.6000             -0.2935              1.7089              0.0296  
forward:               0.6500             -0.4946              1.2143              0.0309  
forward:               0.7000             -0.6887              0.5256              0.0324  
forward:               0.7500             -0.7922             -0.2666              0.0330  
forward:               0.8000             -0.7879             -1.0545              0.0334  
forward:               0.8500             -0.7262             -1.7807              0.0337  
forward:               0.9000             -0.6816             -2.4623              0.0340  
forward:               0.9500             -0.6247             -3.0870              0.0342  
forward:               1.0000             -0.5872             -3.6742              0.0344  
backward:              1.0000              0.0000             -3.6742              0.0000  
backward:              0.9500              0.5827             -3.0915              0.0058  
backward:              0.9000              0.6217             -2.4698              0.0078  
backward:              0.8500              0.6866             -1.7833              0.0093  
backward:              0.8000              0.7252             -1.0581              0.0109  
backward:              0.7500              0.7757             -0.2825              0.0128  
backward:              0.7000              0.7806              0.4982              0.0141  
backward:              0.6500              0.6773              1.1755              0.0175  
backward:              0.6000              0.4861              1.6616              0.0205  
backward:              0.5500              0.2832              1.9448              0.0216  
backward:              0.5000              0.0930              2.0378              0.0226  
backward:              0.4500              0.0313              2.0691              0.0231  
backward:              0.4000              0.0191              2.0882              0.0235  
backward:              0.3500              0.0046              2.0928              0.0240  
backward:              0.3000             -0.0253              2.0675              0.0247  
backward:              0.2500             -0.0474              2.0201              0.0254  
backward:              0.2000             -0.0935              1.9266              0.0264  
backward:              0.1500             -0.1581              1.7685              0.0288  
backward:              0.1000             -0.3051              1.4634              0.0323  
backward:              0.0500             -0.5039              0.9595              0.0358  
backward:              0.0000             -0.9871             -0.0276              0.0418  
Inaccuracy estimation
======================================================================================================
                   i        i+δi          P0_overlap_P1   δε(forward)/ε   δε(backward)/ε
======================================================================================================
inaccuracy:  0.00000        0.05000           44.58           -0.03            0.95
inaccuracy:  0.05000        0.10000           55.43           -0.01            0.63
inaccuracy:  0.10000        0.15000           67.16           -0.01            0.29
inaccuracy:  0.15000        0.20000           70.00           -0.01            0.19
inaccuracy:  0.20000        0.25000           73.22           -0.01            0.14
inaccuracy:  0.25000        0.30000           74.49           -0.01            0.13
inaccuracy:  0.30000        0.35000           75.66           -0.01            0.11
inaccuracy:  0.35000        0.40000           76.44           -0.01            0.09
inaccuracy:  0.40000        0.45000           76.98           -0.01            0.09
inaccuracy:  0.45000        0.50000           78.19           -0.01            0.08
inaccuracy:  0.50000        0.55000           72.04           -0.06            0.12
inaccuracy:  0.55000        0.60000           70.30           -0.10            0.09
inaccuracy:  0.60000        0.65000           66.99           -0.10            0.08
inaccuracy:  0.65000        0.70000           66.71           -0.08            0.06
inaccuracy:  0.70000        0.75000           70.03           -0.06            0.05
inaccuracy:  0.75000        0.80000           71.74           -0.05            0.05
inaccuracy:  0.80000        0.85000           70.60           -0.06            0.06
inaccuracy:  0.85000        0.90000           70.23           -0.06            0.07
inaccuracy:  0.90000        0.95000           69.94           -0.04            0.08
inaccuracy:  0.95000        1.00000           69.46           -0.06            0.09
===================================================================================================================================
                BAR        
-----------------------------------------------------------------------------------------------------------------------------------
BAR-estimator:         λ             λ+δλ          ΔΔA             ΔA            C               Δδe            δe       
                          
-----------------------------------------------------------------------------------------------------------------------------------
BAR-estimator:      0.00000        0.05000        1.0314         1.0314         1.0314         0.0105         0.0105 
BAR-estimator:      0.05000        0.10000        0.5389         1.5703         0.5389         0.0071         0.0127 
BAR-estimator:      0.10000        0.15000        0.2830         1.8533         0.2830         0.0059         0.0140 
BAR-estimator:      0.15000        0.20000        0.1516         2.0049         0.1516         0.0045         0.0147 
BAR-estimator:      0.20000        0.25000        0.0937         2.0986         0.0937         0.0039         0.0152 
BAR-estimator:      0.25000        0.30000        0.0509         2.1495         0.0509         0.0033         0.0156 
BAR-estimator:      0.30000        0.35000        0.0243         2.1739         0.0243         0.0045         0.0162 
BAR-estimator:      0.35000        0.40000       -0.0033         2.1706        -0.0033         0.0037         0.0166 
BAR-estimator:      0.40000        0.45000       -0.0184         2.1522        -0.0184         0.0031         0.0169 
BAR-estimator:      0.45000        0.50000       -0.0374         2.1148        -0.0374         0.0029         0.0171 
BAR-estimator:      0.50000        0.55000       -0.0976         2.0172        -0.0976         0.0036         0.0175 
BAR-estimator:      0.55000        0.60000       -0.2864         1.7308        -0.2864         0.0036         0.0179 
BAR-estimator:      0.60000        0.65000       -0.4906         1.2402        -0.4906         0.0048         0.0185 
BAR-estimator:      0.65000        0.70000       -0.6852         0.5550        -0.6852         0.0057         0.0194 
BAR-estimator:      0.70000        0.75000       -0.7902        -0.2351        -0.7902         0.0044         0.0198 
BAR-estimator:      0.75000        0.80000       -0.7821        -1.0172        -0.7821         0.0037         0.0202 
BAR-estimator:      0.80000        0.85000       -0.7267        -1.7439        -0.7267         0.0036         0.0205 
BAR-estimator:      0.85000        0.90000       -0.6827        -2.4266        -0.6827         0.0034         0.0208 
BAR-estimator:      0.90000        0.95000       -0.6236        -3.0501        -0.6236         0.0034         0.0211 
BAR-estimator:      0.95000        1.00000       -0.5835        -3.6336        -0.5835         0.0038         0.0214 
BAR-estimator: total free energy change is -3.6336470023960175 , total error is 0.021394969860578938
