#========================================================================================
#                     Free energy perturbation    
#----------------------------------------------------------------------------------------
#forward/backward          λ              ΔΔA                 ΔA                  δε   
#                                                 
#----------------------------------------------------------------------------------------
forward:               0.0000              0.0000              0.0000              0.0000  
forward:               0.0500              1.0431              1.0431              0.0137  
forward:               0.1000              0.5493              1.5924              0.0171  
forward:               0.1500              0.2897              1.8822              0.0186  
forward:               0.2000              0.1483              2.0305              0.0195  
forward:               0.2500              0.0899              2.1204              0.0201  
forward:               0.3000              0.0526              2.1731              0.0208  
forward:               0.3500              0.0162              2.1893              0.0212  
forward:               0.4000             -0.0013              2.1880              0.0217  
forward:               0.4500             -0.0211              2.1669              0.0220  
forward:               0.5000             -0.0324              2.1345              0.0223  
forward:               0.5500             -0.1060              2.0285              0.0226  
forward:               0.6000             -0.2930              1.7355              0.0233  
forward:               0.6500             -0.5088              1.2267              0.0241  
forward:               0.7000             -0.6974              0.5293              0.0251  
forward:               0.7500             -0.7950             -0.2656              0.0257  
forward:               0.8000             -0.8103             -1.0759              0.0260  
forward:               0.8500             -0.7789             -1.8547              0.0263  
forward:               0.9000             -0.7397             -2.5944              0.0266  
forward:               0.9500             -0.7025             -3.2969              0.0269  
forward:               1.0000             -0.6802             -3.9771              0.0272  
backward:              1.0000              0.0000             -3.9771              0.0000  
backward:              0.9500              0.6728             -3.3043              0.0058  
backward:              0.9000              0.6976             -2.6068              0.0090  
backward:              0.8500              0.7298             -1.8769              0.0130  
backward:              0.8000              0.7795             -1.0974              0.0140  
backward:              0.7500              0.8162             -0.2812              0.0151  
backward:              0.7000              0.7880              0.5068              0.0161  
backward:              0.6500              0.6747              1.1815              0.0180  
backward:              0.6000              0.4892              1.6707              0.0199  
backward:              0.5500              0.3037              1.9744              0.0207  
backward:              0.5000              0.1193              2.0937              0.0214  
backward:              0.4500              0.0322              2.1259              0.0219  
backward:              0.4000              0.0180              2.1438              0.0223  
backward:              0.3500              0.0011              2.1449              0.0228  
backward:              0.3000             -0.0146              2.1304              0.0234  
backward:              0.2500             -0.0565              2.0738              0.0241  
backward:              0.2000             -0.1005              1.9734              0.0249  
backward:              0.1500             -0.1674              1.8059              0.0265  
backward:              0.1000             -0.2725              1.5334              0.0280  
backward:              0.0500             -0.5408              0.9927              0.0328  
backward:              0.0000             -1.0366             -0.0439              0.0342  
Inaccuracy estimation
======================================================================================================
                   i        i+δi          P0_overlap_P1   δε(forward)/ε   δε(backward)/ε
======================================================================================================
inaccuracy:  0.00000        0.05000           44.46           -0.03            0.92
inaccuracy:  0.05000        0.10000           55.88           -0.01            0.61
inaccuracy:  0.10000        0.15000           64.92           -0.01            0.32
inaccuracy:  0.15000        0.20000           71.93           -0.01            0.19
inaccuracy:  0.20000        0.25000           73.81           -0.01            0.14
inaccuracy:  0.25000        0.30000           74.42           -0.01            0.12
inaccuracy:  0.30000        0.35000           75.35           -0.01            0.10
inaccuracy:  0.35000        0.40000           75.84           -0.01            0.09
inaccuracy:  0.40000        0.45000           77.13           -0.01            0.09
inaccuracy:  0.45000        0.50000           77.25           -0.01            0.09
inaccuracy:  0.50000        0.55000           69.53           -0.07            0.12
inaccuracy:  0.55000        0.60000           68.64           -0.10            0.09
inaccuracy:  0.60000        0.65000           67.94           -0.11            0.08
inaccuracy:  0.65000        0.70000           67.85           -0.08            0.06
inaccuracy:  0.70000        0.75000           69.62           -0.08            0.05
inaccuracy:  0.75000        0.80000           69.43           -0.07            0.05
inaccuracy:  0.80000        0.85000           70.64           -0.06            0.06
inaccuracy:  0.85000        0.90000           69.36           -0.07            0.07
inaccuracy:  0.90000        0.95000           68.97           -0.06            0.08
inaccuracy:  0.95000        1.00000           68.64           -0.07            0.08
===================================================================================================================================
                BAR        
-----------------------------------------------------------------------------------------------------------------------------------
BAR-estimator:         λ             λ+δλ          ΔΔA             ΔA            C               Δδe            δe       
                          
-----------------------------------------------------------------------------------------------------------------------------------
BAR-estimator:      0.00000        0.05000        1.0416         1.0416         1.0416         0.0078         0.0078 
BAR-estimator:      0.05000        0.10000        0.5451         1.5868         0.5451         0.0068         0.0103 
BAR-estimator:      0.10000        0.15000        0.2837         1.8705         0.2837         0.0050         0.0115 
BAR-estimator:      0.15000        0.20000        0.1544         2.0249         0.1544         0.0040         0.0122 
BAR-estimator:      0.20000        0.25000        0.0933         2.1183         0.0933         0.0034         0.0126 
BAR-estimator:      0.25000        0.30000        0.0520         2.1702         0.0520         0.0037         0.0132 
BAR-estimator:      0.30000        0.35000        0.0142         2.1844         0.0142         0.0034         0.0136 
BAR-estimator:      0.35000        0.40000       -0.0030         2.1814        -0.0030         0.0033         0.0140 
BAR-estimator:      0.40000        0.45000       -0.0199         2.1615        -0.0199         0.0041         0.0146 
BAR-estimator:      0.45000        0.50000       -0.0320         2.1296        -0.0320         0.0026         0.0148 
BAR-estimator:      0.50000        0.55000       -0.1125         2.0171        -0.1125         0.0029         0.0151 
BAR-estimator:      0.55000        0.60000       -0.2998         1.7173        -0.2998         0.0031         0.0154 
BAR-estimator:      0.60000        0.65000       -0.5003         1.2170        -0.5003         0.0038         0.0159 
BAR-estimator:      0.65000        0.70000       -0.6888         0.5282        -0.6888         0.0042         0.0164 
BAR-estimator:      0.70000        0.75000       -0.7922        -0.2640        -0.7922         0.0039         0.0169 
BAR-estimator:      0.75000        0.80000       -0.8139        -1.0779        -0.8139         0.0032         0.0172 
BAR-estimator:      0.80000        0.85000       -0.7781        -1.8560        -0.7781         0.0032         0.0175 
BAR-estimator:      0.85000        0.90000       -0.7407        -2.5967        -0.7407         0.0032         0.0177 
BAR-estimator:      0.90000        0.95000       -0.7008        -3.2975        -0.7008         0.0035         0.0181 
BAR-estimator:      0.95000        1.00000       -0.6757        -3.9733        -0.6757         0.0033         0.0184 
BAR-estimator: total free energy change is -3.9732541112511437 , total error is 0.018386268658866504
