Charm++: standalone mode (not using charmrun)
Charm++> Running in Multicore mode: 12 threads (PEs)
Charm++> Using recursive bisection (scheme 3) for topology aware partitions
Converse/Charm++ Commit ID: 
CharmLB> Load balancer assumes all CPUs are same.
Charm++> Running on 1 hosts (2 sockets x 6 cores x 1 PUs = 12-way SMP)
Charm++> cpu topology info is gathered in 0.001 seconds.
Info: Built with CUDA version 11080
Pe 4 physical rank 4 will use CUDA device of pe 8
Did not find +devices i,j,k,... argument, using all
Pe 0 physical rank 0 will use CUDA device of pe 8
Pe 10 physical rank 10 will use CUDA device of pe 8
Pe 2 physical rank 2 will use CUDA device of pe 8
Pe 6 physical rank 6 will use CUDA device of pe 8
Pe 9 physical rank 9 will use CUDA device of pe 8
Pe 8 physical rank 8 binding to CUDA device 0 on k091: 'NVIDIA A100-PCIE-40GB'  Mem: 40626MB  Rev: 8.0  PCI: 0:cc:0
Pe 5 physical rank 5 will use CUDA device of pe 8
Pe 3 physical rank 3 will use CUDA device of pe 8
Pe 11 physical rank 11 will use CUDA device of pe 8
Pe 7 physical rank 7 will use CUDA device of pe 8
Pe 1 physical rank 1 will use CUDA device of pe 8
CharmLB> Load balancing instrumentation for communication is off.
Info: NAMD 3.0.1 for Linux-x86_64-multicore-CUDA
Info: 
Info: Please visit http://www.ks.uiuc.edu/Research/namd/
Info: for updates, documentation, and support information.
Info: 
Info: Please cite Phillips et al., J. Chem. Phys. 153:044130 (2020) doi:10.1063/5.0014475
Info: in all publications reporting results obtained with NAMD.
Info: 
Info: Based on Charm++/Converse 80000 for multicore-linux-x86_64-gcc
Info: Built Mon Oct 14 10:33:44 CDT 2024 by dhardy on athine.ks.uiuc.edu
Info: 1 NAMD  3.0.1  Linux-x86_64-multicore-CUDA  12    k091  z5382435
Info: Running on 12 processors, 1 nodes, 1 physical nodes.
Info: CPU topology information available.
Info: Charm++/Converse parallel runtime startup completed at 0.109818 s
CkLoopLib is used in SMP with simple dynamic scheduling (converse-level notification)
Info: 0 MB of memory in use based on /proc/self/stat
Info: Configuration file is prod.namd
Info: Working in the current directory /srv/scratch/z5382435/.temp/2.5/1723043/11
TCL: Running FEP window   1: Lambda1 0.55   Lambda2 0.6000000000000001 [dLambda 0.050000000000000044]
TCL: Suspending until startup complete.
Warning: The following variables were set in the
Warning: configuration file but will be ignored:
Warning:    switchdist (switching)
Warning: Option "1-4scaling" has been deprecated. Instead use "oneFourScaling".
Info: EXTENDED SYSTEM FILE   mobley_1723043_equil.xsc
Info: Tuning parameters to improve GPU-resident performance
Warning: Keeping margin at user-specified value 2
Warning: Performance might be improved by increasing margin size to >= 4
Warning: Disabling lonepair support due to incompatability with GPU-resident.
Info: Running with GPU-resident mode
Warning: Always using force tables for GPU nonbonded kernel due to unsupported config parameters.
Info: SIMULATION PARAMETERS:
Info: TIMESTEP               2
Info: NUMBER OF STEPS        0
Info: STEPS PER CYCLE        10
Info: PERIODIC CELL BASIS 1  30.8943 0 0
Info: PERIODIC CELL BASIS 2  0 31.2482 0
Info: PERIODIC CELL BASIS 3  0 0 31.5235
Info: PERIODIC CELL CENTER   0 0 0
Info: WRAPPING WATERS AROUND PERIODIC BOUNDARIES ON OUTPUT.
Info: WRAPPING ALL CLUSTERS AROUND PERIODIC BOUNDARIES ON OUTPUT.
Info: LOAD BALANCER  Centralized
Info: LOAD BALANCING STRATEGY  New Load Balancers -- DEFAULT
Info: LDB PERIOD             2000 steps
Info: FIRST LDB TIMESTEP     50
Info: LAST LDB TIMESTEP     -1
Info: LDB BACKGROUND SCALING 1
Info: HOM BACKGROUND SCALING 1
Info: PME BACKGROUND SCALING 1
Info: MIN ATOMS PER PATCH    40
Info: EMPTY PATCH LOAD       40 ATOMS
Info: VELOCITY FILE          mobley_1723043_equil.vel
Info: CENTER OF MASS MOVING INITIALLY? NO
Info: DIELECTRIC             1
Info: EXCLUDE                SCALED ONE-FOUR
Info: 1-4 ELECTROSTATICS SCALED BY 0.833333
Info: MODIFIED 1-4 VDW PARAMETERS WILL BE USED
Info: DCD FILENAME           mobley_1723043_prod.dcd
Info: DCD FREQUENCY          100000
Info: DCD FIRST STEP         100000
Info: DCD FILE WILL CONTAIN UNIT CELL DATA
Info: XST FILENAME           mobley_1723043_prod.xst
Info: XST FREQUENCY          100000
Info: NO VELOCITY DCD OUTPUT
Info: NO FORCE DCD OUTPUT
Info: OUTPUT FILENAME        mobley_1723043_prod
Info: BINARY OUTPUT FILES WILL BE USED
Info: RESTART FILENAME       mobley_1723043_prod.restart
Info: RESTART FREQUENCY      100000
Info: BINARY RESTART FILES WILL BE USED
Info: CUTOFF                 9
Info: PAIRLIST DISTANCE      11
Info: PAIRLIST SHRINK RATE   0.01
Info: PAIRLIST GROW RATE     0.01
Info: PAIRLIST TRIGGER       0.3
Info: PAIRLISTS PER CYCLE    2
Info: PAIRLISTS ENABLED
Info: MARGIN                 2
Info: HYDROGEN GROUP CUTOFF  2.5
Info: PATCH DIMENSION        15.5
Info: ENERGY OUTPUT STEPS    100000
Warning: The period of outputting energies relating to alchemical transformations (alchOutFreq = 50) is not a multiple of the period of computing energies (computeEnergies = 100000). If alchOutFreq is smaller than outputEnergies and computeEnergies is not defined, a better solution is to set computeEnergies explicitly and keep it the same as alchOutFreq. The simulation will use the greatest common divisor of computeEnergies and alchOutFreq as the period of energy evaluation.
Info: ENERGY EVALUATION STEPS    100000
Info: OUTPUT ENERGY PRECISION 4
Info: CROSSTERM ENERGY INCLUDED IN DIHEDRAL
Info: TIMING OUTPUT STEPS    1000000
Info: PRESSURE OUTPUT STEPS  100000
Info: ALCHEMICAL FEP ON
Info: FEP CURRENT LAMBDA VALUE     0.55
Info: FEP COMPARISON LAMBDA VALUE  0.6
Info: FEP INTRA-ALCHEMICAL NON-BONDED INTERACTIONS WILL BE RETAINED
Info: FEP INTRA-ALCHEMICAL BONDED INTERACTIONS WILL BE RETAINED
Info: FEP VDW SHIFTING COEFFICIENT 5
Info: FEP ELEC. ACTIVE FOR ANNIHILATED PARTICLES BETWEEN LAMBDA = 0 AND LAMBDA = 0.5
Info: FEP ELEC. ACTIVE FOR EXNIHILATED PARTICLES BETWEEN LAMBDA = 0.5 AND LAMBDA = 1
Info: FEP VDW ACTIVE FOR ANNIHILATED PARTICLES BETWEEN LAMBDA = 0 AND LAMBDA = 1
Info: FEP VDW ACTIVE FOR EXNIHILATED PARTICLES BETWEEN LAMBDA = 0 AND LAMBDA = 1
Info: FEP BOND ACTIVE FOR ANNIHILATED PARTICLES BETWEEN LAMBDA = 1 AND LAMBDA = 1
Info: FEP BOND ACTIVE FOR EXNIHILATED PARTICLES BETWEEN LAMBDA = 0 AND LAMBDA = 0
Info: LANGEVIN DYNAMICS ACTIVE
Info: LANGEVIN TEMPERATURE   300
Info: LANGEVIN USING BBK INTEGRATOR
Info: LANGEVIN DAMPING COEFFICIENT IS 1 INVERSE PS
Info: LANGEVIN DYNAMICS APPLIED TO HYDROGENS
Info: LANGEVIN PISTON PRESSURE CONTROL ACTIVE
Info:        TARGET PRESSURE IS 1.01325 BAR
Info:     OSCILLATION PERIOD IS 50 FS
Info:             DECAY TIME IS 25 FS
Info:     PISTON TEMPERATURE IS 300 K
Info:       PRESSURE CONTROL IS GROUP-BASED
Info:    INITIAL STRAIN RATE IS 2.58816e-05 2.58816e-05 2.58816e-05
Info:       CELL FLUCTUATION IS ISOTROPIC
Info: PARTICLE MESH EWALD (PME) ACTIVE
Info: PME TOLERANCE               1e-06
Info: PME EWALD COEFFICIENT       0.348832
Info: PME INTERPOLATION ORDER     4
Info: PME GRID DIMENSIONS         32 32 32
Info: PME MAXIMUM GRID SPACING    1
Info: PME CALCULATION WILL BE PERFORMED ON GPU
Info: FULL ELECTROSTATIC EVALUATION FREQUENCY      2
Info: USING VERLET I (r-RESPA) MTS SCHEME.
Info: C1 SPLITTING OF LONG RANGE ELECTROSTATICS
Info: PLACING ATOMS IN PATCHES BY HYDROGEN GROUPS
Info: RIGID BONDS TO HYDROGEN : ALL
Info:         ERROR TOLERANCE : 1e-08
Info:          MAX ITERATIONS : 100
Info: RIGID WATER USING SETTLE ALGORITHM
Info: RANDOM NUMBER SEED     1742781496
Info: USE HYDROGEN BONDS?    NO
Info: Using AMBER format force field!
Info: AMBER PARM FILE        mobley_1723043.prmtop
Info: COORDINATE PDB         mobley_1723043.pdb
Info: Exclusions will be read from PARM file!
Info: SCNB (VDW SCALING)     2
Info: USING ARITHMETIC MEAN TO COMBINE L-J SIGMA PARAMETERS
Info: BINARY COORDINATES     mobley_1723043_equil.coor
Info: === Start reading AMBER parm7 format file mobley_1723043.prmtop ===
Info: Complete reading ATOM_NAME with 2964 fields.
Info: Complete reading CHARGE with 2964 fields.
Info: Complete reading ATOMIC_NUMBER with 2964 fields.
Info: Complete reading MASS with 2964 fields.
Info: Complete reading ATOM_TYPE_INDEX with 2964 fields.
Info: Complete reading NUMBER_EXCLUDED_ATOMS with 2964 fields.
Info: Complete reading NONBONDED_PARM_INDEX with 16 fields.
Info: Complete reading RESIDUE_LABEL with 985 fields.
Info: Complete reading RESIDUE_POINTER with 985 fields.
Info: Complete reading BOND_FORCE_CONSTANT with 4 fields.
Info: Complete reading BOND_EQUIL_VALUE with 4 fields.
Info: Complete reading ANGLE_FORCE_CONSTANT with 3 fields.
Info: Complete reading ANGLE_EQUIL_VALUE with 3 fields.
Info: Complete reading DIHEDRAL_FORCE_CONSTANT with 1 fields.
Info: Complete reading DIHEDRAL_PERIODICITY with 1 fields.
Info: Complete reading DIHEDRAL_PHASE with 1 fields.
Info: Complete reading SCEE_SCALE_FACTOR with 1 fields.
Info: Complete reading SCNB_SCALE_FACTOR with 1 fields.
Info: Complete reading LENNARD_JONES_ACOEF with 10 fields.
Info: Complete reading LENNARD_JONES_BCOEF with 10 fields.
Info: Complete reading BONDS_INC_HYDROGEN with 8856 fields.
Info: Complete reading BONDS_WITHOUT_HYDROGEN with 36 fields.
Info: Complete reading ANGLES_INC_HYDROGEN with 0 fields.
Info: Complete reading ANGLES_WITHOUT_HYDROGEN with 96 fields.
Info: Complete reading DIHEDRALS_INC_HYDROGEN with 0 fields.
Info: Complete reading DIHEDRALS_WITHOUT_HYDROGEN with 180 fields.
Info: Complete reading EXCLUDED_ATOMS_LIST with 3995 fields.
Info: Complete reading HBOND_ACOEF with 0 fields.
Info: Complete reading HBOND_BCOEF with 0 fields.
Info: Complete reading AMBER_ATOM_TYPE with 2964 fields.
Info: Complete reading TREE_CHAIN_CLASSIFICATION with 2964 fields.
Info: Complete reading ATOMS_PER_MOLECULE with 985 fields.
Info: Complete reading BOX_DIMENSIONS with 4 fields.
Info: Complete reading RADIUS_SET with 1 fields.
Info: Complete reading RADII with 2964 fields.
Info: Complete reading SCREEN with 2964 fields.
Info: === Finish reading AMBER parm7 format file. ===
Warning: Found 984 H-H bonds.
Info: SUMMARY OF PARAMETERS:
Info: 4 BONDS
Info: 3 ANGLES
Info:   3 HARMONIC
Info:   0 COSINE-BASED
Info: 1 DIHEDRAL
Info: 0 IMPROPER
Info: 0 CROSSTERM
Info: 0 VDW
Info: 10 VDW_PAIRS
Info: 0 NBTHOLE_PAIRS
Info: Reading pdb file mobley_1723043.pdb
Info: TIME FOR READING PDB FILE: 0.0348336
Info: 
Info: To read alchdata from file: mobley_1723043.pdb
Info: To read alchflag data from column: 5
Info: ****************************
Info: STRUCTURE SUMMARY:
Info: 2964 ATOMS
Info: 2964 BONDS
Info: 24 ANGLES
Info: 36 DIHEDRALS
Info: 0 IMPROPERS
Info: 0 CROSSTERMS
Info: 3010 EXCLUSIONS
Info: 2952 RIGID BONDS
Info: ALCH: 0 ATOMS TO DISAPPEAR IN FINAL STATE
Info: ALCH: 12 ATOMS TO APPEAR IN FINAL STATE
Info: 5940 DEGREES OF FREEDOM
Info: 996 HYDROGEN GROUPS
Info: 3 ATOMS IN LARGEST HYDROGEN GROUP
Info: 996 MIGRATION GROUPS
Info: 3 ATOMS IN LARGEST MIGRATION GROUP
Info: TOTAL MASS = 17927.8 amu
Info: TOTAL CHARGE = 0 e
Info: MASS DENSITY = 0.978244 g/cm^3
Info: ATOM DENSITY = 0.0973956 atoms/A^3
Info: *****************************
Info: Reading from binary file mobley_1723043_equil.coor
Info: 
Info: Entering startup at 0.758207 s, 0 MB of memory in use
Info: Startup phase 0 took 8.3187e-05 s, 0 MB of memory in use
Info: ADDED 0 IMPLICIT EXCLUSIONS
Info: Startup phase 1 took 0.00108912 s, 0 MB of memory in use
Info: NONBONDED TABLE R-SQUARED SPACING: 0.0625
Info: NONBONDED TABLE SIZE: 705 POINTS
Info: INCONSISTENCY IN FAST TABLE ENERGY VS FORCE: 0.000290481 AT 0.251946
Info: INCONSISTENCY IN SCOR TABLE ENERGY VS FORCE: 0.000238233 AT 8.9687
Info: ABSOLUTE IMPRECISION IN VDWA TABLE ENERGY: 1.21169e-27 AT 8.99653
Info: ABSOLUTE IMPRECISION IN VDWA TABLE FORCE: 2.57484e-27 AT 8.99653
Info: INCONSISTENCY IN VDWA TABLE ENERGY VS FORCE: 0.0040507 AT 0.251946
Info: INCONSISTENCY IN VDWB TABLE ENERGY VS FORCE: 0.00150189 AT 0.251946
Info: Startup phase 2 took 0.000232774 s, 0 MB of memory in use
Info: Startup phase 3 took 6.1946e-05 s, 0 MB of memory in use
Info: Startup phase 4 took 9.8165e-05 s, 0 MB of memory in use
Info: Startup phase 5 took 7.3777e-05 s, 0 MB of memory in use
Info: PATCH GRID IS 3 (PERIODIC) BY 2 (PERIODIC) BY 2 (PERIODIC)
Info: PATCH GRID IS 2-AWAY BY 1-AWAY BY 1-AWAY
Info: Reading from binary file mobley_1723043_equil.vel
Info: REMOVING COM VELOCITY 0.0906146 0.0968967 0.0321655
Info: LARGEST PATCH (1) HAS 267 ATOMS
Info: TORUS A SIZE 1 USING 0
Info: TORUS B SIZE 1 USING 0
Info: TORUS C SIZE 1 USING 0
Info: TORUS MINIMAL MESH SIZE IS 1 BY 1 BY 1
Info: Placed 100% of base nodes on same physical node as patch
Info: Startup phase 6 took 0.00481031 s, 0 MB of memory in use
Info: Use 3D box decompostion in PME FFT.
Info: PME using 1 x 1 x 1 pencil grid for FFT and reciprocal sum.
Info: Startup phase 7 took 0.000142782 s, 0 MB of memory in use
Info: Updated CUDA force table with 4096 elements.
Info: Updated CUDA LJ table with 4 x 4 elements.
Info: Startup phase 8 took 0.00083638 s, 0 MB of memory in use
Info: Startup phase 9 took 7.7663e-05 s, 0 MB of memory in use
Info: Startup phase 10 took 6.2599e-05 s, 0 MB of memory in use
Info: Startup phase 11 took 0.00174311 s, 0 MB of memory in use
LDB: Central LB being created...
Info: Startup phase 12 took 0.00487296 s, 0 MB of memory in use
Info: CREATING 456 COMPUTE OBJECTS
Info: Found 15 unique exclusion lists needing 28 bytes
Info: useSync: 0 useProxySync: 0
Info: Startup phase 13 took 0.0132484 s, 0 MB of memory in use
Info: Startup phase 14 took 7.6646e-05 s, 0 MB of memory in use
Info: Startup phase 15 took 6.1043e-05 s, 0 MB of memory in use
Info: Finished startup at 0.785778 s, 0 MB of memory in use

TCL: Running for 1500000 steps
FEP: RESETTING FOR NEW FEP WINDOW LAMBDA SET TO 0.55 LAMBDA2 0.6
FEP: WINDOW TO HAVE 100000 STEPS OF EQUILIBRATION PRIOR TO FEP DATA COLLECTION.
FEP: USING CONSTANT TEMPERATURE OF 300 K FOR FEP CALCULATION
PRESSURE: 0 -1.99049 508.98 -389.516 508.98 -589.468 -8.93197 -389.514 -8.93657 215.015
GPRESSURE: 0 149.099 91.1816 -403.463 608.235 -664.371 95.007 -564.345 110.732 392.386
ETITLE:      TS           BOND          ANGLE          DIHED          IMPRP               ELECT            VDW       BOUNDARY           MISC        KINETIC               TOTAL           TEMP      POTENTIAL       TOTALAVG        TEMPAVG            PRESSURE      GPRESSURE         VOLUME       PRESSAVG      GPRESSAVG
FEPTITLE:    TS          BOND2         ELECT2           VDW2

ENERGY:       0         2.7380         4.4692         6.0633         0.0000         -10913.8235      1488.9579         0.0000         0.0000      1744.7572          -7666.8379       295.6235     -9411.5951     -7666.8379       295.6235           -125.4811       -40.9617     30432.5797      -125.4811       -40.9617
FEP:          0        13.2705    -10913.8660      1488.3779

OPENING FEP ENERGY OUTPUT FILE
OPENING EXTENDED SYSTEM TRAJECTORY FILE
Info: Initial time: 12 CPUs 0.000947009 s/step 182.469 ns/day 0 MB memory
Info: Initial time: 12 CPUs 0.000695613 s/step 248.414 ns/day 0 MB memory
Info: Initial time: 12 CPUs 0.000712068 s/step 242.673 ns/day 0 MB memory
Info: Benchmark time: 12 CPUs 0.000698418 s/step 247.416 ns/day 0 MB memory
Info: Benchmark time: 12 CPUs 0.000527392 s/step 327.65 ns/day 0 MB memory
Info: Benchmark time: 12 CPUs 0.000393695 s/step 438.918 ns/day 0 MB memory
Info: Benchmark time: 12 CPUs 0.000405836 s/step 425.787 ns/day 0 MB memory
Info: Benchmark time: 12 CPUs 0.000392477 s/step 440.281 ns/day 0 MB memory
Info: Benchmark time: 12 CPUs 0.000425655 s/step 405.963 ns/day 0 MB memory
PRESSURE: 100000 543.125 258.629 61.9379 258.626 -65.0564 707.593 61.9355 707.59 1254.99
GPRESSURE: 100000 470.97 186.308 236.391 175.384 117.671 759.824 -295.42 703.986 1168.84
PRESSAVG: 100000 270.567 383.803 -163.789 383.803 -327.262 349.327 -163.789 349.327 735.004
GPRESSAVG: 100000 310.035 138.745 -83.5357 391.809 -273.35 427.415 -429.882 407.359 780.612
ENERGY:  100000         4.4662         5.7320         4.8857         0.0000         -10874.8384      1535.0877         0.0000         0.0000      1799.0732          -7525.5936       304.8265     -9324.6668     -7596.2158       300.2250            577.6873       585.8262     30426.6212       226.1031       272.4322
FEP:     100000        15.0839    -10874.9111      1535.1990

WRITING EXTENDED SYSTEM TO RESTART FILE AT STEP 100000
OPENING COORDINATE DCD FILE
WRITING COORDINATES TO DCD FILE mobley_1723043_prod.dcd AT STEP 100000
WRITING COORDINATES TO RESTART FILE AT STEP 100000
FINISHED WRITING RESTART COORDINATES
The last position output (seq=100000) takes 0.011 seconds, 0.000 MB of memory in use
WRITING VELOCITIES TO RESTART FILE AT STEP 100000
FINISHED WRITING RESTART VELOCITIES
The last velocity output (seq=100000) takes 0.007 seconds, 0.000 MB of memory in use
PRESSURE: 200000 650.21 -276.088 110.851 -276.091 1180.76 -218.968 110.856 -218.971 851.293
GPRESSURE: 200000 850.891 -370.484 -29.9945 -418.432 1232.96 -134.917 -43.6477 -155.189 879.396
PRESSAVG: 200000 397.115 163.838 -72.2409 163.838 175.414 159.894 -72.2409 159.894 773.767
GPRESSAVG: 200000 490.32 -30.9984 -65.6886 121.729 228.754 239.971 -301.138 219.843 813.54
ENERGY:  200000         5.0512         4.4456         6.7876         0.0000         -10846.3751      1543.1097         0.0000         0.0000      1773.9062          -7513.0749       300.5624     -9286.9811     -7568.5021       300.3375            894.0892       987.7498     29897.4411       448.7651       510.8714
FEP:     200000        16.2844    -10846.1526      1542.6539

WRITING EXTENDED SYSTEM TO RESTART FILE AT STEP 200000
WRITING COORDINATES TO DCD FILE mobley_1723043_prod.dcd AT STEP 200000
WRITING COORDINATES TO RESTART FILE AT STEP 200000
FINISHED WRITING RESTART COORDINATES
The last position output (seq=200000) takes 0.013 seconds, 0.000 MB of memory in use
WRITING VELOCITIES TO RESTART FILE AT STEP 200000
FINISHED WRITING RESTART VELOCITIES
The last velocity output (seq=200000) takes 0.013 seconds, 0.000 MB of memory in use
PRESSURE: 300000 -711.142 -9.2299 27.2355 -9.22261 -275.306 270.322 27.2366 270.324 -1639.17
GPRESSURE: 300000 -647.806 -99.492 -188.582 -21.7899 7.60129 159.485 385.482 3.21353 -1545.2
PRESSAVG: 300000 120.051 120.573 -47.3715 120.573 62.7336 187.502 -47.3715 187.502 170.532
GPRESSAVG: 300000 205.789 -48.1218 -96.4119 85.8492 173.466 219.85 -129.483 165.686 223.855
ENERGY:  300000         6.5254         6.9242         7.8611         0.0000         -10589.4170      1360.3574         0.0000         0.0000      1780.5741          -7427.1750       301.6921     -9207.7491     -7533.1703       300.6761           -875.2067      -728.4680     31025.1848       117.7722       201.0366
FEP:     300000        21.3106    -10589.4804      1360.8884

WRITING EXTENDED SYSTEM TO RESTART FILE AT STEP 300000
WRITING COORDINATES TO DCD FILE mobley_1723043_prod.dcd AT STEP 300000
WRITING COORDINATES TO RESTART FILE AT STEP 300000
FINISHED WRITING RESTART COORDINATES
The last position output (seq=300000) takes 0.019 seconds, 0.000 MB of memory in use
WRITING VELOCITIES TO RESTART FILE AT STEP 300000
FINISHED WRITING RESTART VELOCITIES
The last velocity output (seq=300000) takes 0.018 seconds, 0.000 MB of memory in use
PRESSURE: 400000 14.0495 41.2109 -475.882 41.2151 56.0412 -102.609 -475.881 -102.611 -758.626
GPRESSURE: 400000 118.276 -69.7965 -552.624 -176.003 18.144 -359.732 -449.126 -68.8224 -739.152
PRESSAVG: 400000 98.8504 104.701 -133.073 104.701 61.3951 129.479 -133.073 129.479 -15.2994
GPRESSAVG: 400000 188.286 -52.4567 -187.654 33.4787 142.402 103.933 -193.411 118.784 31.2538
ENERGY:  400000         3.8912         5.4039         4.5009         0.0000         -10634.9066      1412.9046         0.0000         0.0000      1701.4788          -7506.7271       288.2906     -9208.2059     -7527.8817       298.1990           -229.5119      -200.9106     30599.3934        48.3154       120.6471
FEP:     400000        13.7960    -10634.6569      1412.7387

WRITING EXTENDED SYSTEM TO RESTART FILE AT STEP 400000
WRITING COORDINATES TO DCD FILE mobley_1723043_prod.dcd AT STEP 400000
WRITING COORDINATES TO RESTART FILE AT STEP 400000
FINISHED WRITING RESTART COORDINATES
The last position output (seq=400000) takes 0.018 seconds, 0.000 MB of memory in use
WRITING VELOCITIES TO RESTART FILE AT STEP 400000
FINISHED WRITING RESTART VELOCITIES
The last velocity output (seq=400000) takes 0.017 seconds, 0.000 MB of memory in use
PRESSURE: 500000 303.863 -297.235 -403.802 -297.238 -603.573 -160.698 -403.807 -160.696 -137.584
GPRESSURE: 500000 427.038 -107.719 -310.373 -372.431 -416.14 -246.292 -371.783 67.3042 -197.557
PRESSAVG: 500000 133.019 37.7116 -178.196 37.7116 -49.4329 81.1168 -178.196 81.1168 -35.6802
GPRESSAVG: 500000 228.078 -61.6671 -208.107 -34.1729 49.3114 45.5625 -223.14 110.204 -6.88142
ENERGY:  500000         1.4166         3.9005         6.2697         0.0000         -10759.6381      1443.2246         0.0000         0.0000      1805.2839          -7499.5428       305.8788     -9304.8267     -7523.1586       299.4790           -145.7649       -62.2197     30353.2463        15.9687        90.1693
FEP:     500000        11.5868    -10759.7430      1443.0613

WRITING EXTENDED SYSTEM TO RESTART FILE AT STEP 500000
WRITING COORDINATES TO DCD FILE mobley_1723043_prod.dcd AT STEP 500000
WRITING COORDINATES TO RESTART FILE AT STEP 500000
FINISHED WRITING RESTART COORDINATES
The last position output (seq=500000) takes 0.021 seconds, 0.000 MB of memory in use
WRITING VELOCITIES TO RESTART FILE AT STEP 500000
FINISHED WRITING RESTART VELOCITIES
The last velocity output (seq=500000) takes 0.021 seconds, 0.000 MB of memory in use
PRESSURE: 600000 1045.17 -410.485 -524.197 -410.488 1747.86 350.779 -524.2 350.782 244.646
GPRESSURE: 600000 1036.21 -229.763 -306.514 -699.713 1851.63 284.185 -239.644 465.03 244.882
PRESSAVG: 600000 263.327 -26.3169 -227.625 -26.3169 207.323 119.64 -227.625 119.64 4.36635
GPRESSAVG: 600000 343.526 -85.6809 -222.166 -129.25 306.786 79.6514 -225.498 160.894 29.0847
ENERGY:  600000         1.8620         6.9155         5.5553         0.0000         -10828.6872      1564.4033         0.0000         0.0000      1709.3375          -7540.6136       289.6221     -9249.9511     -7525.6521       298.0709           1012.5593      1044.2422     30176.2401       158.3387       226.4655
FEP:     600000        14.3328    -10828.8521      1564.6408

WRITING EXTENDED SYSTEM TO RESTART FILE AT STEP 600000
WRITING COORDINATES TO DCD FILE mobley_1723043_prod.dcd AT STEP 600000
WRITING COORDINATES TO RESTART FILE AT STEP 600000
FINISHED WRITING RESTART COORDINATES
The last position output (seq=600000) takes 0.016 seconds, 0.000 MB of memory in use
WRITING VELOCITIES TO RESTART FILE AT STEP 600000
FINISHED WRITING RESTART VELOCITIES
PRESSURE: 700000 -319.463 279.43 785.272 279.43 879.182 -327.951 785.269 -327.952 -276.036
GPRESSURE: 700000 -217.962 457.937 750.521 158.681 1018.35 -40.5575 756.623 -325.384 -361.38
PRESSAVG: 700000 190.478 11.9015 -101.013 11.9015 291.305 63.6913 -101.013 63.6913 -30.684
GPRESSAVG: 700000 273.34 -17.7287 -100.58 -93.2587 395.731 64.6252 -102.733 100.109 -19.7233
ENERGY:  700000         4.6736         5.3523         5.2568         0.0000         -10730.9970      1451.0449         0.0000         0.0000      1738.3447          -7526.3247       294.5370     -9264.6694     -7525.7362       297.6291             94.5609       146.3362     30203.0713       150.3665       216.4493
FEP:     700000        15.2827    -10730.8100      1450.7562

WRITING EXTENDED SYSTEM TO RESTART FILE AT STEP 700000
WRITING COORDINATES TO DCD FILE mobley_1723043_prod.dcd AT STEP 700000
WRITING COORDINATES TO RESTART FILE AT STEP 700000
FINISHED WRITING RESTART COORDINATES
The last position output (seq=700000) takes 0.018 seconds, 0.000 MB of memory in use
WRITING VELOCITIES TO RESTART FILE AT STEP 700000
FINISHED WRITING RESTART VELOCITIES
PRESSURE: 800000 938.851 418.488 7.96564 418.484 207.978 125.377 7.96221 125.378 218.897
GPRESSURE: 800000 909.095 162.489 -54.9348 569.658 473.842 244.612 338.795 287.115 302.706
PRESSAVG: 800000 273.631 57.0774 -88.9047 57.0774 282.047 70.5454 -88.9047 70.5454 -2.95275
GPRESSAVG: 800000 343.979 2.29556 -95.5081 -19.6013 404.41 84.6238 -53.674 120.887 16.1021
ENERGY:  800000         5.4513         4.9561         5.0582         0.0000         -10808.5482      1521.2848         0.0000         0.0000      1742.8617          -7528.9362       295.3023     -9271.7979     -7526.0918       297.3706            455.2420       561.8809     30651.6202       184.2416       254.8306
FEP:     800000        15.4656    -10808.7668      1521.4236

WRITING EXTENDED SYSTEM TO RESTART FILE AT STEP 800000
WRITING COORDINATES TO DCD FILE mobley_1723043_prod.dcd AT STEP 800000
WRITING COORDINATES TO RESTART FILE AT STEP 800000
FINISHED WRITING RESTART COORDINATES
The last position output (seq=800000) takes 0.023 seconds, 0.000 MB of memory in use
WRITING VELOCITIES TO RESTART FILE AT STEP 800000
FINISHED WRITING RESTART VELOCITIES
PRESSURE: 900000 -406.023 366.963 89.3524 366.962 377.8 -269.203 89.3546 -269.204 225.365
GPRESSURE: 900000 -302.414 353.768 234.156 71.3976 352.37 -350.138 -302.492 -445.411 232.276
PRESSAVG: 900000 205.665 88.0659 -71.0788 88.0659 291.622 36.5705 -71.0788 36.5705 19.8791
GPRESSAVG: 900000 279.34 37.4428 -62.5417 -10.5014 399.206 41.1476 -78.5557 64.2574 37.7195
ENERGY:  900000         6.3512         7.0295         5.4838         0.0000         -10811.9600      1475.3921         0.0000         0.0000      1777.8038          -7539.8996       301.2228     -9317.7034     -7527.4725       297.7558             65.7142        94.0772     30396.2446       172.3888       238.7553
FEP:     900000        18.8646    -10812.2137      1476.1675

WRITING EXTENDED SYSTEM TO RESTART FILE AT STEP 900000
WRITING COORDINATES TO DCD FILE mobley_1723043_prod.dcd AT STEP 900000
WRITING COORDINATES TO RESTART FILE AT STEP 900000
FINISHED WRITING RESTART COORDINATES
The last position output (seq=900000) takes 0.019 seconds, 0.000 MB of memory in use
WRITING VELOCITIES TO RESTART FILE AT STEP 900000
FINISHED WRITING RESTART VELOCITIES
PRESSURE: 1000000 -639.904 457.295 -269.827 457.297 55.9637 -248.678 -269.828 -248.68 1450.13
GPRESSURE: 1000000 -499.585 381.005 -154.572 309.647 -11.2445 -175.411 -398.545 -398.961 1543.75
PRESSAVG: 1000000 128.795 121.632 -89.1469 121.632 270.199 10.6386 -89.1469 10.6386 149.901
GPRESSAVG: 1000000 208.529 68.6758 -70.9081 18.603 361.893 21.4604 -107.646 22.1466 174.631
TIMING: 1000000  CPU: 398.266, 0.000397595/step  Wall: 399.695, 0.000399669/step, 432.357 ns/days, 0.0555096 hours remaining, 0.000000 MB of memory in use.
PERFORMANCE: 1000000  averaging 432.357 ns/day, 0.000399669 sec/step with standard deviation 0
ETITLE:      TS           BOND          ANGLE          DIHED          IMPRP               ELECT            VDW       BOUNDARY           MISC        KINETIC               TOTAL           TEMP      POTENTIAL       TOTALAVG        TEMPAVG            PRESSURE      GPRESSURE         VOLUME       PRESSAVG      GPRESSAVG
FEPTITLE:    TS          BOND2         ELECT2           VDW2

ENERGY: 1000000         6.3102         5.3950         6.3602         0.0000         -10697.6523      1452.4456         0.0000         0.0000      1759.9462          -7467.1950       298.1970     -9227.1413     -7521.9928       297.7959            288.7284       344.3057     30122.0718       182.9652       248.3507
FEP:    1000000        18.0654    -10697.6880      1452.8141

WRITING EXTENDED SYSTEM TO RESTART FILE AT STEP 1000000
WRITING COORDINATES TO DCD FILE mobley_1723043_prod.dcd AT STEP 1000000
WRITING COORDINATES TO RESTART FILE AT STEP 1000000
FINISHED WRITING RESTART COORDINATES
The last position output (seq=1000000) takes 0.029 seconds, 0.000 MB of memory in use
WRITING VELOCITIES TO RESTART FILE AT STEP 1000000
FINISHED WRITING RESTART VELOCITIES
PRESSURE: 1100000 -92.739 950.898 190.304 950.902 -222.586 -208.048 190.302 -208.05 -719.032
GPRESSURE: 1100000 -115.062 934.358 442.433 758.148 -155.928 -20.0366 87.5545 -222.176 -664.249
PRESSAVG: 1100000 110.334 190.738 -65.8595 190.738 229.133 -7.58544 -65.8595 -7.58544 77.4903
GPRESSAVG: 1100000 181.563 140.816 -28.1297 80.2317 318.741 18.0023 -91.379 1.78637 104.724
ENERGY: 1100000         8.3472         7.7018         5.8648         0.0000         -10720.4455      1424.4751         0.0000         0.0000      1739.8529          -7534.2038       294.7925     -9274.0566     -7523.0103       297.5456           -344.7858      -311.7462     30318.7322       138.9859       201.6760
FEP:    1100000        21.9137    -10720.6653      1424.2485

WRITING EXTENDED SYSTEM TO RESTART FILE AT STEP 1100000
WRITING COORDINATES TO DCD FILE mobley_1723043_prod.dcd AT STEP 1100000
WRITING COORDINATES TO RESTART FILE AT STEP 1100000
FINISHED WRITING RESTART COORDINATES
WRITING VELOCITIES TO RESTART FILE AT STEP 1100000
FINISHED WRITING RESTART VELOCITIES
PRESSURE: 1200000 -562.723 303.022 -202.985 303.019 -120.609 -13.3041 -202.983 -13.3015 39.8636
GPRESSURE: 1200000 -361.784 365.591 -280.887 202.971 -228.055 -194.919 -35.9393 88.7974 66.319
PRESSAVG: 1200000 58.5606 199.375 -76.4075 199.375 202.23 -8.02513 -76.4075 -8.02513 74.596
GPRESSAVG: 1200000 139.767 158.106 -47.5725 89.6732 276.68 1.62379 -87.1144 8.47952 101.77
ENERGY: 1200000         2.9137         8.3234         6.8707         0.0000         -10728.9409      1438.4640         0.0000         0.0000      1744.9563          -7527.4129       295.6572     -9272.3692     -7523.3490       297.4004           -214.4894      -174.5066     30536.8380       111.7955       172.7389
FEP:    1200000        18.1078    -10729.0144      1438.8708

WRITING EXTENDED SYSTEM TO RESTART FILE AT STEP 1200000
WRITING COORDINATES TO DCD FILE mobley_1723043_prod.dcd AT STEP 1200000
WRITING COORDINATES TO RESTART FILE AT STEP 1200000
FINISHED WRITING RESTART COORDINATES
WRITING VELOCITIES TO RESTART FILE AT STEP 1200000
FINISHED WRITING RESTART VELOCITIES
PRESSURE: 1300000 741.488 -31.7451 -45.1211 -31.7502 95.9258 25.2773 -45.1194 25.2702 288.774
GPRESSURE: 1300000 884.781 -121.114 -228.179 -29.3633 253.615 17.251 -184.831 79.0581 280.933
PRESSAVG: 1300000 107.341 182.866 -74.1726 182.866 194.637 -5.6469 -74.1726 -5.6469 89.8944
GPRESSAVG: 1300000 192.982 138.162 -60.473 81.1706 275.032 2.74001 -94.0942 13.5208 114.567
ENERGY: 1300000         2.0899        12.3463         4.3562         0.0000         -10819.1316      1512.6499         0.0000         0.0000      1745.3316          -7542.3577       295.7208     -9287.6892     -7524.7068       297.2804            375.3959       473.1097     30454.0017       130.6241       194.1939
FEP:    1300000        18.7924    -10819.1849      1512.8901

WRITING EXTENDED SYSTEM TO RESTART FILE AT STEP 1300000
WRITING COORDINATES TO DCD FILE mobley_1723043_prod.dcd AT STEP 1300000
WRITING COORDINATES TO RESTART FILE AT STEP 1300000
FINISHED WRITING RESTART COORDINATES
WRITING VELOCITIES TO RESTART FILE AT STEP 1300000
FINISHED WRITING RESTART VELOCITIES
PRESSURE: 1400000 -840.17 -330.367 -479.778 -330.367 -118.972 -299.926 -479.777 -299.928 -1231.73
GPRESSURE: 1400000 -934.242 -354.629 -397.392 -428.471 1.53294 -224.574 -419.813 -84.7416 -1026.91
PRESSAVG: 1400000 44.1737 148.651 -101.213 148.651 173.73 -25.2656 -101.213 -25.2656 1.78596
GPRESSAVG: 1400000 117.834 105.309 -82.9343 47.1945 256.799 -12.4143 -115.809 6.97002 38.4687
ENERGY: 1400000         3.3573         6.3270         5.5485         0.0000         -10532.4684      1332.5847         0.0000         0.0000      1783.7374          -7400.9135       302.2281     -9184.6509     -7516.4539       297.6103           -730.2912      -653.2074     30573.9177        73.2297       137.7005
FEP:    1400000        15.2328    -10532.4558      1332.0707

WRITING EXTENDED SYSTEM TO RESTART FILE AT STEP 1400000
WRITING COORDINATES TO DCD FILE mobley_1723043_prod.dcd AT STEP 1400000
WRITING COORDINATES TO RESTART FILE AT STEP 1400000
FINISHED WRITING RESTART COORDINATES
WRITING VELOCITIES TO RESTART FILE AT STEP 1400000
FINISHED WRITING RESTART VELOCITIES
PRESSURE: 1500000 -384.495 -60.7485 786.272 -60.7485 -1049.4 102.981 786.271 102.978 -707.779
GPRESSURE: 1500000 -482.541 226.588 909.81 -188.599 -1051.21 52.4582 621.894 -196.855 -524.647
PRESSAVG: 1500000 17.3819 135.563 -45.7452 135.563 97.2842 -17.2504 -45.7452 -17.2504 -42.5618
GPRESSAVG: 1500000 80.3104 112.889 -20.8878 32.4575 175.049 -8.35972 -69.7024 -5.76908 3.27399
ENERGY: 1500000         2.7259         5.0186         8.7872         0.0000         -10582.7852      1350.8330         0.0000         0.0000      1757.8506          -7457.5699       297.8420     -9215.4206     -7512.7736       297.6247           -713.8899      -686.1321     30723.4324        24.0348        86.2110
FEP:    1500000        16.5317    -10582.7131      1350.5264

WRITING EXTENDED SYSTEM TO RESTART FILE AT STEP 1500000
WRITING COORDINATES TO DCD FILE mobley_1723043_prod.dcd AT STEP 1500000
WRITING COORDINATES TO RESTART FILE AT STEP 1500000
FINISHED WRITING RESTART COORDINATES
WRITING VELOCITIES TO RESTART FILE AT STEP 1500000
FINISHED WRITING RESTART VELOCITIES
TCL: Exiting due to exit command.
WRITING EXTENDED SYSTEM TO OUTPUT FILE AT STEP 1500000
CLOSING EXTENDED SYSTEM TRAJECTORY FILE
WRITING COORDINATES TO OUTPUT FILE AT STEP 1500000
CLOSING COORDINATE DCD FILE mobley_1723043_prod.dcd
WRITING VELOCITIES TO OUTPUT FILE AT STEP 1500000
====================================================

WallClock: 606.257629  CPUTime: 602.543457  Memory: 0.000000 MB
[Partition 0][Node 0] End of program
