#========================================================================================
#                     Free energy perturbation    
#----------------------------------------------------------------------------------------
#forward/backward          λ              ΔΔA                 ΔA                  δε   
#                                                 
#----------------------------------------------------------------------------------------
forward:               0.0000              0.0000              0.0000              0.0000  
forward:               0.0500              1.3746              1.3746              0.0224  
forward:               0.1000              0.7664              2.1409              0.0273  
forward:               0.1500              0.4032              2.5442              0.0294  
forward:               0.2000              0.2105              2.7547              0.0304  
forward:               0.2500              0.1237              2.8783              0.0310  
forward:               0.3000              0.0602              2.9385              0.0316  
forward:               0.3500              0.0185              2.9570              0.0319  
forward:               0.4000             -0.0231              2.9338              0.0322  
forward:               0.4500             -0.0409              2.8930              0.0325  
forward:               0.5000             -0.0714              2.8215              0.0327  
forward:               0.5500             -0.1358              2.6857              0.0330  
forward:               0.6000             -0.2659              2.4199              0.0334  
forward:               0.6500             -0.3720              2.0479              0.0339  
forward:               0.7000             -0.4697              1.5782              0.0342  
forward:               0.7500             -0.5524              1.0258              0.0344  
forward:               0.8000             -0.5999              0.4259              0.0347  
forward:               0.8500             -0.6201             -0.1942              0.0349  
forward:               0.9000             -0.6376             -0.8317              0.0352  
forward:               0.9500             -0.6342             -1.4659              0.0355  
forward:               1.0000             -0.6285             -2.0945              0.0358  
backward:              1.0000              0.0000             -2.0945              0.0000  
backward:              0.9500              0.6360             -1.4585              0.0052  
backward:              0.9000              0.6326             -0.8259              0.0073  
backward:              0.8500              0.6305             -0.1954              0.0088  
backward:              0.8000              0.6184              0.4230              0.0101  
backward:              0.7500              0.5993              1.0223              0.0113  
backward:              0.7000              0.5443              1.5666              0.0124  
backward:              0.6500              0.4781              2.0447              0.0134  
backward:              0.6000              0.3804              2.4251              0.0144  
backward:              0.5500              0.2758              2.7008              0.0153  
backward:              0.5000              0.1353              2.8362              0.0165  
backward:              0.4500              0.0763              2.9124              0.0174  
backward:              0.4000              0.0409              2.9533              0.0181  
backward:              0.3500              0.0292              2.9825              0.0188  
backward:              0.3000             -0.0220              2.9605              0.0196  
backward:              0.2500             -0.0469              2.9136              0.0208  
backward:              0.2000             -0.1139              2.7998              0.0222  
backward:              0.1500             -0.2266              2.5732              0.0242  
backward:              0.1000             -0.4204              2.1528              0.0292  
backward:              0.0500             -0.8154              1.3374              0.0737  
backward:              0.0000             -1.4050             -0.0676              0.0797  
Inaccuracy estimation
======================================================================================================
                   i        i+δi          P0_overlap_P1   δε(forward)/ε   δε(backward)/ε
======================================================================================================
inaccuracy:  0.00000        0.05000           40.15           -0.03            1.43
inaccuracy:  0.05000        0.10000           50.09           -0.03            0.85
inaccuracy:  0.10000        0.15000           61.05           -0.01            0.41
inaccuracy:  0.15000        0.20000           68.17           -0.01            0.25
inaccuracy:  0.20000        0.25000           70.34           -0.02            0.17
inaccuracy:  0.25000        0.30000           71.98           -0.01            0.14
inaccuracy:  0.30000        0.35000           75.07           -0.01            0.11
inaccuracy:  0.35000        0.40000           75.04           -0.01            0.10
inaccuracy:  0.40000        0.45000           76.19           -0.01            0.09
inaccuracy:  0.45000        0.50000           76.86           -0.01            0.08
inaccuracy:  0.50000        0.55000           71.39           -0.04            0.10
inaccuracy:  0.55000        0.60000           71.39           -0.06            0.08
inaccuracy:  0.60000        0.65000           71.59           -0.06            0.07
inaccuracy:  0.65000        0.70000           72.14           -0.05            0.06
inaccuracy:  0.70000        0.75000           73.29           -0.05            0.06
inaccuracy:  0.75000        0.80000           72.89           -0.05            0.05
inaccuracy:  0.80000        0.85000           72.92           -0.05            0.05
inaccuracy:  0.85000        0.90000           72.81           -0.05            0.05
inaccuracy:  0.90000        0.95000           72.51           -0.04            0.06
inaccuracy:  0.95000        1.00000           71.59           -0.04            0.06
===================================================================================================================================
                BAR        
-----------------------------------------------------------------------------------------------------------------------------------
BAR-estimator:         λ             λ+δλ          ΔΔA             ΔA            C               Δδe            δe       
                          
-----------------------------------------------------------------------------------------------------------------------------------
BAR-estimator:      0.00000        0.05000        1.4079         1.4079         1.4079         0.0113         0.0113 
BAR-estimator:      0.05000        0.10000        0.7642         2.1721         0.7642         0.0098         0.0150 
BAR-estimator:      0.10000        0.15000        0.4090         2.5811         0.4090         0.0073         0.0167 
BAR-estimator:      0.15000        0.20000        0.2186         2.7997         0.2186         0.0052         0.0175 
BAR-estimator:      0.20000        0.25000        0.1206         2.9203         0.1206         0.0045         0.0180 
BAR-estimator:      0.25000        0.30000        0.0556         2.9759         0.0556         0.0038         0.0184 
BAR-estimator:      0.30000        0.35000        0.0203         2.9963         0.0203         0.0033         0.0187 
BAR-estimator:      0.35000        0.40000       -0.0264         2.9699        -0.0264         0.0031         0.0190 
BAR-estimator:      0.40000        0.45000       -0.0406         2.9293        -0.0406         0.0031         0.0192 
BAR-estimator:      0.45000        0.50000       -0.0723         2.8570        -0.0723         0.0028         0.0194 
BAR-estimator:      0.50000        0.55000       -0.1346         2.7224        -0.1346         0.0038         0.0198 
BAR-estimator:      0.55000        0.60000       -0.2718         2.4505        -0.2718         0.0036         0.0201 
BAR-estimator:      0.60000        0.65000       -0.3777         2.0728        -0.3777         0.0035         0.0204 
BAR-estimator:      0.65000        0.70000       -0.4718         1.6010        -0.4718         0.0032         0.0207 
BAR-estimator:      0.70000        0.75000       -0.5471         1.0540        -0.5471         0.0035         0.0210 
BAR-estimator:      0.75000        0.80000       -0.5963         0.4577        -0.5963         0.0034         0.0212 
BAR-estimator:      0.80000        0.85000       -0.6190        -0.1613        -0.6190         0.0031         0.0215 
BAR-estimator:      0.85000        0.90000       -0.6350        -0.7963        -0.6350         0.0033         0.0217 
BAR-estimator:      0.90000        0.95000       -0.6327        -1.4290        -0.6327         0.0036         0.0220 
BAR-estimator:      0.95000        1.00000       -0.6316        -2.0605        -0.6316         0.0036         0.0223 
BAR-estimator: total free energy change is -2.0605428630289193 , total error is 0.022321433088736055
