#========================================================================================
#                     Free energy perturbation    
#----------------------------------------------------------------------------------------
#forward/backward          λ              ΔΔA                 ΔA                  δε   
#                                                 
#----------------------------------------------------------------------------------------
forward:               0.0000              0.0000              0.0000              0.0000  
forward:               0.0500              1.4109              1.4109              0.0175  
forward:               0.1000              0.7884              2.1993              0.0199  
forward:               0.1500              0.3995              2.5988              0.0219  
forward:               0.2000              0.2276              2.8263              0.0229  
forward:               0.2500              0.1230              2.9493              0.0236  
forward:               0.3000              0.0631              3.0124              0.0242  
forward:               0.3500              0.0223              3.0347              0.0245  
forward:               0.4000             -0.0173              3.0174              0.0251  
forward:               0.4500             -0.0370              2.9804              0.0253  
forward:               0.5000             -0.0630              2.9174              0.0256  
forward:               0.5500             -0.1330              2.7844              0.0259  
forward:               0.6000             -0.2686              2.5158              0.0263  
forward:               0.6500             -0.3876              2.1282              0.0268  
forward:               0.7000             -0.4819              1.6463              0.0273  
forward:               0.7500             -0.5503              1.0960              0.0276  
forward:               0.8000             -0.6049              0.4911              0.0279  
forward:               0.8500             -0.6358             -0.1447              0.0281  
forward:               0.9000             -0.6462             -0.7909              0.0284  
forward:               0.9500             -0.6513             -1.4422              0.0286  
forward:               1.0000             -0.6464             -2.0886              0.0287  
backward:              1.0000              0.0000             -2.0886              0.0000  
backward:              0.9500              0.6515             -1.4371              0.0041  
backward:              0.9000              0.6481             -0.7890              0.0063  
backward:              0.8500              0.6415             -0.1475              0.0081  
backward:              0.8000              0.6346              0.4872              0.0093  
backward:              0.7500              0.6009              1.0880              0.0120  
backward:              0.7000              0.5542              1.6422              0.0130  
backward:              0.6500              0.4780              2.1202              0.0139  
backward:              0.6000              0.3784              2.4987              0.0148  
backward:              0.5500              0.2680              2.7667              0.0155  
backward:              0.5000              0.1339              2.9006              0.0166  
backward:              0.4500              0.0627              2.9634              0.0172  
backward:              0.4000              0.0344              2.9977              0.0177  
backward:              0.3500              0.0158              3.0135              0.0184  
backward:              0.3000             -0.0162              2.9973              0.0191  
backward:              0.2500             -0.0660              2.9313              0.0202  
backward:              0.2000             -0.1226              2.8087              0.0212  
backward:              0.1500             -0.2393              2.5694              0.0233  
backward:              0.1000             -0.4203              2.1491              0.0261  
backward:              0.0500             -0.7816              1.3675              0.0426  
backward:              0.0000             -1.4150             -0.0475              0.0508  
Inaccuracy estimation
======================================================================================================
                   i        i+δi          P0_overlap_P1   δε(forward)/ε   δε(backward)/ε
======================================================================================================
inaccuracy:  0.00000        0.05000           39.42           -0.03            1.50
inaccuracy:  0.05000        0.10000           49.23           -0.02            0.86
inaccuracy:  0.10000        0.15000           62.09           -0.02            0.41
inaccuracy:  0.15000        0.20000           67.81           -0.02            0.25
inaccuracy:  0.20000        0.25000           71.34           -0.01            0.17
inaccuracy:  0.25000        0.30000           73.45           -0.01            0.13
inaccuracy:  0.30000        0.35000           74.41           -0.01            0.12
inaccuracy:  0.35000        0.40000           76.20           -0.01            0.10
inaccuracy:  0.40000        0.45000           76.53           -0.01            0.09
inaccuracy:  0.45000        0.50000           76.91           -0.01            0.09
inaccuracy:  0.50000        0.55000           70.92           -0.05            0.11
inaccuracy:  0.55000        0.60000           72.36           -0.05            0.09
inaccuracy:  0.60000        0.65000           72.72           -0.06            0.07
inaccuracy:  0.65000        0.70000           72.77           -0.06            0.06
inaccuracy:  0.70000        0.75000           72.04           -0.06            0.05
inaccuracy:  0.75000        0.80000           71.93           -0.06            0.05
inaccuracy:  0.80000        0.85000           73.04           -0.06            0.05
inaccuracy:  0.85000        0.90000           72.61           -0.05            0.05
inaccuracy:  0.90000        0.95000           72.12           -0.05            0.05
inaccuracy:  0.95000        1.00000           71.29           -0.06            0.06
===================================================================================================================================
                BAR        
-----------------------------------------------------------------------------------------------------------------------------------
BAR-estimator:         λ             λ+δλ          ΔΔA             ΔA            C               Δδe            δe       
                          
-----------------------------------------------------------------------------------------------------------------------------------
BAR-estimator:      0.00000        0.05000        1.4226         1.4226         1.4226         0.0089         0.0089 
BAR-estimator:      0.05000        0.10000        0.7744         2.1970         0.7744         0.0086         0.0124 
BAR-estimator:      0.10000        0.15000        0.4074         2.6044         0.4074         0.0060         0.0138 
BAR-estimator:      0.15000        0.20000        0.2315         2.8359         0.2315         0.0046         0.0145 
BAR-estimator:      0.20000        0.25000        0.1260         2.9619         0.1260         0.0039         0.0151 
BAR-estimator:      0.25000        0.30000        0.0636         3.0255         0.0636         0.0036         0.0155 
BAR-estimator:      0.30000        0.35000        0.0219         3.0474         0.0219         0.0030         0.0158 
BAR-estimator:      0.35000        0.40000       -0.0152         3.0322        -0.0152         0.0028         0.0160 
BAR-estimator:      0.40000        0.45000       -0.0355         2.9967        -0.0355         0.0025         0.0162 
BAR-estimator:      0.45000        0.50000       -0.0626         2.9341        -0.0626         0.0026         0.0164 
BAR-estimator:      0.50000        0.55000       -0.1339         2.8002        -0.1339         0.0028         0.0167 
BAR-estimator:      0.55000        0.60000       -0.2664         2.5338        -0.2664         0.0030         0.0169 
BAR-estimator:      0.60000        0.65000       -0.3835         2.1503        -0.3835         0.0033         0.0173 
BAR-estimator:      0.65000        0.70000       -0.4808         1.6694        -0.4808         0.0035         0.0176 
BAR-estimator:      0.70000        0.75000       -0.5526         1.1168        -0.5526         0.0024         0.0178 
BAR-estimator:      0.75000        0.80000       -0.6075         0.5093        -0.6075         0.0031         0.0180 
BAR-estimator:      0.80000        0.85000       -0.6355        -0.1262        -0.6355         0.0029         0.0183 
BAR-estimator:      0.85000        0.90000       -0.6440        -0.7702        -0.6440         0.0022         0.0184 
BAR-estimator:      0.90000        0.95000       -0.6513        -1.4214        -0.6513         0.0031         0.0187 
BAR-estimator:      0.95000        1.00000       -0.6496        -2.0710        -0.6496         0.0029         0.0189 
BAR-estimator: total free energy change is -2.0709829764366106 , total error is 0.018891654633514117
