#========================================================================================
#                     Free energy perturbation    
#----------------------------------------------------------------------------------------
#forward/backward          λ              ΔΔA                 ΔA                  δε   
#                                                 
#----------------------------------------------------------------------------------------
forward:               0.0000              0.0000              0.0000              0.0000  
forward:               0.0500              2.5784              2.5784              0.0355  
forward:               0.1000              1.2638              3.8422              0.0411  
forward:               0.1500              0.5305              4.3727              0.0431  
forward:               0.2000              0.2174              4.5902              0.0438  
forward:               0.2500              0.0911              4.6813              0.0444  
forward:               0.3000             -0.0112              4.6701              0.0448  
forward:               0.3500             -0.0586              4.6115              0.0450  
forward:               0.4000             -0.0976              4.5139              0.0453  
forward:               0.4500             -0.1406              4.3733              0.0454  
forward:               0.5000             -0.1615              4.2117              0.0457  
forward:               0.5500             -0.1973              4.0144              0.0458  
forward:               0.6000             -0.2143              3.8001              0.0460  
forward:               0.6500             -0.2328              3.5673              0.0462  
forward:               0.7000             -0.2527              3.3146              0.0464  
forward:               0.7500             -0.2591              3.0555              0.0465  
forward:               0.8000             -0.2691              2.7864              0.0466  
forward:               0.8500             -0.2840              2.5024              0.0467  
forward:               0.9000             -0.2910              2.2114              0.0468  
forward:               0.9500             -0.2973              1.9141              0.0469  
forward:               1.0000             -0.3137              1.6003              0.0470  
backward:              1.0000              0.0000              1.6003              0.0000  
backward:              0.9500              0.3119              1.9123              0.0037  
backward:              0.9000              0.2956              2.2079              0.0050  
backward:              0.8500              0.2977              2.5056              0.0059  
backward:              0.8000              0.2803              2.7859              0.0068  
backward:              0.7500              0.2705              3.0564              0.0078  
backward:              0.7000              0.2566              3.3130              0.0086  
backward:              0.6500              0.2412              3.5542              0.0093  
backward:              0.6000              0.2345              3.7888              0.0104  
backward:              0.5500              0.2221              4.0109              0.0112  
backward:              0.5000              0.2002              4.2110              0.0117  
backward:              0.4500              0.1695              4.3806              0.0130  
backward:              0.4000              0.1408              4.5214              0.0141  
backward:              0.3500              0.1072              4.6286              0.0154  
backward:              0.3000              0.0681              4.6967              0.0167  
backward:              0.2500              0.0092              4.7059              0.0180  
backward:              0.2000             -0.0832              4.6227              0.0199  
backward:              0.1500             -0.2366              4.3861              0.0235  
backward:              0.1000             -0.5084              3.8777              0.0345  
backward:              0.0500             -1.2026              2.6752              0.0568  
backward:              0.0000             -2.5379              0.1373              0.0965  
Inaccuracy estimation
======================================================================================================
                   i        i+δi          P0_overlap_P1   δε(forward)/ε   δε(backward)/ε
======================================================================================================
inaccuracy:  0.00000        0.05000           25.90            0.08            3.80
inaccuracy:  0.05000        0.10000           35.08           -0.07            1.79
inaccuracy:  0.10000        0.15000           53.27           -0.04            0.68
inaccuracy:  0.15000        0.20000           64.26           -0.02            0.30
inaccuracy:  0.20000        0.25000           67.94           -0.01            0.20
inaccuracy:  0.25000        0.30000           71.65           -0.02            0.14
inaccuracy:  0.30000        0.35000           73.28           -0.01            0.11
inaccuracy:  0.35000        0.40000           73.69           -0.02            0.10
inaccuracy:  0.40000        0.45000           75.88           -0.01            0.08
inaccuracy:  0.45000        0.50000           75.33           -0.02            0.07
inaccuracy:  0.50000        0.55000           76.88           -0.02            0.07
inaccuracy:  0.55000        0.60000           75.75           -0.01            0.06
inaccuracy:  0.60000        0.65000           77.18           -0.02            0.06
inaccuracy:  0.65000        0.70000           79.10           -0.01            0.05
inaccuracy:  0.70000        0.75000           78.23           -0.02            0.05
inaccuracy:  0.75000        0.80000           77.05           -0.02            0.05
inaccuracy:  0.80000        0.85000           78.40           -0.02            0.05
inaccuracy:  0.85000        0.90000           77.10           -0.02            0.05
inaccuracy:  0.90000        0.95000           77.57           -0.02            0.05
inaccuracy:  0.95000        1.00000           77.92           -0.02            0.05
===================================================================================================================================
                BAR        
-----------------------------------------------------------------------------------------------------------------------------------
BAR-estimator:         λ             λ+δλ          ΔΔA             ΔA            C               Δδe            δe       
                          
-----------------------------------------------------------------------------------------------------------------------------------
BAR-estimator:      0.00000        0.05000        2.5953         2.5953         2.5953         0.0151         0.0151 
BAR-estimator:      0.05000        0.10000        1.2339         3.8292         1.2339         0.0156         0.0217 
BAR-estimator:      0.10000        0.15000        0.5175         4.3467         0.5175         0.0088         0.0234 
BAR-estimator:      0.15000        0.20000        0.2231         4.5698         0.2231         0.0062         0.0242 
BAR-estimator:      0.20000        0.25000        0.0871         4.6569         0.0871         0.0047         0.0247 
BAR-estimator:      0.25000        0.30000       -0.0103         4.6467        -0.0103         0.0039         0.0250 
BAR-estimator:      0.30000        0.35000       -0.0604         4.5862        -0.0604         0.0034         0.0252 
BAR-estimator:      0.35000        0.40000       -0.1030         4.4832        -0.1030         0.0033         0.0255 
BAR-estimator:      0.40000        0.45000       -0.1397         4.3435        -0.1397         0.0028         0.0256 
BAR-estimator:      0.45000        0.50000       -0.1648         4.1787        -0.1648         0.0030         0.0258 
BAR-estimator:      0.50000        0.55000       -0.1972         3.9815        -0.1972         0.0027         0.0259 
BAR-estimator:      0.55000        0.60000       -0.2184         3.7631        -0.2184         0.0028         0.0261 
BAR-estimator:      0.60000        0.65000       -0.2337         3.5294        -0.2337         0.0027         0.0262 
BAR-estimator:      0.65000        0.70000       -0.2477         3.2817        -0.2477         0.0027         0.0264 
BAR-estimator:      0.70000        0.75000       -0.2574         3.0242        -0.2574         0.0027         0.0265 
BAR-estimator:      0.75000        0.80000       -0.2703         2.7540        -0.2703         0.0030         0.0267 
BAR-estimator:      0.80000        0.85000       -0.2825         2.4715        -0.2825         0.0027         0.0268 
BAR-estimator:      0.85000        0.90000       -0.2932         2.1783        -0.2932         0.0027         0.0269 
BAR-estimator:      0.90000        0.95000       -0.2963         1.8820        -0.2963         0.0029         0.0271 
BAR-estimator:      0.95000        1.00000       -0.3134         1.5685        -0.3134         0.0027         0.0272 
BAR-estimator: total free energy change is 1.568542241892006 , total error is 0.027213403722139446
