#========================================================================================
#                     Free energy perturbation    
#----------------------------------------------------------------------------------------
#forward/backward          λ              ΔΔA                 ΔA                  δε   
#                                                 
#----------------------------------------------------------------------------------------
forward:               0.0000              0.0000              0.0000              0.0000  
forward:               0.0500              2.6051              2.6051              0.0329  
forward:               0.1000              1.2834              3.8885              0.0427  
forward:               0.1500              0.5243              4.4128              0.0448  
forward:               0.2000              0.2352              4.6480              0.0455  
forward:               0.2500              0.1061              4.7540              0.0460  
forward:               0.3000              0.0066              4.7606              0.0463  
forward:               0.3500             -0.0591              4.7015              0.0466  
forward:               0.4000             -0.1015              4.5999              0.0468  
forward:               0.4500             -0.1279              4.4721              0.0469  
forward:               0.5000             -0.1542              4.3179              0.0470  
forward:               0.5500             -0.1867              4.1311              0.0471  
forward:               0.6000             -0.2079              3.9233              0.0472  
forward:               0.6500             -0.2237              3.6995              0.0473  
forward:               0.7000             -0.2370              3.4625              0.0474  
forward:               0.7500             -0.2535              3.2091              0.0475  
forward:               0.8000             -0.2643              2.9448              0.0476  
forward:               0.8500             -0.2776              2.6671              0.0477  
forward:               0.9000             -0.2853              2.3819              0.0478  
forward:               0.9500             -0.2974              2.0844              0.0479  
forward:               1.0000             -0.3003              1.7841              0.0480  
backward:              1.0000              0.0000              1.7841              0.0000  
backward:              0.9500              0.2998              2.0839              0.0035  
backward:              0.9000              0.2993              2.3832              0.0050  
backward:              0.8500              0.2882              2.6714              0.0061  
backward:              0.8000              0.2723              2.9437              0.0071  
backward:              0.7500              0.2666              3.2104              0.0080  
backward:              0.7000              0.2550              3.4654              0.0088  
backward:              0.6500              0.2417              3.7071              0.0096  
backward:              0.6000              0.2286              3.9357              0.0106  
backward:              0.5500              0.2045              4.1402              0.0114  
backward:              0.5000              0.1913              4.3315              0.0124  
backward:              0.4500              0.1571              4.4886              0.0132  
backward:              0.4000              0.1320              4.6205              0.0141  
backward:              0.3500              0.0924              4.7129              0.0152  
backward:              0.3000              0.0538              4.7667              0.0165  
backward:              0.2500             -0.0083              4.7585              0.0179  
backward:              0.2000             -0.0809              4.6776              0.0193  
backward:              0.1500             -0.2211              4.4565              0.0214  
backward:              0.1000             -0.5132              3.9433              0.0275  
backward:              0.0500             -1.2588              2.6845              0.0431  
backward:              0.0000             -2.7019             -0.0174              0.1028  
Inaccuracy estimation
======================================================================================================
                   i        i+δi          P0_overlap_P1   δε(forward)/ε   δε(backward)/ε
======================================================================================================
inaccuracy:  0.00000        0.05000           25.55            0.10            3.80
inaccuracy:  0.05000        0.10000           37.40           -0.06            1.70
inaccuracy:  0.10000        0.15000           54.56           -0.03            0.64
inaccuracy:  0.15000        0.20000           63.23           -0.03            0.32
inaccuracy:  0.20000        0.25000           67.52           -0.01            0.22
inaccuracy:  0.25000        0.30000           71.68           -0.01            0.14
inaccuracy:  0.30000        0.35000           74.17           -0.02            0.11
inaccuracy:  0.35000        0.40000           75.44           -0.01            0.09
inaccuracy:  0.40000        0.45000           75.37           -0.02            0.08
inaccuracy:  0.45000        0.50000           76.17           -0.01            0.07
inaccuracy:  0.50000        0.55000           76.32           -0.01            0.07
inaccuracy:  0.55000        0.60000           76.96           -0.01            0.06
inaccuracy:  0.60000        0.65000           76.66           -0.01            0.06
inaccuracy:  0.65000        0.70000           77.22           -0.02            0.06
inaccuracy:  0.70000        0.75000           77.08           -0.02            0.06
inaccuracy:  0.75000        0.80000           77.61           -0.02            0.05
inaccuracy:  0.80000        0.85000           78.09           -0.02            0.05
inaccuracy:  0.85000        0.90000           77.70           -0.02            0.05
inaccuracy:  0.90000        0.95000           77.43           -0.02            0.05
inaccuracy:  0.95000        1.00000           77.02           -0.02            0.05
===================================================================================================================================
                BAR        
-----------------------------------------------------------------------------------------------------------------------------------
BAR-estimator:         λ             λ+δλ          ΔΔA             ΔA            C               Δδe            δe       
                          
-----------------------------------------------------------------------------------------------------------------------------------
BAR-estimator:      0.00000        0.05000        2.5993         2.5993         2.5993         0.0115         0.0115 
BAR-estimator:      0.05000        0.10000        1.2786         3.8779         1.2786         0.0148         0.0188 
BAR-estimator:      0.10000        0.15000        0.5263         4.4042         0.5263         0.0089         0.0208 
BAR-estimator:      0.15000        0.20000        0.2350         4.6392         0.2350         0.0056         0.0215 
BAR-estimator:      0.20000        0.25000        0.1015         4.7407         0.1015         0.0043         0.0220 
BAR-estimator:      0.25000        0.30000        0.0081         4.7488         0.0081         0.0034         0.0222 
BAR-estimator:      0.30000        0.35000       -0.0567         4.6921        -0.0567         0.0033         0.0225 
BAR-estimator:      0.35000        0.40000       -0.0972         4.5949        -0.0972         0.0031         0.0227 
BAR-estimator:      0.40000        0.45000       -0.1299         4.4649        -0.1299         0.0024         0.0228 
BAR-estimator:      0.45000        0.50000       -0.1560         4.3089        -0.1560         0.0027         0.0230 
BAR-estimator:      0.50000        0.55000       -0.1878         4.1211        -0.1878         0.0025         0.0231 
BAR-estimator:      0.55000        0.60000       -0.2082         3.9129        -0.2082         0.0026         0.0233 
BAR-estimator:      0.60000        0.65000       -0.2262         3.6867        -0.2262         0.0025         0.0234 
BAR-estimator:      0.65000        0.70000       -0.2388         3.4479        -0.2388         0.0022         0.0235 
BAR-estimator:      0.70000        0.75000       -0.2534         3.1945        -0.2534         0.0025         0.0236 
BAR-estimator:      0.75000        0.80000       -0.2650         2.9295        -0.2650         0.0024         0.0238 
BAR-estimator:      0.80000        0.85000       -0.2767         2.6528        -0.2767         0.0023         0.0239 
BAR-estimator:      0.85000        0.90000       -0.2854         2.3673        -0.2854         0.0026         0.0240 
BAR-estimator:      0.90000        0.95000       -0.2984         2.0689        -0.2984         0.0028         0.0242 
BAR-estimator:      0.95000        1.00000       -0.3014         1.7675        -0.3014         0.0023         0.0243 
BAR-estimator: total free energy change is 1.767509808120024 , total error is 0.02428873184155877
