#========================================================================================
#                     Free energy perturbation    
#----------------------------------------------------------------------------------------
#forward/backward          λ              ΔΔA                 ΔA                  δε   
#                                                 
#----------------------------------------------------------------------------------------
forward:               0.0000              0.0000              0.0000              0.0000  
forward:               0.0500              1.2640              1.2640              0.0224  
forward:               0.1000              0.7075              1.9715              0.0269  
forward:               0.1500              0.3400              2.3115              0.0291  
forward:               0.2000              0.1986              2.5101              0.0306  
forward:               0.2500              0.1002              2.6103              0.0312  
forward:               0.3000              0.0555              2.6658              0.0316  
forward:               0.3500              0.0179              2.6837              0.0321  
forward:               0.4000             -0.0075              2.6763              0.0324  
forward:               0.4500             -0.0378              2.6385              0.0328  
forward:               0.5000             -0.0444              2.5941              0.0332  
forward:               0.5500             -0.0517              2.5424              0.0334  
forward:               0.6000             -0.0885              2.4539              0.0338  
forward:               0.6500             -0.1054              2.3485              0.0340  
forward:               0.7000             -0.1382              2.2102              0.0342  
forward:               0.7500             -0.1581              2.0521              0.0344  
forward:               0.8000             -0.1590              1.8931              0.0347  
forward:               0.8500             -0.1783              1.7148              0.0349  
forward:               0.9000             -0.1809              1.5339              0.0351  
forward:               0.9500             -0.1816              1.3524              0.0353  
forward:               1.0000             -0.1957              1.1567              0.0355  
backward:              1.0000              0.0000              1.1567              0.0000  
backward:              0.9500              0.1935              1.3503              0.0046  
backward:              0.9000              0.1840              1.5343              0.0066  
backward:              0.8500              0.1835              1.7177              0.0078  
backward:              0.8000              0.1727              1.8904              0.0090  
backward:              0.7500              0.1628              2.0532              0.0100  
backward:              0.7000              0.1488              2.2020              0.0110  
backward:              0.6500              0.1325              2.3345              0.0120  
backward:              0.6000              0.1096              2.4441              0.0127  
backward:              0.5500              0.0890              2.5331              0.0136  
backward:              0.5000              0.0505              2.5836              0.0145  
backward:              0.4500              0.0381              2.6217              0.0153  
backward:              0.4000              0.0259              2.6476              0.0163  
backward:              0.3500              0.0048              2.6524              0.0176  
backward:              0.3000             -0.0094              2.6430              0.0184  
backward:              0.2500             -0.0413              2.6018              0.0194  
backward:              0.2000             -0.1146              2.4872              0.0217  
backward:              0.1500             -0.1743              2.3129              0.0235  
backward:              0.1000             -0.3429              1.9700              0.0291  
backward:              0.0500             -0.6874              1.2826              0.0429  
backward:              0.0000             -1.2033              0.0794              0.0499  
Inaccuracy estimation
======================================================================================================
                   i        i+δi          P0_overlap_P1   δε(forward)/ε   δε(backward)/ε
======================================================================================================
inaccuracy:  0.00000        0.05000           40.87           -0.04            1.21
inaccuracy:  0.05000        0.10000           50.07           -0.02            0.85
inaccuracy:  0.10000        0.15000           61.32           -0.01            0.41
inaccuracy:  0.15000        0.20000           65.72           -0.01            0.26
inaccuracy:  0.20000        0.25000           71.19           -0.01            0.16
inaccuracy:  0.25000        0.30000           71.50           -0.01            0.14
inaccuracy:  0.30000        0.35000           73.28           -0.01            0.13
inaccuracy:  0.35000        0.40000           74.10           -0.01            0.11
inaccuracy:  0.40000        0.45000           75.95           -0.01            0.10
inaccuracy:  0.45000        0.50000           75.73           -0.01            0.10
inaccuracy:  0.50000        0.55000           74.33           -0.02            0.10
inaccuracy:  0.55000        0.60000           74.53           -0.02            0.09
inaccuracy:  0.60000        0.65000           74.65           -0.02            0.09
inaccuracy:  0.65000        0.70000           75.35           -0.02            0.08
inaccuracy:  0.70000        0.75000           76.15           -0.02            0.08
inaccuracy:  0.75000        0.80000           74.64           -0.03            0.09
inaccuracy:  0.80000        0.85000           75.50           -0.02            0.08
inaccuracy:  0.85000        0.90000           74.30           -0.02            0.08
inaccuracy:  0.90000        0.95000           73.83           -0.02            0.08
inaccuracy:  0.95000        1.00000           74.82           -0.02            0.09
===================================================================================================================================
                BAR        
-----------------------------------------------------------------------------------------------------------------------------------
BAR-estimator:         λ             λ+δλ          ΔΔA             ΔA            C               Δδe            δe       
                          
-----------------------------------------------------------------------------------------------------------------------------------
BAR-estimator:      0.00000        0.05000        1.2552         1.2552         1.2552         0.0112         0.0112 
BAR-estimator:      0.05000        0.10000        0.7023         1.9575         0.7023         0.0107         0.0154 
BAR-estimator:      0.10000        0.15000        0.3376         2.2951         0.3376         0.0072         0.0170 
BAR-estimator:      0.15000        0.20000        0.1931         2.4882         0.1931         0.0062         0.0181 
BAR-estimator:      0.20000        0.25000        0.1024         2.5906         0.1024         0.0030         0.0184 
BAR-estimator:      0.25000        0.30000        0.0496         2.6403         0.0496         0.0036         0.0187 
BAR-estimator:      0.30000        0.35000        0.0167         2.6570         0.0167         0.0037         0.0191 
BAR-estimator:      0.35000        0.40000       -0.0083         2.6487        -0.0083         0.0033         0.0194 
BAR-estimator:      0.40000        0.45000       -0.0329         2.6158        -0.0329         0.0035         0.0197 
BAR-estimator:      0.45000        0.50000       -0.0406         2.5753        -0.0406         0.0033         0.0200 
BAR-estimator:      0.50000        0.55000       -0.0516         2.5237        -0.0516         0.0031         0.0202 
BAR-estimator:      0.55000        0.60000       -0.0883         2.4354        -0.0883         0.0032         0.0205 
BAR-estimator:      0.60000        0.65000       -0.1068         2.3287        -0.1068         0.0029         0.0207 
BAR-estimator:      0.65000        0.70000       -0.1371         2.1915        -0.1371         0.0028         0.0209 
BAR-estimator:      0.70000        0.75000       -0.1539         2.0376        -0.1539         0.0029         0.0211 
BAR-estimator:      0.75000        0.80000       -0.1609         1.8767        -0.1609         0.0029         0.0213 
BAR-estimator:      0.80000        0.85000       -0.1766         1.7001        -0.1766         0.0030         0.0215 
BAR-estimator:      0.85000        0.90000       -0.1821         1.5180        -0.1821         0.0034         0.0218 
BAR-estimator:      0.90000        0.95000       -0.1836         1.3344        -0.1836         0.0034         0.0220 
BAR-estimator:      0.95000        1.00000       -0.1950         1.1394        -0.1950         0.0033         0.0223 
BAR-estimator: total free energy change is 1.1394237292709846 , total error is 0.022282386608173003
