#========================================================================================
#                     Free energy perturbation    
#----------------------------------------------------------------------------------------
#forward/backward          λ              ΔΔA                 ΔA                  δε   
#                                                 
#----------------------------------------------------------------------------------------
forward:               0.0000              0.0000              0.0000              0.0000  
forward:               0.0500              1.2687              1.2687              0.0156  
forward:               0.1000              0.7000              1.9687              0.0203  
forward:               0.1500              0.3708              2.3395              0.0219  
forward:               0.2000              0.1862              2.5257              0.0230  
forward:               0.2500              0.0973              2.6230              0.0236  
forward:               0.3000              0.0529              2.6759              0.0240  
forward:               0.3500              0.0155              2.6914              0.0244  
forward:               0.4000             -0.0193              2.6721              0.0248  
forward:               0.4500             -0.0321              2.6400              0.0252  
forward:               0.5000             -0.0420              2.5980              0.0255  
forward:               0.5500             -0.0518              2.5462              0.0258  
forward:               0.6000             -0.0946              2.4516              0.0262  
forward:               0.6500             -0.1150              2.3366              0.0266  
forward:               0.7000             -0.1419              2.1947              0.0268  
forward:               0.7500             -0.1538              2.0409              0.0270  
forward:               0.8000             -0.1695              1.8713              0.0272  
forward:               0.8500             -0.1802              1.6911              0.0274  
forward:               0.9000             -0.1855              1.5056              0.0276  
forward:               0.9500             -0.1924              1.3132              0.0279  
forward:               1.0000             -0.1984              1.1148              0.0281  
backward:              1.0000              0.0000              1.1148              0.0000  
backward:              0.9500              0.2090              1.3238              0.0040  
backward:              0.9000              0.1866              1.5103              0.0058  
backward:              0.8500              0.1815              1.6918              0.0071  
backward:              0.8000              0.1810              1.8728              0.0083  
backward:              0.7500              0.1653              2.0381              0.0096  
backward:              0.7000              0.1519              2.1900              0.0104  
backward:              0.6500              0.1346              2.3245              0.0115  
backward:              0.6000              0.1227              2.4473              0.0128  
backward:              0.5500              0.0900              2.5373              0.0135  
backward:              0.5000              0.0537              2.5910              0.0144  
backward:              0.4500              0.0373              2.6283              0.0157  
backward:              0.4000              0.0237              2.6519              0.0169  
backward:              0.3500              0.0156              2.6675              0.0178  
backward:              0.3000             -0.0030              2.6645              0.0187  
backward:              0.2500             -0.0576              2.6069              0.0193  
backward:              0.2000             -0.1004              2.5065              0.0206  
backward:              0.1500             -0.2161              2.2904              0.0248  
backward:              0.1000             -0.3622              1.9281              0.0293  
backward:              0.0500             -0.7064              1.2217              0.0412  
backward:              0.0000             -1.3020             -0.0802              0.0712  
Inaccuracy estimation
======================================================================================================
                   i        i+δi          P0_overlap_P1   δε(forward)/ε   δε(backward)/ε
======================================================================================================
inaccuracy:  0.00000        0.05000           42.54           -0.04            1.16
inaccuracy:  0.05000        0.10000           50.77           -0.03            0.82
inaccuracy:  0.10000        0.15000           60.30           -0.02            0.44
inaccuracy:  0.15000        0.20000           68.49           -0.01            0.25
inaccuracy:  0.20000        0.25000           70.91           -0.01            0.16
inaccuracy:  0.25000        0.30000           72.68           -0.01            0.14
inaccuracy:  0.30000        0.35000           72.57           -0.01            0.12
inaccuracy:  0.35000        0.40000           75.06           -0.01            0.11
inaccuracy:  0.40000        0.45000           75.95           -0.01            0.10
inaccuracy:  0.45000        0.50000           74.86           -0.01            0.10
inaccuracy:  0.50000        0.55000           74.05           -0.02            0.10
inaccuracy:  0.55000        0.60000           75.22           -0.02            0.09
inaccuracy:  0.60000        0.65000           74.71           -0.02            0.10
inaccuracy:  0.65000        0.70000           75.86           -0.02            0.08
inaccuracy:  0.70000        0.75000           74.92           -0.02            0.08
inaccuracy:  0.75000        0.80000           75.56           -0.02            0.08
inaccuracy:  0.80000        0.85000           74.46           -0.02            0.09
inaccuracy:  0.85000        0.90000           74.88           -0.03            0.08
inaccuracy:  0.90000        0.95000           74.87           -0.02            0.08
inaccuracy:  0.95000        1.00000           73.72           -0.02            0.09
===================================================================================================================================
                BAR        
-----------------------------------------------------------------------------------------------------------------------------------
BAR-estimator:         λ             λ+δλ          ΔΔA             ΔA            C               Δδe            δe       
                          
-----------------------------------------------------------------------------------------------------------------------------------
BAR-estimator:      0.00000        0.05000        1.2714         1.2714         1.2714         0.0078         0.0078 
BAR-estimator:      0.05000        0.10000        0.7104         1.9818         0.7104         0.0081         0.0113 
BAR-estimator:      0.10000        0.15000        0.3647         2.3465         0.3647         0.0057         0.0126 
BAR-estimator:      0.15000        0.20000        0.1926         2.5391         0.1926         0.0045         0.0134 
BAR-estimator:      0.20000        0.25000        0.0984         2.6375         0.0984         0.0036         0.0139 
BAR-estimator:      0.25000        0.30000        0.0557         2.6932         0.0557         0.0031         0.0142 
BAR-estimator:      0.30000        0.35000        0.0102         2.7034         0.0102         0.0033         0.0146 
BAR-estimator:      0.35000        0.40000       -0.0177         2.6857        -0.0177         0.0029         0.0149 
BAR-estimator:      0.40000        0.45000       -0.0271         2.6585        -0.0271         0.0030         0.0151 
BAR-estimator:      0.45000        0.50000       -0.0429         2.6156        -0.0429         0.0029         0.0154 
BAR-estimator:      0.50000        0.55000       -0.0516         2.5641        -0.0516         0.0030         0.0157 
BAR-estimator:      0.55000        0.60000       -0.0918         2.4722        -0.0918         0.0029         0.0160 
BAR-estimator:      0.60000        0.65000       -0.1161         2.3562        -0.1161         0.0030         0.0162 
BAR-estimator:      0.65000        0.70000       -0.1397         2.2165        -0.1397         0.0032         0.0165 
BAR-estimator:      0.70000        0.75000       -0.1535         2.0629        -0.1535         0.0028         0.0168 
BAR-estimator:      0.75000        0.80000       -0.1678         1.8951        -0.1678         0.0027         0.0170 
BAR-estimator:      0.80000        0.85000       -0.1819         1.7133        -0.1819         0.0026         0.0172 
BAR-estimator:      0.85000        0.90000       -0.1840         1.5293        -0.1840         0.0028         0.0174 
BAR-estimator:      0.90000        0.95000       -0.1903         1.3390        -0.1903         0.0028         0.0176 
BAR-estimator:      0.95000        1.00000       -0.2027         1.1363        -0.2027         0.0029         0.0179 
BAR-estimator: total free energy change is 1.1362920669528211 , total error is 0.01786336263829844
