#========================================================================================
#                     Free energy perturbation    
#----------------------------------------------------------------------------------------
#forward/backward          λ              ΔΔA                 ΔA                  δε   
#                                                 
#----------------------------------------------------------------------------------------
forward:               0.0000              0.0000              0.0000              0.0000  
forward:               0.0500              0.7563              0.7563              0.0150  
forward:               0.1000              0.3655              1.1218              0.0191  
forward:               0.1500              0.2366              1.3585              0.0203  
forward:               0.2000              0.1467              1.5052              0.0211  
forward:               0.2500              0.1142              1.6193              0.0219  
forward:               0.3000              0.0715              1.6908              0.0224  
forward:               0.3500              0.0651              1.7559              0.0228  
forward:               0.4000              0.0336              1.7895              0.0233  
forward:               0.4500              0.0252              1.8147              0.0236  
forward:               0.5000              0.0049              1.8196              0.0240  
forward:               0.5500             -0.0116              1.8081              0.0243  
forward:               0.6000             -0.0577              1.7503              0.0245  
forward:               0.6500             -0.0786              1.6718              0.0247  
forward:               0.7000             -0.1115              1.5603              0.0251  
forward:               0.7500             -0.1192              1.4411              0.0253  
forward:               0.8000             -0.1493              1.2918              0.0256  
forward:               0.8500             -0.1479              1.1438              0.0257  
forward:               0.9000             -0.1659              0.9779              0.0259  
forward:               0.9500             -0.1706              0.8074              0.0261  
forward:               1.0000             -0.1813              0.6261              0.0263  
backward:              1.0000              0.0000              0.6261              0.0000  
backward:              0.9500              0.1759              0.8020              0.0033  
backward:              0.9000              0.1623              0.9643              0.0050  
backward:              0.8500              0.1610              1.1253              0.0063  
backward:              0.8000              0.1470              1.2723              0.0075  
backward:              0.7500              0.1429              1.4152              0.0085  
backward:              0.7000              0.1143              1.5295              0.0096  
backward:              0.6500              0.1061              1.6356              0.0099  
backward:              0.6000              0.0763              1.7119              0.0111  
backward:              0.5500              0.0549              1.7668              0.0118  
backward:              0.5000              0.0041              1.7709              0.0120  
backward:              0.4500              0.0063              1.7772              0.0127  
backward:              0.4000             -0.0317              1.7455              0.0135  
backward:              0.3500             -0.0388              1.7067              0.0147  
backward:              0.3000             -0.0618              1.6448              0.0153  
backward:              0.2500             -0.0843              1.5605              0.0165  
backward:              0.2000             -0.1086              1.4519              0.0177  
backward:              0.1500             -0.1609              1.2910              0.0191  
backward:              0.1000             -0.2380              1.0531              0.0198  
backward:              0.0500             -0.3913              0.6618              0.0238  
backward:              0.0000             -0.7849             -0.1231              0.0942  
Inaccuracy estimation
======================================================================================================
                   i        i+δi          P0_overlap_P1   δε(forward)/ε   δε(backward)/ε
======================================================================================================
inaccuracy:  0.00000        0.05000           41.82           -0.02            1.19
inaccuracy:  0.05000        0.10000           67.12           -0.00            0.34
inaccuracy:  0.10000        0.15000           67.41           -0.01            0.24
inaccuracy:  0.15000        0.20000           76.91           -0.00            0.14
inaccuracy:  0.20000        0.25000           75.11           -0.01            0.12
inaccuracy:  0.25000        0.30000           79.78           -0.00            0.09
inaccuracy:  0.30000        0.35000           75.80           -0.01            0.09
inaccuracy:  0.35000        0.40000           79.73           -0.00            0.07
inaccuracy:  0.40000        0.45000           77.11           -0.01            0.08
inaccuracy:  0.45000        0.50000           79.67           -0.00            0.07
inaccuracy:  0.50000        0.55000           73.44           -0.02            0.09
inaccuracy:  0.55000        0.60000           79.19           -0.01            0.06
inaccuracy:  0.60000        0.65000           76.23           -0.02            0.07
inaccuracy:  0.65000        0.70000           80.41           -0.01            0.06
inaccuracy:  0.70000        0.75000           76.31           -0.02            0.06
inaccuracy:  0.75000        0.80000           80.04           -0.01            0.05
inaccuracy:  0.80000        0.85000           78.42           -0.02            0.06
inaccuracy:  0.85000        0.90000           80.81           -0.01            0.05
inaccuracy:  0.90000        0.95000           78.80           -0.02            0.05
inaccuracy:  0.95000        1.00000           79.98           -0.01            0.05
===================================================================================================================================
            	   BAR        
-----------------------------------------------------------------------------------------------------------------------------------
BAR-estimator:         λ             λ+δλ          ΔΔA             ΔA            C               Δδe            δe       
                          
-----------------------------------------------------------------------------------------------------------------------------------
BAR-estimator:      0.00000        0.05000        0.6597         0.6597         0.6597         0.0105         0.0105 
BAR-estimator:      0.05000        0.10000        0.3809         1.0406         0.3809         0.0077         0.0130 
BAR-estimator:      0.10000        0.15000        0.2145         1.2551         0.2145         0.0051         0.0139 
BAR-estimator:      0.15000        0.20000        0.1528         1.4079         0.1528         0.0039         0.0145 
BAR-estimator:      0.20000        0.25000        0.1038         1.5118         0.1038         0.0037         0.0149 
BAR-estimator:      0.25000        0.30000        0.0765         1.5883         0.0765         0.0034         0.0153 
BAR-estimator:      0.30000        0.35000        0.0530         1.6413         0.0530         0.0030         0.0156 
BAR-estimator:      0.35000        0.40000        0.0341         1.6754         0.0341         0.0032         0.0159 
BAR-estimator:      0.40000        0.45000        0.0121         1.6875         0.0121         0.0029         0.0162 
BAR-estimator:      0.45000        0.50000        0.0016         1.6891         0.0016         0.0028         0.0164 
BAR-estimator:      0.50000        0.55000       -0.0297         1.6594        -0.0297         0.0028         0.0167 
BAR-estimator:      0.55000        0.60000       -0.0568         1.6026        -0.0568         0.0024         0.0168 
BAR-estimator:      0.60000        0.65000       -0.0920         1.5106        -0.0920         0.0030         0.0171 
BAR-estimator:      0.65000        0.70000       -0.1089         1.4017        -0.1089         0.0029         0.0173 
BAR-estimator:      0.70000        0.75000       -0.1314         1.2703        -0.1314         0.0027         0.0176 
BAR-estimator:      0.75000        0.80000       -0.1468         1.1235        -0.1468         0.0028         0.0178 
BAR-estimator:      0.80000        0.85000       -0.1545         0.9690        -0.1545         0.0026         0.0180 
BAR-estimator:      0.85000        0.90000       -0.1632         0.8058        -0.1632         0.0026         0.0182 
BAR-estimator:      0.90000        0.95000       -0.1755         0.6304        -0.1755         0.0027         0.0184 
BAR-estimator:      0.95000        1.00000       -0.1794         0.4509        -0.1794         0.0026         0.0185 
BAR-estimator: total free energy change is 0.45091137727084274 , total error is 0.018540544819710552
