#========================================================================================
#                     Free energy perturbation    
#----------------------------------------------------------------------------------------
#forward/backward          λ              ΔΔA                 ΔA                  δε   
#                                                 
#----------------------------------------------------------------------------------------
forward:               0.0000              0.0000              0.0000              0.0000  
forward:               0.0500              0.7434              0.7434              0.0106  
forward:               0.1000              0.3827              1.1261              0.0134  
forward:               0.1500              0.2494              1.3755              0.0146  
forward:               0.2000              0.1567              1.5322              0.0156  
forward:               0.2500              0.1108              1.6431              0.0162  
forward:               0.3000              0.0753              1.7184              0.0167  
forward:               0.3500              0.0557              1.7741              0.0171  
forward:               0.4000              0.0357              1.8098              0.0175  
forward:               0.4500              0.0252              1.8350              0.0178  
forward:               0.5000              0.0104              1.8454              0.0181  
forward:               0.5500             -0.0117              1.8337              0.0184  
forward:               0.6000             -0.0527              1.7811              0.0188  
forward:               0.6500             -0.0752              1.7059              0.0190  
forward:               0.7000             -0.1131              1.5928              0.0192  
forward:               0.7500             -0.1222              1.4706              0.0195  
forward:               0.8000             -0.1394              1.3312              0.0198  
forward:               0.8500             -0.1466              1.1846              0.0200  
forward:               0.9000             -0.1570              1.0276              0.0202  
forward:               0.9500             -0.1658              0.8618              0.0204  
forward:               1.0000             -0.1710              0.6908              0.0206  
backward:              1.0000              0.0000              0.6908              0.0000  
backward:              0.9500              0.1697              0.8604              0.0037  
backward:              0.9000              0.1632              1.0236              0.0053  
backward:              0.8500              0.1596              1.1832              0.0062  
backward:              0.8000              0.1459              1.3291              0.0071  
backward:              0.7500              0.1403              1.4694              0.0080  
backward:              0.7000              0.1230              1.5925              0.0089  
backward:              0.6500              0.1036              1.6961              0.0098  
backward:              0.6000              0.0836              1.7797              0.0105  
backward:              0.5500              0.0567              1.8363              0.0113  
backward:              0.5000              0.0085              1.8449              0.0120  
backward:              0.4500             -0.0051              1.8397              0.0126  
backward:              0.4000             -0.0244              1.8153              0.0132  
backward:              0.3500             -0.0427              1.7726              0.0149  
backward:              0.3000             -0.0550              1.7176              0.0155  
backward:              0.2500             -0.0835              1.6341              0.0163  
backward:              0.2000             -0.1162              1.5180              0.0171  
backward:              0.1500             -0.1617              1.3563              0.0184  
backward:              0.1000             -0.2461              1.1103              0.0202  
backward:              0.0500             -0.3837              0.7266              0.0230  
backward:              0.0000             -0.7629             -0.0363              0.0364  
Inaccuracy estimation
======================================================================================================
                   i        i+δi          P0_overlap_P1   δε(forward)/ε   δε(backward)/ε
======================================================================================================
inaccuracy:  0.00000        0.05000           42.17           -0.02            1.18
inaccuracy:  0.05000        0.10000           65.71           -0.00            0.34
inaccuracy:  0.10000        0.15000           65.29           -0.01            0.26
inaccuracy:  0.15000        0.20000           75.18           -0.00            0.14
inaccuracy:  0.20000        0.25000           74.56           -0.01            0.11
inaccuracy:  0.25000        0.30000           78.48           -0.01            0.09
inaccuracy:  0.30000        0.35000           77.26           -0.00            0.09
inaccuracy:  0.35000        0.40000           79.71           -0.01            0.07
inaccuracy:  0.40000        0.45000           77.74           -0.01            0.08
inaccuracy:  0.45000        0.50000           79.47           -0.00            0.07
inaccuracy:  0.50000        0.55000           73.34           -0.02            0.08
inaccuracy:  0.55000        0.60000           78.18           -0.01            0.06
inaccuracy:  0.60000        0.65000           76.07           -0.02            0.07
inaccuracy:  0.65000        0.70000           80.83           -0.01            0.06
inaccuracy:  0.70000        0.75000           77.99           -0.02            0.06
inaccuracy:  0.75000        0.80000           79.43           -0.01            0.06
inaccuracy:  0.80000        0.85000           78.38           -0.02            0.06
inaccuracy:  0.85000        0.90000           79.30           -0.01            0.05
inaccuracy:  0.90000        0.95000           78.12           -0.02            0.05
inaccuracy:  0.95000        1.00000           78.78           -0.01            0.05
===================================================================================================================================
            	   BAR        
-----------------------------------------------------------------------------------------------------------------------------------
BAR-estimator:         λ             λ+δλ          ΔΔA             ΔA            C               Δδe            δe       
                          
-----------------------------------------------------------------------------------------------------------------------------------
BAR-estimator:      0.00000        0.05000        0.6501         0.6501         0.6501         0.0067         0.0067 
BAR-estimator:      0.05000        0.10000        0.3856         1.0356         0.3856         0.0050         0.0084 
BAR-estimator:      0.10000        0.15000        0.2230         1.2586         0.2230         0.0041         0.0093 
BAR-estimator:      0.15000        0.20000        0.1591         1.4178         0.1591         0.0038         0.0101 
BAR-estimator:      0.20000        0.25000        0.1009         1.5187         0.1009         0.0029         0.0105 
BAR-estimator:      0.25000        0.30000        0.0790         1.5977         0.0790         0.0030         0.0109 
BAR-estimator:      0.30000        0.35000        0.0476         1.6453         0.0476         0.0026         0.0112 
BAR-estimator:      0.35000        0.40000        0.0370         1.6823         0.0370         0.0024         0.0115 
BAR-estimator:      0.40000        0.45000        0.0171         1.6993         0.0171         0.0032         0.0119 
BAR-estimator:      0.45000        0.50000        0.0091         1.7084         0.0091         0.0024         0.0122 
BAR-estimator:      0.50000        0.55000       -0.0332         1.6752        -0.0332         0.0026         0.0124 
BAR-estimator:      0.55000        0.60000       -0.0550         1.6202        -0.0550         0.0024         0.0127 
BAR-estimator:      0.60000        0.65000       -0.0896         1.5306        -0.0896         0.0024         0.0129 
BAR-estimator:      0.65000        0.70000       -0.1098         1.4208        -0.1098         0.0020         0.0131 
BAR-estimator:      0.70000        0.75000       -0.1319         1.2889        -0.1319         0.0023         0.0133 
BAR-estimator:      0.75000        0.80000       -0.1404         1.1485        -0.1404         0.0024         0.0135 
BAR-estimator:      0.80000        0.85000       -0.1520         0.9965        -0.1520         0.0024         0.0137 
BAR-estimator:      0.85000        0.90000       -0.1572         0.8393        -0.1572         0.0024         0.0139 
BAR-estimator:      0.90000        0.95000       -0.1705         0.6688        -0.1705         0.0024         0.0141 
BAR-estimator:      0.95000        1.00000       -0.1716         0.4972        -0.1716         0.0021         0.0142 
BAR-estimator: total free energy change is 0.49717421148583213 , total error is 0.014248298900653131
