#========================================================================================
#                     Free energy perturbation    
#----------------------------------------------------------------------------------------
#forward/backward          λ              ΔΔA                 ΔA                  δε   
#                                                 
#----------------------------------------------------------------------------------------
forward:               0.0000              0.0000              0.0000              0.0000  
forward:               0.0500              1.0011              1.0011              0.0183  
forward:               0.1000              0.5285              1.5296              0.0212  
forward:               0.1500              0.3124              1.8420              0.0227  
forward:               0.2000              0.1944              2.0364              0.0234  
forward:               0.2500              0.1248              2.1612              0.0242  
forward:               0.3000              0.0748              2.2361              0.0246  
forward:               0.3500              0.0457              2.2818              0.0252  
forward:               0.4000              0.0301              2.3119              0.0256  
forward:               0.4500              0.0103              2.3222              0.0259  
forward:               0.5000             -0.0045              2.3177              0.0262  
forward:               0.5500             -0.0271              2.2906              0.0265  
forward:               0.6000             -0.0739              2.2167              0.0268  
forward:               0.6500             -0.1032              2.1136              0.0270  
forward:               0.7000             -0.1296              1.9840              0.0272  
forward:               0.7500             -0.1480              1.8360              0.0275  
forward:               0.8000             -0.1630              1.6730              0.0277  
forward:               0.8500             -0.1801              1.4929              0.0279  
forward:               0.9000             -0.1823              1.3106              0.0280  
forward:               0.9500             -0.1872              1.1234              0.0282  
forward:               1.0000             -0.2009              0.9225              0.0284  
backward:              1.0000              0.0000              0.9225              0.0000  
backward:              0.9500              0.2043              1.1269              0.0035  
backward:              0.9000              0.1875              1.3144              0.0054  
backward:              0.8500              0.1870              1.5014              0.0065  
backward:              0.8000              0.1745              1.6759              0.0076  
backward:              0.7500              0.1749              1.8508              0.0080  
backward:              0.7000              0.1407              1.9915              0.0091  
backward:              0.6500              0.1297              2.1212              0.0099  
backward:              0.6000              0.0942              2.2155              0.0108  
backward:              0.5500              0.0794              2.2949              0.0116  
backward:              0.5000              0.0273              2.3222              0.0126  
backward:              0.4500              0.0152              2.3374              0.0133  
backward:              0.4000             -0.0175              2.3199              0.0142  
backward:              0.3500             -0.0272              2.2926              0.0150  
backward:              0.3000             -0.0398              2.2529              0.0158  
backward:              0.2500             -0.0835              2.1694              0.0172  
backward:              0.2000             -0.1244              2.0449              0.0183  
backward:              0.1500             -0.1964              1.8486              0.0203  
backward:              0.1000             -0.3160              1.5325              0.0230  
backward:              0.0500             -0.5008              1.0317              0.0266  
backward:              0.0000             -0.9268              0.1049              0.0381  
Inaccuracy estimation
======================================================================================================
                   i        i+δi          P0_overlap_P1   δε(forward)/ε   δε(backward)/ε
======================================================================================================
inaccuracy:  0.00000        0.05000           44.23           -0.02            1.25
inaccuracy:  0.05000        0.10000           58.62           -0.02            0.51
inaccuracy:  0.10000        0.15000           66.28           -0.01            0.27
inaccuracy:  0.15000        0.20000           70.81           -0.01            0.19
inaccuracy:  0.20000        0.25000           73.84           -0.01            0.14
inaccuracy:  0.25000        0.30000           76.32           -0.00            0.12
inaccuracy:  0.30000        0.35000           76.20           -0.01            0.10
inaccuracy:  0.35000        0.40000           76.20           -0.01            0.09
inaccuracy:  0.40000        0.45000           78.29           -0.00            0.08
inaccuracy:  0.45000        0.50000           77.08           -0.01            0.08
inaccuracy:  0.50000        0.55000           76.03           -0.02            0.09
inaccuracy:  0.55000        0.60000           76.69           -0.02            0.07
inaccuracy:  0.60000        0.65000           77.75           -0.01            0.07
inaccuracy:  0.65000        0.70000           77.55           -0.02            0.07
inaccuracy:  0.70000        0.75000           78.24           -0.02            0.06
inaccuracy:  0.75000        0.80000           76.47           -0.02            0.07
inaccuracy:  0.80000        0.85000           78.39           -0.01            0.06
inaccuracy:  0.85000        0.90000           77.32           -0.02            0.06
inaccuracy:  0.90000        0.95000           76.68           -0.02            0.06
inaccuracy:  0.95000        1.00000           76.78           -0.02            0.07
===================================================================================================================================
                BAR        
-----------------------------------------------------------------------------------------------------------------------------------
BAR-estimator:         λ             λ+δλ          ΔΔA             ΔA            C               Δδe            δe       
                          
-----------------------------------------------------------------------------------------------------------------------------------
BAR-estimator:      0.00000        0.05000        0.9879         0.9879         0.9879         0.0111         0.0111 
BAR-estimator:      0.05000        0.10000        0.5164         1.5043         0.5164         0.0065         0.0128 
BAR-estimator:      0.10000        0.15000        0.3124         1.8167         0.3124         0.0054         0.0139 
BAR-estimator:      0.15000        0.20000        0.1911         2.0078         0.1911         0.0043         0.0145 
BAR-estimator:      0.20000        0.25000        0.1244         2.1323         0.1244         0.0041         0.0151 
BAR-estimator:      0.25000        0.30000        0.0795         2.2118         0.0795         0.0033         0.0155 
BAR-estimator:      0.30000        0.35000        0.0437         2.2554         0.0437         0.0035         0.0159 
BAR-estimator:      0.35000        0.40000        0.0266         2.2820         0.0266         0.0029         0.0161 
BAR-estimator:      0.40000        0.45000        0.0133         2.2954         0.0133         0.0028         0.0164 
BAR-estimator:      0.45000        0.50000       -0.0077         2.2877        -0.0077         0.0027         0.0166 
BAR-estimator:      0.50000        0.55000       -0.0280         2.2597        -0.0280         0.0031         0.0169 
BAR-estimator:      0.55000        0.60000       -0.0757         2.1839        -0.0757         0.0027         0.0171 
BAR-estimator:      0.60000        0.65000       -0.0999         2.0840        -0.0999         0.0027         0.0173 
BAR-estimator:      0.65000        0.70000       -0.1294         1.9546        -0.1294         0.0027         0.0175 
BAR-estimator:      0.70000        0.75000       -0.1442         1.8103        -0.1442         0.0028         0.0177 
BAR-estimator:      0.75000        0.80000       -0.1662         1.6442        -0.1662         0.0026         0.0179 
BAR-estimator:      0.80000        0.85000       -0.1779         1.4662        -0.1779         0.0023         0.0181 
BAR-estimator:      0.85000        0.90000       -0.1843         1.2819        -0.1843         0.0028         0.0183 
BAR-estimator:      0.90000        0.95000       -0.1890         1.0929        -0.1890         0.0028         0.0185 
BAR-estimator:      0.95000        1.00000       -0.2013         0.8916        -0.2013         0.0028         0.0187 
BAR-estimator: total free energy change is 0.8916064136701081 , total error is 0.018715405483497937
