#========================================================================================
#                     Free energy perturbation    
#----------------------------------------------------------------------------------------
#forward/backward          λ              ΔΔA                 ΔA                  δε   
#                                                 
#----------------------------------------------------------------------------------------
forward:               0.0000              0.0000              0.0000              0.0000  
forward:               0.0500              0.9664              0.9664              0.0131  
forward:               0.1000              0.5092              1.4755              0.0156  
forward:               0.1500              0.3080              1.7835              0.0171  
forward:               0.2000              0.1987              1.9822              0.0180  
forward:               0.2500              0.1273              2.1095              0.0189  
forward:               0.3000              0.0798              2.1893              0.0194  
forward:               0.3500              0.0485              2.2378              0.0198  
forward:               0.4000              0.0275              2.2653              0.0201  
forward:               0.4500              0.0029              2.2682              0.0204  
forward:               0.5000             -0.0108              2.2574              0.0206  
forward:               0.5500             -0.0302              2.2272              0.0209  
forward:               0.6000             -0.0679              2.1593              0.0211  
forward:               0.6500             -0.1065              2.0528              0.0213  
forward:               0.7000             -0.1334              1.9194              0.0215  
forward:               0.7500             -0.1503              1.7691              0.0218  
forward:               0.8000             -0.1662              1.6029              0.0221  
forward:               0.8500             -0.1767              1.4262              0.0223  
forward:               0.9000             -0.1881              1.2381              0.0225  
forward:               0.9500             -0.1971              1.0410              0.0226  
forward:               1.0000             -0.1970              0.8440              0.0228  
backward:              1.0000              0.0000              0.8440              0.0000  
backward:              0.9500              0.1982              1.0422              0.0049  
backward:              0.9000              0.1933              1.2354              0.0063  
backward:              0.8500              0.1877              1.4231              0.0072  
backward:              0.8000              0.1754              1.5985              0.0080  
backward:              0.7500              0.1652              1.7637              0.0088  
backward:              0.7000              0.1519              1.9156              0.0096  
backward:              0.6500              0.1299              2.0455              0.0105  
backward:              0.6000              0.0970              2.1425              0.0113  
backward:              0.5500              0.0741              2.2166              0.0120  
backward:              0.5000              0.0341              2.2507              0.0127  
backward:              0.4500              0.0128              2.2634              0.0133  
backward:              0.4000             -0.0061              2.2573              0.0141  
backward:              0.3500             -0.0271              2.2303              0.0148  
backward:              0.3000             -0.0515              2.1788              0.0157  
backward:              0.2500             -0.0863              2.0925              0.0165  
backward:              0.2000             -0.1288              1.9636              0.0175  
backward:              0.1500             -0.1984              1.7652              0.0187  
backward:              0.1000             -0.3194              1.4458              0.0211  
backward:              0.0500             -0.5125              0.9333              0.0247  
backward:              0.0000             -0.9904             -0.0571              0.0355  
Inaccuracy estimation
======================================================================================================
                   i        i+δi          P0_overlap_P1   δε(forward)/ε   δε(backward)/ε
======================================================================================================
inaccuracy:  0.00000        0.05000           46.46           -0.03            1.21
inaccuracy:  0.05000        0.10000           59.43           -0.01            0.49
inaccuracy:  0.10000        0.15000           67.24           -0.00            0.27
inaccuracy:  0.15000        0.20000           70.97           -0.01            0.18
inaccuracy:  0.20000        0.25000           74.15           -0.01            0.14
inaccuracy:  0.25000        0.30000           76.28           -0.01            0.12
inaccuracy:  0.30000        0.35000           77.09           -0.00            0.10
inaccuracy:  0.35000        0.40000           76.64           -0.01            0.09
inaccuracy:  0.40000        0.45000           78.14           -0.01            0.08
inaccuracy:  0.45000        0.50000           77.58           -0.01            0.08
inaccuracy:  0.50000        0.55000           75.60           -0.02            0.08
inaccuracy:  0.55000        0.60000           76.30           -0.02            0.08
inaccuracy:  0.60000        0.65000           77.88           -0.02            0.07
inaccuracy:  0.65000        0.70000           78.40           -0.02            0.07
inaccuracy:  0.70000        0.75000           77.68           -0.01            0.06
inaccuracy:  0.75000        0.80000           77.63           -0.02            0.06
inaccuracy:  0.80000        0.85000           77.76           -0.02            0.06
inaccuracy:  0.85000        0.90000           76.99           -0.02            0.06
inaccuracy:  0.90000        0.95000           77.45           -0.02            0.06
inaccuracy:  0.95000        1.00000           76.38           -0.02            0.07
===================================================================================================================================
                BAR        
-----------------------------------------------------------------------------------------------------------------------------------
BAR-estimator:         λ             λ+δλ          ΔΔA             ΔA            C               Δδe            δe       
                          
-----------------------------------------------------------------------------------------------------------------------------------
BAR-estimator:      0.00000        0.05000        0.9781         0.9781         0.9781         0.0080         0.0080 
BAR-estimator:      0.05000        0.10000        0.5118         1.4898         0.5118         0.0043         0.0091 
BAR-estimator:      0.10000        0.15000        0.3118         1.8016         0.3118         0.0047         0.0103 
BAR-estimator:      0.15000        0.20000        0.2005         2.0021         0.2005         0.0049         0.0114 
BAR-estimator:      0.20000        0.25000        0.1286         2.1307         0.1286         0.0037         0.0120 
BAR-estimator:      0.25000        0.30000        0.0837         2.2144         0.0837         0.0053         0.0131 
BAR-estimator:      0.30000        0.35000        0.0507         2.2651         0.0507         0.0027         0.0134 
BAR-estimator:      0.35000        0.40000        0.0261         2.2912         0.0261         0.0026         0.0136 
BAR-estimator:      0.40000        0.45000        0.0049         2.2961         0.0049         0.0022         0.0138 
BAR-estimator:      0.45000        0.50000       -0.0122         2.2839        -0.0122         0.0023         0.0140 
BAR-estimator:      0.50000        0.55000       -0.0326         2.2513        -0.0326         0.0022         0.0142 
BAR-estimator:      0.55000        0.60000       -0.0711         2.1801        -0.0711         0.0026         0.0144 
BAR-estimator:      0.60000        0.65000       -0.1041         2.0760        -0.1041         0.0024         0.0146 
BAR-estimator:      0.65000        0.70000       -0.1322         1.9438        -0.1322         0.0024         0.0148 
BAR-estimator:      0.70000        0.75000       -0.1508         1.7930        -0.1508         0.0026         0.0150 
BAR-estimator:      0.75000        0.80000       -0.1670         1.6261        -0.1670         0.0025         0.0152 
BAR-estimator:      0.80000        0.85000       -0.1770         1.4491        -0.1770         0.0024         0.0154 
BAR-estimator:      0.85000        0.90000       -0.1883         1.2607        -0.1883         0.0025         0.0156 
BAR-estimator:      0.90000        0.95000       -0.1962         1.0645        -0.1962         0.0023         0.0158 
BAR-estimator:      0.95000        1.00000       -0.1994         0.8651        -0.1994         0.0024         0.0160 
BAR-estimator: total free energy change is 0.8650675636360079 , total error is 0.015979411348601976
