#========================================================================================
#                     Free energy perturbation    
#----------------------------------------------------------------------------------------
#forward/backward          λ              ΔΔA                 ΔA                  δε   
#                                                 
#----------------------------------------------------------------------------------------
forward:               0.0000              0.0000              0.0000              0.0000  
forward:               0.0500              1.1692              1.1692              0.0215  
forward:               0.1000              0.5260              1.6952              0.0245  
forward:               0.1500              0.2941              1.9893              0.0257  
forward:               0.2000              0.1678              2.1571              0.0266  
forward:               0.2500              0.1001              2.2572              0.0275  
forward:               0.3000              0.0428              2.3001              0.0280  
forward:               0.3500              0.0160              2.3161              0.0283  
forward:               0.4000             -0.0158              2.3003              0.0285  
forward:               0.4500             -0.0368              2.2635              0.0288  
forward:               0.5000             -0.0616              2.2019              0.0291  
forward:               0.5500             -0.0854              2.1166              0.0293  
forward:               0.6000             -0.1460              1.9705              0.0295  
forward:               0.6500             -0.1762              1.7943              0.0296  
forward:               0.7000             -0.2133              1.5810              0.0298  
forward:               0.7500             -0.2317              1.3493              0.0299  
forward:               0.8000             -0.2558              1.0936              0.0301  
forward:               0.8500             -0.2680              0.8256              0.0302  
forward:               0.9000             -0.2833              0.5423              0.0304  
forward:               0.9500             -0.2980              0.2442              0.0305  
forward:               1.0000             -0.3070             -0.0628              0.0306  
backward:              1.0000              0.0000             -0.0628              0.0000  
backward:              0.9500              0.3057              0.2428              0.0034  
backward:              0.9000              0.2977              0.5406              0.0046  
backward:              0.8500              0.2864              0.8269              0.0056  
backward:              0.8000              0.2594              1.0863              0.0066  
backward:              0.7500              0.2539              1.3402              0.0071  
backward:              0.7000              0.2331              1.5733              0.0078  
backward:              0.6500              0.2117              1.7851              0.0085  
backward:              0.6000              0.1737              1.9587              0.0093  
backward:              0.5500              0.1411              2.0998              0.0099  
backward:              0.5000              0.0867              2.1865              0.0109  
backward:              0.4500              0.0639              2.2504              0.0116  
backward:              0.4000              0.0316              2.2819              0.0123  
backward:              0.3500              0.0137              2.2956              0.0130  
backward:              0.3000             -0.0074              2.2881              0.0137  
backward:              0.2500             -0.0456              2.2425              0.0150  
backward:              0.2000             -0.0950              2.1474              0.0181  
backward:              0.1500             -0.1635              1.9839              0.0196  
backward:              0.1000             -0.2949              1.6890              0.0219  
backward:              0.0500             -0.5342              1.1549              0.0285  
backward:              0.0000             -1.0900              0.0649              0.0429  
Inaccuracy estimation
======================================================================================================
                   i        i+δi          P0_overlap_P1   δε(forward)/ε   δε(backward)/ε
======================================================================================================
inaccuracy:  0.00000        0.05000           40.52           -0.02            2.02
inaccuracy:  0.05000        0.10000           59.59           -0.01            0.53
inaccuracy:  0.10000        0.15000           67.77           -0.01            0.25
inaccuracy:  0.15000        0.20000           72.56           -0.00            0.16
inaccuracy:  0.20000        0.25000           74.36           -0.00            0.12
inaccuracy:  0.25000        0.30000           77.21           -0.01            0.09
inaccuracy:  0.30000        0.35000           77.57           -0.01            0.08
inaccuracy:  0.35000        0.40000           79.67           -0.01            0.07
inaccuracy:  0.40000        0.45000           80.94           -0.00            0.06
inaccuracy:  0.45000        0.50000           80.75           -0.01            0.05
inaccuracy:  0.50000        0.55000           77.34           -0.02            0.06
inaccuracy:  0.55000        0.60000           79.53           -0.02            0.05
inaccuracy:  0.60000        0.65000           80.13           -0.01            0.05
inaccuracy:  0.65000        0.70000           80.32           -0.02            0.05
inaccuracy:  0.70000        0.75000           79.54           -0.02            0.04
inaccuracy:  0.75000        0.80000           80.00           -0.02            0.04
inaccuracy:  0.80000        0.85000           81.11           -0.01            0.04
inaccuracy:  0.85000        0.90000           79.15           -0.02            0.04
inaccuracy:  0.90000        0.95000           80.23           -0.02            0.04
inaccuracy:  0.95000        1.00000           80.21           -0.02            0.04
===================================================================================================================================
                BAR        
-----------------------------------------------------------------------------------------------------------------------------------
BAR-estimator:         λ             λ+δλ          ΔΔA             ΔA            C               Δδe            δe       
                          
-----------------------------------------------------------------------------------------------------------------------------------
BAR-estimator:      0.00000        0.05000        1.1753         1.1753         1.1753         0.0121         0.0121 
BAR-estimator:      0.05000        0.10000        0.5306         1.7059         0.5306         0.0076         0.0143 
BAR-estimator:      0.10000        0.15000        0.2938         1.9998         0.2938         0.0050         0.0152 
BAR-estimator:      0.15000        0.20000        0.1667         2.1664         0.1667         0.0044         0.0158 
BAR-estimator:      0.20000        0.25000        0.0970         2.2634         0.0970         0.0035         0.0162 
BAR-estimator:      0.25000        0.30000        0.0409         2.3043         0.0409         0.0035         0.0166 
BAR-estimator:      0.30000        0.35000        0.0120         2.3163         0.0120         0.0026         0.0168 
BAR-estimator:      0.35000        0.40000       -0.0145         2.3018        -0.0145         0.0027         0.0170 
BAR-estimator:      0.40000        0.45000       -0.0350         2.2668        -0.0350         0.0027         0.0172 
BAR-estimator:      0.45000        0.50000       -0.0619         2.2049        -0.0619         0.0027         0.0174 
BAR-estimator:      0.50000        0.55000       -0.0882         2.1167        -0.0882         0.0029         0.0176 
BAR-estimator:      0.55000        0.60000       -0.1440         1.9728        -0.1440         0.0024         0.0178 
BAR-estimator:      0.60000        0.65000       -0.1756         1.7972        -0.1756         0.0024         0.0180 
BAR-estimator:      0.65000        0.70000       -0.2115         1.5857        -0.2115         0.0023         0.0181 
BAR-estimator:      0.70000        0.75000       -0.2331         1.3525        -0.2331         0.0027         0.0183 
BAR-estimator:      0.75000        0.80000       -0.2558         1.0967        -0.2558         0.0024         0.0185 
BAR-estimator:      0.80000        0.85000       -0.2647         0.8320        -0.2647         0.0024         0.0186 
BAR-estimator:      0.85000        0.90000       -0.2852         0.5468        -0.2852         0.0022         0.0188 
BAR-estimator:      0.90000        0.95000       -0.2976         0.2492        -0.2976         0.0023         0.0189 
BAR-estimator:      0.95000        1.00000       -0.3054        -0.0562        -0.3054         0.0024         0.0190 
BAR-estimator: total free energy change is -0.05621010137592353 , total error is 0.019048709557240244
