#========================================================================================
#                     Free energy perturbation    
#----------------------------------------------------------------------------------------
#forward/backward          λ              ΔΔA                 ΔA                  δε   
#                                                 
#----------------------------------------------------------------------------------------
forward:               0.0000              0.0000              0.0000              0.0000  
forward:               0.0500              1.1956              1.1956              0.0168  
forward:               0.1000              0.5556              1.7512              0.0201  
forward:               0.1500              0.3035              2.0547              0.0213  
forward:               0.2000              0.1785              2.2333              0.0221  
forward:               0.2500              0.1063              2.3396              0.0226  
forward:               0.3000              0.0564              2.3959              0.0230  
forward:               0.3500              0.0224              2.4184              0.0233  
forward:               0.4000             -0.0027              2.4157              0.0236  
forward:               0.4500             -0.0281              2.3876              0.0238  
forward:               0.5000             -0.0453              2.3422              0.0240  
forward:               0.5500             -0.0899              2.2523              0.0243  
forward:               0.6000             -0.1389              2.1134              0.0245  
forward:               0.6500             -0.1766              1.9368              0.0247  
forward:               0.7000             -0.2074              1.7294              0.0248  
forward:               0.7500             -0.2326              1.4968              0.0250  
forward:               0.8000             -0.2557              1.2411              0.0252  
forward:               0.8500             -0.2676              0.9735              0.0253  
forward:               0.9000             -0.2858              0.6877              0.0255  
forward:               0.9500             -0.2965              0.3912              0.0256  
forward:               1.0000             -0.3068              0.0844              0.0257  
backward:              1.0000              0.0000              0.0844              0.0000  
backward:              0.9500              0.3104              0.3948              0.0029  
backward:              0.9000              0.2977              0.6925              0.0043  
backward:              0.8500              0.2833              0.9758              0.0053  
backward:              0.8000              0.2667              1.2426              0.0062  
backward:              0.7500              0.2544              1.4969              0.0069  
backward:              0.7000              0.2296              1.7265              0.0075  
backward:              0.6500              0.2083              1.9348              0.0082  
backward:              0.6000              0.1819              2.1167              0.0089  
backward:              0.5500              0.1367              2.2533              0.0095  
backward:              0.5000              0.0872              2.3405              0.0100  
backward:              0.4500              0.0496              2.3901              0.0105  
backward:              0.4000              0.0325              2.4226              0.0111  
backward:              0.3500              0.0030              2.4256              0.0119  
backward:              0.3000             -0.0190              2.4066              0.0127  
backward:              0.2500             -0.0454              2.3612              0.0139  
backward:              0.2000             -0.1001              2.2611              0.0149  
backward:              0.1500             -0.1882              2.0730              0.0178  
backward:              0.1000             -0.2996              1.7733              0.0196  
backward:              0.0500             -0.5251              1.2482              0.0245  
backward:              0.0000             -1.1091              0.1391              0.0359  
Inaccuracy estimation
======================================================================================================
                   i        i+δi          P0_overlap_P1   δε(forward)/ε   δε(backward)/ε
======================================================================================================
inaccuracy:  0.00000        0.05000           39.55           -0.02            2.03
inaccuracy:  0.05000        0.10000           57.72           -0.01            0.55
inaccuracy:  0.10000        0.15000           66.52           -0.01            0.27
inaccuracy:  0.15000        0.20000           73.00           -0.01            0.16
inaccuracy:  0.20000        0.25000           75.11           -0.01            0.12
inaccuracy:  0.25000        0.30000           76.19           -0.00            0.10
inaccuracy:  0.30000        0.35000           78.38           -0.01            0.08
inaccuracy:  0.35000        0.40000           79.42           -0.01            0.07
inaccuracy:  0.40000        0.45000           79.40           -0.01            0.07
inaccuracy:  0.45000        0.50000           79.98           -0.01            0.06
inaccuracy:  0.50000        0.55000           78.33           -0.02            0.06
inaccuracy:  0.55000        0.60000           78.97           -0.02            0.05
inaccuracy:  0.60000        0.65000           79.22           -0.01            0.05
inaccuracy:  0.65000        0.70000           79.54           -0.02            0.05
inaccuracy:  0.70000        0.75000           80.34           -0.02            0.04
inaccuracy:  0.75000        0.80000           80.08           -0.02            0.04
inaccuracy:  0.80000        0.85000           79.87           -0.02            0.04
inaccuracy:  0.85000        0.90000           79.77           -0.01            0.04
inaccuracy:  0.90000        0.95000           79.49           -0.02            0.04
inaccuracy:  0.95000        1.00000           79.29           -0.02            0.04
===================================================================================================================================
                BAR        
-----------------------------------------------------------------------------------------------------------------------------------
BAR-estimator:         λ             λ+δλ          ΔΔA             ΔA            C               Δδe            δe       
                          
-----------------------------------------------------------------------------------------------------------------------------------
BAR-estimator:      0.00000        0.05000        1.1960         1.1960         1.1960         0.0086         0.0086 
BAR-estimator:      0.05000        0.10000        0.5498         1.7458         0.5498         0.0096         0.0129 
BAR-estimator:      0.10000        0.15000        0.3027         2.0485         0.3027         0.0046         0.0137 
BAR-estimator:      0.15000        0.20000        0.1803         2.2288         0.1803         0.0023         0.0139 
BAR-estimator:      0.20000        0.25000        0.1059         2.3347         0.1059         0.0036         0.0143 
BAR-estimator:      0.25000        0.30000        0.0531         2.3878         0.0531         0.0026         0.0146 
BAR-estimator:      0.30000        0.35000        0.0220         2.4099         0.0220         0.0027         0.0148 
BAR-estimator:      0.35000        0.40000       -0.0029         2.4069        -0.0029         0.0025         0.0150 
BAR-estimator:      0.40000        0.45000       -0.0305         2.3764        -0.0305         0.0024         0.0152 
BAR-estimator:      0.45000        0.50000       -0.0464         2.3300        -0.0464         0.0021         0.0154 
BAR-estimator:      0.50000        0.55000       -0.0889         2.2411        -0.0889         0.0024         0.0156 
BAR-estimator:      0.55000        0.60000       -0.1390         2.1021        -0.1390         0.0018         0.0157 
BAR-estimator:      0.60000        0.65000       -0.1773         1.9248        -0.1773         0.0023         0.0158 
BAR-estimator:      0.65000        0.70000       -0.2074         1.7174        -0.2074         0.0021         0.0160 
BAR-estimator:      0.70000        0.75000       -0.2315         1.4859        -0.2315         0.0021         0.0161 
BAR-estimator:      0.75000        0.80000       -0.2553         1.2306        -0.2553         0.0021         0.0162 
BAR-estimator:      0.80000        0.85000       -0.2669         0.9637        -0.2669         0.0019         0.0163 
BAR-estimator:      0.85000        0.90000       -0.2854         0.6783        -0.2854         0.0022         0.0165 
BAR-estimator:      0.90000        0.95000       -0.2978         0.3806        -0.2978         0.0023         0.0167 
BAR-estimator:      0.95000        1.00000       -0.3085         0.0721        -0.3085         0.0020         0.0168 
BAR-estimator: total free energy change is 0.07208661496104601 , total error is 0.01676660023742624
