#========================================================================================
#                     Free energy perturbation    
#----------------------------------------------------------------------------------------
#forward/backward          λ              ΔΔA                 ΔA                  δε   
#                                                 
#----------------------------------------------------------------------------------------
forward:               0.0000              0.0000              0.0000              0.0000  
forward:               0.0500              0.8208              0.8208              0.0149  
forward:               0.1000              0.4466              1.2674              0.0169  
forward:               0.1500              0.2828              1.5502              0.0183  
forward:               0.2000              0.1869              1.7371              0.0193  
forward:               0.2500              0.1278              1.8649              0.0204  
forward:               0.3000              0.0866              1.9515              0.0210  
forward:               0.3500              0.0669              2.0183              0.0215  
forward:               0.4000              0.0471              2.0654              0.0219  
forward:               0.4500              0.0267              2.0921              0.0222  
forward:               0.5000              0.0130              2.1052              0.0225  
forward:               0.5500             -0.0177              2.0875              0.0228  
forward:               0.6000             -0.0821              2.0053              0.0230  
forward:               0.6500             -0.1249              1.8804              0.0234  
forward:               0.7000             -0.1774              1.7031              0.0237  
forward:               0.7500             -0.2038              1.4993              0.0240  
forward:               0.8000             -0.2307              1.2686              0.0242  
forward:               0.8500             -0.2573              1.0113              0.0244  
forward:               0.9000             -0.2787              0.7326              0.0247  
forward:               0.9500             -0.2919              0.4406              0.0249  
forward:               1.0000             -0.3044              0.1362              0.0251  
backward:              1.0000              0.0000              0.1362              0.0000  
backward:              0.9500              0.2985              0.4348              0.0041  
backward:              0.9000              0.3019              0.7367              0.0058  
backward:              0.8500              0.2784              1.0151              0.0070  
backward:              0.8000              0.2545              1.2695              0.0079  
backward:              0.7500              0.2404              1.5100              0.0087  
backward:              0.7000              0.2030              1.7130              0.0096  
backward:              0.6500              0.1710              1.8840              0.0105  
backward:              0.6000              0.1297              2.0137              0.0112  
backward:              0.5500              0.0790              2.0927              0.0121  
backward:              0.5000              0.0130              2.1057              0.0129  
backward:              0.4500             -0.0094              2.0964              0.0137  
backward:              0.4000             -0.0245              2.0718              0.0144  
backward:              0.3500             -0.0511              2.0207              0.0152  
backward:              0.3000             -0.0788              1.9419              0.0162  
backward:              0.2500             -0.1020              1.8399              0.0171  
backward:              0.2000             -0.1410              1.6989              0.0183  
backward:              0.1500             -0.1909              1.5080              0.0197  
backward:              0.1000             -0.2921              1.2159              0.0217  
backward:              0.0500             -0.4198              0.7961              0.0243  
backward:              0.0000             -0.7890              0.0071              0.0370  
Inaccuracy estimation
======================================================================================================
                   i        i+δi          P0_overlap_P1   δε(forward)/ε   δε(backward)/ε
======================================================================================================
inaccuracy:  0.00000        0.05000           50.34           -0.02            0.97
inaccuracy:  0.05000        0.10000           61.97           -0.01            0.44
inaccuracy:  0.10000        0.15000           70.43           -0.00            0.24
inaccuracy:  0.15000        0.20000           72.32           -0.01            0.16
inaccuracy:  0.20000        0.25000           76.85           -0.01            0.13
inaccuracy:  0.25000        0.30000           78.04           -0.00            0.10
inaccuracy:  0.30000        0.35000           78.51           -0.01            0.09
inaccuracy:  0.35000        0.40000           78.48           -0.00            0.09
inaccuracy:  0.40000        0.45000           78.96           -0.00            0.08
inaccuracy:  0.45000        0.50000           78.48           -0.01            0.07
inaccuracy:  0.50000        0.55000           76.70           -0.02            0.08
inaccuracy:  0.55000        0.60000           77.11           -0.02            0.07
inaccuracy:  0.60000        0.65000           76.12           -0.02            0.07
inaccuracy:  0.65000        0.70000           77.73           -0.02            0.06
inaccuracy:  0.70000        0.75000           78.72           -0.03            0.06
inaccuracy:  0.75000        0.80000           76.84           -0.02            0.06
inaccuracy:  0.80000        0.85000           77.52           -0.03            0.06
inaccuracy:  0.85000        0.90000           76.97           -0.02            0.06
inaccuracy:  0.90000        0.95000           76.02           -0.03            0.06
inaccuracy:  0.95000        1.00000           76.84           -0.02            0.06
===================================================================================================================================
                BAR        
-----------------------------------------------------------------------------------------------------------------------------------
BAR-estimator:         λ             λ+δλ          ΔΔA             ΔA            C               Δδe            δe       
                          
-----------------------------------------------------------------------------------------------------------------------------------
BAR-estimator:      0.00000        0.05000        0.8199         0.8199         0.8199         0.0095         0.0095 
BAR-estimator:      0.05000        0.10000        0.4458         1.2657         0.4458         0.0069         0.0117 
BAR-estimator:      0.10000        0.15000        0.2881         1.5537         0.2881         0.0048         0.0127 
BAR-estimator:      0.15000        0.20000        0.1857         1.7395         0.1857         0.0042         0.0133 
BAR-estimator:      0.20000        0.25000        0.1346         1.8741         0.1346         0.0036         0.0138 
BAR-estimator:      0.25000        0.30000        0.0925         1.9666         0.0925         0.0019         0.0139 
BAR-estimator:      0.30000        0.35000        0.0701         2.0367         0.0701         0.0029         0.0143 
BAR-estimator:      0.35000        0.40000        0.0481         2.0847         0.0481         0.0029         0.0145 
BAR-estimator:      0.40000        0.45000        0.0291         2.1139         0.0291         0.0027         0.0148 
BAR-estimator:      0.45000        0.50000        0.0104         2.1243         0.0104         0.0026         0.0150 
BAR-estimator:      0.50000        0.55000       -0.0153         2.1090        -0.0153         0.0028         0.0153 
BAR-estimator:      0.55000        0.60000       -0.0813         2.0277        -0.0813         0.0024         0.0155 
BAR-estimator:      0.60000        0.65000       -0.1272         1.9005        -0.1272         0.0028         0.0157 
BAR-estimator:      0.65000        0.70000       -0.1744         1.7260        -0.1744         0.0029         0.0160 
BAR-estimator:      0.70000        0.75000       -0.2029         1.5231        -0.2029         0.0028         0.0162 
BAR-estimator:      0.75000        0.80000       -0.2338         1.2893        -0.2338         0.0031         0.0165 
BAR-estimator:      0.80000        0.85000       -0.2555         1.0338        -0.2555         0.0027         0.0167 
BAR-estimator:      0.85000        0.90000       -0.2788         0.7550        -0.2788         0.0028         0.0170 
BAR-estimator:      0.90000        0.95000       -0.2954         0.4596        -0.2954         0.0027         0.0172 
BAR-estimator:      0.95000        1.00000       -0.3040         0.1555        -0.3040         0.0027         0.0174 
BAR-estimator: total free energy change is 0.15553817127615405 , total error is 0.017376761343077567
