#========================================================================================
#                     Free energy perturbation    
#----------------------------------------------------------------------------------------
#forward/backward          λ              ΔΔA                 ΔA                  δε   
#                                                 
#----------------------------------------------------------------------------------------
forward:               0.0000              0.0000              0.0000              0.0000  
forward:               0.0500              0.8051              0.8051              0.0102  
forward:               0.1000              0.4500              1.2551              0.0129  
forward:               0.1500              0.2945              1.5495              0.0143  
forward:               0.2000              0.1917              1.7413              0.0153  
forward:               0.2500              0.1422              1.8835              0.0160  
forward:               0.3000              0.1037              1.9872              0.0168  
forward:               0.3500              0.0665              2.0537              0.0172  
forward:               0.4000              0.0455              2.0991              0.0175  
forward:               0.4500              0.0362              2.1354              0.0179  
forward:               0.5000              0.0176              2.1530              0.0182  
forward:               0.5500             -0.0096              2.1434              0.0185  
forward:               0.6000             -0.0718              2.0716              0.0189  
forward:               0.6500             -0.1253              1.9463              0.0191  
forward:               0.7000             -0.1685              1.7779              0.0194  
forward:               0.7500             -0.2023              1.5756              0.0196  
forward:               0.8000             -0.2374              1.3382              0.0199  
forward:               0.8500             -0.2580              1.0802              0.0201  
forward:               0.9000             -0.2738              0.8064              0.0203  
forward:               0.9500             -0.2894              0.5170              0.0205  
forward:               1.0000             -0.3040              0.2130              0.0207  
backward:              1.0000              0.0000              0.2130              0.0000  
backward:              0.9500              0.3063              0.5193              0.0037  
backward:              0.9000              0.2985              0.8178              0.0050  
backward:              0.8500              0.2778              1.0956              0.0063  
backward:              0.8000              0.2656              1.3612              0.0090  
backward:              0.7500              0.2304              1.5916              0.0097  
backward:              0.7000              0.1939              1.7855              0.0104  
backward:              0.6500              0.1692              1.9547              0.0112  
backward:              0.6000              0.1217              2.0764              0.0119  
backward:              0.5500              0.0702              2.1465              0.0128  
backward:              0.5000              0.0082              2.1547              0.0137  
backward:              0.4500             -0.0167              2.1379              0.0142  
backward:              0.4000             -0.0362              2.1017              0.0149  
backward:              0.3500             -0.0585              2.0432              0.0157  
backward:              0.3000             -0.0707              1.9725              0.0163  
backward:              0.2500             -0.0966              1.8759              0.0171  
backward:              0.2000             -0.1347              1.7412              0.0180  
backward:              0.1500             -0.2031              1.5381              0.0193  
backward:              0.1000             -0.2958              1.2423              0.0215  
backward:              0.0500             -0.4576              0.7847              0.0244  
backward:              0.0000             -0.7935             -0.0088              0.0287  
Inaccuracy estimation
======================================================================================================
                   i        i+δi          P0_overlap_P1   δε(forward)/ε   δε(backward)/ε
======================================================================================================
inaccuracy:  0.00000        0.05000           51.34           -0.02            0.91
inaccuracy:  0.05000        0.10000           63.54           -0.01            0.39
inaccuracy:  0.10000        0.15000           69.21           -0.01            0.24
inaccuracy:  0.15000        0.20000           73.79           -0.01            0.16
inaccuracy:  0.20000        0.25000           74.76           -0.01            0.13
inaccuracy:  0.25000        0.30000           75.33           -0.01            0.11
inaccuracy:  0.30000        0.35000           78.24           -0.01            0.09
inaccuracy:  0.35000        0.40000           78.64           -0.00            0.08
inaccuracy:  0.40000        0.45000           78.53           -0.01            0.08
inaccuracy:  0.45000        0.50000           79.45           -0.00            0.08
inaccuracy:  0.50000        0.55000           75.50           -0.02            0.09
inaccuracy:  0.55000        0.60000           76.34           -0.02            0.07
inaccuracy:  0.60000        0.65000           77.29           -0.02            0.07
inaccuracy:  0.65000        0.70000           77.32           -0.02            0.06
inaccuracy:  0.70000        0.75000           77.81           -0.02            0.06
inaccuracy:  0.75000        0.80000           78.30           -0.02            0.06
inaccuracy:  0.80000        0.85000           77.14           -0.02            0.06
inaccuracy:  0.85000        0.90000           76.57           -0.03            0.06
inaccuracy:  0.90000        0.95000           76.69           -0.02            0.06
inaccuracy:  0.95000        1.00000           76.58           -0.03            0.06
===================================================================================================================================
                BAR        
-----------------------------------------------------------------------------------------------------------------------------------
BAR-estimator:         λ             λ+δλ          ΔΔA             ΔA            C               Δδe            δe       
                          
-----------------------------------------------------------------------------------------------------------------------------------
BAR-estimator:      0.00000        0.05000        0.8148         0.8148         0.8148         0.0066         0.0066 
BAR-estimator:      0.05000        0.10000        0.4547         1.2695         0.4547         0.0050         0.0083 
BAR-estimator:      0.10000        0.15000        0.2962         1.5657         0.2962         0.0042         0.0093 
BAR-estimator:      0.15000        0.20000        0.1969         1.7626         0.1969         0.0044         0.0103 
BAR-estimator:      0.20000        0.25000        0.1394         1.9020         0.1394         0.0030         0.0107 
BAR-estimator:      0.25000        0.30000        0.1003         2.0023         0.1003         0.0031         0.0112 
BAR-estimator:      0.30000        0.35000        0.0687         2.0709         0.0687         0.0026         0.0115 
BAR-estimator:      0.35000        0.40000        0.0477         2.1187         0.0477         0.0025         0.0117 
BAR-estimator:      0.40000        0.45000        0.0354         2.1540         0.0354         0.0022         0.0119 
BAR-estimator:      0.45000        0.50000        0.0183         2.1723         0.0183         0.0023         0.0122 
BAR-estimator:      0.50000        0.55000       -0.0104         2.1618        -0.0104         0.0029         0.0125 
BAR-estimator:      0.55000        0.60000       -0.0722         2.0897        -0.0722         0.0026         0.0128 
BAR-estimator:      0.60000        0.65000       -0.1241         1.9656        -0.1241         0.0025         0.0130 
BAR-estimator:      0.65000        0.70000       -0.1687         1.7969        -0.1687         0.0022         0.0132 
BAR-estimator:      0.70000        0.75000       -0.2008         1.5961        -0.2008         0.0024         0.0134 
BAR-estimator:      0.75000        0.80000       -0.2348         1.3613        -0.2348         0.0025         0.0137 
BAR-estimator:      0.80000        0.85000       -0.2603         1.1010        -0.2603         0.0027         0.0139 
BAR-estimator:      0.85000        0.90000       -0.2769         0.8240        -0.2769         0.0026         0.0142 
BAR-estimator:      0.90000        0.95000       -0.2922         0.5318        -0.2922         0.0023         0.0144 
BAR-estimator:      0.95000        1.00000       -0.3051         0.2267        -0.3051         0.0023         0.0145 
BAR-estimator: total free energy change is 0.2266921568431739 , total error is 0.01453926202963479
