#========================================================================================
#                     Free energy perturbation    
#----------------------------------------------------------------------------------------
#forward/backward          λ              ΔΔA                 ΔA                  δε   
#                                                 
#----------------------------------------------------------------------------------------
forward:               0.0000              0.0000              0.0000              0.0000  
forward:               0.0500              1.4376              1.4376              0.0230  
forward:               0.1000              0.8307              2.2683              0.0268  
forward:               0.1500              0.4482              2.7165              0.0289  
forward:               0.2000              0.2449              2.9613              0.0308  
forward:               0.2500              0.1349              3.0962              0.0317  
forward:               0.3000              0.0516              3.1479              0.0328  
forward:               0.3500              0.0128              3.1607              0.0332  
forward:               0.4000             -0.0240              3.1368              0.0336  
forward:               0.4500             -0.0448              3.0920              0.0339  
forward:               0.5000             -0.0680              3.0240              0.0341  
forward:               0.5500             -0.1355              2.8885              0.0345  
forward:               0.6000             -0.2793              2.6092              0.0350  
forward:               0.6500             -0.3776              2.2316              0.0353  
forward:               0.7000             -0.4595              1.7722              0.0356  
forward:               0.7500             -0.5101              1.2621              0.0359  
forward:               0.8000             -0.5668              0.6953              0.0362  
forward:               0.8500             -0.6066              0.0886              0.0365  
forward:               0.9000             -0.6330             -0.5444              0.0367  
forward:               0.9500             -0.6545             -1.1989              0.0369  
forward:               1.0000             -0.6692             -1.8681              0.0371  
backward:              1.0000              0.0000             -1.8681              0.0000  
backward:              0.9500              0.6704             -1.1977              0.0044  
backward:              0.9000              0.6474             -0.5503              0.0067  
backward:              0.8500              0.6197              0.0694              0.0082  
backward:              0.8000              0.6014              0.6708              0.0095  
backward:              0.7500              0.5722              1.2430              0.0110  
backward:              0.7000              0.5253              1.7684              0.0121  
backward:              0.6500              0.4672              2.2355              0.0128  
backward:              0.6000              0.3664              2.6020              0.0139  
backward:              0.5500              0.2732              2.8751              0.0150  
backward:              0.5000              0.1402              3.0153              0.0164  
backward:              0.4500              0.0619              3.0772              0.0170  
backward:              0.4000              0.0448              3.1219              0.0181  
backward:              0.3500              0.0227              3.1447              0.0190  
backward:              0.3000             -0.0277              3.1170              0.0200  
backward:              0.2500             -0.0466              3.0704              0.0205  
backward:              0.2000             -0.1325              2.9379              0.0218  
backward:              0.1500             -0.2544              2.6835              0.0238  
backward:              0.1000             -0.4488              2.2346              0.0296  
backward:              0.0500             -0.8643              1.3703              0.0651  
backward:              0.0000             -1.4940             -0.1236              0.0807  
Inaccuracy estimation
======================================================================================================
                   i        i+δi          P0_overlap_P1   δε(forward)/ε   δε(backward)/ε
======================================================================================================
inaccuracy:  0.00000        0.05000           40.34           -0.03            1.57
inaccuracy:  0.05000        0.10000           48.16           -0.03            0.88
inaccuracy:  0.10000        0.15000           59.29           -0.02            0.47
inaccuracy:  0.15000        0.20000           65.99           -0.01            0.26
inaccuracy:  0.20000        0.25000           69.67           -0.01            0.19
inaccuracy:  0.25000        0.30000           72.07           -0.01            0.15
inaccuracy:  0.30000        0.35000           74.74           -0.01            0.11
inaccuracy:  0.35000        0.40000           74.93           -0.01            0.11
inaccuracy:  0.40000        0.45000           75.88           -0.02            0.10
inaccuracy:  0.45000        0.50000           76.87           -0.01            0.09
inaccuracy:  0.50000        0.55000           69.92           -0.04            0.12
inaccuracy:  0.55000        0.60000           71.31           -0.05            0.09
inaccuracy:  0.60000        0.65000           72.33           -0.04            0.07
inaccuracy:  0.65000        0.70000           72.65           -0.06            0.07
inaccuracy:  0.70000        0.75000           71.75           -0.06            0.06
inaccuracy:  0.75000        0.80000           72.15           -0.06            0.06
inaccuracy:  0.80000        0.85000           72.57           -0.05            0.05
inaccuracy:  0.85000        0.90000           72.72           -0.05            0.05
inaccuracy:  0.90000        0.95000           72.07           -0.05            0.05
inaccuracy:  0.95000        1.00000           71.10           -0.05            0.06
===================================================================================================================================
                BAR        
-----------------------------------------------------------------------------------------------------------------------------------
BAR-estimator:         λ             λ+δλ          ΔΔA             ΔA            C               Δδe            δe       
                          
-----------------------------------------------------------------------------------------------------------------------------------
BAR-estimator:      0.00000        0.05000        1.4649         1.4649         1.4649         0.0118         0.0118 
BAR-estimator:      0.05000        0.10000        0.8158         2.2807         0.8158         0.0090         0.0148 
BAR-estimator:      0.10000        0.15000        0.4437         2.7244         0.4437         0.0070         0.0163 
BAR-estimator:      0.15000        0.20000        0.2449         2.9693         0.2449         0.0060         0.0174 
BAR-estimator:      0.20000        0.25000        0.1345         3.1039         0.1345         0.0052         0.0182 
BAR-estimator:      0.25000        0.30000        0.0508         3.1547         0.0508         0.0052         0.0189 
BAR-estimator:      0.30000        0.35000        0.0167         3.1714         0.0167         0.0034         0.0192 
BAR-estimator:      0.35000        0.40000       -0.0216         3.1498        -0.0216         0.0042         0.0196 
BAR-estimator:      0.40000        0.45000       -0.0434         3.1064        -0.0434         0.0033         0.0199 
BAR-estimator:      0.45000        0.50000       -0.0656         3.0408        -0.0656         0.0031         0.0202 
BAR-estimator:      0.50000        0.55000       -0.1360         2.9048        -0.1360         0.0036         0.0205 
BAR-estimator:      0.55000        0.60000       -0.2767         2.6281        -0.2767         0.0034         0.0208 
BAR-estimator:      0.60000        0.65000       -0.3721         2.2560        -0.3721         0.0034         0.0210 
BAR-estimator:      0.65000        0.70000       -0.4622         1.7938        -0.4622         0.0031         0.0213 
BAR-estimator:      0.70000        0.75000       -0.5171         1.2768        -0.5171         0.0034         0.0215 
BAR-estimator:      0.75000        0.80000       -0.5709         0.7058        -0.5709         0.0033         0.0218 
BAR-estimator:      0.80000        0.85000       -0.6057         0.1002        -0.6057         0.0032         0.0220 
BAR-estimator:      0.85000        0.90000       -0.6294        -0.5292        -0.6294         0.0034         0.0223 
BAR-estimator:      0.90000        0.95000       -0.6532        -1.1824        -0.6532         0.0032         0.0225 
BAR-estimator:      0.95000        1.00000       -0.6712        -1.8536        -0.6712         0.0038         0.0228 
BAR-estimator: total free energy change is -1.8536246522209838 , total error is 0.022839477234748815
