#========================================================================================
#                     Free energy perturbation    
#----------------------------------------------------------------------------------------
#forward/backward          λ              ΔΔA                 ΔA                  δε   
#                                                 
#----------------------------------------------------------------------------------------
forward:               0.0000              0.0000              0.0000              0.0000  
forward:               0.0500              1.4737              1.4737              0.0167  
forward:               0.1000              0.8232              2.2969              0.0224  
forward:               0.1500              0.4363              2.7332              0.0246  
forward:               0.2000              0.2393              2.9725              0.0258  
forward:               0.2500              0.1317              3.1042              0.0264  
forward:               0.3000              0.0616              3.1658              0.0270  
forward:               0.3500              0.0243              3.1900              0.0274  
forward:               0.4000             -0.0146              3.1754              0.0277  
forward:               0.4500             -0.0519              3.1235              0.0281  
forward:               0.5000             -0.0646              3.0589              0.0283  
forward:               0.5500             -0.1336              2.9253              0.0287  
forward:               0.6000             -0.2750              2.6503              0.0289  
forward:               0.6500             -0.3675              2.2828              0.0293  
forward:               0.7000             -0.4463              1.8365              0.0295  
forward:               0.7500             -0.5056              1.3309              0.0298  
forward:               0.8000             -0.5548              0.7761              0.0300  
forward:               0.8500             -0.5935              0.1827              0.0302  
forward:               0.9000             -0.6103             -0.4276              0.0305  
forward:               0.9500             -0.6331             -1.0607              0.0307  
forward:               1.0000             -0.6441             -1.7048              0.0309  
backward:              1.0000              0.0000             -1.7048              0.0000  
backward:              0.9500              0.6365             -1.0683              0.0060  
backward:              0.9000              0.6297             -0.4386              0.0079  
backward:              0.8500              0.6023              0.1637              0.0092  
backward:              0.8000              0.5922              0.7559              0.0104  
backward:              0.7500              0.5483              1.3042              0.0114  
backward:              0.7000              0.4948              1.7990              0.0125  
backward:              0.6500              0.4398              2.2388              0.0134  
backward:              0.6000              0.3609              2.5997              0.0144  
backward:              0.5500              0.2743              2.8740              0.0154  
backward:              0.5000              0.1419              3.0159              0.0163  
backward:              0.4500              0.0668              3.0827              0.0168  
backward:              0.4000              0.0389              3.1216              0.0174  
backward:              0.3500              0.0124              3.1340              0.0181  
backward:              0.3000             -0.0157              3.1183              0.0194  
backward:              0.2500             -0.0699              3.0484              0.0204  
backward:              0.2000             -0.1292              2.9192              0.0218  
backward:              0.1500             -0.2362              2.6829              0.0235  
backward:              0.1000             -0.4522              2.2307              0.0401  
backward:              0.0500             -0.8076              1.4231              0.0454  
backward:              0.0000             -1.9121             -0.4890              0.2706  
Inaccuracy estimation
======================================================================================================
                   i        i+δi          P0_overlap_P1   δε(forward)/ε   δε(backward)/ε
======================================================================================================
inaccuracy:  0.00000        0.05000           39.37           -0.03            1.55
inaccuracy:  0.05000        0.10000           48.49           -0.03            0.89
inaccuracy:  0.10000        0.15000           59.09           -0.01            0.48
inaccuracy:  0.15000        0.20000           66.63           -0.01            0.27
inaccuracy:  0.20000        0.25000           69.49           -0.01            0.18
inaccuracy:  0.25000        0.30000           72.63           -0.01            0.14
inaccuracy:  0.30000        0.35000           73.15           -0.01            0.12
inaccuracy:  0.35000        0.40000           74.96           -0.01            0.11
inaccuracy:  0.40000        0.45000           77.07           -0.01            0.09
inaccuracy:  0.45000        0.50000           76.13           -0.01            0.09
inaccuracy:  0.50000        0.55000           69.84           -0.04            0.12
inaccuracy:  0.55000        0.60000           71.23           -0.04            0.09
inaccuracy:  0.60000        0.65000           72.71           -0.06            0.07
inaccuracy:  0.65000        0.70000           72.92           -0.05            0.06
inaccuracy:  0.70000        0.75000           73.27           -0.06            0.06
inaccuracy:  0.75000        0.80000           72.86           -0.05            0.06
inaccuracy:  0.80000        0.85000           73.08           -0.05            0.06
inaccuracy:  0.85000        0.90000           72.25           -0.06            0.06
inaccuracy:  0.90000        0.95000           71.70           -0.05            0.06
inaccuracy:  0.95000        1.00000           71.63           -0.06            0.06
===================================================================================================================================
                BAR        
-----------------------------------------------------------------------------------------------------------------------------------
BAR-estimator:         λ             λ+δλ          ΔΔA             ΔA            C               Δδe            δe       
                          
-----------------------------------------------------------------------------------------------------------------------------------
BAR-estimator:      0.00000        0.05000        1.4869         1.4869         1.4869         0.0091         0.0091 
BAR-estimator:      0.05000        0.10000        0.8174         2.3043         0.8174         0.0093         0.0130 
BAR-estimator:      0.10000        0.15000        0.4370         2.7413         0.4370         0.0062         0.0144 
BAR-estimator:      0.15000        0.20000        0.2419         2.9832         0.2419         0.0053         0.0153 
BAR-estimator:      0.20000        0.25000        0.1302         3.1134         0.1302         0.0041         0.0159 
BAR-estimator:      0.25000        0.30000        0.0637         3.1771         0.0637         0.0035         0.0162 
BAR-estimator:      0.30000        0.35000        0.0197         3.1968         0.0197         0.0030         0.0165 
BAR-estimator:      0.35000        0.40000       -0.0130         3.1838        -0.0130         0.0031         0.0168 
BAR-estimator:      0.40000        0.45000       -0.0472         3.1366        -0.0472         0.0030         0.0171 
BAR-estimator:      0.45000        0.50000       -0.0642         3.0723        -0.0642         0.0026         0.0173 
BAR-estimator:      0.50000        0.55000       -0.1345         2.9378        -0.1345         0.0031         0.0176 
BAR-estimator:      0.55000        0.60000       -0.2735         2.6644        -0.2735         0.0026         0.0177 
BAR-estimator:      0.60000        0.65000       -0.3678         2.2965        -0.3678         0.0030         0.0180 
BAR-estimator:      0.65000        0.70000       -0.4450         1.8515        -0.4450         0.0033         0.0183 
BAR-estimator:      0.70000        0.75000       -0.5021         1.3494        -0.5021         0.0029         0.0185 
BAR-estimator:      0.75000        0.80000       -0.5506         0.7988        -0.5506         0.0030         0.0188 
BAR-estimator:      0.80000        0.85000       -0.5918         0.2070        -0.5918         0.0032         0.0190 
BAR-estimator:      0.85000        0.90000       -0.6085        -0.4015        -0.6085         0.0029         0.0192 
BAR-estimator:      0.90000        0.95000       -0.6343        -1.0358        -0.6343         0.0032         0.0195 
BAR-estimator:      0.95000        1.00000       -0.6432        -1.6790        -0.6432         0.0026         0.0197 
BAR-estimator: total free energy change is -1.6790204292419555 , total error is 0.01966385813262965
