#========================================================================================
#                     Free energy perturbation    
#----------------------------------------------------------------------------------------
#forward/backward          λ              ΔΔA                 ΔA                  δε   
#                                                 
#----------------------------------------------------------------------------------------
forward:               0.0000              0.0000              0.0000              0.0000  
forward:               0.0500              1.4370              1.4370              0.0220  
forward:               0.1000              0.6781              2.1152              0.0256  
forward:               0.1500              0.3570              2.4721              0.0275  
forward:               0.2000              0.2172              2.6893              0.0285  
forward:               0.2500              0.1243              2.8137              0.0292  
forward:               0.3000              0.0738              2.8875              0.0297  
forward:               0.3500              0.0330              2.9205              0.0301  
forward:               0.4000             -0.0043              2.9162              0.0305  
forward:               0.4500             -0.0317              2.8844              0.0307  
forward:               0.5000             -0.0584              2.8260              0.0310  
forward:               0.5500             -0.0895              2.7366              0.0313  
forward:               0.6000             -0.1790              2.5575              0.0316  
forward:               0.6500             -0.2269              2.3306              0.0317  
forward:               0.7000             -0.2814              2.0492              0.0320  
forward:               0.7500             -0.3187              1.7304              0.0322  
forward:               0.8000             -0.3608              1.3696              0.0324  
forward:               0.8500             -0.3941              0.9756              0.0326  
forward:               0.9000             -0.4290              0.5465              0.0328  
forward:               0.9500             -0.4488              0.0977              0.0330  
forward:               1.0000             -0.4720             -0.3743              0.0332  
backward:              1.0000              0.0000             -0.3743              0.0000  
backward:              0.9500              0.4828              0.1085              0.0036  
backward:              0.9000              0.4476              0.5562              0.0055  
backward:              0.8500              0.4265              0.9827              0.0072  
backward:              0.8000              0.4004              1.3830              0.0081  
backward:              0.7500              0.3649              1.7480              0.0091  
backward:              0.7000              0.3178              2.0658              0.0101  
backward:              0.6500              0.2754              2.3412              0.0110  
backward:              0.6000              0.2191              2.5603              0.0118  
backward:              0.5500              0.1681              2.7284              0.0126  
backward:              0.5000              0.0873              2.8157              0.0137  
backward:              0.4500              0.0451              2.8608              0.0144  
backward:              0.4000              0.0252              2.8860              0.0153  
backward:              0.3500              0.0068              2.8929              0.0161  
backward:              0.3000             -0.0346              2.8582              0.0173  
backward:              0.2500             -0.0661              2.7921              0.0184  
backward:              0.2000             -0.1278              2.6643              0.0197  
backward:              0.1500             -0.2144              2.4500              0.0212  
backward:              0.1000             -0.3613              2.0887              0.0296  
backward:              0.0500             -0.6455              1.4432              0.0354  
backward:              0.0000             -1.3739              0.0693              0.0917  
Inaccuracy estimation
======================================================================================================
                   i        i+δi          P0_overlap_P1   δε(forward)/ε   δε(backward)/ε
======================================================================================================
inaccuracy:  0.00000        0.05000           35.21           -0.04            2.58
inaccuracy:  0.05000        0.10000           52.34           -0.02            0.74
inaccuracy:  0.10000        0.15000           62.80           -0.01            0.35
inaccuracy:  0.15000        0.20000           68.69           -0.01            0.22
inaccuracy:  0.20000        0.25000           72.18           -0.01            0.17
inaccuracy:  0.25000        0.30000           72.48           -0.01            0.13
inaccuracy:  0.30000        0.35000           75.00           -0.01            0.10
inaccuracy:  0.35000        0.40000           75.45           -0.00            0.10
inaccuracy:  0.40000        0.45000           77.32           -0.01            0.09
inaccuracy:  0.45000        0.50000           78.86           -0.01            0.08
inaccuracy:  0.50000        0.55000           74.50           -0.03            0.09
inaccuracy:  0.55000        0.60000           76.43           -0.02            0.07
inaccuracy:  0.60000        0.65000           76.06           -0.03            0.07
inaccuracy:  0.65000        0.70000           76.00           -0.03            0.06
inaccuracy:  0.70000        0.75000           75.55           -0.03            0.07
inaccuracy:  0.75000        0.80000           75.55           -0.03            0.06
inaccuracy:  0.80000        0.85000           75.49           -0.03            0.06
inaccuracy:  0.85000        0.90000           76.10           -0.04            0.05
inaccuracy:  0.90000        0.95000           75.49           -0.04            0.05
inaccuracy:  0.95000        1.00000           74.59           -0.04            0.05
===================================================================================================================================
                BAR        
-----------------------------------------------------------------------------------------------------------------------------------
BAR-estimator:         λ             λ+δλ          ΔΔA             ΔA            C               Δδe            δe       
                          
-----------------------------------------------------------------------------------------------------------------------------------
BAR-estimator:      0.00000        0.05000        1.4224         1.4224         1.4224         0.0124         0.0124 
BAR-estimator:      0.05000        0.10000        0.6725         2.0949         0.6725         0.0083         0.0149 
BAR-estimator:      0.10000        0.15000        0.3549         2.4498         0.3549         0.0064         0.0162 
BAR-estimator:      0.15000        0.20000        0.2175         2.6673         0.2175         0.0043         0.0168 
BAR-estimator:      0.20000        0.25000        0.1295         2.7968         0.1295         0.0043         0.0174 
BAR-estimator:      0.25000        0.30000        0.0690         2.8659         0.0690         0.0036         0.0177 
BAR-estimator:      0.30000        0.35000        0.0319         2.8977         0.0319         0.0031         0.0180 
BAR-estimator:      0.35000        0.40000       -0.0048         2.8930        -0.0048         0.0032         0.0183 
BAR-estimator:      0.40000        0.45000       -0.0302         2.8627        -0.0302         0.0028         0.0185 
BAR-estimator:      0.45000        0.50000       -0.0525         2.8102        -0.0525         0.0029         0.0187 
BAR-estimator:      0.50000        0.55000       -0.0891         2.7211        -0.0891         0.0031         0.0190 
BAR-estimator:      0.55000        0.60000       -0.1746         2.5465        -0.1746         0.0030         0.0192 
BAR-estimator:      0.60000        0.65000       -0.2241         2.3224        -0.2241         0.0028         0.0194 
BAR-estimator:      0.65000        0.70000       -0.2805         2.0419        -0.2805         0.0031         0.0196 
BAR-estimator:      0.70000        0.75000       -0.3186         1.7233        -0.3186         0.0027         0.0198 
BAR-estimator:      0.75000        0.80000       -0.3621         1.3612        -0.3621         0.0029         0.0200 
BAR-estimator:      0.80000        0.85000       -0.3959         0.9654        -0.3959         0.0027         0.0202 
BAR-estimator:      0.85000        0.90000       -0.4278         0.5375        -0.4278         0.0029         0.0204 
BAR-estimator:      0.90000        0.95000       -0.4500         0.0875        -0.4500         0.0032         0.0207 
BAR-estimator:      0.95000        1.00000       -0.4753        -0.3879        -0.4753         0.0027         0.0209 
BAR-estimator: total free energy change is -0.38785377103316343 , total error is 0.02087920505233315
