#========================================================================================
#                     Free energy perturbation    
#----------------------------------------------------------------------------------------
#forward/backward          λ              ΔΔA                 ΔA                  δε   
#                                                 
#----------------------------------------------------------------------------------------
forward:               0.0000              0.0000              0.0000              0.0000  
forward:               0.0500              1.3949              1.3949              0.0193  
forward:               0.1000              0.7049              2.0998              0.0225  
forward:               0.1500              0.3691              2.4688              0.0241  
forward:               0.2000              0.2177              2.6865              0.0250  
forward:               0.2500              0.1248              2.8113              0.0256  
forward:               0.3000              0.0730              2.8843              0.0261  
forward:               0.3500              0.0286              2.9129              0.0264  
forward:               0.4000             -0.0004              2.9125              0.0267  
forward:               0.4500             -0.0238              2.8887              0.0270  
forward:               0.5000             -0.0455              2.8432              0.0272  
forward:               0.5500             -0.0981              2.7451              0.0275  
forward:               0.6000             -0.1648              2.5802              0.0277  
forward:               0.6500             -0.2276              2.3526              0.0279  
forward:               0.7000             -0.2845              2.0682              0.0281  
forward:               0.7500             -0.3253              1.7428              0.0283  
forward:               0.8000             -0.3664              1.3764              0.0285  
forward:               0.8500             -0.4018              0.9746              0.0287  
forward:               0.9000             -0.4343              0.5403              0.0289  
forward:               0.9500             -0.4637              0.0766              0.0290  
forward:               1.0000             -0.4742             -0.3976              0.0292  
backward:              1.0000              0.0000             -0.3976              0.0000  
backward:              0.9500              0.4812              0.0836              0.0035  
backward:              0.9000              0.4555              0.5391              0.0053  
backward:              0.8500              0.4319              0.9710              0.0064  
backward:              0.8000              0.3957              1.3667              0.0075  
backward:              0.7500              0.3667              1.7334              0.0087  
backward:              0.7000              0.3254              2.0587              0.0097  
backward:              0.6500              0.2762              2.3349              0.0105  
backward:              0.6000              0.2331              2.5681              0.0113  
backward:              0.5500              0.1581              2.7261              0.0122  
backward:              0.5000              0.0898              2.8159              0.0132  
backward:              0.4500              0.0431              2.8590              0.0143  
backward:              0.4000              0.0269              2.8860              0.0148  
backward:              0.3500              0.0044              2.8904              0.0156  
backward:              0.3000             -0.0315              2.8589              0.0165  
backward:              0.2500             -0.0659              2.7930              0.0177  
backward:              0.2000             -0.1350              2.6580              0.0190  
backward:              0.1500             -0.2130              2.4451              0.0203  
backward:              0.1000             -0.3807              2.0643              0.0239  
backward:              0.0500             -0.6910              1.3734              0.0294  
backward:              0.0000             -1.6151             -0.2417              0.1152  
Inaccuracy estimation
======================================================================================================
                   i        i+δi          P0_overlap_P1   δε(forward)/ε   δε(backward)/ε
======================================================================================================
inaccuracy:  0.00000        0.05000           37.66           -0.03            2.48
inaccuracy:  0.05000        0.10000           52.95           -0.03            0.72
inaccuracy:  0.10000        0.15000           63.67           -0.02            0.36
inaccuracy:  0.15000        0.20000           68.33           -0.01            0.22
inaccuracy:  0.20000        0.25000           71.95           -0.01            0.16
inaccuracy:  0.25000        0.30000           73.02           -0.01            0.13
inaccuracy:  0.30000        0.35000           75.53           -0.01            0.11
inaccuracy:  0.35000        0.40000           75.52           -0.01            0.10
inaccuracy:  0.40000        0.45000           76.46           -0.01            0.09
inaccuracy:  0.45000        0.50000           77.21           -0.01            0.09
inaccuracy:  0.50000        0.55000           74.34           -0.02            0.09
inaccuracy:  0.55000        0.60000           74.81           -0.03            0.08
inaccuracy:  0.60000        0.65000           74.95           -0.03            0.07
inaccuracy:  0.65000        0.70000           76.21           -0.03            0.06
inaccuracy:  0.70000        0.75000           75.49           -0.03            0.06
inaccuracy:  0.75000        0.80000           75.88           -0.03            0.06
inaccuracy:  0.80000        0.85000           75.73           -0.03            0.05
inaccuracy:  0.85000        0.90000           75.99           -0.04            0.05
inaccuracy:  0.90000        0.95000           76.47           -0.03            0.05
inaccuracy:  0.95000        1.00000           74.55           -0.03            0.05
===================================================================================================================================
                BAR        
-----------------------------------------------------------------------------------------------------------------------------------
BAR-estimator:         λ             λ+δλ          ΔΔA             ΔA            C               Δδe            δe       
                          
-----------------------------------------------------------------------------------------------------------------------------------
BAR-estimator:      0.00000        0.05000        1.4203         1.4203         1.4203         0.0102         0.0102 
BAR-estimator:      0.05000        0.10000        0.6989         2.1192         0.6989         0.0068         0.0122 
BAR-estimator:      0.10000        0.15000        0.3763         2.4955         0.3763         0.0058         0.0135 
BAR-estimator:      0.15000        0.20000        0.2180         2.7135         0.2180         0.0044         0.0142 
BAR-estimator:      0.20000        0.25000        0.1279         2.8414         0.1279         0.0039         0.0148 
BAR-estimator:      0.25000        0.30000        0.0704         2.9117         0.0704         0.0032         0.0151 
BAR-estimator:      0.30000        0.35000        0.0289         2.9406         0.0289         0.0029         0.0154 
BAR-estimator:      0.35000        0.40000       -0.0019         2.9387        -0.0019         0.0027         0.0156 
BAR-estimator:      0.40000        0.45000       -0.0242         2.9145        -0.0242         0.0028         0.0159 
BAR-estimator:      0.45000        0.50000       -0.0444         2.8702        -0.0444         0.0026         0.0161 
BAR-estimator:      0.50000        0.55000       -0.0952         2.7750        -0.0952         0.0027         0.0163 
BAR-estimator:      0.55000        0.60000       -0.1646         2.6104        -0.1646         0.0025         0.0165 
BAR-estimator:      0.60000        0.65000       -0.2297         2.3807        -0.2297         0.0034         0.0169 
BAR-estimator:      0.65000        0.70000       -0.2811         2.0995        -0.2811         0.0026         0.0171 
BAR-estimator:      0.70000        0.75000       -0.3261         1.7735        -0.3261         0.0024         0.0172 
BAR-estimator:      0.75000        0.80000       -0.3661         1.4074        -0.3661         0.0027         0.0175 
BAR-estimator:      0.80000        0.85000       -0.3996         1.0078        -0.3996         0.0027         0.0177 
BAR-estimator:      0.85000        0.90000       -0.4338         0.5740        -0.4338         0.0023         0.0178 
BAR-estimator:      0.90000        0.95000       -0.4599         0.1141        -0.4599         0.0025         0.0180 
BAR-estimator:      0.95000        1.00000       -0.4767        -0.3626        -0.4767         0.0024         0.0182 
BAR-estimator: total free energy change is -0.3626098169533475 , total error is 0.018153695386828834
