#========================================================================================
#                     Free energy perturbation    
#----------------------------------------------------------------------------------------
#forward/backward          λ              ΔΔA                 ΔA                  δε   
#                                                 
#----------------------------------------------------------------------------------------
forward:               0.0000              0.0000              0.0000              0.0000  
forward:               0.0500              1.1491              1.1491              0.0188  
forward:               0.1000              0.5954              1.7445              0.0222  
forward:               0.1500              0.3510              2.0954              0.0239  
forward:               0.2000              0.2193              2.3147              0.0251  
forward:               0.2500              0.1531              2.4678              0.0252  
forward:               0.3000              0.0919              2.5598              0.0257  
forward:               0.3500              0.0685              2.6282              0.0262  
forward:               0.4000              0.0422              2.6704              0.0266  
forward:               0.4500              0.0229              2.6934              0.0269  
forward:               0.5000              0.0007              2.6941              0.0272  
forward:               0.5500             -0.1979              2.4962              0.0278  
forward:               0.6000             -0.5448              1.9514              0.0287  
forward:               0.6500             -0.8647              1.0867              0.0296  
forward:               0.7000             -1.1374             -0.0507              0.0306  
forward:               0.7500             -1.3306             -1.3812              0.0313  
forward:               0.8000             -1.4245             -2.8057              0.0317  
forward:               0.8500             -1.4701             -4.2759              0.0321  
forward:               0.9000             -1.4878             -5.7636              0.0325  
forward:               0.9500             -1.4874             -7.2511              0.0330  
forward:               1.0000             -1.4926             -8.7437              0.0334  
backward:              1.0000              0.0000             -8.7437              0.0000  
backward:              0.9500              1.4849             -7.2588              0.0100  
backward:              0.9000              1.4909             -5.7679              0.0120  
backward:              0.8500              1.4798             -4.2881              0.0133  
backward:              0.8000              1.4655             -2.8226              0.0145  
backward:              0.7500              1.4155             -1.4071              0.0162  
backward:              0.7000              1.3320             -0.0751              0.0167  
backward:              0.6500              1.1396              1.0645              0.0183  
backward:              0.6000              0.8556              1.9200              0.0199  
backward:              0.5500              0.5500              2.4700              0.0212  
backward:              0.5000              0.1949              2.6649              0.0247  
backward:              0.4500             -0.0021              2.6628              0.0251  
backward:              0.4000             -0.0338              2.6290              0.0256  
backward:              0.3500             -0.0301              2.5990              0.0260  
backward:              0.3000             -0.0610              2.5380              0.0266  
backward:              0.2500             -0.0982              2.4398              0.0272  
backward:              0.2000             -0.1375              2.3023              0.0281  
backward:              0.1500             -0.2305              2.0718              0.0294  
backward:              0.1000             -0.3511              1.7207              0.0317  
backward:              0.0500             -0.5765              1.1442              0.0354  
backward:              0.0000             -1.0600              0.0842              0.0426  
Inaccuracy estimation
======================================================================================================
                   i        i+δi          P0_overlap_P1   δε(forward)/ε   δε(backward)/ε
======================================================================================================
inaccuracy:  0.00000        0.05000           40.99           -0.03            1.53
inaccuracy:  0.05000        0.10000           56.12           -0.02            0.62
inaccuracy:  0.10000        0.15000           65.37           -0.01            0.32
inaccuracy:  0.15000        0.20000           70.98           -0.01            0.20
inaccuracy:  0.20000        0.25000           72.42           -0.00            0.16
inaccuracy:  0.25000        0.30000           75.72           -0.00            0.12
inaccuracy:  0.30000        0.35000           75.58           -0.01            0.10
inaccuracy:  0.35000        0.40000           75.90           -0.01            0.10
inaccuracy:  0.40000        0.45000           78.30           -0.01            0.08
inaccuracy:  0.45000        0.50000           78.18           -0.01            0.08
inaccuracy:  0.50000        0.55000           64.18           -0.11            0.15
inaccuracy:  0.55000        0.60000           64.07           -0.15            0.09
inaccuracy:  0.60000        0.65000           63.51           -0.18            0.06
inaccuracy:  0.65000        0.70000           63.24           -0.18            0.03
inaccuracy:  0.70000        0.75000           64.87           -0.16            0.01
inaccuracy:  0.75000        0.80000           65.75           -0.17            0.01
inaccuracy:  0.80000        0.85000           66.09           -0.15            0.01
inaccuracy:  0.85000        0.90000           65.24           -0.13            0.01
inaccuracy:  0.90000        0.95000           63.72           -0.17            0.01
inaccuracy:  0.95000        1.00000           64.00           -0.15            0.01
===================================================================================================================================
                BAR        
-----------------------------------------------------------------------------------------------------------------------------------
BAR-estimator:         λ             λ+δλ          ΔΔA             ΔA            C               Δδe            δe       
                          
-----------------------------------------------------------------------------------------------------------------------------------
BAR-estimator:      0.00000        0.05000        1.1321         1.1321         1.1321         0.0100         0.0100 
BAR-estimator:      0.05000        0.10000        0.5922         1.7243         0.5922         0.0078         0.0127 
BAR-estimator:      0.10000        0.15000        0.3546         2.0789         0.3546         0.0056         0.0139 
BAR-estimator:      0.15000        0.20000        0.2240         2.3029         0.2240         0.0046         0.0146 
BAR-estimator:      0.20000        0.25000        0.1500         2.4529         0.1500         0.0040         0.0151 
BAR-estimator:      0.25000        0.30000        0.0959         2.5488         0.0959         0.0034         0.0155 
BAR-estimator:      0.30000        0.35000        0.0660         2.6148         0.0660         0.0037         0.0160 
BAR-estimator:      0.35000        0.40000        0.0389         2.6537         0.0389         0.0031         0.0163 
BAR-estimator:      0.40000        0.45000        0.0273         2.6810         0.0273         0.0029         0.0165 
BAR-estimator:      0.45000        0.50000        0.0029         2.6839         0.0029         0.0027         0.0167 
BAR-estimator:      0.50000        0.55000       -0.1997         2.4841        -0.1997         0.0041         0.0172 
BAR-estimator:      0.55000        0.60000       -0.5468         1.9373        -0.5468         0.0044         0.0178 
BAR-estimator:      0.60000        0.65000       -0.8632         1.0741        -0.8632         0.0031         0.0181 
BAR-estimator:      0.65000        0.70000       -1.1396        -0.0654        -1.1396         0.0049         0.0187 
BAR-estimator:      0.70000        0.75000       -1.3342        -1.3996        -1.3342         0.0041         0.0192 
BAR-estimator:      0.75000        0.80000       -1.4263        -2.8259        -1.4263         0.0042         0.0196 
BAR-estimator:      0.80000        0.85000       -1.4661        -4.2920        -1.4661         0.0040         0.0200 
BAR-estimator:      0.85000        0.90000       -1.4805        -5.7725        -1.4805         0.0037         0.0204 
BAR-estimator:      0.90000        0.95000       -1.4870        -7.2595        -1.4870         0.0043         0.0208 
BAR-estimator:      0.95000        1.00000       -1.4872        -8.7467        -1.4872         0.0043         0.0213 
BAR-estimator: total free energy change is -8.746731771308735 , total error is 0.02125322584078861
