#========================================================================================
#                     Free energy perturbation    
#----------------------------------------------------------------------------------------
#forward/backward          λ              ΔΔA                 ΔA                  δε   
#                                                 
#----------------------------------------------------------------------------------------
forward:               0.0000              0.0000              0.0000              0.0000  
forward:               0.0500              1.1131              1.1131              0.0148  
forward:               0.1000              0.5866              1.6998              0.0178  
forward:               0.1500              0.3523              2.0520              0.0196  
forward:               0.2000              0.2260              2.2780              0.0205  
forward:               0.2500              0.1483              2.4262              0.0212  
forward:               0.3000              0.1031              2.5293              0.0218  
forward:               0.3500              0.0649              2.5942              0.0222  
forward:               0.4000              0.0345              2.6288              0.0224  
forward:               0.4500              0.0182              2.6469              0.0227  
forward:               0.5000              0.0039              2.6509              0.0230  
forward:               0.5500             -0.2055              2.4454              0.0238  
forward:               0.6000             -0.5559              1.8895              0.0242  
forward:               0.6500             -0.8714              1.0181              0.0250  
forward:               0.7000             -1.1473             -0.1292              0.0257  
forward:               0.7500             -1.3377             -1.4669              0.0264  
forward:               0.8000             -1.4419             -2.9088              0.0268  
forward:               0.8500             -1.4902             -4.3990              0.0273  
forward:               0.9000             -1.5066             -5.9056              0.0277  
forward:               0.9500             -1.5144             -7.4200              0.0280  
forward:               1.0000             -1.5198             -8.9398              0.0283  
backward:              1.0000              0.0000             -8.9398              0.0000  
backward:              0.9500              1.5184             -7.4214              0.0068  
backward:              0.9000              1.5222             -5.8992              0.0101  
backward:              0.8500              1.5073             -4.3919              0.0123  
backward:              0.8000              1.4825             -2.9094              0.0137  
backward:              0.7500              1.4332             -1.4762              0.0150  
backward:              0.7000              1.3469             -0.1293              0.0163  
backward:              0.6500              1.1398              1.0106              0.0174  
backward:              0.6000              0.8623              1.8729              0.0185  
backward:              0.5500              0.5534              2.4263              0.0195  
backward:              0.5000              0.2129              2.6392              0.0206  
backward:              0.4500             -0.0035              2.6356              0.0210  
backward:              0.4000             -0.0245              2.6111              0.0217  
backward:              0.3500             -0.0429              2.5682              0.0222  
backward:              0.3000             -0.0641              2.5040              0.0226  
backward:              0.2500             -0.1028              2.4013              0.0233  
backward:              0.2000             -0.1462              2.2551              0.0242  
backward:              0.1500             -0.2033              2.0518              0.0253  
backward:              0.1000             -0.3392              1.7126              0.0270  
backward:              0.0500             -0.5864              1.1262              0.0305  
backward:              0.0000             -1.0985              0.0277              0.0391  
Inaccuracy estimation
======================================================================================================
                   i        i+δi          P0_overlap_P1   δε(forward)/ε   δε(backward)/ε
======================================================================================================
inaccuracy:  0.00000        0.05000           42.03           -0.03            1.49
inaccuracy:  0.05000        0.10000           57.38           -0.02            0.55
inaccuracy:  0.10000        0.15000           65.15           -0.01            0.33
inaccuracy:  0.15000        0.20000           68.16           -0.01            0.22
inaccuracy:  0.20000        0.25000           72.77           -0.01            0.15
inaccuracy:  0.25000        0.30000           74.34           -0.01            0.12
inaccuracy:  0.30000        0.35000           75.38           -0.00            0.10
inaccuracy:  0.35000        0.40000           78.00           -0.01            0.10
inaccuracy:  0.40000        0.45000           77.18           -0.01            0.08
inaccuracy:  0.45000        0.50000           77.31           -0.01            0.09
inaccuracy:  0.50000        0.55000           63.55           -0.11            0.15
inaccuracy:  0.55000        0.60000           64.33           -0.15            0.09
inaccuracy:  0.60000        0.65000           63.55           -0.15            0.06
inaccuracy:  0.65000        0.70000           63.70           -0.17            0.03
inaccuracy:  0.70000        0.75000           64.34           -0.16            0.01
inaccuracy:  0.75000        0.80000           65.97           -0.15            0.01
inaccuracy:  0.80000        0.85000           65.01           -0.16            0.00
inaccuracy:  0.85000        0.90000           64.05           -0.17            0.00
inaccuracy:  0.90000        0.95000           63.21           -0.18            0.01
inaccuracy:  0.95000        1.00000           63.54           -0.18            0.01
===================================================================================================================================
                BAR        
-----------------------------------------------------------------------------------------------------------------------------------
BAR-estimator:         λ             λ+δλ          ΔΔA             ΔA            C               Δδe            δe       
                          
-----------------------------------------------------------------------------------------------------------------------------------
BAR-estimator:      0.00000        0.05000        1.1292         1.1292         1.1292         0.0096         0.0096 
BAR-estimator:      0.05000        0.10000        0.5837         1.7129         0.5837         0.0063         0.0115 
BAR-estimator:      0.10000        0.15000        0.3531         2.0660         0.3531         0.0052         0.0126 
BAR-estimator:      0.15000        0.20000        0.2195         2.2855         0.2195         0.0042         0.0132 
BAR-estimator:      0.20000        0.25000        0.1474         2.4329         0.1474         0.0040         0.0138 
BAR-estimator:      0.25000        0.30000        0.1022         2.5352         0.1022         0.0029         0.0141 
BAR-estimator:      0.30000        0.35000        0.0648         2.6000         0.0648         0.0032         0.0145 
BAR-estimator:      0.35000        0.40000        0.0386         2.6386         0.0386         0.0025         0.0147 
BAR-estimator:      0.40000        0.45000        0.0200         2.6586         0.0200         0.0021         0.0149 
BAR-estimator:      0.45000        0.50000        0.0041         2.6628         0.0041         0.0025         0.0151 
BAR-estimator:      0.50000        0.55000       -0.2070         2.4557        -0.2070         0.0037         0.0155 
BAR-estimator:      0.55000        0.60000       -0.5539         1.9018        -0.5539         0.0042         0.0160 
BAR-estimator:      0.60000        0.65000       -0.8654         1.0364        -0.8654         0.0039         0.0165 
BAR-estimator:      0.65000        0.70000       -1.1442        -0.1077        -1.1442         0.0038         0.0169 
BAR-estimator:      0.70000        0.75000       -1.3415        -1.4492        -1.3415         0.0040         0.0174 
BAR-estimator:      0.75000        0.80000       -1.4379        -2.8871        -1.4379         0.0039         0.0178 
BAR-estimator:      0.80000        0.85000       -1.4876        -4.3746        -1.4876         0.0034         0.0181 
BAR-estimator:      0.85000        0.90000       -1.5076        -5.8822        -1.5076         0.0037         0.0185 
BAR-estimator:      0.90000        0.95000       -1.5171        -7.3993        -1.5171         0.0039         0.0189 
BAR-estimator:      0.95000        1.00000       -1.5183        -8.9177        -1.5183         0.0037         0.0193 
BAR-estimator: total free energy change is -8.917659963058782 , total error is 0.0192863546985852
