#========================================================================================
#                     Free energy perturbation    
#----------------------------------------------------------------------------------------
#forward/backward          λ              ΔΔA                 ΔA                  δε   
#                                                 
#----------------------------------------------------------------------------------------
forward:               0.0000              0.0000              0.0000              0.0000  
forward:               0.0500              1.4918              1.4918              0.0260  
forward:               0.1000              0.8561              2.3479              0.0320  
forward:               0.1500              0.4392              2.7871              0.0342  
forward:               0.2000              0.2490              3.0361              0.0351  
forward:               0.2500              0.1637              3.1998              0.0359  
forward:               0.3000              0.0851              3.2850              0.0364  
forward:               0.3500              0.0313              3.3163              0.0369  
forward:               0.4000              0.0026              3.3190              0.0371  
forward:               0.4500             -0.0223              3.2966              0.0374  
forward:               0.5000             -0.0599              3.2367              0.0377  
forward:               0.5500             -0.1138              3.1229              0.0379  
forward:               0.6000             -0.1518              2.9711              0.0381  
forward:               0.6500             -0.1694              2.8018              0.0383  
forward:               0.7000             -0.1842              2.6175              0.0385  
forward:               0.7500             -0.1799              2.4376              0.0386  
forward:               0.8000             -0.1904              2.2473              0.0388  
forward:               0.8500             -0.1839              2.0634              0.0389  
forward:               0.9000             -0.1955              1.8679              0.0391  
forward:               0.9500             -0.1900              1.6779              0.0392  
forward:               1.0000             -0.1915              1.4864              0.0393  
backward:              1.0000              0.0000              1.4864              0.0000  
backward:              0.9500              0.1911              1.6775              0.0042  
backward:              0.9000              0.1935              1.8710              0.0057  
backward:              0.8500              0.1876              2.0586              0.0076  
backward:              0.8000              0.1836              2.2422              0.0090  
backward:              0.7500              0.1851              2.4273              0.0101  
backward:              0.7000              0.1831              2.6104              0.0110  
backward:              0.6500              0.1841              2.7946              0.0119  
backward:              0.6000              0.1629              2.9574              0.0128  
backward:              0.5500              0.1559              3.1133              0.0136  
backward:              0.5000              0.1164              3.2296              0.0144  
backward:              0.4500              0.0580              3.2877              0.0152  
backward:              0.4000              0.0189              3.3066              0.0160  
backward:              0.3500              0.0121              3.3186              0.0169  
backward:              0.3000             -0.0270              3.2916              0.0180  
backward:              0.2500             -0.0783              3.2133              0.0197  
backward:              0.2000             -0.1446              3.0686              0.0213  
backward:              0.1500             -0.2829              2.7857              0.0316  
backward:              0.1000             -0.4765              2.3092              0.0357  
backward:              0.0500             -0.9341              1.3750              0.0638  
backward:              0.0000             -1.4781             -0.1031              0.0685  
Inaccuracy estimation
======================================================================================================
                   i        i+δi          P0_overlap_P1   δε(forward)/ε   δε(backward)/ε
======================================================================================================
inaccuracy:  0.00000        0.05000           39.23           -0.03            1.32
inaccuracy:  0.05000        0.10000           47.78           -0.04            0.98
inaccuracy:  0.10000        0.15000           59.60           -0.01            0.47
inaccuracy:  0.15000        0.20000           65.52           -0.01            0.29
inaccuracy:  0.20000        0.25000           67.19           -0.02            0.22
inaccuracy:  0.25000        0.30000           70.40           -0.01            0.16
inaccuracy:  0.30000        0.35000           72.39           -0.02            0.13
inaccuracy:  0.35000        0.40000           72.16           -0.02            0.12
inaccuracy:  0.40000        0.45000           75.02           -0.01            0.10
inaccuracy:  0.45000        0.50000           75.83           -0.01            0.10
inaccuracy:  0.50000        0.55000           74.74           -0.02            0.09
inaccuracy:  0.55000        0.60000           74.87           -0.02            0.08
inaccuracy:  0.60000        0.65000           76.05           -0.02            0.07
inaccuracy:  0.65000        0.70000           76.47           -0.02            0.07
inaccuracy:  0.70000        0.75000           75.37           -0.02            0.07
inaccuracy:  0.75000        0.80000           76.50           -0.02            0.08
inaccuracy:  0.80000        0.85000           75.84           -0.02            0.07
inaccuracy:  0.85000        0.90000           75.65           -0.02            0.07
inaccuracy:  0.90000        0.95000           75.51           -0.02            0.07
inaccuracy:  0.95000        1.00000           75.67           -0.02            0.07
===================================================================================================================================
                BAR        
-----------------------------------------------------------------------------------------------------------------------------------
BAR-estimator:         λ             λ+δλ          ΔΔA             ΔA            C               Δδe            δe       
                          
-----------------------------------------------------------------------------------------------------------------------------------
BAR-estimator:      0.00000        0.05000        1.5076         1.5076         1.5076         0.0122         0.0122 
BAR-estimator:      0.05000        0.10000        0.8634         2.3710         0.8634         0.0115         0.0168 
BAR-estimator:      0.10000        0.15000        0.4520         2.8230         0.4520         0.0077         0.0185 
BAR-estimator:      0.15000        0.20000        0.2555         3.0785         0.2555         0.0054         0.0192 
BAR-estimator:      0.20000        0.25000        0.1580         3.2365         0.1580         0.0048         0.0198 
BAR-estimator:      0.25000        0.30000        0.0827         3.3191         0.0827         0.0040         0.0202 
BAR-estimator:      0.30000        0.35000        0.0293         3.3484         0.0293         0.0040         0.0206 
BAR-estimator:      0.35000        0.40000       -0.0037         3.3447        -0.0037         0.0032         0.0209 
BAR-estimator:      0.40000        0.45000       -0.0219         3.3228        -0.0219         0.0034         0.0211 
BAR-estimator:      0.45000        0.50000       -0.0570         3.2659        -0.0570         0.0030         0.0213 
BAR-estimator:      0.50000        0.55000       -0.1145         3.1513        -0.1145         0.0034         0.0216 
BAR-estimator:      0.55000        0.60000       -0.1530         2.9984        -0.1530         0.0028         0.0218 
BAR-estimator:      0.60000        0.65000       -0.1692         2.8291        -0.1692         0.0028         0.0220 
BAR-estimator:      0.65000        0.70000       -0.1824         2.6467        -0.1824         0.0027         0.0221 
BAR-estimator:      0.70000        0.75000       -0.1820         2.4647        -0.1820         0.0028         0.0223 
BAR-estimator:      0.75000        0.80000       -0.1874         2.2773        -0.1874         0.0028         0.0225 
BAR-estimator:      0.80000        0.85000       -0.1859         2.0914        -0.1859         0.0029         0.0227 
BAR-estimator:      0.85000        0.90000       -0.1947         1.8967        -0.1947         0.0030         0.0229 
BAR-estimator:      0.90000        0.95000       -0.1906         1.7061        -0.1906         0.0030         0.0231 
BAR-estimator:      0.95000        1.00000       -0.1924         1.5137        -0.1924         0.0031         0.0233 
BAR-estimator: total free energy change is 1.513710257923343 , total error is 0.023267433340899694
