#========================================================================================
#                     Free energy perturbation    
#----------------------------------------------------------------------------------------
#forward/backward          λ              ΔΔA                 ΔA                  δε   
#                                                 
#----------------------------------------------------------------------------------------
forward:               0.0000              0.0000              0.0000              0.0000  
forward:               0.0500              1.5303              1.5303              0.0208  
forward:               0.1000              0.9012              2.4315              0.0263  
forward:               0.1500              0.5032              2.9347              0.0286  
forward:               0.2000              0.2829              3.2176              0.0298  
forward:               0.2500              0.1697              3.3872              0.0303  
forward:               0.3000              0.1008              3.4880              0.0308  
forward:               0.3500              0.0434              3.5314              0.0312  
forward:               0.4000              0.0038              3.5352              0.0315  
forward:               0.4500             -0.0134              3.5218              0.0318  
forward:               0.5000             -0.0382              3.4836              0.0320  
forward:               0.5500             -0.1063              3.3773              0.0323  
forward:               0.6000             -0.1486              3.2287              0.0325  
forward:               0.6500             -0.1602              3.0685              0.0327  
forward:               0.7000             -0.1676              2.9009              0.0327  
forward:               0.7500             -0.1703              2.7306              0.0328  
forward:               0.8000             -0.1733              2.5573              0.0330  
forward:               0.8500             -0.1794              2.3779              0.0332  
forward:               0.9000             -0.1779              2.2000              0.0333  
forward:               0.9500             -0.1809              2.0191              0.0335  
forward:               1.0000             -0.1814              1.8377              0.0336  
backward:              1.0000              0.0000              1.8377              0.0000  
backward:              0.9500              0.1847              2.0224              0.0037  
backward:              0.9000              0.1826              2.2050              0.0054  
backward:              0.8500              0.1811              2.3861              0.0066  
backward:              0.8000              0.1737              2.5599              0.0078  
backward:              0.7500              0.1834              2.7433              0.0087  
backward:              0.7000              0.1710              2.9143              0.0095  
backward:              0.6500              0.1749              3.0892              0.0113  
backward:              0.6000              0.1530              3.2422              0.0124  
backward:              0.5500              0.1330              3.3752              0.0131  
backward:              0.5000              0.1213              3.4965              0.0138  
backward:              0.4500              0.0333              3.5299              0.0148  
backward:              0.4000              0.0176              3.5475              0.0157  
backward:              0.3500             -0.0086              3.5389              0.0168  
backward:              0.3000             -0.0488              3.4901              0.0179  
backward:              0.2500             -0.1046              3.3855              0.0192  
backward:              0.2000             -0.1782              3.2073              0.0205  
backward:              0.1500             -0.3061              2.9012              0.0239  
backward:              0.1000             -0.4904              2.4108              0.0276  
backward:              0.0500             -0.9514              1.4594              0.0466  
backward:              0.0000             -1.5104             -0.0510              0.0515  
Inaccuracy estimation
======================================================================================================
                   i        i+δi          P0_overlap_P1   δε(forward)/ε   δε(backward)/ε
======================================================================================================
inaccuracy:  0.00000        0.05000           39.42           -0.03            1.24
inaccuracy:  0.05000        0.10000           47.65           -0.03            1.01
inaccuracy:  0.10000        0.15000           57.06           -0.02            0.52
inaccuracy:  0.15000        0.20000           65.35           -0.01            0.29
inaccuracy:  0.20000        0.25000           68.54           -0.01            0.20
inaccuracy:  0.25000        0.30000           70.82           -0.02            0.16
inaccuracy:  0.30000        0.35000           72.63           -0.01            0.13
inaccuracy:  0.35000        0.40000           74.49           -0.01            0.12
inaccuracy:  0.40000        0.45000           74.52           -0.02            0.11
inaccuracy:  0.45000        0.50000           75.89           -0.01            0.10
inaccuracy:  0.50000        0.55000           73.09           -0.02            0.10
inaccuracy:  0.55000        0.60000           76.69           -0.02            0.08
inaccuracy:  0.60000        0.65000           75.83           -0.02            0.08
inaccuracy:  0.65000        0.70000           74.97           -0.01            0.08
inaccuracy:  0.70000        0.75000           75.50           -0.02            0.07
inaccuracy:  0.75000        0.80000           75.01           -0.02            0.08
inaccuracy:  0.80000        0.85000           76.01           -0.02            0.07
inaccuracy:  0.85000        0.90000           75.42           -0.02            0.07
inaccuracy:  0.90000        0.95000           75.59           -0.02            0.07
inaccuracy:  0.95000        1.00000           75.43           -0.02            0.08
===================================================================================================================================
                BAR        
-----------------------------------------------------------------------------------------------------------------------------------
BAR-estimator:         λ             λ+δλ          ΔΔA             ΔA            C               Δδe            δe       
                          
-----------------------------------------------------------------------------------------------------------------------------------
BAR-estimator:      0.00000        0.05000        1.5179         1.5179         1.5179         0.0096         0.0096 
BAR-estimator:      0.05000        0.10000        0.9137         2.4316         0.9137         0.0097         0.0137 
BAR-estimator:      0.10000        0.15000        0.5075         2.9391         0.5075         0.0071         0.0154 
BAR-estimator:      0.15000        0.20000        0.2885         3.2277         0.2885         0.0054         0.0163 
BAR-estimator:      0.20000        0.25000        0.1713         3.3989         0.1713         0.0040         0.0168 
BAR-estimator:      0.25000        0.30000        0.1010         3.5000         0.1010         0.0035         0.0172 
BAR-estimator:      0.30000        0.35000        0.0460         3.5460         0.0460         0.0034         0.0175 
BAR-estimator:      0.35000        0.40000        0.0074         3.5535         0.0074         0.0031         0.0178 
BAR-estimator:      0.40000        0.45000       -0.0156         3.5379        -0.0156         0.0029         0.0180 
BAR-estimator:      0.45000        0.50000       -0.0364         3.5015        -0.0364         0.0027         0.0182 
BAR-estimator:      0.50000        0.55000       -0.1102         3.3913        -0.1102         0.0029         0.0184 
BAR-estimator:      0.55000        0.60000       -0.1428         3.2485        -0.1428         0.0026         0.0186 
BAR-estimator:      0.60000        0.65000       -0.1593         3.0893        -0.1593         0.0027         0.0188 
BAR-estimator:      0.65000        0.70000       -0.1700         2.9193        -0.1700         0.0032         0.0191 
BAR-estimator:      0.70000        0.75000       -0.1721         2.7472        -0.1721         0.0026         0.0193 
BAR-estimator:      0.75000        0.80000       -0.1769         2.5704        -0.1769         0.0030         0.0195 
BAR-estimator:      0.80000        0.85000       -0.1778         2.3925        -0.1778         0.0029         0.0197 
BAR-estimator:      0.85000        0.90000       -0.1786         2.2140        -0.1786         0.0029         0.0199 
BAR-estimator:      0.90000        0.95000       -0.1818         2.0322        -0.1818         0.0028         0.0201 
BAR-estimator:      0.95000        1.00000       -0.1820         1.8502        -0.1820         0.0030         0.0203 
BAR-estimator: total free energy change is 1.8501957729331522 , total error is 0.020343211794979766
