#========================================================================================
#                     Free energy perturbation    
#----------------------------------------------------------------------------------------
#forward/backward          λ              ΔΔA                 ΔA                  δε   
#                                                 
#----------------------------------------------------------------------------------------
forward:               0.0000              0.0000              0.0000              0.0000  
forward:               0.0500              1.0689              1.0689              0.0162  
forward:               0.1000              0.5983              1.6672              0.0199  
forward:               0.1500              0.3568              2.0240              0.0213  
forward:               0.2000              0.2362              2.2603              0.0224  
forward:               0.2500              0.1629              2.4231              0.0231  
forward:               0.3000              0.0993              2.5225              0.0234  
forward:               0.3500              0.0750              2.5975              0.0238  
forward:               0.4000              0.0453              2.6428              0.0242  
forward:               0.4500              0.0232              2.6659              0.0246  
forward:               0.5000              0.0023              2.6683              0.0249  
forward:               0.5500             -0.0353              2.6329              0.0252  
forward:               0.6000             -0.0820              2.5509              0.0254  
forward:               0.6500             -0.1134              2.4375              0.0257  
forward:               0.7000             -0.1456              2.2919              0.0258  
forward:               0.7500             -0.1554              2.1365              0.0260  
forward:               0.8000             -0.1724              1.9641              0.0262  
forward:               0.8500             -0.1796              1.7846              0.0263  
forward:               0.9000             -0.1796              1.6050              0.0265  
forward:               0.9500             -0.1941              1.4109              0.0266  
forward:               1.0000             -0.1999              1.2110              0.0267  
backward:              1.0000              0.0000              1.2110              0.0000  
backward:              0.9500              0.1935              1.4046              0.0027  
backward:              0.9000              0.1863              1.5909              0.0042  
backward:              0.8500              0.1868              1.7776              0.0055  
backward:              0.8000              0.1766              1.9542              0.0069  
backward:              0.7500              0.1652              2.1194              0.0076  
backward:              0.7000              0.1513              2.2707              0.0084  
backward:              0.6500              0.1340              2.4046              0.0094  
backward:              0.6000              0.1105              2.5151              0.0103  
backward:              0.5500              0.0879              2.6031              0.0110  
backward:              0.5000              0.0289              2.6320              0.0123  
backward:              0.4500             -0.0027              2.6293              0.0131  
backward:              0.4000             -0.0252              2.6041              0.0137  
backward:              0.3500             -0.0446              2.5595              0.0147  
backward:              0.3000             -0.0804              2.4791              0.0157  
backward:              0.2500             -0.1076              2.3715              0.0168  
backward:              0.2000             -0.1665              2.2049              0.0185  
backward:              0.1500             -0.2498              1.9551              0.0201  
backward:              0.1000             -0.3654              1.5897              0.0231  
backward:              0.0500             -0.5747              1.0150              0.0312  
backward:              0.0000             -1.0038              0.0112              0.0448  
Inaccuracy estimation
======================================================================================================
                   i        i+δi          P0_overlap_P1   δε(forward)/ε   δε(backward)/ε
======================================================================================================
inaccuracy:  0.00000        0.05000           44.66           -0.02            1.25
inaccuracy:  0.05000        0.10000           56.98           -0.01            0.53
inaccuracy:  0.10000        0.15000           67.11           -0.00            0.27
inaccuracy:  0.15000        0.20000           72.26           -0.01            0.17
inaccuracy:  0.20000        0.25000           73.82           -0.00            0.14
inaccuracy:  0.25000        0.30000           76.34           -0.01            0.10
inaccuracy:  0.30000        0.35000           77.45           -0.01            0.09
inaccuracy:  0.35000        0.40000           77.85           -0.01            0.09
inaccuracy:  0.40000        0.45000           78.97           -0.01            0.07
inaccuracy:  0.45000        0.50000           79.40           -0.01            0.07
inaccuracy:  0.50000        0.55000           77.48           -0.02            0.07
inaccuracy:  0.55000        0.60000           77.90           -0.02            0.07
inaccuracy:  0.60000        0.65000           79.10           -0.01            0.06
inaccuracy:  0.65000        0.70000           80.53           -0.01            0.05
inaccuracy:  0.70000        0.75000           79.38           -0.02            0.05
inaccuracy:  0.75000        0.80000           80.30           -0.02            0.05
inaccuracy:  0.80000        0.85000           80.07           -0.01            0.05
inaccuracy:  0.85000        0.90000           78.43           -0.02            0.05
inaccuracy:  0.90000        0.95000           80.19           -0.01            0.05
inaccuracy:  0.95000        1.00000           79.84           -0.02            0.05
===================================================================================================================================
                BAR        
-----------------------------------------------------------------------------------------------------------------------------------
BAR-estimator:         λ             λ+δλ          ΔΔA             ΔA            C               Δδe            δe       
                          
-----------------------------------------------------------------------------------------------------------------------------------
BAR-estimator:      0.00000        0.05000        1.0518         1.0518         1.0518         0.0101         0.0101 
BAR-estimator:      0.05000        0.10000        0.5831         1.6349         0.5831         0.0072         0.0124 
BAR-estimator:      0.10000        0.15000        0.3582         1.9931         0.3582         0.0049         0.0133 
BAR-estimator:      0.15000        0.20000        0.2393         2.2325         0.2393         0.0045         0.0141 
BAR-estimator:      0.20000        0.25000        0.1644         2.3968         0.1644         0.0039         0.0146 
BAR-estimator:      0.25000        0.30000        0.1024         2.4992         0.1024         0.0033         0.0150 
BAR-estimator:      0.30000        0.35000        0.0764         2.5756         0.0764         0.0032         0.0153 
BAR-estimator:      0.35000        0.40000        0.0449         2.6205         0.0449         0.0029         0.0156 
BAR-estimator:      0.40000        0.45000        0.0238         2.6443         0.0238         0.0028         0.0158 
BAR-estimator:      0.45000        0.50000        0.0035         2.6478         0.0035         0.0028         0.0161 
BAR-estimator:      0.50000        0.55000       -0.0341         2.6138        -0.0341         0.0029         0.0163 
BAR-estimator:      0.55000        0.60000       -0.0841         2.5296        -0.0841         0.0026         0.0165 
BAR-estimator:      0.60000        0.65000       -0.1121         2.4175        -0.1121         0.0026         0.0167 
BAR-estimator:      0.65000        0.70000       -0.1408         2.2767        -0.1408         0.0022         0.0169 
BAR-estimator:      0.70000        0.75000       -0.1543         2.1224        -0.1543         0.0024         0.0171 
BAR-estimator:      0.75000        0.80000       -0.1700         1.9524        -0.1700         0.0023         0.0172 
BAR-estimator:      0.80000        0.85000       -0.1789         1.7735        -0.1789         0.0024         0.0174 
BAR-estimator:      0.85000        0.90000       -0.1830         1.5905        -0.1830         0.0022         0.0175 
BAR-estimator:      0.90000        0.95000       -0.1898         1.4007        -0.1898         0.0022         0.0177 
BAR-estimator:      0.95000        1.00000       -0.1973         1.2034        -0.1973         0.0024         0.0178 
BAR-estimator: total free energy change is 1.2033835432785724 , total error is 0.017828048307756205
