#========================================================================================
#                     Free energy perturbation    
#----------------------------------------------------------------------------------------
#forward/backward          λ              ΔΔA                 ΔA                  δε   
#                                                 
#----------------------------------------------------------------------------------------
forward:               0.0000              0.0000              0.0000              0.0000  
forward:               0.0500              1.0585              1.0585              0.0119  
forward:               0.1000              0.5885              1.6470              0.0148  
forward:               0.1500              0.3653              2.0123              0.0163  
forward:               0.2000              0.2321              2.2444              0.0171  
forward:               0.2500              0.1684              2.4128              0.0179  
forward:               0.3000              0.1138              2.5267              0.0185  
forward:               0.3500              0.0737              2.6004              0.0190  
forward:               0.4000              0.0468              2.6472              0.0193  
forward:               0.4500              0.0260              2.6732              0.0196  
forward:               0.5000              0.0071              2.6804              0.0199  
forward:               0.5500             -0.0277              2.6527              0.0202  
forward:               0.6000             -0.0828              2.5699              0.0205  
forward:               0.6500             -0.1123              2.4575              0.0207  
forward:               0.7000             -0.1394              2.3181              0.0209  
forward:               0.7500             -0.1570              2.1612              0.0211  
forward:               0.8000             -0.1682              1.9929              0.0213  
forward:               0.8500             -0.1783              1.8146              0.0215  
forward:               0.9000             -0.1816              1.6330              0.0216  
forward:               0.9500             -0.1933              1.4397              0.0218  
forward:               1.0000             -0.1981              1.2416              0.0219  
backward:              1.0000              0.0000              1.2416              0.0000  
backward:              0.9500              0.2020              1.4436              0.0031  
backward:              0.9000              0.1948              1.6384              0.0042  
backward:              0.8500              0.1843              1.8227              0.0054  
backward:              0.8000              0.1793              2.0020              0.0063  
backward:              0.7500              0.1675              2.1695              0.0074  
backward:              0.7000              0.1495              2.3191              0.0082  
backward:              0.6500              0.1391              2.4582              0.0088  
backward:              0.6000              0.1113              2.5695              0.0099  
backward:              0.5500              0.0818              2.6513              0.0107  
backward:              0.5000              0.0274              2.6787              0.0114  
backward:              0.4500             -0.0018              2.6768              0.0120  
backward:              0.4000             -0.0290              2.6478              0.0129  
backward:              0.3500             -0.0492              2.5986              0.0136  
backward:              0.3000             -0.0675              2.5310              0.0144  
backward:              0.2500             -0.1175              2.4136              0.0152  
backward:              0.2000             -0.1743              2.2393              0.0164  
backward:              0.1500             -0.2467              1.9926              0.0183  
backward:              0.1000             -0.3678              1.6248              0.0201  
backward:              0.0500             -0.5828              1.0420              0.0236  
backward:              0.0000             -0.9886              0.0534              0.0466  
Inaccuracy estimation
======================================================================================================
                   i        i+δi          P0_overlap_P1   δε(forward)/ε   δε(backward)/ε
======================================================================================================
inaccuracy:  0.00000        0.05000           45.40           -0.03            1.25
inaccuracy:  0.05000        0.10000           58.95           -0.01            0.52
inaccuracy:  0.10000        0.15000           67.19           -0.00            0.28
inaccuracy:  0.15000        0.20000           72.21           -0.00            0.19
inaccuracy:  0.20000        0.25000           74.53           -0.01            0.14
inaccuracy:  0.25000        0.30000           76.30           -0.00            0.11
inaccuracy:  0.30000        0.35000           76.90           -0.01            0.10
inaccuracy:  0.35000        0.40000           78.53           -0.00            0.08
inaccuracy:  0.40000        0.45000           78.94           -0.01            0.07
inaccuracy:  0.45000        0.50000           79.25           -0.01            0.07
inaccuracy:  0.50000        0.55000           77.17           -0.02            0.08
inaccuracy:  0.55000        0.60000           78.36           -0.01            0.06
inaccuracy:  0.60000        0.65000           78.31           -0.01            0.06
inaccuracy:  0.65000        0.70000           79.76           -0.01            0.05
inaccuracy:  0.70000        0.75000           80.25           -0.01            0.05
inaccuracy:  0.75000        0.80000           79.21           -0.01            0.06
inaccuracy:  0.80000        0.85000           79.58           -0.01            0.06
inaccuracy:  0.85000        0.90000           78.97           -0.02            0.05
inaccuracy:  0.90000        0.95000           79.02           -0.01            0.05
inaccuracy:  0.95000        1.00000           78.39           -0.01            0.05
===================================================================================================================================
                BAR        
-----------------------------------------------------------------------------------------------------------------------------------
BAR-estimator:         λ             λ+δλ          ΔΔA             ΔA            C               Δδe            δe       
                          
-----------------------------------------------------------------------------------------------------------------------------------
BAR-estimator:      0.00000        0.05000        1.0370         1.0370         1.0370         0.0074         0.0074 
BAR-estimator:      0.05000        0.10000        0.5918         1.6288         0.5918         0.0055         0.0093 
BAR-estimator:      0.10000        0.15000        0.3676         1.9964         0.3676         0.0046         0.0103 
BAR-estimator:      0.15000        0.20000        0.2392         2.2356         0.2392         0.0036         0.0110 
BAR-estimator:      0.20000        0.25000        0.1716         2.4072         0.1716         0.0034         0.0115 
BAR-estimator:      0.25000        0.30000        0.1154         2.5226         0.1154         0.0031         0.0119 
BAR-estimator:      0.30000        0.35000        0.0710         2.5935         0.0710         0.0039         0.0125 
BAR-estimator:      0.35000        0.40000        0.0482         2.6417         0.0482         0.0027         0.0128 
BAR-estimator:      0.40000        0.45000        0.0269         2.6686         0.0269         0.0026         0.0130 
BAR-estimator:      0.45000        0.50000        0.0059         2.6746         0.0059         0.0023         0.0132 
BAR-estimator:      0.50000        0.55000       -0.0280         2.6466        -0.0280         0.0026         0.0135 
BAR-estimator:      0.55000        0.60000       -0.0820         2.5646        -0.0820         0.0024         0.0137 
BAR-estimator:      0.60000        0.65000       -0.1132         2.4514        -0.1132         0.0024         0.0139 
BAR-estimator:      0.65000        0.70000       -0.1378         2.3136        -0.1378         0.0025         0.0141 
BAR-estimator:      0.70000        0.75000       -0.1544         2.1591        -0.1544         0.0021         0.0143 
BAR-estimator:      0.75000        0.80000       -0.1678         1.9914        -0.1678         0.0023         0.0145 
BAR-estimator:      0.80000        0.85000       -0.1778         1.8136        -0.1778         0.0024         0.0146 
BAR-estimator:      0.85000        0.90000       -0.1830         1.6305        -0.1830         0.0024         0.0148 
BAR-estimator:      0.90000        0.95000       -0.1937         1.4368        -0.1937         0.0023         0.0150 
BAR-estimator:      0.95000        1.00000       -0.1995         1.2373        -0.1995         0.0020         0.0152 
BAR-estimator: total free energy change is 1.2373146211991985 , total error is 0.015155712989465947
