Charm++: standalone mode (not using charmrun)
Charm++> Running in Multicore mode: 12 threads (PEs)
Charm++> Using recursive bisection (scheme 3) for topology aware partitions
Converse/Charm++ Commit ID: 
CharmLB> Load balancer assumes all CPUs are same.
Charm++> Running on 1 hosts (2 sockets x 6 cores x 1 PUs = 12-way SMP)
Charm++> cpu topology info is gathered in 0.001 seconds.
Info: Built with CUDA version 11080
Did not find +devices i,j,k,... argument, using all
Pe 7 physical rank 7 will use CUDA device of pe 8
Pe 3 physical rank 3 will use CUDA device of pe 8
Pe 1 physical rank 1 will use CUDA device of pe 8
Pe 9 physical rank 9 will use CUDA device of pe 8
Pe 11 physical rank 11 will use CUDA device of pe 8
Pe 4 physical rank 4 will use CUDA device of pe 8
Pe 2 physical rank 2 will use CUDA device of pe 8
Pe 5 physical rank 5 will use CUDA device of pe 8
Pe 10 physical rank 10 will use CUDA device of pe 8
Pe 6 physical rank 6 will use CUDA device of pe 8
Pe 8 physical rank 8 binding to CUDA device 0 on k092: 'NVIDIA A100-PCIE-40GB'  Mem: 40626MB  Rev: 8.0  PCI: 0:19:0
Pe 0 physical rank 0 will use CUDA device of pe 8
CharmLB> Load balancing instrumentation for communication is off.
Info: NAMD 3.0.1 for Linux-x86_64-multicore-CUDA
Info: 
Info: Please visit http://www.ks.uiuc.edu/Research/namd/
Info: for updates, documentation, and support information.
Info: 
Info: Please cite Phillips et al., J. Chem. Phys. 153:044130 (2020) doi:10.1063/5.0014475
Info: in all publications reporting results obtained with NAMD.
Info: 
Info: Based on Charm++/Converse 80000 for multicore-linux-x86_64-gcc
Info: Built Mon Oct 14 10:33:44 CDT 2024 by dhardy on athine.ks.uiuc.edu
Info: 1 NAMD  3.0.1  Linux-x86_64-multicore-CUDA  12    k092  z5382435
Info: Running on 12 processors, 1 nodes, 1 physical nodes.
Info: CPU topology information available.
Info: Charm++/Converse parallel runtime startup completed at 0.131635 s
CkLoopLib is used in SMP with simple dynamic scheduling (converse-level notification)
Info: 0 MB of memory in use based on /proc/self/stat
Info: Configuration file is prod.namd
Info: Working in the current directory /srv/scratch/z5382435/.temp/2.5/6239320/34
TCL: Running FEP window   1: Lambda1 0.30   Lambda2 0.25   [dLambda -0.04999999999999999]
TCL: Suspending until startup complete.
Warning: The following variables were set in the
Warning: configuration file but will be ignored:
Warning:    switchdist (switching)
Warning: Option "1-4scaling" has been deprecated. Instead use "oneFourScaling".
Info: EXTENDED SYSTEM FILE   mobley_6239320_equil.xsc
Info: Tuning parameters to improve GPU-resident performance
Warning: Keeping margin at user-specified value 2
Warning: Performance might be improved by increasing margin size to >= 4
Warning: Disabling lonepair support due to incompatability with GPU-resident.
Info: Running with GPU-resident mode
Warning: Always using force tables for GPU nonbonded kernel due to unsupported config parameters.
Info: SIMULATION PARAMETERS:
Info: TIMESTEP               2
Info: NUMBER OF STEPS        0
Info: STEPS PER CYCLE        10
Info: PERIODIC CELL BASIS 1  30.2653 0 0
Info: PERIODIC CELL BASIS 2  0 31.7163 0
Info: PERIODIC CELL BASIS 3  0 0 32.0278
Info: PERIODIC CELL CENTER   0 0 0
Info: WRAPPING WATERS AROUND PERIODIC BOUNDARIES ON OUTPUT.
Info: WRAPPING ALL CLUSTERS AROUND PERIODIC BOUNDARIES ON OUTPUT.
Info: LOAD BALANCER  Centralized
Info: LOAD BALANCING STRATEGY  New Load Balancers -- DEFAULT
Info: LDB PERIOD             2000 steps
Info: FIRST LDB TIMESTEP     50
Info: LAST LDB TIMESTEP     -1
Info: LDB BACKGROUND SCALING 1
Info: HOM BACKGROUND SCALING 1
Info: PME BACKGROUND SCALING 1
Info: MIN ATOMS PER PATCH    40
Info: EMPTY PATCH LOAD       40 ATOMS
Info: VELOCITY FILE          mobley_6239320_equil.vel
Info: CENTER OF MASS MOVING INITIALLY? NO
Info: DIELECTRIC             1
Info: EXCLUDE                SCALED ONE-FOUR
Info: 1-4 ELECTROSTATICS SCALED BY 0.833333
Info: MODIFIED 1-4 VDW PARAMETERS WILL BE USED
Info: DCD FILENAME           mobley_6239320_prod.dcd
Info: DCD FREQUENCY          100000
Info: DCD FIRST STEP         100000
Info: DCD FILE WILL CONTAIN UNIT CELL DATA
Info: XST FILENAME           mobley_6239320_prod.xst
Info: XST FREQUENCY          100000
Info: NO VELOCITY DCD OUTPUT
Info: NO FORCE DCD OUTPUT
Info: OUTPUT FILENAME        mobley_6239320_prod
Info: BINARY OUTPUT FILES WILL BE USED
Info: RESTART FILENAME       mobley_6239320_prod.restart
Info: RESTART FREQUENCY      100000
Info: BINARY RESTART FILES WILL BE USED
Info: CUTOFF                 9
Info: PAIRLIST DISTANCE      11
Info: PAIRLIST SHRINK RATE   0.01
Info: PAIRLIST GROW RATE     0.01
Info: PAIRLIST TRIGGER       0.3
Info: PAIRLISTS PER CYCLE    2
Info: PAIRLISTS ENABLED
Info: MARGIN                 2
Info: HYDROGEN GROUP CUTOFF  2.5
Info: PATCH DIMENSION        15.5
Info: ENERGY OUTPUT STEPS    100000
Warning: The period of outputting energies relating to alchemical transformations (alchOutFreq = 50) is not a multiple of the period of computing energies (computeEnergies = 100000). If alchOutFreq is smaller than outputEnergies and computeEnergies is not defined, a better solution is to set computeEnergies explicitly and keep it the same as alchOutFreq. The simulation will use the greatest common divisor of computeEnergies and alchOutFreq as the period of energy evaluation.
Info: ENERGY EVALUATION STEPS    100000
Info: OUTPUT ENERGY PRECISION 4
Info: CROSSTERM ENERGY INCLUDED IN DIHEDRAL
Info: TIMING OUTPUT STEPS    1000000
Info: PRESSURE OUTPUT STEPS  100000
Info: ALCHEMICAL FEP ON
Info: FEP CURRENT LAMBDA VALUE     0.3
Info: FEP COMPARISON LAMBDA VALUE  0.25
Info: FEP INTRA-ALCHEMICAL NON-BONDED INTERACTIONS WILL BE RETAINED
Info: FEP INTRA-ALCHEMICAL BONDED INTERACTIONS WILL BE RETAINED
Info: FEP VDW SHIFTING COEFFICIENT 5
Info: FEP ELEC. ACTIVE FOR ANNIHILATED PARTICLES BETWEEN LAMBDA = 0 AND LAMBDA = 0.5
Info: FEP ELEC. ACTIVE FOR EXNIHILATED PARTICLES BETWEEN LAMBDA = 0.5 AND LAMBDA = 1
Info: FEP VDW ACTIVE FOR ANNIHILATED PARTICLES BETWEEN LAMBDA = 0 AND LAMBDA = 1
Info: FEP VDW ACTIVE FOR EXNIHILATED PARTICLES BETWEEN LAMBDA = 0 AND LAMBDA = 1
Info: FEP BOND ACTIVE FOR ANNIHILATED PARTICLES BETWEEN LAMBDA = 1 AND LAMBDA = 1
Info: FEP BOND ACTIVE FOR EXNIHILATED PARTICLES BETWEEN LAMBDA = 0 AND LAMBDA = 0
Info: LANGEVIN DYNAMICS ACTIVE
Info: LANGEVIN TEMPERATURE   300
Info: LANGEVIN USING BBK INTEGRATOR
Info: LANGEVIN DAMPING COEFFICIENT IS 1 INVERSE PS
Info: LANGEVIN DYNAMICS APPLIED TO HYDROGENS
Info: LANGEVIN PISTON PRESSURE CONTROL ACTIVE
Info:        TARGET PRESSURE IS 1.01325 BAR
Info:     OSCILLATION PERIOD IS 50 FS
Info:             DECAY TIME IS 25 FS
Info:     PISTON TEMPERATURE IS 300 K
Info:       PRESSURE CONTROL IS GROUP-BASED
Info:    INITIAL STRAIN RATE IS 0.000215417 0.000215417 0.000215417
Info:       CELL FLUCTUATION IS ISOTROPIC
Info: PARTICLE MESH EWALD (PME) ACTIVE
Info: PME TOLERANCE               1e-06
Info: PME EWALD COEFFICIENT       0.348832
Info: PME INTERPOLATION ORDER     4
Info: PME GRID DIMENSIONS         32 32 36
Info: PME MAXIMUM GRID SPACING    1
Info: PME CALCULATION WILL BE PERFORMED ON GPU
Info: FULL ELECTROSTATIC EVALUATION FREQUENCY      2
Info: USING VERLET I (r-RESPA) MTS SCHEME.
Info: C1 SPLITTING OF LONG RANGE ELECTROSTATICS
Info: PLACING ATOMS IN PATCHES BY HYDROGEN GROUPS
Info: RIGID BONDS TO HYDROGEN : ALL
Info:         ERROR TOLERANCE : 1e-08
Info:          MAX ITERATIONS : 100
Info: RIGID WATER USING SETTLE ALGORITHM
Info: RANDOM NUMBER SEED     1742781104
Info: USE HYDROGEN BONDS?    NO
Info: Using AMBER format force field!
Info: AMBER PARM FILE        mobley_6239320.prmtop
Info: COORDINATE PDB         mobley_6239320.pdb
Info: Exclusions will be read from PARM file!
Info: SCNB (VDW SCALING)     2
Info: USING ARITHMETIC MEAN TO COMBINE L-J SIGMA PARAMETERS
Info: BINARY COORDINATES     mobley_6239320_equil.coor
Info: === Start reading AMBER parm7 format file mobley_6239320.prmtop ===
Info: Complete reading ATOM_NAME with 2988 fields.
Info: Complete reading CHARGE with 2988 fields.
Info: Complete reading ATOMIC_NUMBER with 2988 fields.
Info: Complete reading MASS with 2988 fields.
Info: Complete reading ATOM_TYPE_INDEX with 2988 fields.
Info: Complete reading NUMBER_EXCLUDED_ATOMS with 2988 fields.
Info: Complete reading NONBONDED_PARM_INDEX with 36 fields.
Info: Complete reading RESIDUE_LABEL with 993 fields.
Info: Complete reading RESIDUE_POINTER with 993 fields.
Info: Complete reading BOND_FORCE_CONSTANT with 5 fields.
Info: Complete reading BOND_EQUIL_VALUE with 5 fields.
Info: Complete reading ANGLE_FORCE_CONSTANT with 4 fields.
Info: Complete reading ANGLE_EQUIL_VALUE with 4 fields.
Info: Complete reading DIHEDRAL_FORCE_CONSTANT with 4 fields.
Info: Complete reading DIHEDRAL_PERIODICITY with 4 fields.
Info: Complete reading DIHEDRAL_PHASE with 4 fields.
Info: Complete reading SCEE_SCALE_FACTOR with 4 fields.
Info: Complete reading SCNB_SCALE_FACTOR with 4 fields.
Info: Complete reading LENNARD_JONES_ACOEF with 21 fields.
Info: Complete reading LENNARD_JONES_BCOEF with 21 fields.
Info: Complete reading BONDS_INC_HYDROGEN with 8937 fields.
Info: Complete reading BONDS_WITHOUT_HYDROGEN with 27 fields.
Info: Complete reading ANGLES_INC_HYDROGEN with 24 fields.
Info: Complete reading ANGLES_WITHOUT_HYDROGEN with 48 fields.
Info: Complete reading DIHEDRALS_INC_HYDROGEN with 105 fields.
Info: Complete reading DIHEDRALS_WITHOUT_HYDROGEN with 75 fields.
Info: Complete reading EXCLUDED_ATOMS_LIST with 4022 fields.
Info: Complete reading HBOND_ACOEF with 0 fields.
Info: Complete reading HBOND_BCOEF with 0 fields.
Info: Complete reading AMBER_ATOM_TYPE with 2988 fields.
Info: Complete reading TREE_CHAIN_CLASSIFICATION with 2988 fields.
Info: Complete reading ATOMS_PER_MOLECULE with 993 fields.
Info: Complete reading BOX_DIMENSIONS with 4 fields.
Info: Complete reading RADIUS_SET with 1 fields.
Info: Complete reading RADII with 2988 fields.
Info: Complete reading SCREEN with 2988 fields.
Info: === Finish reading AMBER parm7 format file. ===
Warning: Found 992 H-H bonds.
Info: SUMMARY OF PARAMETERS:
Info: 5 BONDS
Info: 4 ANGLES
Info:   4 HARMONIC
Info:   0 COSINE-BASED
Info: 4 DIHEDRAL
Info: 0 IMPROPER
Info: 0 CROSSTERM
Info: 0 VDW
Info: 21 VDW_PAIRS
Info: 0 NBTHOLE_PAIRS
Info: Reading pdb file mobley_6239320.pdb
Info: TIME FOR READING PDB FILE: 0.185877
Info: 
Info: To read alchdata from file: mobley_6239320.pdb
Info: To read alchflag data from column: 5
Info: ****************************
Info: STRUCTURE SUMMARY:
Info: 2988 ATOMS
Info: 2988 BONDS
Info: 18 ANGLES
Info: 36 DIHEDRALS
Info: 0 IMPROPERS
Info: 0 CROSSTERMS
Info: 3027 EXCLUSIONS
Info: 2979 RIGID BONDS
Info: ALCH: 0 ATOMS TO DISAPPEAR IN FINAL STATE
Info: ALCH: 12 ATOMS TO APPEAR IN FINAL STATE
Info: 5985 DEGREES OF FREEDOM
Info: 1001 HYDROGEN GROUPS
Info: 3 ATOMS IN LARGEST HYDROGEN GROUP
Info: 1001 MIGRATION GROUPS
Info: 3 ATOMS IN LARGEST MIGRATION GROUP
Info: TOTAL MASS = 18001 amu
Info: TOTAL CHARGE = 0.000199944 e
Info: MASS DENSITY = 0.9723 g/cm^3
Info: ATOM DENSITY = 0.097191 atoms/A^3
Info: *****************************
Info: Reading from binary file mobley_6239320_equil.coor
Info: 
Info: Entering startup at 0.415474 s, 0 MB of memory in use
Info: Startup phase 0 took 8.6839e-05 s, 0 MB of memory in use
Info: ADDED 0 IMPLICIT EXCLUSIONS
Info: Startup phase 1 took 0.00110177 s, 0 MB of memory in use
Info: NONBONDED TABLE R-SQUARED SPACING: 0.0625
Info: NONBONDED TABLE SIZE: 705 POINTS
Info: INCONSISTENCY IN FAST TABLE ENERGY VS FORCE: 0.000290481 AT 0.251946
Info: INCONSISTENCY IN SCOR TABLE ENERGY VS FORCE: 0.000238233 AT 8.9687
Info: ABSOLUTE IMPRECISION IN VDWA TABLE ENERGY: 1.21169e-27 AT 8.99653
Info: ABSOLUTE IMPRECISION IN VDWA TABLE FORCE: 2.57484e-27 AT 8.99653
Info: INCONSISTENCY IN VDWA TABLE ENERGY VS FORCE: 0.0040507 AT 0.251946
Info: INCONSISTENCY IN VDWB TABLE ENERGY VS FORCE: 0.00150189 AT 0.251946
Info: Startup phase 2 took 0.000298925 s, 0 MB of memory in use
Info: Startup phase 3 took 6.4711e-05 s, 0 MB of memory in use
Info: Startup phase 4 took 0.000122055 s, 0 MB of memory in use
Info: Startup phase 5 took 6.1964e-05 s, 0 MB of memory in use
Info: PATCH GRID IS 3 (PERIODIC) BY 2 (PERIODIC) BY 2 (PERIODIC)
Info: PATCH GRID IS 2-AWAY BY 1-AWAY BY 1-AWAY
Info: Reading from binary file mobley_6239320_equil.vel
Info: REMOVING COM VELOCITY 0.0613182 0.134987 -0.0234181
Info: LARGEST PATCH (4) HAS 267 ATOMS
Info: TORUS A SIZE 1 USING 0
Info: TORUS B SIZE 1 USING 0
Info: TORUS C SIZE 1 USING 0
Info: TORUS MINIMAL MESH SIZE IS 1 BY 1 BY 1
Info: Placed 100% of base nodes on same physical node as patch
Info: Startup phase 6 took 0.00498218 s, 0 MB of memory in use
Info: Use 3D box decompostion in PME FFT.
Info: PME using 1 x 1 x 1 pencil grid for FFT and reciprocal sum.
Info: Startup phase 7 took 0.000346823 s, 0 MB of memory in use
Info: Updated CUDA force table with 4096 elements.
Info: Updated CUDA LJ table with 6 x 6 elements.
Info: Startup phase 8 took 0.000877571 s, 0 MB of memory in use
Info: Startup phase 9 took 8.311e-05 s, 0 MB of memory in use
Info: Startup phase 10 took 6.1769e-05 s, 0 MB of memory in use
Info: Startup phase 11 took 0.00172618 s, 0 MB of memory in use
LDB: Central LB being created...
Info: Startup phase 12 took 0.00536989 s, 0 MB of memory in use
Info: CREATING 456 COMPUTE OBJECTS
Info: Found 14 unique exclusion lists needing 24 bytes
Info: useSync: 0 useProxySync: 0
Info: Startup phase 13 took 0.0136912 s, 0 MB of memory in use
Info: Startup phase 14 took 8.9055e-05 s, 0 MB of memory in use
Info: Startup phase 15 took 4.8298e-05 s, 0 MB of memory in use
Info: Finished startup at 0.444486 s, 0 MB of memory in use

TCL: Running for 1500000 steps
FEP: RESETTING FOR NEW FEP WINDOW LAMBDA SET TO 0.3 LAMBDA2 0.25
FEP: WINDOW TO HAVE 100000 STEPS OF EQUILIBRATION PRIOR TO FEP DATA COLLECTION.
FEP: USING CONSTANT TEMPERATURE OF 300 K FOR FEP CALCULATION
PRESSURE: 0 1035.78 -116.274 -81.5428 -116.275 6.59409 552.925 -81.5458 552.924 774.656
GPRESSURE: 0 1228.84 153.756 -158.596 -264.905 148.244 426.361 9.64675 394.103 669.938
ETITLE:      TS           BOND          ANGLE          DIHED          IMPRP               ELECT            VDW       BOUNDARY           MISC        KINETIC               TOTAL           TEMP      POTENTIAL       TOTALAVG        TEMPAVG            PRESSURE      GPRESSURE         VOLUME       PRESSAVG      GPRESSAVG
FEPTITLE:    TS          BOND2         ELECT2           VDW2

ENERGY:       0         5.4871         2.0632        27.1154         0.0000         -11267.7576      1528.2069         0.0000         0.0000      1766.2763          -7938.6088       297.0194     -9704.8850     -7938.6088       297.0194            605.6757       682.3420     30743.5972       605.6757       682.3420
FEP:          0        34.6657    -11267.7576      1528.8847

OPENING FEP ENERGY OUTPUT FILE
OPENING EXTENDED SYSTEM TRAJECTORY FILE
Info: Initial time: 12 CPUs 0.000960319 s/step 179.94 ns/day 0 MB memory
Info: Initial time: 12 CPUs 0.000731802 s/step 236.129 ns/day 0 MB memory
Info: Initial time: 12 CPUs 0.000717174 s/step 240.946 ns/day 0 MB memory
Info: Benchmark time: 12 CPUs 0.000703211 s/step 245.73 ns/day 0 MB memory
Info: Benchmark time: 12 CPUs 0.000554548 s/step 311.605 ns/day 0 MB memory
Info: Benchmark time: 12 CPUs 0.000406804 s/step 424.775 ns/day 0 MB memory
Info: Benchmark time: 12 CPUs 0.000404396 s/step 427.304 ns/day 0 MB memory
Info: Benchmark time: 12 CPUs 0.000405115 s/step 426.546 ns/day 0 MB memory
Info: Benchmark time: 12 CPUs 0.00040793 s/step 423.602 ns/day 0 MB memory
PRESSURE: 100000 -1022.2 -506.628 -6.47506 -506.634 -383.633 -259.39 -6.47523 -259.388 -536.297
GPRESSURE: 100000 -838.112 -441.481 35.3367 -478.859 -373.817 -51.4993 -32.0528 -176.035 -727.119
PRESSAVG: 100000 6.78618 -311.454 -44.0105 -311.454 -188.519 146.768 -44.0105 146.768 119.179
GPRESSAVG: 100000 195.365 -143.862 -61.6298 -371.882 -112.786 187.431 -11.203 109.034 -28.5902
ENERGY:  100000         5.4625         1.1289        28.0888         0.0000         -11237.1350      1405.3419         0.0000         0.0000      1744.3752          -8052.7378       293.3365     -9797.1129     -7995.6733       295.1780           -647.3784      -646.3494     31046.4724       -20.8513        17.9963
FEP:     100000        34.6802    -11237.1350      1406.0085

WRITING EXTENDED SYSTEM TO RESTART FILE AT STEP 100000
OPENING COORDINATE DCD FILE
WRITING COORDINATES TO DCD FILE mobley_6239320_prod.dcd AT STEP 100000
WRITING COORDINATES TO RESTART FILE AT STEP 100000
FINISHED WRITING RESTART COORDINATES
The last position output (seq=100000) takes 0.011 seconds, 0.000 MB of memory in use
WRITING VELOCITIES TO RESTART FILE AT STEP 100000
FINISHED WRITING RESTART VELOCITIES
The last velocity output (seq=100000) takes 0.007 seconds, 0.000 MB of memory in use
PRESSURE: 200000 186.118 708.022 354.355 708.022 371.198 -148.577 354.356 -148.58 608.037
GPRESSURE: 200000 491.6 701.268 428.131 669.701 327.807 -224.104 315.33 -67.5525 640.052
PRESSAVG: 200000 66.5635 28.3712 88.7783 28.3712 -1.94691 48.3188 88.7783 48.3188 282.132
GPRESSAVG: 200000 294.11 137.848 101.624 -24.6877 34.0782 50.2526 97.6412 50.1715 194.291
ENERGY:  200000         6.0743         4.2098        27.6811         0.0000         -11365.5689      1506.2205         0.0000         0.0000      1763.1063          -8058.2769       296.4864     -9821.3832     -8016.5411       295.6141            388.4511       486.4865     30131.6440       115.5828       174.1597
FEP:     200000        37.9652    -11365.5689      1505.8783

WRITING EXTENDED SYSTEM TO RESTART FILE AT STEP 200000
WRITING COORDINATES TO DCD FILE mobley_6239320_prod.dcd AT STEP 200000
WRITING COORDINATES TO RESTART FILE AT STEP 200000
FINISHED WRITING RESTART COORDINATES
The last position output (seq=200000) takes 0.014 seconds, 0.000 MB of memory in use
WRITING VELOCITIES TO RESTART FILE AT STEP 200000
FINISHED WRITING RESTART VELOCITIES
The last velocity output (seq=200000) takes 0.013 seconds, 0.000 MB of memory in use
PRESSURE: 300000 -476.291 -224.17 90.8176 -224.17 -728.323 362.908 90.8166 362.906 -1104.27
GPRESSURE: 300000 -596.208 -76.7889 187.551 147.383 -694.979 -109.653 76.7308 879.725 -1003.88
PRESSAVG: 300000 -69.1502 -34.764 89.2878 -34.764 -183.541 126.966 89.2878 126.966 -64.4678
GPRESSAVG: 300000 71.5309 84.1885 123.106 18.33 -148.186 10.2763 92.4136 257.56 -105.252
ENERGY:  300000         4.8012         4.0640        29.6827         0.0000         -11212.2763      1382.5707         0.0000         0.0000      1810.7744          -7980.3833       304.5023     -9791.1577     -8007.5017       297.8362           -769.6271      -765.0226     30605.7265      -105.7197       -60.6359
FEP:     300000        38.5479    -11212.2763      1382.9336

WRITING EXTENDED SYSTEM TO RESTART FILE AT STEP 300000
WRITING COORDINATES TO DCD FILE mobley_6239320_prod.dcd AT STEP 300000
WRITING COORDINATES TO RESTART FILE AT STEP 300000
FINISHED WRITING RESTART COORDINATES
The last position output (seq=300000) takes 0.017 seconds, 0.000 MB of memory in use
WRITING VELOCITIES TO RESTART FILE AT STEP 300000
FINISHED WRITING RESTART VELOCITIES
The last velocity output (seq=300000) takes 0.016 seconds, 0.000 MB of memory in use
PRESSURE: 400000 -109.928 -202.001 136.477 -201.997 -795.576 74.0531 136.475 74.052 345.653
GPRESSURE: 400000 117.777 -99.4183 20.8804 -168.265 -702.512 -45.5725 246.869 2.29665 381.414
PRESSAVG: 400000 -77.3058 -68.2107 98.7252 -68.2107 -305.948 116.383 98.7252 116.383 17.5563
GPRESSAVG: 400000 80.78 47.4672 102.661 -18.989 -259.051 -0.893494 123.305 206.507 -7.91912
ENERGY:  400000         7.3409         3.7661        25.5339         0.0000         -11158.1133      1432.9853         0.0000         0.0000      1799.9736          -7888.5135       302.6860     -9688.4871     -7983.7041       298.8061           -186.6172       -67.7736     31037.3712      -121.8992       -62.0634
FEP:     400000        36.6409    -11158.1133      1433.0767

WRITING EXTENDED SYSTEM TO RESTART FILE AT STEP 400000
WRITING COORDINATES TO DCD FILE mobley_6239320_prod.dcd AT STEP 400000
WRITING COORDINATES TO RESTART FILE AT STEP 400000
FINISHED WRITING RESTART COORDINATES
The last position output (seq=400000) takes 0.017 seconds, 0.000 MB of memory in use
WRITING VELOCITIES TO RESTART FILE AT STEP 400000
FINISHED WRITING RESTART VELOCITIES
The last velocity output (seq=400000) takes 0.016 seconds, 0.000 MB of memory in use
PRESSURE: 500000 1248.17 425.468 218.494 425.466 299.826 -2.51174 218.492 -2.51565 596.593
GPRESSURE: 500000 1094.83 602.915 343.813 342.404 606.096 -111.143 230.719 103.616 702.944
PRESSAVG: 500000 143.607 14.0688 118.686 14.0688 -204.986 96.5665 118.686 96.5665 114.062
GPRESSAVG: 500000 249.789 140.042 142.853 41.2431 -114.86 -19.2684 141.207 189.359 110.558
ENERGY:  500000         4.0012         2.0106        28.0689         0.0000         -11377.3385      1561.9268         0.0000         0.0000      1853.9146          -7927.4164       311.7568     -9781.3310     -7974.3228       300.9646            714.8629       801.2909     30462.1457        17.5612        81.8290
FEP:     500000        34.0807    -11377.3385      1561.5345

WRITING EXTENDED SYSTEM TO RESTART FILE AT STEP 500000
WRITING COORDINATES TO DCD FILE mobley_6239320_prod.dcd AT STEP 500000
WRITING COORDINATES TO RESTART FILE AT STEP 500000
FINISHED WRITING RESTART COORDINATES
The last position output (seq=500000) takes 0.018 seconds, 0.000 MB of memory in use
WRITING VELOCITIES TO RESTART FILE AT STEP 500000
FINISHED WRITING RESTART VELOCITIES
The last velocity output (seq=500000) takes 0.017 seconds, 0.000 MB of memory in use
PRESSURE: 600000 1311.49 178.883 -3.88224 178.884 699.964 -542.861 -3.8836 -542.863 961.052
GPRESSURE: 600000 1479.74 226.499 -356.103 287.647 766.474 -699.32 5.35199 -617.785 807.148
PRESSAVG: 600000 310.447 37.6138 101.176 37.6138 -75.7072 5.21942 101.176 5.21942 235.061
GPRESSAVG: 600000 425.497 152.393 71.5733 76.4437 11.0448 -116.419 121.799 74.0525 210.071
ENERGY:  600000         3.1103         0.8705        24.9016         0.0000         -11427.3152      1613.4878         0.0000         0.0000      1840.2177          -7944.7274       309.4535     -9784.9451     -7970.0949       302.1773            990.8356      1017.7885     30878.3781       156.6004       215.5375
FEP:     600000        28.8824    -11427.3152      1613.8663

WRITING EXTENDED SYSTEM TO RESTART FILE AT STEP 600000
WRITING COORDINATES TO DCD FILE mobley_6239320_prod.dcd AT STEP 600000
WRITING COORDINATES TO RESTART FILE AT STEP 600000
FINISHED WRITING RESTART COORDINATES
The last position output (seq=600000) takes 0.017 seconds, 0.000 MB of memory in use
WRITING VELOCITIES TO RESTART FILE AT STEP 600000
FINISHED WRITING RESTART VELOCITIES
PRESSURE: 700000 -491.106 -72.432 -627.537 -72.4301 -70.1321 188.129 -627.54 188.13 -1117.75
GPRESSURE: 700000 -443.569 -166.665 -602.94 -11.4611 4.75238 -184.502 -671.392 227.488 -1068.49
PRESSAVG: 700000 210.253 23.8583 10.0869 23.8583 -75.0103 28.0833 10.0869 28.0833 65.9599
GPRESSAVG: 700000 316.864 112.511 -12.7409 65.4556 10.2583 -124.929 22.6502 93.232 50.2502
ENERGY:  700000         7.8992         4.7139        28.5116         0.0000         -11228.4202      1364.6322         0.0000         0.0000      1835.7517          -7986.9115       308.7025     -9822.6632     -7972.1969       302.9929           -559.6618      -502.4369     30235.9486        67.0676       125.7907
FEP:     700000        41.1247    -11228.4202      1364.5019

WRITING EXTENDED SYSTEM TO RESTART FILE AT STEP 700000
WRITING COORDINATES TO DCD FILE mobley_6239320_prod.dcd AT STEP 700000
WRITING COORDINATES TO RESTART FILE AT STEP 700000
FINISHED WRITING RESTART COORDINATES
The last position output (seq=700000) takes 0.018 seconds, 0.000 MB of memory in use
WRITING VELOCITIES TO RESTART FILE AT STEP 700000
FINISHED WRITING RESTART VELOCITIES
PRESSURE: 800000 -337.804 306.333 94.7812 306.334 -721.601 73.9676 94.7838 73.9694 -975.947
GPRESSURE: 800000 -464.768 572.708 315.037 -226.847 -617.951 147.685 197.574 -119.357 -809.282
PRESSAVG: 800000 149.358 55.2445 19.4977 55.2445 -146.854 33.1817 19.4977 33.1817 -49.8075
GPRESSAVG: 800000 230.016 163.644 23.6788 32.9776 -59.5427 -94.6385 42.0862 69.611 -45.2534
ENERGY:  800000         4.9669         3.0995        29.5657         0.0000         -11191.0556      1397.2715         0.0000         0.0000      1800.5733          -7955.5788       302.7869     -9756.1520     -7970.3505       302.9700           -678.4505      -630.6670     31004.7228       -15.7677        41.7398
FEP:     800000        37.6321    -11191.0556      1397.5954

WRITING EXTENDED SYSTEM TO RESTART FILE AT STEP 800000
WRITING COORDINATES TO DCD FILE mobley_6239320_prod.dcd AT STEP 800000
WRITING COORDINATES TO RESTART FILE AT STEP 800000
FINISHED WRITING RESTART COORDINATES
The last position output (seq=800000) takes 0.029 seconds, 0.000 MB of memory in use
WRITING VELOCITIES TO RESTART FILE AT STEP 800000
FINISHED WRITING RESTART VELOCITIES
PRESSURE: 900000 455.053 -62.0332 -47.0234 -62.0348 -298.143 -16.1761 -47.0238 -16.1725 898.267
GPRESSURE: 900000 568.945 -139.786 -104.977 -89.814 -56.5433 -89.0525 35.5476 456.272 683.947
PRESSAVG: 900000 179.927 43.5165 12.8455 43.5165 -161.983 28.2463 12.8455 28.2463 44.9999
GPRESSAVG: 900000 263.909 133.301 10.8133 20.6984 -59.2428 -94.0799 41.4324 108.277 27.6667
ENERGY:  900000         2.7951         4.8626        25.4612         0.0000         -11330.4804      1493.1483         0.0000         0.0000      1774.5355          -8029.6778       298.4083     -9804.2132     -7976.2832       302.5139            351.7255       398.7831     30063.5140        20.9816        77.4442
FEP:     900000        33.1189    -11330.4804      1493.6880

WRITING EXTENDED SYSTEM TO RESTART FILE AT STEP 900000
WRITING COORDINATES TO DCD FILE mobley_6239320_prod.dcd AT STEP 900000
WRITING COORDINATES TO RESTART FILE AT STEP 900000
FINISHED WRITING RESTART COORDINATES
The last position output (seq=900000) takes 0.016 seconds, 0.000 MB of memory in use
WRITING VELOCITIES TO RESTART FILE AT STEP 900000
FINISHED WRITING RESTART VELOCITIES
PRESSURE: 1000000 1000.53 647.353 864.82 647.354 618.709 357.217 864.817 357.221 -219.989
GPRESSURE: 1000000 797.267 751.691 769.216 434.118 693.822 133.243 626.681 340.608 -87.7272
PRESSAVG: 1000000 254.528 98.4109 90.2975 98.4109 -91.0106 58.1531 90.2975 58.1531 20.91
GPRESSAVG: 1000000 312.396 189.518 79.759 58.282 9.21765 -73.4142 94.6368 129.398 17.1764
TIMING: 1000000  CPU: 420.998, 0.000420693/step  Wall: 425.191, 0.000425164/step, 406.431 ns/days, 0.0590506 hours remaining, 0.000000 MB of memory in use.
PERFORMANCE: 1000000  averaging 406.431 ns/day, 0.000425164 sec/step with standard deviation 0
ETITLE:      TS           BOND          ANGLE          DIHED          IMPRP               ELECT            VDW       BOUNDARY           MISC        KINETIC               TOTAL           TEMP      POTENTIAL       TOTALAVG        TEMPAVG            PRESSURE      GPRESSURE         VOLUME       PRESSAVG      GPRESSAVG
FEPTITLE:    TS          BOND2         ELECT2           VDW2

ENERGY: 1000000         3.6438         1.2294        26.2033         0.0000         -11386.1556      1542.7379         0.0000         0.0000      1764.7598          -8047.5815       296.7644     -9812.3412     -7982.7649       301.9912            466.4162       467.7872     30272.5890        61.4756       112.9299
FEP:    1000000        31.0764    -11386.1556      1543.4239

WRITING EXTENDED SYSTEM TO RESTART FILE AT STEP 1000000
WRITING COORDINATES TO DCD FILE mobley_6239320_prod.dcd AT STEP 1000000
WRITING COORDINATES TO RESTART FILE AT STEP 1000000
FINISHED WRITING RESTART COORDINATES
The last position output (seq=1000000) takes 0.020 seconds, 0.000 MB of memory in use
WRITING VELOCITIES TO RESTART FILE AT STEP 1000000
FINISHED WRITING RESTART VELOCITIES
PRESSURE: 1100000 147.804 -205.227 140.611 -205.228 445.085 100.025 140.614 100.027 596.996
GPRESSURE: 1100000 37.963 -202.204 110.373 -30.6061 472.307 144.814 351.55 -2.44977 611.071
PRESSAVG: 1100000 245.634 73.1077 94.4905 73.1077 -46.336 61.6426 94.4905 61.6426 68.9172
GPRESSAVG: 1100000 289.526 156.875 82.3102 50.8747 47.8084 -55.2285 116.046 118.411 66.6676
ENERGY: 1100000         6.5280         3.5182        27.8405         0.0000         -11264.4598      1487.8514         0.0000         0.0000      1777.8846          -7960.8371       298.9715     -9738.7217     -7980.9376       301.7395            396.6282       373.7803     30809.9289        89.4050       134.6674
FEP:    1100000        37.8867    -11264.4598      1488.3313

WRITING EXTENDED SYSTEM TO RESTART FILE AT STEP 1100000
WRITING COORDINATES TO DCD FILE mobley_6239320_prod.dcd AT STEP 1100000
WRITING COORDINATES TO RESTART FILE AT STEP 1100000
FINISHED WRITING RESTART COORDINATES
WRITING VELOCITIES TO RESTART FILE AT STEP 1100000
FINISHED WRITING RESTART VELOCITIES
PRESSURE: 1200000 319.814 541.686 -621.234 541.682 499.152 178.767 -621.231 178.768 -347.014
GPRESSURE: 1200000 245.767 421.536 -402.911 429.794 859.642 234.466 -489.148 305.263 -443.141
PRESSAVG: 1200000 251.34 109.152 39.435 109.152 -4.37542 70.6523 39.435 70.6523 36.9224
GPRESSAVG: 1200000 286.16 177.233 44.9854 80.0223 110.257 -32.9443 69.4928 132.784 27.4515
ENERGY: 1200000         8.0539         2.6082        28.1596         0.0000         -11271.4578      1495.6113         0.0000         0.0000      1759.2563          -7977.7686       295.8389     -9737.0249     -7980.6938       301.2857            157.3171       220.7562     30717.4356        94.6290       141.2896
FEP:    1200000        38.8217    -11271.4578      1495.7332

WRITING EXTENDED SYSTEM TO RESTART FILE AT STEP 1200000
WRITING COORDINATES TO DCD FILE mobley_6239320_prod.dcd AT STEP 1200000
WRITING COORDINATES TO RESTART FILE AT STEP 1200000
FINISHED WRITING RESTART COORDINATES
WRITING VELOCITIES TO RESTART FILE AT STEP 1200000
FINISHED WRITING RESTART VELOCITIES
PRESSURE: 1300000 273.191 -41.2517 -251.342 -41.2516 -2.65801 108.104 -251.345 108.105 -15.3545
GPRESSURE: 1300000 211.044 -215.475 23.2762 -299.518 -107.65 147.454 -419.54 356.709 279.657
PRESSAVG: 1300000 252.901 98.4087 18.665 98.4087 -4.25275 73.3274 18.665 73.3274 33.1883
GPRESSAVG: 1300000 280.795 149.183 43.4348 52.9123 94.6924 -20.0587 34.5619 148.779 45.4662
ENERGY: 1300000         4.9631         5.0663        25.9447         0.0000         -11411.0572      1518.0420         0.0000         0.0000      1828.8809          -8028.1602       307.5471     -9857.0411     -7984.0842       301.7329             85.0595       127.6836     30613.1040        93.9455       140.3178
FEP:    1300000        35.9741    -11411.0572      1518.7158

WRITING EXTENDED SYSTEM TO RESTART FILE AT STEP 1300000
WRITING COORDINATES TO DCD FILE mobley_6239320_prod.dcd AT STEP 1300000
WRITING COORDINATES TO RESTART FILE AT STEP 1300000
FINISHED WRITING RESTART COORDINATES
WRITING VELOCITIES TO RESTART FILE AT STEP 1300000
FINISHED WRITING RESTART VELOCITIES
PRESSURE: 1400000 -291.843 -403.177 -599.54 -403.179 -168.622 -93.0582 -599.542 -93.0577 112.549
GPRESSURE: 1400000 -244.821 -172.708 -694.022 -702.62 -272.598 -455.604 -648.394 -72.0816 401.414
PRESSAVG: 1400000 216.585 64.9696 -22.5488 64.9696 -15.2107 62.2351 -22.5488 62.2351 38.479
GPRESSAVG: 1400000 245.754 127.723 -5.72903 2.54347 70.2063 -49.0951 -10.9685 134.055 69.1961
ENERGY: 1400000         3.7650         3.8671        26.3080         0.0000         -11280.3485      1468.7819         0.0000         0.0000      1819.8615          -7957.7650       306.0304     -9777.6265     -7982.3296       302.0194           -115.9720       -38.6684     30813.1546        79.9510       128.3854
FEP:    1400000        33.9401    -11280.3485      1469.3424

WRITING EXTENDED SYSTEM TO RESTART FILE AT STEP 1400000
WRITING COORDINATES TO DCD FILE mobley_6239320_prod.dcd AT STEP 1400000
WRITING COORDINATES TO RESTART FILE AT STEP 1400000
FINISHED WRITING RESTART COORDINATES
WRITING VELOCITIES TO RESTART FILE AT STEP 1400000
FINISHED WRITING RESTART VELOCITIES
PRESSURE: 1500000 401.821 530.58 206.545 530.581 98.5878 -138.735 206.542 -138.732 -143.343
GPRESSURE: 1500000 542.42 161.252 137.316 1023.37 89.8843 -80.8977 621.384 -166.693 -50.3765
PRESSAVG: 1500000 228.162 94.0703 -8.23057 94.0703 -8.09828 49.6746 -8.23057 49.6746 27.1152
GPRESSAVG: 1500000 264.295 129.819 3.21129 66.3449 71.4362 -51.0827 28.5536 115.258 61.7228
ENERGY: 1500000         2.6635         6.0115        28.7544         0.0000         -11386.6223      1528.2893         0.0000         0.0000      1798.4471          -8022.4566       302.4293     -9820.9037     -7984.8376       302.0450            119.0218       193.9758     30827.7026        82.3929       132.4848
FEP:    1500000        37.4294    -11386.6223      1527.8349

WRITING EXTENDED SYSTEM TO RESTART FILE AT STEP 1500000
WRITING COORDINATES TO DCD FILE mobley_6239320_prod.dcd AT STEP 1500000
WRITING COORDINATES TO RESTART FILE AT STEP 1500000
FINISHED WRITING RESTART COORDINATES
WRITING VELOCITIES TO RESTART FILE AT STEP 1500000
FINISHED WRITING RESTART VELOCITIES
TCL: Exiting due to exit command.
WRITING EXTENDED SYSTEM TO OUTPUT FILE AT STEP 1500000
CLOSING EXTENDED SYSTEM TRAJECTORY FILE
WRITING COORDINATES TO OUTPUT FILE AT STEP 1500000
CLOSING COORDINATE DCD FILE mobley_6239320_prod.dcd
WRITING VELOCITIES TO OUTPUT FILE AT STEP 1500000
====================================================

WallClock: 635.287781  CPUTime: 632.622864  Memory: 0.000000 MB
[Partition 0][Node 0] End of program
