#========================================================================================
#                     Free energy perturbation    
#----------------------------------------------------------------------------------------
#forward/backward          λ              ΔΔA                 ΔA                  δε   
#                                                 
#----------------------------------------------------------------------------------------
forward:               0.0000              0.0000              0.0000              0.0000  
forward:               0.0500              1.2471              1.2471              0.0250  
forward:               0.1000              0.6572              1.9043              0.0287  
forward:               0.1500              0.3127              2.2170              0.0304  
forward:               0.2000              0.1560              2.3730              0.0313  
forward:               0.2500              0.0763              2.4493              0.0319  
forward:               0.3000              0.0234              2.4727              0.0323  
forward:               0.3500              0.0003              2.4731              0.0327  
forward:               0.4000             -0.0402              2.4328              0.0330  
forward:               0.4500             -0.0464              2.3865              0.0333  
forward:               0.5000             -0.0685              2.3179              0.0336  
forward:               0.5500             -0.1402              2.1778              0.0342  
forward:               0.6000             -0.2882              1.8896              0.0348  
forward:               0.6500             -0.4744              1.4152              0.0367  
forward:               0.7000             -0.6619              0.7533              0.0379  
forward:               0.7500             -0.7633             -0.0100              0.0386  
forward:               0.8000             -0.7581             -0.7682              0.0390  
forward:               0.8500             -0.7029             -1.4711              0.0393  
forward:               0.9000             -0.6550             -2.1261              0.0395  
forward:               0.9500             -0.5900             -2.7161              0.0397  
forward:               1.0000             -0.5499             -3.2660              0.0399  
backward:              1.0000              0.0000             -3.2660              0.0000  
backward:              0.9500              0.5351             -2.7309              0.0110  
backward:              0.9000              0.6022             -2.1287              0.0122  
backward:              0.8500              0.6494             -1.4792              0.0136  
backward:              0.8000              0.7069             -0.7724              0.0147  
backward:              0.7500              0.7555             -0.0169              0.0161  
backward:              0.7000              0.7759              0.7590              0.0185  
backward:              0.6500              0.6717              1.4307              0.0205  
backward:              0.6000              0.4809              1.9116              0.0228  
backward:              0.5500              0.2905              2.2021              0.0243  
backward:              0.5000              0.1408              2.3429              0.0250  
backward:              0.4500              0.0635              2.4064              0.0256  
backward:              0.4000              0.0548              2.4612              0.0261  
backward:              0.3500              0.0348              2.4959              0.0266  
backward:              0.3000             -0.0008              2.4951              0.0274  
backward:              0.2500             -0.0185              2.4767              0.0280  
backward:              0.2000             -0.0773              2.3994              0.0290  
backward:              0.1500             -0.1636              2.2357              0.0305  
backward:              0.1000             -0.2833              1.9525              0.0331  
backward:              0.0500             -0.6399              1.3126              0.0391  
backward:              0.0000             -1.2275              0.0851              0.0477  
Inaccuracy estimation
======================================================================================================
                   i        i+δi          P0_overlap_P1   δε(forward)/ε   δε(backward)/ε
======================================================================================================
inaccuracy:  0.00000        0.05000           40.63           -0.04            1.25
inaccuracy:  0.05000        0.10000           51.60           -0.02            0.81
inaccuracy:  0.10000        0.15000           61.66           -0.01            0.44
inaccuracy:  0.15000        0.20000           68.66           -0.01            0.23
inaccuracy:  0.20000        0.25000           71.18           -0.02            0.16
inaccuracy:  0.25000        0.30000           72.77           -0.01            0.13
inaccuracy:  0.30000        0.35000           73.54           -0.01            0.11
inaccuracy:  0.35000        0.40000           75.53           -0.01            0.10
inaccuracy:  0.40000        0.45000           74.91           -0.01            0.11
inaccuracy:  0.45000        0.50000           76.36           -0.01            0.09
inaccuracy:  0.50000        0.55000           70.29           -0.06            0.12
inaccuracy:  0.55000        0.60000           69.54           -0.10            0.09
inaccuracy:  0.60000        0.65000           66.27           -0.12            0.09
inaccuracy:  0.65000        0.70000           64.92           -0.09            0.08
inaccuracy:  0.70000        0.75000           67.63           -0.06            0.07
inaccuracy:  0.75000        0.80000           69.30           -0.07            0.06
inaccuracy:  0.80000        0.85000           69.32           -0.05            0.07
inaccuracy:  0.85000        0.90000           69.52           -0.04            0.08
inaccuracy:  0.90000        0.95000           68.33           -0.05            0.09
inaccuracy:  0.95000        1.00000           68.32           -0.05            0.10
===================================================================================================================================
                BAR        
-----------------------------------------------------------------------------------------------------------------------------------
BAR-estimator:         λ             λ+δλ          ΔΔA             ΔA            C               Δδe            δe       
                          
-----------------------------------------------------------------------------------------------------------------------------------
BAR-estimator:      0.00000        0.05000        1.2658         1.2658         1.2658         0.0116         0.0116 
BAR-estimator:      0.05000        0.10000        0.6628         1.9286         0.6628         0.0088         0.0146 
BAR-estimator:      0.10000        0.15000        0.3090         2.2376         0.3090         0.0064         0.0159 
BAR-estimator:      0.15000        0.20000        0.1606         2.3982         0.1606         0.0053         0.0167 
BAR-estimator:      0.20000        0.25000        0.0757         2.4739         0.0757         0.0044         0.0173 
BAR-estimator:      0.25000        0.30000        0.0232         2.4970         0.0232         0.0043         0.0178 
BAR-estimator:      0.30000        0.35000       -0.0022         2.4949        -0.0022         0.0039         0.0183 
BAR-estimator:      0.35000        0.40000       -0.0378         2.4571        -0.0378         0.0040         0.0187 
BAR-estimator:      0.40000        0.45000       -0.0500         2.4071        -0.0500         0.0028         0.0189 
BAR-estimator:      0.45000        0.50000       -0.0672         2.3399        -0.0672         0.0038         0.0193 
BAR-estimator:      0.50000        0.55000       -0.1372         2.2027        -0.1372         0.0039         0.0197 
BAR-estimator:      0.55000        0.60000       -0.2922         1.9105        -0.2922         0.0039         0.0200 
BAR-estimator:      0.60000        0.65000       -0.4758         1.4348        -0.4758         0.0049         0.0206 
BAR-estimator:      0.65000        0.70000       -0.6632         0.7715        -0.6632         0.0054         0.0213 
BAR-estimator:      0.70000        0.75000       -0.7654         0.0062        -0.7654         0.0047         0.0219 
BAR-estimator:      0.75000        0.80000       -0.7580        -0.7519        -0.7580         0.0037         0.0222 
BAR-estimator:      0.80000        0.85000       -0.7042        -1.4561        -0.7042         0.0035         0.0224 
BAR-estimator:      0.85000        0.90000       -0.6514        -2.1075        -0.6514         0.0036         0.0227 
BAR-estimator:      0.90000        0.95000       -0.5927        -2.7002        -0.5927         0.0039         0.0231 
BAR-estimator:      0.95000        1.00000       -0.5481        -3.2483        -0.5481         0.0042         0.0234 
BAR-estimator: total free energy change is -3.248254455875648 , total error is 0.02343127146590371
