#========================================================================================
#                     Free energy perturbation    
#----------------------------------------------------------------------------------------
#forward/backward          λ              ΔΔA                 ΔA                  δε   
#                                                 
#----------------------------------------------------------------------------------------
forward:               0.0000              0.0000              0.0000              0.0000  
forward:               0.0500              1.2670              1.2670              0.0169  
forward:               0.1000              0.7026              1.9696              0.0223  
forward:               0.1500              0.3361              2.3057              0.0240  
forward:               0.2000              0.1656              2.4713              0.0251  
forward:               0.2500              0.0751              2.5464              0.0257  
forward:               0.3000              0.0255              2.5719              0.0262  
forward:               0.3500             -0.0069              2.5650              0.0266  
forward:               0.4000             -0.0272              2.5378              0.0269  
forward:               0.4500             -0.0501              2.4878              0.0272  
forward:               0.5000             -0.0628              2.4250              0.0275  
forward:               0.5500             -0.1414              2.2836              0.0279  
forward:               0.6000             -0.3016              1.9819              0.0284  
forward:               0.6500             -0.5173              1.4647              0.0294  
forward:               0.7000             -0.7086              0.7560              0.0301  
forward:               0.7500             -0.7978             -0.0418              0.0306  
forward:               0.8000             -0.8015             -0.8432              0.0309  
forward:               0.8500             -0.7560             -1.5992              0.0311  
forward:               0.9000             -0.7041             -2.3033              0.0313  
forward:               0.9500             -0.6548             -2.9582              0.0316  
forward:               1.0000             -0.6114             -3.5696              0.0318  
backward:              1.0000              0.0000             -3.5696              0.0000  
backward:              0.9500              0.6065             -2.9630              0.0054  
backward:              0.9000              0.6437             -2.3194              0.0078  
backward:              0.8500              0.6887             -1.6307              0.0095  
backward:              0.8000              0.7444             -0.8863              0.0111  
backward:              0.7500              0.8087             -0.0776              0.0122  
backward:              0.7000              0.8100              0.7324              0.0138  
backward:              0.6500              0.6951              1.4275              0.0157  
backward:              0.6000              0.4977              1.9252              0.0177  
backward:              0.5500              0.3084              2.2337              0.0186  
backward:              0.5000              0.1474              2.3811              0.0196  
backward:              0.4500              0.0635              2.4446              0.0199  
backward:              0.4000              0.0466              2.4912              0.0205  
backward:              0.3500              0.0246              2.5158              0.0211  
backward:              0.3000             -0.0063              2.5095              0.0219  
backward:              0.2500             -0.0237              2.4858              0.0226  
backward:              0.2000             -0.0645              2.4213              0.0237  
backward:              0.1500             -0.1728              2.2485              0.0266  
backward:              0.1000             -0.3356              1.9130              0.0299  
backward:              0.0500             -0.7078              1.2051              0.0491  
backward:              0.0000             -1.2986             -0.0934              0.0551  
Inaccuracy estimation
======================================================================================================
                   i        i+δi          P0_overlap_P1   δε(forward)/ε   δε(backward)/ε
======================================================================================================
inaccuracy:  0.00000        0.05000           41.99           -0.04            1.19
inaccuracy:  0.05000        0.10000           48.81           -0.02            0.84
inaccuracy:  0.10000        0.15000           61.19           -0.01            0.41
inaccuracy:  0.15000        0.20000           68.08           -0.01            0.23
inaccuracy:  0.20000        0.25000           70.70           -0.01            0.17
inaccuracy:  0.25000        0.30000           73.12           -0.01            0.14
inaccuracy:  0.30000        0.35000           75.04           -0.01            0.11
inaccuracy:  0.35000        0.40000           74.41           -0.01            0.11
inaccuracy:  0.40000        0.45000           76.06           -0.01            0.10
inaccuracy:  0.45000        0.50000           75.69           -0.01            0.09
inaccuracy:  0.50000        0.55000           70.29           -0.08            0.11
inaccuracy:  0.55000        0.60000           68.35           -0.11            0.10
inaccuracy:  0.60000        0.65000           66.49           -0.12            0.08
inaccuracy:  0.65000        0.70000           66.54           -0.08            0.07
inaccuracy:  0.70000        0.75000           67.10           -0.07            0.06
inaccuracy:  0.75000        0.80000           69.07           -0.07            0.06
inaccuracy:  0.80000        0.85000           69.99           -0.05            0.07
inaccuracy:  0.85000        0.90000           69.42           -0.05            0.08
inaccuracy:  0.90000        0.95000           68.86           -0.05            0.09
inaccuracy:  0.95000        1.00000           68.23           -0.05            0.10
===================================================================================================================================
                BAR        
-----------------------------------------------------------------------------------------------------------------------------------
BAR-estimator:         λ             λ+δλ          ΔΔA             ΔA            C               Δδe            δe       
                          
-----------------------------------------------------------------------------------------------------------------------------------
BAR-estimator:      0.00000        0.05000        1.2917         1.2917         1.2917         0.0084         0.0084 
BAR-estimator:      0.05000        0.10000        0.6954         1.9871         0.6954         0.0086         0.0120 
BAR-estimator:      0.10000        0.15000        0.3344         2.3215         0.3344         0.0058         0.0134 
BAR-estimator:      0.15000        0.20000        0.1647         2.4862         0.1647         0.0051         0.0143 
BAR-estimator:      0.20000        0.25000        0.0738         2.5600         0.0738         0.0039         0.0148 
BAR-estimator:      0.25000        0.30000        0.0266         2.5867         0.0266         0.0037         0.0153 
BAR-estimator:      0.30000        0.35000       -0.0022         2.5845        -0.0022         0.0035         0.0157 
BAR-estimator:      0.35000        0.40000       -0.0264         2.5581        -0.0264         0.0035         0.0161 
BAR-estimator:      0.40000        0.45000       -0.0480         2.5101        -0.0480         0.0029         0.0163 
BAR-estimator:      0.45000        0.50000       -0.0629         2.4472        -0.0629         0.0031         0.0166 
BAR-estimator:      0.50000        0.55000       -0.1445         2.3027        -0.1445         0.0030         0.0169 
BAR-estimator:      0.55000        0.60000       -0.3036         1.9991        -0.3036         0.0032         0.0172 
BAR-estimator:      0.60000        0.65000       -0.5083         1.4908        -0.5083         0.0041         0.0177 
BAR-estimator:      0.65000        0.70000       -0.7013         0.7895        -0.7013         0.0053         0.0185 
BAR-estimator:      0.70000        0.75000       -0.8018        -0.0123        -0.8018         0.0037         0.0188 
BAR-estimator:      0.75000        0.80000       -0.8030        -0.8153        -0.8030         0.0032         0.0191 
BAR-estimator:      0.80000        0.85000       -0.7515        -1.5668        -0.7515         0.0033         0.0194 
BAR-estimator:      0.85000        0.90000       -0.6996        -2.2664        -0.6996         0.0033         0.0197 
BAR-estimator:      0.90000        0.95000       -0.6491        -2.9155        -0.6491         0.0035         0.0200 
BAR-estimator:      0.95000        1.00000       -0.6074        -3.5229        -0.6074         0.0033         0.0203 
BAR-estimator: total free energy change is -3.5229334334639404 , total error is 0.020264214769890623
