#========================================================================================
#                     Free energy perturbation    
#----------------------------------------------------------------------------------------
#forward/backward          λ              ΔΔA                 ΔA                  δε   
#                                                 
#----------------------------------------------------------------------------------------
forward:               0.0000              0.0000              0.0000              0.0000  
forward:               0.0500              1.5899              1.5899              0.0186  
forward:               0.1000              0.7364              2.3264              0.0214  
forward:               0.1500              0.3674              2.6938              0.0229  
forward:               0.2000              0.1911              2.8849              0.0236  
forward:               0.2500              0.0927              2.9776              0.0240  
forward:               0.3000              0.0458              3.0234              0.0243  
forward:               0.3500             -0.0045              3.0190              0.0246  
forward:               0.4000             -0.0347              2.9842              0.0248  
forward:               0.4500             -0.0549              2.9294              0.0251  
forward:               0.5000             -0.0757              2.8536              0.0253  
forward:               0.5500             -0.2600              2.5937              0.0256  
forward:               0.6000             -0.5435              2.0502              0.0260  
forward:               0.6500             -0.8077              1.2425              0.0263  
forward:               0.7000             -1.0544              0.1881              0.0268  
forward:               0.7500             -1.2194             -1.0313              0.0272  
forward:               0.8000             -1.3054             -2.3366              0.0275  
forward:               0.8500             -1.3640             -3.7006              0.0278  
forward:               0.9000             -1.3851             -5.0858              0.0280  
forward:               0.9500             -1.4005             -6.4863              0.0282  
forward:               1.0000             -1.4067             -7.8929              0.0284  
backward:              1.0000              0.0000             -7.8929              0.0000  
backward:              0.9500              1.4014             -6.4915              0.0043  
backward:              0.9000              1.3919             -5.0997              0.0067  
backward:              0.8500              1.3827             -3.7170              0.0082  
backward:              0.8000              1.3607             -2.3563              0.0093  
backward:              0.7500              1.3123             -1.0440              0.0104  
backward:              0.7000              1.2041              0.1601              0.0114  
backward:              0.6500              1.0501              1.2102              0.0124  
backward:              0.6000              0.8117              2.0220              0.0133  
backward:              0.5500              0.5377              2.5597              0.0141  
backward:              0.5000              0.2530              2.8127              0.0155  
backward:              0.4500              0.0721              2.8848              0.0159  
backward:              0.4000              0.0507              2.9355              0.0164  
backward:              0.3500              0.0389              2.9743              0.0167  
backward:              0.3000              0.0033              2.9777              0.0173  
backward:              0.2500             -0.0395              2.9382              0.0180  
backward:              0.2000             -0.0916              2.8465              0.0191  
backward:              0.1500             -0.1835              2.6630              0.0209  
backward:              0.1000             -0.3507              2.3123              0.0226  
backward:              0.0500             -0.7555              1.5568              0.0348  
backward:              0.0000             -1.6077             -0.0509              0.0504  
Inaccuracy estimation
======================================================================================================
                   i        i+δi          P0_overlap_P1   δε(forward)/ε   δε(backward)/ε
======================================================================================================
inaccuracy:  0.00000        0.05000           33.43           -0.04            2.05
inaccuracy:  0.05000        0.10000           48.63           -0.03            0.87
inaccuracy:  0.10000        0.15000           60.55           -0.01            0.44
inaccuracy:  0.15000        0.20000           66.31           -0.01            0.25
inaccuracy:  0.20000        0.25000           70.18           -0.02            0.18
inaccuracy:  0.25000        0.30000           71.35           -0.01            0.14
inaccuracy:  0.30000        0.35000           73.50           -0.01            0.12
inaccuracy:  0.35000        0.40000           74.45           -0.01            0.11
inaccuracy:  0.40000        0.45000           75.31           -0.02            0.10
inaccuracy:  0.45000        0.50000           75.81           -0.01            0.09
inaccuracy:  0.50000        0.55000           64.79           -0.10            0.13
inaccuracy:  0.55000        0.60000           64.97           -0.13            0.09
inaccuracy:  0.60000        0.65000           63.97           -0.15            0.07
inaccuracy:  0.65000        0.70000           64.42           -0.14            0.04
inaccuracy:  0.70000        0.75000           65.72           -0.15            0.02
inaccuracy:  0.75000        0.80000           64.87           -0.15            0.02
inaccuracy:  0.80000        0.85000           65.68           -0.13            0.02
inaccuracy:  0.85000        0.90000           65.24           -0.17            0.02
inaccuracy:  0.90000        0.95000           64.21           -0.14            0.02
inaccuracy:  0.95000        1.00000           63.74           -0.15            0.02
===================================================================================================================================
                BAR        
-----------------------------------------------------------------------------------------------------------------------------------
BAR-estimator:         λ             λ+δλ          ΔΔA             ΔA            C               Δδe            δe       
                          
-----------------------------------------------------------------------------------------------------------------------------------
BAR-estimator:      0.00000        0.05000        1.6013         1.6013         1.6013         0.0087         0.0087 
BAR-estimator:      0.05000        0.10000        0.7327         2.3340         0.7327         0.0067         0.0110 
BAR-estimator:      0.10000        0.15000        0.3664         2.7004         0.3664         0.0057         0.0124 
BAR-estimator:      0.15000        0.20000        0.1885         2.8889         0.1885         0.0037         0.0129 
BAR-estimator:      0.20000        0.25000        0.0926         2.9816         0.0926         0.0030         0.0132 
BAR-estimator:      0.25000        0.30000        0.0421         3.0237         0.0421         0.0028         0.0135 
BAR-estimator:      0.30000        0.35000       -0.0048         3.0190        -0.0048         0.0026         0.0138 
BAR-estimator:      0.35000        0.40000       -0.0346         2.9843        -0.0346         0.0022         0.0140 
BAR-estimator:      0.40000        0.45000       -0.0544         2.9299        -0.0544         0.0024         0.0142 
BAR-estimator:      0.45000        0.50000       -0.0743         2.8556        -0.0743         0.0021         0.0143 
BAR-estimator:      0.50000        0.55000       -0.2579         2.5976        -0.2579         0.0027         0.0146 
BAR-estimator:      0.55000        0.60000       -0.5414         2.0562        -0.5414         0.0027         0.0148 
BAR-estimator:      0.60000        0.65000       -0.8100         1.2462        -0.8100         0.0029         0.0151 
BAR-estimator:      0.65000        0.70000       -1.0488         0.1974        -1.0488         0.0030         0.0154 
BAR-estimator:      0.70000        0.75000       -1.2122        -1.0148        -1.2122         0.0031         0.0157 
BAR-estimator:      0.75000        0.80000       -1.3087        -2.3235        -1.3087         0.0028         0.0160 
BAR-estimator:      0.80000        0.85000       -1.3588        -3.6824        -1.3588         0.0024         0.0161 
BAR-estimator:      0.85000        0.90000       -1.3844        -5.0668        -1.3844         0.0028         0.0164 
BAR-estimator:      0.90000        0.95000       -1.3981        -6.4649        -1.3981         0.0029         0.0166 
BAR-estimator:      0.95000        1.00000       -1.4050        -7.8698        -1.4050         0.0033         0.0169 
BAR-estimator: total free energy change is -7.86981257022407 , total error is 0.01694430600567754
