#========================================================================================
#                     Free energy perturbation    
#----------------------------------------------------------------------------------------
#forward/backward          λ              ΔΔA                 ΔA                  δε   
#                                                 
#----------------------------------------------------------------------------------------
forward:               0.0000              0.0000              0.0000              0.0000  
forward:               0.0500              0.6711              0.6711              0.0114  
forward:               0.1000              0.4289              1.1001              0.0146  
forward:               0.1500              0.2989              1.3990              0.0165  
forward:               0.2000              0.2102              1.6091              0.0177  
forward:               0.2500              0.1585              1.7676              0.0186  
forward:               0.3000              0.1145              1.8822              0.0193  
forward:               0.3500              0.0980              1.9801              0.0200  
forward:               0.4000              0.0747              2.0549              0.0205  
forward:               0.4500              0.0623              2.1172              0.0209  
forward:               0.5000              0.0457              2.1629              0.0218  
forward:               0.5500              0.0406              2.2035              0.0222  
forward:               0.6000              0.0313              2.2348              0.0225  
forward:               0.6500              0.0234              2.2582              0.0228  
forward:               0.7000              0.0137              2.2719              0.0231  
forward:               0.7500              0.0073              2.2793              0.0233  
forward:               0.8000              0.0035              2.2828              0.0235  
forward:               0.8500              0.0028              2.2856              0.0238  
forward:               0.9000             -0.0106              2.2750              0.0240  
forward:               0.9500             -0.0013              2.2738              0.0242  
forward:               1.0000             -0.0146              2.2591              0.0243  
backward:              1.0000              0.0000              2.2591              0.0000  
backward:              0.9500              0.0187              2.2778              0.0037  
backward:              0.9000             -0.0024              2.2755              0.0057  
backward:              0.8500              0.0040              2.2794              0.0069  
backward:              0.8000             -0.0016              2.2778              0.0076  
backward:              0.7500             -0.0069              2.2709              0.0089  
backward:              0.7000             -0.0122              2.2587              0.0096  
backward:              0.6500             -0.0146              2.2441              0.0105  
backward:              0.6000             -0.0334              2.2106              0.0113  
backward:              0.5500             -0.0386              2.1720              0.0122  
backward:              0.5000             -0.0416              2.1305              0.0132  
backward:              0.4500             -0.0379              2.0925              0.0134  
backward:              0.4000             -0.0528              2.0397              0.0145  
backward:              0.3500             -0.0730              1.9667              0.0155  
backward:              0.3000             -0.0960              1.8707              0.0163  
backward:              0.2500             -0.1352              1.7355              0.0178  
backward:              0.2000             -0.1577              1.5778              0.0199  
backward:              0.1500             -0.2035              1.3743              0.0210  
backward:              0.1000             -0.3246              1.0498              0.0277  
backward:              0.0500             -0.4420              0.6077              0.0318  
backward:              0.0000             -0.6821             -0.0743              0.0362  
Inaccuracy estimation
======================================================================================================
                   i        i+δi          P0_overlap_P1   δε(forward)/ε   δε(backward)/ε
======================================================================================================
inaccuracy:  0.00000        0.05000           57.54           -0.01            0.57
inaccuracy:  0.05000        0.10000           63.81           -0.01            0.38
inaccuracy:  0.10000        0.15000           68.64           -0.01            0.25
inaccuracy:  0.15000        0.20000           72.14           -0.00            0.18
inaccuracy:  0.20000        0.25000           74.59           -0.00            0.15
inaccuracy:  0.25000        0.30000           77.21           -0.00            0.11
inaccuracy:  0.30000        0.35000           76.66           -0.00            0.10
inaccuracy:  0.35000        0.40000           76.76           -0.00            0.10
inaccuracy:  0.40000        0.45000           77.05           -0.00            0.10
inaccuracy:  0.45000        0.50000           77.08           -0.01            0.09
inaccuracy:  0.50000        0.55000           78.32           -0.01            0.08
inaccuracy:  0.55000        0.60000           78.87           -0.01            0.07
inaccuracy:  0.60000        0.65000           78.88           -0.01            0.08
inaccuracy:  0.65000        0.70000           79.01           -0.00            0.07
inaccuracy:  0.70000        0.75000           78.89           -0.01            0.07
inaccuracy:  0.75000        0.80000           78.70           -0.01            0.08
inaccuracy:  0.80000        0.85000           78.67           -0.01            0.08
inaccuracy:  0.85000        0.90000           79.07           -0.01            0.07
inaccuracy:  0.90000        0.95000           78.57           -0.01            0.08
inaccuracy:  0.95000        1.00000           78.22           -0.01            0.08
===================================================================================================================================
                BAR        
-----------------------------------------------------------------------------------------------------------------------------------
BAR-estimator:         λ             λ+δλ          ΔΔA             ΔA            C               Δδe            δe       
                          
-----------------------------------------------------------------------------------------------------------------------------------
BAR-estimator:      0.00000        0.05000        0.6771         0.6771         0.6771         0.0075         0.0075 
BAR-estimator:      0.05000        0.10000        0.4362         1.1133         0.4362         0.0062         0.0097 
BAR-estimator:      0.10000        0.15000        0.3014         1.4147         0.3014         0.0051         0.0110 
BAR-estimator:      0.15000        0.20000        0.2092         1.6239         0.2092         0.0043         0.0118 
BAR-estimator:      0.20000        0.25000        0.1592         1.7830         0.1592         0.0039         0.0124 
BAR-estimator:      0.25000        0.30000        0.1228         1.9058         0.1228         0.0034         0.0129 
BAR-estimator:      0.30000        0.35000        0.0976         2.0034         0.0976         0.0035         0.0134 
BAR-estimator:      0.35000        0.40000        0.0741         2.0775         0.0741         0.0030         0.0137 
BAR-estimator:      0.40000        0.45000        0.0603         2.1378         0.0603         0.0030         0.0140 
BAR-estimator:      0.45000        0.50000        0.0418         2.1797         0.0418         0.0028         0.0143 
BAR-estimator:      0.50000        0.55000        0.0417         2.2214         0.0417         0.0026         0.0145 
BAR-estimator:      0.55000        0.60000        0.0329         2.2543         0.0329         0.0028         0.0148 
BAR-estimator:      0.60000        0.65000        0.0247         2.2790         0.0247         0.0036         0.0152 
BAR-estimator:      0.65000        0.70000        0.0147         2.2937         0.0147         0.0032         0.0156 
BAR-estimator:      0.70000        0.75000        0.0095         2.3032         0.0095         0.0027         0.0158 
BAR-estimator:      0.75000        0.80000        0.0043         2.3075         0.0043         0.0030         0.0161 
BAR-estimator:      0.80000        0.85000        0.0026         2.3101         0.0026         0.0027         0.0163 
BAR-estimator:      0.85000        0.90000       -0.0084         2.3017        -0.0084         0.0026         0.0165 
BAR-estimator:      0.90000        0.95000       -0.0000         2.3017        -0.0000         0.0027         0.0167 
BAR-estimator:      0.95000        1.00000       -0.0155         2.2862        -0.0155         0.0027         0.0169 
BAR-estimator: total free energy change is 2.2862096014287236 , total error is 0.016926900871234534
