#========================================================================================
#                     Free energy perturbation    
#----------------------------------------------------------------------------------------
#forward/backward          λ              ΔΔA                 ΔA                  δε   
#                                                 
#----------------------------------------------------------------------------------------
forward:               0.0000              0.0000              0.0000              0.0000  
forward:               0.0500              0.6570              0.6570              0.0084  
forward:               0.1000              0.4400              1.0970              0.0093  
forward:               0.1500              0.2888              1.3858              0.0109  
forward:               0.2000              0.2079              1.5938              0.0120  
forward:               0.2500              0.1632              1.7569              0.0130  
forward:               0.3000              0.1178              1.8747              0.0133  
forward:               0.3500              0.0913              1.9660              0.0135  
forward:               0.4000              0.0714              2.0374              0.0141  
forward:               0.4500              0.0621              2.0996              0.0146  
forward:               0.5000              0.0491              2.1486              0.0149  
forward:               0.5500              0.0408              2.1894              0.0153  
forward:               0.6000              0.0342              2.2236              0.0157  
forward:               0.6500              0.0195              2.2431              0.0160  
forward:               0.7000              0.0184              2.2615              0.0163  
forward:               0.7500              0.0096              2.2710              0.0166  
forward:               0.8000              0.0064              2.2775              0.0169  
forward:               0.8500              0.0014              2.2789              0.0172  
forward:               0.9000             -0.0063              2.2725              0.0175  
forward:               0.9500             -0.0083              2.2642              0.0178  
forward:               1.0000             -0.0188              2.2454              0.0180  
backward:              1.0000              0.0000              2.2454              0.0000  
backward:              0.9500              0.0100              2.2554              0.0037  
backward:              0.9000              0.0110              2.2665              0.0051  
backward:              0.8500             -0.0005              2.2659              0.0065  
backward:              0.8000              0.0025              2.2684              0.0075  
backward:              0.7500             -0.0004              2.2680              0.0083  
backward:              0.7000             -0.0042              2.2639              0.0091  
backward:              0.6500             -0.0231              2.2408              0.0099  
backward:              0.6000             -0.0255              2.2152              0.0105  
backward:              0.5500             -0.0295              2.1857              0.0113  
backward:              0.5000             -0.0362              2.1495              0.0120  
backward:              0.4500             -0.0553              2.0942              0.0128  
backward:              0.4000             -0.0572              2.0370              0.0134  
backward:              0.3500             -0.0819              1.9551              0.0142  
backward:              0.3000             -0.0958              1.8594              0.0152  
backward:              0.2500             -0.1302              1.7292              0.0163  
backward:              0.2000             -0.1637              1.5654              0.0172  
backward:              0.1500             -0.2271              1.3383              0.0186  
backward:              0.1000             -0.3067              1.0317              0.0205  
backward:              0.0500             -0.4500              0.5816              0.0228  
backward:              0.0000             -0.6597             -0.0781              0.0267  
Inaccuracy estimation
======================================================================================================
                   i        i+δi          P0_overlap_P1   δε(forward)/ε   δε(backward)/ε
======================================================================================================
inaccuracy:  0.00000        0.05000           57.32           -0.01            0.56
inaccuracy:  0.05000        0.10000           63.99           -0.01            0.37
inaccuracy:  0.10000        0.15000           70.15           -0.01            0.23
inaccuracy:  0.15000        0.20000           73.36           -0.01            0.16
inaccuracy:  0.20000        0.25000           74.54           -0.01            0.14
inaccuracy:  0.25000        0.30000           76.13           -0.00            0.12
inaccuracy:  0.30000        0.35000           76.97           -0.01            0.10
inaccuracy:  0.35000        0.40000           78.58           -0.01            0.09
inaccuracy:  0.40000        0.45000           77.63           -0.01            0.09
inaccuracy:  0.45000        0.50000           78.45           -0.01            0.08
inaccuracy:  0.50000        0.55000           78.20           -0.00            0.09
inaccuracy:  0.55000        0.60000           77.62           -0.01            0.08
inaccuracy:  0.60000        0.65000           79.30           -0.01            0.08
inaccuracy:  0.65000        0.70000           78.55           -0.01            0.08
inaccuracy:  0.70000        0.75000           78.17           -0.01            0.08
inaccuracy:  0.75000        0.80000           78.02           -0.01            0.08
inaccuracy:  0.80000        0.85000           77.57           -0.01            0.08
inaccuracy:  0.85000        0.90000           79.43           -0.01            0.07
inaccuracy:  0.90000        0.95000           78.33           -0.01            0.07
inaccuracy:  0.95000        1.00000           78.84           -0.01            0.07
===================================================================================================================================
                BAR        
-----------------------------------------------------------------------------------------------------------------------------------
BAR-estimator:         λ             λ+δλ          ΔΔA             ΔA            C               Δδe            δe       
                          
-----------------------------------------------------------------------------------------------------------------------------------
BAR-estimator:      0.00000        0.05000        0.6634         0.6634         0.6634         0.0055         0.0055 
BAR-estimator:      0.05000        0.10000        0.4430         1.1065         0.4430         0.0045         0.0071 
BAR-estimator:      0.10000        0.15000        0.2948         1.4013         0.2948         0.0040         0.0081 
BAR-estimator:      0.15000        0.20000        0.2135         1.6147         0.2135         0.0034         0.0088 
BAR-estimator:      0.20000        0.25000        0.1649         1.7796         0.1649         0.0034         0.0095 
BAR-estimator:      0.25000        0.30000        0.1221         1.9017         0.1221         0.0029         0.0099 
BAR-estimator:      0.30000        0.35000        0.0918         1.9935         0.0918         0.0023         0.0102 
BAR-estimator:      0.35000        0.40000        0.0747         2.0681         0.0747         0.0026         0.0105 
BAR-estimator:      0.40000        0.45000        0.0609         2.1290         0.0609         0.0025         0.0108 
BAR-estimator:      0.45000        0.50000        0.0501         2.1792         0.0501         0.0024         0.0111 
BAR-estimator:      0.50000        0.55000        0.0399         2.2191         0.0399         0.0025         0.0113 
BAR-estimator:      0.55000        0.60000        0.0326         2.2517         0.0326         0.0024         0.0116 
BAR-estimator:      0.60000        0.65000        0.0219         2.2736         0.0219         0.0026         0.0119 
BAR-estimator:      0.65000        0.70000        0.0197         2.2933         0.0197         0.0021         0.0120 
BAR-estimator:      0.70000        0.75000        0.0078         2.3011         0.0078         0.0025         0.0123 
BAR-estimator:      0.75000        0.80000        0.0049         2.3060         0.0049         0.0024         0.0125 
BAR-estimator:      0.80000        0.85000       -0.0007         2.3053        -0.0007         0.0024         0.0128 
BAR-estimator:      0.85000        0.90000       -0.0039         2.3013        -0.0039         0.0024         0.0130 
BAR-estimator:      0.90000        0.95000       -0.0097         2.2916        -0.0097         0.0024         0.0132 
BAR-estimator:      0.95000        1.00000       -0.0162         2.2754        -0.0162         0.0023         0.0134 
BAR-estimator: total free energy change is 2.2754405787248233 , total error is 0.013409759077811813
