Charm++: standalone mode (not using charmrun)
Charm++> Running in Multicore mode: 12 threads (PEs)
Charm++> Using recursive bisection (scheme 3) for topology aware partitions
Converse/Charm++ Commit ID: 
CharmLB> Load balancer assumes all CPUs are same.
Charm++> Running on 1 hosts (2 sockets x 6 cores x 1 PUs = 12-way SMP)
Charm++> cpu topology info is gathered in 0.001 seconds.
Info: Built with CUDA version 11080
Pe 1 physical rank 1 will use CUDA device of pe 8
Pe 5 physical rank 5 will use CUDA device of pe 8
Pe 8 physical rank 8 binding to CUDA device 0 on k174: 'NVIDIA H200'  Mem: 143426MB  Rev: 9.0  PCI: 0:af:0
Pe 2 physical rank 2 will use CUDA device of pe 8
Pe 9 physical rank 9 will use CUDA device of pe 8
Pe 10 physical rank 10 will use CUDA device of pe 8
Did not find +devices i,j,k,... argument, using all
Pe 3 physical rank 3 will use CUDA device of pe 8
Pe 11 physical rank 11 will use CUDA device of pe 8
Pe 6 physical rank 6 will use CUDA device of pe 8
Pe 4 physical rank 4 will use CUDA device of pe 8
Pe 0 physical rank 0 will use CUDA device of pe 8
Pe 7 physical rank 7 will use CUDA device of pe 8
CharmLB> Load balancing instrumentation for communication is off.
Info: NAMD 3.0.1 for Linux-x86_64-multicore-CUDA
Info: 
Info: Please visit http://www.ks.uiuc.edu/Research/namd/
Info: for updates, documentation, and support information.
Info: 
Info: Please cite Phillips et al., J. Chem. Phys. 153:044130 (2020) doi:10.1063/5.0014475
Info: in all publications reporting results obtained with NAMD.
Info: 
Info: Based on Charm++/Converse 80000 for multicore-linux-x86_64-gcc
Info: Built Mon Oct 14 10:33:44 CDT 2024 by dhardy on athine.ks.uiuc.edu
Info: 1 NAMD  3.0.1  Linux-x86_64-multicore-CUDA  12    k174  z5382435
Info: Running on 12 processors, 1 nodes, 1 physical nodes.
Info: CPU topology information available.
Info: Charm++/Converse parallel runtime startup completed at 0.171664 s
CkLoopLib is used in SMP with simple dynamic scheduling (converse-level notification)
Info: 0 MB of memory in use based on /proc/self/stat
Info: Configuration file is prod.namd
Info: Working in the current directory /srv/scratch/z5382435/.temp/2.5/6239320/36
TCL: Running FEP window   1: Lambda1 0.20   Lambda2 0.15000000000000002 [dLambda -0.04999999999999999]
TCL: Suspending until startup complete.
Warning: The following variables were set in the
Warning: configuration file but will be ignored:
Warning:    switchdist (switching)
Warning: Option "1-4scaling" has been deprecated. Instead use "oneFourScaling".
Info: EXTENDED SYSTEM FILE   mobley_6239320_equil.xsc
Info: Tuning parameters to improve GPU-resident performance
Warning: Keeping margin at user-specified value 2
Warning: Performance might be improved by increasing margin size to >= 4
Warning: Disabling lonepair support due to incompatability with GPU-resident.
Info: Running with GPU-resident mode
Warning: Always using force tables for GPU nonbonded kernel due to unsupported config parameters.
Info: SIMULATION PARAMETERS:
Info: TIMESTEP               2
Info: NUMBER OF STEPS        0
Info: STEPS PER CYCLE        10
Info: PERIODIC CELL BASIS 1  30.2653 0 0
Info: PERIODIC CELL BASIS 2  0 31.7163 0
Info: PERIODIC CELL BASIS 3  0 0 32.0278
Info: PERIODIC CELL CENTER   0 0 0
Info: WRAPPING WATERS AROUND PERIODIC BOUNDARIES ON OUTPUT.
Info: WRAPPING ALL CLUSTERS AROUND PERIODIC BOUNDARIES ON OUTPUT.
Info: LOAD BALANCER  Centralized
Info: LOAD BALANCING STRATEGY  New Load Balancers -- DEFAULT
Info: LDB PERIOD             2000 steps
Info: FIRST LDB TIMESTEP     50
Info: LAST LDB TIMESTEP     -1
Info: LDB BACKGROUND SCALING 1
Info: HOM BACKGROUND SCALING 1
Info: PME BACKGROUND SCALING 1
Info: MIN ATOMS PER PATCH    40
Info: EMPTY PATCH LOAD       40 ATOMS
Info: VELOCITY FILE          mobley_6239320_equil.vel
Info: CENTER OF MASS MOVING INITIALLY? NO
Info: DIELECTRIC             1
Info: EXCLUDE                SCALED ONE-FOUR
Info: 1-4 ELECTROSTATICS SCALED BY 0.833333
Info: MODIFIED 1-4 VDW PARAMETERS WILL BE USED
Info: DCD FILENAME           mobley_6239320_prod.dcd
Info: DCD FREQUENCY          100000
Info: DCD FIRST STEP         100000
Info: DCD FILE WILL CONTAIN UNIT CELL DATA
Info: XST FILENAME           mobley_6239320_prod.xst
Info: XST FREQUENCY          100000
Info: NO VELOCITY DCD OUTPUT
Info: NO FORCE DCD OUTPUT
Info: OUTPUT FILENAME        mobley_6239320_prod
Info: BINARY OUTPUT FILES WILL BE USED
Info: RESTART FILENAME       mobley_6239320_prod.restart
Info: RESTART FREQUENCY      100000
Info: BINARY RESTART FILES WILL BE USED
Info: CUTOFF                 9
Info: PAIRLIST DISTANCE      11
Info: PAIRLIST SHRINK RATE   0.01
Info: PAIRLIST GROW RATE     0.01
Info: PAIRLIST TRIGGER       0.3
Info: PAIRLISTS PER CYCLE    2
Info: PAIRLISTS ENABLED
Info: MARGIN                 2
Info: HYDROGEN GROUP CUTOFF  2.5
Info: PATCH DIMENSION        15.5
Info: ENERGY OUTPUT STEPS    100000
Warning: The period of outputting energies relating to alchemical transformations (alchOutFreq = 50) is not a multiple of the period of computing energies (computeEnergies = 100000). If alchOutFreq is smaller than outputEnergies and computeEnergies is not defined, a better solution is to set computeEnergies explicitly and keep it the same as alchOutFreq. The simulation will use the greatest common divisor of computeEnergies and alchOutFreq as the period of energy evaluation.
Info: ENERGY EVALUATION STEPS    100000
Info: OUTPUT ENERGY PRECISION 4
Info: CROSSTERM ENERGY INCLUDED IN DIHEDRAL
Info: TIMING OUTPUT STEPS    1000000
Info: PRESSURE OUTPUT STEPS  100000
Info: ALCHEMICAL FEP ON
Info: FEP CURRENT LAMBDA VALUE     0.2
Info: FEP COMPARISON LAMBDA VALUE  0.15
Info: FEP INTRA-ALCHEMICAL NON-BONDED INTERACTIONS WILL BE RETAINED
Info: FEP INTRA-ALCHEMICAL BONDED INTERACTIONS WILL BE RETAINED
Info: FEP VDW SHIFTING COEFFICIENT 5
Info: FEP ELEC. ACTIVE FOR ANNIHILATED PARTICLES BETWEEN LAMBDA = 0 AND LAMBDA = 0.5
Info: FEP ELEC. ACTIVE FOR EXNIHILATED PARTICLES BETWEEN LAMBDA = 0.5 AND LAMBDA = 1
Info: FEP VDW ACTIVE FOR ANNIHILATED PARTICLES BETWEEN LAMBDA = 0 AND LAMBDA = 1
Info: FEP VDW ACTIVE FOR EXNIHILATED PARTICLES BETWEEN LAMBDA = 0 AND LAMBDA = 1
Info: FEP BOND ACTIVE FOR ANNIHILATED PARTICLES BETWEEN LAMBDA = 1 AND LAMBDA = 1
Info: FEP BOND ACTIVE FOR EXNIHILATED PARTICLES BETWEEN LAMBDA = 0 AND LAMBDA = 0
Info: LANGEVIN DYNAMICS ACTIVE
Info: LANGEVIN TEMPERATURE   300
Info: LANGEVIN USING BBK INTEGRATOR
Info: LANGEVIN DAMPING COEFFICIENT IS 1 INVERSE PS
Info: LANGEVIN DYNAMICS APPLIED TO HYDROGENS
Info: LANGEVIN PISTON PRESSURE CONTROL ACTIVE
Info:        TARGET PRESSURE IS 1.01325 BAR
Info:     OSCILLATION PERIOD IS 50 FS
Info:             DECAY TIME IS 25 FS
Info:     PISTON TEMPERATURE IS 300 K
Info:       PRESSURE CONTROL IS GROUP-BASED
Info:    INITIAL STRAIN RATE IS 0.000215417 0.000215417 0.000215417
Info:       CELL FLUCTUATION IS ISOTROPIC
Info: PARTICLE MESH EWALD (PME) ACTIVE
Info: PME TOLERANCE               1e-06
Info: PME EWALD COEFFICIENT       0.348832
Info: PME INTERPOLATION ORDER     4
Info: PME GRID DIMENSIONS         32 32 36
Info: PME MAXIMUM GRID SPACING    1
Info: PME CALCULATION WILL BE PERFORMED ON GPU
Info: FULL ELECTROSTATIC EVALUATION FREQUENCY      2
Info: USING VERLET I (r-RESPA) MTS SCHEME.
Info: C1 SPLITTING OF LONG RANGE ELECTROSTATICS
Info: PLACING ATOMS IN PATCHES BY HYDROGEN GROUPS
Info: RIGID BONDS TO HYDROGEN : ALL
Info:         ERROR TOLERANCE : 1e-08
Info:          MAX ITERATIONS : 100
Info: RIGID WATER USING SETTLE ALGORITHM
Info: RANDOM NUMBER SEED     1742781150
Info: USE HYDROGEN BONDS?    NO
Info: Using AMBER format force field!
Info: AMBER PARM FILE        mobley_6239320.prmtop
Info: COORDINATE PDB         mobley_6239320.pdb
Info: Exclusions will be read from PARM file!
Info: SCNB (VDW SCALING)     2
Info: USING ARITHMETIC MEAN TO COMBINE L-J SIGMA PARAMETERS
Info: BINARY COORDINATES     mobley_6239320_equil.coor
Info: === Start reading AMBER parm7 format file mobley_6239320.prmtop ===
Info: Complete reading ATOM_NAME with 2988 fields.
Info: Complete reading CHARGE with 2988 fields.
Info: Complete reading ATOMIC_NUMBER with 2988 fields.
Info: Complete reading MASS with 2988 fields.
Info: Complete reading ATOM_TYPE_INDEX with 2988 fields.
Info: Complete reading NUMBER_EXCLUDED_ATOMS with 2988 fields.
Info: Complete reading NONBONDED_PARM_INDEX with 36 fields.
Info: Complete reading RESIDUE_LABEL with 993 fields.
Info: Complete reading RESIDUE_POINTER with 993 fields.
Info: Complete reading BOND_FORCE_CONSTANT with 5 fields.
Info: Complete reading BOND_EQUIL_VALUE with 5 fields.
Info: Complete reading ANGLE_FORCE_CONSTANT with 4 fields.
Info: Complete reading ANGLE_EQUIL_VALUE with 4 fields.
Info: Complete reading DIHEDRAL_FORCE_CONSTANT with 4 fields.
Info: Complete reading DIHEDRAL_PERIODICITY with 4 fields.
Info: Complete reading DIHEDRAL_PHASE with 4 fields.
Info: Complete reading SCEE_SCALE_FACTOR with 4 fields.
Info: Complete reading SCNB_SCALE_FACTOR with 4 fields.
Info: Complete reading LENNARD_JONES_ACOEF with 21 fields.
Info: Complete reading LENNARD_JONES_BCOEF with 21 fields.
Info: Complete reading BONDS_INC_HYDROGEN with 8937 fields.
Info: Complete reading BONDS_WITHOUT_HYDROGEN with 27 fields.
Info: Complete reading ANGLES_INC_HYDROGEN with 24 fields.
Info: Complete reading ANGLES_WITHOUT_HYDROGEN with 48 fields.
Info: Complete reading DIHEDRALS_INC_HYDROGEN with 105 fields.
Info: Complete reading DIHEDRALS_WITHOUT_HYDROGEN with 75 fields.
Info: Complete reading EXCLUDED_ATOMS_LIST with 4022 fields.
Info: Complete reading HBOND_ACOEF with 0 fields.
Info: Complete reading HBOND_BCOEF with 0 fields.
Info: Complete reading AMBER_ATOM_TYPE with 2988 fields.
Info: Complete reading TREE_CHAIN_CLASSIFICATION with 2988 fields.
Info: Complete reading ATOMS_PER_MOLECULE with 993 fields.
Info: Complete reading BOX_DIMENSIONS with 4 fields.
Info: Complete reading RADIUS_SET with 1 fields.
Info: Complete reading RADII with 2988 fields.
Info: Complete reading SCREEN with 2988 fields.
Info: === Finish reading AMBER parm7 format file. ===
Warning: Found 992 H-H bonds.
Info: SUMMARY OF PARAMETERS:
Info: 5 BONDS
Info: 4 ANGLES
Info:   4 HARMONIC
Info:   0 COSINE-BASED
Info: 4 DIHEDRAL
Info: 0 IMPROPER
Info: 0 CROSSTERM
Info: 0 VDW
Info: 21 VDW_PAIRS
Info: 0 NBTHOLE_PAIRS
Info: Reading pdb file mobley_6239320.pdb
Info: TIME FOR READING PDB FILE: 0.025877
Info: 
Info: To read alchdata from file: mobley_6239320.pdb
Info: To read alchflag data from column: 5
Info: ****************************
Info: STRUCTURE SUMMARY:
Info: 2988 ATOMS
Info: 2988 BONDS
Info: 18 ANGLES
Info: 36 DIHEDRALS
Info: 0 IMPROPERS
Info: 0 CROSSTERMS
Info: 3027 EXCLUSIONS
Info: 2979 RIGID BONDS
Info: ALCH: 0 ATOMS TO DISAPPEAR IN FINAL STATE
Info: ALCH: 12 ATOMS TO APPEAR IN FINAL STATE
Info: 5985 DEGREES OF FREEDOM
Info: 1001 HYDROGEN GROUPS
Info: 3 ATOMS IN LARGEST HYDROGEN GROUP
Info: 1001 MIGRATION GROUPS
Info: 3 ATOMS IN LARGEST MIGRATION GROUP
Info: TOTAL MASS = 18001 amu
Info: TOTAL CHARGE = 0.000199944 e
Info: MASS DENSITY = 0.9723 g/cm^3
Info: ATOM DENSITY = 0.097191 atoms/A^3
Info: *****************************
Info: Reading from binary file mobley_6239320_equil.coor
Info: 
Info: Entering startup at 0.970175 s, 0 MB of memory in use
Info: Startup phase 0 took 7.211e-05 s, 0 MB of memory in use
Info: ADDED 0 IMPLICIT EXCLUSIONS
Info: Startup phase 1 took 0.0009229 s, 0 MB of memory in use
Info: NONBONDED TABLE R-SQUARED SPACING: 0.0625
Info: NONBONDED TABLE SIZE: 705 POINTS
Info: INCONSISTENCY IN FAST TABLE ENERGY VS FORCE: 0.000290481 AT 0.251946
Info: INCONSISTENCY IN SCOR TABLE ENERGY VS FORCE: 0.000238233 AT 8.9687
Info: ABSOLUTE IMPRECISION IN VDWA TABLE ENERGY: 1.21169e-27 AT 8.99653
Info: ABSOLUTE IMPRECISION IN VDWA TABLE FORCE: 2.57484e-27 AT 8.99653
Info: INCONSISTENCY IN VDWA TABLE ENERGY VS FORCE: 0.0040507 AT 0.251946
Info: INCONSISTENCY IN VDWB TABLE ENERGY VS FORCE: 0.00150189 AT 0.251946
Info: Startup phase 2 took 0.000200047 s, 0 MB of memory in use
Info: Startup phase 3 took 5.6519e-05 s, 0 MB of memory in use
Info: Startup phase 4 took 0.000263366 s, 0 MB of memory in use
Info: Startup phase 5 took 6.1032e-05 s, 0 MB of memory in use
Info: PATCH GRID IS 3 (PERIODIC) BY 2 (PERIODIC) BY 2 (PERIODIC)
Info: PATCH GRID IS 2-AWAY BY 1-AWAY BY 1-AWAY
Info: Reading from binary file mobley_6239320_equil.vel
Info: REMOVING COM VELOCITY 0.0613182 0.134987 -0.0234181
Info: LARGEST PATCH (4) HAS 267 ATOMS
Info: TORUS A SIZE 1 USING 0
Info: TORUS B SIZE 1 USING 0
Info: TORUS C SIZE 1 USING 0
Info: TORUS MINIMAL MESH SIZE IS 1 BY 1 BY 1
Info: Placed 100% of base nodes on same physical node as patch
Info: Startup phase 6 took 0.00489195 s, 0 MB of memory in use
Info: Use 3D box decompostion in PME FFT.
Info: PME using 1 x 1 x 1 pencil grid for FFT and reciprocal sum.
Info: Startup phase 7 took 0.000252639 s, 0 MB of memory in use
Info: Updated CUDA force table with 4096 elements.
Info: Updated CUDA LJ table with 6 x 6 elements.
Info: Startup phase 8 took 0.000643481 s, 0 MB of memory in use
Info: Startup phase 9 took 6.9498e-05 s, 0 MB of memory in use
Info: Startup phase 10 took 5.8889e-05 s, 0 MB of memory in use
Info: Startup phase 11 took 0.00185109 s, 0 MB of memory in use
LDB: Central LB being created...
Info: Startup phase 12 took 0.0041393 s, 0 MB of memory in use
Info: CREATING 456 COMPUTE OBJECTS
Info: Found 14 unique exclusion lists needing 24 bytes
Info: useSync: 0 useProxySync: 0
Info: Startup phase 13 took 0.0131805 s, 0 MB of memory in use
Info: Startup phase 14 took 8.1865e-05 s, 0 MB of memory in use
Info: Startup phase 15 took 7.686e-05 s, 0 MB of memory in use
Info: Finished startup at 0.996997 s, 0 MB of memory in use

TCL: Running for 1500000 steps
FEP: RESETTING FOR NEW FEP WINDOW LAMBDA SET TO 0.2 LAMBDA2 0.15
FEP: WINDOW TO HAVE 100000 STEPS OF EQUILIBRATION PRIOR TO FEP DATA COLLECTION.
FEP: USING CONSTANT TEMPERATURE OF 300 K FOR FEP CALCULATION
PRESSURE: 0 1038.71 -116.217 -80.6916 -116.217 9.71412 552.9 -80.6938 552.899 777.966
GPRESSURE: 0 1231.78 153.809 -157.737 -264.852 151.363 426.335 10.4953 394.084 673.248
ETITLE:      TS           BOND          ANGLE          DIHED          IMPRP               ELECT            VDW       BOUNDARY           MISC        KINETIC               TOTAL           TEMP      POTENTIAL       TOTALAVG        TEMPAVG            PRESSURE      GPRESSURE         VOLUME       PRESSAVG      GPRESSAVG
FEPTITLE:    TS          BOND2         ELECT2           VDW2

ENERGY:       0         5.4871         2.0632        27.1154         0.0000         -11267.7576      1529.5429         0.0000         0.0000      1766.2763          -7937.2728       297.0194     -9703.5491     -7937.2728       297.0194            608.7981       685.4643     30743.5972       608.7981       685.4643
FEP:          0        34.6657    -11267.7576      1530.1783

OPENING FEP ENERGY OUTPUT FILE
OPENING EXTENDED SYSTEM TRAJECTORY FILE
Info: Initial time: 12 CPUs 0.000626645 s/step 275.754 ns/day 0 MB memory
Info: Initial time: 12 CPUs 0.000348844 s/step 495.35 ns/day 0 MB memory
Info: Initial time: 12 CPUs 0.000347463 s/step 497.319 ns/day 0 MB memory
Info: Benchmark time: 12 CPUs 0.000359762 s/step 480.318 ns/day 0 MB memory
Info: Benchmark time: 12 CPUs 0.000348635 s/step 495.647 ns/day 0 MB memory
Info: Benchmark time: 12 CPUs 0.000369588 s/step 467.547 ns/day 0 MB memory
Info: Benchmark time: 12 CPUs 0.00034398 s/step 502.354 ns/day 0 MB memory
Info: Benchmark time: 12 CPUs 0.000380559 s/step 454.069 ns/day 0 MB memory
Info: Benchmark time: 12 CPUs 0.000350593 s/step 492.879 ns/day 0 MB memory
PRESSURE: 100000 472.91 453.133 -177.211 453.132 1343.31 -563.418 -177.214 -563.419 997.301
GPRESSURE: 100000 791.053 604.887 -113.039 460.693 1222.9 -599.625 54.3519 -418.573 1029.14
PRESSAVG: 100000 755.812 168.457 -128.954 168.457 676.51 -5.26011 -128.954 -5.26011 887.633
GPRESSAVG: 100000 1011.42 379.348 -135.388 97.9206 687.134 -86.645 32.4236 -12.2444 851.193
ENERGY:  100000         4.3985         2.0088        26.2354         0.0000         -11361.2270      1579.9159         0.0000         0.0000      1807.1930          -7941.4754       303.9000     -9748.6684     -7939.3741       300.4597            937.8389      1014.3649     30487.0585       773.3185       849.9146
FEP:     100000        32.6427    -11361.2270      1580.1397

WRITING EXTENDED SYSTEM TO RESTART FILE AT STEP 100000
OPENING COORDINATE DCD FILE
WRITING COORDINATES TO DCD FILE mobley_6239320_prod.dcd AT STEP 100000
WRITING COORDINATES TO RESTART FILE AT STEP 100000
FINISHED WRITING RESTART COORDINATES
The last position output (seq=100000) takes 0.013 seconds, 0.000 MB of memory in use
WRITING VELOCITIES TO RESTART FILE AT STEP 100000
FINISHED WRITING RESTART VELOCITIES
The last velocity output (seq=100000) takes 0.008 seconds, 0.000 MB of memory in use
PRESSURE: 200000 565.419 -719.049 -3.68641 -719.047 738.033 -264.269 -3.6857 -264.267 79.2305
GPRESSURE: 200000 504.508 -441.365 -50.7383 -1089.7 623.956 117.598 -27.1203 -201.231 385.128
PRESSAVG: 200000 692.348 -127.377 -87.1978 -127.377 697.018 -91.5958 -87.1978 -91.5958 618.166
GPRESSAVG: 200000 842.448 105.777 -107.172 -297.953 666.075 -18.5639 12.5756 -75.2399 695.838
ENERGY:  200000         8.2487         4.7801        26.9062         0.0000         -11301.4086      1529.2455         0.0000         0.0000      1767.9664          -7964.2617       297.3036     -9732.2281     -7947.6700       299.4077            460.8939       504.5305     30744.7619       669.1769       734.7866
FEP:     200000        39.9350    -11301.4086      1529.3780

WRITING EXTENDED SYSTEM TO RESTART FILE AT STEP 200000
WRITING COORDINATES TO DCD FILE mobley_6239320_prod.dcd AT STEP 200000
WRITING COORDINATES TO RESTART FILE AT STEP 200000
FINISHED WRITING RESTART COORDINATES
The last position output (seq=200000) takes 0.014 seconds, 0.000 MB of memory in use
WRITING VELOCITIES TO RESTART FILE AT STEP 200000
FINISHED WRITING RESTART VELOCITIES
The last velocity output (seq=200000) takes 0.016 seconds, 0.000 MB of memory in use
PRESSURE: 300000 578.005 254.847 -124.991 254.848 367.999 -309.75 -124.991 -309.746 -144.853
GPRESSURE: 300000 723.382 -201.329 294.436 196.175 583.88 -142.29 -541.939 -401.561 -164.642
PRESSAVG: 300000 663.762 -31.8212 -96.6462 -31.8212 614.763 -146.133 -96.6462 -146.133 427.411
GPRESSAVG: 300000 812.681 29.0003 -6.76975 -174.421 645.526 -49.4955 -126.053 -156.82 480.718
ENERGY:  300000        11.9595         4.4430        26.1297         0.0000         -11258.0109      1466.0866         0.0000         0.0000      1832.4887          -7916.9034       308.1538     -9749.3921     -7939.9783       301.5942            267.0505       380.8732     30245.0493       568.6453       646.3083
FEP:     300000        42.5322    -11258.0109      1466.3999

WRITING EXTENDED SYSTEM TO RESTART FILE AT STEP 300000
WRITING COORDINATES TO DCD FILE mobley_6239320_prod.dcd AT STEP 300000
WRITING COORDINATES TO RESTART FILE AT STEP 300000
FINISHED WRITING RESTART COORDINATES
The last position output (seq=300000) takes 0.023 seconds, 0.000 MB of memory in use
WRITING VELOCITIES TO RESTART FILE AT STEP 300000
FINISHED WRITING RESTART VELOCITIES
The last velocity output (seq=300000) takes 0.022 seconds, 0.000 MB of memory in use
PRESSURE: 400000 -52.2703 -397.084 138.87 -397.082 -696.709 202.71 138.871 202.714 -44.807
GPRESSURE: 400000 49.1275 -591.966 8.13481 -111.671 -769.517 308.218 76.9084 242.812 65.3248
PRESSAVG: 400000 520.556 -104.873 -49.5428 -104.873 352.468 -76.364 -49.5428 -76.364 332.967
GPRESSAVG: 400000 659.97 -95.1929 -3.78884 -161.871 362.517 22.0473 -85.4607 -76.8936 397.639
ENERGY:  400000         8.4513         2.8609        25.4034         0.0000         -11225.7568      1435.3628         0.0000         0.0000      1807.6491          -7946.0292       303.9767     -9753.6784     -7941.1885       302.0707           -264.5955      -218.3550     30671.2301       401.9972       473.3756
FEP:     400000        36.7157    -11225.7568      1435.3415

WRITING EXTENDED SYSTEM TO RESTART FILE AT STEP 400000
WRITING COORDINATES TO DCD FILE mobley_6239320_prod.dcd AT STEP 400000
WRITING COORDINATES TO RESTART FILE AT STEP 400000
FINISHED WRITING RESTART COORDINATES
The last position output (seq=400000) takes 0.023 seconds, 0.000 MB of memory in use
WRITING VELOCITIES TO RESTART FILE AT STEP 400000
FINISHED WRITING RESTART VELOCITIES
The last velocity output (seq=400000) takes 0.019 seconds, 0.000 MB of memory in use
PRESSURE: 500000 -1252.78 -195.892 62.995 -195.896 -761.277 -248.281 62.9966 -248.287 -1748.02
GPRESSURE: 500000 -1145.58 -433.099 165.044 -223.616 -709.266 -121.664 -217.227 -428.554 -1630.45
PRESSAVG: 500000 225 -120.044 -30.7862 -120.044 166.844 -105.018 -30.7862 -105.018 -13.8637
GPRESSAVG: 500000 359.045 -151.511 24.35 -172.162 183.887 -1.90459 -107.422 -135.504 59.6252
ENERGY:  500000         5.6724         2.6843        28.8964         0.0000         -11062.6044      1318.1678         0.0000         0.0000      1760.4876          -7946.6960       296.0460     -9707.1836     -7942.1064       301.0666          -1254.0245     -1161.7635     31314.3875       125.9936       200.8524
FEP:     500000        37.2531    -11062.6044      1318.6293

WRITING EXTENDED SYSTEM TO RESTART FILE AT STEP 500000
WRITING COORDINATES TO DCD FILE mobley_6239320_prod.dcd AT STEP 500000
WRITING COORDINATES TO RESTART FILE AT STEP 500000
FINISHED WRITING RESTART COORDINATES
The last position output (seq=500000) takes 0.020 seconds, 0.000 MB of memory in use
WRITING VELOCITIES TO RESTART FILE AT STEP 500000
FINISHED WRITING RESTART VELOCITIES
The last velocity output (seq=500000) takes 0.018 seconds, 0.000 MB of memory in use
PRESSURE: 600000 -294.362 -87.6456 -427.258 -87.6449 -247.709 363.351 -427.261 363.35 -25.1861
GPRESSURE: 600000 -86.4931 -194.155 -738.347 -68.5073 -83.102 427.281 -451.453 242.02 -155.24
PRESSAVG: 600000 150.806 -115.415 -87.4254 -115.415 107.622 -38.1081 -87.4254 -38.1081 -15.4812
GPRESSAVG: 600000 295.397 -157.603 -84.6067 -157.354 145.745 59.4076 -156.569 -81.5718 28.9302
ENERGY:  600000         6.3196         5.5886        26.5458         0.0000         -11136.2140      1407.7262         0.0000         0.0000      1784.4317          -7905.6021       300.0725     -9690.0338     -7936.8915       300.9246           -189.0856      -108.2783     30479.2757        80.9822       156.6909
FEP:     600000        38.4540    -11136.2140      1407.5265

WRITING EXTENDED SYSTEM TO RESTART FILE AT STEP 600000
WRITING COORDINATES TO DCD FILE mobley_6239320_prod.dcd AT STEP 600000
WRITING COORDINATES TO RESTART FILE AT STEP 600000
FINISHED WRITING RESTART COORDINATES
The last position output (seq=600000) takes 0.018 seconds, 0.000 MB of memory in use
WRITING VELOCITIES TO RESTART FILE AT STEP 600000
FINISHED WRITING RESTART VELOCITIES
PRESSURE: 700000 -260.845 130.922 -208.512 130.921 123.881 -99.3619 -208.51 -99.3615 -855.08
GPRESSURE: 700000 -538.289 87.0837 -420.677 -86.3848 261.448 -406.919 -13.8793 227.605 -785.39
PRESSAVG: 700000 99.3492 -84.6234 -102.561 -84.6234 109.655 -45.7648 -102.561 -45.7648 -120.431
GPRESSAVG: 700000 191.186 -127.017 -126.615 -148.483 160.208 1.11681 -138.733 -42.9246 -72.8598
ENERGY:  700000         8.5648         4.0657        26.4797         0.0000         -11220.9025      1450.0819         0.0000         0.0000      1817.4977          -7914.2127       305.6329     -9731.7104     -7934.0567       301.5131           -330.6815      -354.0767     31304.9906        29.5243        92.8449
FEP:     700000        39.1101    -11220.9025      1450.6737

WRITING EXTENDED SYSTEM TO RESTART FILE AT STEP 700000
WRITING COORDINATES TO DCD FILE mobley_6239320_prod.dcd AT STEP 700000
WRITING COORDINATES TO RESTART FILE AT STEP 700000
FINISHED WRITING RESTART COORDINATES
The last position output (seq=700000) takes 0.023 seconds, 0.000 MB of memory in use
WRITING VELOCITIES TO RESTART FILE AT STEP 700000
FINISHED WRITING RESTART VELOCITIES
PRESSURE: 800000 -25.2193 -164.144 183.713 -164.142 663.739 41.4333 183.716 41.4311 204.922
GPRESSURE: 800000 344.766 -461.889 84.1517 -281.787 534.703 -64.0089 297.939 58.4332 216.193
PRESSAVG: 800000 85.5083 -93.4588 -70.7524 -93.4588 171.22 -36.0763 -70.7524 -36.0763 -84.2807
GPRESSAVG: 800000 208.251 -164.225 -103.197 -163.294 201.819 -6.11937 -90.2137 -31.6626 -40.7428
ENERGY:  800000         4.7188         7.1917        25.1427         0.0000         -11288.1726      1504.8875         0.0000         0.0000      1791.3203          -7954.9115       301.2309     -9746.2319     -7936.3739       301.4818            281.1474       365.2206     30507.2099        57.4824       123.1089
FEP:     800000        37.0532    -11288.1726      1504.8670

WRITING EXTENDED SYSTEM TO RESTART FILE AT STEP 800000
WRITING COORDINATES TO DCD FILE mobley_6239320_prod.dcd AT STEP 800000
WRITING COORDINATES TO RESTART FILE AT STEP 800000
FINISHED WRITING RESTART COORDINATES
The last position output (seq=800000) takes 0.023 seconds, 0.000 MB of memory in use
WRITING VELOCITIES TO RESTART FILE AT STEP 800000
FINISHED WRITING RESTART VELOCITIES
PRESSURE: 900000 40.1617 -84.7846 31.3858 -84.786 -48.5627 672.661 31.3811 672.655 253.79
GPRESSURE: 900000 185.203 -398.203 47.5831 216.192 154.947 523.018 -33.4976 538.405 200.04
PRESSAVG: 900000 80.9736 -92.5915 -60.5391 -92.5915 149.241 34.7968 -60.5391 34.7968 -50.4736
GPRESSAVG: 900000 205.946 -187.623 -88.1189 -125.346 197.132 46.7944 -84.5421 25.3441 -16.6645
ENERGY:  900000        12.6674         2.7199        26.8343         0.0000         -11318.7493      1487.3019         0.0000         0.0000      1807.1502          -7982.0755       303.8929     -9789.2258     -7940.9441       301.7229             81.7964       180.0634     30602.5788        59.9138       128.8044
FEP:     900000        42.2216    -11318.7493      1486.9659

WRITING EXTENDED SYSTEM TO RESTART FILE AT STEP 900000
WRITING COORDINATES TO DCD FILE mobley_6239320_prod.dcd AT STEP 900000
WRITING COORDINATES TO RESTART FILE AT STEP 900000
FINISHED WRITING RESTART COORDINATES
The last position output (seq=900000) takes 0.018 seconds, 0.000 MB of memory in use
WRITING VELOCITIES TO RESTART FILE AT STEP 900000
FINISHED WRITING RESTART VELOCITIES
PRESSURE: 1000000 -1432.48 -184.19 -288.449 -184.19 -324.373 191.984 -288.447 191.982 -741.314
GPRESSURE: 1000000 -868.051 -206.443 -338.067 -126.165 -392.314 352.503 -113.566 -112.951 -865.263
PRESSAVG: 1000000 -56.6126 -100.919 -81.258 -100.919 106.186 49.0863 -81.258 49.0863 -113.277
GPRESSAVG: 1000000 108.31 -189.334 -110.841 -125.42 143.546 74.5861 -87.1806 12.7719 -93.8098
TIMING: 1000000  CPU: 350.918, 0.000350085/step  Wall: 351.664, 0.00035164/step, 491.412 ns/days, 0.0488389 hours remaining, 0.000000 MB of memory in use.
PERFORMANCE: 1000000  averaging 491.412 ns/day, 0.00035164 sec/step with standard deviation 0
ETITLE:      TS           BOND          ANGLE          DIHED          IMPRP               ELECT            VDW       BOUNDARY           MISC        KINETIC               TOTAL           TEMP      POTENTIAL       TOTALAVG        TEMPAVG            PRESSURE      GPRESSURE         VOLUME       PRESSAVG      GPRESSAVG
FEPTITLE:    TS          BOND2         ELECT2           VDW2

ENERGY: 1000000         6.1168         4.0948        27.7397         0.0000         -11143.9358      1384.7205         0.0000         0.0000      1785.9492          -7935.3149       300.3277     -9721.2641     -7940.4323       301.5960           -832.7205      -708.5427     31227.5835       -21.2348        52.6819
FEP:    1000000        37.9512    -11143.9358      1385.2029

WRITING EXTENDED SYSTEM TO RESTART FILE AT STEP 1000000
WRITING COORDINATES TO DCD FILE mobley_6239320_prod.dcd AT STEP 1000000
WRITING COORDINATES TO RESTART FILE AT STEP 1000000
FINISHED WRITING RESTART COORDINATES
The last position output (seq=1000000) takes 0.029 seconds, 0.000 MB of memory in use
WRITING VELOCITIES TO RESTART FILE AT STEP 1000000
FINISHED WRITING RESTART VELOCITIES
PRESSURE: 1100000 828.811 180.239 -46.1952 180.241 104.732 -71.0144 -46.1944 -71.0128 600.443
GPRESSURE: 1100000 753.208 226.349 264.884 308.813 118.725 -55.627 -123.533 88.4963 645.338
PRESSAVG: 1100000 17.1726 -77.4886 -78.336 -77.4886 106.064 39.0781 -78.336 39.0781 -53.8005
GPRESSAVG: 1100000 162.051 -154.693 -79.531 -89.234 141.477 63.735 -90.21 19.0822 -32.2142
ENERGY: 1100000         3.0036         2.8204        27.5690         0.0000         -11315.2561      1526.1402         0.0000         0.0000      1733.7807          -8021.9422       291.5549     -9755.7228     -7947.2248       300.7593            511.3288       505.7570     30263.3157        23.1455        90.4381
FEP:    1100000        33.3931    -11315.2561      1525.8532

WRITING EXTENDED SYSTEM TO RESTART FILE AT STEP 1100000
WRITING COORDINATES TO DCD FILE mobley_6239320_prod.dcd AT STEP 1100000
WRITING COORDINATES TO RESTART FILE AT STEP 1100000
FINISHED WRITING RESTART COORDINATES
WRITING VELOCITIES TO RESTART FILE AT STEP 1100000
FINISHED WRITING RESTART VELOCITIES
PRESSURE: 1200000 -824.909 -401.016 196.373 -401.017 -810.342 595.387 196.375 595.386 -1354.7
GPRESSURE: 1200000 -818.878 -254.103 28.8574 -362.492 -749.5 658.022 -33.185 630.143 -1220.05
PRESSAVG: 1200000 -47.6028 -102.375 -57.2044 -102.375 35.5716 81.871 -57.2044 81.871 -153.87
GPRESSAVG: 1200000 86.5952 -162.34 -71.1934 -110.254 72.9406 109.449 -85.8235 66.0869 -123.586
ENERGY: 1200000         3.5483         2.4382        24.8132         0.0000         -11058.8164      1335.1560         0.0000         0.0000      1759.4451          -7933.4156       295.8707     -9692.8607     -7946.1626       300.3832           -996.6511      -929.4754     30740.2496       -55.3004        11.9833
FEP:    1200000        30.7997    -11058.8164      1334.9882

WRITING EXTENDED SYSTEM TO RESTART FILE AT STEP 1200000
WRITING COORDINATES TO DCD FILE mobley_6239320_prod.dcd AT STEP 1200000
WRITING COORDINATES TO RESTART FILE AT STEP 1200000
FINISHED WRITING RESTART COORDINATES
WRITING VELOCITIES TO RESTART FILE AT STEP 1200000
FINISHED WRITING RESTART VELOCITIES
PRESSURE: 1300000 102.587 -277.749 415.04 -277.748 -453.053 -244.95 415.04 -244.948 38.2415
GPRESSURE: 1300000 269.346 -73.1894 554.681 -479.13 -326.184 28.2902 204.085 -289.648 3.38844
PRESSAVG: 1300000 -36.875 -114.902 -23.4727 -114.902 0.669844 58.5268 -23.4727 58.5268 -140.148
GPRESSAVG: 1300000 99.6489 -155.972 -26.4881 -136.602 44.4317 103.652 -65.1157 40.6773 -114.516
ENERGY: 1300000         3.3576         3.2570        26.4519         0.0000         -11200.9938      1469.0025         0.0000         0.0000      1761.9166          -7937.0081       296.2863     -9698.9247     -7945.5087       300.0906           -104.0746       -17.8164     30885.9920       -58.7842         9.8547
FEP:    1300000        33.0665    -11200.9938      1468.9146

WRITING EXTENDED SYSTEM TO RESTART FILE AT STEP 1300000
WRITING COORDINATES TO DCD FILE mobley_6239320_prod.dcd AT STEP 1300000
WRITING COORDINATES TO RESTART FILE AT STEP 1300000
FINISHED WRITING RESTART COORDINATES
WRITING VELOCITIES TO RESTART FILE AT STEP 1300000
FINISHED WRITING RESTART VELOCITIES
PRESSURE: 1400000 830.123 -855.948 -389.342 -855.949 -233.081 14.7968 -389.34 14.796 116.378
GPRESSURE: 1400000 952.044 -1007.92 -383.878 -842.411 -381.126 88.4852 -468.659 274.596 189.318
PRESSAVG: 1400000 20.9249 -164.305 -47.8638 -164.305 -14.9135 55.6114 -47.8638 55.6114 -123.046
GPRESSAVG: 1400000 156.475 -212.769 -50.3141 -183.656 16.0611 102.641 -92.0186 56.2719 -94.2607
ENERGY: 1400000         7.4747         5.3323        27.2754         0.0000         -11185.6283      1462.7079         0.0000         0.0000      1812.4098          -7870.4282       304.7773     -9682.8380     -7940.5033       300.4030            237.8067       253.4119     30837.0004       -39.0115        26.0919
FEP:    1400000        40.0824    -11185.6283      1462.3263

WRITING EXTENDED SYSTEM TO RESTART FILE AT STEP 1400000
WRITING COORDINATES TO DCD FILE mobley_6239320_prod.dcd AT STEP 1400000
WRITING COORDINATES TO RESTART FILE AT STEP 1400000
FINISHED WRITING RESTART COORDINATES
WRITING VELOCITIES TO RESTART FILE AT STEP 1400000
FINISHED WRITING RESTART VELOCITIES
PRESSURE: 1500000 -861.433 769.144 -229.664 769.144 389.895 -88.7908 -229.662 -88.787 -230.809
GPRESSURE: 1500000 -829.652 961.327 -88.143 521.213 437.143 367.08 -250.39 -322.257 -68.8722
PRESSAVG: 1500000 -34.2225 -105.965 -59.2263 -105.965 10.387 46.5865 -59.2263 46.5865 -129.781
GPRESSAVG: 1500000 94.8422 -139.388 -52.6784 -139.602 42.3788 119.169 -101.917 32.6138 -92.674
ENERGY: 1500000         7.9261         1.8358        25.5830         0.0000         -11081.5550      1400.1027         0.0000         0.0000      1785.3973          -7860.7101       300.2348     -9646.1073     -7935.5162       300.3925           -234.1155      -153.7938     31082.1117       -51.2055        14.8490
FEP:    1500000        35.3449    -11081.5550      1400.0671

WRITING EXTENDED SYSTEM TO RESTART FILE AT STEP 1500000
WRITING COORDINATES TO DCD FILE mobley_6239320_prod.dcd AT STEP 1500000
WRITING COORDINATES TO RESTART FILE AT STEP 1500000
FINISHED WRITING RESTART COORDINATES
WRITING VELOCITIES TO RESTART FILE AT STEP 1500000
FINISHED WRITING RESTART VELOCITIES
TCL: Exiting due to exit command.
WRITING EXTENDED SYSTEM TO OUTPUT FILE AT STEP 1500000
CLOSING EXTENDED SYSTEM TRAJECTORY FILE
WRITING COORDINATES TO OUTPUT FILE AT STEP 1500000
CLOSING COORDINATE DCD FILE mobley_6239320_prod.dcd
WRITING VELOCITIES TO OUTPUT FILE AT STEP 1500000
====================================================

WallClock: 528.325623  CPUTime: 525.945251  Memory: 0.000000 MB
[Partition 0][Node 0] End of program
