#========================================================================================
#                     Free energy perturbation    
#----------------------------------------------------------------------------------------
#forward/backward          λ              ΔΔA                 ΔA                  δε   
#                                                 
#----------------------------------------------------------------------------------------
forward:               0.0000              0.0000              0.0000              0.0000  
forward:               0.0500              0.5998              0.5998              0.0090  
forward:               0.1000              0.3950              0.9949              0.0115  
forward:               0.1500              0.2574              1.2523              0.0128  
forward:               0.2000              0.1856              1.4379              0.0135  
forward:               0.2500              0.1477              1.5856              0.0143  
forward:               0.3000              0.1110              1.6966              0.0149  
forward:               0.3500              0.0886              1.7852              0.0155  
forward:               0.4000              0.0715              1.8568              0.0161  
forward:               0.4500              0.0666              1.9233              0.0165  
forward:               0.5000              0.0475              1.9709              0.0170  
forward:               0.5500             -0.0272              1.9436              0.0174  
forward:               0.6000             -0.1855              1.7581              0.0182  
forward:               0.6500             -0.3690              1.3892              0.0194  
forward:               0.7000             -0.5297              0.8595              0.0206  
forward:               0.7500             -0.6363              0.2232              0.0213  
forward:               0.8000             -0.6621             -0.4389              0.0220  
forward:               0.8500             -0.6325             -1.0715              0.0223  
forward:               0.9000             -0.5909             -1.6623              0.0226  
forward:               0.9500             -0.5541             -2.2165              0.0228  
forward:               1.0000             -0.5182             -2.7347              0.0231  
backward:              1.0000              0.0000             -2.7347              0.0000  
backward:              0.9500              0.5171             -2.2175              0.0054  
backward:              0.9000              0.5385             -1.6791              0.0076  
backward:              0.8500              0.5845             -1.0946              0.0091  
backward:              0.8000              0.6213             -0.4733              0.0104  
backward:              0.7500              0.6600              0.1868              0.0119  
backward:              0.7000              0.6295              0.8163              0.0137  
backward:              0.6500              0.5445              1.3608              0.0153  
backward:              0.6000              0.3571              1.7179              0.0169  
backward:              0.5500              0.1784              1.8962              0.0178  
backward:              0.5000              0.0283              1.9246              0.0186  
backward:              0.4500             -0.0407              1.8839              0.0192  
backward:              0.4000             -0.0649              1.8190              0.0198  
backward:              0.3500             -0.0772              1.7418              0.0203  
backward:              0.3000             -0.0878              1.6540              0.0210  
backward:              0.2500             -0.1078              1.5462              0.0217  
backward:              0.2000             -0.1480              1.3982              0.0225  
backward:              0.1500             -0.1868              1.2114              0.0236  
backward:              0.1000             -0.2430              0.9684              0.0246  
backward:              0.0500             -0.3931              0.5754              0.0271  
backward:              0.0000             -0.5727              0.0026              0.0301  
Inaccuracy estimation
======================================================================================================
                   i        i+δi          P0_overlap_P1   δε(forward)/ε   δε(backward)/ε
======================================================================================================
inaccuracy:  0.00000        0.05000           50.85           -0.01            0.63
inaccuracy:  0.05000        0.10000           65.86           -0.01            0.30
inaccuracy:  0.10000        0.15000           67.40           -0.00            0.24
inaccuracy:  0.15000        0.20000           74.50           -0.00            0.14
inaccuracy:  0.20000        0.25000           73.31           -0.01            0.14
inaccuracy:  0.25000        0.30000           77.39           -0.01            0.10
inaccuracy:  0.30000        0.35000           78.07           -0.01            0.09
inaccuracy:  0.35000        0.40000           79.85           -0.00            0.09
inaccuracy:  0.40000        0.45000           75.76           -0.01            0.09
inaccuracy:  0.45000        0.50000           78.39           -0.01            0.08
inaccuracy:  0.50000        0.55000           60.48           -0.15            0.15
inaccuracy:  0.55000        0.60000           73.19           -0.08            0.08
inaccuracy:  0.60000        0.65000           53.77           -0.11            0.09
inaccuracy:  0.65000        0.70000           67.81           -0.07            0.07
inaccuracy:  0.70000        0.75000           68.29           -0.05            0.06
inaccuracy:  0.75000        0.80000           72.52           -0.06            0.05
inaccuracy:  0.80000        0.85000           75.69           -0.04            0.05
inaccuracy:  0.85000        0.90000           71.69           -0.05            0.07
inaccuracy:  0.90000        0.95000           73.73           -0.04            0.08
inaccuracy:  0.95000        1.00000           70.22           -0.06            0.08
===================================================================================================================================
            	   BAR        
-----------------------------------------------------------------------------------------------------------------------------------
BAR-estimator:         λ             λ+δλ          ΔΔA             ΔA            C               Δδe            δe       
                          
-----------------------------------------------------------------------------------------------------------------------------------
BAR-estimator:      0.00000        0.05000        0.5328         0.5328         0.5328         0.0060         0.0060 
BAR-estimator:      0.05000        0.10000        0.3905         0.9233         0.3905         0.0048         0.0077 
BAR-estimator:      0.10000        0.15000        0.2346         1.1579         0.2346         0.0039         0.0086 
BAR-estimator:      0.15000        0.20000        0.1851         1.3430         0.1851         0.0030         0.0091 
BAR-estimator:      0.20000        0.25000        0.1332         1.4762         0.1332         0.0034         0.0097 
BAR-estimator:      0.25000        0.30000        0.1088         1.5851         0.1088         0.0032         0.0102 
BAR-estimator:      0.30000        0.35000        0.0844         1.6694         0.0844         0.0033         0.0108 
BAR-estimator:      0.35000        0.40000        0.0749         1.7443         0.0749         0.0033         0.0112 
BAR-estimator:      0.40000        0.45000        0.0538         1.7981         0.0538         0.0026         0.0115 
BAR-estimator:      0.45000        0.50000        0.0439         1.8420         0.0439         0.0027         0.0118 
BAR-estimator:      0.50000        0.55000       -0.1081         1.7339        -0.1081         0.0032         0.0123 
BAR-estimator:      0.55000        0.60000       -0.1822         1.5517        -0.1822         0.0037         0.0128 
BAR-estimator:      0.60000        0.65000       -0.4573         1.0944        -0.4573         0.0041         0.0135 
BAR-estimator:      0.65000        0.70000       -0.5364         0.5580        -0.5364         0.0046         0.0142 
BAR-estimator:      0.70000        0.75000       -0.6410        -0.0830        -0.6410         0.0041         0.0148 
BAR-estimator:      0.75000        0.80000       -0.6613        -0.7444        -0.6613         0.0038         0.0153 
BAR-estimator:      0.80000        0.85000       -0.6141        -1.3584        -0.6141         0.0026         0.0155 
BAR-estimator:      0.85000        0.90000       -0.5883        -1.9468        -0.5883         0.0030         0.0158 
BAR-estimator:      0.90000        0.95000       -0.5373        -2.4840        -0.5373         0.0029         0.0161 
BAR-estimator:      0.95000        1.00000       -0.5183        -3.0023        -0.5183         0.0029         0.0163 
BAR-estimator: total free energy change is -3.0023006107549275 , total error is 0.016322723226531423
