#========================================================================================
#                     Free energy perturbation    
#----------------------------------------------------------------------------------------
#forward/backward          λ              ΔΔA                 ΔA                  δε   
#                                                 
#----------------------------------------------------------------------------------------
forward:               0.0000              0.0000              0.0000              0.0000  
forward:               0.0500              0.5999              0.5999              0.0123  
forward:               0.1000              0.3880              0.9879              0.0162  
forward:               0.1500              0.2773              1.2652              0.0184  
forward:               0.2000              0.2044              1.4696              0.0195  
forward:               0.2500              0.1598              1.6294              0.0204  
forward:               0.3000              0.1108              1.7402              0.0211  
forward:               0.3500              0.1034              1.8436              0.0215  
forward:               0.4000              0.0806              1.9242              0.0221  
forward:               0.4500              0.0684              1.9926              0.0225  
forward:               0.5000              0.0595              2.0521              0.0229  
forward:               0.5500             -0.0299              2.0222              0.0237  
forward:               0.6000             -0.2101              1.8121              0.0250  
forward:               0.6500             -0.4347              1.3774              0.0271  
forward:               0.7000             -0.6481              0.7293              0.0286  
forward:               0.7500             -0.7386             -0.0092              0.0293  
forward:               0.8000             -0.7463             -0.7556              0.0296  
forward:               0.8500             -0.7009             -1.4564              0.0299  
forward:               0.9000             -0.6630             -2.1194              0.0302  
forward:               0.9500             -0.6084             -2.7278              0.0304  
forward:               1.0000             -0.5887             -3.3165              0.0308  
backward:              1.0000              0.0000             -3.3165              0.0000  
backward:              0.9500              0.5896             -2.7269              0.0050  
backward:              0.9000              0.6017             -2.1252              0.0088  
backward:              0.8500              0.6536             -1.4716              0.0101  
backward:              0.8000              0.6980             -0.7736              0.0118  
backward:              0.7500              0.7463             -0.0274              0.0141  
backward:              0.7000              0.7361              0.7087              0.0162  
backward:              0.6500              0.6310              1.3397              0.0192  
backward:              0.6000              0.4361              1.7758              0.0214  
backward:              0.5500              0.2258              2.0016              0.0224  
backward:              0.5000              0.0201              2.0217              0.0232  
backward:              0.4500             -0.0598              1.9620              0.0237  
backward:              0.4000             -0.0706              1.8914              0.0242  
backward:              0.3500             -0.0823              1.8092              0.0249  
backward:              0.3000             -0.0991              1.7101              0.0255  
backward:              0.2500             -0.1066              1.6035              0.0261  
backward:              0.2000             -0.1532              1.4503              0.0270  
backward:              0.1500             -0.1998              1.2505              0.0281  
backward:              0.1000             -0.2952              0.9553              0.0324  
backward:              0.0500             -0.3978              0.5574              0.0343  
backward:              0.0000             -0.5938             -0.0363              0.0385  
Inaccuracy estimation
======================================================================================================
                   i        i+δi          P0_overlap_P1   δε(forward)/ε   δε(backward)/ε
======================================================================================================
inaccuracy:  0.00000        0.05000           51.38           -0.02            0.62
inaccuracy:  0.05000        0.10000           66.72           -0.01            0.33
inaccuracy:  0.10000        0.15000           66.17           -0.00            0.25
inaccuracy:  0.15000        0.20000           73.44           -0.00            0.14
inaccuracy:  0.20000        0.25000           70.96           -0.01            0.14
inaccuracy:  0.25000        0.30000           77.09           -0.01            0.11
inaccuracy:  0.30000        0.35000           76.11           -0.01            0.10
inaccuracy:  0.35000        0.40000           78.88           -0.00            0.08
inaccuracy:  0.40000        0.45000           78.54           -0.01            0.08
inaccuracy:  0.45000        0.50000           79.21           -0.00            0.07
inaccuracy:  0.50000        0.55000           56.54           -0.20            0.16
inaccuracy:  0.55000        0.60000           69.59           -0.10            0.08
inaccuracy:  0.60000        0.65000           50.97           -0.11            0.10
inaccuracy:  0.65000        0.70000           68.98           -0.07            0.06
inaccuracy:  0.70000        0.75000           70.41           -0.05            0.05
inaccuracy:  0.75000        0.80000           72.22           -0.05            0.05
inaccuracy:  0.80000        0.85000           75.21           -0.05            0.06
inaccuracy:  0.85000        0.90000           71.51           -0.07            0.07
inaccuracy:  0.90000        0.95000           71.40           -0.05            0.08
inaccuracy:  0.95000        1.00000           69.67           -0.05            0.08
===================================================================================================================================
            	   BAR        
-----------------------------------------------------------------------------------------------------------------------------------
BAR-estimator:         λ             λ+δλ          ΔΔA             ΔA            C               Δδe            δe       
                          
-----------------------------------------------------------------------------------------------------------------------------------
BAR-estimator:      0.00000        0.05000        0.5344         0.5344         0.5344         0.0078         0.0078 
BAR-estimator:      0.05000        0.10000        0.3952         0.9296         0.3952         0.0069         0.0105 
BAR-estimator:      0.10000        0.15000        0.2546         1.1841         0.2546         0.0053         0.0117 
BAR-estimator:      0.15000        0.20000        0.2030         1.3871         0.2030         0.0043         0.0125 
BAR-estimator:      0.20000        0.25000        0.1384         1.5256         0.1384         0.0037         0.0130 
BAR-estimator:      0.25000        0.30000        0.1095         1.6351         0.1095         0.0043         0.0137 
BAR-estimator:      0.30000        0.35000        0.0936         1.7286         0.0936         0.0039         0.0143 
BAR-estimator:      0.35000        0.40000        0.0807         1.8093         0.0807         0.0039         0.0148 
BAR-estimator:      0.40000        0.45000        0.0634         1.8727         0.0634         0.0032         0.0151 
BAR-estimator:      0.45000        0.50000        0.0595         1.9322         0.0595         0.0030         0.0154 
BAR-estimator:      0.50000        0.55000       -0.1344         1.7979        -0.1344         0.0041         0.0160 
BAR-estimator:      0.55000        0.60000       -0.2175         1.5804        -0.2175         0.0045         0.0166 
BAR-estimator:      0.60000        0.65000       -0.5304         1.0499        -0.5304         0.0044         0.0172 
BAR-estimator:      0.65000        0.70000       -0.6413         0.4086        -0.6413         0.0057         0.0181 
BAR-estimator:      0.70000        0.75000       -0.7348        -0.3262        -0.7348         0.0041         0.0186 
BAR-estimator:      0.75000        0.80000       -0.7436        -1.0698        -0.7436         0.0041         0.0190 
BAR-estimator:      0.80000        0.85000       -0.6821        -1.7519        -0.6821         0.0037         0.0193 
BAR-estimator:      0.85000        0.90000       -0.6592        -2.4110        -0.6592         0.0043         0.0198 
BAR-estimator:      0.90000        0.95000       -0.6011        -3.0121        -0.6011         0.0034         0.0201 
BAR-estimator:      0.95000        1.00000       -0.5895        -3.6016        -0.5895         0.0036         0.0204 
BAR-estimator: total free energy change is -3.6016082731396475 , total error is 0.02042425723791718
