#========================================================================================
#                     Free energy perturbation    
#----------------------------------------------------------------------------------------
#forward/backward          λ              ΔΔA                 ΔA                  δε   
#                                                 
#----------------------------------------------------------------------------------------
forward:               0.0000              0.0000              0.0000              0.0000  
forward:               0.0500              1.5895              1.5895              0.0239  
forward:               0.1000              0.7145              2.3040              0.0281  
forward:               0.1500              0.3703              2.6743              0.0299  
forward:               0.2000              0.1895              2.8637              0.0311  
forward:               0.2500              0.0928              2.9565              0.0320  
forward:               0.3000              0.0297              2.9863              0.0324  
forward:               0.3500             -0.0066              2.9796              0.0329  
forward:               0.4000             -0.0349              2.9448              0.0332  
forward:               0.4500             -0.0514              2.8934              0.0335  
forward:               0.5000             -0.0683              2.8251              0.0338  
forward:               0.5500             -0.2456              2.5795              0.0344  
forward:               0.6000             -0.5563              2.0232              0.0350  
forward:               0.6500             -0.8125              1.2107              0.0354  
forward:               0.7000             -1.0633              0.1475              0.0360  
forward:               0.7500             -1.2089             -1.0614              0.0366  
forward:               0.8000             -1.3087             -2.3701              0.0372  
forward:               0.8500             -1.3552             -3.7253              0.0375  
forward:               0.9000             -1.3684             -5.0938              0.0378  
forward:               0.9500             -1.3826             -6.4763              0.0382  
forward:               1.0000             -1.3897             -7.8660              0.0385  
backward:              1.0000              0.0000             -7.8660              0.0000  
backward:              0.9500              1.3975             -6.4685              0.0065  
backward:              0.9000              1.3739             -5.0947              0.0088  
backward:              0.8500              1.3744             -3.7202              0.0108  
backward:              0.8000              1.3522             -2.3680              0.0125  
backward:              0.7500              1.3151             -1.0529              0.0140  
backward:              0.7000              1.1947              0.1418              0.0157  
backward:              0.6500              1.0445              1.1864              0.0172  
backward:              0.6000              0.8195              2.0059              0.0186  
backward:              0.5500              0.5449              2.5507              0.0199  
backward:              0.5000              0.2513              2.8020              0.0212  
backward:              0.4500              0.0695              2.8715              0.0217  
backward:              0.4000              0.0564              2.9279              0.0224  
backward:              0.3500              0.0354              2.9633              0.0230  
backward:              0.3000              0.0021              2.9653              0.0243  
backward:              0.2500             -0.0280              2.9373              0.0251  
backward:              0.2000             -0.0923              2.8450              0.0262  
backward:              0.1500             -0.1677              2.6773              0.0276  
backward:              0.1000             -0.3649              2.3124              0.0312  
backward:              0.0500             -0.6995              1.6129              0.0453  
backward:              0.0000             -1.5275              0.0854              0.0596  
Inaccuracy estimation
======================================================================================================
                   i        i+δi          P0_overlap_P1   δε(forward)/ε   δε(backward)/ε
======================================================================================================
inaccuracy:  0.00000        0.05000           33.52           -0.04            2.06
inaccuracy:  0.05000        0.10000           48.73           -0.03            0.92
inaccuracy:  0.10000        0.15000           60.04           -0.02            0.44
inaccuracy:  0.15000        0.20000           65.71           -0.02            0.25
inaccuracy:  0.20000        0.25000           70.15           -0.01            0.17
inaccuracy:  0.25000        0.30000           72.90           -0.01            0.14
inaccuracy:  0.30000        0.35000           74.30           -0.01            0.12
inaccuracy:  0.35000        0.40000           74.60           -0.02            0.11
inaccuracy:  0.40000        0.45000           74.03           -0.01            0.10
inaccuracy:  0.45000        0.50000           75.08           -0.01            0.10
inaccuracy:  0.50000        0.55000           63.50           -0.12            0.14
inaccuracy:  0.55000        0.60000           65.04           -0.11            0.10
inaccuracy:  0.60000        0.65000           64.34           -0.16            0.07
inaccuracy:  0.65000        0.70000           65.52           -0.14            0.04
inaccuracy:  0.70000        0.75000           65.39           -0.13            0.03
inaccuracy:  0.75000        0.80000           65.21           -0.15            0.02
inaccuracy:  0.80000        0.85000           65.36           -0.14            0.02
inaccuracy:  0.85000        0.90000           64.54           -0.15            0.02
inaccuracy:  0.90000        0.95000           64.76           -0.15            0.02
inaccuracy:  0.95000        1.00000           63.48           -0.15            0.03
===================================================================================================================================
                BAR        
-----------------------------------------------------------------------------------------------------------------------------------
BAR-estimator:         λ             λ+δλ          ΔΔA             ΔA            C               Δδe            δe       
                          
-----------------------------------------------------------------------------------------------------------------------------------
BAR-estimator:      0.00000        0.05000        1.5937         1.5937         1.5937         0.0126         0.0126 
BAR-estimator:      0.05000        0.10000        0.7106         2.3043         0.7106         0.0094         0.0158 
BAR-estimator:      0.10000        0.15000        0.3637         2.6680         0.3637         0.0071         0.0173 
BAR-estimator:      0.15000        0.20000        0.1818         2.8499         0.1818         0.0056         0.0182 
BAR-estimator:      0.20000        0.25000        0.0932         2.9431         0.0932         0.0051         0.0189 
BAR-estimator:      0.25000        0.30000        0.0296         2.9727         0.0296         0.0036         0.0192 
BAR-estimator:      0.30000        0.35000       -0.0058         2.9669        -0.0058         0.0038         0.0196 
BAR-estimator:      0.35000        0.40000       -0.0342         2.9326        -0.0342         0.0034         0.0199 
BAR-estimator:      0.40000        0.45000       -0.0544         2.8783        -0.0544         0.0030         0.0202 
BAR-estimator:      0.45000        0.50000       -0.0702         2.8080        -0.0702         0.0030         0.0204 
BAR-estimator:      0.50000        0.55000       -0.2503         2.5577        -0.2503         0.0039         0.0207 
BAR-estimator:      0.55000        0.60000       -0.5473         2.0104        -0.5473         0.0041         0.0211 
BAR-estimator:      0.60000        0.65000       -0.8132         1.1972        -0.8132         0.0038         0.0215 
BAR-estimator:      0.65000        0.70000       -1.0527         0.1445        -1.0527         0.0040         0.0219 
BAR-estimator:      0.70000        0.75000       -1.2019        -1.0574        -1.2019         0.0042         0.0223 
BAR-estimator:      0.75000        0.80000       -1.3082        -2.3656        -1.3082         0.0050         0.0228 
BAR-estimator:      0.80000        0.85000       -1.3509        -3.7165        -1.3509         0.0040         0.0232 
BAR-estimator:      0.85000        0.90000       -1.3716        -5.0881        -1.3716         0.0046         0.0236 
BAR-estimator:      0.90000        0.95000       -1.3809        -6.4690        -1.3809         0.0045         0.0240 
BAR-estimator:      0.95000        1.00000       -1.3932        -7.8622        -1.3932         0.0050         0.0246 
BAR-estimator: total free energy change is -7.862235401658946 , total error is 0.02455240886943058
