#========================================================================================
#                     Free energy perturbation    
#----------------------------------------------------------------------------------------
#forward/backward          λ              ΔΔA                 ΔA                  δε   
#                                                 
#----------------------------------------------------------------------------------------
forward:               0.0000              0.0000              0.0000              0.0000  
forward:               0.0500              1.6025              1.6025              0.0231  
forward:               0.1000              0.7412              2.3437              0.0277  
forward:               0.1500              0.3478              2.6914              0.0292  
forward:               0.2000              0.1698              2.8613              0.0300  
forward:               0.2500              0.0941              2.9554              0.0307  
forward:               0.3000              0.0346              2.9900              0.0313  
forward:               0.3500             -0.0068              2.9832              0.0316  
forward:               0.4000             -0.0285              2.9547              0.0320  
forward:               0.4500             -0.0569              2.8978              0.0323  
forward:               0.5000             -0.0784              2.8194              0.0325  
forward:               0.5500             -0.2487              2.5707              0.0332  
forward:               0.6000             -0.5362              2.0345              0.0336  
forward:               0.6500             -0.8139              1.2206              0.0341  
forward:               0.7000             -1.0436              0.1770              0.0346  
forward:               0.7500             -1.2105             -1.0335              0.0350  
forward:               0.8000             -1.3111             -2.3446              0.0354  
forward:               0.8500             -1.3565             -3.7011              0.0357  
forward:               0.9000             -1.3874             -5.0884              0.0360  
forward:               0.9500             -1.3976             -6.4860              0.0363  
forward:               1.0000             -1.4063             -7.8924              0.0366  
backward:              1.0000              0.0000             -7.8924              0.0000  
backward:              0.9500              1.3974             -6.4949              0.0065  
backward:              0.9000              1.3858             -5.1091              0.0107  
backward:              0.8500              1.3808             -3.7283              0.0125  
backward:              0.8000              1.3534             -2.3750              0.0152  
backward:              0.7500              1.2978             -1.0772              0.0167  
backward:              0.7000              1.2125              0.1353              0.0173  
backward:              0.6500              1.0420              1.1773              0.0185  
backward:              0.6000              0.8183              1.9956              0.0194  
backward:              0.5500              0.5501              2.5458              0.0204  
backward:              0.5000              0.2558              2.8015              0.0214  
backward:              0.4500              0.0811              2.8827              0.0218  
backward:              0.4000              0.0607              2.9434              0.0223  
backward:              0.3500              0.0330              2.9764              0.0229  
backward:              0.3000              0.0088              2.9852              0.0233  
backward:              0.2500             -0.0351              2.9502              0.0242  
backward:              0.2000             -0.0779              2.8723              0.0252  
backward:              0.1500             -0.1953              2.6770              0.0269  
backward:              0.1000             -0.3547              2.3223              0.0305  
backward:              0.0500             -0.7518              1.5705              0.0366  
backward:              0.0000             -1.6561             -0.0856              0.0891  
Inaccuracy estimation
======================================================================================================
                   i        i+δi          P0_overlap_P1   δε(forward)/ε   δε(backward)/ε
======================================================================================================
inaccuracy:  0.00000        0.05000           33.46           -0.05            2.04
inaccuracy:  0.05000        0.10000           49.05           -0.03            0.91
inaccuracy:  0.10000        0.15000           61.69           -0.01            0.42
inaccuracy:  0.15000        0.20000           68.96           -0.01            0.24
inaccuracy:  0.20000        0.25000           69.77           -0.01            0.18
inaccuracy:  0.25000        0.30000           72.63           -0.02            0.15
inaccuracy:  0.30000        0.35000           73.93           -0.01            0.12
inaccuracy:  0.35000        0.40000           73.76           -0.02            0.11
inaccuracy:  0.40000        0.45000           75.02           -0.02            0.09
inaccuracy:  0.45000        0.50000           75.56           -0.01            0.09
inaccuracy:  0.50000        0.55000           64.49           -0.12            0.14
inaccuracy:  0.55000        0.60000           64.25           -0.13            0.10
inaccuracy:  0.60000        0.65000           64.23           -0.14            0.07
inaccuracy:  0.65000        0.70000           64.08           -0.14            0.04
inaccuracy:  0.70000        0.75000           65.19           -0.14            0.02
inaccuracy:  0.75000        0.80000           65.86           -0.15            0.02
inaccuracy:  0.80000        0.85000           65.00           -0.15            0.02
inaccuracy:  0.85000        0.90000           65.12           -0.13            0.02
inaccuracy:  0.90000        0.95000           64.30           -0.17            0.02
inaccuracy:  0.95000        1.00000           64.18           -0.13            0.02
===================================================================================================================================
                BAR        
-----------------------------------------------------------------------------------------------------------------------------------
BAR-estimator:         λ             λ+δλ          ΔΔA             ΔA            C               Δδe            δe       
                          
-----------------------------------------------------------------------------------------------------------------------------------
BAR-estimator:      0.00000        0.05000        1.6016         1.6016         1.6016         0.0109         0.0109 
BAR-estimator:      0.05000        0.10000        0.7505         2.3521         0.7505         0.0093         0.0143 
BAR-estimator:      0.10000        0.15000        0.3535         2.7055         0.3535         0.0061         0.0156 
BAR-estimator:      0.15000        0.20000        0.1822         2.8877         0.1822         0.0047         0.0163 
BAR-estimator:      0.20000        0.25000        0.0881         2.9758         0.0881         0.0038         0.0167 
BAR-estimator:      0.25000        0.30000        0.0357         3.0115         0.0357         0.0040         0.0172 
BAR-estimator:      0.30000        0.35000       -0.0061         3.0054        -0.0061         0.0034         0.0175 
BAR-estimator:      0.35000        0.40000       -0.0316         2.9737        -0.0316         0.0033         0.0178 
BAR-estimator:      0.40000        0.45000       -0.0573         2.9164        -0.0573         0.0030         0.0181 
BAR-estimator:      0.45000        0.50000       -0.0777         2.8387        -0.0777         0.0027         0.0183 
BAR-estimator:      0.50000        0.55000       -0.2548         2.5839        -0.2548         0.0038         0.0187 
BAR-estimator:      0.55000        0.60000       -0.5441         2.0398        -0.5441         0.0036         0.0190 
BAR-estimator:      0.60000        0.65000       -0.8104         1.2294        -0.8104         0.0036         0.0194 
BAR-estimator:      0.65000        0.70000       -1.0413         0.1881        -1.0413         0.0038         0.0197 
BAR-estimator:      0.70000        0.75000       -1.2104        -1.0223        -1.2104         0.0041         0.0202 
BAR-estimator:      0.75000        0.80000       -1.3081        -2.3304        -1.3081         0.0037         0.0205 
BAR-estimator:      0.80000        0.85000       -1.3569        -3.6873        -1.3569         0.0039         0.0209 
BAR-estimator:      0.85000        0.90000       -1.3819        -5.0691        -1.3819         0.0040         0.0212 
BAR-estimator:      0.90000        0.95000       -1.3999        -6.4691        -1.3999         0.0040         0.0216 
BAR-estimator:      0.95000        1.00000       -1.4010        -7.8701        -1.4010         0.0038         0.0219 
BAR-estimator: total free energy change is -7.870071793834134 , total error is 0.02194355400581696
