#========================================================================================
#                     Free energy perturbation    
#----------------------------------------------------------------------------------------
#forward/backward          λ              ΔΔA                 ΔA                  δε   
#                                                 
#----------------------------------------------------------------------------------------
forward:               0.0000              0.0000              0.0000              0.0000  
forward:               0.0625              0.3598              0.3598              0.1156  
forward:               0.1250              1.4500              1.8098              0.1871  
forward:               0.1875              1.0580              2.8678              0.4274  
forward:               0.2500              0.4904              3.3582              0.4553  
forward:               0.3125              0.2415              3.5997              0.4766  
forward:               0.3750             -0.0155              3.5841              0.4871  
forward:               0.4375             -0.0002              3.5839              0.5031  
forward:               0.5000              0.1548              3.7387              0.5125  
forward:               0.5625             -1.0191              2.7196              0.5179  
forward:               0.6250             -1.5990              1.1206              0.5334  
forward:               0.6875             -1.4974             -0.3768              0.5371  
forward:               0.7500             -1.0748             -1.4517              0.5456  
forward:               0.8125             -0.8519             -2.3035              0.5674  
forward:               0.8750             -0.4008             -2.7043              0.5808  
forward:               0.9375              0.1211             -2.5832              0.5919  
forward:               1.0000              1.3693             -1.2139              0.5997  
backward:              1.0000              0.0000             -1.2139              0.0000  
backward:              0.9375             -1.2679             -2.4818              0.0786  
backward:              0.8750             -0.2943             -2.7761              0.1231  
backward:              0.8125              0.6249             -2.1511              0.1500  
backward:              0.7500              1.1799             -0.9712              0.1818  
backward:              0.6875              1.4803              0.5091              0.2262  
backward:              0.6250              1.3863              1.8954              0.3074  
backward:              0.5625              1.4901              3.3855              0.3429  
backward:              0.5000              1.5317              4.9173              0.3631  
backward:              0.4375              0.2034              5.1207              0.3713  
backward:              0.3750              0.2450              5.3657              0.3850  
backward:              0.3125              0.1372              5.5029              0.3941  
backward:              0.2500             -0.1289              5.3740              0.5016  
backward:              0.1875             -0.2011              5.1729              0.5512  
backward:              0.1250             -0.9408              4.2321              0.5799  
backward:              0.0625             -0.7686              3.4635              0.5882  
backward:              0.0000             -0.1372              3.3264              0.5982  
Inaccuracy estimation
======================================================================================================
                   i        i+δi          P0_overlap_P1   δε(forward)/ε   δε(backward)/ε
======================================================================================================
inaccuracy:  0.00000        0.06250           83.29           -0.09            0.14
inaccuracy:  0.06250        0.12500           31.67           -0.19            2.26
inaccuracy:  0.12500        0.18750           27.43           -0.11            2.81
inaccuracy:  0.18750        0.25000           37.41           -0.11            1.25
inaccuracy:  0.25000        0.31250           47.88            0.00            1.22
inaccuracy:  0.31250        0.37500           49.88           -0.15            0.62
inaccuracy:  0.37500        0.43750           39.90            0.00            0.77
inaccuracy:  0.43750        0.50000           46.88           -0.16            0.93
inaccuracy:  0.50000        0.56250           31.92           -1.14            0.28
inaccuracy:  0.56250        0.62500           48.38           -0.39            0.25
inaccuracy:  0.62500        0.68750           53.37           -0.55            0.13
inaccuracy:  0.68750        0.75000           34.16           -0.40            0.33
inaccuracy:  0.75000        0.81250           39.90           -0.78            0.47
inaccuracy:  0.81250        0.87500           44.89           -0.30            0.79
inaccuracy:  0.87500        0.93750           52.37           -0.10            0.73
inaccuracy:  0.93750        1.00000           43.89           -0.11            1.54
===================================================================================================================================
            	   BAR        
-----------------------------------------------------------------------------------------------------------------------------------
BAR-estimator:         λ             λ+δλ          ΔΔA             ΔA            C               Δδe            δe       
                          
-----------------------------------------------------------------------------------------------------------------------------------
BAR-estimator:      0.00000        0.06250        0.5078         0.5078         0.5078         0.0669         0.0669 
BAR-estimator:      0.06250        0.12500        1.2213         1.7291         1.2213         0.1016         0.1216 
BAR-estimator:      0.12500        0.18750        1.2341         2.9632         1.2341         0.2125         0.2448 
BAR-estimator:      0.18750        0.25000        0.3822         3.3454         0.3822         0.1007         0.2647 
BAR-estimator:      0.25000        0.31250        0.1834         3.5288         0.1834         0.1007         0.2833 
BAR-estimator:      0.31250        0.37500       -0.0423         3.4865        -0.0423         0.0779         0.2938 
BAR-estimator:      0.37500        0.43750       -0.0294         3.4571        -0.0294         0.0667         0.3013 
BAR-estimator:      0.43750        0.50000        0.0421         3.4991         0.0421         0.0962         0.3163 
BAR-estimator:      0.50000        0.56250       -1.3086         2.1906        -1.3086         0.0973         0.3309 
BAR-estimator:      0.56250        0.62500       -1.5663         0.6243        -1.5663         0.0890         0.3427 
BAR-estimator:      0.62500        0.68750       -1.5713        -0.9470        -1.5713         0.0672         0.3492 
BAR-estimator:      0.68750        0.75000       -1.3061        -2.2531        -1.3061         0.1446         0.3779 
BAR-estimator:      0.75000        0.81250       -1.0300        -3.2831        -1.0300         0.0994         0.3908 
BAR-estimator:      0.81250        0.87500       -0.4732        -3.7563        -0.4732         0.0952         0.4022 
BAR-estimator:      0.87500        0.93750        0.2274        -3.5289         0.2274         0.0728         0.4087 
BAR-estimator:      0.93750        1.00000        1.3744        -2.1545         1.3744         0.1054         0.4221 
BAR-estimator: total free energy change is -2.15449469870498 , total error is 0.42212349084453027
