  15
 Etot=         -24.0254478519
 C         -1.8312720552       -0.7631989952        0.0278069911
 C         -1.8312777038        0.7631289573       -0.0279697202
 C         -0.4982986617        1.2076582022        0.5635076537
 S          0.6917106088       -0.0000596419        0.0000209324
 C         -0.4983621761       -1.2074839921       -0.5637719688
 O          1.3896452049       -0.5337595519        1.1510899988
 O          1.3902432300        0.5336048978       -1.1508038484
 H         -2.6752307304       -1.1921461220       -0.5203182381
 H         -1.9046025340       -1.0922477927        1.0715490041
 H         -1.9064833928        1.0944516224       -1.0708137478
 H         -2.6745603004        1.1910824555        0.5221562978
 H         -0.2027643308        2.2038863216        0.2283754209
 H         -0.5216963358        1.1705265984        1.6565783298
 H         -0.5228332213       -1.1679280346       -1.6567076550
 H         -0.2031337787       -2.2045141580       -0.2309387799
  15
 Etot=         -24.0280776532
 C         -1.8238075120       -0.7644172059        0.0310038160
 C         -1.8241935086        0.7645128205       -0.0301889528
 C         -0.5117945466        1.2354902563        0.5789925223
 S          0.6673982493       -0.0001228713       -0.0000754189
 C         -0.5119981852       -1.2352492214       -0.5796407807
 O          1.3839916591       -0.5298852965        1.1425858284
 O          1.3845770598        0.5302089639       -1.1421621310
 H         -2.6719333462       -1.1829912591       -0.5104724354
 H         -1.8847903349       -1.0895557230        1.0724002569
 H         -1.8856034264        1.0902865511       -1.0713302908
 H         -2.6722104710        1.1827665118        0.5118993506
 H         -0.2021435136        2.2220819598        0.2441618582
 H         -0.5210556030        1.1900897677        1.6666105624
 H         -0.5226337128       -1.1876270130       -1.6671928288
 H         -0.2027189852       -2.2225874741       -0.2468306859
  15
 Etot=         -24.0297200201
 C         -1.8262938528       -0.7651426654        0.0354108447
 C         -1.8264323309        0.7653237651       -0.0339901386
 C         -0.5295608187        1.2485799415        0.5899292702
 S          0.6636971116       -0.0000987899       -0.0002332985
 C         -0.5302350068       -1.2478826100       -0.5906820466
 O          1.4113007469       -0.5254352146        1.1275665882
 O          1.4118509080        0.5261053846       -1.1272753858
 H         -2.6872912845       -1.1696225289       -0.4920510446
 H         -1.8666232015       -1.0836663929        1.0758934704
 H         -1.8668182503        1.0828154223       -1.0748667971
 H         -2.6875541608        1.1699941353        0.4930678689
 H         -0.2043682878        2.2227873670        0.2512676112
 H         -0.5269517996        1.1902637506        1.6717140283
 H         -0.5286309031       -1.1884241654       -1.6724175994
 H         -0.2050050472       -2.2225966325       -0.2535727006
  15
 Etot=         -24.0301031928
 C         -1.8287288766       -0.7658870138        0.0373803839
 C         -1.8288534331        0.7660901679       -0.0362648945
 C         -0.5374459247        1.2488197090        0.5929005761
 S          0.6663437182       -0.0000771262       -0.0001732664
 C         -0.5380034857       -1.2481631976       -0.5935771654
 O          1.4328473379       -0.5232269758        1.1173165339
 O          1.4336209723        0.5235240664       -1.1169355326
 H         -2.6956829839       -1.1711278412       -0.4807592239
 H         -1.8603848554       -1.0799030514        1.0798970350
 H         -1.8612113556        1.0791434619       -1.0791152991
 H         -2.6954890290        1.1716720056        0.4819729751
 H         -0.2071881513        2.2213281059        0.2537040355
 H         -0.5348437388        1.1846993836        1.6744502779
 H         -0.5365815414       -1.1827551014       -1.6750440004
 H         -0.2073148302       -2.2211358260       -0.2559917646
  15
 Etot=         -24.0302053407
 C         -1.8294310588       -0.7659365809        0.0385029774
 C         -1.8295729939        0.7660757188       -0.0376456242
 C         -0.5388080959        1.2460560689        0.5922879957
 S          0.6674687456       -0.0000482035       -0.0000739755
 C         -0.5392519713       -1.2453525822       -0.5930404389
 O          1.4424865445       -0.5221539607        1.1119537944
 O          1.4436809971        0.5218957544       -1.1113869350
 H         -2.6975165194       -1.1751889265       -0.4758772286
 H         -1.8605050816       -1.0773015312        1.0829491002
 H         -1.8619267875        1.0770864134       -1.0821641847
 H         -2.6971324083        1.1753448185        0.4775111221
 H         -0.2088327418        2.2209766434        0.2557846695
 H         -0.5396000660        1.1809606454        1.6749554144
 H         -0.5411243942       -1.1786469340       -1.6756231027
 H         -0.2088503460       -2.2207665771       -0.2583729135
  15
 Etot=         -24.0302457909
 C         -1.8295756663       -0.7656014215        0.0388519080
 C         -1.8298409254        0.7657881977       -0.0381691763
 C         -0.5377171362        1.2434902259        0.5904974581
 S          0.6665208587       -0.0000250092       -0.0000251044
 C         -0.5380511033       -1.2427738298       -0.5913629726
 O          1.4455070840       -0.5209844975        1.1091974698
 O          1.4469498851        0.5203429974       -1.1085526913
 H         -2.6967555559       -1.1780353341       -0.4752366181
 H         -1.8622992765       -1.0764194529        1.0841409793
 H         -1.8642083376        1.0766913100       -1.0833585469
 H         -2.6964090398        1.1779284018        0.4772008091
 H         -0.2094411941        2.2210552640        0.2571489775
 H         -0.5414148318        1.1792283836        1.6740933463
 H         -0.5426604420       -1.1768497185       -1.6748751904
 H         -0.2095204964       -2.2208347500       -0.2597899774
