#========================================================================================
#                     Free energy perturbation    
#----------------------------------------------------------------------------------------
#forward/backward          λ              ΔΔA                 ΔA                  δε   
#                                                 
#----------------------------------------------------------------------------------------
forward:               0.0000              0.0000              0.0000              0.0000  
forward:               0.0500              1.1464              1.1464              0.0194  
forward:               0.1000              0.6036              1.7500              0.0237  
forward:               0.1500              0.3101              2.0601              0.0254  
forward:               0.2000              0.1476              2.2077              0.0263  
forward:               0.2500              0.0668              2.2744              0.0270  
forward:               0.3000              0.0312              2.3056              0.0274  
forward:               0.3500             -0.0020              2.3036              0.0278  
forward:               0.4000             -0.0201              2.2836              0.0282  
forward:               0.4500             -0.0428              2.2408              0.0285  
forward:               0.5000             -0.0557              2.1851              0.0288  
forward:               0.5500             -0.1562              2.0288              0.0294  
forward:               0.6000             -0.3755              1.6533              0.0306  
forward:               0.6500             -0.5623              1.0910              0.0320  
forward:               0.7000             -0.8104              0.2806              0.0334  
forward:               0.7500             -0.9221             -0.6415              0.0341  
forward:               0.8000             -0.9466             -1.5881              0.0346  
forward:               0.8500             -0.9096             -2.4977              0.0350  
forward:               0.9000             -0.8702             -3.3679              0.0352  
forward:               0.9500             -0.7951             -4.1629              0.0355  
forward:               1.0000             -0.7391             -4.9020              0.0358  
backward:              1.0000              0.0000             -4.9020              0.0000  
backward:              0.9500              0.7408             -4.1613              0.0057  
backward:              0.9000              0.7915             -3.3698              0.0082  
backward:              0.8500              0.8523             -2.5174              0.0113  
backward:              0.8000              0.9182             -1.5992              0.0127  
backward:              0.7500              0.9460             -0.6532              0.0157  
backward:              0.7000              0.9240              0.2708              0.0187  
backward:              0.6500              0.7929              1.0637              0.0205  
backward:              0.6000              0.5867              1.6505              0.0226  
backward:              0.5500              0.3646              2.0151              0.0246  
backward:              0.5000              0.1491              2.1642              0.0258  
backward:              0.4500              0.0669              2.2311              0.0263  
backward:              0.4000              0.0442              2.2753              0.0270  
backward:              0.3500              0.0230              2.2982              0.0274  
backward:              0.3000             -0.0056              2.2926              0.0280  
backward:              0.2500             -0.0233              2.2693              0.0287  
backward:              0.2000             -0.0785              2.1908              0.0297  
backward:              0.1500             -0.1269              2.0639              0.0306  
backward:              0.1000             -0.2788              1.7851              0.0325  
backward:              0.0500             -0.5955              1.1896              0.0422  
backward:              0.0000             -1.1316              0.0580              0.0497  
Inaccuracy estimation
======================================================================================================
                   i        i+δi          P0_overlap_P1   δε(forward)/ε   δε(backward)/ε
======================================================================================================
inaccuracy:  0.00000        0.05000           43.58           -0.03            1.05
inaccuracy:  0.05000        0.10000           52.36           -0.02            0.71
inaccuracy:  0.10000        0.15000           61.79           -0.01            0.38
inaccuracy:  0.15000        0.20000           69.24           -0.01            0.22
inaccuracy:  0.20000        0.25000           73.26           -0.01            0.15
inaccuracy:  0.25000        0.30000           73.89           -0.01            0.13
inaccuracy:  0.30000        0.35000           75.93           -0.01            0.10
inaccuracy:  0.35000        0.40000           75.58           -0.01            0.10
inaccuracy:  0.40000        0.45000           76.52           -0.01            0.09
inaccuracy:  0.45000        0.50000           76.12           -0.01            0.09
inaccuracy:  0.50000        0.55000           68.94           -0.08            0.14
inaccuracy:  0.55000        0.60000           68.43           -0.10            0.09
inaccuracy:  0.60000        0.65000           63.75           -0.16            0.07
inaccuracy:  0.65000        0.70000           66.50           -0.12            0.06
inaccuracy:  0.70000        0.75000           66.33           -0.09            0.05
inaccuracy:  0.75000        0.80000           68.04           -0.09            0.05
inaccuracy:  0.80000        0.85000           67.69           -0.08            0.06
inaccuracy:  0.85000        0.90000           67.74           -0.08            0.07
inaccuracy:  0.90000        0.95000           66.94           -0.07            0.08
inaccuracy:  0.95000        1.00000           66.51           -0.08            0.09
===================================================================================================================================
                BAR        
-----------------------------------------------------------------------------------------------------------------------------------
BAR-estimator:         λ             λ+δλ          ΔΔA             ΔA            C               Δδe            δe       
                          
-----------------------------------------------------------------------------------------------------------------------------------
BAR-estimator:      0.00000        0.05000        1.1507         1.1507         1.1507         0.0100         0.0100 
BAR-estimator:      0.05000        0.10000        0.5965         1.7472         0.5965         0.0087         0.0133 
BAR-estimator:      0.10000        0.15000        0.3013         2.0484         0.3013         0.0070         0.0150 
BAR-estimator:      0.15000        0.20000        0.1446         2.1931         0.1446         0.0049         0.0158 
BAR-estimator:      0.20000        0.25000        0.0701         2.2631         0.0701         0.0038         0.0162 
BAR-estimator:      0.25000        0.30000        0.0284         2.2916         0.0284         0.0040         0.0167 
BAR-estimator:      0.30000        0.35000        0.0007         2.2923         0.0007         0.0034         0.0171 
BAR-estimator:      0.35000        0.40000       -0.0219         2.2703        -0.0219         0.0040         0.0176 
BAR-estimator:      0.40000        0.45000       -0.0437         2.2266        -0.0437         0.0017         0.0176 
BAR-estimator:      0.45000        0.50000       -0.0582         2.1684        -0.0582         0.0030         0.0179 
BAR-estimator:      0.50000        0.55000       -0.1530         2.0154        -0.1530         0.0040         0.0183 
BAR-estimator:      0.55000        0.60000       -0.3721         1.6433        -0.3721         0.0042         0.0188 
BAR-estimator:      0.60000        0.65000       -0.5796         1.0637        -0.5796         0.0046         0.0194 
BAR-estimator:      0.65000        0.70000       -0.8028         0.2609        -0.8028         0.0052         0.0201 
BAR-estimator:      0.70000        0.75000       -0.9210        -0.6600        -0.9210         0.0047         0.0206 
BAR-estimator:      0.75000        0.80000       -0.9458        -1.6058        -0.9458         0.0041         0.0210 
BAR-estimator:      0.80000        0.85000       -0.9126        -2.5184        -0.9126         0.0038         0.0214 
BAR-estimator:      0.85000        0.90000       -0.8660        -3.3845        -0.8660         0.0037         0.0217 
BAR-estimator:      0.90000        0.95000       -0.7928        -4.1772        -0.7928         0.0038         0.0220 
BAR-estimator:      0.95000        1.00000       -0.7398        -4.9171        -0.7398         0.0044         0.0224 
BAR-estimator: total free energy change is -4.917050420187203 , total error is 0.022440647295861774
