#========================================================================================
#                     Free energy perturbation    
#----------------------------------------------------------------------------------------
#forward/backward          λ              ΔΔA                 ΔA                  δε   
#                                                 
#----------------------------------------------------------------------------------------
forward:               0.0000              0.0000              0.0000              0.0000  
forward:               0.0500              1.1076              1.1076              0.0156  
forward:               0.1000              0.6464              1.7541              0.0198  
forward:               0.1500              0.3218              2.0759              0.0213  
forward:               0.2000              0.1702              2.2461              0.0222  
forward:               0.2500              0.0879              2.3340              0.0227  
forward:               0.3000              0.0417              2.3757              0.0231  
forward:               0.3500              0.0018              2.3775              0.0234  
forward:               0.4000             -0.0199              2.3576              0.0238  
forward:               0.4500             -0.0382              2.3194              0.0241  
forward:               0.5000             -0.0557              2.2637              0.0243  
forward:               0.5500             -0.1605              2.1032              0.0249  
forward:               0.6000             -0.3829              1.7203              0.0255  
forward:               0.6500             -0.6256              1.0947              0.0262  
forward:               0.7000             -0.8639              0.2308              0.0277  
forward:               0.7500             -0.9884             -0.7577              0.0285  
forward:               0.8000             -1.0128             -1.7705              0.0290  
forward:               0.8500             -0.9872             -2.7576              0.0293  
forward:               0.9000             -0.9285             -3.6861              0.0295  
forward:               0.9500             -0.8598             -4.5460              0.0297  
forward:               1.0000             -0.8071             -5.3531              0.0300  
backward:              1.0000              0.0000             -5.3531              0.0000  
backward:              0.9500              0.8066             -4.5465              0.0055  
backward:              0.9000              0.8611             -3.6853              0.0086  
backward:              0.8500              0.9145             -2.7708              0.0113  
backward:              0.8000              0.9840             -1.7868              0.0131  
backward:              0.7500              1.0142             -0.7727              0.0155  
backward:              0.7000              0.9866              0.2140              0.0171  
backward:              0.6500              0.8551              1.0691              0.0191  
backward:              0.6000              0.6254              1.6945              0.0206  
backward:              0.5500              0.3866              2.0811              0.0215  
backward:              0.5000              0.1633              2.2444              0.0223  
backward:              0.4500              0.0532              2.2976              0.0227  
backward:              0.4000              0.0398              2.3375              0.0232  
backward:              0.3500              0.0251              2.3626              0.0237  
backward:              0.3000             -0.0154              2.3472              0.0244  
backward:              0.2500             -0.0347              2.3125              0.0249  
backward:              0.2000             -0.0846              2.2279              0.0259  
backward:              0.1500             -0.1623              2.0657              0.0273  
backward:              0.1000             -0.2942              1.7715              0.0297  
backward:              0.0500             -0.6444              1.1271              0.0357  
backward:              0.0000             -1.1370             -0.0100              0.0406  
Inaccuracy estimation
======================================================================================================
                   i        i+δi          P0_overlap_P1   δε(forward)/ε   δε(backward)/ε
======================================================================================================
inaccuracy:  0.00000        0.05000           46.83           -0.03            0.98
inaccuracy:  0.05000        0.10000           52.78           -0.02            0.70
inaccuracy:  0.10000        0.15000           62.54           -0.01            0.39
inaccuracy:  0.15000        0.20000           69.02           -0.02            0.23
inaccuracy:  0.20000        0.25000           71.98           -0.00            0.15
inaccuracy:  0.25000        0.30000           73.83           -0.01            0.13
inaccuracy:  0.30000        0.35000           76.89           -0.01            0.10
inaccuracy:  0.35000        0.40000           75.73           -0.01            0.10
inaccuracy:  0.40000        0.45000           76.01           -0.01            0.09
inaccuracy:  0.45000        0.50000           77.39           -0.01            0.09
inaccuracy:  0.50000        0.55000           68.06           -0.08            0.12
inaccuracy:  0.55000        0.60000           67.55           -0.13            0.09
inaccuracy:  0.60000        0.65000           65.45           -0.16            0.08
inaccuracy:  0.65000        0.70000           64.97           -0.12            0.06
inaccuracy:  0.70000        0.75000           66.58           -0.10            0.04
inaccuracy:  0.75000        0.80000           66.78           -0.09            0.04
inaccuracy:  0.80000        0.85000           67.97           -0.09            0.05
inaccuracy:  0.85000        0.90000           67.27           -0.08            0.06
inaccuracy:  0.90000        0.95000           65.57           -0.09            0.08
inaccuracy:  0.95000        1.00000           65.79           -0.08            0.09
===================================================================================================================================
                BAR        
-----------------------------------------------------------------------------------------------------------------------------------
BAR-estimator:         λ             λ+δλ          ΔΔA             ΔA            C               Δδe            δe       
                          
-----------------------------------------------------------------------------------------------------------------------------------
BAR-estimator:      0.00000        0.05000        1.1366         1.1366         1.1366         0.0082         0.0082 
BAR-estimator:      0.05000        0.10000        0.6419         1.7785         0.6419         0.0077         0.0112 
BAR-estimator:      0.10000        0.15000        0.3173         2.0959         0.3173         0.0052         0.0124 
BAR-estimator:      0.15000        0.20000        0.1683         2.2642         0.1683         0.0043         0.0131 
BAR-estimator:      0.20000        0.25000        0.0863         2.3504         0.0863         0.0035         0.0136 
BAR-estimator:      0.25000        0.30000        0.0415         2.3920         0.0415         0.0031         0.0139 
BAR-estimator:      0.30000        0.35000        0.0057         2.3977         0.0057         0.0029         0.0142 
BAR-estimator:      0.35000        0.40000       -0.0208         2.3769        -0.0208         0.0032         0.0146 
BAR-estimator:      0.40000        0.45000       -0.0395         2.3374        -0.0395         0.0028         0.0149 
BAR-estimator:      0.45000        0.50000       -0.0545         2.2830        -0.0545         0.0027         0.0151 
BAR-estimator:      0.50000        0.55000       -0.1609         2.1220        -0.1609         0.0035         0.0155 
BAR-estimator:      0.55000        0.60000       -0.3874         1.7347        -0.3874         0.0038         0.0159 
BAR-estimator:      0.60000        0.65000       -0.6245         1.1101        -0.6245         0.0040         0.0164 
BAR-estimator:      0.65000        0.70000       -0.8580         0.2522        -0.8580         0.0050         0.0172 
BAR-estimator:      0.70000        0.75000       -0.9876        -0.7354        -0.9876         0.0044         0.0177 
BAR-estimator:      0.75000        0.80000       -1.0160        -1.7514        -1.0160         0.0037         0.0181 
BAR-estimator:      0.80000        0.85000       -0.9839        -2.7353        -0.9839         0.0036         0.0185 
BAR-estimator:      0.85000        0.90000       -0.9240        -3.6593        -0.9240         0.0033         0.0188 
BAR-estimator:      0.90000        0.95000       -0.8613        -4.5206        -0.8613         0.0043         0.0192 
BAR-estimator:      0.95000        1.00000       -0.8070        -5.3276        -0.8070         0.0043         0.0197 
BAR-estimator: total free energy change is -5.327565300402921 , total error is 0.01970311953829875
