#========================================================================================
#                     Free energy perturbation    
#----------------------------------------------------------------------------------------
#forward/backward          λ              ΔΔA                 ΔA                  δε   
#                                                 
#----------------------------------------------------------------------------------------
forward:               0.0000              0.0000              0.0000              0.0000  
forward:               0.0500              1.0394              1.0394              0.0157  
forward:               0.1000              0.6658              1.7052              0.0205  
forward:               0.1500              0.3916              2.0968              0.0228  
forward:               0.2000              0.2505              2.3472              0.0243  
forward:               0.2500              0.1702              2.5174              0.0251  
forward:               0.3000              0.1119              2.6293              0.0257  
forward:               0.3500              0.0753              2.7046              0.0262  
forward:               0.4000              0.0394              2.7440              0.0266  
forward:               0.4500              0.0265              2.7705              0.0270  
forward:               0.5000              0.0010              2.7714              0.0273  
forward:               0.5500             -0.1467              2.6247              0.0278  
forward:               0.6000             -0.3838              2.2409              0.0286  
forward:               0.6500             -0.5958              1.6450              0.0296  
forward:               0.7000             -0.7649              0.8802              0.0308  
forward:               0.7500             -0.8768              0.0033              0.0316  
forward:               0.8000             -0.9286             -0.9253              0.0321  
forward:               0.8500             -0.9364             -1.8617              0.0325  
forward:               0.9000             -0.9225             -2.7842              0.0328  
forward:               0.9500             -0.9031             -3.6872              0.0331  
forward:               1.0000             -0.8982             -4.5854              0.0333  
backward:              1.0000              0.0000             -4.5854              0.0000  
backward:              0.9500              0.8957             -3.6897              0.0051  
backward:              0.9000              0.9018             -2.7879              0.0084  
backward:              0.8500              0.9313             -1.8567              0.0099  
backward:              0.8000              0.9279             -0.9287              0.0117  
backward:              0.7500              0.9324              0.0037              0.0140  
backward:              0.7000              0.8854              0.8891              0.0158  
backward:              0.6500              0.7824              1.6716              0.0177  
backward:              0.6000              0.5785              2.2501              0.0195  
backward:              0.5500              0.3806              2.6307              0.0204  
backward:              0.5000              0.1581              2.7888              0.0225  
backward:              0.4500             -0.0079              2.7809              0.0231  
backward:              0.4000             -0.0288              2.7521              0.0236  
backward:              0.3500             -0.0494              2.7027              0.0245  
backward:              0.3000             -0.0731              2.6296              0.0252  
backward:              0.2500             -0.1032              2.5264              0.0261  
backward:              0.2000             -0.1692              2.3572              0.0274  
backward:              0.1500             -0.2560              2.1012              0.0287  
backward:              0.1000             -0.4238              1.6774              0.0316  
backward:              0.0500             -0.6325              1.0449              0.0358  
backward:              0.0000             -1.0321              0.0128              0.0432  
Inaccuracy estimation
======================================================================================================
                   i        i+δi          P0_overlap_P1   δε(forward)/ε   δε(backward)/ε
======================================================================================================
inaccuracy:  0.00000        0.05000           48.11           -0.02            0.82
inaccuracy:  0.05000        0.10000           53.70           -0.03            0.65
inaccuracy:  0.10000        0.15000           64.54           -0.01            0.36
inaccuracy:  0.15000        0.20000           68.99           -0.01            0.23
inaccuracy:  0.20000        0.25000           71.46           -0.01            0.18
inaccuracy:  0.25000        0.30000           72.72           -0.01            0.15
inaccuracy:  0.30000        0.35000           74.81           -0.01            0.12
inaccuracy:  0.35000        0.40000           76.23           -0.01            0.10
inaccuracy:  0.40000        0.45000           76.93           -0.01            0.09
inaccuracy:  0.45000        0.50000           77.45           -0.01            0.09
inaccuracy:  0.50000        0.55000           66.72           -0.06            0.16
inaccuracy:  0.55000        0.60000           68.15           -0.10            0.09
inaccuracy:  0.60000        0.65000           68.47           -0.11            0.07
inaccuracy:  0.65000        0.70000           65.92           -0.12            0.06
inaccuracy:  0.70000        0.75000           67.07           -0.10            0.05
inaccuracy:  0.75000        0.80000           67.95           -0.09            0.05
inaccuracy:  0.80000        0.85000           68.27           -0.10            0.05
inaccuracy:  0.85000        0.90000           67.53           -0.08            0.06
inaccuracy:  0.90000        0.95000           66.59           -0.09            0.07
inaccuracy:  0.95000        1.00000           67.18           -0.09            0.07
===================================================================================================================================
                BAR        
-----------------------------------------------------------------------------------------------------------------------------------
BAR-estimator:         λ             λ+δλ          ΔΔA             ΔA            C               Δδe            δe       
                          
-----------------------------------------------------------------------------------------------------------------------------------
BAR-estimator:      0.00000        0.05000        1.0388         1.0388         1.0388         0.0119         0.0119 
BAR-estimator:      0.05000        0.10000        0.6573         1.6961         0.6573         0.0083         0.0145 
BAR-estimator:      0.10000        0.15000        0.4033         2.0994         0.4033         0.0064         0.0159 
BAR-estimator:      0.15000        0.20000        0.2562         2.3555         0.2562         0.0055         0.0168 
BAR-estimator:      0.20000        0.25000        0.1699         2.5254         0.1699         0.0045         0.0174 
BAR-estimator:      0.25000        0.30000        0.1097         2.6351         0.1097         0.0044         0.0179 
BAR-estimator:      0.30000        0.35000        0.0759         2.7110         0.0759         0.0039         0.0184 
BAR-estimator:      0.35000        0.40000        0.0423         2.7533         0.0423         0.0037         0.0187 
BAR-estimator:      0.40000        0.45000        0.0274         2.7807         0.0274         0.0031         0.0190 
BAR-estimator:      0.45000        0.50000        0.0038         2.7845         0.0038         0.0029         0.0192 
BAR-estimator:      0.50000        0.55000       -0.1477         2.6368        -0.1477         0.0040         0.0196 
BAR-estimator:      0.55000        0.60000       -0.3813         2.2554        -0.3813         0.0036         0.0199 
BAR-estimator:      0.60000        0.65000       -0.5880         1.6674        -0.5880         0.0041         0.0204 
BAR-estimator:      0.65000        0.70000       -0.7740         0.8934        -0.7740         0.0044         0.0208 
BAR-estimator:      0.70000        0.75000       -0.8805         0.0128        -0.8805         0.0041         0.0212 
BAR-estimator:      0.75000        0.80000       -0.9323        -0.9195        -0.9323         0.0041         0.0216 
BAR-estimator:      0.80000        0.85000       -0.9338        -1.8533        -0.9338         0.0038         0.0220 
BAR-estimator:      0.85000        0.90000       -0.9251        -2.7784        -0.9251         0.0040         0.0223 
BAR-estimator:      0.90000        0.95000       -0.9039        -3.6823        -0.9039         0.0041         0.0227 
BAR-estimator:      0.95000        1.00000       -0.8970        -4.5793        -0.8970         0.0036         0.0230 
BAR-estimator: total free energy change is -4.5792657504510945 , total error is 0.02299362702966964
