#========================================================================================
#                     Free energy perturbation    
#----------------------------------------------------------------------------------------
#forward/backward          λ              ΔΔA                 ΔA                  δε   
#                                                 
#----------------------------------------------------------------------------------------
forward:               0.0000              0.0000              0.0000              0.0000  
forward:               0.0500              1.0639              1.0639              0.0132  
forward:               0.1000              0.6913              1.7552              0.0171  
forward:               0.1500              0.4152              2.1705              0.0192  
forward:               0.2000              0.2768              2.4472              0.0205  
forward:               0.2500              0.1786              2.6258              0.0213  
forward:               0.3000              0.1199              2.7457              0.0219  
forward:               0.3500              0.0914              2.8371              0.0224  
forward:               0.4000              0.0551              2.8922              0.0230  
forward:               0.4500              0.0270              2.9192              0.0234  
forward:               0.5000              0.0129              2.9321              0.0237  
forward:               0.5500             -0.1274              2.8047              0.0240  
forward:               0.6000             -0.3144              2.4903              0.0245  
forward:               0.6500             -0.4961              1.9942              0.0251  
forward:               0.7000             -0.6581              1.3361              0.0257  
forward:               0.7500             -0.7458              0.5904              0.0262  
forward:               0.8000             -0.7763             -0.1860              0.0267  
forward:               0.8500             -0.7564             -0.9423              0.0271  
forward:               0.9000             -0.7293             -1.6716              0.0275  
forward:               0.9500             -0.7063             -2.3779              0.0279  
forward:               1.0000             -0.6994             -3.0772              0.0284  
backward:              1.0000              0.0000             -3.0772              0.0000  
backward:              0.9500              0.6825             -2.3948              0.0073  
backward:              0.9000              0.7025             -1.6923              0.0096  
backward:              0.8500              0.7175             -0.9748              0.0117  
backward:              0.8000              0.7472             -0.2276              0.0134  
backward:              0.7500              0.7681              0.5405              0.0145  
backward:              0.7000              0.7353              1.2758              0.0158  
backward:              0.6500              0.6482              1.9240              0.0175  
backward:              0.6000              0.4981              2.4221              0.0185  
backward:              0.5500              0.3131              2.7352              0.0193  
backward:              0.5000              0.1396              2.8748              0.0200  
backward:              0.4500             -0.0073              2.8675              0.0204  
backward:              0.4000             -0.0345              2.8330              0.0210  
backward:              0.3500             -0.0545              2.7785              0.0218  
backward:              0.3000             -0.0709              2.7075              0.0223  
backward:              0.2500             -0.1217              2.5858              0.0232  
backward:              0.2000             -0.1834              2.4024              0.0244  
backward:              0.1500             -0.2824              2.1200              0.0288  
backward:              0.1000             -0.4213              1.6987              0.0311  
backward:              0.0500             -0.7639              0.9349              0.0597  
backward:              0.0000             -1.0685             -0.1336              0.0628  
Inaccuracy estimation
======================================================================================================
                   i        i+δi          P0_overlap_P1   δε(forward)/ε   δε(backward)/ε
======================================================================================================
inaccuracy:  0.00000        0.05000           48.68           -0.03            0.79
inaccuracy:  0.05000        0.10000           54.86           -0.02            0.61
inaccuracy:  0.10000        0.15000           62.87           -0.02            0.38
inaccuracy:  0.15000        0.20000           67.35           -0.01            0.25
inaccuracy:  0.20000        0.25000           71.17           -0.01            0.17
inaccuracy:  0.25000        0.30000           73.76           -0.01            0.14
inaccuracy:  0.30000        0.35000           72.93           -0.01            0.14
inaccuracy:  0.35000        0.40000           75.29           -0.01            0.11
inaccuracy:  0.40000        0.45000           76.87           -0.01            0.09
inaccuracy:  0.45000        0.50000           76.49           -0.01            0.09
inaccuracy:  0.50000        0.55000           68.53           -0.07            0.13
inaccuracy:  0.55000        0.60000           69.49           -0.09            0.09
inaccuracy:  0.60000        0.65000           68.25           -0.12            0.07
inaccuracy:  0.65000        0.70000           68.65           -0.11            0.06
inaccuracy:  0.70000        0.75000           68.95           -0.08            0.06
inaccuracy:  0.75000        0.80000           68.42           -0.09            0.06
inaccuracy:  0.80000        0.85000           68.34           -0.09            0.07
inaccuracy:  0.85000        0.90000           67.23           -0.09            0.09
inaccuracy:  0.90000        0.95000           66.72           -0.08            0.10
inaccuracy:  0.95000        1.00000           66.72           -0.09            0.10
===================================================================================================================================
                BAR        
-----------------------------------------------------------------------------------------------------------------------------------
BAR-estimator:         λ             λ+δλ          ΔΔA             ΔA            C               Δδe            δe       
                          
-----------------------------------------------------------------------------------------------------------------------------------
BAR-estimator:      0.00000        0.05000        1.0640         1.0640         1.0640         0.0077         0.0077 
BAR-estimator:      0.05000        0.10000        0.6850         1.7489         0.6850         0.0069         0.0104 
BAR-estimator:      0.10000        0.15000        0.4231         2.1721         0.4231         0.0060         0.0119 
BAR-estimator:      0.15000        0.20000        0.2741         2.4462         0.2741         0.0050         0.0130 
BAR-estimator:      0.20000        0.25000        0.1798         2.6260         0.1798         0.0038         0.0135 
BAR-estimator:      0.25000        0.30000        0.1223         2.7483         0.1223         0.0036         0.0140 
BAR-estimator:      0.30000        0.35000        0.0865         2.8348         0.0865         0.0035         0.0144 
BAR-estimator:      0.35000        0.40000        0.0556         2.8904         0.0556         0.0036         0.0149 
BAR-estimator:      0.40000        0.45000        0.0294         2.9198         0.0294         0.0028         0.0151 
BAR-estimator:      0.45000        0.50000        0.0121         2.9319         0.0121         0.0024         0.0153 
BAR-estimator:      0.50000        0.55000       -0.1297         2.8022        -0.1297         0.0031         0.0156 
BAR-estimator:      0.55000        0.60000       -0.3122         2.4899        -0.3122         0.0032         0.0159 
BAR-estimator:      0.60000        0.65000       -0.4991         1.9909        -0.4991         0.0036         0.0163 
BAR-estimator:      0.65000        0.70000       -0.6555         1.3354        -0.6555         0.0034         0.0167 
BAR-estimator:      0.70000        0.75000       -0.7396         0.5959        -0.7396         0.0034         0.0170 
BAR-estimator:      0.75000        0.80000       -0.7743        -0.1784        -0.7743         0.0037         0.0174 
BAR-estimator:      0.80000        0.85000       -0.7552        -0.9336        -0.7552         0.0036         0.0178 
BAR-estimator:      0.85000        0.90000       -0.7250        -1.6585        -0.7250         0.0036         0.0182 
BAR-estimator:      0.90000        0.95000       -0.7030        -2.3615        -0.7030         0.0036         0.0185 
BAR-estimator:      0.95000        1.00000       -0.6929        -3.0545        -0.6929         0.0049         0.0192 
BAR-estimator: total free energy change is -3.054489380201719 , total error is 0.019153253989093587
