#========================================================================================
#                     Free energy perturbation    
#----------------------------------------------------------------------------------------
#forward/backward          λ              ΔΔA                 ΔA                  δε   
#                                                 
#----------------------------------------------------------------------------------------
forward:               0.0000              0.0000              0.0000              0.0000  
forward:               0.0500              0.6403              0.6403              0.0126  
forward:               0.1000              0.3592              0.9995              0.0151  
forward:               0.1500              0.2459              1.2454              0.0165  
forward:               0.2000              0.1622              1.4075              0.0174  
forward:               0.2500              0.1230              1.5305              0.0181  
forward:               0.3000              0.0900              1.6205              0.0187  
forward:               0.3500              0.0829              1.7034              0.0191  
forward:               0.4000              0.0599              1.7633              0.0193  
forward:               0.4500              0.0414              1.8047              0.0197  
forward:               0.5000              0.0312              1.8359              0.0200  
forward:               0.5500             -0.0424              1.7935              0.0204  
forward:               0.6000             -0.1639              1.6296              0.0208  
forward:               0.6500             -0.2686              1.3610              0.0211  
forward:               0.7000             -0.3600              1.0010              0.0214  
forward:               0.7500             -0.4249              0.5761              0.0218  
forward:               0.8000             -0.4877              0.0884              0.0221  
forward:               0.8500             -0.5404             -0.4519              0.0223  
forward:               0.9000             -0.5790             -1.0310              0.0226  
forward:               0.9500             -0.6104             -1.6414              0.0229  
forward:               1.0000             -0.6428             -2.2841              0.0231  
backward:              1.0000              0.0000             -2.2841              0.0000  
backward:              0.9500              0.6320             -1.6521              0.0039  
backward:              0.9000              0.6102             -1.0420              0.0052  
backward:              0.8500              0.5840             -0.4579              0.0065  
backward:              0.8000              0.5416              0.0837              0.0077  
backward:              0.7500              0.4935              0.5772              0.0087  
backward:              0.7000              0.4229              1.0001              0.0095  
backward:              0.6500              0.3612              1.3613              0.0103  
backward:              0.6000              0.2687              1.6300              0.0113  
backward:              0.5500              0.1692              1.7992              0.0121  
backward:              0.5000              0.0495              1.8487              0.0128  
backward:              0.4500             -0.0322              1.8165              0.0132  
backward:              0.4000             -0.0442              1.7723              0.0139  
backward:              0.3500             -0.0553              1.7170              0.0146  
backward:              0.3000             -0.0755              1.6415              0.0153  
backward:              0.2500             -0.0944              1.5472              0.0168  
backward:              0.2000             -0.1287              1.4185              0.0173  
backward:              0.1500             -0.1697              1.2488              0.0187  
backward:              0.1000             -0.2393              1.0095              0.0205  
backward:              0.0500             -0.3824              0.6271              0.0240  
backward:              0.0000             -0.6242              0.0029              0.0306  
Inaccuracy estimation
======================================================================================================
                   i        i+δi          P0_overlap_P1   δε(forward)/ε   δε(backward)/ε
======================================================================================================
inaccuracy:  0.00000        0.05000           56.38           -0.01            0.69
inaccuracy:  0.05000        0.10000           67.94           -0.00            0.28
inaccuracy:  0.10000        0.15000           71.94           -0.00            0.18
inaccuracy:  0.15000        0.20000           76.88           -0.00            0.13
inaccuracy:  0.20000        0.25000           78.61           -0.01            0.11
inaccuracy:  0.25000        0.30000           79.20           -0.01            0.09
inaccuracy:  0.30000        0.35000           78.44           -0.00            0.08
inaccuracy:  0.35000        0.40000           79.27           -0.01            0.07
inaccuracy:  0.40000        0.45000           81.27           -0.00            0.07
inaccuracy:  0.45000        0.50000           80.89           -0.00            0.06
inaccuracy:  0.50000        0.55000           73.48           -0.03            0.08
inaccuracy:  0.55000        0.60000           74.71           -0.03            0.07
inaccuracy:  0.60000        0.65000           75.62           -0.03            0.06
inaccuracy:  0.65000        0.70000           75.98           -0.04            0.05
inaccuracy:  0.70000        0.75000           76.29           -0.03            0.05
inaccuracy:  0.75000        0.80000           75.68           -0.04            0.04
inaccuracy:  0.80000        0.85000           75.85           -0.04            0.04
inaccuracy:  0.85000        0.90000           76.19           -0.05            0.04
inaccuracy:  0.90000        0.95000           75.98           -0.04            0.04
inaccuracy:  0.95000        1.00000           76.60           -0.04            0.03
===================================================================================================================================
                BAR        
-----------------------------------------------------------------------------------------------------------------------------------
BAR-estimator:         λ             λ+δλ          ΔΔA             ΔA            C               Δδe            δe       
                          
-----------------------------------------------------------------------------------------------------------------------------------
BAR-estimator:      0.00000        0.05000        0.6395         0.6395         0.6395         0.0084         0.0084 
BAR-estimator:      0.05000        0.10000        0.3625         1.0020         0.3625         0.0056         0.0100 
BAR-estimator:      0.10000        0.15000        0.2417         1.2437         0.2417         0.0044         0.0110 
BAR-estimator:      0.15000        0.20000        0.1655         1.4092         0.1655         0.0037         0.0116 
BAR-estimator:      0.20000        0.25000        0.1264         1.5356         0.1264         0.0034         0.0121 
BAR-estimator:      0.25000        0.30000        0.0908         1.6265         0.0908         0.0030         0.0124 
BAR-estimator:      0.30000        0.35000        0.0784         1.7048         0.0784         0.0028         0.0127 
BAR-estimator:      0.35000        0.40000        0.0568         1.7617         0.0568         0.0026         0.0130 
BAR-estimator:      0.40000        0.45000        0.0427         1.8044         0.0427         0.0025         0.0132 
BAR-estimator:      0.45000        0.50000        0.0319         1.8363         0.0319         0.0025         0.0135 
BAR-estimator:      0.50000        0.55000       -0.0459         1.7904        -0.0459         0.0030         0.0138 
BAR-estimator:      0.55000        0.60000       -0.1659         1.6246        -0.1659         0.0027         0.0141 
BAR-estimator:      0.60000        0.65000       -0.2692         1.3554        -0.2692         0.0029         0.0143 
BAR-estimator:      0.65000        0.70000       -0.3600         0.9954        -0.3600         0.0027         0.0146 
BAR-estimator:      0.70000        0.75000       -0.4230         0.5723        -0.4230         0.0032         0.0149 
BAR-estimator:      0.75000        0.80000       -0.4898         0.0825        -0.4898         0.0028         0.0152 
BAR-estimator:      0.80000        0.85000       -0.5405        -0.4579        -0.5405         0.0028         0.0155 
BAR-estimator:      0.85000        0.90000       -0.5804        -1.0383        -0.5804         0.0030         0.0158 
BAR-estimator:      0.90000        0.95000       -0.6095        -1.6478        -0.6095         0.0028         0.0160 
BAR-estimator:      0.95000        1.00000       -0.6391        -2.2869        -0.6391         0.0026         0.0162 
BAR-estimator: total free energy change is -2.2868911660804643 , total error is 0.016217312988416225
