#========================================================================================
#                     Free energy perturbation    
#----------------------------------------------------------------------------------------
#forward/backward          λ              ΔΔA                 ΔA                  δε   
#                                                 
#----------------------------------------------------------------------------------------
forward:               0.0000              0.0000              0.0000              0.0000  
forward:               0.0500              0.6330              0.6330              0.0090  
forward:               0.1000              0.3687              1.0017              0.0106  
forward:               0.1500              0.2399              1.2416              0.0121  
forward:               0.2000              0.1721              1.4137              0.0128  
forward:               0.2500              0.1314              1.5451              0.0140  
forward:               0.3000              0.0991              1.6441              0.0144  
forward:               0.3500              0.0741              1.7182              0.0147  
forward:               0.4000              0.0535              1.7717              0.0151  
forward:               0.4500              0.0441              1.8158              0.0155  
forward:               0.5000              0.0307              1.8465              0.0158  
forward:               0.5500             -0.0517              1.7948              0.0162  
forward:               0.6000             -0.1629              1.6319              0.0166  
forward:               0.6500             -0.2690              1.3629              0.0169  
forward:               0.7000             -0.3548              1.0081              0.0172  
forward:               0.7500             -0.4296              0.5785              0.0176  
forward:               0.8000             -0.4870              0.0915              0.0179  
forward:               0.8500             -0.5462             -0.4548              0.0182  
forward:               0.9000             -0.5750             -1.0298              0.0185  
forward:               0.9500             -0.6118             -1.6416              0.0187  
forward:               1.0000             -0.6367             -2.2782              0.0189  
backward:              1.0000              0.0000             -2.2782              0.0000  
backward:              0.9500              0.6385             -1.6397              0.0036  
backward:              0.9000              0.6087             -1.0311              0.0053  
backward:              0.8500              0.5743             -0.4568              0.0065  
backward:              0.8000              0.5367              0.0800              0.0073  
backward:              0.7500              0.4883              0.5683              0.0082  
backward:              0.7000              0.4290              0.9972              0.0090  
backward:              0.6500              0.3539              1.3512              0.0098  
backward:              0.6000              0.2716              1.6228              0.0106  
backward:              0.5500              0.1623              1.7851              0.0114  
backward:              0.5000              0.0457              1.8308              0.0122  
backward:              0.4500             -0.0297              1.8011              0.0129  
backward:              0.4000             -0.0389              1.7622              0.0135  
backward:              0.3500             -0.0560              1.7063              0.0141  
backward:              0.3000             -0.0736              1.6326              0.0146  
backward:              0.2500             -0.0908              1.5418              0.0154  
backward:              0.2000             -0.1256              1.4162              0.0163  
backward:              0.1500             -0.1677              1.2485              0.0171  
backward:              0.1000             -0.2355              1.0131              0.0183  
backward:              0.0500             -0.3527              0.6603              0.0211  
backward:              0.0000             -0.6595              0.0009              0.0411  
Inaccuracy estimation
======================================================================================================
                   i        i+δi          P0_overlap_P1   δε(forward)/ε   δε(backward)/ε
======================================================================================================
inaccuracy:  0.00000        0.05000           57.16           -0.01            0.70
inaccuracy:  0.05000        0.10000           66.35           -0.00            0.32
inaccuracy:  0.10000        0.15000           72.50           -0.01            0.19
inaccuracy:  0.15000        0.20000           76.12           -0.00            0.14
inaccuracy:  0.20000        0.25000           76.69           -0.00            0.11
inaccuracy:  0.25000        0.30000           77.45           -0.00            0.09
inaccuracy:  0.30000        0.35000           79.84           -0.00            0.08
inaccuracy:  0.35000        0.40000           80.46           -0.00            0.07
inaccuracy:  0.40000        0.45000           80.05           -0.00            0.06
inaccuracy:  0.45000        0.50000           80.09           -0.00            0.06
inaccuracy:  0.50000        0.55000           75.10           -0.03            0.08
inaccuracy:  0.55000        0.60000           75.15           -0.04            0.06
inaccuracy:  0.60000        0.65000           75.58           -0.04            0.05
inaccuracy:  0.65000        0.70000           75.77           -0.03            0.05
inaccuracy:  0.70000        0.75000           75.97           -0.04            0.04
inaccuracy:  0.75000        0.80000           75.96           -0.04            0.04
inaccuracy:  0.80000        0.85000           77.10           -0.04            0.04
inaccuracy:  0.85000        0.90000           76.15           -0.05            0.03
inaccuracy:  0.90000        0.95000           75.80           -0.04            0.03
inaccuracy:  0.95000        1.00000           75.70           -0.04            0.04
===================================================================================================================================
                BAR        
-----------------------------------------------------------------------------------------------------------------------------------
BAR-estimator:         λ             λ+δλ          ΔΔA             ΔA            C               Δδe            δe       
                          
-----------------------------------------------------------------------------------------------------------------------------------
BAR-estimator:      0.00000        0.05000        0.6416         0.6416         0.6416         0.0059         0.0059 
BAR-estimator:      0.05000        0.10000        0.3656         1.0072         0.3656         0.0039         0.0071 
BAR-estimator:      0.10000        0.15000        0.2403         1.2475         0.2403         0.0037         0.0080 
BAR-estimator:      0.15000        0.20000        0.1737         1.4212         0.1737         0.0029         0.0085 
BAR-estimator:      0.20000        0.25000        0.1294         1.5506         0.1294         0.0028         0.0090 
BAR-estimator:      0.25000        0.30000        0.0950         1.6456         0.0950         0.0025         0.0093 
BAR-estimator:      0.30000        0.35000        0.0744         1.7199         0.0744         0.0021         0.0096 
BAR-estimator:      0.35000        0.40000        0.0548         1.7748         0.0548         0.0021         0.0098 
BAR-estimator:      0.40000        0.45000        0.0417         1.8165         0.0417         0.0021         0.0100 
BAR-estimator:      0.45000        0.50000        0.0288         1.8454         0.0288         0.0021         0.0102 
BAR-estimator:      0.50000        0.55000       -0.0484         1.7969        -0.0484         0.0026         0.0105 
BAR-estimator:      0.55000        0.60000       -0.1632         1.6337        -0.1632         0.0027         0.0109 
BAR-estimator:      0.60000        0.65000       -0.2706         1.3632        -0.2706         0.0027         0.0112 
BAR-estimator:      0.65000        0.70000       -0.3553         1.0079        -0.3553         0.0030         0.0116 
BAR-estimator:      0.70000        0.75000       -0.4286         0.5793        -0.4286         0.0025         0.0119 
BAR-estimator:      0.75000        0.80000       -0.4898         0.0895        -0.4898         0.0025         0.0121 
BAR-estimator:      0.80000        0.85000       -0.5429        -0.4534        -0.5429         0.0025         0.0124 
BAR-estimator:      0.85000        0.90000       -0.5767        -1.0301        -0.5767         0.0025         0.0126 
BAR-estimator:      0.90000        0.95000       -0.6116        -1.6416        -0.6116         0.0025         0.0129 
BAR-estimator:      0.95000        1.00000       -0.6370        -2.2786        -0.6370         0.0022         0.0131 
BAR-estimator: total free energy change is -2.2786107427011193 , total error is 0.013062093200016098
