#========================================================================================
#                     Free energy perturbation    
#----------------------------------------------------------------------------------------
#forward/backward          λ              ΔΔA                 ΔA                  δε   
#                                                 
#----------------------------------------------------------------------------------------
forward:               0.0000              0.0000              0.0000              0.0000  
forward:               0.0500              0.9107              0.9107              0.0166  
forward:               0.1000              0.5053              1.4160              0.0189  
forward:               0.1500              0.2851              1.7011              0.0209  
forward:               0.2000              0.1850              1.8861              0.0219  
forward:               0.2500              0.1321              2.0182              0.0229  
forward:               0.3000              0.0805              2.0987              0.0234  
forward:               0.3500              0.0429              2.1416              0.0238  
forward:               0.4000              0.0204              2.1620              0.0242  
forward:               0.4500              0.0010              2.1630              0.0245  
forward:               0.5000             -0.0159              2.1471              0.0248  
forward:               0.5500             -0.1641              1.9830              0.0255  
forward:               0.6000             -0.4416              1.5414              0.0262  
forward:               0.6500             -0.6997              0.8417              0.0270  
forward:               0.7000             -0.9492             -0.1075              0.0277  
forward:               0.7500             -1.1200             -1.2275              0.0284  
forward:               0.8000             -1.2464             -2.4739              0.0289  
forward:               0.8500             -1.3299             -3.8038              0.0291  
forward:               0.9000             -1.3746             -5.1785              0.0295  
forward:               0.9500             -1.4056             -6.5841              0.0299  
forward:               1.0000             -1.4314             -8.0155              0.0303  
backward:              1.0000              0.0000             -8.0155              0.0000  
backward:              0.9500              1.4335             -6.5820              0.0060  
backward:              0.9000              1.4135             -5.1686              0.0100  
backward:              0.8500              1.3779             -3.7906              0.0116  
backward:              0.8000              1.3209             -2.4697              0.0129  
backward:              0.7500              1.2309             -1.2388              0.0145  
backward:              0.7000              1.1083             -0.1305              0.0158  
backward:              0.6500              0.9483              0.8178              0.0171  
backward:              0.6000              0.6967              1.5145              0.0191  
backward:              0.5500              0.4358              1.9503              0.0202  
backward:              0.5000              0.1555              2.1058              0.0216  
backward:              0.4500              0.0208              2.1266              0.0221  
backward:              0.4000             -0.0093              2.1173              0.0227  
backward:              0.3500             -0.0227              2.0946              0.0234  
backward:              0.3000             -0.0520              2.0426              0.0250  
backward:              0.2500             -0.0788              1.9638              0.0258  
backward:              0.2000             -0.1145              1.8493              0.0263  
backward:              0.1500             -0.2021              1.6472              0.0293  
backward:              0.1000             -0.3021              1.3452              0.0314  
backward:              0.0500             -0.4775              0.8676              0.0343  
backward:              0.0000             -0.8754             -0.0077              0.0403  
Inaccuracy estimation
======================================================================================================
                   i        i+δi          P0_overlap_P1   δε(forward)/ε   δε(backward)/ε
======================================================================================================
inaccuracy:  0.00000        0.05000           47.27           -0.02            1.02
inaccuracy:  0.05000        0.10000           59.06           -0.02            0.50
inaccuracy:  0.10000        0.15000           68.07           -0.00            0.27
inaccuracy:  0.15000        0.20000           71.77           -0.00            0.19
inaccuracy:  0.20000        0.25000           72.19           -0.01            0.16
inaccuracy:  0.25000        0.30000           75.17           -0.01            0.11
inaccuracy:  0.30000        0.35000           76.98           -0.01            0.09
inaccuracy:  0.35000        0.40000           77.19           -0.01            0.09
inaccuracy:  0.40000        0.45000           78.28           -0.01            0.08
inaccuracy:  0.45000        0.50000           77.84           -0.01            0.08
inaccuracy:  0.50000        0.55000           67.22           -0.09            0.12
inaccuracy:  0.55000        0.60000           66.88           -0.11            0.09
inaccuracy:  0.60000        0.65000           65.66           -0.13            0.06
inaccuracy:  0.65000        0.70000           66.96           -0.14            0.04
inaccuracy:  0.70000        0.75000           67.80           -0.12            0.02
inaccuracy:  0.75000        0.80000           68.52           -0.12            0.02
inaccuracy:  0.80000        0.85000           67.64           -0.13            0.01
inaccuracy:  0.85000        0.90000           67.13           -0.13            0.01
inaccuracy:  0.90000        0.95000           66.54           -0.14            0.00
inaccuracy:  0.95000        1.00000           65.72           -0.13            0.01
===================================================================================================================================
                BAR        
-----------------------------------------------------------------------------------------------------------------------------------
BAR-estimator:         λ             λ+δλ          ΔΔA             ΔA            C               Δδe            δe       
                          
-----------------------------------------------------------------------------------------------------------------------------------
BAR-estimator:      0.00000        0.05000        0.9094         0.9094         0.9094         0.0100         0.0100 
BAR-estimator:      0.05000        0.10000        0.4996         1.4091         0.4996         0.0072         0.0123 
BAR-estimator:      0.10000        0.15000        0.2923         1.7014         0.2923         0.0059         0.0136 
BAR-estimator:      0.15000        0.20000        0.1869         1.8882         0.1869         0.0044         0.0143 
BAR-estimator:      0.20000        0.25000        0.1253         2.0135         0.1253         0.0046         0.0151 
BAR-estimator:      0.25000        0.30000        0.0792         2.0927         0.0792         0.0033         0.0154 
BAR-estimator:      0.30000        0.35000        0.0464         2.1391         0.0464         0.0034         0.0158 
BAR-estimator:      0.35000        0.40000        0.0209         2.1600         0.0209         0.0033         0.0161 
BAR-estimator:      0.40000        0.45000        0.0028         2.1628         0.0028         0.0029         0.0164 
BAR-estimator:      0.45000        0.50000       -0.0177         2.1452        -0.0177         0.0024         0.0166 
BAR-estimator:      0.50000        0.55000       -0.1613         1.9839        -0.1613         0.0034         0.0169 
BAR-estimator:      0.55000        0.60000       -0.4385         1.5454        -0.4385         0.0041         0.0174 
BAR-estimator:      0.60000        0.65000       -0.6979         0.8475        -0.6979         0.0047         0.0181 
BAR-estimator:      0.65000        0.70000       -0.9512        -0.1037        -0.9512         0.0045         0.0186 
BAR-estimator:      0.70000        0.75000       -1.1156        -1.2194        -1.1156         0.0043         0.0191 
BAR-estimator:      0.75000        0.80000       -1.2387        -2.4581        -1.2387         0.0043         0.0196 
BAR-estimator:      0.80000        0.85000       -1.3267        -3.7848        -1.3267         0.0035         0.0199 
BAR-estimator:      0.85000        0.90000       -1.3772        -5.1620        -1.3772         0.0038         0.0202 
BAR-estimator:      0.90000        0.95000       -1.4097        -6.5716        -1.4097         0.0036         0.0206 
BAR-estimator:      0.95000        1.00000       -1.4334        -8.0051        -1.4334         0.0041         0.0210 
BAR-estimator: total free energy change is -8.005060571710482 , total error is 0.020974275544442603
