#========================================================================================
#                     Free energy perturbation    
#----------------------------------------------------------------------------------------
#forward/backward          λ              ΔΔA                 ΔA                  δε   
#                                                 
#----------------------------------------------------------------------------------------
forward:               0.0000              0.0000              0.0000              0.0000  
forward:               0.0500              0.8995              0.8995              0.0121  
forward:               0.1000              0.4891              1.3886              0.0162  
forward:               0.1500              0.3010              1.6896              0.0174  
forward:               0.2000              0.1831              1.8727              0.0183  
forward:               0.2500              0.1195              1.9922              0.0188  
forward:               0.3000              0.0736              2.0658              0.0194  
forward:               0.3500              0.0453              2.1110              0.0198  
forward:               0.4000              0.0220              2.1330              0.0203  
forward:               0.4500              0.0003              2.1334              0.0206  
forward:               0.5000             -0.0095              2.1239              0.0207  
forward:               0.5500             -0.1540              1.9699              0.0213  
forward:               0.6000             -0.4307              1.5391              0.0219  
forward:               0.6500             -0.7060              0.8331              0.0226  
forward:               0.7000             -0.9331             -0.1000              0.0232  
forward:               0.7500             -1.1115             -1.2115              0.0240  
forward:               0.8000             -1.2417             -2.4532              0.0245  
forward:               0.8500             -1.3234             -3.7765              0.0250  
forward:               0.9000             -1.3839             -5.1605              0.0254  
forward:               0.9500             -1.4198             -6.5803              0.0258  
forward:               1.0000             -1.4511             -8.0314              0.0262  
backward:              1.0000              0.0000             -8.0314              0.0000  
backward:              0.9500              1.4308             -6.6005              0.0061  
backward:              0.9000              1.4130             -5.1876              0.0084  
backward:              0.8500              1.3792             -3.8083              0.0103  
backward:              0.8000              1.3260             -2.4823              0.0118  
backward:              0.7500              1.2350             -1.2473              0.0132  
backward:              0.7000              1.1146             -0.1327              0.0145  
backward:              0.6500              0.9393              0.8066              0.0157  
backward:              0.6000              0.6974              1.5039              0.0171  
backward:              0.5500              0.4398              1.9437              0.0181  
backward:              0.5000              0.1613              2.1050              0.0190  
backward:              0.4500              0.0114              2.1165              0.0194  
backward:              0.4000             -0.0116              2.1049              0.0200  
backward:              0.3500             -0.0218              2.0831              0.0205  
backward:              0.3000             -0.0543              2.0288              0.0211  
backward:              0.2500             -0.0825              1.9462              0.0218  
backward:              0.2000             -0.1277              1.8186              0.0229  
backward:              0.1500             -0.1944              1.6242              0.0244  
backward:              0.1000             -0.3043              1.3199              0.0260  
backward:              0.0500             -0.5032              0.8167              0.0289  
backward:              0.0000             -0.9031             -0.0864              0.0362  
Inaccuracy estimation
======================================================================================================
                   i        i+δi          P0_overlap_P1   δε(forward)/ε   δε(backward)/ε
======================================================================================================
inaccuracy:  0.00000        0.05000           48.73           -0.02            1.00
inaccuracy:  0.05000        0.10000           61.00           -0.01            0.48
inaccuracy:  0.10000        0.15000           66.93           -0.01            0.27
inaccuracy:  0.15000        0.20000           71.70           -0.01            0.19
inaccuracy:  0.20000        0.25000           74.19           -0.00            0.14
inaccuracy:  0.25000        0.30000           76.40           -0.01            0.11
inaccuracy:  0.30000        0.35000           77.17           -0.01            0.10
inaccuracy:  0.35000        0.40000           77.36           -0.01            0.09
inaccuracy:  0.40000        0.45000           78.42           -0.01            0.08
inaccuracy:  0.45000        0.50000           78.56           -0.01            0.08
inaccuracy:  0.50000        0.55000           66.04           -0.10            0.12
inaccuracy:  0.55000        0.60000           65.31           -0.12            0.09
inaccuracy:  0.60000        0.65000           66.07           -0.11            0.06
inaccuracy:  0.65000        0.70000           65.74           -0.13            0.04
inaccuracy:  0.70000        0.75000           65.94           -0.13            0.02
inaccuracy:  0.75000        0.80000           67.15           -0.13            0.01
inaccuracy:  0.80000        0.85000           66.14           -0.11            0.01
inaccuracy:  0.85000        0.90000           66.71           -0.14            0.01
inaccuracy:  0.90000        0.95000           67.10           -0.14            0.01
inaccuracy:  0.95000        1.00000           66.91           -0.11            0.01
===================================================================================================================================
                BAR        
-----------------------------------------------------------------------------------------------------------------------------------
BAR-estimator:         λ             λ+δλ          ΔΔA             ΔA            C               Δδe            δe       
                          
-----------------------------------------------------------------------------------------------------------------------------------
BAR-estimator:      0.00000        0.05000        0.9086         0.9086         0.9086         0.0077         0.0077 
BAR-estimator:      0.05000        0.10000        0.4990         1.4076         0.4990         0.0067         0.0102 
BAR-estimator:      0.10000        0.15000        0.3026         1.7102         0.3026         0.0042         0.0110 
BAR-estimator:      0.15000        0.20000        0.1880         1.8982         0.1880         0.0038         0.0117 
BAR-estimator:      0.20000        0.25000        0.1214         2.0195         0.1214         0.0032         0.0121 
BAR-estimator:      0.25000        0.30000        0.0754         2.0949         0.0754         0.0033         0.0125 
BAR-estimator:      0.30000        0.35000        0.0480         2.1430         0.0480         0.0029         0.0129 
BAR-estimator:      0.35000        0.40000        0.0227         2.1657         0.0227         0.0024         0.0131 
BAR-estimator:      0.40000        0.45000        0.0034         2.1691         0.0034         0.0024         0.0133 
BAR-estimator:      0.45000        0.50000       -0.0080         2.1611        -0.0080         0.0024         0.0135 
BAR-estimator:      0.50000        0.55000       -0.1594         2.0017        -0.1594         0.0034         0.0140 
BAR-estimator:      0.55000        0.60000       -0.4358         1.5659        -0.4358         0.0036         0.0144 
BAR-estimator:      0.60000        0.65000       -0.7023         0.8636        -0.7023         0.0036         0.0149 
BAR-estimator:      0.65000        0.70000       -0.9364        -0.0728        -0.9364         0.0036         0.0153 
BAR-estimator:      0.70000        0.75000       -1.1129        -1.1857        -1.1129         0.0035         0.0157 
BAR-estimator:      0.75000        0.80000       -1.2415        -2.4272        -1.2415         0.0037         0.0161 
BAR-estimator:      0.80000        0.85000       -1.3286        -3.7558        -1.3286         0.0038         0.0166 
BAR-estimator:      0.85000        0.90000       -1.3820        -5.1378        -1.3820         0.0037         0.0170 
BAR-estimator:      0.90000        0.95000       -1.4160        -6.5538        -1.4160         0.0036         0.0174 
BAR-estimator:      0.95000        1.00000       -1.4423        -7.9961        -1.4423         0.0036         0.0177 
BAR-estimator: total free energy change is -7.996096274904687 , total error is 0.01772232868287652
