Charm++: standalone mode (not using charmrun)
Charm++> Running in Multicore mode: 12 threads (PEs)
Charm++> Using recursive bisection (scheme 3) for topology aware partitions
Converse/Charm++ Commit ID: 
CharmLB> Load balancer assumes all CPUs are same.
Charm++> Running on 1 hosts (2 sockets x 6 cores x 1 PUs = 12-way SMP)
Charm++> cpu topology info is gathered in 0.001 seconds.
Info: Built with CUDA version 11080
Did not find +devices i,j,k,... argument, using all
Pe 3 physical rank 3 will use CUDA device of pe 8
Pe 2 physical rank 2 will use CUDA device of pe 8
Pe 11 physical rank 11 will use CUDA device of pe 8
Pe 0 physical rank 0 will use CUDA device of pe 8
Pe 10 physical rank 10 will use CUDA device of pe 8
Pe 7 physical rank 7 will use CUDA device of pe 8
Pe 1 physical rank 1 will use CUDA device of pe 8
Pe 9 physical rank 9 will use CUDA device of pe 8
Pe 4 physical rank 4 will use CUDA device of pe 8
Pe 5 physical rank 5 will use CUDA device of pe 8
Pe 8 physical rank 8 binding to CUDA device 0 on k103: 'Tesla V100-SXM2-32GB'  Mem: 32494MB  Rev: 7.0  PCI: 0:18:0
Pe 6 physical rank 6 will use CUDA device of pe 8
CharmLB> Load balancing instrumentation for communication is off.
Info: NAMD 3.0.1 for Linux-x86_64-multicore-CUDA
Info: 
Info: Please visit http://www.ks.uiuc.edu/Research/namd/
Info: for updates, documentation, and support information.
Info: 
Info: Please cite Phillips et al., J. Chem. Phys. 153:044130 (2020) doi:10.1063/5.0014475
Info: in all publications reporting results obtained with NAMD.
Info: 
Info: Based on Charm++/Converse 80000 for multicore-linux-x86_64-gcc
Info: Built Mon Oct 14 10:33:44 CDT 2024 by dhardy on athine.ks.uiuc.edu
Info: 1 NAMD  3.0.1  Linux-x86_64-multicore-CUDA  12    k103  z5358697
Info: Running on 12 processors, 1 nodes, 1 physical nodes.
Info: CPU topology information available.
Info: Charm++/Converse parallel runtime startup completed at 0.18895 s
CkLoopLib is used in SMP with simple dynamic scheduling (converse-level notification)
Info: 0 MB of memory in use based on /proc/self/stat
Info: Configuration file is prod.namd
Info: Working in the current directory /srv/scratch/z5358697/zz-verify/6239320/34
TCL: Running FEP window   1: Lambda1 0.30   Lambda2 0.25   [dLambda -0.04999999999999999]
TCL: Suspending until startup complete.
Warning: The following variables were set in the
Warning: configuration file but will be ignored:
Warning:    switchdist (switching)
Warning: Option "1-4scaling" has been deprecated. Instead use "oneFourScaling".
Info: EXTENDED SYSTEM FILE   mobley_6239320_equil.xsc
Info: Tuning parameters to improve GPU-resident performance
Warning: Keeping margin at user-specified value 2
Warning: Performance might be improved by increasing margin size to >= 4
Warning: Disabling lonepair support due to incompatability with GPU-resident.
Info: Running with GPU-resident mode
Warning: Always using force tables for GPU nonbonded kernel due to unsupported config parameters.
Info: SIMULATION PARAMETERS:
Info: TIMESTEP               2
Info: NUMBER OF STEPS        0
Info: STEPS PER CYCLE        10
Info: PERIODIC CELL BASIS 1  30.5463 0 0
Info: PERIODIC CELL BASIS 2  0 32.0108 0
Info: PERIODIC CELL BASIS 3  0 0 32.3251
Info: PERIODIC CELL CENTER   0 0 0
Info: WRAPPING WATERS AROUND PERIODIC BOUNDARIES ON OUTPUT.
Info: WRAPPING ALL CLUSTERS AROUND PERIODIC BOUNDARIES ON OUTPUT.
Info: LOAD BALANCER  Centralized
Info: LOAD BALANCING STRATEGY  New Load Balancers -- DEFAULT
Info: LDB PERIOD             2000 steps
Info: FIRST LDB TIMESTEP     50
Info: LAST LDB TIMESTEP     -1
Info: LDB BACKGROUND SCALING 1
Info: HOM BACKGROUND SCALING 1
Info: PME BACKGROUND SCALING 1
Info: MIN ATOMS PER PATCH    40
Info: EMPTY PATCH LOAD       40 ATOMS
Info: VELOCITY FILE          mobley_6239320_equil.vel
Info: CENTER OF MASS MOVING INITIALLY? NO
Info: DIELECTRIC             1
Info: EXCLUDE                SCALED ONE-FOUR
Info: 1-4 ELECTROSTATICS SCALED BY 0.833333
Info: MODIFIED 1-4 VDW PARAMETERS WILL BE USED
Info: DCD FILENAME           mobley_6239320_prod.dcd
Info: DCD FREQUENCY          100000
Info: DCD FIRST STEP         100000
Info: DCD FILE WILL CONTAIN UNIT CELL DATA
Info: XST FILENAME           mobley_6239320_prod.xst
Info: XST FREQUENCY          100000
Info: NO VELOCITY DCD OUTPUT
Info: NO FORCE DCD OUTPUT
Info: OUTPUT FILENAME        mobley_6239320_prod
Info: BINARY OUTPUT FILES WILL BE USED
Info: RESTART FILENAME       mobley_6239320_prod.restart
Info: RESTART FREQUENCY      100000
Info: BINARY RESTART FILES WILL BE USED
Info: CUTOFF                 9
Info: PAIRLIST DISTANCE      11
Info: PAIRLIST SHRINK RATE   0.01
Info: PAIRLIST GROW RATE     0.01
Info: PAIRLIST TRIGGER       0.3
Info: PAIRLISTS PER CYCLE    2
Info: PAIRLISTS ENABLED
Info: MARGIN                 2
Info: HYDROGEN GROUP CUTOFF  2.5
Info: PATCH DIMENSION        15.5
Info: ENERGY OUTPUT STEPS    100000
Warning: The period of outputting energies relating to alchemical transformations (alchOutFreq = 50) is not a multiple of the period of computing energies (computeEnergies = 100000). If alchOutFreq is smaller than outputEnergies and computeEnergies is not defined, a better solution is to set computeEnergies explicitly and keep it the same as alchOutFreq. The simulation will use the greatest common divisor of computeEnergies and alchOutFreq as the period of energy evaluation.
Info: ENERGY EVALUATION STEPS    100000
Info: OUTPUT ENERGY PRECISION 4
Info: CROSSTERM ENERGY INCLUDED IN DIHEDRAL
Info: TIMING OUTPUT STEPS    1000000
Info: PRESSURE OUTPUT STEPS  100000
Info: ALCHEMICAL FEP ON
Info: FEP CURRENT LAMBDA VALUE     0.3
Info: FEP COMPARISON LAMBDA VALUE  0.25
Info: FEP INTRA-ALCHEMICAL NON-BONDED INTERACTIONS WILL BE RETAINED
Info: FEP INTRA-ALCHEMICAL BONDED INTERACTIONS WILL BE RETAINED
Info: FEP VDW SHIFTING COEFFICIENT 5
Info: FEP ELEC. ACTIVE FOR ANNIHILATED PARTICLES BETWEEN LAMBDA = 0 AND LAMBDA = 0.5
Info: FEP ELEC. ACTIVE FOR EXNIHILATED PARTICLES BETWEEN LAMBDA = 0.5 AND LAMBDA = 1
Info: FEP VDW ACTIVE FOR ANNIHILATED PARTICLES BETWEEN LAMBDA = 0 AND LAMBDA = 1
Info: FEP VDW ACTIVE FOR EXNIHILATED PARTICLES BETWEEN LAMBDA = 0 AND LAMBDA = 1
Info: FEP BOND ACTIVE FOR ANNIHILATED PARTICLES BETWEEN LAMBDA = 1 AND LAMBDA = 1
Info: FEP BOND ACTIVE FOR EXNIHILATED PARTICLES BETWEEN LAMBDA = 0 AND LAMBDA = 0
Info: LANGEVIN DYNAMICS ACTIVE
Info: LANGEVIN TEMPERATURE   300
Info: LANGEVIN USING BBK INTEGRATOR
Info: LANGEVIN DAMPING COEFFICIENT IS 1 INVERSE PS
Info: LANGEVIN DYNAMICS APPLIED TO HYDROGENS
Info: LANGEVIN PISTON PRESSURE CONTROL ACTIVE
Info:        TARGET PRESSURE IS 1.01325 BAR
Info:     OSCILLATION PERIOD IS 50 FS
Info:             DECAY TIME IS 25 FS
Info:     PISTON TEMPERATURE IS 300 K
Info:       PRESSURE CONTROL IS GROUP-BASED
Info:    INITIAL STRAIN RATE IS 0.000523116 0.000523116 0.000523116
Info:       CELL FLUCTUATION IS ISOTROPIC
Info: PARTICLE MESH EWALD (PME) ACTIVE
Info: PME TOLERANCE               1e-06
Info: PME EWALD COEFFICIENT       0.348832
Info: PME INTERPOLATION ORDER     4
Info: PME GRID DIMENSIONS         32 36 36
Info: PME MAXIMUM GRID SPACING    1
Info: PME CALCULATION WILL BE PERFORMED ON GPU
Info: FULL ELECTROSTATIC EVALUATION FREQUENCY      2
Info: USING VERLET I (r-RESPA) MTS SCHEME.
Info: C1 SPLITTING OF LONG RANGE ELECTROSTATICS
Info: PLACING ATOMS IN PATCHES BY HYDROGEN GROUPS
Info: RIGID BONDS TO HYDROGEN : ALL
Info:         ERROR TOLERANCE : 1e-08
Info:          MAX ITERATIONS : 100
Info: RIGID WATER USING SETTLE ALGORITHM
Info: RANDOM NUMBER SEED     1742728959
Info: USE HYDROGEN BONDS?    NO
Info: Using AMBER format force field!
Info: AMBER PARM FILE        mobley_6239320.prmtop
Info: COORDINATE PDB         mobley_6239320.pdb
Info: Exclusions will be read from PARM file!
Info: SCNB (VDW SCALING)     2
Info: USING ARITHMETIC MEAN TO COMBINE L-J SIGMA PARAMETERS
Info: BINARY COORDINATES     mobley_6239320_equil.coor
Info: === Start reading AMBER parm7 format file mobley_6239320.prmtop ===
Info: Complete reading ATOM_NAME with 2997 fields.
Info: Complete reading CHARGE with 2997 fields.
Info: Complete reading ATOMIC_NUMBER with 2997 fields.
Info: Complete reading MASS with 2997 fields.
Info: Complete reading ATOM_TYPE_INDEX with 2997 fields.
Info: Complete reading NUMBER_EXCLUDED_ATOMS with 2997 fields.
Info: Complete reading NONBONDED_PARM_INDEX with 36 fields.
Info: Complete reading RESIDUE_LABEL with 996 fields.
Info: Complete reading RESIDUE_POINTER with 996 fields.
Info: Complete reading BOND_FORCE_CONSTANT with 5 fields.
Info: Complete reading BOND_EQUIL_VALUE with 5 fields.
Info: Complete reading ANGLE_FORCE_CONSTANT with 4 fields.
Info: Complete reading ANGLE_EQUIL_VALUE with 4 fields.
Info: Complete reading DIHEDRAL_FORCE_CONSTANT with 4 fields.
Info: Complete reading DIHEDRAL_PERIODICITY with 4 fields.
Info: Complete reading DIHEDRAL_PHASE with 4 fields.
Info: Complete reading SCEE_SCALE_FACTOR with 4 fields.
Info: Complete reading SCNB_SCALE_FACTOR with 4 fields.
Info: Complete reading LENNARD_JONES_ACOEF with 21 fields.
Info: Complete reading LENNARD_JONES_BCOEF with 21 fields.
Info: Complete reading BONDS_INC_HYDROGEN with 8964 fields.
Info: Complete reading BONDS_WITHOUT_HYDROGEN with 27 fields.
Info: Complete reading ANGLES_INC_HYDROGEN with 24 fields.
Info: Complete reading ANGLES_WITHOUT_HYDROGEN with 48 fields.
Info: Complete reading DIHEDRALS_INC_HYDROGEN with 105 fields.
Info: Complete reading DIHEDRALS_WITHOUT_HYDROGEN with 75 fields.
Info: Complete reading EXCLUDED_ATOMS_LIST with 4034 fields.
Info: Complete reading HBOND_ACOEF with 0 fields.
Info: Complete reading HBOND_BCOEF with 0 fields.
Info: Complete reading AMBER_ATOM_TYPE with 2997 fields.
Info: Complete reading TREE_CHAIN_CLASSIFICATION with 2997 fields.
Info: Complete reading ATOMS_PER_MOLECULE with 996 fields.
Info: Complete reading BOX_DIMENSIONS with 4 fields.
Info: Complete reading RADIUS_SET with 1 fields.
Info: Complete reading RADII with 2997 fields.
Info: Complete reading SCREEN with 2997 fields.
Info: === Finish reading AMBER parm7 format file. ===
Warning: Found 995 H-H bonds.
Info: SUMMARY OF PARAMETERS:
Info: 5 BONDS
Info: 4 ANGLES
Info:   4 HARMONIC
Info:   0 COSINE-BASED
Info: 4 DIHEDRAL
Info: 0 IMPROPER
Info: 0 CROSSTERM
Info: 0 VDW
Info: 21 VDW_PAIRS
Info: 0 NBTHOLE_PAIRS
Info: Reading pdb file mobley_6239320.pdb
Info: TIME FOR READING PDB FILE: 0.259619
Info: 
Info: To read alchdata from file: mobley_6239320.pdb
Info: To read alchflag data from column: 5
Info: ****************************
Info: STRUCTURE SUMMARY:
Info: 2997 ATOMS
Info: 2997 BONDS
Info: 18 ANGLES
Info: 36 DIHEDRALS
Info: 0 IMPROPERS
Info: 0 CROSSTERMS
Info: 3036 EXCLUSIONS
Info: 2988 RIGID BONDS
Info: ALCH: 0 ATOMS TO DISAPPEAR IN FINAL STATE
Info: ALCH: 12 ATOMS TO APPEAR IN FINAL STATE
Info: 6003 DEGREES OF FREEDOM
Info: 1004 HYDROGEN GROUPS
Info: 3 ATOMS IN LARGEST HYDROGEN GROUP
Info: 1004 MIGRATION GROUPS
Info: 3 ATOMS IN LARGEST MIGRATION GROUP
Info: TOTAL MASS = 18055 amu
Info: TOTAL CHARGE = 0.000199944 e
Info: MASS DENSITY = 0.948554 g/cm^3
Info: ATOM DENSITY = 0.0948183 atoms/A^3
Info: *****************************
Info: Reading from binary file mobley_6239320_equil.coor
Info: 
Info: Entering startup at 0.772134 s, 0 MB of memory in use
Info: Startup phase 0 took 0.000186196 s, 0 MB of memory in use
Info: ADDED 0 IMPLICIT EXCLUSIONS
Info: Startup phase 1 took 0.00135838 s, 0 MB of memory in use
Info: NONBONDED TABLE R-SQUARED SPACING: 0.0625
Info: NONBONDED TABLE SIZE: 705 POINTS
Info: INCONSISTENCY IN FAST TABLE ENERGY VS FORCE: 0.000290481 AT 0.251946
Info: INCONSISTENCY IN SCOR TABLE ENERGY VS FORCE: 0.000238233 AT 8.9687
Info: ABSOLUTE IMPRECISION IN VDWA TABLE ENERGY: 1.21169e-27 AT 8.99653
Info: ABSOLUTE IMPRECISION IN VDWA TABLE FORCE: 2.57484e-27 AT 8.99653
Info: INCONSISTENCY IN VDWA TABLE ENERGY VS FORCE: 0.0040507 AT 0.251946
Info: INCONSISTENCY IN VDWB TABLE ENERGY VS FORCE: 0.00150189 AT 0.251946
Info: Startup phase 2 took 0.000466214 s, 0 MB of memory in use
Info: Startup phase 3 took 0.000136961 s, 0 MB of memory in use
Info: Startup phase 4 took 0.000284217 s, 0 MB of memory in use
Info: Startup phase 5 took 0.00014137 s, 0 MB of memory in use
Info: PATCH GRID IS 3 (PERIODIC) BY 2 (PERIODIC) BY 2 (PERIODIC)
Info: PATCH GRID IS 2-AWAY BY 1-AWAY BY 1-AWAY
Info: Reading from binary file mobley_6239320_equil.vel
Info: REMOVING COM VELOCITY -0.173067 0.052873 0.0637366
Info: LARGEST PATCH (10) HAS 268 ATOMS
Info: TORUS A SIZE 1 USING 0
Info: TORUS B SIZE 1 USING 0
Info: TORUS C SIZE 1 USING 0
Info: TORUS MINIMAL MESH SIZE IS 1 BY 1 BY 1
Info: Placed 100% of base nodes on same physical node as patch
Info: Startup phase 6 took 0.00870214 s, 0 MB of memory in use
Info: Use 3D box decompostion in PME FFT.
Info: PME using 1 x 1 x 1 pencil grid for FFT and reciprocal sum.
Info: Startup phase 7 took 0.000378303 s, 0 MB of memory in use
Info: Updated CUDA force table with 4096 elements.
Info: Updated CUDA LJ table with 6 x 6 elements.
Info: Startup phase 8 took 0.00126915 s, 0 MB of memory in use
Info: Startup phase 9 took 0.00016256 s, 0 MB of memory in use
Info: Startup phase 10 took 0.000139876 s, 0 MB of memory in use
Info: Startup phase 11 took 0.00656575 s, 0 MB of memory in use
LDB: Central LB being created...
Info: Startup phase 12 took 0.00732402 s, 0 MB of memory in use
Info: CREATING 456 COMPUTE OBJECTS
Info: Found 14 unique exclusion lists needing 24 bytes
Info: useSync: 0 useProxySync: 0
Info: Startup phase 13 took 0.0295097 s, 0 MB of memory in use
Info: Startup phase 14 took 0.000255748 s, 0 MB of memory in use
Info: Startup phase 15 took 0.000150711 s, 0 MB of memory in use
Info: Finished startup at 0.829165 s, 0 MB of memory in use

TCL: Running for 2500000 steps
FEP: RESETTING FOR NEW FEP WINDOW LAMBDA SET TO 0.3 LAMBDA2 0.25
FEP: WINDOW TO HAVE 100000 STEPS OF EQUILIBRATION PRIOR TO FEP DATA COLLECTION.
FEP: USING CONSTANT TEMPERATURE OF 300 K FOR FEP CALCULATION
PRESSURE: 0 -791.184 -227.587 214.701 -227.59 -1297.56 -32.6074 214.702 -32.6065 -672.62
GPRESSURE: 0 -896.074 -234.108 107.656 -86.122 -1213.77 -40.7539 356.793 -103.674 -402.308
ETITLE:      TS           BOND          ANGLE          DIHED          IMPRP               ELECT            VDW       BOUNDARY           MISC        KINETIC               TOTAL           TEMP      POTENTIAL       TOTALAVG        TEMPAVG            PRESSURE      GPRESSURE         VOLUME       PRESSAVG      GPRESSAVG
FEPTITLE:    TS          BOND2         ELECT2           VDW2

ENERGY:       0         6.7897         2.0572        29.0443         0.0000         -11121.8500      1380.5063         0.0000         0.0000      1794.8183          -7908.6342       300.9141     -9703.4525     -7908.6342       300.9141           -920.4542      -837.3833     31607.8236      -920.4542      -837.3833
FEP:          0        37.8911    -11121.8500      1381.2062

OPENING FEP ENERGY OUTPUT FILE
OPENING EXTENDED SYSTEM TRAJECTORY FILE
Info: Initial time: 12 CPUs 0.00113416 s/step 152.36 ns/day 0 MB memory
Info: Initial time: 12 CPUs 0.000600948 s/step 287.546 ns/day 0 MB memory
Info: Initial time: 12 CPUs 0.000515379 s/step 335.287 ns/day 0 MB memory
Info: Benchmark time: 12 CPUs 0.000512335 s/step 337.279 ns/day 0 MB memory
Info: Benchmark time: 12 CPUs 0.000549839 s/step 314.274 ns/day 0 MB memory
Info: Benchmark time: 12 CPUs 0.000484426 s/step 356.711 ns/day 0 MB memory
Info: Benchmark time: 12 CPUs 0.000479923 s/step 360.058 ns/day 0 MB memory
Info: Benchmark time: 12 CPUs 0.000482171 s/step 358.379 ns/day 0 MB memory
Info: Benchmark time: 12 CPUs 0.000514941 s/step 335.573 ns/day 0 MB memory
PRESSURE: 100000 -324.674 -136.079 -25.285 -136.08 -166.611 -186.403 -25.2873 -186.404 -257.661
GPRESSURE: 100000 -233.727 261.111 231.915 71.9178 -42.6797 -338.726 -272.378 -250.373 -324.466
PRESSAVG: 100000 -557.929 -181.835 94.7076 -181.835 -732.085 -109.505 94.7076 -109.505 -465.14
GPRESSAVG: 100000 -564.9 13.5015 169.785 -7.10209 -628.224 -189.74 42.2075 -177.024 -363.387
ENERGY:  100000        10.0459         3.1542        27.2445         0.0000         -11278.7997      1438.2867         0.0000         0.0000      1808.6714          -7991.3969       303.2367     -9800.0683     -7950.0156       302.0754           -249.6487      -200.2907     30673.1458      -585.0514      -518.8370
FEP:     100000        40.4446    -11278.7997      1437.9822

WRITING EXTENDED SYSTEM TO RESTART FILE AT STEP 100000
OPENING COORDINATE DCD FILE
WRITING COORDINATES TO DCD FILE mobley_6239320_prod.dcd AT STEP 100000
WRITING COORDINATES TO RESTART FILE AT STEP 100000
FINISHED WRITING RESTART COORDINATES
The last position output (seq=100000) takes 0.012 seconds, 0.000 MB of memory in use
WRITING VELOCITIES TO RESTART FILE AT STEP 100000
FINISHED WRITING RESTART VELOCITIES
The last velocity output (seq=100000) takes 0.007 seconds, 0.000 MB of memory in use
PRESSURE: 200000 740.666 -653.213 391.823 -653.212 611.378 274.118 391.824 274.122 454.272
GPRESSURE: 200000 786.915 -759.908 304.456 -626.845 614.983 20.2446 290.732 252.849 609.581
PRESSAVG: 200000 -125.064 -338.961 193.746 -338.961 -284.264 18.3702 193.746 18.3702 -158.67
GPRESSAVG: 200000 -114.295 -244.302 214.676 -213.683 -213.821 -119.745 125.049 -33.7329 -39.064
ENERGY:  200000        12.4996         3.6663        30.1115         0.0000         -11251.7693      1510.3639         0.0000         0.0000      1808.4207          -7886.7073       303.1946     -9695.1280     -7928.9128       302.4485            602.1054       670.4932     30923.8933      -189.3325      -122.3936
FEP:     200000        46.2774    -11251.7693      1510.2140

WRITING EXTENDED SYSTEM TO RESTART FILE AT STEP 200000
WRITING COORDINATES TO DCD FILE mobley_6239320_prod.dcd AT STEP 200000
WRITING COORDINATES TO RESTART FILE AT STEP 200000
FINISHED WRITING RESTART COORDINATES
The last position output (seq=200000) takes 0.013 seconds, 0.000 MB of memory in use
WRITING VELOCITIES TO RESTART FILE AT STEP 200000
FINISHED WRITING RESTART VELOCITIES
The last velocity output (seq=200000) takes 0.014 seconds, 0.000 MB of memory in use
PRESSURE: 300000 83.3705 -204.664 -195.014 -204.662 -54.8395 -292.266 -195.012 -292.266 -1.21227
GPRESSURE: 300000 2.48512 -238.254 -149.194 -115.591 54.0818 -322.077 -158.624 -164.443 41.9068
PRESSAVG: 300000 -72.9552 -305.386 96.5568 -305.386 -226.908 -59.2889 96.5568 -59.2889 -119.305
GPRESSAVG: 300000 -85.1002 -242.79 123.708 -189.16 -146.846 -170.328 54.1306 -66.4103 -18.8213
ENERGY:  300000         7.7885         2.6287        25.8511         0.0000         -11341.0675      1486.7003         0.0000         0.0000      1748.4110          -8069.6879       293.1336     -9818.0989     -7964.1066       300.1197              9.1062        32.8246     30790.3234      -139.7228       -83.5890
FEP:     300000        36.2683    -11341.0675      1487.3557

WRITING EXTENDED SYSTEM TO RESTART FILE AT STEP 300000
WRITING COORDINATES TO DCD FILE mobley_6239320_prod.dcd AT STEP 300000
WRITING COORDINATES TO RESTART FILE AT STEP 300000
FINISHED WRITING RESTART COORDINATES
The last position output (seq=300000) takes 0.021 seconds, 0.000 MB of memory in use
WRITING VELOCITIES TO RESTART FILE AT STEP 300000
FINISHED WRITING RESTART VELOCITIES
The last velocity output (seq=300000) takes 0.021 seconds, 0.000 MB of memory in use
PRESSURE: 400000 -662.947 224.18 -42.2485 224.177 -581.064 182.877 -42.2478 182.881 1244.7
GPRESSURE: 400000 -765.751 401.211 -193.79 232.157 -415.258 197.26 47.5032 341.279 1252.93
PRESSAVG: 400000 -190.953 -199.473 68.7959 -199.473 -297.739 -10.855 68.7959 -10.855 153.495
GPRESSAVG: 400000 -221.23 -113.99 60.2085 -104.897 -200.528 -96.8104 52.8051 15.1275 235.53
ENERGY:  400000        13.7591         4.1444        26.3676         0.0000         -11301.9497      1475.5093         0.0000         0.0000      1767.9582          -8014.2112       296.4108     -9782.1694     -7974.1275       299.3780              0.2286        23.9747     30966.6858      -111.7325       -62.0763
FEP:     400000        44.2711    -11301.9497      1475.5350

WRITING EXTENDED SYSTEM TO RESTART FILE AT STEP 400000
WRITING COORDINATES TO DCD FILE mobley_6239320_prod.dcd AT STEP 400000
WRITING COORDINATES TO RESTART FILE AT STEP 400000
FINISHED WRITING RESTART COORDINATES
The last position output (seq=400000) takes 0.017 seconds, 0.000 MB of memory in use
WRITING VELOCITIES TO RESTART FILE AT STEP 400000
FINISHED WRITING RESTART VELOCITIES
The last velocity output (seq=400000) takes 0.018 seconds, 0.000 MB of memory in use
PRESSURE: 500000 -408.47 -169.299 145.232 -169.301 -102.295 448.014 145.233 448.01 386.735
GPRESSURE: 500000 -445.953 -260.528 175.252 -221.9 -21.2583 485.738 194.589 294.01 405.358
PRESSAVG: 500000 -227.206 -194.445 81.5355 -194.445 -265.165 65.6225 81.5355 65.6225 192.368
GPRESSAVG: 500000 -258.684 -138.413 79.3824 -124.397 -170.65 0.281115 76.4358 61.6079 263.834
ENERGY:  500000         8.8846         3.3312        26.5783         0.0000         -11266.9973      1470.4605         0.0000         0.0000      1765.5082          -7992.2345       296.0000     -9757.7427     -7977.1453       298.8150            -41.3434       -20.6178     31132.7177      -100.0010       -55.1665
FEP:     500000        38.7941    -11266.9973      1470.4066

WRITING EXTENDED SYSTEM TO RESTART FILE AT STEP 500000
WRITING COORDINATES TO DCD FILE mobley_6239320_prod.dcd AT STEP 500000
WRITING COORDINATES TO RESTART FILE AT STEP 500000
FINISHED WRITING RESTART COORDINATES
The last position output (seq=500000) takes 0.021 seconds, 0.000 MB of memory in use
WRITING VELOCITIES TO RESTART FILE AT STEP 500000
FINISHED WRITING RESTART VELOCITIES
The last velocity output (seq=500000) takes 0.022 seconds, 0.000 MB of memory in use
PRESSURE: 600000 291.824 171.438 14.0498 171.437 274.666 645.64 14.0485 645.644 566.496
GPRESSURE: 600000 399.381 265.255 277.7 -144.254 216.236 132.718 -215.254 988.916 594.984
PRESSAVG: 600000 -153.059 -142.176 71.8945 -142.176 -188.046 148.483 71.8945 148.483 245.815
GPRESSAVG: 600000 -164.675 -80.746 107.714 -127.234 -115.38 19.2006 34.7658 194.08 311.141
ENERGY:  600000         5.7680         2.6779        25.1554         0.0000         -11274.2987      1497.4340         0.0000         0.0000      1774.5155          -7968.7479       297.5102     -9743.2634     -7975.9457       298.6286            377.6623       403.5335     30508.7084       -31.7634        10.3620
FEP:     600000        33.6013    -11274.2987      1498.0774

WRITING EXTENDED SYSTEM TO RESTART FILE AT STEP 600000
WRITING COORDINATES TO DCD FILE mobley_6239320_prod.dcd AT STEP 600000
WRITING COORDINATES TO RESTART FILE AT STEP 600000
FINISHED WRITING RESTART COORDINATES
The last position output (seq=600000) takes 0.018 seconds, 0.000 MB of memory in use
WRITING VELOCITIES TO RESTART FILE AT STEP 600000
FINISHED WRITING RESTART VELOCITIES
PRESSURE: 700000 -472.559 -94.0326 78.0782 -94.032 -184.34 50.6725 78.0803 50.6725 -229.67
GPRESSURE: 700000 -328.357 -34.3455 26.5311 -132.827 -371.62 -133.493 -107.775 396.203 -31.1396
PRESSAVG: 700000 -192.997 -136.158 72.6677 -136.158 -187.583 136.256 72.6677 136.256 186.379
GPRESSAVG: 700000 -185.135 -74.9459 97.5658 -127.933 -147.41 0.113887 16.9482 219.346 268.356
ENERGY:  700000         8.5762         4.0633        29.3161         0.0000         -11232.1189      1417.5192         0.0000         0.0000      1761.1946          -8011.4495       295.2768     -9772.6441     -7980.3837       298.2096           -295.5232      -243.7056     30691.5957       -64.7334       -21.3964
FEP:     700000        41.9556    -11232.1189      1417.0706

WRITING EXTENDED SYSTEM TO RESTART FILE AT STEP 700000
WRITING COORDINATES TO DCD FILE mobley_6239320_prod.dcd AT STEP 700000
WRITING COORDINATES TO RESTART FILE AT STEP 700000
FINISHED WRITING RESTART COORDINATES
The last position output (seq=700000) takes 0.017 seconds, 0.000 MB of memory in use
WRITING VELOCITIES TO RESTART FILE AT STEP 700000
FINISHED WRITING RESTART VELOCITIES
PRESSURE: 800000 -298.846 571.353 -198.226 571.354 -519.744 241.041 -198.222 241.043 -478.872
GPRESSURE: 800000 -431.158 623.418 51.5163 516.464 -436.388 483.894 -332.359 234.319 -260.362
PRESSAVG: 800000 -204.758 -57.5455 42.5688 -57.5455 -224.49 147.899 42.5688 147.899 112.463
GPRESSAVG: 800000 -212.471 2.65004 92.4492 -56.3333 -179.519 53.8672 -21.8637 221.009 209.61
ENERGY:  800000         6.5291         2.4926        25.6574         0.0000         -11296.1414      1433.7709         0.0000         0.0000      1826.4754          -8001.2160       306.2216     -9827.6914     -7982.6984       299.0998           -432.4871      -375.9694     30840.1863      -105.5949       -60.7934
FEP:     800000        34.6791    -11296.1414      1434.2900

WRITING EXTENDED SYSTEM TO RESTART FILE AT STEP 800000
WRITING COORDINATES TO DCD FILE mobley_6239320_prod.dcd AT STEP 800000
WRITING COORDINATES TO RESTART FILE AT STEP 800000
FINISHED WRITING RESTART COORDINATES
The last position output (seq=800000) takes 0.018 seconds, 0.000 MB of memory in use
WRITING VELOCITIES TO RESTART FILE AT STEP 800000
FINISHED WRITING RESTART VELOCITIES
PRESSURE: 900000 36.4598 -485.583 543.179 -485.585 484.785 -11.7629 543.177 -11.7647 -502.628
GPRESSURE: 900000 12.4299 -590.327 539.018 -369.73 555.611 -122.857 689.291 92.3079 -458.988
PRESSAVG: 900000 -180.636 -100.349 92.6296 -100.349 -153.562 131.933 92.6296 131.933 50.9536
GPRESSAVG: 900000 -189.981 -56.6477 137.106 -87.673 -106.006 36.1948 49.2518 208.139 142.75
ENERGY:  900000         6.8887         1.8923        28.4809         0.0000         -11198.6040      1432.0275         0.0000         0.0000      1810.8234          -7918.4911       303.5975     -9729.3145     -7976.2777       299.5496              6.2058        36.3508     30418.2757       -94.4148       -51.0790
FEP:     900000        37.2620    -11198.6040      1432.3925

WRITING EXTENDED SYSTEM TO RESTART FILE AT STEP 900000
WRITING COORDINATES TO DCD FILE mobley_6239320_prod.dcd AT STEP 900000
WRITING COORDINATES TO RESTART FILE AT STEP 900000
FINISHED WRITING RESTART COORDINATES
The last position output (seq=900000) takes 0.017 seconds, 0.000 MB of memory in use
WRITING VELOCITIES TO RESTART FILE AT STEP 900000
FINISHED WRITING RESTART VELOCITIES
PRESSURE: 1000000 442.664 -237.977 453.178 -237.98 -730.619 162.993 453.181 162.995 -400.599
GPRESSURE: 1000000 415.721 -547.873 411.862 -185.486 -447.062 136.466 586.43 245.363 -362.799
PRESSAVG: 1000000 -123.972 -112.861 125.407 -112.861 -206.022 134.757 125.407 134.757 9.90338
GPRESSAVG: 1000000 -134.917 -101.305 162.084 -96.565 -137.011 45.3103 98.0862 211.523 96.791
TIMING: 1000000  CPU: 470.867, 0.00047025/step  Wall: 473.037, 0.000472987/step, 365.337 ns/days, 0.197078 hours remaining, 0.000000 MB of memory in use.
PERFORMANCE: 1000000  averaging 365.337 ns/day, 0.000472987 sec/step with standard deviation 0
ETITLE:      TS           BOND          ANGLE          DIHED          IMPRP               ELECT            VDW       BOUNDARY           MISC        KINETIC               TOTAL           TEMP      POTENTIAL       TOTALAVG        TEMPAVG            PRESSURE      GPRESSURE         VOLUME       PRESSAVG      GPRESSAVG
FEPTITLE:    TS          BOND2         ELECT2           VDW2

ENERGY: 1000000         4.9681         2.8510        31.8435         0.0000         -11236.9950      1423.1829         0.0000         0.0000      1820.5791          -7953.5704       305.2331     -9774.1494     -7974.2134       300.0663           -229.5182      -131.3799     30393.6710      -106.6969       -58.3791
FEP:    1000000        39.6627    -11236.9950      1423.4494

WRITING EXTENDED SYSTEM TO RESTART FILE AT STEP 1000000
WRITING COORDINATES TO DCD FILE mobley_6239320_prod.dcd AT STEP 1000000
WRITING COORDINATES TO RESTART FILE AT STEP 1000000
FINISHED WRITING RESTART COORDINATES
The last position output (seq=1000000) takes 0.021 seconds, 0.000 MB of memory in use
WRITING VELOCITIES TO RESTART FILE AT STEP 1000000
FINISHED WRITING RESTART VELOCITIES
PRESSURE: 1100000 -1288.04 -509.816 81.7044 -509.818 -661.152 -182.993 81.7034 -182.992 -131.897
GPRESSURE: 1100000 -1406.43 -327.264 -100.077 -708.824 -506.806 223.473 368.603 -239.075 -26.3071
PRESSAVG: 1100000 -220.978 -145.941 121.765 -145.941 -243.949 108.278 121.765 108.278 -1.91332
GPRESSAVG: 1100000 -240.876 -120.135 140.237 -147.587 -167.827 60.1572 120.629 173.973 86.5328
ENERGY: 1100000         5.5374         2.5516        25.1033         0.0000         -11272.2682      1388.2030         0.0000         0.0000      1768.9147          -8081.9582       296.5712     -9850.8728     -7983.1921       299.7750           -693.6972      -646.5130     30622.4221      -155.6136      -107.3902
FEP:    1100000        33.1923    -11272.2682      1388.7166

WRITING EXTENDED SYSTEM TO RESTART FILE AT STEP 1100000
WRITING COORDINATES TO DCD FILE mobley_6239320_prod.dcd AT STEP 1100000
WRITING COORDINATES TO RESTART FILE AT STEP 1100000
FINISHED WRITING RESTART COORDINATES
WRITING VELOCITIES TO RESTART FILE AT STEP 1100000
FINISHED WRITING RESTART VELOCITIES
PRESSURE: 1200000 169.797 148.036 -198.005 148.038 902.287 110.692 -198.005 110.69 -259.698
GPRESSURE: 1200000 104.553 54.5957 -236.941 293.697 961.851 -14.9223 -272.557 13.2506 -30.937
PRESSAVG: 1200000 -190.918 -123.327 97.1673 -123.327 -155.777 108.463 97.1673 108.463 -21.7429
GPRESSAVG: 1200000 -214.305 -106.694 111.223 -113.642 -80.9291 54.3818 90.3842 161.61 77.4967
ENERGY: 1200000         7.4572         1.0010        27.1084         0.0000         -11477.9900      1528.9752         0.0000         0.0000      1816.0490          -8097.3991       304.4736     -9913.4481     -7991.9772       300.1364            270.7954       345.1554     30418.5667      -122.8129       -72.5790
FEP:    1200000        35.5666    -11477.9900      1529.2702

WRITING EXTENDED SYSTEM TO RESTART FILE AT STEP 1200000
WRITING COORDINATES TO DCD FILE mobley_6239320_prod.dcd AT STEP 1200000
WRITING COORDINATES TO RESTART FILE AT STEP 1200000
FINISHED WRITING RESTART COORDINATES
WRITING VELOCITIES TO RESTART FILE AT STEP 1200000
FINISHED WRITING RESTART VELOCITIES
PRESSURE: 1300000 -1642.74 18.7144 189.619 18.7178 -1675.41 -231.124 189.621 -231.122 -867.359
GPRESSURE: 1300000 -1452.25 -44.9551 180.593 159.61 -1468.8 -712.938 395.923 -80.7903 -830.384
PRESSAVG: 1300000 -294.62 -113.181 103.771 -113.181 -264.323 84.2072 103.771 84.2072 -82.144
GPRESSAVG: 1300000 -302.73 -102.284 116.178 -94.1238 -180.062 -0.42676 112.208 144.296 12.648
ENERGY: 1300000         4.3993         2.3781        25.0370         0.0000         -11060.3454      1289.5754         0.0000         0.0000      1748.2816          -7990.6740       293.1119     -9738.9557     -7991.8842       299.6347          -1395.1719     -1250.4776     30778.4285      -213.6957      -156.7146
FEP:    1300000        31.8143    -11060.3454      1289.0076

WRITING EXTENDED SYSTEM TO RESTART FILE AT STEP 1300000
WRITING COORDINATES TO DCD FILE mobley_6239320_prod.dcd AT STEP 1300000
WRITING COORDINATES TO RESTART FILE AT STEP 1300000
FINISHED WRITING RESTART COORDINATES
WRITING VELOCITIES TO RESTART FILE AT STEP 1300000
FINISHED WRITING RESTART VELOCITIES
PRESSURE: 1400000 309.307 433.291 103.714 433.29 -994.749 669.369 103.714 669.369 -588.126
GPRESSURE: 1400000 390.4 429.573 324.936 484.701 -1043.1 405.739 -110.354 504.93 -558.743
PRESSAVG: 1400000 -254.358 -76.7497 103.767 -76.7497 -313.018 123.218 103.767 123.218 -115.876
GPRESSAVG: 1400000 -256.521 -66.8267 130.096 -55.5355 -237.598 26.651 97.3709 168.338 -25.4447
ENERGY: 1400000        10.4297         1.5242        27.2676         0.0000         -11240.6878      1417.1741         0.0000         0.0000      1809.2861          -7975.0061       303.3397     -9784.2922     -7990.7590       299.8817           -424.5229      -403.8130     30951.9762      -227.7509      -173.1879
FEP:    1400000        39.2214    -11240.6878      1417.5753

WRITING EXTENDED SYSTEM TO RESTART FILE AT STEP 1400000
WRITING COORDINATES TO DCD FILE mobley_6239320_prod.dcd AT STEP 1400000
WRITING COORDINATES TO RESTART FILE AT STEP 1400000
FINISHED WRITING RESTART COORDINATES
WRITING VELOCITIES TO RESTART FILE AT STEP 1400000
FINISHED WRITING RESTART VELOCITIES
PRESSURE: 1500000 211.181 113.296 -587.033 113.296 -880.974 201.133 -587.034 201.134 1031.55
GPRESSURE: 1500000 67.5179 211.732 -344.069 258.073 -716.38 435.388 -646.281 176.207 1081.68
PRESSAVG: 1500000 -225.262 -64.8718 60.5923 -64.8718 -348.515 128.088 60.5923 128.088 -44.1621
GPRESSAVG: 1500000 -236.269 -49.4168 100.46 -35.935 -267.522 52.197 50.8926 168.83 43.7503
ENERGY: 1500000         8.1749         3.0772        26.1364         0.0000         -11331.7828      1497.2903         0.0000         0.0000      1786.0322          -8011.0719       299.4410     -9797.1041     -7992.0285       299.8542            120.5856       144.2710     30731.3386      -205.9798      -153.3467
FEP:    1500000        37.3884    -11331.7828      1497.7344

WRITING EXTENDED SYSTEM TO RESTART FILE AT STEP 1500000
WRITING COORDINATES TO DCD FILE mobley_6239320_prod.dcd AT STEP 1500000
WRITING COORDINATES TO RESTART FILE AT STEP 1500000
FINISHED WRITING RESTART COORDINATES
WRITING VELOCITIES TO RESTART FILE AT STEP 1500000
FINISHED WRITING RESTART VELOCITIES
PRESSURE: 1600000 1017.45 50.5717 575.001 50.5689 647.267 -592.241 575.004 -592.244 604.85
GPRESSURE: 1600000 1092.3 -206.88 637.77 29.4879 723.414 -344.128 608.355 -728.087 633.726
PRESSAVG: 1600000 -152.161 -58.0812 90.8518 -58.0812 -289.94 85.7152 90.8518 85.7152 -5.98487
GPRESSAVG: 1600000 -158.118 -58.6793 132.067 -32.0866 -209.232 28.8838 83.6845 116.07 78.4548
ENERGY: 1600000         7.2579         2.0073        26.0986         0.0000         -11377.3447      1548.9506         0.0000         0.0000      1808.2808          -7984.7494       303.1712     -9793.0303     -7991.6003       300.0493            756.5235       816.4792     30694.3825      -149.3620       -96.2981
FEP:    1600000        35.3638    -11377.3447      1549.2575

WRITING EXTENDED SYSTEM TO RESTART FILE AT STEP 1600000
WRITING COORDINATES TO DCD FILE mobley_6239320_prod.dcd AT STEP 1600000
WRITING COORDINATES TO RESTART FILE AT STEP 1600000
FINISHED WRITING RESTART COORDINATES
WRITING VELOCITIES TO RESTART FILE AT STEP 1600000
FINISHED WRITING RESTART VELOCITIES
PRESSURE: 1700000 -384.423 -132.026 194.301 -132.024 -499.489 -129.609 194.302 -129.609 -214.864
GPRESSURE: 1700000 -130.316 -176.047 161.423 -302.484 -504.492 109.44 101.393 -22.5045 -169.806
PRESSAVG: 1700000 -165.065 -62.1892 96.599 -62.1892 -301.581 73.7528 96.599 73.7528 -17.5893
GPRESSAVG: 1700000 -156.573 -65.1998 133.698 -47.1087 -225.635 33.3591 84.6683 108.371 64.6625
ENERGY: 1700000         5.9881         5.3763        25.8401         0.0000         -11224.9475      1414.1251         0.0000         0.0000      1848.3017          -7925.3162       309.8810     -9773.6179     -7987.9179       300.5955           -366.2587      -268.2046     30899.4029      -161.4118      -105.8485
FEP:    1700000        37.2045    -11224.9475      1413.9603

WRITING EXTENDED SYSTEM TO RESTART FILE AT STEP 1700000
WRITING COORDINATES TO DCD FILE mobley_6239320_prod.dcd AT STEP 1700000
WRITING COORDINATES TO RESTART FILE AT STEP 1700000
FINISHED WRITING RESTART COORDINATES
WRITING VELOCITIES TO RESTART FILE AT STEP 1700000
FINISHED WRITING RESTART VELOCITIES
PRESSURE: 1800000 -648.175 -336.455 -66.6679 -336.456 -178.797 -47.0599 -66.6698 -47.0621 -178.216
GPRESSURE: 1800000 -619.516 -132.79 -302.594 -649.419 -63.0822 321.498 112.669 -214.025 -95.6077
PRESSAVG: 1800000 -190.492 -76.6243 88.0059 -76.6243 -295.119 67.3941 88.0059 67.3941 -26.0433
GPRESSAVG: 1800000 -180.938 -68.7571 110.735 -78.8092 -217.079 48.5243 86.1421 91.4033 56.2272
ENERGY: 1800000         7.6719         1.9292        27.5723         0.0000         -11244.9897      1450.3540         0.0000         0.0000      1816.0978          -7941.3645       304.4818     -9757.4623     -7985.4677       300.8000           -335.0627      -259.4019     31285.4315      -170.5513      -113.9302
FEP:    1800000        37.1734    -11244.9897      1450.5982

WRITING EXTENDED SYSTEM TO RESTART FILE AT STEP 1800000
WRITING COORDINATES TO DCD FILE mobley_6239320_prod.dcd AT STEP 1800000
WRITING COORDINATES TO RESTART FILE AT STEP 1800000
FINISHED WRITING RESTART COORDINATES
WRITING VELOCITIES TO RESTART FILE AT STEP 1800000
FINISHED WRITING RESTART VELOCITIES
PRESSURE: 1900000 618.449 -54.6379 -171.864 -54.6379 -186.614 784.047 -171.864 784.048 -438.26
GPRESSURE: 1900000 697.478 -33.847 -225.55 559.989 -198.258 766.842 -216.429 837.947 -427.583
PRESSAVG: 1900000 -150.045 -75.5249 75.0124 -75.5249 -289.694 103.227 75.0124 103.227 -46.6542
GPRESSAVG: 1900000 -137.018 -67.0116 93.9206 -46.8693 -216.138 84.4402 71.0135 128.73 32.0367
ENERGY: 1900000        10.5135         7.0451        25.5567         0.0000         -11274.1251      1434.3770         0.0000         0.0000      1764.5138          -8032.1189       295.8333     -9796.6328     -7987.8003       300.5517             -2.1416        23.8791     30154.8893      -162.1308      -107.0398
FEP:    1900000        43.1154    -11274.1251      1434.6643

WRITING EXTENDED SYSTEM TO RESTART FILE AT STEP 1900000
WRITING COORDINATES TO DCD FILE mobley_6239320_prod.dcd AT STEP 1900000
WRITING COORDINATES TO RESTART FILE AT STEP 1900000
FINISHED WRITING RESTART COORDINATES
WRITING VELOCITIES TO RESTART FILE AT STEP 1900000
FINISHED WRITING RESTART VELOCITIES
PRESSURE: 2000000 245.258 -761.719 167.86 -761.717 -94.742 -311.253 167.858 -311.253 -391.302
GPRESSURE: 2000000 433.398 -340.259 277.624 -769.58 -7.85391 -467.345 124.372 -441.295 -381.627
PRESSAVG: 2000000 -98.2224 -102.231 72.6702 -102.231 -229.553 89.2945 72.6702 89.2945 -32.5883
GPRESSAVG: 2000000 -70.544 -72.3192 102.419 -81.0422 -155.843 63.1106 59.3925 111.849 33.0707
TIMING: 2000000  CPU: 935.637, 0.000464771/step  Wall: 940.591, 0.000467554/step, 369.583 ns/days, 0.064938 hours remaining, 0.000000 MB of memory in use.
PERFORMANCE: 2000000  averaging 367.448 ns/day, 0.000470271 sec/step with standard deviation 3.84209e-06
ETITLE:      TS           BOND          ANGLE          DIHED          IMPRP               ELECT            VDW       BOUNDARY           MISC        KINETIC               TOTAL           TEMP      POTENTIAL       TOTALAVG        TEMPAVG            PRESSURE      GPRESSURE         VOLUME       PRESSAVG      GPRESSAVG
FEPTITLE:    TS          BOND2         ELECT2           VDW2

ENERGY: 2000000        11.4716         3.6863        25.3949         0.0000         -11198.1041      1436.9111         0.0000         0.0000      1787.7766          -7932.8636       299.7335     -9720.6402     -7989.0117       300.4927            -80.2620        14.6388     30903.7976      -120.1212       -64.4387
FEP:    2000000        40.5528    -11198.1041      1436.5844

WRITING EXTENDED SYSTEM TO RESTART FILE AT STEP 2000000
WRITING COORDINATES TO DCD FILE mobley_6239320_prod.dcd AT STEP 2000000
WRITING COORDINATES TO RESTART FILE AT STEP 2000000
FINISHED WRITING RESTART COORDINATES
WRITING VELOCITIES TO RESTART FILE AT STEP 2000000
FINISHED WRITING RESTART VELOCITIES
PRESSURE: 2100000 107.67 -44.5059 -221.691 -44.5086 -776.344 -119.253 -221.692 -119.249 428.13
GPRESSURE: 2100000 81.5023 126.822 -209.345 -40.9643 -574.646 -147.23 -264.078 -189.774 443.918
PRESSAVG: 2100000 -76.6052 -97.6527 62.85 -97.6527 -260.04 92.6522 62.85 92.6522 1.70128
GPRESSAVG: 2100000 -54.7826 -79.0336 80.356 -86.6863 -182.441 72.6854 59.8075 114.879 71.4899
ENERGY: 2100000         6.3029         3.3673        25.2004         0.0000         -11337.8696      1482.7637         0.0000         0.0000      1774.2446          -8045.9907       297.4648     -9820.2353     -7991.7414       300.2041            -80.1815       -16.4087     30875.5637      -111.6479       -55.2446
FEP:    2100000        34.8706    -11337.8696      1483.1472

WRITING EXTENDED SYSTEM TO RESTART FILE AT STEP 2100000
WRITING COORDINATES TO DCD FILE mobley_6239320_prod.dcd AT STEP 2100000
WRITING COORDINATES TO RESTART FILE AT STEP 2100000
FINISHED WRITING RESTART COORDINATES
WRITING VELOCITIES TO RESTART FILE AT STEP 2100000
FINISHED WRITING RESTART VELOCITIES
PRESSURE: 2200000 -555.582 130.074 -22.5888 130.071 -380.205 -400.667 -22.5918 -400.667 295.15
GPRESSURE: 2200000 -333.174 264.464 58.8125 126.696 -276.699 -807.495 -85.5408 -483.049 271.275
PRESSAVG: 2200000 -141.418 -58.4885 42.1292 -58.4885 -309.619 58.9128 42.1292 58.9128 -6.25482
GPRESSAVG: 2200000 -110.787 -27.815 68.0739 -49.0093 -227.025 31.2985 40.9938 78.0845 54.5746
ENERGY: 2200000         6.3151         2.6093        25.2340         0.0000         -11353.4408      1479.0712         0.0000         0.0000      1747.7199          -8092.4912       293.0177     -9840.2112     -8002.0306       299.6952           -213.5456      -112.8660     30803.9864      -152.4304       -94.4125
FEP:    2200000        34.1585    -11353.4408      1479.4997

WRITING EXTENDED SYSTEM TO RESTART FILE AT STEP 2200000
WRITING COORDINATES TO DCD FILE mobley_6239320_prod.dcd AT STEP 2200000
WRITING COORDINATES TO RESTART FILE AT STEP 2200000
FINISHED WRITING RESTART COORDINATES
WRITING VELOCITIES TO RESTART FILE AT STEP 2200000
FINISHED WRITING RESTART VELOCITIES
PRESSURE: 2300000 552.555 -84.4144 -541.841 -84.4133 111.651 -367.258 -541.84 -367.257 704.872
GPRESSURE: 2300000 376.251 49.7562 -424.219 186.757 355.742 -650.818 -451.772 -300.506 764.925
PRESSAVG: 2300000 -117.958 -52.4761 24.7878 -52.4761 -301.294 55.1633 24.7878 55.1633 29.0494
GPRESSAVG: 2300000 -92.0987 -13.4145 54.3226 -33.8919 -211.942 14.8614 26.3365 71.2813 90.7255
ENERGY: 2300000        10.6479         2.7513        25.9473         0.0000         -11312.7326      1536.9483         0.0000         0.0000      1770.1494          -7966.2884       296.7782     -9736.4378     -7996.8606       299.8774            456.3590       498.9728     31145.1620      -130.0678       -71.1051
FEP:    2300000        39.3465    -11312.7326      1537.1617

WRITING EXTENDED SYSTEM TO RESTART FILE AT STEP 2300000
WRITING COORDINATES TO DCD FILE mobley_6239320_prod.dcd AT STEP 2300000
WRITING COORDINATES TO RESTART FILE AT STEP 2300000
FINISHED WRITING RESTART COORDINATES
WRITING VELOCITIES TO RESTART FILE AT STEP 2300000
FINISHED WRITING RESTART VELOCITIES
PRESSURE: 2400000 459.269 186.852 421.134 186.85 -889.745 365.239 421.136 365.235 223.815
GPRESSURE: 2400000 431.26 206.784 326.101 345.347 -776.252 327.842 458.55 306.805 279.817
PRESSAVG: 2400000 -61.8477 -54.3425 47.957 -54.3425 -316.728 64.2811 47.957 64.2811 -21.9947
GPRESSAVG: 2400000 -32.2482 -23.1358 80.3172 -28.2324 -229.992 21.3904 46.8888 69.5576 42.0697
ENERGY: 2400000         7.2638         3.9045        25.4218         0.0000         -11175.7105      1440.5822         0.0000         0.0000      1777.0067          -7921.5316       297.9279     -9698.5383     -7992.2267       299.9533            -68.8868       -21.7251     31104.0087      -133.5235       -73.3901
FEP:    2400000        36.5900    -11175.7105      1440.9175

WRITING EXTENDED SYSTEM TO RESTART FILE AT STEP 2400000
WRITING COORDINATES TO DCD FILE mobley_6239320_prod.dcd AT STEP 2400000
WRITING COORDINATES TO RESTART FILE AT STEP 2400000
FINISHED WRITING RESTART COORDINATES
WRITING VELOCITIES TO RESTART FILE AT STEP 2400000
FINISHED WRITING RESTART VELOCITIES
PRESSURE: 2500000 -433.13 -70.4979 497.575 -70.4973 11.7221 -466.916 497.575 -466.919 -130.454
GPRESSURE: 2500000 -386.882 3.44032 514.272 -111.068 5.63259 -340.192 572.629 -508.944 -240.385
PRESSAVG: 2500000 -63.0807 -49.4023 65.5741 -49.4023 -311.027 18.5346 65.5741 18.5346 -47.8541
GPRESSAVG: 2500000 -29.2947 -9.93741 97.2682 -22.6908 -228.647 -19.9061 65.7908 29.41 9.78257
ENERGY: 2500000         8.6687         3.4892        26.2656         0.0000         -11284.6999      1462.5050         0.0000         0.0000      1774.2251          -8009.5463       297.4615     -9783.7713     -7993.0923       300.0264           -183.9540      -207.2114     31376.0841      -140.6541       -82.7198
FEP:    2500000        38.4235    -11284.6999      1462.3175

WRITING EXTENDED SYSTEM TO RESTART FILE AT STEP 2500000
WRITING COORDINATES TO DCD FILE mobley_6239320_prod.dcd AT STEP 2500000
WRITING COORDINATES TO RESTART FILE AT STEP 2500000
FINISHED WRITING RESTART COORDINATES
WRITING VELOCITIES TO RESTART FILE AT STEP 2500000
FINISHED WRITING RESTART VELOCITIES
TCL: Exiting due to exit command.
WRITING EXTENDED SYSTEM TO OUTPUT FILE AT STEP 2500000
CLOSING EXTENDED SYSTEM TRAJECTORY FILE
WRITING COORDINATES TO OUTPUT FILE AT STEP 2500000
CLOSING COORDINATE DCD FILE mobley_6239320_prod.dcd
WRITING VELOCITIES TO OUTPUT FILE AT STEP 2500000
====================================================

WallClock: 1170.835693  CPUTime: 1157.471436  Memory: 0.000000 MB
[Partition 0][Node 0] End of program
