#========================================================================================
#                     Free energy perturbation    
#----------------------------------------------------------------------------------------
#forward/backward          λ              ΔΔA                 ΔA                  δε   
#                                                 
#----------------------------------------------------------------------------------------
forward:               0.0000              0.0000              0.0000              0.0000  
forward:               0.0500              1.6369              1.6369              0.0240  
forward:               0.1000              0.6484              2.2853              0.0270  
forward:               0.1500              0.3288              2.6142              0.0284  
forward:               0.2000              0.1622              2.7763              0.0291  
forward:               0.2500              0.0694              2.8457              0.0298  
forward:               0.3000              0.0116              2.8573              0.0301  
forward:               0.3500             -0.0255              2.8318              0.0304  
forward:               0.4000             -0.0629              2.7689              0.0307  
forward:               0.4500             -0.0832              2.6857              0.0310  
forward:               0.5000             -0.1021              2.5836              0.0312  
forward:               0.5500             -0.1653              2.4183              0.0314  
forward:               0.6000             -0.2640              2.1543              0.0316  
forward:               0.6500             -0.3277              1.8265              0.0317  
forward:               0.7000             -0.3771              1.4494              0.0319  
forward:               0.7500             -0.4231              1.0263              0.0320  
forward:               0.8000             -0.4533              0.5730              0.0322  
forward:               0.8500             -0.4819              0.0911              0.0324  
forward:               0.9000             -0.5031             -0.4120              0.0325  
forward:               0.9500             -0.5285             -0.9406              0.0326  
forward:               1.0000             -0.5519             -1.4925              0.0328  
backward:              1.0000              0.0000             -1.4925              0.0000  
backward:              0.9500              0.5512             -0.9412              0.0035  
backward:              0.9000              0.5286             -0.4127              0.0048  
backward:              0.8500              0.5083              0.0956              0.0059  
backward:              0.8000              0.4823              0.5779              0.0069  
backward:              0.7500              0.4498              1.0277              0.0080  
backward:              0.7000              0.4219              1.4496              0.0089  
backward:              0.6500              0.3789              1.8285              0.0096  
backward:              0.6000              0.3277              2.1562              0.0103  
backward:              0.5500              0.2646              2.4209              0.0109  
backward:              0.5000              0.1669              2.5877              0.0118  
backward:              0.4500              0.0995              2.6872              0.0125  
backward:              0.4000              0.0726              2.7598              0.0131  
backward:              0.3500              0.0484              2.8082              0.0138  
backward:              0.3000              0.0294              2.8376              0.0144  
backward:              0.2500             -0.0109              2.8267              0.0155  
backward:              0.2000             -0.0811              2.7456              0.0169  
backward:              0.1500             -0.1561              2.5895              0.0169  
backward:              0.1000             -0.3284              2.2611              0.0210  
backward:              0.0500             -0.6515              1.6096              0.0295  
backward:              0.0000             -1.5123              0.0973              0.0935  
Inaccuracy estimation
======================================================================================================
                   i        i+δi          P0_overlap_P1   δε(forward)/ε   δε(backward)/ε
======================================================================================================
inaccuracy:  0.00000        0.05000           28.27           -0.04            4.12
inaccuracy:  0.05000        0.10000           54.54           -0.02            0.70
inaccuracy:  0.10000        0.15000           64.32           -0.01            0.32
inaccuracy:  0.15000        0.20000           71.01           -0.01            0.18
inaccuracy:  0.20000        0.25000           75.31           -0.01            0.12
inaccuracy:  0.25000        0.30000           76.48           -0.01            0.09
inaccuracy:  0.30000        0.35000           78.06           -0.01            0.08
inaccuracy:  0.35000        0.40000           80.94           -0.01            0.06
inaccuracy:  0.40000        0.45000           81.75           -0.01            0.06
inaccuracy:  0.45000        0.50000           80.68           -0.01            0.05
inaccuracy:  0.50000        0.55000           75.88           -0.03            0.07
inaccuracy:  0.55000        0.60000           77.27           -0.03            0.05
inaccuracy:  0.60000        0.65000           77.80           -0.03            0.05
inaccuracy:  0.65000        0.70000           77.61           -0.03            0.04
inaccuracy:  0.70000        0.75000           78.49           -0.03            0.04
inaccuracy:  0.75000        0.80000           78.77           -0.03            0.03
inaccuracy:  0.80000        0.85000           78.28           -0.03            0.03
inaccuracy:  0.85000        0.90000           77.98           -0.03            0.04
inaccuracy:  0.90000        0.95000           77.85           -0.03            0.03
inaccuracy:  0.95000        1.00000           77.76           -0.03            0.03
===================================================================================================================================
                BAR        
-----------------------------------------------------------------------------------------------------------------------------------
BAR-estimator:         λ             λ+δλ          ΔΔA             ΔA            C               Δδe            δe       
                          
-----------------------------------------------------------------------------------------------------------------------------------
BAR-estimator:      0.00000        0.05000        1.6569         1.6569         1.6569         0.0164         0.0164 
BAR-estimator:      0.05000        0.10000        0.6520         2.3089         0.6520         0.0083         0.0184 
BAR-estimator:      0.10000        0.15000        0.3276         2.6365         0.3276         0.0058         0.0193 
BAR-estimator:      0.15000        0.20000        0.1610         2.7975         0.1610         0.0042         0.0198 
BAR-estimator:      0.20000        0.25000        0.0744         2.8718         0.0744         0.0023         0.0199 
BAR-estimator:      0.25000        0.30000        0.0109         2.8827         0.0109         0.0033         0.0202 
BAR-estimator:      0.30000        0.35000       -0.0244         2.8583        -0.0244         0.0028         0.0204 
BAR-estimator:      0.35000        0.40000       -0.0575         2.8008        -0.0575         0.0026         0.0205 
BAR-estimator:      0.40000        0.45000       -0.0782         2.7226        -0.0782         0.0029         0.0207 
BAR-estimator:      0.45000        0.50000       -0.1017         2.6209        -0.1017         0.0023         0.0209 
BAR-estimator:      0.50000        0.55000       -0.1651         2.4558        -0.1651         0.0029         0.0211 
BAR-estimator:      0.55000        0.60000       -0.2637         2.1921        -0.2637         0.0025         0.0212 
BAR-estimator:      0.60000        0.65000       -0.3283         1.8638        -0.3283         0.0025         0.0214 
BAR-estimator:      0.65000        0.70000       -0.3786         1.4852        -0.3786         0.0024         0.0215 
BAR-estimator:      0.70000        0.75000       -0.4222         1.0630        -0.4222         0.0025         0.0216 
BAR-estimator:      0.75000        0.80000       -0.4528         0.6102        -0.4528         0.0025         0.0218 
BAR-estimator:      0.80000        0.85000       -0.4814         0.1288        -0.4814         0.0025         0.0219 
BAR-estimator:      0.85000        0.90000       -0.5050        -0.3762        -0.5050         0.0028         0.0221 
BAR-estimator:      0.90000        0.95000       -0.5287        -0.9049        -0.5287         0.0025         0.0222 
BAR-estimator:      0.95000        1.00000       -0.5514        -1.4563        -0.5514         0.0024         0.0224 
BAR-estimator: total free energy change is -1.4563363960395619 , total error is 0.02236629936971075
