#========================================================================================
#                     Free energy perturbation    
#----------------------------------------------------------------------------------------
#forward/backward          λ              ΔΔA                 ΔA                  δε   
#                                                 
#----------------------------------------------------------------------------------------
forward:               0.0000              0.0000              0.0000              0.0000  
forward:               0.0500              1.6471              1.6471              0.0225  
forward:               0.1000              0.6762              2.3233              0.0272  
forward:               0.1500              0.3404              2.6637              0.0288  
forward:               0.2000              0.1740              2.8377              0.0297  
forward:               0.2500              0.0871              2.9247              0.0301  
forward:               0.3000              0.0321              2.9569              0.0305  
forward:               0.3500             -0.0147              2.9422              0.0308  
forward:               0.4000             -0.0470              2.8952              0.0309  
forward:               0.4500             -0.0662              2.8290              0.0312  
forward:               0.5000             -0.0942              2.7348              0.0314  
forward:               0.5500             -0.1627              2.5721              0.0316  
forward:               0.6000             -0.2562              2.3160              0.0318  
forward:               0.6500             -0.3244              1.9916              0.0320  
forward:               0.7000             -0.3856              1.6060              0.0321  
forward:               0.7500             -0.4275              1.1785              0.0322  
forward:               0.8000             -0.4650              0.7135              0.0324  
forward:               0.8500             -0.4966              0.2169              0.0325  
forward:               0.9000             -0.5258             -0.3089              0.0326  
forward:               0.9500             -0.5441             -0.8530              0.0327  
forward:               1.0000             -0.5671             -1.4201              0.0329  
backward:              1.0000              0.0000             -1.4201              0.0000  
backward:              0.9500              0.5706             -0.8494              0.0030  
backward:              0.9000              0.5475             -0.3020              0.0045  
backward:              0.8500              0.5233              0.2214              0.0054  
backward:              0.8000              0.4942              0.7156              0.0063  
backward:              0.7500              0.4624              1.1780              0.0075  
backward:              0.7000              0.4306              1.6086              0.0082  
backward:              0.6500              0.3889              1.9974              0.0088  
backward:              0.6000              0.3310              2.3284              0.0094  
backward:              0.5500              0.2610              2.5894              0.0101  
backward:              0.5000              0.1611              2.7506              0.0111  
backward:              0.4500              0.0876              2.8381              0.0117  
backward:              0.4000              0.0713              2.9095              0.0123  
backward:              0.3500              0.0457              2.9552              0.0129  
backward:              0.3000              0.0065              2.9617              0.0138  
backward:              0.2500             -0.0252              2.9365              0.0157  
backward:              0.2000             -0.0886              2.8479              0.0173  
backward:              0.1500             -0.1857              2.6623              0.0184  
backward:              0.1000             -0.3581              2.3042              0.0234  
backward:              0.0500             -0.6792              1.6250              0.0285  
backward:              0.0000             -1.5408              0.0841              0.0536  
Inaccuracy estimation
======================================================================================================
                   i        i+δi          P0_overlap_P1   δε(forward)/ε   δε(backward)/ε
======================================================================================================
inaccuracy:  0.00000        0.05000           29.48           -0.04            4.00
inaccuracy:  0.05000        0.10000           55.04           -0.02            0.71
inaccuracy:  0.10000        0.15000           64.96           -0.02            0.28
inaccuracy:  0.15000        0.20000           72.56           -0.01            0.18
inaccuracy:  0.20000        0.25000           74.55           -0.01            0.12
inaccuracy:  0.25000        0.30000           75.96           -0.01            0.10
inaccuracy:  0.30000        0.35000           78.33           -0.01            0.08
inaccuracy:  0.35000        0.40000           79.25           -0.01            0.07
inaccuracy:  0.40000        0.45000           78.84           -0.01            0.06
inaccuracy:  0.45000        0.50000           80.94           -0.01            0.06
inaccuracy:  0.50000        0.55000           74.81           -0.03            0.07
inaccuracy:  0.55000        0.60000           76.08           -0.03            0.06
inaccuracy:  0.60000        0.65000           77.09           -0.03            0.05
inaccuracy:  0.65000        0.70000           77.88           -0.03            0.04
inaccuracy:  0.70000        0.75000           77.90           -0.03            0.04
inaccuracy:  0.75000        0.80000           78.35           -0.03            0.03
inaccuracy:  0.80000        0.85000           78.35           -0.03            0.03
inaccuracy:  0.85000        0.90000           78.59           -0.03            0.03
inaccuracy:  0.90000        0.95000           76.93           -0.04            0.03
inaccuracy:  0.95000        1.00000           77.57           -0.04            0.03
===================================================================================================================================
                BAR        
-----------------------------------------------------------------------------------------------------------------------------------
BAR-estimator:         λ             λ+δλ          ΔΔA             ΔA            C               Δδe            δe       
                          
-----------------------------------------------------------------------------------------------------------------------------------
BAR-estimator:      0.00000        0.05000        1.6741         1.6741         1.6741         0.0130         0.0130 
BAR-estimator:      0.05000        0.10000        0.6835         2.3576         0.6835         0.0092         0.0159 
BAR-estimator:      0.10000        0.15000        0.3375         2.6951         0.3375         0.0060         0.0170 
BAR-estimator:      0.15000        0.20000        0.1817         2.8768         0.1817         0.0046         0.0176 
BAR-estimator:      0.20000        0.25000        0.0893         2.9661         0.0893         0.0033         0.0179 
BAR-estimator:      0.25000        0.30000        0.0299         2.9960         0.0299         0.0031         0.0182 
BAR-estimator:      0.30000        0.35000       -0.0112         2.9848        -0.0112         0.0029         0.0184 
BAR-estimator:      0.35000        0.40000       -0.0462         2.9386        -0.0462         0.0025         0.0186 
BAR-estimator:      0.40000        0.45000       -0.0675         2.8711        -0.0675         0.0028         0.0188 
BAR-estimator:      0.45000        0.50000       -0.0916         2.7795        -0.0916         0.0024         0.0190 
BAR-estimator:      0.50000        0.55000       -0.1621         2.6174        -0.1621         0.0028         0.0192 
BAR-estimator:      0.55000        0.60000       -0.2571         2.3603        -0.2571         0.0025         0.0193 
BAR-estimator:      0.60000        0.65000       -0.3270         2.0333        -0.3270         0.0024         0.0195 
BAR-estimator:      0.65000        0.70000       -0.3868         1.6465        -0.3868         0.0024         0.0196 
BAR-estimator:      0.70000        0.75000       -0.4288         1.2177        -0.4288         0.0026         0.0198 
BAR-estimator:      0.75000        0.80000       -0.4654         0.7523        -0.4654         0.0029         0.0200 
BAR-estimator:      0.80000        0.85000       -0.4953         0.2570        -0.4953         0.0023         0.0201 
BAR-estimator:      0.85000        0.90000       -0.5251        -0.2681        -0.5251         0.0024         0.0203 
BAR-estimator:      0.90000        0.95000       -0.5462        -0.8143        -0.5462         0.0023         0.0204 
BAR-estimator:      0.95000        1.00000       -0.5678        -1.3821        -0.5678         0.0023         0.0205 
BAR-estimator: total free energy change is -1.3821283363460988 , total error is 0.02054737979275841
