#========================================================================================
#                     Free energy perturbation    
#----------------------------------------------------------------------------------------
#forward/backward          λ              ΔΔA                 ΔA                  δε   
#                                                 
#----------------------------------------------------------------------------------------
forward:               0.0000              0.0000              0.0000              0.0000  
forward:               0.0500              2.0947              2.0947              0.0350  
forward:               0.1000              1.1607              3.2554              0.0394  
forward:               0.1500              0.5462              3.8016              0.0424  
forward:               0.2000              0.2512              4.0529              0.0433  
forward:               0.2500              0.1182              4.1710              0.0438  
forward:               0.3000              0.0175              4.1886              0.0443  
forward:               0.3500             -0.0426              4.1460              0.0446  
forward:               0.4000             -0.0766              4.0693              0.0449  
forward:               0.4500             -0.1171              3.9522              0.0451  
forward:               0.5000             -0.1357              3.8165              0.0455  
forward:               0.5500             -0.1899              3.6267              0.0458  
forward:               0.6000             -0.2724              3.3543              0.0460  
forward:               0.6500             -0.3192              3.0351              0.0462  
forward:               0.7000             -0.3641              2.6710              0.0463  
forward:               0.7500             -0.3999              2.2711              0.0465  
forward:               0.8000             -0.4443              1.8268              0.0467  
forward:               0.8500             -0.4680              1.3588              0.0468  
forward:               0.9000             -0.4880              0.8708              0.0469  
forward:               0.9500             -0.5137              0.3571              0.0470  
forward:               1.0000             -0.5383             -0.1813              0.0472  
backward:              1.0000              0.0000             -0.1813              0.0000  
backward:              0.9500              0.5348              0.3535              0.0038  
backward:              0.9000              0.5102              0.8637              0.0059  
backward:              0.8500              0.4906              1.3543              0.0072  
backward:              0.8000              0.4649              1.8193              0.0084  
backward:              0.7500              0.4384              2.2577              0.0092  
backward:              0.7000              0.3964              2.6541              0.0102  
backward:              0.6500              0.3638              3.0180              0.0112  
backward:              0.6000              0.3153              3.3333              0.0120  
backward:              0.5500              0.2676              3.6009              0.0131  
backward:              0.5000              0.1780              3.7789              0.0141  
backward:              0.4500              0.1466              3.9256              0.0154  
backward:              0.4000              0.1101              4.0357              0.0163  
backward:              0.3500              0.0855              4.1212              0.0173  
backward:              0.3000              0.0334              4.1546              0.0188  
backward:              0.2500             -0.0151              4.1395              0.0201  
backward:              0.2000             -0.1147              4.0248              0.0220  
backward:              0.1500             -0.2601              3.7648              0.0244  
backward:              0.1000             -0.5390              3.2257              0.0336  
backward:              0.0500             -1.1354              2.0903              0.0462  
backward:              0.0000             -2.0887              0.0015              0.0625  
Inaccuracy estimation
======================================================================================================
                   i        i+δi          P0_overlap_P1   δε(forward)/ε   δε(backward)/ε
======================================================================================================
inaccuracy:  0.00000        0.05000           30.38            0.00            2.71
inaccuracy:  0.05000        0.10000           42.06           -0.05            1.35
inaccuracy:  0.10000        0.15000           52.84           -0.03            0.66
inaccuracy:  0.15000        0.20000           63.52           -0.02            0.34
inaccuracy:  0.20000        0.25000           67.96           -0.02            0.22
inaccuracy:  0.25000        0.30000           70.08           -0.01            0.16
inaccuracy:  0.30000        0.35000           72.32           -0.02            0.11
inaccuracy:  0.35000        0.40000           72.94           -0.02            0.11
inaccuracy:  0.40000        0.45000           75.13           -0.02            0.10
inaccuracy:  0.45000        0.50000           73.77           -0.01            0.09
inaccuracy:  0.50000        0.55000           73.13           -0.03            0.09
inaccuracy:  0.55000        0.60000           73.67           -0.03            0.07
inaccuracy:  0.60000        0.65000           74.18           -0.03            0.07
inaccuracy:  0.65000        0.70000           74.48           -0.03            0.06
inaccuracy:  0.70000        0.75000           74.85           -0.03            0.06
inaccuracy:  0.75000        0.80000           75.70           -0.04            0.05
inaccuracy:  0.80000        0.85000           74.85           -0.04            0.05
inaccuracy:  0.85000        0.90000           74.09           -0.04            0.06
inaccuracy:  0.90000        0.95000           74.98           -0.04            0.05
inaccuracy:  0.95000        1.00000           75.09           -0.03            0.05
===================================================================================================================================
                BAR        
-----------------------------------------------------------------------------------------------------------------------------------
BAR-estimator:         λ             λ+δλ          ΔΔA             ΔA            C               Δδe            δe       
                          
-----------------------------------------------------------------------------------------------------------------------------------
BAR-estimator:      0.00000        0.05000        2.1152         2.1152         2.1152         0.0148         0.0148 
BAR-estimator:      0.05000        0.10000        1.1600         3.2753         1.1600         0.0108         0.0183 
BAR-estimator:      0.10000        0.15000        0.5446         3.8199         0.5446         0.0097         0.0207 
BAR-estimator:      0.15000        0.20000        0.2598         4.0796         0.2598         0.0055         0.0214 
BAR-estimator:      0.20000        0.25000        0.1178         4.1975         0.1178         0.0046         0.0219 
BAR-estimator:      0.25000        0.30000        0.0171         4.2146         0.0171         0.0040         0.0223 
BAR-estimator:      0.30000        0.35000       -0.0428         4.1718        -0.0428         0.0038         0.0226 
BAR-estimator:      0.35000        0.40000       -0.0780         4.0939        -0.0780         0.0032         0.0228 
BAR-estimator:      0.40000        0.45000       -0.1134         3.9805        -0.1134         0.0032         0.0231 
BAR-estimator:      0.45000        0.50000       -0.1419         3.8386        -0.1419         0.0034         0.0233 
BAR-estimator:      0.50000        0.55000       -0.1858         3.6528        -0.1858         0.0034         0.0235 
BAR-estimator:      0.55000        0.60000       -0.2714         3.3814        -0.2714         0.0029         0.0237 
BAR-estimator:      0.60000        0.65000       -0.3169         3.0645        -0.3169         0.0032         0.0239 
BAR-estimator:      0.65000        0.70000       -0.3634         2.7011        -0.3634         0.0023         0.0240 
BAR-estimator:      0.70000        0.75000       -0.3974         2.3037        -0.3974         0.0031         0.0242 
BAR-estimator:      0.75000        0.80000       -0.4405         1.8632        -0.4405         0.0029         0.0244 
BAR-estimator:      0.80000        0.85000       -0.4686         1.3946        -0.4686         0.0029         0.0246 
BAR-estimator:      0.85000        0.90000       -0.4891         0.9055        -0.4891         0.0030         0.0248 
BAR-estimator:      0.90000        0.95000       -0.5130         0.3925        -0.5130         0.0032         0.0250 
BAR-estimator:      0.95000        1.00000       -0.5345        -0.1420        -0.5345         0.0029         0.0251 
BAR-estimator: total free energy change is -0.14203915905918252 , total error is 0.025143112909560207
