#========================================================================================
#                     Free energy perturbation    
#----------------------------------------------------------------------------------------
#forward/backward          λ              ΔΔA                 ΔA                  δε   
#                                                 
#----------------------------------------------------------------------------------------
forward:               0.0000              0.0000              0.0000              0.0000  
forward:               0.0500              2.0992              2.0992              0.0225  
forward:               0.1000              1.1465              3.2457              0.0292  
forward:               0.1500              0.5953              3.8411              0.0318  
forward:               0.2000              0.2688              4.1098              0.0329  
forward:               0.2500              0.1197              4.2295              0.0337  
forward:               0.3000              0.0330              4.2625              0.0342  
forward:               0.3500             -0.0342              4.2283              0.0346  
forward:               0.4000             -0.0695              4.1588              0.0349  
forward:               0.4500             -0.1063              4.0525              0.0352  
forward:               0.5000             -0.1341              3.9184              0.0354  
forward:               0.5500             -0.1885              3.7299              0.0357  
forward:               0.6000             -0.2605              3.4694              0.0359  
forward:               0.6500             -0.3155              3.1539              0.0361  
forward:               0.7000             -0.3646              2.7893              0.0363  
forward:               0.7500             -0.3985              2.3908              0.0364  
forward:               0.8000             -0.4318              1.9590              0.0366  
forward:               0.8500             -0.4665              1.4925              0.0368  
forward:               0.9000             -0.4865              1.0060              0.0370  
forward:               0.9500             -0.5041              0.5019              0.0371  
forward:               1.0000             -0.5279             -0.0260              0.0372  
backward:              1.0000              0.0000             -0.0260              0.0000  
backward:              0.9500              0.5292              0.5032              0.0040  
backward:              0.9000              0.5121              1.0153              0.0060  
backward:              0.8500              0.4837              1.4990              0.0075  
backward:              0.8000              0.4709              1.9699              0.0084  
backward:              0.7500              0.4395              2.4095              0.0092  
backward:              0.7000              0.4051              2.8146              0.0101  
backward:              0.6500              0.3589              3.1735              0.0108  
backward:              0.6000              0.3107              3.4841              0.0118  
backward:              0.5500              0.2594              3.7435              0.0127  
backward:              0.5000              0.1817              3.9252              0.0137  
backward:              0.4500              0.1308              4.0560              0.0142  
backward:              0.4000              0.1076              4.1636              0.0151  
backward:              0.3500              0.0744              4.2380              0.0162  
backward:              0.3000              0.0265              4.2645              0.0171  
backward:              0.2500             -0.0210              4.2435              0.0186  
backward:              0.2000             -0.1367              4.1069              0.0204  
backward:              0.1500             -0.2709              3.8360              0.0230  
backward:              0.1000             -0.5688              3.2673              0.0290  
backward:              0.0500             -1.1824              2.0849              0.0470  
backward:              0.0000             -2.2102             -0.1254              0.0791  
Inaccuracy estimation
======================================================================================================
                   i        i+δi          P0_overlap_P1   δε(forward)/ε   δε(backward)/ε
======================================================================================================
inaccuracy:  0.00000        0.05000           30.67            0.01            2.69
inaccuracy:  0.05000        0.10000           41.94           -0.05            1.31
inaccuracy:  0.10000        0.15000           52.32           -0.03            0.69
inaccuracy:  0.15000        0.20000           63.42           -0.02            0.35
inaccuracy:  0.20000        0.25000           68.13           -0.02            0.22
inaccuracy:  0.25000        0.30000           69.37           -0.02            0.16
inaccuracy:  0.30000        0.35000           72.68           -0.01            0.12
inaccuracy:  0.35000        0.40000           73.10           -0.02            0.11
inaccuracy:  0.40000        0.45000           73.70           -0.01            0.09
inaccuracy:  0.45000        0.50000           75.08           -0.02            0.08
inaccuracy:  0.50000        0.55000           73.04           -0.03            0.09
inaccuracy:  0.55000        0.60000           72.84           -0.03            0.08
inaccuracy:  0.60000        0.65000           74.16           -0.03            0.07
inaccuracy:  0.65000        0.70000           75.06           -0.03            0.06
inaccuracy:  0.70000        0.75000           74.30           -0.03            0.06
inaccuracy:  0.75000        0.80000           73.81           -0.04            0.06
inaccuracy:  0.80000        0.85000           74.64           -0.04            0.06
inaccuracy:  0.85000        0.90000           74.66           -0.03            0.05
inaccuracy:  0.90000        0.95000           73.70           -0.04            0.05
inaccuracy:  0.95000        1.00000           74.15           -0.04            0.05
===================================================================================================================================
                BAR        
-----------------------------------------------------------------------------------------------------------------------------------
BAR-estimator:         λ             λ+δλ          ΔΔA             ΔA            C               Δδe            δe       
                          
-----------------------------------------------------------------------------------------------------------------------------------
BAR-estimator:      0.00000        0.05000        2.1192         2.1192         2.1192         0.0112         0.0112 
BAR-estimator:      0.05000        0.10000        1.1607         3.2799         1.1607         0.0100         0.0150 
BAR-estimator:      0.10000        0.15000        0.5911         3.8711         0.5911         0.0090         0.0175 
BAR-estimator:      0.15000        0.20000        0.2742         4.1453         0.2742         0.0055         0.0184 
BAR-estimator:      0.20000        0.25000        0.1250         4.2703         0.1250         0.0050         0.0190 
BAR-estimator:      0.25000        0.30000        0.0277         4.2980         0.0277         0.0037         0.0194 
BAR-estimator:      0.30000        0.35000       -0.0300         4.2680        -0.0300         0.0037         0.0197 
BAR-estimator:      0.35000        0.40000       -0.0721         4.1959        -0.0721         0.0033         0.0200 
BAR-estimator:      0.40000        0.45000       -0.1094         4.0866        -0.1094         0.0027         0.0202 
BAR-estimator:      0.45000        0.50000       -0.1338         3.9527        -0.1338         0.0026         0.0204 
BAR-estimator:      0.50000        0.55000       -0.1845         3.7682        -0.1845         0.0028         0.0206 
BAR-estimator:      0.55000        0.60000       -0.2617         3.5065        -0.2617         0.0030         0.0208 
BAR-estimator:      0.60000        0.65000       -0.3158         3.1908        -0.3158         0.0024         0.0209 
BAR-estimator:      0.65000        0.70000       -0.3623         2.8285        -0.3623         0.0026         0.0211 
BAR-estimator:      0.70000        0.75000       -0.4010         2.4275        -0.4010         0.0029         0.0213 
BAR-estimator:      0.75000        0.80000       -0.4350         1.9924        -0.4350         0.0029         0.0215 
BAR-estimator:      0.80000        0.85000       -0.4660         1.5264        -0.4660         0.0027         0.0216 
BAR-estimator:      0.85000        0.90000       -0.4864         1.0400        -0.4864         0.0025         0.0218 
BAR-estimator:      0.90000        0.95000       -0.5078         0.5323        -0.5078         0.0031         0.0220 
BAR-estimator:      0.95000        1.00000       -0.5293         0.0030        -0.5293         0.0024         0.0221 
BAR-estimator: total free energy change is 0.0029659649956187417 , total error is 0.02212653931230279
