Charm++: standalone mode (not using charmrun)
Charm++> Running in Multicore mode: 12 threads (PEs)
Charm++> Using recursive bisection (scheme 3) for topology aware partitions
Converse/Charm++ Commit ID: 
CharmLB> Load balancer assumes all CPUs are same.
Charm++> Running on 1 hosts (2 sockets x 6 cores x 1 PUs = 12-way SMP)
Charm++> cpu topology info is gathered in 0.001 seconds.
Info: Built with CUDA version 11080
Did not find +devices i,j,k,... argument, using all
Pe 3 physical rank 3 will use CUDA device of pe 8
Pe 5 physical rank 5 will use CUDA device of pe 8
Pe 8 physical rank 8 binding to CUDA device 0 on k172: 'NVIDIA L40S'  Mem: 45709MB  Rev: 8.9  PCI: 0:ca:0
Pe 0 physical rank 0 will use CUDA device of pe 8
Pe 10 physical rank 10 will use CUDA device of pe 8
Pe 9 physical rank 9 will use CUDA device of pe 8
Pe 4 physical rank 4 will use CUDA device of pe 8
Pe 1 physical rank 1 will use CUDA device of pe 8
Pe 11 physical rank 11 will use CUDA device of pe 8
Pe 7 physical rank 7 will use CUDA device of pe 8
Pe 6 physical rank 6 will use CUDA device of pe 8
Pe 2 physical rank 2 will use CUDA device of pe 8
CharmLB> Load balancing instrumentation for communication is off.
Info: NAMD 3.0.1 for Linux-x86_64-multicore-CUDA
Info: 
Info: Please visit http://www.ks.uiuc.edu/Research/namd/
Info: for updates, documentation, and support information.
Info: 
Info: Please cite Phillips et al., J. Chem. Phys. 153:044130 (2020) doi:10.1063/5.0014475
Info: in all publications reporting results obtained with NAMD.
Info: 
Info: Based on Charm++/Converse 80000 for multicore-linux-x86_64-gcc
Info: Built Mon Oct 14 10:33:44 CDT 2024 by dhardy on athine.ks.uiuc.edu
Info: 1 NAMD  3.0.1  Linux-x86_64-multicore-CUDA  12    k172  z5382435
Info: Running on 12 processors, 1 nodes, 1 physical nodes.
Info: CPU topology information available.
Info: Charm++/Converse parallel runtime startup completed at 0.0893967 s
CkLoopLib is used in SMP with simple dynamic scheduling (converse-level notification)
Info: 0 MB of memory in use based on /proc/self/stat
Info: Configuration file is prod.namd
Info: Working in the current directory /srv/scratch/z5382435/.temp/2.5/3323117/22
TCL: Running FEP window   1: Lambda1 0.90   Lambda2 0.85   [dLambda -0.050000000000000044]
TCL: Suspending until startup complete.
Warning: The following variables were set in the
Warning: configuration file but will be ignored:
Warning:    switchdist (switching)
Warning: Option "1-4scaling" has been deprecated. Instead use "oneFourScaling".
Info: EXTENDED SYSTEM FILE   mobley_3323117_equil.xsc
Info: Tuning parameters to improve GPU-resident performance
Warning: Keeping margin at user-specified value 2
Warning: Performance might be improved by increasing margin size to >= 4
Warning: Disabling lonepair support due to incompatability with GPU-resident.
Info: Running with GPU-resident mode
Warning: Always using force tables for GPU nonbonded kernel due to unsupported config parameters.
Info: SIMULATION PARAMETERS:
Info: TIMESTEP               2
Info: NUMBER OF STEPS        0
Info: STEPS PER CYCLE        10
Info: PERIODIC CELL BASIS 1  31.0069 0 0
Info: PERIODIC CELL BASIS 2  0 31.7097 0
Info: PERIODIC CELL BASIS 3  0 0 31.6601
Info: PERIODIC CELL CENTER   0 0 0
Info: WRAPPING WATERS AROUND PERIODIC BOUNDARIES ON OUTPUT.
Info: WRAPPING ALL CLUSTERS AROUND PERIODIC BOUNDARIES ON OUTPUT.
Info: LOAD BALANCER  Centralized
Info: LOAD BALANCING STRATEGY  New Load Balancers -- DEFAULT
Info: LDB PERIOD             2000 steps
Info: FIRST LDB TIMESTEP     50
Info: LAST LDB TIMESTEP     -1
Info: LDB BACKGROUND SCALING 1
Info: HOM BACKGROUND SCALING 1
Info: PME BACKGROUND SCALING 1
Info: MIN ATOMS PER PATCH    40
Info: EMPTY PATCH LOAD       40 ATOMS
Info: VELOCITY FILE          mobley_3323117_equil.vel
Info: CENTER OF MASS MOVING INITIALLY? NO
Info: DIELECTRIC             1
Info: EXCLUDE                SCALED ONE-FOUR
Info: 1-4 ELECTROSTATICS SCALED BY 0.833333
Info: MODIFIED 1-4 VDW PARAMETERS WILL BE USED
Info: DCD FILENAME           mobley_3323117_prod.dcd
Info: DCD FREQUENCY          100000
Info: DCD FIRST STEP         100000
Info: DCD FILE WILL CONTAIN UNIT CELL DATA
Info: XST FILENAME           mobley_3323117_prod.xst
Info: XST FREQUENCY          100000
Info: NO VELOCITY DCD OUTPUT
Info: NO FORCE DCD OUTPUT
Info: OUTPUT FILENAME        mobley_3323117_prod
Info: BINARY OUTPUT FILES WILL BE USED
Info: RESTART FILENAME       mobley_3323117_prod.restart
Info: RESTART FREQUENCY      100000
Info: BINARY RESTART FILES WILL BE USED
Info: CUTOFF                 9
Info: PAIRLIST DISTANCE      11
Info: PAIRLIST SHRINK RATE   0.01
Info: PAIRLIST GROW RATE     0.01
Info: PAIRLIST TRIGGER       0.3
Info: PAIRLISTS PER CYCLE    2
Info: PAIRLISTS ENABLED
Info: MARGIN                 2
Info: HYDROGEN GROUP CUTOFF  2.5
Info: PATCH DIMENSION        15.5
Info: ENERGY OUTPUT STEPS    100000
Warning: The period of outputting energies relating to alchemical transformations (alchOutFreq = 50) is not a multiple of the period of computing energies (computeEnergies = 100000). If alchOutFreq is smaller than outputEnergies and computeEnergies is not defined, a better solution is to set computeEnergies explicitly and keep it the same as alchOutFreq. The simulation will use the greatest common divisor of computeEnergies and alchOutFreq as the period of energy evaluation.
Info: ENERGY EVALUATION STEPS    100000
Info: OUTPUT ENERGY PRECISION 4
Info: CROSSTERM ENERGY INCLUDED IN DIHEDRAL
Info: TIMING OUTPUT STEPS    1000000
Info: PRESSURE OUTPUT STEPS  100000
Info: ALCHEMICAL FEP ON
Info: FEP CURRENT LAMBDA VALUE     0.9
Info: FEP COMPARISON LAMBDA VALUE  0.85
Info: FEP INTRA-ALCHEMICAL NON-BONDED INTERACTIONS WILL BE RETAINED
Info: FEP INTRA-ALCHEMICAL BONDED INTERACTIONS WILL BE RETAINED
Info: FEP VDW SHIFTING COEFFICIENT 5
Info: FEP ELEC. ACTIVE FOR ANNIHILATED PARTICLES BETWEEN LAMBDA = 0 AND LAMBDA = 0.5
Info: FEP ELEC. ACTIVE FOR EXNIHILATED PARTICLES BETWEEN LAMBDA = 0.5 AND LAMBDA = 1
Info: FEP VDW ACTIVE FOR ANNIHILATED PARTICLES BETWEEN LAMBDA = 0 AND LAMBDA = 1
Info: FEP VDW ACTIVE FOR EXNIHILATED PARTICLES BETWEEN LAMBDA = 0 AND LAMBDA = 1
Info: FEP BOND ACTIVE FOR ANNIHILATED PARTICLES BETWEEN LAMBDA = 1 AND LAMBDA = 1
Info: FEP BOND ACTIVE FOR EXNIHILATED PARTICLES BETWEEN LAMBDA = 0 AND LAMBDA = 0
Info: LANGEVIN DYNAMICS ACTIVE
Info: LANGEVIN TEMPERATURE   300
Info: LANGEVIN USING BBK INTEGRATOR
Info: LANGEVIN DAMPING COEFFICIENT IS 1 INVERSE PS
Info: LANGEVIN DYNAMICS APPLIED TO HYDROGENS
Info: LANGEVIN PISTON PRESSURE CONTROL ACTIVE
Info:        TARGET PRESSURE IS 1.01325 BAR
Info:     OSCILLATION PERIOD IS 50 FS
Info:             DECAY TIME IS 25 FS
Info:     PISTON TEMPERATURE IS 300 K
Info:       PRESSURE CONTROL IS GROUP-BASED
Info:    INITIAL STRAIN RATE IS 9.40233e-05 9.40233e-05 9.40233e-05
Info:       CELL FLUCTUATION IS ISOTROPIC
Info: PARTICLE MESH EWALD (PME) ACTIVE
Info: PME TOLERANCE               1e-06
Info: PME EWALD COEFFICIENT       0.348832
Info: PME INTERPOLATION ORDER     4
Info: PME GRID DIMENSIONS         32 32 32
Info: PME MAXIMUM GRID SPACING    1
Info: PME CALCULATION WILL BE PERFORMED ON GPU
Info: FULL ELECTROSTATIC EVALUATION FREQUENCY      2
Info: USING VERLET I (r-RESPA) MTS SCHEME.
Info: C1 SPLITTING OF LONG RANGE ELECTROSTATICS
Info: PLACING ATOMS IN PATCHES BY HYDROGEN GROUPS
Info: RIGID BONDS TO HYDROGEN : ALL
Info:         ERROR TOLERANCE : 1e-08
Info:          MAX ITERATIONS : 100
Info: RIGID WATER USING SETTLE ALGORITHM
Info: RANDOM NUMBER SEED     1742783382
Info: USE HYDROGEN BONDS?    NO
Info: Using AMBER format force field!
Info: AMBER PARM FILE        mobley_3323117.prmtop
Info: COORDINATE PDB         mobley_3323117.pdb
Info: Exclusions will be read from PARM file!
Info: SCNB (VDW SCALING)     2
Info: USING ARITHMETIC MEAN TO COMBINE L-J SIGMA PARAMETERS
Info: BINARY COORDINATES     mobley_3323117_equil.coor
Info: === Start reading AMBER parm7 format file mobley_3323117.prmtop ===
Info: Complete reading ATOM_NAME with 2994 fields.
Info: Complete reading CHARGE with 2994 fields.
Info: Complete reading ATOMIC_NUMBER with 2994 fields.
Info: Complete reading MASS with 2994 fields.
Info: Complete reading ATOM_TYPE_INDEX with 2994 fields.
Info: Complete reading NUMBER_EXCLUDED_ATOMS with 2994 fields.
Info: Complete reading NONBONDED_PARM_INDEX with 49 fields.
Info: Complete reading RESIDUE_LABEL with 994 fields.
Info: Complete reading RESIDUE_POINTER with 994 fields.
Info: Complete reading BOND_FORCE_CONSTANT with 7 fields.
Info: Complete reading BOND_EQUIL_VALUE with 7 fields.
Info: Complete reading ANGLE_FORCE_CONSTANT with 10 fields.
Info: Complete reading ANGLE_EQUIL_VALUE with 10 fields.
Info: Complete reading DIHEDRAL_FORCE_CONSTANT with 7 fields.
Info: Complete reading DIHEDRAL_PERIODICITY with 7 fields.
Info: Complete reading DIHEDRAL_PHASE with 7 fields.
Info: Complete reading SCEE_SCALE_FACTOR with 7 fields.
Info: Complete reading SCNB_SCALE_FACTOR with 7 fields.
Info: Complete reading LENNARD_JONES_ACOEF with 28 fields.
Info: Complete reading LENNARD_JONES_BCOEF with 28 fields.
Info: Complete reading BONDS_INC_HYDROGEN with 8961 fields.
Info: Complete reading BONDS_WITHOUT_HYDROGEN with 21 fields.
Info: Complete reading ANGLES_INC_HYDROGEN with 80 fields.
Info: Complete reading ANGLES_WITHOUT_HYDROGEN with 40 fields.
Info: Complete reading DIHEDRALS_INC_HYDROGEN with 180 fields.
Info: Complete reading DIHEDRALS_WITHOUT_HYDROGEN with 55 fields.
Info: Complete reading EXCLUDED_ATOMS_LIST with 4059 fields.
Info: Complete reading HBOND_ACOEF with 0 fields.
Info: Complete reading HBOND_BCOEF with 0 fields.
Info: Complete reading AMBER_ATOM_TYPE with 2994 fields.
Info: Complete reading TREE_CHAIN_CLASSIFICATION with 2994 fields.
Info: Complete reading ATOMS_PER_MOLECULE with 994 fields.
Info: Complete reading BOX_DIMENSIONS with 4 fields.
Info: Complete reading RADIUS_SET with 1 fields.
Info: Complete reading RADII with 2994 fields.
Info: Complete reading SCREEN with 2994 fields.
Info: === Finish reading AMBER parm7 format file. ===
Warning: Found 993 H-H bonds.
Info: SUMMARY OF PARAMETERS:
Info: 7 BONDS
Info: 10 ANGLES
Info:   10 HARMONIC
Info:   0 COSINE-BASED
Info: 7 DIHEDRAL
Info: 0 IMPROPER
Info: 0 CROSSTERM
Info: 0 VDW
Info: 28 VDW_PAIRS
Info: 0 NBTHOLE_PAIRS
Info: Reading pdb file mobley_3323117.pdb
Info: TIME FOR READING PDB FILE: 0.011158
Info: 
Info: To read alchdata from file: mobley_3323117.pdb
Info: To read alchflag data from column: 5
Info: ****************************
Info: STRUCTURE SUMMARY:
Info: 2994 ATOMS
Info: 2994 BONDS
Info: 30 ANGLES
Info: 47 DIHEDRALS
Info: 0 IMPROPERS
Info: 0 CROSSTERMS
Info: 3064 EXCLUSIONS
Info: 2987 RIGID BONDS
Info: ALCH: 0 ATOMS TO DISAPPEAR IN FINAL STATE
Info: ALCH: 15 ATOMS TO APPEAR IN FINAL STATE
Info: 5995 DEGREES OF FREEDOM
Info: 1000 HYDROGEN GROUPS
Info: 3 ATOMS IN LARGEST HYDROGEN GROUP
Info: 1000 MIGRATION GROUPS
Info: 3 ATOMS IN LARGEST MIGRATION GROUP
Info: TOTAL MASS = 18010.1 amu
Info: TOTAL CHARGE = 9.9957e-05 e
Info: MASS DENSITY = 0.96075 g/cm^3
Info: ATOM DENSITY = 0.0961807 atoms/A^3
Info: *****************************
Info: Reading from binary file mobley_3323117_equil.coor
Info: 
Info: Entering startup at 0.320894 s, 0 MB of memory in use
Info: Startup phase 0 took 7.5138e-05 s, 0 MB of memory in use
Info: ADDED 0 IMPLICIT EXCLUSIONS
Info: Startup phase 1 took 0.00108721 s, 0 MB of memory in use
Info: NONBONDED TABLE R-SQUARED SPACING: 0.0625
Info: NONBONDED TABLE SIZE: 705 POINTS
Info: INCONSISTENCY IN FAST TABLE ENERGY VS FORCE: 0.000290481 AT 0.251946
Info: INCONSISTENCY IN SCOR TABLE ENERGY VS FORCE: 0.000238233 AT 8.9687
Info: ABSOLUTE IMPRECISION IN VDWA TABLE ENERGY: 1.21169e-27 AT 8.99653
Info: ABSOLUTE IMPRECISION IN VDWA TABLE FORCE: 2.57484e-27 AT 8.99653
Info: INCONSISTENCY IN VDWA TABLE ENERGY VS FORCE: 0.0040507 AT 0.251946
Info: INCONSISTENCY IN VDWB TABLE ENERGY VS FORCE: 0.00150189 AT 0.251946
Info: Startup phase 2 took 0.000206931 s, 0 MB of memory in use
Info: Startup phase 3 took 5.9921e-05 s, 0 MB of memory in use
Info: Startup phase 4 took 7.8877e-05 s, 0 MB of memory in use
Info: Startup phase 5 took 5.7734e-05 s, 0 MB of memory in use
Info: REDUCING NUMBER OF PATCHES TO IMPROVE LOAD BALANCE
Info: PATCH GRID IS 3 (PERIODIC) BY 2 (PERIODIC) BY 2 (PERIODIC)
Info: PATCH GRID IS 2-AWAY BY 1-AWAY BY 1-AWAY
Info: Reading from binary file mobley_3323117_equil.vel
Info: REMOVING COM VELOCITY 0.0559764 0.00205532 0.0317657
Info: LARGEST PATCH (1) HAS 264 ATOMS
Info: TORUS A SIZE 1 USING 0
Info: TORUS B SIZE 1 USING 0
Info: TORUS C SIZE 1 USING 0
Info: TORUS MINIMAL MESH SIZE IS 1 BY 1 BY 1
Info: Placed 100% of base nodes on same physical node as patch
Info: Startup phase 6 took 0.00783379 s, 0 MB of memory in use
Info: Use 3D box decompostion in PME FFT.
Info: PME using 1 x 1 x 1 pencil grid for FFT and reciprocal sum.
Info: Startup phase 7 took 0.000141391 s, 0 MB of memory in use
Info: Updated CUDA force table with 4096 elements.
Info: Updated CUDA LJ table with 7 x 7 elements.
Info: Startup phase 8 took 0.000607187 s, 0 MB of memory in use
Info: Startup phase 9 took 6.6285e-05 s, 0 MB of memory in use
Info: Startup phase 10 took 5.7328e-05 s, 0 MB of memory in use
Info: Startup phase 11 took 0.00131089 s, 0 MB of memory in use
LDB: Central LB being created...
Info: Startup phase 12 took 0.00361772 s, 0 MB of memory in use
Info: CREATING 456 COMPUTE OBJECTS
Info: Found 18 unique exclusion lists needing 40 bytes
Info: useSync: 0 useProxySync: 0
Info: Startup phase 13 took 0.0124963 s, 0 MB of memory in use
Info: Startup phase 14 took 7.0215e-05 s, 0 MB of memory in use
Info: Startup phase 15 took 5.5006e-05 s, 0 MB of memory in use
Info: Finished startup at 0.348716 s, 0 MB of memory in use

TCL: Running for 1500000 steps
FEP: RESETTING FOR NEW FEP WINDOW LAMBDA SET TO 0.9 LAMBDA2 0.85
FEP: WINDOW TO HAVE 100000 STEPS OF EQUILIBRATION PRIOR TO FEP DATA COLLECTION.
FEP: USING CONSTANT TEMPERATURE OF 300 K FOR FEP CALCULATION
PRESSURE: 0 -920.66 -221.472 326.435 -221.475 -481.088 60.5538 326.436 60.5519 -1342.08
GPRESSURE: 0 -1017.18 -350.102 212.139 -153.551 -235.944 219.793 158.404 -49.1016 -1217.98
ETITLE:      TS           BOND          ANGLE          DIHED          IMPRP               ELECT            VDW       BOUNDARY           MISC        KINETIC               TOTAL           TEMP      POTENTIAL       TOTALAVG        TEMPAVG            PRESSURE      GPRESSURE         VOLUME       PRESSAVG      GPRESSAVG
FEPTITLE:    TS          BOND2         ELECT2           VDW2

ENERGY:       0         1.7296         5.6258        10.5895         0.0000         -10775.3712      1353.1565         0.0000         0.0000      1800.9404          -7603.3294       302.3434     -9404.2698     -7603.3294       302.3434           -914.6105      -823.7026     31128.9190      -914.6105      -823.7026
FEP:          0        17.9449    -10773.3873      1353.3535

OPENING FEP ENERGY OUTPUT FILE
OPENING EXTENDED SYSTEM TRAJECTORY FILE
Info: Initial time: 12 CPUs 0.000836572 s/step 206.557 ns/day 0 MB memory
Info: Initial time: 12 CPUs 0.00031281 s/step 552.412 ns/day 0 MB memory
Info: Initial time: 12 CPUs 0.000316717 s/step 545.598 ns/day 0 MB memory
Info: Benchmark time: 12 CPUs 0.000323488 s/step 534.177 ns/day 0 MB memory
Info: Benchmark time: 12 CPUs 0.000314428 s/step 549.57 ns/day 0 MB memory
Info: Benchmark time: 12 CPUs 0.000314602 s/step 549.266 ns/day 0 MB memory
Info: Benchmark time: 12 CPUs 0.000311559 s/step 554.63 ns/day 0 MB memory
Info: Benchmark time: 12 CPUs 0.000315581 s/step 547.561 ns/day 0 MB memory
Info: Benchmark time: 12 CPUs 0.000320226 s/step 539.618 ns/day 0 MB memory
PRESSURE: 100000 -145.057 874.911 -15.4283 874.907 -535.026 373.653 -15.4266 373.65 -820.396
GPRESSURE: 100000 -59.9107 919.995 -122.494 607.345 -555.524 700.281 492.849 47.4913 -767.059
PRESSAVG: 100000 -532.858 326.716 155.504 326.716 -508.057 217.101 155.504 217.101 -1081.24
GPRESSAVG: 100000 -538.546 284.946 44.8224 226.897 -395.734 460.037 325.627 -0.805133 -992.521
ENERGY:  100000         2.1041        12.5801         5.7925         0.0000         -10918.2893      1405.7219         0.0000         0.0000      1770.4032          -7721.6875       297.2168     -9492.0907     -7662.5085       299.7801           -500.1598      -460.8311     31010.7418      -707.3852      -642.2669
FEP:     100000        20.4767    -10916.3544      1405.4859

WRITING EXTENDED SYSTEM TO RESTART FILE AT STEP 100000
OPENING COORDINATE DCD FILE
WRITING COORDINATES TO DCD FILE mobley_3323117_prod.dcd AT STEP 100000
WRITING COORDINATES TO RESTART FILE AT STEP 100000
FINISHED WRITING RESTART COORDINATES
The last position output (seq=100000) takes 0.015 seconds, 0.000 MB of memory in use
WRITING VELOCITIES TO RESTART FILE AT STEP 100000
FINISHED WRITING RESTART VELOCITIES
The last velocity output (seq=100000) takes 0.008 seconds, 0.000 MB of memory in use
PRESSURE: 200000 696.886 223.963 -78.0083 223.962 353.592 -190.768 -78.0095 -190.763 -151.897
GPRESSURE: 200000 616.348 431.093 -132.002 9.93155 421.657 -6.46545 -95.5293 -254.055 83.9642
PRESSAVG: 200000 -122.944 292.465 77.6665 292.465 -220.841 81.1463 77.6665 81.1463 -771.459
GPRESSAVG: 200000 -153.581 333.662 -14.1191 154.575 -123.27 304.536 185.241 -85.2216 -633.693
ENERGY:  200000         3.1501         7.7282         6.9898         0.0000         -10955.1021      1484.3855         0.0000         0.0000      1695.8845          -7756.9640       284.7066     -9452.8485     -7693.9937       294.7556            299.5272       373.9896     30679.8788      -371.7477      -303.5147
FEP:     200000        17.8681    -10952.7662      1484.3454

WRITING EXTENDED SYSTEM TO RESTART FILE AT STEP 200000
WRITING COORDINATES TO DCD FILE mobley_3323117_prod.dcd AT STEP 200000
WRITING COORDINATES TO RESTART FILE AT STEP 200000
FINISHED WRITING RESTART COORDINATES
The last position output (seq=200000) takes 0.015 seconds, 0.000 MB of memory in use
WRITING VELOCITIES TO RESTART FILE AT STEP 200000
FINISHED WRITING RESTART VELOCITIES
The last velocity output (seq=200000) takes 0.014 seconds, 0.000 MB of memory in use
PRESSURE: 300000 -208.756 708.307 113.657 708.309 -198.756 63.9979 113.654 63.9907 -1550.74
GPRESSURE: 300000 -258.848 596.036 167.149 469.167 -192.617 187.143 176.568 -147.495 -1271.01
PRESSAVG: 300000 -144.397 396.426 86.6634 396.426 -215.319 76.8574 86.6634 76.8574 -966.28
GPRESSAVG: 300000 -179.898 399.255 31.1979 233.223 -140.607 275.188 183.073 -100.79 -793.021
ENERGY:  300000         3.6764         8.4286         7.5275         0.0000         -10856.2860      1412.6306         0.0000         0.0000      1802.0232          -7621.9998       302.5252     -9424.0230     -7675.9952       296.6980           -652.7512      -574.1573     31278.0888      -441.9986      -371.1754
FEP:     300000        19.6324    -10853.6654      1411.9403

WRITING EXTENDED SYSTEM TO RESTART FILE AT STEP 300000
WRITING COORDINATES TO DCD FILE mobley_3323117_prod.dcd AT STEP 300000
WRITING COORDINATES TO RESTART FILE AT STEP 300000
FINISHED WRITING RESTART COORDINATES
The last position output (seq=300000) takes 0.028 seconds, 0.000 MB of memory in use
WRITING VELOCITIES TO RESTART FILE AT STEP 300000
FINISHED WRITING RESTART VELOCITIES
The last velocity output (seq=300000) takes 0.018 seconds, 0.000 MB of memory in use
PRESSURE: 400000 -337.776 46.7579 133.45 46.7593 154.112 -247.431 133.447 -247.426 1192.89
GPRESSURE: 400000 -179.338 130.213 142.55 140.594 256.562 -300.316 -190.306 35.8005 1184.11
PRESSAVG: 400000 -183.073 326.493 96.0201 326.493 -141.433 12.0007 96.0201 12.0007 -534.445
GPRESSAVG: 400000 -179.786 345.447 53.4682 214.697 -61.1732 160.087 108.397 -73.472 -397.595
ENERGY:  400000         2.5073         9.3588         7.7970         0.0000         -11010.2908      1523.1141         0.0000         0.0000      1781.2531          -7686.2604       299.0383     -9467.5135     -7678.0483       297.1661            336.4099       420.4453     30559.8848      -286.3169      -212.8512
FEP:     400000        19.6632    -11007.8358      1522.6628

WRITING EXTENDED SYSTEM TO RESTART FILE AT STEP 400000
WRITING COORDINATES TO DCD FILE mobley_3323117_prod.dcd AT STEP 400000
WRITING COORDINATES TO RESTART FILE AT STEP 400000
FINISHED WRITING RESTART COORDINATES
The last position output (seq=400000) takes 0.024 seconds, 0.000 MB of memory in use
WRITING VELOCITIES TO RESTART FILE AT STEP 400000
FINISHED WRITING RESTART VELOCITIES
The last velocity output (seq=400000) takes 0.020 seconds, 0.000 MB of memory in use
PRESSURE: 500000 -658.516 -432.742 -141.353 -432.745 139.482 -207.778 -141.352 -207.774 -634.192
GPRESSURE: 500000 -557.273 -508.085 -368.285 -389.551 183.18 49.1739 -122.753 -256.796 -788.377
PRESSAVG: 500000 -262.313 199.953 56.4581 199.953 -94.6139 -24.6283 56.4581 -24.6283 -551.07
GPRESSAVG: 500000 -242.7 203.192 -16.8239 113.989 -20.4476 141.601 69.8721 -104.026 -462.725
ENERGY:  500000         2.0258         8.2297         8.2458         0.0000         -10888.1451      1426.5293         0.0000         0.0000      1787.0739          -7656.0407       300.0155     -9443.1146     -7674.3803       297.6410           -384.4088      -387.4898     31158.5880      -302.6655      -241.9577
FEP:     500000        18.5013    -10885.5218      1425.6776

WRITING EXTENDED SYSTEM TO RESTART FILE AT STEP 500000
WRITING COORDINATES TO DCD FILE mobley_3323117_prod.dcd AT STEP 500000
WRITING COORDINATES TO RESTART FILE AT STEP 500000
FINISHED WRITING RESTART COORDINATES
The last position output (seq=500000) takes 0.033 seconds, 0.000 MB of memory in use
WRITING VELOCITIES TO RESTART FILE AT STEP 500000
FINISHED WRITING RESTART VELOCITIES
The last velocity output (seq=500000) takes 0.032 seconds, 0.000 MB of memory in use
PRESSURE: 600000 707.382 -2.72814 -481.848 -2.72568 259.727 -321.948 -481.85 -321.953 256.423
GPRESSURE: 600000 610.511 -92.5384 -646.877 86.5009 468.982 -159.397 -202.37 -382.197 214.02
PRESSAVG: 600000 -123.785 170.999 -20.443 170.999 -43.9938 -67.1032 -20.443 -67.1032 -435.714
GPRESSAVG: 600000 -120.813 160.944 -106.832 110.062 49.471 98.6016 30.9803 -143.765 -366.047
ENERGY:  600000         2.0854        11.5479         7.5949         0.0000         -11057.2659      1526.9730         0.0000         0.0000      1825.0417          -7684.0230       306.3896     -9509.0647     -7675.7578       298.8908            407.8438       431.1712     30576.0730      -201.1642      -145.7964
FEP:     600000        21.2282    -11054.8663      1526.3089

WRITING EXTENDED SYSTEM TO RESTART FILE AT STEP 600000
WRITING COORDINATES TO DCD FILE mobley_3323117_prod.dcd AT STEP 600000
WRITING COORDINATES TO RESTART FILE AT STEP 600000
FINISHED WRITING RESTART COORDINATES
The last position output (seq=600000) takes 0.032 seconds, 0.000 MB of memory in use
WRITING VELOCITIES TO RESTART FILE AT STEP 600000
FINISHED WRITING RESTART VELOCITIES
PRESSURE: 700000 -267.683 -261.432 156.976 -261.433 -262.34 -15.4246 156.976 -15.4268 -223.065
GPRESSURE: 700000 -76.6819 -95.5254 3.2539 -629.319 -172.524 -127.637 347.89 81.8882 -206.366
PRESSAVG: 700000 -141.773 116.945 1.73443 116.945 -71.2871 -60.6437 1.73443 -60.6437 -409.132
GPRESSAVG: 700000 -115.297 128.886 -93.0708 17.6397 21.7216 70.3219 70.5941 -115.558 -346.087
ENERGY:  700000         3.0334         6.9591         7.7612         0.0000         -10857.8693      1423.4806         0.0000         0.0000      1733.3153          -7683.3197       290.9905     -9416.6350     -7676.7031       297.9032           -251.0293      -151.8573     30867.8240      -207.3973      -146.5540
FEP:     700000        17.7537    -10855.8340      1423.5315

WRITING EXTENDED SYSTEM TO RESTART FILE AT STEP 700000
WRITING COORDINATES TO DCD FILE mobley_3323117_prod.dcd AT STEP 700000
WRITING COORDINATES TO RESTART FILE AT STEP 700000
FINISHED WRITING RESTART COORDINATES
The last position output (seq=700000) takes 0.027 seconds, 0.000 MB of memory in use
WRITING VELOCITIES TO RESTART FILE AT STEP 700000
FINISHED WRITING RESTART VELOCITIES
PRESSURE: 800000 -1306.4 -50.1609 -4.32209 -50.1581 -371.848 -289.274 -4.3212 -289.272 -334.446
GPRESSURE: 800000 -1204.67 -70.5075 290.239 -145.462 -405.912 -541.337 -198.725 -6.26624 -69.9142
PRESSAVG: 800000 -271.175 98.378 1.06158 98.378 -104.683 -86.0469 1.06158 -86.0469 -400.834
GPRESSAVG: 800000 -236.338 106.731 -50.4809 -0.482785 -25.7932 2.35972 40.6697 -103.415 -315.401
ENERGY:  800000         2.2079        10.0701         7.8218         0.0000         -10926.3566      1422.2135         0.0000         0.0000      1805.9109          -7678.1324       303.1779     -9484.0433     -7676.8619       298.4893           -670.8972      -560.1648     31057.5948      -258.8973      -192.5108
FEP:     800000        20.0998    -10924.1768      1421.2654

WRITING EXTENDED SYSTEM TO RESTART FILE AT STEP 800000
WRITING COORDINATES TO DCD FILE mobley_3323117_prod.dcd AT STEP 800000
WRITING COORDINATES TO RESTART FILE AT STEP 800000
FINISHED WRITING RESTART COORDINATES
The last position output (seq=800000) takes 0.020 seconds, 0.000 MB of memory in use
WRITING VELOCITIES TO RESTART FILE AT STEP 800000
FINISHED WRITING RESTART VELOCITIES
PRESSURE: 900000 163.674 -782.459 17.0499 -782.46 96.1895 52.1736 17.0521 52.1697 -190.177
GPRESSURE: 900000 257.599 -491.968 -43.6346 -975.37 261.702 -90.0439 -198.186 38.2351 -167.962
PRESSAVG: 900000 -227.69 10.2942 2.66063 10.2942 -84.5955 -72.2252 2.66063 -72.2252 -379.768
GPRESSAVG: 900000 -186.944 46.8611 -49.7962 -97.9715 2.95635 -6.88064 16.7841 -89.2496 -300.657
ENERGY:  900000         1.8323         7.2945         7.4691         0.0000         -11015.3192      1493.7043         0.0000         0.0000      1768.4469          -7736.5720       296.8884     -9505.0190     -7682.8329       298.3292             23.2287       117.1130     30835.5086      -230.6847      -161.5484
FEP:     900000        16.5959    -11012.8671      1492.6201

WRITING EXTENDED SYSTEM TO RESTART FILE AT STEP 900000
WRITING COORDINATES TO DCD FILE mobley_3323117_prod.dcd AT STEP 900000
WRITING COORDINATES TO RESTART FILE AT STEP 900000
FINISHED WRITING RESTART COORDINATES
The last position output (seq=900000) takes 0.036 seconds, 0.000 MB of memory in use
WRITING VELOCITIES TO RESTART FILE AT STEP 900000
FINISHED WRITING RESTART VELOCITIES
PRESSURE: 1000000 273.929 -730.647 39.4014 -730.64 -357.159 -145.197 39.4006 -145.193 -363.118
GPRESSURE: 1000000 388.3 -631.99 45.6652 -714.341 -306.735 -286.826 -201.91 -70.4682 -302.979
PRESSAVG: 1000000 -182.089 -57.0634 6.00063 -57.0634 -109.374 -78.8586 6.00063 -78.8586 -378.255
GPRESSAVG: 1000000 -134.649 -14.8526 -41.1179 -154.005 -25.1974 -32.3303 -3.09718 -87.5422 -300.868
TIMING: 1000000  CPU: 310.39, 0.000310138/step  Wall: 321.448, 0.000321426/step, 537.604 ns/days, 0.0446425 hours remaining, 0.000000 MB of memory in use.
PERFORMANCE: 1000000  averaging 537.604 ns/day, 0.000321426 sec/step with standard deviation 0
ETITLE:      TS           BOND          ANGLE          DIHED          IMPRP               ELECT            VDW       BOUNDARY           MISC        KINETIC               TOTAL           TEMP      POTENTIAL       TOTALAVG        TEMPAVG            PRESSURE      GPRESSURE         VOLUME       PRESSAVG      GPRESSAVG
FEPTITLE:    TS          BOND2         ELECT2           VDW2

ENERGY: 1000000         1.1596        12.4076         5.3691         0.0000         -11019.5229      1452.2712         0.0000         0.0000      1780.1634          -7768.1519       298.8554     -9548.3153     -7690.5892       298.3770           -148.7825       -73.8050     30584.3529      -223.2391      -153.5717
FEP:    1000000        18.9363    -11017.6455      1452.1218

WRITING EXTENDED SYSTEM TO RESTART FILE AT STEP 1000000
WRITING COORDINATES TO DCD FILE mobley_3323117_prod.dcd AT STEP 1000000
WRITING COORDINATES TO RESTART FILE AT STEP 1000000
FINISHED WRITING RESTART COORDINATES
The last position output (seq=1000000) takes 0.043 seconds, 0.000 MB of memory in use
WRITING VELOCITIES TO RESTART FILE AT STEP 1000000
FINISHED WRITING RESTART VELOCITIES
PRESSURE: 1100000 329.987 -108.742 -63.8823 -108.744 130.032 -256.656 -63.8857 -256.658 -164.066
GPRESSURE: 1100000 330 -77.3792 68.4218 -565.416 94.8517 -305.885 -188.564 -141.506 118.919
PRESSAVG: 1100000 -139.416 -61.3702 0.176764 -61.3702 -89.4235 -93.6752 0.176764 -93.6752 -360.406
GPRESSAVG: 1100000 -95.9286 -20.0632 -31.9896 -188.289 -15.1933 -55.1265 -18.5527 -92.0392 -265.886
ENERGY: 1100000         2.8057        10.1664         6.8675         0.0000         -10941.5763      1473.2380         0.0000         0.0000      1787.5742          -7660.9246       300.0995     -9448.4988     -7688.1171       298.5206             98.6508       181.2568     30760.2972      -196.4149      -125.6693
FEP:    1100000        19.8396    -10938.7355      1472.6840

WRITING EXTENDED SYSTEM TO RESTART FILE AT STEP 1100000
WRITING COORDINATES TO DCD FILE mobley_3323117_prod.dcd AT STEP 1100000
WRITING COORDINATES TO RESTART FILE AT STEP 1100000
FINISHED WRITING RESTART COORDINATES
WRITING VELOCITIES TO RESTART FILE AT STEP 1100000
FINISHED WRITING RESTART VELOCITIES
PRESSURE: 1200000 98.4188 -258.327 -634.484 -258.325 -299.533 -468.067 -634.487 -468.063 362.088
GPRESSURE: 1200000 -285.476 -83.6517 -447.462 -302.093 0.392667 -569.015 -589.238 -218.896 439.762
PRESSAVG: 1200000 -121.121 -76.5205 -48.6435 -76.5205 -105.586 -122.474 -48.6435 -122.474 -304.829
GPRESSAVG: 1200000 -110.509 -24.9546 -63.9491 -197.043 -13.9944 -94.6564 -62.4516 -101.797 -211.605
ENERGY: 1200000         1.4713         9.7133         5.5527         0.0000         -10865.1277      1457.8731         0.0000         0.0000      1793.1659          -7597.3515       301.0382     -9390.5173     -7681.1352       298.7143             53.6578        51.5598     30961.4427      -177.1786      -112.0363
FEP:    1200000        16.7373    -10863.1092      1457.7677

WRITING EXTENDED SYSTEM TO RESTART FILE AT STEP 1200000
WRITING COORDINATES TO DCD FILE mobley_3323117_prod.dcd AT STEP 1200000
WRITING COORDINATES TO RESTART FILE AT STEP 1200000
FINISHED WRITING RESTART COORDINATES
WRITING VELOCITIES TO RESTART FILE AT STEP 1200000
FINISHED WRITING RESTART VELOCITIES
PRESSURE: 1300000 128.682 -351.051 -676.851 -351.053 244.977 306.109 -676.852 306.112 -181.423
GPRESSURE: 1300000 197.341 -556.659 -479.592 -357.427 276.505 242.744 -788.688 599.274 22.3103
PRESSAVG: 1300000 -103.278 -96.13 -93.5156 -96.13 -80.5456 -91.861 -93.5156 -91.861 -296.014
GPRESSAVG: 1300000 -88.5199 -62.9335 -93.6379 -208.499 6.75555 -70.5564 -114.326 -51.7209 -194.897
ENERGY: 1300000         8.4860        10.3368         6.8870         0.0000         -11013.8742      1493.1878         0.0000         0.0000      1821.3693          -7673.6073       305.7731     -9494.9766     -7680.5975       299.2185             64.0785       165.3853     30675.7948      -159.9459       -92.2205
FEP:    1300000        25.7097    -11009.9657      1491.0643

WRITING EXTENDED SYSTEM TO RESTART FILE AT STEP 1300000
WRITING COORDINATES TO DCD FILE mobley_3323117_prod.dcd AT STEP 1300000
WRITING COORDINATES TO RESTART FILE AT STEP 1300000
FINISHED WRITING RESTART COORDINATES
WRITING VELOCITIES TO RESTART FILE AT STEP 1300000
FINISHED WRITING RESTART VELOCITIES
PRESSURE: 1400000 105.655 231.591 -214.65 231.593 342.165 -225.173 -214.648 -225.174 -69.5699
GPRESSURE: 1400000 259.011 152.971 -197.346 162.007 266.155 -164.017 -400.432 -82.8377 -133.872
PRESSAVG: 1400000 -89.3489 -74.2818 -101.591 -74.2818 -52.3649 -100.748 -101.591 -100.748 -280.918
GPRESSAVG: 1400000 -65.3511 -48.5399 -100.552 -183.799 24.0489 -76.7871 -133.399 -53.7953 -190.829
ENERGY: 1400000         1.6923         6.0978        11.6280         0.0000         -10896.8125      1456.5335         0.0000         0.0000      1794.0415          -7626.8194       301.1852     -9420.8609     -7677.0123       299.3496            126.0833       130.4314     30848.7035      -140.8773       -77.3770
FEP:    1400000        19.4181    -10894.7601      1456.1591

WRITING EXTENDED SYSTEM TO RESTART FILE AT STEP 1400000
WRITING COORDINATES TO DCD FILE mobley_3323117_prod.dcd AT STEP 1400000
WRITING COORDINATES TO RESTART FILE AT STEP 1400000
FINISHED WRITING RESTART COORDINATES
WRITING VELOCITIES TO RESTART FILE AT STEP 1400000
FINISHED WRITING RESTART VELOCITIES
PRESSURE: 1500000 1231.98 -404.771 104.461 -404.774 242.115 135.167 104.466 135.173 631.279
GPRESSURE: 1500000 1261.06 -8.02804 225.407 -832.136 184.812 132.399 -41.9114 250.613 840.086
PRESSAVG: 1500000 -6.76568 -94.9376 -88.7125 -94.9376 -33.9599 -86.0034 -88.7125 -86.0034 -223.906
GPRESSAVG: 1500000 17.5498 -46.0079 -80.1794 -224.32 34.0966 -63.713 -127.681 -34.7698 -126.397
ENERGY: 1500000         1.8571        13.4223         5.2846         0.0000         -11039.9128      1558.1106         0.0000         0.0000      1773.1447          -7688.0934       297.6771     -9461.2381     -7677.7048       299.2450            701.7919       761.9873     30646.0142       -88.2105       -24.9168
FEP:    1500000        20.5640    -11037.8319      1557.0487

WRITING EXTENDED SYSTEM TO RESTART FILE AT STEP 1500000
WRITING COORDINATES TO DCD FILE mobley_3323117_prod.dcd AT STEP 1500000
WRITING COORDINATES TO RESTART FILE AT STEP 1500000
FINISHED WRITING RESTART COORDINATES
WRITING VELOCITIES TO RESTART FILE AT STEP 1500000
FINISHED WRITING RESTART VELOCITIES
TCL: Exiting due to exit command.
WRITING EXTENDED SYSTEM TO OUTPUT FILE AT STEP 1500000
CLOSING EXTENDED SYSTEM TRAJECTORY FILE
WRITING COORDINATES TO OUTPUT FILE AT STEP 1500000
CLOSING COORDINATE DCD FILE mobley_3323117_prod.dcd
WRITING VELOCITIES TO OUTPUT FILE AT STEP 1500000
====================================================

WallClock: 478.343994  CPUTime: 476.521027  Memory: 0.000000 MB
[Partition 0][Node 0] End of program
