#========================================================================================
#                     Free energy perturbation    
#----------------------------------------------------------------------------------------
#forward/backward          λ              ΔΔA                 ΔA                  δε   
#                                                 
#----------------------------------------------------------------------------------------
forward:               0.0000              0.0000              0.0000              0.0000  
forward:               0.0500              1.2431              1.2431              0.0192  
forward:               0.1000              0.7075              1.9507              0.0241  
forward:               0.1500              0.3994              2.3501              0.0263  
forward:               0.2000              0.2331              2.5832              0.0277  
forward:               0.2500              0.1243              2.7075              0.0284  
forward:               0.3000              0.0770              2.7845              0.0289  
forward:               0.3500              0.0456              2.8301              0.0293  
forward:               0.4000              0.0073              2.8374              0.0296  
forward:               0.4500             -0.0143              2.8230              0.0299  
forward:               0.5000             -0.0403              2.7827              0.0301  
forward:               0.5500             -0.1142              2.6686              0.0304  
forward:               0.6000             -0.1953              2.4733              0.0305  
forward:               0.6500             -0.2324              2.2409              0.0308  
forward:               0.7000             -0.2720              1.9689              0.0310  
forward:               0.7500             -0.3014              1.6675              0.0312  
forward:               0.8000             -0.3225              1.3450              0.0314  
forward:               0.8500             -0.3341              1.0109              0.0316  
forward:               0.9000             -0.3456              0.6654              0.0317  
forward:               0.9500             -0.3586              0.3068              0.0319  
forward:               1.0000             -0.3717             -0.0649              0.0321  
backward:              1.0000              0.0000             -0.0649              0.0000  
backward:              0.9500              0.3614              0.2965              0.0041  
backward:              0.9000              0.3577              0.6542              0.0056  
backward:              0.8500              0.3502              1.0044              0.0068  
backward:              0.8000              0.3303              1.3348              0.0077  
backward:              0.7500              0.3191              1.6539              0.0086  
backward:              0.7000              0.3017              1.9556              0.0095  
backward:              0.6500              0.2695              2.2251              0.0102  
backward:              0.6000              0.2290              2.4541              0.0110  
backward:              0.5500              0.1905              2.6447              0.0119  
backward:              0.5000              0.1172              2.7618              0.0128  
backward:              0.4500              0.0361              2.7979              0.0135  
backward:              0.4000              0.0141              2.8120              0.0146  
backward:              0.3500             -0.0083              2.8037              0.0159  
backward:              0.3000             -0.0432              2.7605              0.0175  
backward:              0.2500             -0.0831              2.6774              0.0189  
backward:              0.2000             -0.1397              2.5377              0.0201  
backward:              0.1500             -0.2149              2.3228              0.0226  
backward:              0.1000             -0.4183              1.9045              0.0257  
backward:              0.0500             -0.6761              1.2284              0.0339  
backward:              0.0000             -1.2405             -0.0121              0.0405  
Inaccuracy estimation
======================================================================================================
                   i        i+δi          P0_overlap_P1   δε(forward)/ε   δε(backward)/ε
======================================================================================================
inaccuracy:  0.00000        0.05000           44.14           -0.03            1.45
inaccuracy:  0.05000        0.10000           52.71           -0.02            0.73
inaccuracy:  0.10000        0.15000           63.22           -0.01            0.36
inaccuracy:  0.15000        0.20000           67.05           -0.01            0.25
inaccuracy:  0.20000        0.25000           73.76           -0.01            0.15
inaccuracy:  0.25000        0.30000           74.23           -0.01            0.12
inaccuracy:  0.30000        0.35000           74.17           -0.01            0.11
inaccuracy:  0.35000        0.40000           76.76           -0.01            0.09
inaccuracy:  0.40000        0.45000           77.23           -0.01            0.09
inaccuracy:  0.45000        0.50000           78.19           -0.01            0.07
inaccuracy:  0.50000        0.55000           74.15           -0.03            0.09
inaccuracy:  0.55000        0.60000           76.04           -0.03            0.07
inaccuracy:  0.60000        0.65000           76.11           -0.03            0.06
inaccuracy:  0.65000        0.70000           77.27           -0.03            0.05
inaccuracy:  0.70000        0.75000           77.01           -0.03            0.06
inaccuracy:  0.75000        0.80000           76.80           -0.02            0.05
inaccuracy:  0.80000        0.85000           77.64           -0.02            0.05
inaccuracy:  0.85000        0.90000           76.37           -0.03            0.06
inaccuracy:  0.90000        0.95000           76.47           -0.03            0.05
inaccuracy:  0.95000        1.00000           76.95           -0.03            0.05
===================================================================================================================================
                BAR        
-----------------------------------------------------------------------------------------------------------------------------------
BAR-estimator:         λ             λ+δλ          ΔΔA             ΔA            C               Δδe            δe       
                          
-----------------------------------------------------------------------------------------------------------------------------------
BAR-estimator:      0.00000        0.05000        1.2575         1.2575         1.2575         0.0110         0.0110 
BAR-estimator:      0.05000        0.10000        0.6953         1.9528         0.6953         0.0089         0.0141 
BAR-estimator:      0.10000        0.15000        0.4072         2.3600         0.4072         0.0064         0.0155 
BAR-estimator:      0.15000        0.20000        0.2286         2.5887         0.2286         0.0056         0.0165 
BAR-estimator:      0.20000        0.25000        0.1325         2.7212         0.1325         0.0044         0.0171 
BAR-estimator:      0.25000        0.30000        0.0783         2.7994         0.0783         0.0035         0.0175 
BAR-estimator:      0.30000        0.35000        0.0430         2.8425         0.0430         0.0030         0.0177 
BAR-estimator:      0.35000        0.40000        0.0079         2.8504         0.0079         0.0029         0.0180 
BAR-estimator:      0.40000        0.45000       -0.0153         2.8350        -0.0153         0.0029         0.0182 
BAR-estimator:      0.45000        0.50000       -0.0402         2.7948        -0.0402         0.0026         0.0184 
BAR-estimator:      0.50000        0.55000       -0.1153         2.6795        -0.1153         0.0028         0.0186 
BAR-estimator:      0.55000        0.60000       -0.1935         2.4859        -0.1935         0.0027         0.0188 
BAR-estimator:      0.60000        0.65000       -0.2325         2.2534        -0.2325         0.0033         0.0191 
BAR-estimator:      0.65000        0.70000       -0.2712         1.9823        -0.2712         0.0032         0.0193 
BAR-estimator:      0.70000        0.75000       -0.3018         1.6805        -0.3018         0.0026         0.0195 
BAR-estimator:      0.75000        0.80000       -0.3217         1.3587        -0.3217         0.0027         0.0197 
BAR-estimator:      0.80000        0.85000       -0.3321         1.0266        -0.3321         0.0025         0.0199 
BAR-estimator:      0.85000        0.90000       -0.3467         0.6799        -0.3467         0.0028         0.0201 
BAR-estimator:      0.90000        0.95000       -0.3579         0.3221        -0.3579         0.0029         0.0203 
BAR-estimator:      0.95000        1.00000       -0.3696        -0.0476        -0.3696         0.0031         0.0205 
BAR-estimator: total free energy change is -0.04758375325835851 , total error is 0.02049310872356719
