#========================================================================================
#                     Free energy perturbation    
#----------------------------------------------------------------------------------------
#forward/backward          λ              ΔΔA                 ΔA                  δε   
#                                                 
#----------------------------------------------------------------------------------------
forward:               0.0000              0.0000              0.0000              0.0000  
forward:               0.0500              1.2289              1.2289              0.0170  
forward:               0.1000              0.7279              1.9568              0.0216  
forward:               0.1500              0.4226              2.3795              0.0232  
forward:               0.2000              0.2532              2.6327              0.0243  
forward:               0.2500              0.1426              2.7752              0.0250  
forward:               0.3000              0.0902              2.8654              0.0254  
forward:               0.3500              0.0491              2.9145              0.0258  
forward:               0.4000              0.0089              2.9234              0.0262  
forward:               0.4500             -0.0108              2.9126              0.0265  
forward:               0.5000             -0.0279              2.8847              0.0268  
forward:               0.5500             -0.1122              2.7726              0.0270  
forward:               0.6000             -0.1878              2.5847              0.0272  
forward:               0.6500             -0.2417              2.3430              0.0274  
forward:               0.7000             -0.2696              2.0734              0.0276  
forward:               0.7500             -0.2983              1.7751              0.0277  
forward:               0.8000             -0.3208              1.4543              0.0279  
forward:               0.8500             -0.3392              1.1151              0.0280  
forward:               0.9000             -0.3440              0.7711              0.0281  
forward:               0.9500             -0.3534              0.4178              0.0283  
forward:               1.0000             -0.3646              0.0532              0.0285  
backward:              1.0000              0.0000              0.0532              0.0000  
backward:              0.9500              0.3617              0.4149              0.0038  
backward:              0.9000              0.3523              0.7672              0.0053  
backward:              0.8500              0.3406              1.1078              0.0065  
backward:              0.8000              0.3349              1.4428              0.0074  
backward:              0.7500              0.3140              1.7568              0.0082  
backward:              0.7000              0.2890              2.0458              0.0092  
backward:              0.6500              0.2654              2.3111              0.0100  
backward:              0.6000              0.2373              2.5484              0.0108  
backward:              0.5500              0.1867              2.7351              0.0115  
backward:              0.5000              0.1193              2.8545              0.0124  
backward:              0.4500              0.0320              2.8864              0.0132  
backward:              0.4000              0.0113              2.8977              0.0139  
backward:              0.3500             -0.0087              2.8891              0.0148  
backward:              0.3000             -0.0543              2.8348              0.0159  
backward:              0.2500             -0.0905              2.7443              0.0170  
backward:              0.2000             -0.1546              2.5897              0.0182  
backward:              0.1500             -0.2503              2.3394              0.0203  
backward:              0.1000             -0.4039              1.9355              0.0230  
backward:              0.0500             -0.7158              1.2197              0.0302  
backward:              0.0000             -1.1679              0.0518              0.0356  
Inaccuracy estimation
======================================================================================================
                   i        i+δi          P0_overlap_P1   δε(forward)/ε   δε(backward)/ε
======================================================================================================
inaccuracy:  0.00000        0.05000           42.36           -0.03            1.46
inaccuracy:  0.05000        0.10000           52.58           -0.02            0.73
inaccuracy:  0.10000        0.15000           61.33           -0.02            0.41
inaccuracy:  0.15000        0.20000           67.80           -0.01            0.24
inaccuracy:  0.20000        0.25000           72.75           -0.01            0.15
inaccuracy:  0.25000        0.30000           74.35           -0.00            0.14
inaccuracy:  0.30000        0.35000           75.32           -0.01            0.11
inaccuracy:  0.35000        0.40000           76.88           -0.01            0.10
inaccuracy:  0.40000        0.45000           77.45           -0.01            0.08
inaccuracy:  0.45000        0.50000           77.19           -0.01            0.08
inaccuracy:  0.50000        0.55000           73.67           -0.02            0.09
inaccuracy:  0.55000        0.60000           75.82           -0.02            0.07
inaccuracy:  0.60000        0.65000           76.66           -0.03            0.06
inaccuracy:  0.65000        0.70000           77.10           -0.02            0.06
inaccuracy:  0.70000        0.75000           77.86           -0.02            0.05
inaccuracy:  0.75000        0.80000           77.82           -0.02            0.05
inaccuracy:  0.80000        0.85000           77.51           -0.02            0.06
inaccuracy:  0.85000        0.90000           76.24           -0.03            0.05
inaccuracy:  0.90000        0.95000           75.96           -0.02            0.06
inaccuracy:  0.95000        1.00000           76.53           -0.03            0.06
===================================================================================================================================
                BAR        
-----------------------------------------------------------------------------------------------------------------------------------
BAR-estimator:         λ             λ+δλ          ΔΔA             ΔA            C               Δδe            δe       
                          
-----------------------------------------------------------------------------------------------------------------------------------
BAR-estimator:      0.00000        0.05000        1.2295         1.2295         1.2295         0.0092         0.0092 
BAR-estimator:      0.05000        0.10000        0.7266         1.9561         0.7266         0.0081         0.0122 
BAR-estimator:      0.10000        0.15000        0.4194         2.3755         0.4194         0.0080         0.0146 
BAR-estimator:      0.15000        0.20000        0.2524         2.6279         0.2524         0.0046         0.0154 
BAR-estimator:      0.20000        0.25000        0.1457         2.7736         0.1457         0.0037         0.0158 
BAR-estimator:      0.25000        0.30000        0.0926         2.8662         0.0926         0.0030         0.0161 
BAR-estimator:      0.30000        0.35000        0.0515         2.9176         0.0515         0.0031         0.0164 
BAR-estimator:      0.35000        0.40000        0.0102         2.9279         0.0102         0.0033         0.0167 
BAR-estimator:      0.40000        0.45000       -0.0096         2.9183        -0.0096         0.0029         0.0170 
BAR-estimator:      0.45000        0.50000       -0.0300         2.8882        -0.0300         0.0022         0.0171 
BAR-estimator:      0.50000        0.55000       -0.1144         2.7739        -0.1144         0.0028         0.0173 
BAR-estimator:      0.55000        0.60000       -0.1864         2.5874        -0.1864         0.0025         0.0175 
BAR-estimator:      0.60000        0.65000       -0.2398         2.3476        -0.2398         0.0027         0.0177 
BAR-estimator:      0.65000        0.70000       -0.2682         2.0794        -0.2682         0.0025         0.0179 
BAR-estimator:      0.70000        0.75000       -0.2942         1.7852        -0.2942         0.0024         0.0181 
BAR-estimator:      0.75000        0.80000       -0.3171         1.4681        -0.3171         0.0026         0.0182 
BAR-estimator:      0.80000        0.85000       -0.3367         1.1313        -0.3367         0.0026         0.0184 
BAR-estimator:      0.85000        0.90000       -0.3438         0.7875        -0.3438         0.0024         0.0186 
BAR-estimator:      0.90000        0.95000       -0.3527         0.4349        -0.3527         0.0027         0.0188 
BAR-estimator:      0.95000        1.00000       -0.3635         0.0714        -0.3635         0.0025         0.0190 
BAR-estimator: total free energy change is 0.07136278271076779 , total error is 0.018957636048643124
