Charm++: standalone mode (not using charmrun)
Charm++> Running in Multicore mode: 12 threads (PEs)
Charm++> Using recursive bisection (scheme 3) for topology aware partitions
Converse/Charm++ Commit ID: 
CharmLB> Load balancer assumes all CPUs are same.
Charm++> Running on 1 hosts (2 sockets x 6 cores x 1 PUs = 12-way SMP)
Charm++> cpu topology info is gathered in 0.001 seconds.
Info: Built with CUDA version 11080
Pe 11 physical rank 11 will use CUDA device of pe 8
Did not find +devices i,j,k,... argument, using all
Pe 0 physical rank 0 will use CUDA device of pe 8
Pe 5 physical rank 5 will use CUDA device of pe 8
Pe 9 physical rank 9 will use CUDA device of pe 8
Pe 10 physical rank 10 will use CUDA device of pe 8
Pe 1 physical rank 1 will use CUDA device of pe 8
Pe 4 physical rank 4 will use CUDA device of pe 8
Pe 3 physical rank 3 will use CUDA device of pe 8
Pe 2 physical rank 2 will use CUDA device of pe 8
Pe 7 physical rank 7 will use CUDA device of pe 8
Pe 6 physical rank 6 will use CUDA device of pe 8
Pe 8 physical rank 8 binding to CUDA device 0 on k173: 'NVIDIA L40S'  Mem: 45709MB  Rev: 8.9  PCI: 0:61:0
CharmLB> Load balancing instrumentation for communication is off.
Info: NAMD 3.0.1 for Linux-x86_64-multicore-CUDA
Info: 
Info: Please visit http://www.ks.uiuc.edu/Research/namd/
Info: for updates, documentation, and support information.
Info: 
Info: Please cite Phillips et al., J. Chem. Phys. 153:044130 (2020) doi:10.1063/5.0014475
Info: in all publications reporting results obtained with NAMD.
Info: 
Info: Based on Charm++/Converse 80000 for multicore-linux-x86_64-gcc
Info: Built Mon Oct 14 10:33:44 CDT 2024 by dhardy on athine.ks.uiuc.edu
Info: 1 NAMD  3.0.1  Linux-x86_64-multicore-CUDA  12    k173  z5358697
Info: Running on 12 processors, 1 nodes, 1 physical nodes.
Info: CPU topology information available.
Info: Charm++/Converse parallel runtime startup completed at 0.0872582 s
CkLoopLib is used in SMP with simple dynamic scheduling (converse-level notification)
Info: 0 MB of memory in use based on /proc/self/stat
Info: Configuration file is prod.namd
Info: Working in the current directory /srv/scratch/z5358697/zz-verify/2481002/10
TCL: Running FEP window   1: Lambda1 0.50   Lambda2 0.55   [dLambda 0.050000000000000044]
TCL: Suspending until startup complete.
Warning: The following variables were set in the
Warning: configuration file but will be ignored:
Warning:    switchdist (switching)
Warning: Option "1-4scaling" has been deprecated. Instead use "oneFourScaling".
Info: EXTENDED SYSTEM FILE   mobley_2481002_equil.xsc
Info: Tuning parameters to improve GPU-resident performance
Warning: Keeping margin at user-specified value 2
Warning: Performance might be improved by increasing margin size to >= 4
Warning: Disabling lonepair support due to incompatability with GPU-resident.
Info: Running with GPU-resident mode
Warning: Always using force tables for GPU nonbonded kernel due to unsupported config parameters.
Info: SIMULATION PARAMETERS:
Info: TIMESTEP               2
Info: NUMBER OF STEPS        0
Info: STEPS PER CYCLE        10
Info: PERIODIC CELL BASIS 1  31.5072 0 0
Info: PERIODIC CELL BASIS 2  0 31.0867 0
Info: PERIODIC CELL BASIS 3  0 0 31.2912
Info: PERIODIC CELL CENTER   0 0 0
Info: WRAPPING WATERS AROUND PERIODIC BOUNDARIES ON OUTPUT.
Info: WRAPPING ALL CLUSTERS AROUND PERIODIC BOUNDARIES ON OUTPUT.
Info: LOAD BALANCER  Centralized
Info: LOAD BALANCING STRATEGY  New Load Balancers -- DEFAULT
Info: LDB PERIOD             2000 steps
Info: FIRST LDB TIMESTEP     50
Info: LAST LDB TIMESTEP     -1
Info: LDB BACKGROUND SCALING 1
Info: HOM BACKGROUND SCALING 1
Info: PME BACKGROUND SCALING 1
Info: MIN ATOMS PER PATCH    40
Info: EMPTY PATCH LOAD       40 ATOMS
Info: VELOCITY FILE          mobley_2481002_equil.vel
Info: CENTER OF MASS MOVING INITIALLY? NO
Info: DIELECTRIC             1
Info: EXCLUDE                SCALED ONE-FOUR
Info: 1-4 ELECTROSTATICS SCALED BY 0.833333
Info: MODIFIED 1-4 VDW PARAMETERS WILL BE USED
Info: DCD FILENAME           mobley_2481002_prod.dcd
Info: DCD FREQUENCY          100000
Info: DCD FIRST STEP         100000
Info: DCD FILE WILL CONTAIN UNIT CELL DATA
Info: XST FILENAME           mobley_2481002_prod.xst
Info: XST FREQUENCY          100000
Info: NO VELOCITY DCD OUTPUT
Info: NO FORCE DCD OUTPUT
Info: OUTPUT FILENAME        mobley_2481002_prod
Info: BINARY OUTPUT FILES WILL BE USED
Info: RESTART FILENAME       mobley_2481002_prod.restart
Info: RESTART FREQUENCY      100000
Info: BINARY RESTART FILES WILL BE USED
Info: CUTOFF                 9
Info: PAIRLIST DISTANCE      11
Info: PAIRLIST SHRINK RATE   0.01
Info: PAIRLIST GROW RATE     0.01
Info: PAIRLIST TRIGGER       0.3
Info: PAIRLISTS PER CYCLE    2
Info: PAIRLISTS ENABLED
Info: MARGIN                 2
Info: HYDROGEN GROUP CUTOFF  2.5
Info: PATCH DIMENSION        15.5
Info: ENERGY OUTPUT STEPS    100000
Warning: The period of outputting energies relating to alchemical transformations (alchOutFreq = 50) is not a multiple of the period of computing energies (computeEnergies = 100000). If alchOutFreq is smaller than outputEnergies and computeEnergies is not defined, a better solution is to set computeEnergies explicitly and keep it the same as alchOutFreq. The simulation will use the greatest common divisor of computeEnergies and alchOutFreq as the period of energy evaluation.
Info: ENERGY EVALUATION STEPS    100000
Info: OUTPUT ENERGY PRECISION 4
Info: CROSSTERM ENERGY INCLUDED IN DIHEDRAL
Info: TIMING OUTPUT STEPS    1000000
Info: PRESSURE OUTPUT STEPS  100000
Info: ALCHEMICAL FEP ON
Info: FEP CURRENT LAMBDA VALUE     0.5
Info: FEP COMPARISON LAMBDA VALUE  0.55
Info: FEP INTRA-ALCHEMICAL NON-BONDED INTERACTIONS WILL BE RETAINED
Info: FEP INTRA-ALCHEMICAL BONDED INTERACTIONS WILL BE RETAINED
Info: FEP VDW SHIFTING COEFFICIENT 5
Info: FEP ELEC. ACTIVE FOR ANNIHILATED PARTICLES BETWEEN LAMBDA = 0 AND LAMBDA = 0.5
Info: FEP ELEC. ACTIVE FOR EXNIHILATED PARTICLES BETWEEN LAMBDA = 0.5 AND LAMBDA = 1
Info: FEP VDW ACTIVE FOR ANNIHILATED PARTICLES BETWEEN LAMBDA = 0 AND LAMBDA = 1
Info: FEP VDW ACTIVE FOR EXNIHILATED PARTICLES BETWEEN LAMBDA = 0 AND LAMBDA = 1
Info: FEP BOND ACTIVE FOR ANNIHILATED PARTICLES BETWEEN LAMBDA = 1 AND LAMBDA = 1
Info: FEP BOND ACTIVE FOR EXNIHILATED PARTICLES BETWEEN LAMBDA = 0 AND LAMBDA = 0
Info: LANGEVIN DYNAMICS ACTIVE
Info: LANGEVIN TEMPERATURE   300
Info: LANGEVIN USING BBK INTEGRATOR
Info: LANGEVIN DAMPING COEFFICIENT IS 1 INVERSE PS
Info: LANGEVIN DYNAMICS APPLIED TO HYDROGENS
Info: LANGEVIN PISTON PRESSURE CONTROL ACTIVE
Info:        TARGET PRESSURE IS 1.01325 BAR
Info:     OSCILLATION PERIOD IS 50 FS
Info:             DECAY TIME IS 25 FS
Info:     PISTON TEMPERATURE IS 300 K
Info:       PRESSURE CONTROL IS GROUP-BASED
Info:    INITIAL STRAIN RATE IS -0.00047229 -0.00047229 -0.00047229
Info:       CELL FLUCTUATION IS ISOTROPIC
Info: PARTICLE MESH EWALD (PME) ACTIVE
Info: PME TOLERANCE               1e-06
Info: PME EWALD COEFFICIENT       0.348832
Info: PME INTERPOLATION ORDER     4
Info: PME GRID DIMENSIONS         32 32 32
Info: PME MAXIMUM GRID SPACING    1
Info: PME CALCULATION WILL BE PERFORMED ON GPU
Info: FULL ELECTROSTATIC EVALUATION FREQUENCY      2
Info: USING VERLET I (r-RESPA) MTS SCHEME.
Info: C1 SPLITTING OF LONG RANGE ELECTROSTATICS
Info: PLACING ATOMS IN PATCHES BY HYDROGEN GROUPS
Info: RIGID BONDS TO HYDROGEN : ALL
Info:         ERROR TOLERANCE : 1e-08
Info:          MAX ITERATIONS : 100
Info: RIGID WATER USING SETTLE ALGORITHM
Info: RANDOM NUMBER SEED     1742723405
Info: USE HYDROGEN BONDS?    NO
Info: Using AMBER format force field!
Info: AMBER PARM FILE        mobley_2481002.prmtop
Info: COORDINATE PDB         mobley_2481002.pdb
Info: Exclusions will be read from PARM file!
Info: SCNB (VDW SCALING)     2
Info: USING ARITHMETIC MEAN TO COMBINE L-J SIGMA PARAMETERS
Info: BINARY COORDINATES     mobley_2481002_equil.coor
Info: === Start reading AMBER parm7 format file mobley_2481002.prmtop ===
Info: Complete reading ATOM_NAME with 2971 fields.
Info: Complete reading CHARGE with 2971 fields.
Info: Complete reading ATOMIC_NUMBER with 2971 fields.
Info: Complete reading MASS with 2971 fields.
Info: Complete reading ATOM_TYPE_INDEX with 2971 fields.
Info: Complete reading NUMBER_EXCLUDED_ATOMS with 2971 fields.
Info: Complete reading NONBONDED_PARM_INDEX with 36 fields.
Info: Complete reading RESIDUE_LABEL with 989 fields.
Info: Complete reading RESIDUE_POINTER with 989 fields.
Info: Complete reading BOND_FORCE_CONSTANT with 5 fields.
Info: Complete reading BOND_EQUIL_VALUE with 5 fields.
Info: Complete reading ANGLE_FORCE_CONSTANT with 4 fields.
Info: Complete reading ANGLE_EQUIL_VALUE with 4 fields.
Info: Complete reading DIHEDRAL_FORCE_CONSTANT with 1 fields.
Info: Complete reading DIHEDRAL_PERIODICITY with 1 fields.
Info: Complete reading DIHEDRAL_PHASE with 1 fields.
Info: Complete reading SCEE_SCALE_FACTOR with 1 fields.
Info: Complete reading SCNB_SCALE_FACTOR with 1 fields.
Info: Complete reading LENNARD_JONES_ACOEF with 21 fields.
Info: Complete reading LENNARD_JONES_BCOEF with 21 fields.
Info: Complete reading BONDS_INC_HYDROGEN with 8892 fields.
Info: Complete reading BONDS_WITHOUT_HYDROGEN with 18 fields.
Info: Complete reading ANGLES_INC_HYDROGEN with 0 fields.
Info: Complete reading ANGLES_WITHOUT_HYDROGEN with 36 fields.
Info: Complete reading DIHEDRALS_INC_HYDROGEN with 0 fields.
Info: Complete reading DIHEDRALS_WITHOUT_HYDROGEN with 30 fields.
Info: Complete reading EXCLUDED_ATOMS_LIST with 3974 fields.
Info: Complete reading HBOND_ACOEF with 0 fields.
Info: Complete reading HBOND_BCOEF with 0 fields.
Info: Complete reading AMBER_ATOM_TYPE with 2971 fields.
Info: Complete reading TREE_CHAIN_CLASSIFICATION with 2971 fields.
Info: Complete reading ATOMS_PER_MOLECULE with 989 fields.
Info: Complete reading BOX_DIMENSIONS with 4 fields.
Info: Complete reading RADIUS_SET with 1 fields.
Info: Complete reading RADII with 2971 fields.
Info: Complete reading SCREEN with 2971 fields.
Info: === Finish reading AMBER parm7 format file. ===
Warning: Found 988 H-H bonds.
Info: SUMMARY OF PARAMETERS:
Info: 5 BONDS
Info: 4 ANGLES
Info:   4 HARMONIC
Info:   0 COSINE-BASED
Info: 1 DIHEDRAL
Info: 0 IMPROPER
Info: 0 CROSSTERM
Info: 0 VDW
Info: 21 VDW_PAIRS
Info: 0 NBTHOLE_PAIRS
Info: Reading pdb file mobley_2481002.pdb
Info: TIME FOR READING PDB FILE: 0.0301767
Info: 
Info: To read alchdata from file: mobley_2481002.pdb
Info: To read alchflag data from column: 5
Info: ****************************
Info: STRUCTURE SUMMARY:
Info: 2971 ATOMS
Info: 2970 BONDS
Info: 9 ANGLES
Info: 6 DIHEDRALS
Info: 0 IMPROPERS
Info: 0 CROSSTERMS
Info: 2985 EXCLUSIONS
Info: 2964 RIGID BONDS
Info: ALCH: 0 ATOMS TO DISAPPEAR IN FINAL STATE
Info: ALCH: 7 ATOMS TO APPEAR IN FINAL STATE
Info: 5949 DEGREES OF FREEDOM
Info: 995 HYDROGEN GROUPS
Info: 3 ATOMS IN LARGEST HYDROGEN GROUP
Info: 995 MIGRATION GROUPS
Info: 3 ATOMS IN LARGEST MIGRATION GROUP
Info: TOTAL MASS = 17964.2 amu
Info: TOTAL CHARGE = 1.11759e-08 e
Info: MASS DENSITY = 0.973328 g/cm^3
Info: ATOM DENSITY = 0.0969383 atoms/A^3
Info: *****************************
Info: Reading from binary file mobley_2481002_equil.coor
Info: 
Info: Entering startup at 0.326493 s, 0 MB of memory in use
Info: Startup phase 0 took 7.1497e-05 s, 0 MB of memory in use
Info: ADDED 0 IMPLICIT EXCLUSIONS
Info: Startup phase 1 took 0.00108403 s, 0 MB of memory in use
Info: NONBONDED TABLE R-SQUARED SPACING: 0.0625
Info: NONBONDED TABLE SIZE: 705 POINTS
Info: INCONSISTENCY IN FAST TABLE ENERGY VS FORCE: 0.000290481 AT 0.251946
Info: INCONSISTENCY IN SCOR TABLE ENERGY VS FORCE: 0.000238233 AT 8.9687
Info: ABSOLUTE IMPRECISION IN VDWA TABLE ENERGY: 1.21169e-27 AT 8.99653
Info: ABSOLUTE IMPRECISION IN VDWA TABLE FORCE: 2.57484e-27 AT 8.99653
Info: INCONSISTENCY IN VDWA TABLE ENERGY VS FORCE: 0.0040507 AT 0.251946
Info: INCONSISTENCY IN VDWB TABLE ENERGY VS FORCE: 0.00150189 AT 0.251946
Info: Startup phase 2 took 0.000194812 s, 0 MB of memory in use
Info: Startup phase 3 took 6.1828e-05 s, 0 MB of memory in use
Info: Startup phase 4 took 8.711e-05 s, 0 MB of memory in use
Info: Startup phase 5 took 5.6384e-05 s, 0 MB of memory in use
Info: REDUCING NUMBER OF PATCHES TO IMPROVE LOAD BALANCE
Info: PATCH GRID IS 3 (PERIODIC) BY 2 (PERIODIC) BY 2 (PERIODIC)
Info: PATCH GRID IS 2-AWAY BY 1-AWAY BY 1-AWAY
Info: Reading from binary file mobley_2481002_equil.vel
Info: REMOVING COM VELOCITY -0.248489 -0.0947414 -0.0660439
Info: LARGEST PATCH (6) HAS 261 ATOMS
Info: TORUS A SIZE 1 USING 0
Info: TORUS B SIZE 1 USING 0
Info: TORUS C SIZE 1 USING 0
Info: TORUS MINIMAL MESH SIZE IS 1 BY 1 BY 1
Info: Placed 100% of base nodes on same physical node as patch
Info: Startup phase 6 took 0.00458469 s, 0 MB of memory in use
Info: Use 3D box decompostion in PME FFT.
Info: PME using 1 x 1 x 1 pencil grid for FFT and reciprocal sum.
Info: Startup phase 7 took 0.000284541 s, 0 MB of memory in use
Info: Updated CUDA force table with 4096 elements.
Info: Updated CUDA LJ table with 6 x 6 elements.
Info: Startup phase 8 took 0.000660831 s, 0 MB of memory in use
Info: Startup phase 9 took 7.8342e-05 s, 0 MB of memory in use
Info: Startup phase 10 took 6.0535e-05 s, 0 MB of memory in use
Info: Startup phase 11 took 0.00137059 s, 0 MB of memory in use
LDB: Central LB being created...
Info: Startup phase 12 took 0.00367361 s, 0 MB of memory in use
Info: CREATING 456 COMPUTE OBJECTS
Info: Found 10 unique exclusion lists needing 12 bytes
Info: useSync: 0 useProxySync: 0
Info: Startup phase 13 took 0.0125843 s, 0 MB of memory in use
Info: Startup phase 14 took 7.2638e-05 s, 0 MB of memory in use
Info: Startup phase 15 took 6.0389e-05 s, 0 MB of memory in use
Info: Finished startup at 0.351479 s, 0 MB of memory in use

TCL: Running for 2500000 steps
FEP: RESETTING FOR NEW FEP WINDOW LAMBDA SET TO 0.5 LAMBDA2 0.55
FEP: WINDOW TO HAVE 100000 STEPS OF EQUILIBRATION PRIOR TO FEP DATA COLLECTION.
FEP: USING CONSTANT TEMPERATURE OF 300 K FOR FEP CALCULATION
PRESSURE: 0 -501.667 136.566 35.2321 136.568 1030.71 283.7 35.2325 283.7 -384
GPRESSURE: 0 -508.024 52.3311 453.29 277.157 1211.17 487.149 -508.572 319.012 -329.532
ETITLE:      TS           BOND          ANGLE          DIHED          IMPRP               ELECT            VDW       BOUNDARY           MISC        KINETIC               TOTAL           TEMP      POTENTIAL       TOTALAVG        TEMPAVG            PRESSURE      GPRESSURE         VOLUME       PRESSAVG      GPRESSAVG
FEPTITLE:    TS          BOND2         ELECT2           VDW2

ENERGY:       0         0.5378         2.0778         0.0000         0.0000         -10767.8680      1449.4102         0.0000         0.0000      1751.9287          -7563.9135       296.3895     -9315.8421     -7563.9135       296.3895             48.3491       124.5374     30648.3680        48.3491       124.5374
FEP:          0         2.6156    -10767.9820      1448.8241

OPENING FEP ENERGY OUTPUT FILE
OPENING EXTENDED SYSTEM TRAJECTORY FILE
Info: Initial time: 12 CPUs 0.000609832 s/step 283.357 ns/day 0 MB memory
Info: Initial time: 12 CPUs 0.00030397 s/step 568.477 ns/day 0 MB memory
Info: Initial time: 12 CPUs 0.000305557 s/step 565.525 ns/day 0 MB memory
Info: Benchmark time: 12 CPUs 0.000304586 s/step 567.327 ns/day 0 MB memory
Info: Benchmark time: 12 CPUs 0.000298694 s/step 578.518 ns/day 0 MB memory
Info: Benchmark time: 12 CPUs 0.000301139 s/step 573.822 ns/day 0 MB memory
Info: Benchmark time: 12 CPUs 0.000301182 s/step 573.739 ns/day 0 MB memory
Info: Benchmark time: 12 CPUs 0.000299254 s/step 577.437 ns/day 0 MB memory
Info: Benchmark time: 12 CPUs 0.000304827 s/step 566.878 ns/day 0 MB memory
PRESSURE: 100000 1534.49 708.301 153.893 708.303 705 190.579 153.889 190.583 393.034
GPRESSURE: 100000 1424.62 545.934 -35.9971 570.519 982.108 272.052 386.673 584.148 412.503
PRESSAVG: 100000 516.411 422.436 94.5605 422.436 867.857 237.142 94.5605 237.142 4.51685
GPRESSAVG: 100000 458.298 299.132 208.647 423.838 1096.64 379.6 -60.9492 451.58 41.4858
ENERGY:  100000         0.8547         3.0399         0.0000         0.0000         -10806.9920      1527.3130         0.0000         0.0000      1755.2816          -7520.5029       296.9568     -9275.7845     -7542.2082       296.6731            877.5076       939.7438     30242.5027       462.9284       532.1406
FEP:     100000         3.8946    -10807.0372      1526.9605

WRITING EXTENDED SYSTEM TO RESTART FILE AT STEP 100000
OPENING COORDINATE DCD FILE
WRITING COORDINATES TO DCD FILE mobley_2481002_prod.dcd AT STEP 100000
WRITING COORDINATES TO RESTART FILE AT STEP 100000
FINISHED WRITING RESTART COORDINATES
The last position output (seq=100000) takes 0.011 seconds, 0.000 MB of memory in use
WRITING VELOCITIES TO RESTART FILE AT STEP 100000
FINISHED WRITING RESTART VELOCITIES
The last velocity output (seq=100000) takes 0.007 seconds, 0.000 MB of memory in use
PRESSURE: 200000 525.282 257.627 -354.391 257.624 298.706 -378.711 -354.392 -378.713 143.461
GPRESSURE: 200000 580.51 -7.44983 -151.268 170.177 403.673 118.137 -610.712 -567.529 169.695
PRESSAVG: 200000 519.368 367.498 -55.0904 367.498 678.14 31.8569 -55.0904 31.8569 50.8315
GPRESSAVG: 200000 499.035 196.938 88.675 339.284 865.65 292.446 -244.203 111.877 84.2222
ENERGY:  200000         1.4910         4.6960         0.0000         0.0000         -10780.4562      1496.9950         0.0000         0.0000      1791.6104          -7485.6637       303.1028     -9277.2741     -7523.3600       298.8164            322.4829       384.6261     31199.0431       416.1132       482.9691
FEP:     200000         6.1870    -10780.4122      1496.8387

WRITING EXTENDED SYSTEM TO RESTART FILE AT STEP 200000
WRITING COORDINATES TO DCD FILE mobley_2481002_prod.dcd AT STEP 200000
WRITING COORDINATES TO RESTART FILE AT STEP 200000
FINISHED WRITING RESTART COORDINATES
The last position output (seq=200000) takes 0.014 seconds, 0.000 MB of memory in use
WRITING VELOCITIES TO RESTART FILE AT STEP 200000
FINISHED WRITING RESTART VELOCITIES
The last velocity output (seq=200000) takes 0.013 seconds, 0.000 MB of memory in use
PRESSURE: 300000 -507.663 -29.0008 402.774 -29.0001 -248.408 -634.081 402.777 -634.08 -247.11
GPRESSURE: 300000 -240.209 -181.483 554.042 326.008 -246.065 -308.705 229.979 -258.822 -291.63
PRESSAVG: 300000 262.61 268.374 59.3764 268.374 446.503 -134.627 59.3764 -134.627 -23.6539
GPRESSAVG: 300000 314.224 102.333 205.017 335.965 587.721 142.158 -125.658 19.2023 -9.74084
ENERGY:  300000         0.8236         3.7916         0.0000         0.0000         -10804.5758      1464.9717         0.0000         0.0000      1765.0997          -7569.8892       298.6178     -9334.9889     -7534.9923       298.7667           -334.3936      -259.3014     31471.3297       228.4865       297.4015
FEP:     300000         4.6152    -10804.2577      1464.9793

WRITING EXTENDED SYSTEM TO RESTART FILE AT STEP 300000
WRITING COORDINATES TO DCD FILE mobley_2481002_prod.dcd AT STEP 300000
WRITING COORDINATES TO RESTART FILE AT STEP 300000
FINISHED WRITING RESTART COORDINATES
The last position output (seq=300000) takes 0.020 seconds, 0.000 MB of memory in use
WRITING VELOCITIES TO RESTART FILE AT STEP 300000
FINISHED WRITING RESTART VELOCITIES
The last velocity output (seq=300000) takes 0.021 seconds, 0.000 MB of memory in use
PRESSURE: 400000 472.61 261.074 469.198 261.075 588.444 -36.6881 469.204 -36.6838 233.679
GPRESSURE: 400000 707.338 227.424 798.253 -88.9019 231.724 -275.67 -45.4875 229.882 513.412
PRESSAVG: 400000 304.61 266.914 141.342 266.914 474.891 -115.039 141.342 -115.039 27.8128
GPRESSAVG: 400000 392.847 127.351 323.664 250.992 516.522 58.5928 -109.624 61.3382 94.8898
ENERGY:  400000         2.0133         3.3605         0.0000         0.0000         -10759.0679      1475.2743         0.0000         0.0000      1730.6384          -7547.7815       292.7877     -9278.4199     -7537.5501       297.5709            431.5779       484.1581     30408.6043       269.1048       334.7528
FEP:     400000         5.3738    -10758.9683      1475.7795

WRITING EXTENDED SYSTEM TO RESTART FILE AT STEP 400000
WRITING COORDINATES TO DCD FILE mobley_2481002_prod.dcd AT STEP 400000
WRITING COORDINATES TO RESTART FILE AT STEP 400000
FINISHED WRITING RESTART COORDINATES
The last position output (seq=400000) takes 0.017 seconds, 0.000 MB of memory in use
WRITING VELOCITIES TO RESTART FILE AT STEP 400000
FINISHED WRITING RESTART VELOCITIES
The last velocity output (seq=400000) takes 0.016 seconds, 0.000 MB of memory in use
PRESSURE: 500000 -945.933 1.53287 -81.7538 1.53404 -189.378 -223.585 -81.755 -223.581 -1317.63
GPRESSURE: 500000 -828.412 55.3207 62.4472 -210.484 -200.091 35.5061 -49.1285 -144.177 -1381.74
PRESSAVG: 500000 96.1863 222.684 104.159 222.684 364.18 -133.129 104.159 -133.129 -196.427
GPRESSAVG: 500000 189.304 115.346 280.128 174.079 397.086 54.745 -99.5412 27.0857 -151.216
ENERGY:  500000         2.6877         1.8243         0.0000         0.0000         -10660.0494      1348.2896         0.0000         0.0000      1762.1972          -7545.0505       298.1267     -9307.2477     -7538.8002       297.6635           -817.6455      -803.4155     30698.5454        87.9797       145.0581
FEP:     500000         4.5121    -10659.8489      1348.4583

WRITING EXTENDED SYSTEM TO RESTART FILE AT STEP 500000
WRITING COORDINATES TO DCD FILE mobley_2481002_prod.dcd AT STEP 500000
WRITING COORDINATES TO RESTART FILE AT STEP 500000
FINISHED WRITING RESTART COORDINATES
The last position output (seq=500000) takes 0.021 seconds, 0.000 MB of memory in use
WRITING VELOCITIES TO RESTART FILE AT STEP 500000
FINISHED WRITING RESTART VELOCITIES
The last velocity output (seq=500000) takes 0.020 seconds, 0.000 MB of memory in use
PRESSURE: 600000 92.147 512.842 -63.5367 512.839 542.359 1111.11 -63.5363 1111.12 -28.0514
GPRESSURE: 600000 133.082 240.4 -80.8736 465.386 628.416 1295.08 135.759 1040.41 -11.3555
PRESSAVG: 600000 95.6093 264.135 80.2026 264.135 389.634 44.6204 80.2026 44.6204 -172.373
GPRESSAVG: 600000 181.272 133.211 228.556 215.695 430.133 231.936 -65.9268 171.846 -131.236
ENERGY:  600000         1.8740         2.1862         0.0000         0.0000         -10761.1493      1474.1010         0.0000         0.0000      1789.2694          -7493.7187       302.7068     -9282.9880     -7532.3600       298.3840            202.1516       250.0476     30901.9574       104.2900       160.0566
FEP:     600000         4.0602    -10761.1625      1473.9255

WRITING EXTENDED SYSTEM TO RESTART FILE AT STEP 600000
WRITING COORDINATES TO DCD FILE mobley_2481002_prod.dcd AT STEP 600000
WRITING COORDINATES TO RESTART FILE AT STEP 600000
FINISHED WRITING RESTART COORDINATES
The last position output (seq=600000) takes 0.015 seconds, 0.000 MB of memory in use
WRITING VELOCITIES TO RESTART FILE AT STEP 600000
FINISHED WRITING RESTART VELOCITIES
PRESSURE: 700000 -417.685 186.237 16.917 186.238 408.752 1098.94 16.9159 1098.95 47.5549
GPRESSURE: 700000 -198.689 249.163 -62.623 246.135 360.642 1058.49 224.019 1061.37 17.9029
PRESSAVG: 700000 31.4476 254.398 72.2918 254.398 392.024 176.411 72.2918 176.411 -144.882
GPRESSAVG: 700000 133.777 147.705 192.159 219.5 421.447 335.256 -29.6836 283.037 -112.593
ENERGY:  700000         1.2718         3.5367         0.0000         0.0000         -10699.8304      1428.9880         0.0000         0.0000      1775.9129          -7490.1210       300.4471     -9266.0339     -7527.0801       298.6419             12.8740        59.9519     30757.1926        92.8630       147.5435
FEP:     700000         4.8085    -10699.8109      1428.6402

WRITING EXTENDED SYSTEM TO RESTART FILE AT STEP 700000
WRITING COORDINATES TO DCD FILE mobley_2481002_prod.dcd AT STEP 700000
WRITING COORDINATES TO RESTART FILE AT STEP 700000
FINISHED WRITING RESTART COORDINATES
The last position output (seq=700000) takes 0.021 seconds, 0.000 MB of memory in use
WRITING VELOCITIES TO RESTART FILE AT STEP 700000
FINISHED WRITING RESTART VELOCITIES
PRESSURE: 800000 -192.188 90.598 -103.09 90.5952 -557.291 -470.865 -103.086 -470.866 293.41
GPRESSURE: 800000 -80.6976 196.634 91.9674 -143.089 -375.747 -384.98 -530.756 -729.137 149.328
PRESSAVG: 800000 6.59921 236.197 52.8054 236.197 286.544 104.492 52.8054 104.492 -96.1831
GPRESSAVG: 800000 109.947 153.142 181.026 179.212 332.87 255.23 -85.3583 170.573 -83.4911
ENERGY:  800000         0.2693         1.6539         0.0000         0.0000         -10732.8434      1428.0604         0.0000         0.0000      1754.7087          -7548.1511       296.8598     -9302.8598     -7529.4213       298.4439           -152.0228      -102.3724     30692.9634        65.6535       119.7751
FEP:     800000         1.9233    -10732.8293      1427.5307

WRITING EXTENDED SYSTEM TO RESTART FILE AT STEP 800000
WRITING COORDINATES TO DCD FILE mobley_2481002_prod.dcd AT STEP 800000
WRITING COORDINATES TO RESTART FILE AT STEP 800000
FINISHED WRITING RESTART COORDINATES
The last position output (seq=800000) takes 0.017 seconds, 0.000 MB of memory in use
WRITING VELOCITIES TO RESTART FILE AT STEP 800000
FINISHED WRITING RESTART VELOCITIES
PRESSURE: 900000 28.6266 -359.658 336.522 -359.659 353.523 -198.775 336.522 -198.778 678.805
GPRESSURE: 900000 395.664 -438.608 11.2124 -73.632 197.343 -227.32 624.247 127.073 710.921
PRESSAVG: 900000 8.80195 176.612 81.177 176.612 293.242 74.1647 81.177 74.1647 -18.6842
GPRESSAVG: 900000 138.518 93.9666 164.045 153.928 319.317 206.975 -14.3978 166.223 -4.04992
ENERGY:  900000         2.1903         2.5382         0.0000         0.0000         -10836.1545      1520.8152         0.0000         0.0000      1761.8278          -7548.7829       298.0642     -9310.6107     -7531.3575       298.4059            353.6516       434.6426     31082.0570        94.4533       151.2618
FEP:     900000         4.7285    -10836.1565      1521.0123

WRITING EXTENDED SYSTEM TO RESTART FILE AT STEP 900000
WRITING COORDINATES TO DCD FILE mobley_2481002_prod.dcd AT STEP 900000
WRITING COORDINATES TO RESTART FILE AT STEP 900000
FINISHED WRITING RESTART COORDINATES
The last position output (seq=900000) takes 0.022 seconds, 0.000 MB of memory in use
WRITING VELOCITIES TO RESTART FILE AT STEP 900000
FINISHED WRITING RESTART VELOCITIES
PRESSURE: 1000000 85.1712 218.919 -9.10723 218.921 574.464 296.746 -9.10153 296.748 427.869
GPRESSURE: 1000000 237.082 -6.72113 222.822 278.338 742.821 144.787 2.91538 424.559 383.34
PRESSAVG: 1000000 15.7446 180.458 72.9699 180.458 318.808 94.3996 72.9699 94.3996 21.9115
GPRESSAVG: 1000000 147.479 84.8132 169.388 165.238 357.817 201.321 -12.8238 189.708 31.1674
TIMING: 1000000  CPU: 304.379, 0.000304121/step  Wall: 305.465, 0.000305444/step, 565.735 ns/days, 0.127268 hours remaining, 0.000000 MB of memory in use.
PERFORMANCE: 1000000  averaging 565.735 ns/day, 0.000305444 sec/step with standard deviation 0
ETITLE:      TS           BOND          ANGLE          DIHED          IMPRP               ELECT            VDW       BOUNDARY           MISC        KINETIC               TOTAL           TEMP      POTENTIAL       TOTALAVG        TEMPAVG            PRESSURE      GPRESSURE         VOLUME       PRESSAVG      GPRESSAVG
FEPTITLE:    TS          BOND2         ELECT2           VDW2

ENERGY: 1000000         0.9199         2.3730         0.0000         0.0000         -10747.2640      1464.0755         0.0000         0.0000      1755.4915          -7524.4042       296.9923     -9279.8957     -7530.7254       298.2774            362.5014       454.4141     30455.8393       118.8213       178.8211
FEP:    1000000         3.2928    -10747.2522      1463.5450

WRITING EXTENDED SYSTEM TO RESTART FILE AT STEP 1000000
WRITING COORDINATES TO DCD FILE mobley_2481002_prod.dcd AT STEP 1000000
WRITING COORDINATES TO RESTART FILE AT STEP 1000000
FINISHED WRITING RESTART COORDINATES
The last position output (seq=1000000) takes 0.017 seconds, 0.000 MB of memory in use
WRITING VELOCITIES TO RESTART FILE AT STEP 1000000
FINISHED WRITING RESTART VELOCITIES
PRESSURE: 1100000 -1169.08 392.364 610.223 392.363 -542.008 -80.3636 610.223 -80.3664 -160.143
GPRESSURE: 1100000 -1096.87 404.538 413.925 386.008 -616.828 105.453 376.455 -130.573 76.7058
PRESSAVG: 1100000 -82.9905 198.117 117.741 198.117 247.073 79.8357 117.741 79.8357 6.74032
GPRESSAVG: 1100000 43.7827 111.457 189.766 183.635 276.597 193.332 19.616 163.018 34.9622
ENERGY: 1100000         1.2399         5.4261         0.0000         0.0000         -10834.7797      1399.9780         0.0000         0.0000      1811.3986          -7616.7370       306.4506     -9428.1357     -7537.8930       298.9585           -623.7426      -545.6648     30380.1651        56.9410       118.4473
FEP:    1100000         6.6660    -10834.8863      1399.6564

WRITING EXTENDED SYSTEM TO RESTART FILE AT STEP 1100000
WRITING COORDINATES TO DCD FILE mobley_2481002_prod.dcd AT STEP 1100000
WRITING COORDINATES TO RESTART FILE AT STEP 1100000
FINISHED WRITING RESTART COORDINATES
WRITING VELOCITIES TO RESTART FILE AT STEP 1100000
FINISHED WRITING RESTART VELOCITIES
PRESSURE: 1200000 -47.9173 8.08581 46.1012 8.08388 1021.23 -284.63 46.0995 -284.63 135.497
GPRESSURE: 1200000 37.4207 -40.379 -35.7542 102.796 969.288 -408.799 25.925 -140.45 424.505
PRESSAVG: 1200000 -80.2926 183.499 112.23 183.499 306.624 51.7999 112.23 51.7999 16.6447
GPRESSAVG: 1200000 43.2933 99.7772 172.419 177.417 329.881 147.014 20.1014 139.674 64.9271
ENERGY: 1200000         1.3056         1.9243         0.0000         0.0000         -10859.6757      1490.4296         0.0000         0.0000      1840.1852          -7525.8310       311.3207     -9366.0162     -7536.9652       299.9094            369.6040       477.0711     30238.4482        80.9920       146.0337
FEP:    1200000         3.2299    -10859.5300      1490.1793

WRITING EXTENDED SYSTEM TO RESTART FILE AT STEP 1200000
WRITING COORDINATES TO DCD FILE mobley_2481002_prod.dcd AT STEP 1200000
WRITING COORDINATES TO RESTART FILE AT STEP 1200000
FINISHED WRITING RESTART COORDINATES
WRITING VELOCITIES TO RESTART FILE AT STEP 1200000
FINISHED WRITING RESTART VELOCITIES
PRESSURE: 1300000 -501.581 311.633 23.0975 311.632 -528.066 298.747 23.1018 298.752 -631.056
GPRESSURE: 1300000 -353.814 -44.3597 -196.478 339.62 -300.325 371.711 -67.7025 55.9537 -780.061
PRESSAVG: 1300000 -110.385 192.651 105.864 192.651 247.003 69.4394 105.864 69.4394 -29.6197
GPRESSAVG: 1300000 14.9285 89.4817 146.069 189.003 284.866 163.064 13.8296 133.694 4.57078
ENERGY: 1300000         1.1076         2.8382         0.0000         0.0000         -10677.5227      1359.4344         0.0000         0.0000      1775.9647          -7538.1778       300.4559     -9314.1425     -7537.0518       299.9485           -553.5675      -478.0665     30458.8296        35.6663       101.4552
FEP:    1300000         3.9457    -10677.6122      1359.4923

WRITING EXTENDED SYSTEM TO RESTART FILE AT STEP 1300000
WRITING COORDINATES TO DCD FILE mobley_2481002_prod.dcd AT STEP 1300000
WRITING COORDINATES TO RESTART FILE AT STEP 1300000
FINISHED WRITING RESTART COORDINATES
WRITING VELOCITIES TO RESTART FILE AT STEP 1300000
FINISHED WRITING RESTART VELOCITIES
PRESSURE: 1400000 546.874 261.79 -310.196 261.788 601.976 -73.2535 -310.192 -73.2518 845.921
GPRESSURE: 1400000 804.581 449.747 -401.973 352.158 598.622 -103.264 -599.49 -275.927 1069.09
PRESSAVG: 1400000 -66.5674 197.26 78.1267 197.26 270.668 59.9266 78.1267 59.9266 28.7497
GPRESSAVG: 1400000 67.5719 113.499 109.533 199.88 305.783 145.309 -27.0583 106.386 75.5387
ENERGY: 1400000         0.6463         2.1065         0.0000         0.0000         -10802.9414      1503.8953         0.0000         0.0000      1814.5688          -7481.7243       306.9869     -9296.2932     -7533.3633       300.4177            664.9235       824.0975     30304.0873        77.6168       149.6313
FEP:    1400000         2.7529    -10802.8842      1503.5766

WRITING EXTENDED SYSTEM TO RESTART FILE AT STEP 1400000
WRITING COORDINATES TO DCD FILE mobley_2481002_prod.dcd AT STEP 1400000
WRITING COORDINATES TO RESTART FILE AT STEP 1400000
FINISHED WRITING RESTART COORDINATES
WRITING VELOCITIES TO RESTART FILE AT STEP 1400000
FINISHED WRITING RESTART VELOCITIES
PRESSURE: 1500000 -940.323 529.394 524.742 529.394 116.896 -595.409 524.741 -595.411 -71.3914
GPRESSURE: 1500000 -891.185 566.516 215.997 567.354 218.502 -505.441 622.659 -724.903 -85.2156
PRESSAVG: 1500000 -121.177 218.019 106.04 218.019 261.057 18.968 106.04 18.968 22.4909
GPRESSAVG: 1500000 7.64963 141.813 116.187 222.847 300.328 104.637 13.549 54.4306 65.4916
ENERGY: 1500000         2.0434         2.2776         0.0000         0.0000         -10783.7893      1446.1231         0.0000         0.0000      1708.6678          -7624.6774       289.0707     -9333.3452     -7539.0704       299.7085           -298.2729      -252.6330     31134.7699        54.1237       124.4898
FEP:    1500000         4.3210    -10783.8219      1445.6975

WRITING EXTENDED SYSTEM TO RESTART FILE AT STEP 1500000
WRITING COORDINATES TO DCD FILE mobley_2481002_prod.dcd AT STEP 1500000
WRITING COORDINATES TO RESTART FILE AT STEP 1500000
FINISHED WRITING RESTART COORDINATES
WRITING VELOCITIES TO RESTART FILE AT STEP 1500000
FINISHED WRITING RESTART VELOCITIES
PRESSURE: 1600000 1027.74 -182.059 184.627 -182.056 462.268 244.704 184.628 244.705 765.93
GPRESSURE: 1600000 1108.86 -450.795 278.044 -47.7757 519.509 -24.5638 -120.323 588.811 863.95
PRESSAVG: 1600000 -53.5937 194.485 110.663 194.485 272.893 32.2466 110.663 32.2466 66.2226
GPRESSAVG: 1600000 72.4269 106.954 125.708 206.928 313.221 97.037 5.67414 85.8648 112.46
ENERGY: 1600000         5.0135         2.3922         0.0000         0.0000         -10889.8256      1562.6835         0.0000         0.0000      1735.6034          -7584.1330       293.6276     -9319.7364     -7541.7212       299.3508            751.9796       830.7742     30552.4934        95.1740       166.0359
FEP:    1600000         7.4057    -10889.7205      1562.5524

WRITING EXTENDED SYSTEM TO RESTART FILE AT STEP 1600000
WRITING COORDINATES TO DCD FILE mobley_2481002_prod.dcd AT STEP 1600000
WRITING COORDINATES TO RESTART FILE AT STEP 1600000
FINISHED WRITING RESTART COORDINATES
WRITING VELOCITIES TO RESTART FILE AT STEP 1600000
FINISHED WRITING RESTART VELOCITIES
PRESSURE: 1700000 -1119.94 218.898 -123.234 218.897 -612.504 -201.677 -123.232 -201.68 -325.408
GPRESSURE: 1700000 -1119.12 160.583 -216.591 282.494 -426.194 -289.798 233.551 -29.8437 -154.502
PRESSAVG: 1700000 -112.835 195.841 97.6687 195.841 223.704 19.2507 97.6687 19.2507 44.4653
GPRESSAVG: 1700000 6.22959 109.933 106.691 211.126 272.143 75.5462 18.334 79.4365 97.6285
ENERGY: 1700000         1.3959         1.6274         0.0000         0.0000         -10701.7745      1357.8803         0.0000         0.0000      1779.7387          -7561.1322       301.0944     -9340.8709     -7542.7995       299.4477           -685.9505      -566.6068     30364.2802        51.7782       125.3336
FEP:    1700000         3.0233    -10701.7454      1358.4521

WRITING EXTENDED SYSTEM TO RESTART FILE AT STEP 1700000
WRITING COORDINATES TO DCD FILE mobley_2481002_prod.dcd AT STEP 1700000
WRITING COORDINATES TO RESTART FILE AT STEP 1700000
FINISHED WRITING RESTART COORDINATES
WRITING VELOCITIES TO RESTART FILE AT STEP 1700000
FINISHED WRITING RESTART VELOCITIES
PRESSURE: 1800000 -839.265 -298.32 -95.3124 -298.323 -467.292 -476.553 -95.3125 -476.558 -1408.09
GPRESSURE: 1800000 -754.669 -436.508 -57.523 -221.873 -322.805 -368.894 -453.883 -497.553 -1263.04
PRESSAVG: 1800000 -151.068 169.832 87.5118 169.832 187.336 -6.84453 87.5118 -6.84453 -31.985
GPRESSAVG: 1800000 -33.8177 81.173 98.0484 188.336 240.83 52.1546 -6.51954 49.0687 26.0146
ENERGY: 1800000         0.4656         0.7554         0.0000         0.0000         -10661.4238      1362.0239         0.0000         0.0000      1785.7011          -7512.4778       302.1031     -9298.1789     -7541.2037       299.5874           -904.8826      -780.1701     31097.7112         1.4276        77.6755
FEP:    1800000         1.2210    -10661.4180      1361.8333

WRITING EXTENDED SYSTEM TO RESTART FILE AT STEP 1800000
WRITING COORDINATES TO DCD FILE mobley_2481002_prod.dcd AT STEP 1800000
WRITING COORDINATES TO RESTART FILE AT STEP 1800000
FINISHED WRITING RESTART COORDINATES
WRITING VELOCITIES TO RESTART FILE AT STEP 1800000
FINISHED WRITING RESTART VELOCITIES
PRESSURE: 1900000 213.207 -452.854 371.777 -452.853 79.4579 -413.504 371.779 -413.503 207.161
GPRESSURE: 1900000 387.465 -504.049 544.189 -474.853 79.0033 -608.094 71.8508 -391.26 306.183
PRESSAVG: 1900000 -132.855 138.698 101.725 138.698 181.942 -27.1775 101.725 -27.1775 -20.0277
GPRESSAVG: 1900000 -12.7536 51.9119 120.355 155.177 232.738 19.1421 -2.60102 27.0522 40.023
ENERGY: 1900000         0.5326         1.2741         0.0000         0.0000         -10862.9391      1469.0109         0.0000         0.0000      1779.9556          -7612.1659       301.1311     -9392.1215     -7544.7518       299.6646            166.6087       257.5504     30264.6948         9.6867        86.6692
FEP:    1900000         1.8067    -10862.7147      1469.1873

WRITING EXTENDED SYSTEM TO RESTART FILE AT STEP 1900000
WRITING COORDINATES TO DCD FILE mobley_2481002_prod.dcd AT STEP 1900000
WRITING COORDINATES TO RESTART FILE AT STEP 1900000
FINISHED WRITING RESTART COORDINATES
WRITING VELOCITIES TO RESTART FILE AT STEP 1900000
FINISHED WRITING RESTART VELOCITIES
PRESSURE: 2000000 40.2841 185.752 -456.947 185.754 393.331 -195.371 -456.945 -195.369 940.995
GPRESSURE: 2000000 373.576 190.662 -609.672 319.38 185.017 -203.848 -200.018 -41.9835 1028.27
PRESSAVG: 2000000 -105.757 141.157 77.1163 141.157 150.073 -51.1309 77.1163 -51.1309 46.2221
GPRESSAVG: 2000000 31.3264 58.8284 67.2072 157.288 181.431 -15.4077 12.8266 9.00244 107.913
TIMING: 2000000  CPU: 608.33, 0.000303951/step  Wall: 610.828, 0.000305363/step, 565.884 ns/days, 0.0424115 hours remaining, 0.000000 MB of memory in use.
PERFORMANCE: 2000000  averaging 565.809 ns/day, 0.000305403 sec/step with standard deviation 5.70536e-08
ETITLE:      TS           BOND          ANGLE          DIHED          IMPRP               ELECT            VDW       BOUNDARY           MISC        KINETIC               TOTAL           TEMP      POTENTIAL       TOTALAVG        TEMPAVG            PRESSURE      GPRESSURE         VOLUME       PRESSAVG      GPRESSAVG
FEPTITLE:    TS          BOND2         ELECT2           VDW2

ENERGY: 2000000         0.8044         3.7410         0.0000         0.0000         -10809.3538      1480.7582         0.0000         0.0000      1777.4538          -7546.5964       300.7078     -9324.0502     -7543.8859       299.8805            458.2036       528.9556     30029.1444        30.1794       106.8901
FEP:    2000000         4.5455    -10809.3045      1480.7819

WRITING EXTENDED SYSTEM TO RESTART FILE AT STEP 2000000
WRITING COORDINATES TO DCD FILE mobley_2481002_prod.dcd AT STEP 2000000
WRITING COORDINATES TO RESTART FILE AT STEP 2000000
FINISHED WRITING RESTART COORDINATES
WRITING VELOCITIES TO RESTART FILE AT STEP 2000000
FINISHED WRITING RESTART VELOCITIES
PRESSURE: 2100000 348.055 239.526 -652.59 239.527 -142.138 -361.289 -652.588 -361.287 -305.337
GPRESSURE: 2100000 360.216 446.638 -382.91 261.338 -170.913 -268.778 -693.089 -384.092 -190.4
PRESSAVG: 2100000 -165.079 117.719 36.7925 117.719 107.716 -78.7244 36.7925 -78.7244 11.3035
GPRESSAVG: 2100000 -21.8938 53.8636 49.8616 141.829 123.78 -42.4492 -41.1615 -39.4096 77.7681
ENERGY: 2100000         2.9232         1.8721         0.0000         0.0000         -10699.8077      1440.4203         0.0000         0.0000      1795.7421          -7458.8500       303.8018     -9254.5921     -7540.8033       300.2228            -33.1400        -0.3657     30943.2577       -15.3530        59.8847
FEP:    2100000         4.7953    -10699.6207      1441.4250

WRITING EXTENDED SYSTEM TO RESTART FILE AT STEP 2100000
WRITING COORDINATES TO DCD FILE mobley_2481002_prod.dcd AT STEP 2100000
WRITING COORDINATES TO RESTART FILE AT STEP 2100000
FINISHED WRITING RESTART COORDINATES
WRITING VELOCITIES TO RESTART FILE AT STEP 2100000
FINISHED WRITING RESTART VELOCITIES
PRESSURE: 2200000 187.084 -190.9 -136.358 -190.897 487.105 -86.7958 -136.362 -86.7975 913.691
GPRESSURE: 2200000 184.855 -418.941 -218.401 -208.853 374.811 -103.749 -198.94 -37.1217 1083.69
PRESSAVG: 2200000 -181.989 95.2926 47.694 95.2926 117.136 -64.1286 47.694 -64.1286 49.815
GPRESSAVG: 2200000 -41.6765 33.289 46.505 122.878 122.337 -53.5435 -20.5729 -12.8892 123.468
ENERGY: 2200000         1.4065         4.1227         0.0000         0.0000         -10884.6593      1511.7747         0.0000         0.0000      1751.0251          -7616.3304       296.2366     -9367.3555     -7547.3366       299.8795            529.2932       547.7847     30157.7742        -5.0124        68.0426
FEP:    2200000         5.5292    -10884.5714      1511.3184

WRITING EXTENDED SYSTEM TO RESTART FILE AT STEP 2200000
WRITING COORDINATES TO DCD FILE mobley_2481002_prod.dcd AT STEP 2200000
WRITING COORDINATES TO RESTART FILE AT STEP 2200000
FINISHED WRITING RESTART COORDINATES
WRITING VELOCITIES TO RESTART FILE AT STEP 2200000
FINISHED WRITING RESTART VELOCITIES
PRESSURE: 2300000 72.6527 -515.839 288.225 -515.842 86.4872 -28.6181 288.226 -28.6166 743.046
GPRESSURE: 2300000 62.0736 -549.741 189.185 -676.748 466.585 56.6891 214.47 188.591 654.032
PRESSAVG: 2300000 -152.973 70.9505 41.9664 70.9505 133.881 -33.8555 41.9664 -33.8555 99.3228
GPRESSAVG: 2300000 -26.5624 14.8761 28.2621 72.7398 157.969 -35.2738 -21.3484 9.48145 170.751
ENERGY: 2300000         2.2361         4.0139         0.0000         0.0000         -10851.0858      1516.8408         0.0000         0.0000      1762.6833          -7565.3117       298.2090     -9327.9950     -7547.1077       299.8590            300.7286       394.2303     30792.1023        26.7437       100.7192
FEP:    2300000         6.2500    -10850.9672      1516.7102

WRITING EXTENDED SYSTEM TO RESTART FILE AT STEP 2300000
WRITING COORDINATES TO DCD FILE mobley_2481002_prod.dcd AT STEP 2300000
WRITING COORDINATES TO RESTART FILE AT STEP 2300000
FINISHED WRITING RESTART COORDINATES
WRITING VELOCITIES TO RESTART FILE AT STEP 2300000
FINISHED WRITING RESTART VELOCITIES
PRESSURE: 2400000 581.363 371.449 920.92 371.448 789.444 -34.9356 920.918 -34.9368 44.9508
GPRESSURE: 2400000 618.753 452.529 840.096 405.412 864.423 63.5863 795.218 -104.401 130.311
PRESSAVG: 2400000 -147.535 76.4691 64.5521 76.4691 143.931 -33.7681 64.5521 -33.7681 89.8864
GPRESSAVG: 2400000 -30.9916 26.1313 30.3543 97.4555 189.604 -18.311 20.6869 -7.23269 151.596
ENERGY: 2400000         0.5277         4.8070         0.0000         0.0000         -10792.9978      1488.4755         0.0000         0.0000      1756.9566          -7542.2310       297.2401     -9299.1877     -7546.8302       300.0817            471.9193       537.8290     30343.7658        28.7607       103.4027
FEP:    2400000         5.3347    -10792.9735      1488.7722

WRITING EXTENDED SYSTEM TO RESTART FILE AT STEP 2400000
WRITING COORDINATES TO DCD FILE mobley_2481002_prod.dcd AT STEP 2400000
WRITING COORDINATES TO RESTART FILE AT STEP 2400000
FINISHED WRITING RESTART COORDINATES
WRITING VELOCITIES TO RESTART FILE AT STEP 2400000
FINISHED WRITING RESTART VELOCITIES
PRESSURE: 2500000 187.728 315.715 121.509 315.72 259.5 531.41 121.51 531.406 683.356
GPRESSURE: 2500000 308.899 216.38 42.6152 164.386 440.247 399.24 311.621 431.938 783.894
PRESSAVG: 2500000 -90.8521 92.1784 74.7154 92.1784 166.375 3.98123 74.7154 3.98123 189.935
GPRESSAVG: 2500000 25.8739 34.1843 29.3627 116.199 221.621 -0.124316 38.7244 21.573 259.878
ENERGY: 2500000         2.8339         3.3416         0.0000         0.0000         -10892.4435      1513.9114         0.0000         0.0000      1773.9251          -7598.4315       300.1108     -9372.3566     -7549.4993       300.1809            376.8611       511.0134     30247.2857        88.4861       169.1242
FEP:    2500000         6.1755    -10892.4424      1514.1174

WRITING EXTENDED SYSTEM TO RESTART FILE AT STEP 2500000
WRITING COORDINATES TO DCD FILE mobley_2481002_prod.dcd AT STEP 2500000
WRITING COORDINATES TO RESTART FILE AT STEP 2500000
FINISHED WRITING RESTART COORDINATES
WRITING VELOCITIES TO RESTART FILE AT STEP 2500000
FINISHED WRITING RESTART VELOCITIES
TCL: Exiting due to exit command.
WRITING EXTENDED SYSTEM TO OUTPUT FILE AT STEP 2500000
CLOSING EXTENDED SYSTEM TRAJECTORY FILE
WRITING COORDINATES TO OUTPUT FILE AT STEP 2500000
CLOSING COORDINATE DCD FILE mobley_2481002_prod.dcd
WRITING VELOCITIES TO OUTPUT FILE AT STEP 2500000
====================================================

WallClock: 763.595947  CPUTime: 760.816345  Memory: 0.000000 MB
[Partition 0][Node 0] End of program
