#========================================================================================
#                     Free energy perturbation    
#----------------------------------------------------------------------------------------
#forward/backward          λ              ΔΔA                 ΔA                  δε   
#                                                 
#----------------------------------------------------------------------------------------
forward:               0.0000              0.0000              0.0000              0.0000  
forward:               0.0500              2.4191              2.4191              0.0402  
forward:               0.1000              1.2958              3.7149              0.0463  
forward:               0.1500              0.6245              4.3394              0.0480  
forward:               0.2000              0.3017              4.6410              0.0490  
forward:               0.2500              0.1297              4.7707              0.0495  
forward:               0.3000              0.0082              4.7789              0.0502  
forward:               0.3500             -0.0541              4.7248              0.0505  
forward:               0.4000             -0.1012              4.6236              0.0507  
forward:               0.4500             -0.1472              4.4764              0.0510  
forward:               0.5000             -0.1683              4.3080              0.0512  
forward:               0.5500             -0.2369              4.0711              0.0514  
forward:               0.6000             -0.2986              3.7725              0.0516  
forward:               0.6500             -0.3316              3.4409              0.0517  
forward:               0.7000             -0.3702              3.0707              0.0519  
forward:               0.7500             -0.3935              2.6772              0.0520  
forward:               0.8000             -0.4097              2.2675              0.0521  
forward:               0.8500             -0.4286              1.8389              0.0522  
forward:               0.9000             -0.4486              1.3904              0.0525  
forward:               0.9500             -0.4550              0.9354              0.0526  
forward:               1.0000             -0.4692              0.4661              0.0527  
backward:              1.0000              0.0000              0.4661              0.0000  
backward:              0.9500              0.4728              0.9389              0.0037  
backward:              0.9000              0.4611              1.4000              0.0059  
backward:              0.8500              0.4463              1.8463              0.0071  
backward:              0.8000              0.4215              2.2678              0.0083  
backward:              0.7500              0.4094              2.6772              0.0093  
backward:              0.7000              0.3878              3.0649              0.0108  
backward:              0.6500              0.3635              3.4284              0.0119  
backward:              0.6000              0.3282              3.7566              0.0127  
backward:              0.5500              0.2929              4.0495              0.0135  
backward:              0.5000              0.2327              4.2822              0.0144  
backward:              0.4500              0.1749              4.4571              0.0156  
backward:              0.4000              0.1382              4.5953              0.0165  
backward:              0.3500              0.1064              4.7017              0.0182  
backward:              0.3000              0.0425              4.7442              0.0209  
backward:              0.2500             -0.0231              4.7211              0.0224  
backward:              0.2000             -0.1292              4.5919              0.0254  
backward:              0.1500             -0.2919              4.3000              0.0296  
backward:              0.1000             -0.6305              3.6695              0.0382  
backward:              0.0500             -1.4084              2.2610              0.1084  
backward:              0.0000             -2.4671             -0.2060              0.1282  
Inaccuracy estimation
======================================================================================================
                   i        i+δi          P0_overlap_P1   δε(forward)/ε   δε(backward)/ε
======================================================================================================
inaccuracy:  0.00000        0.05000           26.91            0.07            3.27
inaccuracy:  0.05000        0.10000           39.80           -0.05            1.64
inaccuracy:  0.10000        0.15000           50.71           -0.04            0.79
inaccuracy:  0.15000        0.20000           59.42           -0.03            0.41
inaccuracy:  0.20000        0.25000           64.57           -0.03            0.24
inaccuracy:  0.25000        0.30000           70.33           -0.01            0.17
inaccuracy:  0.30000        0.35000           71.53           -0.02            0.13
inaccuracy:  0.35000        0.40000           71.42           -0.02            0.11
inaccuracy:  0.40000        0.45000           74.20           -0.02            0.09
inaccuracy:  0.45000        0.50000           73.10           -0.02            0.09
inaccuracy:  0.50000        0.55000           73.26           -0.02            0.09
inaccuracy:  0.55000        0.60000           74.39           -0.03            0.08
inaccuracy:  0.60000        0.65000           74.72           -0.03            0.07
inaccuracy:  0.65000        0.70000           75.02           -0.03            0.06
inaccuracy:  0.70000        0.75000           75.95           -0.03            0.06
inaccuracy:  0.75000        0.80000           74.57           -0.03            0.06
inaccuracy:  0.80000        0.85000           75.48           -0.03            0.05
inaccuracy:  0.85000        0.90000           75.22           -0.03            0.06
inaccuracy:  0.90000        0.95000           73.62           -0.03            0.05
inaccuracy:  0.95000        1.00000           74.22           -0.03            0.06
===================================================================================================================================
                BAR        
-----------------------------------------------------------------------------------------------------------------------------------
BAR-estimator:         λ             λ+δλ          ΔΔA             ΔA            C               Δδe            δe       
                          
-----------------------------------------------------------------------------------------------------------------------------------
BAR-estimator:      0.00000        0.05000        2.4057         2.4057         2.4057         0.0146         0.0146 
BAR-estimator:      0.05000        0.10000        1.3167         3.7224         1.3167         0.0127         0.0194 
BAR-estimator:      0.10000        0.15000        0.6386         4.3610         0.6386         0.0100         0.0218 
BAR-estimator:      0.15000        0.20000        0.3005         4.6615         0.3005         0.0063         0.0227 
BAR-estimator:      0.20000        0.25000        0.1262         4.7876         0.1262         0.0049         0.0232 
BAR-estimator:      0.25000        0.30000        0.0166         4.8043         0.0166         0.0051         0.0237 
BAR-estimator:      0.30000        0.35000       -0.0533         4.7510        -0.0533         0.0039         0.0241 
BAR-estimator:      0.35000        0.40000       -0.1062         4.6448        -0.1062         0.0033         0.0243 
BAR-estimator:      0.40000        0.45000       -0.1449         4.4999        -0.1449         0.0031         0.0245 
BAR-estimator:      0.45000        0.50000       -0.1729         4.3270        -0.1729         0.0031         0.0247 
BAR-estimator:      0.50000        0.55000       -0.2333         4.0937        -0.2333         0.0033         0.0249 
BAR-estimator:      0.55000        0.60000       -0.2943         3.7994        -0.2943         0.0030         0.0251 
BAR-estimator:      0.60000        0.65000       -0.3289         3.4704        -0.3289         0.0030         0.0253 
BAR-estimator:      0.65000        0.70000       -0.3691         3.1014        -0.3691         0.0030         0.0254 
BAR-estimator:      0.70000        0.75000       -0.3912         2.7102        -0.3912         0.0029         0.0256 
BAR-estimator:      0.75000        0.80000       -0.4088         2.3014        -0.4088         0.0030         0.0258 
BAR-estimator:      0.80000        0.85000       -0.4261         1.8753        -0.4261         0.0029         0.0259 
BAR-estimator:      0.85000        0.90000       -0.4466         1.4287        -0.4466         0.0034         0.0261 
BAR-estimator:      0.90000        0.95000       -0.4577         0.9711        -0.4577         0.0029         0.0263 
BAR-estimator:      0.95000        1.00000       -0.4702         0.5009        -0.4702         0.0030         0.0265 
BAR-estimator: total free energy change is 0.5008864056640501 , total error is 0.02647034953547224
