#========================================================================================
#                     Free energy perturbation    
#----------------------------------------------------------------------------------------
#forward/backward          λ              ΔΔA                 ΔA                  δε   
#                                                 
#----------------------------------------------------------------------------------------
forward:               0.0000              0.0000              0.0000              0.0000  
forward:               0.0500              2.5143              2.5143              0.0261  
forward:               0.1000              1.3818              3.8961              0.0320  
forward:               0.1500              0.6617              4.5578              0.0350  
forward:               0.2000              0.3133              4.8711              0.0363  
forward:               0.2500              0.1251              4.9962              0.0369  
forward:               0.3000              0.0252              5.0214              0.0373  
forward:               0.3500             -0.0373              4.9841              0.0376  
forward:               0.4000             -0.1089              4.8752              0.0380  
forward:               0.4500             -0.1355              4.7397              0.0382  
forward:               0.5000             -0.1731              4.5666              0.0384  
forward:               0.5500             -0.2179              4.3487              0.0387  
forward:               0.6000             -0.2815              4.0672              0.0389  
forward:               0.6500             -0.3262              3.7411              0.0390  
forward:               0.7000             -0.3593              3.3817              0.0392  
forward:               0.7500             -0.3808              3.0009              0.0393  
forward:               0.8000             -0.4083              2.5926              0.0395  
forward:               0.8500             -0.4227              2.1699              0.0396  
forward:               0.9000             -0.4427              1.7272              0.0398  
forward:               0.9500             -0.4614              1.2658              0.0399  
forward:               1.0000             -0.4667              0.7991              0.0399  
backward:              1.0000              0.0000              0.7991              0.0000  
backward:              0.9500              0.4707              1.2698              0.0037  
backward:              0.9000              0.4456              1.7155              0.0054  
backward:              0.8500              0.4442              2.1596              0.0068  
backward:              0.8000              0.4216              2.5812              0.0082  
backward:              0.7500              0.4100              2.9912              0.0091  
backward:              0.7000              0.3853              3.3765              0.0101  
backward:              0.6500              0.3573              3.7338              0.0110  
backward:              0.6000              0.3304              4.0642              0.0118  
backward:              0.5500              0.2875              4.3517              0.0126  
backward:              0.5000              0.2156              4.5673              0.0135  
backward:              0.4500              0.1714              4.7387              0.0143  
backward:              0.4000              0.1368              4.8755              0.0152  
backward:              0.3500              0.0964              4.9718              0.0163  
backward:              0.3000              0.0528              5.0246              0.0174  
backward:              0.2500             -0.0190              5.0055              0.0189  
backward:              0.2000             -0.1388              4.8667              0.0211  
backward:              0.1500             -0.3319              4.5348              0.0241  
backward:              0.1000             -0.7678              3.7670              0.1038  
backward:              0.0500             -1.3990              2.3680              0.1147  
backward:              0.0000             -2.4599             -0.0919              0.1321  
Inaccuracy estimation
======================================================================================================
                   i        i+δi          P0_overlap_P1   δε(forward)/ε   δε(backward)/ε
======================================================================================================
inaccuracy:  0.00000        0.05000           25.36            0.06            3.48
inaccuracy:  0.05000        0.10000           37.95           -0.06            1.63
inaccuracy:  0.10000        0.15000           50.89           -0.04            0.77
inaccuracy:  0.15000        0.20000           60.38           -0.03            0.38
inaccuracy:  0.20000        0.25000           65.85           -0.02            0.24
inaccuracy:  0.25000        0.30000           68.83           -0.02            0.17
inaccuracy:  0.30000        0.35000           69.92           -0.03            0.14
inaccuracy:  0.35000        0.40000           73.35           -0.02            0.10
inaccuracy:  0.40000        0.45000           73.13           -0.02            0.10
inaccuracy:  0.45000        0.50000           74.50           -0.02            0.08
inaccuracy:  0.50000        0.55000           72.78           -0.03            0.09
inaccuracy:  0.55000        0.60000           72.37           -0.03            0.07
inaccuracy:  0.60000        0.65000           74.54           -0.03            0.08
inaccuracy:  0.65000        0.70000           74.69           -0.03            0.06
inaccuracy:  0.70000        0.75000           74.00           -0.03            0.06
inaccuracy:  0.75000        0.80000           75.04           -0.04            0.06
inaccuracy:  0.80000        0.85000           74.73           -0.03            0.06
inaccuracy:  0.85000        0.90000           74.19           -0.03            0.06
inaccuracy:  0.90000        0.95000           75.51           -0.03            0.05
inaccuracy:  0.95000        1.00000           74.34           -0.03            0.05
===================================================================================================================================
                BAR        
-----------------------------------------------------------------------------------------------------------------------------------
BAR-estimator:         λ             λ+δλ          ΔΔA             ΔA            C               Δδe            δe       
                          
-----------------------------------------------------------------------------------------------------------------------------------
BAR-estimator:      0.00000        0.05000        2.4688         2.4688         2.4688         0.0118         0.0118 
BAR-estimator:      0.05000        0.10000        1.3685         3.8373         1.3685         0.0106         0.0159 
BAR-estimator:      0.10000        0.15000        0.6629         4.5002         0.6629         0.0084         0.0180 
BAR-estimator:      0.15000        0.20000        0.3178         4.8180         0.3178         0.0058         0.0189 
BAR-estimator:      0.20000        0.25000        0.1302         4.9482         0.1302         0.0045         0.0194 
BAR-estimator:      0.25000        0.30000        0.0246         4.9727         0.0246         0.0042         0.0198 
BAR-estimator:      0.30000        0.35000       -0.0435         4.9292        -0.0435         0.0035         0.0201 
BAR-estimator:      0.35000        0.40000       -0.1036         4.8256        -0.1036         0.0030         0.0204 
BAR-estimator:      0.40000        0.45000       -0.1368         4.6888        -0.1368         0.0031         0.0206 
BAR-estimator:      0.45000        0.50000       -0.1722         4.5167        -0.1722         0.0029         0.0208 
BAR-estimator:      0.50000        0.55000       -0.2174         4.2993        -0.2174         0.0031         0.0210 
BAR-estimator:      0.55000        0.60000       -0.2858         4.0134        -0.2858         0.0025         0.0212 
BAR-estimator:      0.60000        0.65000       -0.3254         3.6880        -0.3254         0.0027         0.0213 
BAR-estimator:      0.65000        0.70000       -0.3576         3.3304        -0.3576         0.0028         0.0215 
BAR-estimator:      0.70000        0.75000       -0.3838         2.9466        -0.3838         0.0027         0.0217 
BAR-estimator:      0.75000        0.80000       -0.4086         2.5380        -0.4086         0.0027         0.0219 
BAR-estimator:      0.80000        0.85000       -0.4214         2.1166        -0.4214         0.0027         0.0220 
BAR-estimator:      0.85000        0.90000       -0.4435         1.6732        -0.4435         0.0026         0.0222 
BAR-estimator:      0.90000        0.95000       -0.4562         1.2169        -0.4562         0.0025         0.0223 
BAR-estimator:      0.95000        1.00000       -0.4676         0.7493        -0.4676         0.0025         0.0225 
BAR-estimator: total free energy change is 0.7492791679775459 , total error is 0.022461584904209485
