#========================================================================================
#                     Free energy perturbation    
#----------------------------------------------------------------------------------------
#forward/backward          λ              ΔΔA                 ΔA                  δε   
#                                                 
#----------------------------------------------------------------------------------------
forward:               0.0000              0.0000              0.0000              0.0000  
forward:               0.0500              0.8649              0.8649              0.0161  
forward:               0.1000              0.4838              1.3486              0.0188  
forward:               0.1500              0.3007              1.6493              0.0200  
forward:               0.2000              0.1952              1.8446              0.0208  
forward:               0.2500              0.1344              1.9790              0.0214  
forward:               0.3000              0.0842              2.0632              0.0216  
forward:               0.3500              0.0537              2.1169              0.0220  
forward:               0.4000              0.0344              2.1513              0.0224  
forward:               0.4500              0.0225              2.1738              0.0228  
forward:               0.5000              0.0033              2.1771              0.0231  
forward:               0.5500             -0.0385              2.1387              0.0234  
forward:               0.6000             -0.1056              2.0331              0.0235  
forward:               0.6500             -0.1518              1.8813              0.0237  
forward:               0.7000             -0.1880              1.6933              0.0239  
forward:               0.7500             -0.2065              1.4868              0.0241  
forward:               0.8000             -0.2416              1.2452              0.0242  
forward:               0.8500             -0.2505              0.9947              0.0244  
forward:               0.9000             -0.2648              0.7299              0.0246  
forward:               0.9500             -0.2781              0.4518              0.0247  
forward:               1.0000             -0.2905              0.1613              0.0249  
backward:              1.0000              0.0000              0.1613              0.0000  
backward:              0.9500              0.2886              0.4498              0.0034  
backward:              0.9000              0.2784              0.7282              0.0045  
backward:              0.8500              0.2648              0.9930              0.0054  
backward:              0.8000              0.2498              1.2428              0.0064  
backward:              0.7500              0.2320              1.4748              0.0072  
backward:              0.7000              0.2047              1.6795              0.0079  
backward:              0.6500              0.1838              1.8633              0.0085  
backward:              0.6000              0.1491              2.0124              0.0093  
backward:              0.5500              0.1100              2.1224              0.0099  
backward:              0.5000              0.0416              2.1641              0.0109  
backward:              0.4500             -0.0129              2.1511              0.0119  
backward:              0.4000             -0.0263              2.1248              0.0130  
backward:              0.3500             -0.0331              2.0918              0.0137  
backward:              0.3000             -0.0632              2.0285              0.0143  
backward:              0.2500             -0.0794              1.9492              0.0152  
backward:              0.2000             -0.1363              1.8129              0.0168  
backward:              0.1500             -0.1900              1.6228              0.0182  
backward:              0.1000             -0.3131              1.3097              0.0221  
backward:              0.0500             -0.4749              0.8348              0.0260  
backward:              0.0000             -1.0138             -0.1790              0.1337  
Inaccuracy estimation
======================================================================================================
                   i        i+δi          P0_overlap_P1   δε(forward)/ε   δε(backward)/ε
======================================================================================================
inaccuracy:  0.00000        0.05000           50.19           -0.01            1.06
inaccuracy:  0.05000        0.10000           62.13           -0.00            0.42
inaccuracy:  0.10000        0.15000           70.21           -0.01            0.23
inaccuracy:  0.15000        0.20000           73.12           -0.00            0.15
inaccuracy:  0.20000        0.25000           76.38           -0.00            0.10
inaccuracy:  0.25000        0.30000           77.90           -0.00            0.09
inaccuracy:  0.30000        0.35000           80.97           -0.01            0.07
inaccuracy:  0.35000        0.40000           79.99           -0.00            0.07
inaccuracy:  0.40000        0.45000           80.85           -0.00            0.06
inaccuracy:  0.45000        0.50000           81.71           -0.01            0.06
inaccuracy:  0.50000        0.55000           76.98           -0.02            0.07
inaccuracy:  0.55000        0.60000           78.87           -0.02            0.06
inaccuracy:  0.60000        0.65000           79.65           -0.02            0.05
inaccuracy:  0.65000        0.70000           79.98           -0.02            0.04
inaccuracy:  0.70000        0.75000           80.13           -0.02            0.05
inaccuracy:  0.75000        0.80000           80.78           -0.01            0.04
inaccuracy:  0.80000        0.85000           80.30           -0.02            0.04
inaccuracy:  0.85000        0.90000           79.57           -0.02            0.05
inaccuracy:  0.90000        0.95000           79.85           -0.01            0.05
inaccuracy:  0.95000        1.00000           79.35           -0.02            0.05
===================================================================================================================================
                BAR        
-----------------------------------------------------------------------------------------------------------------------------------
BAR-estimator:         λ             λ+δλ          ΔΔA             ΔA            C               Δδe            δe       
                          
-----------------------------------------------------------------------------------------------------------------------------------
BAR-estimator:      0.00000        0.05000        0.8744         0.8744         0.8744         0.0101         0.0101 
BAR-estimator:      0.05000        0.10000        0.4806         1.3550         0.4806         0.0064         0.0119 
BAR-estimator:      0.10000        0.15000        0.3015         1.6564         0.3015         0.0042         0.0126 
BAR-estimator:      0.15000        0.20000        0.1934         1.8498         0.1934         0.0040         0.0132 
BAR-estimator:      0.20000        0.25000        0.1328         1.9826         0.1328         0.0033         0.0136 
BAR-estimator:      0.25000        0.30000        0.0832         2.0658         0.0832         0.0024         0.0138 
BAR-estimator:      0.30000        0.35000        0.0579         2.1238         0.0579         0.0024         0.0141 
BAR-estimator:      0.35000        0.40000        0.0337         2.1575         0.0337         0.0027         0.0143 
BAR-estimator:      0.40000        0.45000        0.0232         2.1807         0.0232         0.0029         0.0146 
BAR-estimator:      0.45000        0.50000        0.0065         2.1872         0.0065         0.0026         0.0148 
BAR-estimator:      0.50000        0.55000       -0.0398         2.1474        -0.0398         0.0026         0.0151 
BAR-estimator:      0.55000        0.60000       -0.1058         2.0416        -0.1058         0.0026         0.0153 
BAR-estimator:      0.60000        0.65000       -0.1508         1.8908        -0.1508         0.0026         0.0155 
BAR-estimator:      0.65000        0.70000       -0.1870         1.7038        -0.1870         0.0025         0.0157 
BAR-estimator:      0.70000        0.75000       -0.2059         1.4979        -0.2059         0.0025         0.0159 
BAR-estimator:      0.75000        0.80000       -0.2382         1.2596        -0.2382         0.0026         0.0161 
BAR-estimator:      0.80000        0.85000       -0.2507         1.0089        -0.2507         0.0024         0.0163 
BAR-estimator:      0.85000        0.90000       -0.2647         0.7442        -0.2647         0.0023         0.0164 
BAR-estimator:      0.90000        0.95000       -0.2766         0.4676        -0.2766         0.0024         0.0166 
BAR-estimator:      0.95000        1.00000       -0.2896         0.1780        -0.2896         0.0021         0.0167 
BAR-estimator: total free energy change is 0.17800479535183156 , total error is 0.016733742735113803
