#========================================================================================
#                     Free energy perturbation    
#----------------------------------------------------------------------------------------
#forward/backward          λ              ΔΔA                 ΔA                  δε   
#                                                 
#----------------------------------------------------------------------------------------
forward:               0.0000              0.0000              0.0000              0.0000  
forward:               0.0500              0.9001              0.9001              0.0112  
forward:               0.1000              0.4912              1.3913              0.0136  
forward:               0.1500              0.3026              1.6940              0.0149  
forward:               0.2000              0.2011              1.8951              0.0158  
forward:               0.2500              0.1344              2.0295              0.0165  
forward:               0.3000              0.0998              2.1293              0.0172  
forward:               0.3500              0.0618              2.1911              0.0177  
forward:               0.4000              0.0414              2.2326              0.0181  
forward:               0.4500              0.0220              2.2545              0.0183  
forward:               0.5000              0.0055              2.2600              0.0186  
forward:               0.5500             -0.0467              2.2133              0.0189  
forward:               0.6000             -0.1075              2.1059              0.0191  
forward:               0.6500             -0.1518              1.9541              0.0193  
forward:               0.7000             -0.1884              1.7657              0.0195  
forward:               0.7500             -0.2112              1.5545              0.0197  
forward:               0.8000             -0.2365              1.3179              0.0200  
forward:               0.8500             -0.2593              1.0587              0.0201  
forward:               0.9000             -0.2774              0.7813              0.0203  
forward:               0.9500             -0.2861              0.4952              0.0204  
forward:               1.0000             -0.3021              0.1931              0.0205  
backward:              1.0000              0.0000              0.1931              0.0000  
backward:              0.9500              0.2997              0.4928              0.0034  
backward:              0.9000              0.2937              0.7865              0.0045  
backward:              0.8500              0.2650              1.0515              0.0054  
backward:              0.8000              0.2622              1.3137              0.0062  
backward:              0.7500              0.2341              1.5478              0.0070  
backward:              0.7000              0.2116              1.7595              0.0077  
backward:              0.6500              0.1859              1.9454              0.0084  
backward:              0.6000              0.1503              2.0957              0.0090  
backward:              0.5500              0.1076              2.2033              0.0097  
backward:              0.5000              0.0425              2.2459              0.0105  
backward:              0.4500             -0.0072              2.2387              0.0112  
backward:              0.4000             -0.0199              2.2188              0.0117  
backward:              0.3500             -0.0407              2.1780              0.0124  
backward:              0.3000             -0.0716              2.1064              0.0135  
backward:              0.2500             -0.0969              2.0095              0.0146  
backward:              0.2000             -0.1342              1.8753              0.0157  
backward:              0.1500             -0.2008              1.6746              0.0170  
backward:              0.1000             -0.3095              1.3651              0.0187  
backward:              0.0500             -0.4885              0.8766              0.0232  
backward:              0.0000             -0.8687              0.0080              0.0307  
Inaccuracy estimation
======================================================================================================
                   i        i+δi          P0_overlap_P1   δε(forward)/ε   δε(backward)/ε
======================================================================================================
inaccuracy:  0.00000        0.05000           49.71           -0.01            1.10
inaccuracy:  0.05000        0.10000           61.79           -0.01            0.43
inaccuracy:  0.10000        0.15000           69.64           -0.00            0.23
inaccuracy:  0.15000        0.20000           74.21           -0.00            0.15
inaccuracy:  0.20000        0.25000           76.44           -0.01            0.12
inaccuracy:  0.25000        0.30000           77.61           -0.00            0.10
inaccuracy:  0.30000        0.35000           79.98           -0.01            0.07
inaccuracy:  0.35000        0.40000           80.23           -0.00            0.07
inaccuracy:  0.40000        0.45000           80.49           -0.00            0.06
inaccuracy:  0.45000        0.50000           81.06           -0.00            0.06
inaccuracy:  0.50000        0.55000           77.89           -0.01            0.07
inaccuracy:  0.55000        0.60000           78.34           -0.02            0.06
inaccuracy:  0.60000        0.65000           79.73           -0.02            0.05
inaccuracy:  0.65000        0.70000           79.68           -0.02            0.04
inaccuracy:  0.70000        0.75000           79.77           -0.02            0.05
inaccuracy:  0.75000        0.80000           79.89           -0.02            0.04
inaccuracy:  0.80000        0.85000           79.26           -0.02            0.04
inaccuracy:  0.85000        0.90000           80.90           -0.02            0.04
inaccuracy:  0.90000        0.95000           78.34           -0.02            0.05
inaccuracy:  0.95000        1.00000           79.75           -0.02            0.04
===================================================================================================================================
                BAR        
-----------------------------------------------------------------------------------------------------------------------------------
BAR-estimator:         λ             λ+δλ          ΔΔA             ΔA            C               Δδe            δe       
                          
-----------------------------------------------------------------------------------------------------------------------------------
BAR-estimator:      0.00000        0.05000        0.8967         0.8967         0.8967         0.0071         0.0071 
BAR-estimator:      0.05000        0.10000        0.4874         1.3841         0.4874         0.0051         0.0087 
BAR-estimator:      0.10000        0.15000        0.3045         1.6886         0.3045         0.0040         0.0096 
BAR-estimator:      0.15000        0.20000        0.2008         1.8894         0.2008         0.0038         0.0103 
BAR-estimator:      0.20000        0.25000        0.1334         2.0227         0.1334         0.0031         0.0108 
BAR-estimator:      0.25000        0.30000        0.0984         2.1211         0.0984         0.0028         0.0111 
BAR-estimator:      0.30000        0.35000        0.0642         2.1853         0.0642         0.0027         0.0115 
BAR-estimator:      0.35000        0.40000        0.0412         2.2265         0.0412         0.0025         0.0117 
BAR-estimator:      0.40000        0.45000        0.0209         2.2475         0.0209         0.0021         0.0119 
BAR-estimator:      0.45000        0.50000        0.0064         2.2539         0.0064         0.0022         0.0121 
BAR-estimator:      0.50000        0.55000       -0.0446         2.2093        -0.0446         0.0025         0.0124 
BAR-estimator:      0.55000        0.60000       -0.1084         2.1008        -0.1084         0.0022         0.0126 
BAR-estimator:      0.60000        0.65000       -0.1510         1.9498        -0.1510         0.0022         0.0128 
BAR-estimator:      0.65000        0.70000       -0.1880         1.7618        -0.1880         0.0023         0.0130 
BAR-estimator:      0.70000        0.75000       -0.2112         1.5506        -0.2112         0.0022         0.0132 
BAR-estimator:      0.75000        0.80000       -0.2365         1.3141        -0.2365         0.0024         0.0134 
BAR-estimator:      0.80000        0.85000       -0.2600         1.0541        -0.2600         0.0023         0.0136 
BAR-estimator:      0.85000        0.90000       -0.2736         0.7805        -0.2736         0.0021         0.0137 
BAR-estimator:      0.90000        0.95000       -0.2896         0.4910        -0.2896         0.0020         0.0139 
BAR-estimator:      0.95000        1.00000       -0.3015         0.1895        -0.3015         0.0022         0.0141 
BAR-estimator: total free energy change is 0.1895084361948952 , total error is 0.014057467593208927
