#========================================================================================
#                     Free energy perturbation    
#----------------------------------------------------------------------------------------
#forward/backward          λ              ΔΔA                 ΔA                  δε   
#                                                 
#----------------------------------------------------------------------------------------
forward:               0.0000              0.0000              0.0000              0.0000  
forward:               0.0500              0.9122              0.9122              0.0183  
forward:               0.1000              0.4014              1.3136              0.0203  
forward:               0.1500              0.2431              1.5567              0.0214  
forward:               0.2000              0.1507              1.7074              0.0222  
forward:               0.2500              0.0959              1.8033              0.0227  
forward:               0.3000              0.0705              1.8738              0.0231  
forward:               0.3500              0.0397              1.9135              0.0235  
forward:               0.4000              0.0120              1.9256              0.0237  
forward:               0.4500              0.0093              1.9349              0.0240  
forward:               0.5000             -0.0154              1.9195              0.0242  
forward:               0.5500             -0.0461              1.8734              0.0245  
forward:               0.6000             -0.1258              1.7477              0.0248  
forward:               0.6500             -0.1749              1.5728              0.0249  
forward:               0.7000             -0.2254              1.3474              0.0251  
forward:               0.7500             -0.2603              1.0871              0.0251  
forward:               0.8000             -0.2989              0.7882              0.0253  
forward:               0.8500             -0.3224              0.4658              0.0254  
forward:               0.9000             -0.3494              0.1164              0.0256  
forward:               0.9500             -0.3614             -0.2450              0.0258  
forward:               1.0000             -0.3894             -0.6344              0.0259  
backward:              1.0000              0.0000             -0.6344              0.0000  
backward:              0.9500              0.3913             -0.2432              0.0031  
backward:              0.9000              0.3642              0.1211              0.0044  
backward:              0.8500              0.3522              0.4733              0.0056  
backward:              0.8000              0.3195              0.7927              0.0065  
backward:              0.7500              0.2988              1.0915              0.0071  
backward:              0.7000              0.2632              1.3547              0.0077  
backward:              0.6500              0.2252              1.5799              0.0085  
backward:              0.6000              0.1776              1.7575              0.0093  
backward:              0.5500              0.1244              1.8819              0.0103  
backward:              0.5000              0.0456              1.9275              0.0113  
backward:              0.4500              0.0119              1.9394              0.0119  
backward:              0.4000             -0.0098              1.9296              0.0124  
backward:              0.3500             -0.0220              1.9076              0.0130  
backward:              0.3000             -0.0449              1.8628              0.0138  
backward:              0.2500             -0.0689              1.7938              0.0147  
backward:              0.2000             -0.1024              1.6914              0.0155  
backward:              0.1500             -0.1516              1.5398              0.0167  
backward:              0.1000             -0.2495              1.2903              0.0184  
backward:              0.0500             -0.3833              0.9070              0.0221  
backward:              0.0000             -0.8396              0.0674              0.0352  
Inaccuracy estimation
======================================================================================================
                   i        i+δi          P0_overlap_P1   δε(forward)/ε   δε(backward)/ε
======================================================================================================
inaccuracy:  0.00000        0.05000           45.27           -0.02            1.92
inaccuracy:  0.05000        0.10000           65.08           -0.00            0.38
inaccuracy:  0.10000        0.15000           72.74           -0.00            0.20
inaccuracy:  0.15000        0.20000           75.85           -0.00            0.13
inaccuracy:  0.20000        0.25000           78.93           -0.01            0.09
inaccuracy:  0.25000        0.30000           78.53           -0.01            0.08
inaccuracy:  0.30000        0.35000           80.65           -0.00            0.07
inaccuracy:  0.35000        0.40000           82.44           -0.00            0.06
inaccuracy:  0.40000        0.45000           81.81           -0.00            0.06
inaccuracy:  0.45000        0.50000           82.01           -0.01            0.05
inaccuracy:  0.50000        0.55000           77.42           -0.02            0.07
inaccuracy:  0.55000        0.60000           79.18           -0.02            0.06
inaccuracy:  0.60000        0.65000           79.22           -0.02            0.05
inaccuracy:  0.65000        0.70000           79.66           -0.02            0.05
inaccuracy:  0.70000        0.75000           79.49           -0.02            0.04
inaccuracy:  0.75000        0.80000           79.82           -0.02            0.04
inaccuracy:  0.80000        0.85000           80.11           -0.03            0.04
inaccuracy:  0.85000        0.90000           79.49           -0.02            0.04
inaccuracy:  0.90000        0.95000           78.99           -0.02            0.04
inaccuracy:  0.95000        1.00000           79.40           -0.02            0.04
===================================================================================================================================
                BAR        
-----------------------------------------------------------------------------------------------------------------------------------
BAR-estimator:         λ             λ+δλ          ΔΔA             ΔA            C               Δδe            δe       
                          
-----------------------------------------------------------------------------------------------------------------------------------
BAR-estimator:      0.00000        0.05000        0.9225         0.9225         0.9225         0.0124         0.0124 
BAR-estimator:      0.05000        0.10000        0.3991         1.3217         0.3991         0.0059         0.0137 
BAR-estimator:      0.10000        0.15000        0.2486         1.5703         0.2486         0.0046         0.0145 
BAR-estimator:      0.15000        0.20000        0.1518         1.7221         0.1518         0.0039         0.0150 
BAR-estimator:      0.20000        0.25000        0.0997         1.8218         0.0997         0.0030         0.0153 
BAR-estimator:      0.25000        0.30000        0.0693         1.8912         0.0693         0.0028         0.0155 
BAR-estimator:      0.30000        0.35000        0.0406         1.9317         0.0406         0.0026         0.0158 
BAR-estimator:      0.35000        0.40000        0.0168         1.9485         0.0168         0.0024         0.0159 
BAR-estimator:      0.40000        0.45000        0.0098         1.9583         0.0098         0.0025         0.0161 
BAR-estimator:      0.45000        0.50000       -0.0139         1.9444        -0.0139         0.0024         0.0163 
BAR-estimator:      0.50000        0.55000       -0.0462         1.8982        -0.0462         0.0027         0.0165 
BAR-estimator:      0.55000        0.60000       -0.1246         1.7736        -0.1246         0.0026         0.0167 
BAR-estimator:      0.60000        0.65000       -0.1759         1.5978        -0.1759         0.0024         0.0169 
BAR-estimator:      0.65000        0.70000       -0.2250         1.3728        -0.2250         0.0025         0.0171 
BAR-estimator:      0.70000        0.75000       -0.2614         1.1114        -0.2614         0.0015         0.0171 
BAR-estimator:      0.75000        0.80000       -0.2986         0.8128        -0.2986         0.0024         0.0173 
BAR-estimator:      0.80000        0.85000       -0.3214         0.4915        -0.3214         0.0023         0.0175 
BAR-estimator:      0.85000        0.90000       -0.3505         0.1409        -0.3505         0.0025         0.0176 
BAR-estimator:      0.90000        0.95000       -0.3625        -0.2216        -0.3625         0.0025         0.0178 
BAR-estimator:      0.95000        1.00000       -0.3893        -0.6109        -0.3893         0.0023         0.0180 
BAR-estimator: total free energy change is -0.610890361113347 , total error is 0.017956021457644727
