#========================================================================================
#                     Free energy perturbation    
#----------------------------------------------------------------------------------------
#forward/backward          λ              ΔΔA                 ΔA                  δε   
#                                                 
#----------------------------------------------------------------------------------------
forward:               0.0000              0.0000              0.0000              0.0000  
forward:               0.0500              0.9501              0.9501              0.0129  
forward:               0.1000              0.4155              1.3655              0.0149  
forward:               0.1500              0.2457              1.6113              0.0159  
forward:               0.2000              0.1591              1.7704              0.0166  
forward:               0.2500              0.1053              1.8757              0.0171  
forward:               0.3000              0.0765              1.9522              0.0175  
forward:               0.3500              0.0488              2.0010              0.0178  
forward:               0.4000              0.0271              2.0281              0.0181  
forward:               0.4500              0.0094              2.0375              0.0183  
forward:               0.5000             -0.0047              2.0327              0.0185  
forward:               0.5500             -0.0419              1.9909              0.0188  
forward:               0.6000             -0.1125              1.8783              0.0190  
forward:               0.6500             -0.1823              1.6960              0.0192  
forward:               0.7000             -0.2266              1.4694              0.0194  
forward:               0.7500             -0.2623              1.2072              0.0196  
forward:               0.8000             -0.2998              0.9074              0.0199  
forward:               0.8500             -0.3264              0.5810              0.0201  
forward:               0.9000             -0.3560              0.2250              0.0202  
forward:               0.9500             -0.3768             -0.1518              0.0204  
forward:               1.0000             -0.3947             -0.5465              0.0205  
backward:              1.0000              0.0000             -0.5465              0.0000  
backward:              0.9500              0.3952             -0.1513              0.0031  
backward:              0.9000              0.3731              0.2218              0.0045  
backward:              0.8500              0.3576              0.5794              0.0055  
backward:              0.8000              0.3289              0.9083              0.0062  
backward:              0.7500              0.2933              1.2017              0.0072  
backward:              0.7000              0.2615              1.4632              0.0079  
backward:              0.6500              0.2212              1.6844              0.0086  
backward:              0.6000              0.1782              1.8625              0.0093  
backward:              0.5500              0.1168              1.9794              0.0098  
backward:              0.5000              0.0481              2.0275              0.0105  
backward:              0.4500             -0.0024              2.0251              0.0110  
backward:              0.4000             -0.0120              2.0131              0.0116  
backward:              0.3500             -0.0280              1.9852              0.0122  
backward:              0.3000             -0.0513              1.9339              0.0128  
backward:              0.2500             -0.0767              1.8572              0.0135  
backward:              0.2000             -0.1141              1.7431              0.0152  
backward:              0.1500             -0.1694              1.5737              0.0163  
backward:              0.1000             -0.2552              1.3185              0.0186  
backward:              0.0500             -0.4529              0.8656              0.0271  
backward:              0.0000             -0.9003             -0.0348              0.0448  
Inaccuracy estimation
======================================================================================================
                   i        i+δi          P0_overlap_P1   δε(forward)/ε   δε(backward)/ε
======================================================================================================
inaccuracy:  0.00000        0.05000           43.35           -0.02            1.94
inaccuracy:  0.05000        0.10000           65.53           -0.00            0.38
inaccuracy:  0.10000        0.15000           71.93           -0.01            0.20
inaccuracy:  0.15000        0.20000           76.42           -0.00            0.13
inaccuracy:  0.20000        0.25000           77.64           -0.00            0.09
inaccuracy:  0.25000        0.30000           78.83           -0.00            0.08
inaccuracy:  0.30000        0.35000           80.09           -0.00            0.07
inaccuracy:  0.35000        0.40000           80.93           -0.00            0.07
inaccuracy:  0.40000        0.45000           82.00           -0.00            0.06
inaccuracy:  0.45000        0.50000           81.94           -0.01            0.05
inaccuracy:  0.50000        0.55000           77.14           -0.02            0.07
inaccuracy:  0.55000        0.60000           78.29           -0.02            0.06
inaccuracy:  0.60000        0.65000           79.38           -0.02            0.05
inaccuracy:  0.65000        0.70000           80.11           -0.02            0.05
inaccuracy:  0.70000        0.75000           79.37           -0.02            0.04
inaccuracy:  0.75000        0.80000           79.77           -0.02            0.04
inaccuracy:  0.80000        0.85000           78.97           -0.02            0.04
inaccuracy:  0.85000        0.90000           79.94           -0.02            0.04
inaccuracy:  0.90000        0.95000           80.02           -0.02            0.04
inaccuracy:  0.95000        1.00000           79.39           -0.02            0.04
===================================================================================================================================
                BAR        
-----------------------------------------------------------------------------------------------------------------------------------
BAR-estimator:         λ             λ+δλ          ΔΔA             ΔA            C               Δδe            δe       
                          
-----------------------------------------------------------------------------------------------------------------------------------
BAR-estimator:      0.00000        0.05000        0.9453         0.9453         0.9453         0.0086         0.0086 
BAR-estimator:      0.05000        0.10000        0.4204         1.3657         0.4204         0.0047         0.0098 
BAR-estimator:      0.10000        0.15000        0.2464         1.6121         0.2464         0.0038         0.0105 
BAR-estimator:      0.15000        0.20000        0.1633         1.7754         0.1633         0.0031         0.0110 
BAR-estimator:      0.20000        0.25000        0.1041         1.8794         0.1041         0.0028         0.0113 
BAR-estimator:      0.25000        0.30000        0.0756         1.9551         0.0756         0.0027         0.0116 
BAR-estimator:      0.30000        0.35000        0.0491         2.0042         0.0491         0.0021         0.0118 
BAR-estimator:      0.35000        0.40000        0.0274         2.0316         0.0274         0.0022         0.0120 
BAR-estimator:      0.40000        0.45000        0.0114         2.0429         0.0114         0.0020         0.0122 
BAR-estimator:      0.45000        0.50000       -0.0032         2.0397        -0.0032         0.0021         0.0124 
BAR-estimator:      0.50000        0.55000       -0.0440         1.9958        -0.0440         0.0023         0.0126 
BAR-estimator:      0.55000        0.60000       -0.1145         1.8812        -0.1145         0.0024         0.0128 
BAR-estimator:      0.60000        0.65000       -0.1803         1.7010        -0.1803         0.0022         0.0130 
BAR-estimator:      0.65000        0.70000       -0.2251         1.4758        -0.2251         0.0020         0.0132 
BAR-estimator:      0.70000        0.75000       -0.2614         1.2145        -0.2614         0.0022         0.0133 
BAR-estimator:      0.75000        0.80000       -0.2972         0.9173        -0.2972         0.0023         0.0135 
BAR-estimator:      0.80000        0.85000       -0.3280         0.5893        -0.3280         0.0023         0.0137 
BAR-estimator:      0.85000        0.90000       -0.3547         0.2346        -0.3547         0.0029         0.0140 
BAR-estimator:      0.90000        0.95000       -0.3749        -0.1403        -0.3749         0.0021         0.0142 
BAR-estimator:      0.95000        1.00000       -0.3941        -0.5344        -0.3941         0.0020         0.0143 
BAR-estimator: total free energy change is -0.5344426723276012 , total error is 0.014332524795559546
