#========================================================================================
#                     Free energy perturbation    
#----------------------------------------------------------------------------------------
#forward/backward          λ              ΔΔA                 ΔA                  δε   
#                                                 
#----------------------------------------------------------------------------------------
forward:               0.0000              0.0000              0.0000              0.0000  
forward:               0.0500              1.3079              1.3079              0.0200  
forward:               0.1000              0.7453              2.0532              0.0253  
forward:               0.1500              0.4188              2.4720              0.0278  
forward:               0.2000              0.2213              2.6933              0.0285  
forward:               0.2500              0.1202              2.8136              0.0292  
forward:               0.3000              0.0554              2.8690              0.0297  
forward:               0.3500              0.0172              2.8862              0.0302  
forward:               0.4000             -0.0122              2.8740              0.0306  
forward:               0.4500             -0.0481              2.8259              0.0309  
forward:               0.5000             -0.0673              2.7586              0.0312  
forward:               0.5500             -0.2332              2.5253              0.0318  
forward:               0.6000             -0.4778              2.0475              0.0323  
forward:               0.6500             -0.6943              1.3532              0.0327  
forward:               0.7000             -0.8797              0.4735              0.0333  
forward:               0.7500             -0.9886             -0.5151              0.0337  
forward:               0.8000             -1.0754             -1.5905              0.0341  
forward:               0.8500             -1.1166             -2.7071              0.0354  
forward:               0.9000             -1.1443             -3.8514              0.0357  
forward:               0.9500             -1.1473             -4.9988              0.0360  
forward:               1.0000             -1.1548             -6.1536              0.0363  
backward:              1.0000              0.0000             -6.1536              0.0000  
backward:              0.9500              1.1469             -5.0067              0.0057  
backward:              0.9000              1.1402             -3.8665              0.0084  
backward:              0.8500              1.1511             -2.7154              0.0099  
backward:              0.8000              1.1201             -1.5953              0.0113  
backward:              0.7500              1.0739             -0.5214              0.0129  
backward:              0.7000              0.9950              0.4736              0.0144  
backward:              0.6500              0.8677              1.3413              0.0157  
backward:              0.6000              0.6857              2.0270              0.0169  
backward:              0.5500              0.4823              2.5093              0.0179  
backward:              0.5000              0.2246              2.7339              0.0196  
backward:              0.4500              0.0716              2.8054              0.0203  
backward:              0.4000              0.0472              2.8527              0.0209  
backward:              0.3500              0.0192              2.8719              0.0216  
backward:              0.3000             -0.0157              2.8562              0.0226  
backward:              0.2500             -0.0729              2.7833              0.0257  
backward:              0.2000             -0.1183              2.6650              0.0268  
backward:              0.1500             -0.2152              2.4497              0.0287  
backward:              0.1000             -0.4191              2.0306              0.0328  
backward:              0.0500             -0.7537              1.2769              0.0385  
backward:              0.0000             -1.2973             -0.0204              0.0620  
Inaccuracy estimation
======================================================================================================
                   i        i+δi          P0_overlap_P1   δε(forward)/ε   δε(backward)/ε
======================================================================================================
inaccuracy:  0.00000        0.05000           42.08           -0.04            1.07
inaccuracy:  0.05000        0.10000           50.89           -0.03            0.78
inaccuracy:  0.10000        0.15000           59.84           -0.01            0.44
inaccuracy:  0.15000        0.20000           66.40           -0.01            0.27
inaccuracy:  0.20000        0.25000           69.93           -0.01            0.19
inaccuracy:  0.25000        0.30000           72.46           -0.02            0.14
inaccuracy:  0.30000        0.35000           73.03           -0.01            0.12
inaccuracy:  0.35000        0.40000           74.53           -0.01            0.11
inaccuracy:  0.40000        0.45000           75.73           -0.01            0.10
inaccuracy:  0.45000        0.50000           75.57           -0.01            0.09
inaccuracy:  0.50000        0.55000           66.43           -0.08            0.14
inaccuracy:  0.55000        0.60000           66.75           -0.09            0.09
inaccuracy:  0.60000        0.65000           67.55           -0.11            0.06
inaccuracy:  0.65000        0.70000           67.83           -0.11            0.05
inaccuracy:  0.70000        0.75000           67.19           -0.11            0.04
inaccuracy:  0.75000        0.80000           68.23           -0.12            0.03
inaccuracy:  0.80000        0.85000           67.30           -0.12            0.03
inaccuracy:  0.85000        0.90000           67.33           -0.10            0.03
inaccuracy:  0.90000        0.95000           67.38           -0.10            0.03
inaccuracy:  0.95000        1.00000           67.68           -0.11            0.04
===================================================================================================================================
                BAR        
-----------------------------------------------------------------------------------------------------------------------------------
BAR-estimator:         λ             λ+δλ          ΔΔA             ΔA            C               Δδe            δe       
                          
-----------------------------------------------------------------------------------------------------------------------------------
BAR-estimator:      0.00000        0.05000        1.2809         1.2809         1.2809         0.0107         0.0107 
BAR-estimator:      0.05000        0.10000        0.7505         2.0315         0.7505         0.0094         0.0142 
BAR-estimator:      0.10000        0.15000        0.4191         2.4505         0.4191         0.0077         0.0162 
BAR-estimator:      0.15000        0.20000        0.2207         2.6713         0.2207         0.0051         0.0170 
BAR-estimator:      0.20000        0.25000        0.1188         2.7900         0.1188         0.0039         0.0174 
BAR-estimator:      0.25000        0.30000        0.0548         2.8448         0.0548         0.0042         0.0179 
BAR-estimator:      0.30000        0.35000        0.0155         2.8603         0.0155         0.0037         0.0183 
BAR-estimator:      0.35000        0.40000       -0.0127         2.8475        -0.0127         0.0033         0.0186 
BAR-estimator:      0.40000        0.45000       -0.0458         2.8017        -0.0458         0.0030         0.0188 
BAR-estimator:      0.45000        0.50000       -0.0685         2.7333        -0.0685         0.0037         0.0192 
BAR-estimator:      0.50000        0.55000       -0.2292         2.5040        -0.2292         0.0040         0.0196 
BAR-estimator:      0.55000        0.60000       -0.4787         2.0254        -0.4787         0.0044         0.0201 
BAR-estimator:      0.60000        0.65000       -0.6922         1.3332        -0.6922         0.0038         0.0205 
BAR-estimator:      0.65000        0.70000       -0.8718         0.4614        -0.8718         0.0045         0.0209 
BAR-estimator:      0.70000        0.75000       -0.9924        -0.5310        -0.9924         0.0035         0.0212 
BAR-estimator:      0.75000        0.80000       -1.0755        -1.6065        -1.0755         0.0038         0.0216 
BAR-estimator:      0.80000        0.85000       -1.1197        -2.7262        -1.1197         0.0040         0.0220 
BAR-estimator:      0.85000        0.90000       -1.1439        -3.8701        -1.1439         0.0039         0.0223 
BAR-estimator:      0.90000        0.95000       -1.1461        -5.0162        -1.1461         0.0038         0.0226 
BAR-estimator:      0.95000        1.00000       -1.1509        -6.1672        -1.1509         0.0040         0.0230 
BAR-estimator: total free energy change is -6.1671569563562745 , total error is 0.022964224566084743
