#========================================================================================
#                     Free energy perturbation    
#----------------------------------------------------------------------------------------
#forward/backward          λ              ΔΔA                 ΔA                  δε   
#                                                 
#----------------------------------------------------------------------------------------
forward:               0.0000              0.0000              0.0000              0.0000  
forward:               0.0500              1.2587              1.2587              0.0131  
forward:               0.1000              0.7694              2.0281              0.0193  
forward:               0.1500              0.4287              2.4568              0.0218  
forward:               0.2000              0.2270              2.6838              0.0229  
forward:               0.2500              0.1200              2.8038              0.0235  
forward:               0.3000              0.0686              2.8724              0.0242  
forward:               0.3500              0.0127              2.8852              0.0243  
forward:               0.4000             -0.0240              2.8612              0.0247  
forward:               0.4500             -0.0484              2.8128              0.0250  
forward:               0.5000             -0.0670              2.7458              0.0252  
forward:               0.5500             -0.2332              2.5126              0.0257  
forward:               0.6000             -0.4780              2.0345              0.0263  
forward:               0.6500             -0.6902              1.3443              0.0270  
forward:               0.7000             -0.8800              0.4643              0.0275  
forward:               0.7500             -1.0018             -0.5375              0.0279  
forward:               0.8000             -1.0815             -1.6190              0.0281  
forward:               0.8500             -1.1284             -2.7474              0.0285  
forward:               0.9000             -1.1587             -3.9061              0.0289  
forward:               0.9500             -1.1641             -5.0702              0.0292  
forward:               1.0000             -1.1595             -6.2297              0.0294  
backward:              1.0000              0.0000             -6.2297              0.0000  
backward:              0.9500              1.1459             -5.0838              0.0059  
backward:              0.9000              1.1630             -3.9207              0.0079  
backward:              0.8500              1.1422             -2.7785              0.0097  
backward:              0.8000              1.1137             -1.6649              0.0114  
backward:              0.7500              1.0702             -0.5947              0.0131  
backward:              0.7000              0.9991              0.4044              0.0144  
backward:              0.6500              0.8598              1.2643              0.0155  
backward:              0.6000              0.6985              1.9628              0.0164  
backward:              0.5500              0.4731              2.4359              0.0171  
backward:              0.5000              0.2320              2.6679              0.0179  
backward:              0.4500              0.0640              2.7319              0.0185  
backward:              0.4000              0.0404              2.7723              0.0192  
backward:              0.3500              0.0179              2.7903              0.0198  
backward:              0.3000             -0.0187              2.7716              0.0207  
backward:              0.2500             -0.0681              2.7034              0.0213  
backward:              0.2000             -0.1218              2.5816              0.0226  
backward:              0.1500             -0.2350              2.3466              0.0252  
backward:              0.1000             -0.4267              1.9199              0.0286  
backward:              0.0500             -0.7413              1.1786              0.0339  
backward:              0.0000             -1.3178             -0.1392              0.0699  
Inaccuracy estimation
======================================================================================================
                   i        i+δi          P0_overlap_P1   δε(forward)/ε   δε(backward)/ε
======================================================================================================
inaccuracy:  0.00000        0.05000           43.58           -0.04            1.05
inaccuracy:  0.05000        0.10000           50.36           -0.04            0.83
inaccuracy:  0.10000        0.15000           59.09           -0.02            0.46
inaccuracy:  0.15000        0.20000           66.30           -0.01            0.28
inaccuracy:  0.20000        0.25000           69.88           -0.01            0.17
inaccuracy:  0.25000        0.30000           72.33           -0.01            0.15
inaccuracy:  0.30000        0.35000           73.95           -0.01            0.12
inaccuracy:  0.35000        0.40000           75.23           -0.01            0.10
inaccuracy:  0.40000        0.45000           76.28           -0.02            0.09
inaccuracy:  0.45000        0.50000           76.52           -0.01            0.09
inaccuracy:  0.50000        0.55000           66.23           -0.09            0.13
inaccuracy:  0.55000        0.60000           66.88           -0.10            0.09
inaccuracy:  0.60000        0.65000           67.10           -0.11            0.06
inaccuracy:  0.65000        0.70000           68.64           -0.11            0.04
inaccuracy:  0.70000        0.75000           68.79           -0.11            0.03
inaccuracy:  0.75000        0.80000           68.31           -0.11            0.03
inaccuracy:  0.80000        0.85000           68.33           -0.11            0.03
inaccuracy:  0.85000        0.90000           67.93           -0.11            0.03
inaccuracy:  0.90000        0.95000           67.81           -0.10            0.03
inaccuracy:  0.95000        1.00000           67.42           -0.11            0.03
===================================================================================================================================
                BAR        
-----------------------------------------------------------------------------------------------------------------------------------
BAR-estimator:         λ             λ+δλ          ΔΔA             ΔA            C               Δδe            δe       
                          
-----------------------------------------------------------------------------------------------------------------------------------
BAR-estimator:      0.00000        0.05000        1.2551         1.2551         1.2551         0.0073         0.0073 
BAR-estimator:      0.05000        0.10000        0.7673         2.0224         0.7673         0.0094         0.0119 
BAR-estimator:      0.10000        0.15000        0.4277         2.4501         0.4277         0.0066         0.0136 
BAR-estimator:      0.15000        0.20000        0.2280         2.6781         0.2280         0.0048         0.0144 
BAR-estimator:      0.20000        0.25000        0.1184         2.7966         0.1184         0.0037         0.0149 
BAR-estimator:      0.25000        0.30000        0.0694         2.8659         0.0694         0.0038         0.0153 
BAR-estimator:      0.30000        0.35000        0.0142         2.8802         0.0142         0.0036         0.0158 
BAR-estimator:      0.35000        0.40000       -0.0202         2.8599        -0.0202         0.0031         0.0161 
BAR-estimator:      0.40000        0.45000       -0.0464         2.8135        -0.0464         0.0028         0.0163 
BAR-estimator:      0.45000        0.50000       -0.0657         2.7478        -0.0657         0.0023         0.0165 
BAR-estimator:      0.50000        0.55000       -0.2299         2.5179        -0.2299         0.0036         0.0168 
BAR-estimator:      0.55000        0.60000       -0.4767         2.0413        -0.4767         0.0033         0.0172 
BAR-estimator:      0.60000        0.65000       -0.6906         1.3507        -0.6906         0.0038         0.0176 
BAR-estimator:      0.65000        0.70000       -0.8711         0.4796        -0.8711         0.0026         0.0178 
BAR-estimator:      0.70000        0.75000       -0.9999        -0.5203        -0.9999         0.0034         0.0181 
BAR-estimator:      0.75000        0.80000       -1.0780        -1.5983        -1.0780         0.0035         0.0184 
BAR-estimator:      0.80000        0.85000       -1.1239        -2.7222        -1.1239         0.0036         0.0188 
BAR-estimator:      0.85000        0.90000       -1.1527        -3.8749        -1.1527         0.0037         0.0191 
BAR-estimator:      0.90000        0.95000       -1.1622        -5.0371        -1.1622         0.0037         0.0195 
BAR-estimator:      0.95000        1.00000       -1.1553        -6.1923        -1.1553         0.0036         0.0198 
BAR-estimator: total free energy change is -6.192320758756175 , total error is 0.019813414356540222
