#========================================================================================
#                     Free energy perturbation    
#----------------------------------------------------------------------------------------
#forward/backward          λ              ΔΔA                 ΔA                  δε   
#                                                 
#----------------------------------------------------------------------------------------
forward:               0.0000              0.0000              0.0000              0.0000  
forward:               0.0500              1.7849              1.7849              0.0312  
forward:               0.1000              0.8394              2.6243              0.0361  
forward:               0.1500              0.3660              2.9904              0.0377  
forward:               0.2000              0.1208              3.1112              0.0380  
forward:               0.2500              0.0086              3.1198              0.0385  
forward:               0.3000             -0.0590              3.0608              0.0388  
forward:               0.3500             -0.1147              2.9461              0.0390  
forward:               0.4000             -0.1547              2.7913              0.0393  
forward:               0.4500             -0.1852              2.6062              0.0396  
forward:               0.5000             -0.2250              2.3812              0.0398  
forward:               0.5500             -0.5560              1.8252              0.0405  
forward:               0.6000             -1.0943              0.7309              0.0413  
forward:               0.6500             -1.5804             -0.8495              0.0423  
forward:               0.7000             -1.9899             -2.8394              0.0435  
forward:               0.7500             -2.2162             -5.0556              0.0443  
forward:               0.8000             -2.3512             -7.4068              0.0449  
forward:               0.8500             -2.3783             -9.7850              0.0457  
forward:               0.9000             -2.3704            -12.1554              0.0461  
forward:               0.9500             -2.3104            -14.4658              0.0465  
forward:               1.0000             -2.2805            -16.7463              0.0469  
backward:              1.0000              0.0000            -16.7463              0.0000  
backward:              0.9500              2.2847            -14.4616              0.0079  
backward:              0.9000              2.3177            -12.1439              0.0112  
backward:              0.8500              2.3639             -9.7800              0.0134  
backward:              0.8000              2.3681             -7.4119              0.0161  
backward:              0.7500              2.3314             -5.0805              0.0180  
backward:              0.7000              2.2342             -2.8463              0.0203  
backward:              0.6500              1.9648             -0.8815              0.0224  
backward:              0.6000              1.5647              0.6832              0.0240  
backward:              0.5500              1.1034              1.7866              0.0259  
backward:              0.5000              0.5585              2.3451              0.0278  
backward:              0.4500              0.2177              2.5627              0.0281  
backward:              0.4000              0.1944              2.7571              0.0286  
backward:              0.3500              0.1557              2.9128              0.0292  
backward:              0.3000              0.1159              3.0287              0.0299  
backward:              0.2500              0.0698              3.0985              0.0304  
backward:              0.2000             -0.0011              3.0974              0.0312  
backward:              0.1500             -0.1259              2.9715              0.0323  
backward:              0.1000             -0.3702              2.6012              0.0352  
backward:              0.0500             -0.7789              1.8224              0.0410  
backward:              0.0000             -1.7629              0.0594              0.0560  
Inaccuracy estimation
======================================================================================================
                   i        i+δi          P0_overlap_P1   δε(forward)/ε   δε(backward)/ε
======================================================================================================
inaccuracy:  0.00000        0.05000           31.37           -0.05            2.49
inaccuracy:  0.05000        0.10000           45.08           -0.05            1.10
inaccuracy:  0.10000        0.15000           57.85           -0.02            0.49
inaccuracy:  0.15000        0.20000           66.00           -0.02            0.26
inaccuracy:  0.20000        0.25000           69.22           -0.02            0.17
inaccuracy:  0.25000        0.30000           70.60           -0.02            0.13
inaccuracy:  0.30000        0.35000           73.36           -0.02            0.11
inaccuracy:  0.35000        0.40000           74.62           -0.01            0.09
inaccuracy:  0.40000        0.45000           74.82           -0.02            0.08
inaccuracy:  0.45000        0.50000           77.19           -0.02            0.07
inaccuracy:  0.50000        0.55000           56.98           -0.23            0.18
inaccuracy:  0.55000        0.60000           57.90           -0.30            0.06
inaccuracy:  0.60000        0.65000           58.67           -0.33           -0.00
inaccuracy:  0.65000        0.70000           59.25           -0.32           -0.05
inaccuracy:  0.70000        0.75000           58.67           -0.32           -0.08
inaccuracy:  0.75000        0.80000           60.21           -0.28           -0.09
inaccuracy:  0.80000        0.85000           59.53           -0.33           -0.11
inaccuracy:  0.85000        0.90000           58.74           -0.28           -0.09
inaccuracy:  0.90000        0.95000           56.81           -0.31           -0.09
inaccuracy:  0.95000        1.00000           56.09           -0.32           -0.07
===================================================================================================================================
                BAR        
-----------------------------------------------------------------------------------------------------------------------------------
BAR-estimator:         λ             λ+δλ          ΔΔA             ΔA            C               Δδe            δe       
                          
-----------------------------------------------------------------------------------------------------------------------------------
BAR-estimator:      0.00000        0.05000        1.8061         1.8061         1.8061         0.0138         0.0138 
BAR-estimator:      0.05000        0.10000        0.8430         2.6492         0.8430         0.0091         0.0165 
BAR-estimator:      0.10000        0.15000        0.3706         3.0198         0.3706         0.0073         0.0181 
BAR-estimator:      0.15000        0.20000        0.1248         3.1447         0.1248         0.0056         0.0189 
BAR-estimator:      0.20000        0.25000        0.0066         3.1512         0.0066         0.0043         0.0194 
BAR-estimator:      0.25000        0.30000       -0.0621         3.0891        -0.0621         0.0039         0.0198 
BAR-estimator:      0.30000        0.35000       -0.1150         2.9741        -0.1150         0.0040         0.0202 
BAR-estimator:      0.35000        0.40000       -0.1557         2.8184        -0.1557         0.0037         0.0205 
BAR-estimator:      0.40000        0.45000       -0.1899         2.6285        -0.1899         0.0032         0.0208 
BAR-estimator:      0.45000        0.50000       -0.2228         2.4057        -0.2228         0.0028         0.0210 
BAR-estimator:      0.50000        0.55000       -0.5649         1.8408        -0.5649         0.0046         0.0215 
BAR-estimator:      0.55000        0.60000       -1.0993         0.7416        -1.0993         0.0048         0.0220 
BAR-estimator:      0.60000        0.65000       -1.5739        -0.8323        -1.5739         0.0053         0.0226 
BAR-estimator:      0.65000        0.70000       -1.9774        -2.8098        -1.9774         0.0055         0.0233 
BAR-estimator:      0.70000        0.75000       -2.2253        -5.0350        -2.2253         0.0050         0.0238 
BAR-estimator:      0.75000        0.80000       -2.3370        -7.3720        -2.3370         0.0048         0.0243 
BAR-estimator:      0.80000        0.85000       -2.3687        -9.7407        -2.3687         0.0050         0.0248 
BAR-estimator:      0.85000        0.90000       -2.3627       -12.1034        -2.3627         0.0048         0.0253 
BAR-estimator:      0.90000        0.95000       -2.3116       -14.4150        -2.3116         0.0051         0.0258 
BAR-estimator:      0.95000        1.00000       -2.2771       -16.6921        -2.2771         0.0052         0.0263 
BAR-estimator: total free energy change is -16.69213579884479 , total error is 0.0263199191126147
