#========================================================================================
#                     Free energy perturbation    
#----------------------------------------------------------------------------------------
#forward/backward          λ              ΔΔA                 ΔA                  δε   
#                                                 
#----------------------------------------------------------------------------------------
forward:               0.0000              0.0000              0.0000              0.0000  
forward:               0.0500              0.7397              0.7397              0.0145  
forward:               0.1000              0.3942              1.1338              0.0168  
forward:               0.1500              0.2494              1.3833              0.0170  
forward:               0.2000              0.1535              1.5368              0.0178  
forward:               0.2500              0.1209              1.6577              0.0184  
forward:               0.3000              0.0764              1.7341              0.0190  
forward:               0.3500              0.0590              1.7931              0.0194  
forward:               0.4000              0.0393              1.8324              0.0198  
forward:               0.4500              0.0218              1.8542              0.0201  
forward:               0.5000              0.0118              1.8660              0.0204  
forward:               0.5500             -0.0132              1.8528              0.0208  
forward:               0.6000             -0.0528              1.8000              0.0210  
forward:               0.6500             -0.0848              1.7152              0.0212  
forward:               0.7000             -0.1093              1.6059              0.0215  
forward:               0.7500             -0.1258              1.4801              0.0217  
forward:               0.8000             -0.1410              1.3391              0.0219  
forward:               0.8500             -0.1478              1.1913              0.0221  
forward:               0.9000             -0.1563              1.0350              0.0222  
forward:               0.9500             -0.1616              0.8733              0.0224  
forward:               1.0000             -0.1764              0.6969              0.0226  
backward:              1.0000              0.0000              0.6969              0.0000  
backward:              0.9500              0.1723              0.8692              0.0034  
backward:              0.9000              0.1696              1.0389              0.0048  
backward:              0.8500              0.1543              1.1931              0.0059  
backward:              0.8000              0.1451              1.3382              0.0068  
backward:              0.7500              0.1425              1.4807              0.0075  
backward:              0.7000              0.1231              1.6038              0.0082  
backward:              0.6500              0.1084              1.7122              0.0089  
backward:              0.6000              0.0742              1.7864              0.0097  
backward:              0.5500              0.0509              1.8373              0.0104  
backward:              0.5000              0.0079              1.8452              0.0114  
backward:              0.4500             -0.0016              1.8436              0.0121  
backward:              0.4000             -0.0226              1.8210              0.0129  
backward:              0.3500             -0.0411              1.7799              0.0138  
backward:              0.3000             -0.0582              1.7217              0.0146  
backward:              0.2500             -0.0721              1.6495              0.0156  
backward:              0.2000             -0.1298              1.5197              0.0168  
backward:              0.1500             -0.1571              1.3626              0.0180  
backward:              0.1000             -0.2562              1.1064              0.0207  
backward:              0.0500             -0.3853              0.7211              0.0236  
backward:              0.0000             -0.7777             -0.0565              0.0621  
Inaccuracy estimation
======================================================================================================
                   i        i+δi          P0_overlap_P1   δε(forward)/ε   δε(backward)/ε
======================================================================================================
inaccuracy:  0.00000        0.05000           52.35           -0.01            0.94
inaccuracy:  0.05000        0.10000           65.27           -0.01            0.34
inaccuracy:  0.10000        0.15000           70.60           -0.00            0.20
inaccuracy:  0.15000        0.20000           75.56           -0.00            0.13
inaccuracy:  0.20000        0.25000           77.37           -0.01            0.10
inaccuracy:  0.25000        0.30000           77.03           -0.01            0.09
inaccuracy:  0.30000        0.35000           78.97           -0.01            0.08
inaccuracy:  0.35000        0.40000           79.21           -0.00            0.07
inaccuracy:  0.40000        0.45000           80.44           -0.00            0.07
inaccuracy:  0.45000        0.50000           78.50           -0.01            0.07
inaccuracy:  0.50000        0.55000           78.60           -0.01            0.07
inaccuracy:  0.55000        0.60000           78.91           -0.01            0.06
inaccuracy:  0.60000        0.65000           80.74           -0.02            0.06
inaccuracy:  0.65000        0.70000           79.30           -0.01            0.06
inaccuracy:  0.70000        0.75000           80.15           -0.01            0.05
inaccuracy:  0.75000        0.80000           79.70           -0.02            0.05
inaccuracy:  0.80000        0.85000           80.12           -0.01            0.05
inaccuracy:  0.85000        0.90000           79.90           -0.01            0.05
inaccuracy:  0.90000        0.95000           78.08           -0.02            0.05
inaccuracy:  0.95000        1.00000           79.67           -0.02            0.05
===================================================================================================================================
                BAR        
-----------------------------------------------------------------------------------------------------------------------------------
BAR-estimator:         λ             λ+δλ          ΔΔA             ΔA            C               Δδe            δe       
                          
-----------------------------------------------------------------------------------------------------------------------------------
BAR-estimator:      0.00000        0.05000        0.7356         0.7356         0.7356         0.0096         0.0096 
BAR-estimator:      0.05000        0.10000        0.3928         1.1284         0.3928         0.0057         0.0111 
BAR-estimator:      0.10000        0.15000        0.2458         1.3742         0.2458         0.0046         0.0120 
BAR-estimator:      0.15000        0.20000        0.1564         1.5306         0.1564         0.0036         0.0126 
BAR-estimator:      0.20000        0.25000        0.1220         1.6526         0.1220         0.0031         0.0130 
BAR-estimator:      0.25000        0.30000        0.0734         1.7260         0.0734         0.0032         0.0133 
BAR-estimator:      0.30000        0.35000        0.0588         1.7848         0.0588         0.0028         0.0136 
BAR-estimator:      0.35000        0.40000        0.0382         1.8230         0.0382         0.0027         0.0139 
BAR-estimator:      0.40000        0.45000        0.0223         1.8453         0.0223         0.0024         0.0141 
BAR-estimator:      0.45000        0.50000        0.0062         1.8515         0.0062         0.0025         0.0143 
BAR-estimator:      0.50000        0.55000       -0.0124         1.8391        -0.0124         0.0026         0.0146 
BAR-estimator:      0.55000        0.60000       -0.0521         1.7870        -0.0521         0.0023         0.0147 
BAR-estimator:      0.60000        0.65000       -0.0806         1.7064        -0.0806         0.0025         0.0150 
BAR-estimator:      0.65000        0.70000       -0.1097         1.5967        -0.1097         0.0025         0.0152 
BAR-estimator:      0.70000        0.75000       -0.1250         1.4717        -0.1250         0.0024         0.0154 
BAR-estimator:      0.75000        0.80000       -0.1423         1.3294        -0.1423         0.0025         0.0155 
BAR-estimator:      0.80000        0.85000       -0.1474         1.1820        -0.1474         0.0026         0.0158 
BAR-estimator:      0.85000        0.90000       -0.1555         1.0265        -0.1555         0.0023         0.0159 
BAR-estimator:      0.90000        0.95000       -0.1645         0.8620        -0.1645         0.0024         0.0161 
BAR-estimator:      0.95000        1.00000       -0.1741         0.6878        -0.1741         0.0023         0.0163 
BAR-estimator: total free energy change is 0.6878243980507747 , total error is 0.016277121818188894
