#========================================================================================
#                     Free energy perturbation    
#----------------------------------------------------------------------------------------
#forward/backward          λ              ΔΔA                 ΔA                  δε   
#                                                 
#----------------------------------------------------------------------------------------
forward:               0.0000              0.0000              0.0000              0.0000  
forward:               0.0500              0.7351              0.7351              0.0087  
forward:               0.1000              0.3862              1.1214              0.0109  
forward:               0.1500              0.2505              1.3719              0.0120  
forward:               0.2000              0.1722              1.5441              0.0128  
forward:               0.2500              0.1135              1.6576              0.0134  
forward:               0.3000              0.0742              1.7318              0.0139  
forward:               0.3500              0.0564              1.7882              0.0143  
forward:               0.4000              0.0365              1.8247              0.0146  
forward:               0.4500              0.0220              1.8467              0.0151  
forward:               0.5000              0.0098              1.8565              0.0154  
forward:               0.5500             -0.0130              1.8435              0.0157  
forward:               0.6000             -0.0538              1.7897              0.0160  
forward:               0.6500             -0.0880              1.7018              0.0163  
forward:               0.7000             -0.1135              1.5883              0.0165  
forward:               0.7500             -0.1258              1.4624              0.0167  
forward:               0.8000             -0.1365              1.3259              0.0169  
forward:               0.8500             -0.1509              1.1750              0.0171  
forward:               0.9000             -0.1572              1.0178              0.0173  
forward:               0.9500             -0.1633              0.8545              0.0175  
forward:               1.0000             -0.1743              0.6802              0.0177  
backward:              1.0000              0.0000              0.6802              0.0000  
backward:              0.9500              0.1687              0.8489              0.0032  
backward:              0.9000              0.1663              1.0153              0.0047  
backward:              0.8500              0.1620              1.1773              0.0056  
backward:              0.8000              0.1452              1.3224              0.0064  
backward:              0.7500              0.1365              1.4590              0.0072  
backward:              0.7000              0.1207              1.5797              0.0080  
backward:              0.6500              0.1038              1.6834              0.0086  
backward:              0.6000              0.0785              1.7620              0.0092  
backward:              0.5500              0.0511              1.8131              0.0099  
backward:              0.5000              0.0163              1.8294              0.0105  
backward:              0.4500             -0.0158              1.8136              0.0112  
backward:              0.4000             -0.0265              1.7870              0.0118  
backward:              0.3500             -0.0409              1.7461              0.0124  
backward:              0.3000             -0.0631              1.6830              0.0129  
backward:              0.2500             -0.0807              1.6023              0.0136  
backward:              0.2000             -0.1212              1.4811              0.0146  
backward:              0.1500             -0.1784              1.3027              0.0159  
backward:              0.1000             -0.2502              1.0525              0.0174  
backward:              0.0500             -0.3877              0.6648              0.0200  
backward:              0.0000             -0.7078             -0.0431              0.0320  
Inaccuracy estimation
======================================================================================================
                   i        i+δi          P0_overlap_P1   δε(forward)/ε   δε(backward)/ε
======================================================================================================
inaccuracy:  0.00000        0.05000           51.76           -0.02            0.96
inaccuracy:  0.05000        0.10000           65.89           -0.01            0.35
inaccuracy:  0.10000        0.15000           71.09           -0.01            0.20
inaccuracy:  0.15000        0.20000           74.30           -0.00            0.13
inaccuracy:  0.20000        0.25000           77.58           -0.01            0.11
inaccuracy:  0.25000        0.30000           79.13           -0.00            0.09
inaccuracy:  0.30000        0.35000           79.52           -0.01            0.08
inaccuracy:  0.35000        0.40000           80.01           -0.01            0.08
inaccuracy:  0.40000        0.45000           81.14           -0.00            0.07
inaccuracy:  0.45000        0.50000           80.60           -0.01            0.06
inaccuracy:  0.50000        0.55000           77.99           -0.01            0.07
inaccuracy:  0.55000        0.60000           79.22           -0.01            0.07
inaccuracy:  0.60000        0.65000           80.43           -0.01            0.06
inaccuracy:  0.65000        0.70000           81.23           -0.01            0.05
inaccuracy:  0.70000        0.75000           80.14           -0.01            0.05
inaccuracy:  0.75000        0.80000           80.07           -0.01            0.05
inaccuracy:  0.80000        0.85000           80.18           -0.01            0.05
inaccuracy:  0.85000        0.90000           78.95           -0.02            0.06
inaccuracy:  0.90000        0.95000           78.91           -0.01            0.05
inaccuracy:  0.95000        1.00000           80.00           -0.01            0.05
===================================================================================================================================
                BAR        
-----------------------------------------------------------------------------------------------------------------------------------
BAR-estimator:         λ             λ+δλ          ΔΔA             ΔA            C               Δδe            δe       
                          
-----------------------------------------------------------------------------------------------------------------------------------
BAR-estimator:      0.00000        0.05000        0.7318         0.7318         0.7318         0.0060         0.0060 
BAR-estimator:      0.05000        0.10000        0.3898         1.1216         0.3898         0.0045         0.0075 
BAR-estimator:      0.10000        0.15000        0.2520         1.3736         0.2520         0.0036         0.0083 
BAR-estimator:      0.15000        0.20000        0.1705         1.5441         0.1705         0.0030         0.0088 
BAR-estimator:      0.20000        0.25000        0.1153         1.6594         0.1153         0.0029         0.0093 
BAR-estimator:      0.25000        0.30000        0.0770         1.7364         0.0770         0.0030         0.0097 
BAR-estimator:      0.30000        0.35000        0.0583         1.7948         0.0583         0.0023         0.0100 
BAR-estimator:      0.35000        0.40000        0.0393         1.8340         0.0393         0.0022         0.0102 
BAR-estimator:      0.40000        0.45000        0.0243         1.8584         0.0243         0.0022         0.0105 
BAR-estimator:      0.45000        0.50000        0.0107         1.8690         0.0107         0.0022         0.0107 
BAR-estimator:      0.50000        0.55000       -0.0129         1.8562        -0.0129         0.0022         0.0109 
BAR-estimator:      0.55000        0.60000       -0.0526         1.8035        -0.0526         0.0025         0.0112 
BAR-estimator:      0.60000        0.65000       -0.0845         1.7190        -0.0845         0.0021         0.0114 
BAR-estimator:      0.65000        0.70000       -0.1096         1.6094        -0.1096         0.0019         0.0116 
BAR-estimator:      0.70000        0.75000       -0.1245         1.4849        -0.1245         0.0020         0.0117 
BAR-estimator:      0.75000        0.80000       -0.1361         1.3488        -0.1361         0.0021         0.0119 
BAR-estimator:      0.80000        0.85000       -0.1490         1.1998        -0.1490         0.0021         0.0121 
BAR-estimator:      0.85000        0.90000       -0.1582         1.0416        -0.1582         0.0021         0.0123 
BAR-estimator:      0.90000        0.95000       -0.1643         0.8773        -0.1643         0.0022         0.0125 
BAR-estimator:      0.95000        1.00000       -0.1718         0.7055        -0.1718         0.0019         0.0126 
BAR-estimator: total free energy change is 0.7055221446352838 , total error is 0.012626789158040122
