Charm++: standalone mode (not using charmrun)
Charm++> Running in Multicore mode: 12 threads (PEs)
Charm++> Using recursive bisection (scheme 3) for topology aware partitions
Converse/Charm++ Commit ID: 
CharmLB> Load balancer assumes all CPUs are same.
Charm++> Running on 1 hosts (2 sockets x 6 cores x 1 PUs = 12-way SMP)
Charm++> cpu topology info is gathered in 0.001 seconds.
Info: Built with CUDA version 11080
Pe 7 physical rank 7 will use CUDA device of pe 8
Pe 10 physical rank 10 will use CUDA device of pe 8
Pe 5 physical rank 5 will use CUDA device of pe 8
Pe 4 physical rank 4 will use CUDA device of pe 8
Pe 1 physical rank 1 will use CUDA device of pe 8
Pe 8 physical rank 8 binding to CUDA device 0 on k203: 'NVIDIA H200'  Mem: 143426MB  Rev: 9.0  PCI: 0:1d:0
Pe 9 physical rank 9 will use CUDA device of pe 8
Did not find +devices i,j,k,... argument, using all
Pe 3 physical rank 3 will use CUDA device of pe 8
Pe 2 physical rank 2 will use CUDA device of pe 8
Pe 6 physical rank 6 will use CUDA device of pe 8
Pe 11 physical rank 11 will use CUDA device of pe 8
Pe 0 physical rank 0 will use CUDA device of pe 8
CharmLB> Load balancing instrumentation for communication is off.
Info: NAMD 3.0.1 for Linux-x86_64-multicore-CUDA
Info: 
Info: Please visit http://www.ks.uiuc.edu/Research/namd/
Info: for updates, documentation, and support information.
Info: 
Info: Please cite Phillips et al., J. Chem. Phys. 153:044130 (2020) doi:10.1063/5.0014475
Info: in all publications reporting results obtained with NAMD.
Info: 
Info: Based on Charm++/Converse 80000 for multicore-linux-x86_64-gcc
Info: Built Mon Oct 14 10:33:44 CDT 2024 by dhardy on athine.ks.uiuc.edu
Info: 1 NAMD  3.0.1  Linux-x86_64-multicore-CUDA  12    k203  z5382435
Info: Running on 12 processors, 1 nodes, 1 physical nodes.
Info: CPU topology information available.
Info: Charm++/Converse parallel runtime startup completed at 0.114246 s
CkLoopLib is used in SMP with simple dynamic scheduling (converse-level notification)
Info: 0 MB of memory in use based on /proc/self/stat
Info: Configuration file is prod.namd
Info: Working in the current directory /srv/scratch/z5382435/.temp/2.5/6239320/30
TCL: Running FEP window   1: Lambda1 0.50   Lambda2 0.45   [dLambda -0.04999999999999999]
TCL: Suspending until startup complete.
Warning: The following variables were set in the
Warning: configuration file but will be ignored:
Warning:    switchdist (switching)
Warning: Option "1-4scaling" has been deprecated. Instead use "oneFourScaling".
Info: EXTENDED SYSTEM FILE   mobley_6239320_equil.xsc
Info: Tuning parameters to improve GPU-resident performance
Warning: Keeping margin at user-specified value 2
Warning: Performance might be improved by increasing margin size to >= 4
Warning: Disabling lonepair support due to incompatability with GPU-resident.
Info: Running with GPU-resident mode
Warning: Always using force tables for GPU nonbonded kernel due to unsupported config parameters.
Info: SIMULATION PARAMETERS:
Info: TIMESTEP               2
Info: NUMBER OF STEPS        0
Info: STEPS PER CYCLE        10
Info: PERIODIC CELL BASIS 1  30.2653 0 0
Info: PERIODIC CELL BASIS 2  0 31.7163 0
Info: PERIODIC CELL BASIS 3  0 0 32.0278
Info: PERIODIC CELL CENTER   0 0 0
Info: WRAPPING WATERS AROUND PERIODIC BOUNDARIES ON OUTPUT.
Info: WRAPPING ALL CLUSTERS AROUND PERIODIC BOUNDARIES ON OUTPUT.
Info: LOAD BALANCER  Centralized
Info: LOAD BALANCING STRATEGY  New Load Balancers -- DEFAULT
Info: LDB PERIOD             2000 steps
Info: FIRST LDB TIMESTEP     50
Info: LAST LDB TIMESTEP     -1
Info: LDB BACKGROUND SCALING 1
Info: HOM BACKGROUND SCALING 1
Info: PME BACKGROUND SCALING 1
Info: MIN ATOMS PER PATCH    40
Info: EMPTY PATCH LOAD       40 ATOMS
Info: VELOCITY FILE          mobley_6239320_equil.vel
Info: CENTER OF MASS MOVING INITIALLY? NO
Info: DIELECTRIC             1
Info: EXCLUDE                SCALED ONE-FOUR
Info: 1-4 ELECTROSTATICS SCALED BY 0.833333
Info: MODIFIED 1-4 VDW PARAMETERS WILL BE USED
Info: DCD FILENAME           mobley_6239320_prod.dcd
Info: DCD FREQUENCY          100000
Info: DCD FIRST STEP         100000
Info: DCD FILE WILL CONTAIN UNIT CELL DATA
Info: XST FILENAME           mobley_6239320_prod.xst
Info: XST FREQUENCY          100000
Info: NO VELOCITY DCD OUTPUT
Info: NO FORCE DCD OUTPUT
Info: OUTPUT FILENAME        mobley_6239320_prod
Info: BINARY OUTPUT FILES WILL BE USED
Info: RESTART FILENAME       mobley_6239320_prod.restart
Info: RESTART FREQUENCY      100000
Info: BINARY RESTART FILES WILL BE USED
Info: CUTOFF                 9
Info: PAIRLIST DISTANCE      11
Info: PAIRLIST SHRINK RATE   0.01
Info: PAIRLIST GROW RATE     0.01
Info: PAIRLIST TRIGGER       0.3
Info: PAIRLISTS PER CYCLE    2
Info: PAIRLISTS ENABLED
Info: MARGIN                 2
Info: HYDROGEN GROUP CUTOFF  2.5
Info: PATCH DIMENSION        15.5
Info: ENERGY OUTPUT STEPS    100000
Warning: The period of outputting energies relating to alchemical transformations (alchOutFreq = 50) is not a multiple of the period of computing energies (computeEnergies = 100000). If alchOutFreq is smaller than outputEnergies and computeEnergies is not defined, a better solution is to set computeEnergies explicitly and keep it the same as alchOutFreq. The simulation will use the greatest common divisor of computeEnergies and alchOutFreq as the period of energy evaluation.
Info: ENERGY EVALUATION STEPS    100000
Info: OUTPUT ENERGY PRECISION 4
Info: CROSSTERM ENERGY INCLUDED IN DIHEDRAL
Info: TIMING OUTPUT STEPS    1000000
Info: PRESSURE OUTPUT STEPS  100000
Info: ALCHEMICAL FEP ON
Info: FEP CURRENT LAMBDA VALUE     0.5
Info: FEP COMPARISON LAMBDA VALUE  0.45
Info: FEP INTRA-ALCHEMICAL NON-BONDED INTERACTIONS WILL BE RETAINED
Info: FEP INTRA-ALCHEMICAL BONDED INTERACTIONS WILL BE RETAINED
Info: FEP VDW SHIFTING COEFFICIENT 5
Info: FEP ELEC. ACTIVE FOR ANNIHILATED PARTICLES BETWEEN LAMBDA = 0 AND LAMBDA = 0.5
Info: FEP ELEC. ACTIVE FOR EXNIHILATED PARTICLES BETWEEN LAMBDA = 0.5 AND LAMBDA = 1
Info: FEP VDW ACTIVE FOR ANNIHILATED PARTICLES BETWEEN LAMBDA = 0 AND LAMBDA = 1
Info: FEP VDW ACTIVE FOR EXNIHILATED PARTICLES BETWEEN LAMBDA = 0 AND LAMBDA = 1
Info: FEP BOND ACTIVE FOR ANNIHILATED PARTICLES BETWEEN LAMBDA = 1 AND LAMBDA = 1
Info: FEP BOND ACTIVE FOR EXNIHILATED PARTICLES BETWEEN LAMBDA = 0 AND LAMBDA = 0
Info: LANGEVIN DYNAMICS ACTIVE
Info: LANGEVIN TEMPERATURE   300
Info: LANGEVIN USING BBK INTEGRATOR
Info: LANGEVIN DAMPING COEFFICIENT IS 1 INVERSE PS
Info: LANGEVIN DYNAMICS APPLIED TO HYDROGENS
Info: LANGEVIN PISTON PRESSURE CONTROL ACTIVE
Info:        TARGET PRESSURE IS 1.01325 BAR
Info:     OSCILLATION PERIOD IS 50 FS
Info:             DECAY TIME IS 25 FS
Info:     PISTON TEMPERATURE IS 300 K
Info:       PRESSURE CONTROL IS GROUP-BASED
Info:    INITIAL STRAIN RATE IS 0.000215417 0.000215417 0.000215417
Info:       CELL FLUCTUATION IS ISOTROPIC
Info: PARTICLE MESH EWALD (PME) ACTIVE
Info: PME TOLERANCE               1e-06
Info: PME EWALD COEFFICIENT       0.348832
Info: PME INTERPOLATION ORDER     4
Info: PME GRID DIMENSIONS         32 32 36
Info: PME MAXIMUM GRID SPACING    1
Info: PME CALCULATION WILL BE PERFORMED ON GPU
Info: FULL ELECTROSTATIC EVALUATION FREQUENCY      2
Info: USING VERLET I (r-RESPA) MTS SCHEME.
Info: C1 SPLITTING OF LONG RANGE ELECTROSTATICS
Info: PLACING ATOMS IN PATCHES BY HYDROGEN GROUPS
Info: RIGID BONDS TO HYDROGEN : ALL
Info:         ERROR TOLERANCE : 1e-08
Info:          MAX ITERATIONS : 100
Info: RIGID WATER USING SETTLE ALGORITHM
Info: RANDOM NUMBER SEED     1742780988
Info: USE HYDROGEN BONDS?    NO
Info: Using AMBER format force field!
Info: AMBER PARM FILE        mobley_6239320.prmtop
Info: COORDINATE PDB         mobley_6239320.pdb
Info: Exclusions will be read from PARM file!
Info: SCNB (VDW SCALING)     2
Info: USING ARITHMETIC MEAN TO COMBINE L-J SIGMA PARAMETERS
Info: BINARY COORDINATES     mobley_6239320_equil.coor
Info: === Start reading AMBER parm7 format file mobley_6239320.prmtop ===
Info: Complete reading ATOM_NAME with 2988 fields.
Info: Complete reading CHARGE with 2988 fields.
Info: Complete reading ATOMIC_NUMBER with 2988 fields.
Info: Complete reading MASS with 2988 fields.
Info: Complete reading ATOM_TYPE_INDEX with 2988 fields.
Info: Complete reading NUMBER_EXCLUDED_ATOMS with 2988 fields.
Info: Complete reading NONBONDED_PARM_INDEX with 36 fields.
Info: Complete reading RESIDUE_LABEL with 993 fields.
Info: Complete reading RESIDUE_POINTER with 993 fields.
Info: Complete reading BOND_FORCE_CONSTANT with 5 fields.
Info: Complete reading BOND_EQUIL_VALUE with 5 fields.
Info: Complete reading ANGLE_FORCE_CONSTANT with 4 fields.
Info: Complete reading ANGLE_EQUIL_VALUE with 4 fields.
Info: Complete reading DIHEDRAL_FORCE_CONSTANT with 4 fields.
Info: Complete reading DIHEDRAL_PERIODICITY with 4 fields.
Info: Complete reading DIHEDRAL_PHASE with 4 fields.
Info: Complete reading SCEE_SCALE_FACTOR with 4 fields.
Info: Complete reading SCNB_SCALE_FACTOR with 4 fields.
Info: Complete reading LENNARD_JONES_ACOEF with 21 fields.
Info: Complete reading LENNARD_JONES_BCOEF with 21 fields.
Info: Complete reading BONDS_INC_HYDROGEN with 8937 fields.
Info: Complete reading BONDS_WITHOUT_HYDROGEN with 27 fields.
Info: Complete reading ANGLES_INC_HYDROGEN with 24 fields.
Info: Complete reading ANGLES_WITHOUT_HYDROGEN with 48 fields.
Info: Complete reading DIHEDRALS_INC_HYDROGEN with 105 fields.
Info: Complete reading DIHEDRALS_WITHOUT_HYDROGEN with 75 fields.
Info: Complete reading EXCLUDED_ATOMS_LIST with 4022 fields.
Info: Complete reading HBOND_ACOEF with 0 fields.
Info: Complete reading HBOND_BCOEF with 0 fields.
Info: Complete reading AMBER_ATOM_TYPE with 2988 fields.
Info: Complete reading TREE_CHAIN_CLASSIFICATION with 2988 fields.
Info: Complete reading ATOMS_PER_MOLECULE with 993 fields.
Info: Complete reading BOX_DIMENSIONS with 4 fields.
Info: Complete reading RADIUS_SET with 1 fields.
Info: Complete reading RADII with 2988 fields.
Info: Complete reading SCREEN with 2988 fields.
Info: === Finish reading AMBER parm7 format file. ===
Warning: Found 992 H-H bonds.
Info: SUMMARY OF PARAMETERS:
Info: 5 BONDS
Info: 4 ANGLES
Info:   4 HARMONIC
Info:   0 COSINE-BASED
Info: 4 DIHEDRAL
Info: 0 IMPROPER
Info: 0 CROSSTERM
Info: 0 VDW
Info: 21 VDW_PAIRS
Info: 0 NBTHOLE_PAIRS
Info: Reading pdb file mobley_6239320.pdb
Info: TIME FOR READING PDB FILE: 0.0336062
Info: 
Info: To read alchdata from file: mobley_6239320.pdb
Info: To read alchflag data from column: 5
Info: ****************************
Info: STRUCTURE SUMMARY:
Info: 2988 ATOMS
Info: 2988 BONDS
Info: 18 ANGLES
Info: 36 DIHEDRALS
Info: 0 IMPROPERS
Info: 0 CROSSTERMS
Info: 3027 EXCLUSIONS
Info: 2979 RIGID BONDS
Info: ALCH: 0 ATOMS TO DISAPPEAR IN FINAL STATE
Info: ALCH: 12 ATOMS TO APPEAR IN FINAL STATE
Info: 5985 DEGREES OF FREEDOM
Info: 1001 HYDROGEN GROUPS
Info: 3 ATOMS IN LARGEST HYDROGEN GROUP
Info: 1001 MIGRATION GROUPS
Info: 3 ATOMS IN LARGEST MIGRATION GROUP
Info: TOTAL MASS = 18001 amu
Info: TOTAL CHARGE = 0.000199944 e
Info: MASS DENSITY = 0.9723 g/cm^3
Info: ATOM DENSITY = 0.097191 atoms/A^3
Info: *****************************
Info: Reading from binary file mobley_6239320_equil.coor
Info: 
Info: Entering startup at 0.285406 s, 0 MB of memory in use
Info: Startup phase 0 took 7.0088e-05 s, 0 MB of memory in use
Info: ADDED 0 IMPLICIT EXCLUSIONS
Info: Startup phase 1 took 0.000902015 s, 0 MB of memory in use
Info: NONBONDED TABLE R-SQUARED SPACING: 0.0625
Info: NONBONDED TABLE SIZE: 705 POINTS
Info: INCONSISTENCY IN FAST TABLE ENERGY VS FORCE: 0.000290481 AT 0.251946
Info: INCONSISTENCY IN SCOR TABLE ENERGY VS FORCE: 0.000238233 AT 8.9687
Info: ABSOLUTE IMPRECISION IN VDWA TABLE ENERGY: 1.21169e-27 AT 8.99653
Info: ABSOLUTE IMPRECISION IN VDWA TABLE FORCE: 2.57484e-27 AT 8.99653
Info: INCONSISTENCY IN VDWA TABLE ENERGY VS FORCE: 0.0040507 AT 0.251946
Info: INCONSISTENCY IN VDWB TABLE ENERGY VS FORCE: 0.00150189 AT 0.251946
Info: Startup phase 2 took 0.000231273 s, 0 MB of memory in use
Info: Startup phase 3 took 5.8166e-05 s, 0 MB of memory in use
Info: Startup phase 4 took 7.7187e-05 s, 0 MB of memory in use
Info: Startup phase 5 took 5.1939e-05 s, 0 MB of memory in use
Info: PATCH GRID IS 3 (PERIODIC) BY 2 (PERIODIC) BY 2 (PERIODIC)
Info: PATCH GRID IS 2-AWAY BY 1-AWAY BY 1-AWAY
Info: Reading from binary file mobley_6239320_equil.vel
Info: REMOVING COM VELOCITY 0.0613182 0.134987 -0.0234181
Info: LARGEST PATCH (4) HAS 267 ATOMS
Info: TORUS A SIZE 1 USING 0
Info: TORUS B SIZE 1 USING 0
Info: TORUS C SIZE 1 USING 0
Info: TORUS MINIMAL MESH SIZE IS 1 BY 1 BY 1
Info: Placed 100% of base nodes on same physical node as patch
Info: Startup phase 6 took 0.00829065 s, 0 MB of memory in use
Info: Use 3D box decompostion in PME FFT.
Info: PME using 1 x 1 x 1 pencil grid for FFT and reciprocal sum.
Info: Startup phase 7 took 0.000148391 s, 0 MB of memory in use
Info: Updated CUDA force table with 4096 elements.
Info: Updated CUDA LJ table with 6 x 6 elements.
Info: Startup phase 8 took 0.000574601 s, 0 MB of memory in use
Info: Startup phase 9 took 6.3131e-05 s, 0 MB of memory in use
Info: Startup phase 10 took 6.39e-05 s, 0 MB of memory in use
Info: Startup phase 11 took 0.00144073 s, 0 MB of memory in use
LDB: Central LB being created...
Info: Startup phase 12 took 0.00399119 s, 0 MB of memory in use
Info: CREATING 456 COMPUTE OBJECTS
Info: Found 14 unique exclusion lists needing 24 bytes
Info: useSync: 0 useProxySync: 0
Info: Startup phase 13 took 0.0126224 s, 0 MB of memory in use
Info: Startup phase 14 took 6.4764e-05 s, 0 MB of memory in use
Info: Startup phase 15 took 3.435e-05 s, 0 MB of memory in use
Info: Finished startup at 0.314091 s, 0 MB of memory in use

TCL: Running for 1500000 steps
FEP: RESETTING FOR NEW FEP WINDOW LAMBDA SET TO 0.5 LAMBDA2 0.45
FEP: WINDOW TO HAVE 100000 STEPS OF EQUILIBRATION PRIOR TO FEP DATA COLLECTION.
FEP: USING CONSTANT TEMPERATURE OF 300 K FOR FEP CALCULATION
PRESSURE: 0 1033.33 -116.111 -85.2315 -116.113 2.23332 552.58 -85.2335 552.578 770.727
GPRESSURE: 0 1226.39 153.941 -162.305 -264.712 143.886 426.018 5.9693 393.731 666.008
ETITLE:      TS           BOND          ANGLE          DIHED          IMPRP               ELECT            VDW       BOUNDARY           MISC        KINETIC               TOTAL           TEMP      POTENTIAL       TOTALAVG        TEMPAVG            PRESSURE      GPRESSURE         VOLUME       PRESSAVG      GPRESSAVG
FEPTITLE:    TS          BOND2         ELECT2           VDW2

ENERGY:       0         5.4871         2.0632        27.1154         0.0000         -11267.7576      1525.4274         0.0000         0.0000      1766.2763          -7941.3883       297.0194     -9707.6646     -7941.3883       297.0194            602.0958       678.7621     30743.5972       602.0958       678.7621
FEP:          0        34.6657    -11267.7576      1526.1132

OPENING FEP ENERGY OUTPUT FILE
OPENING EXTENDED SYSTEM TRAJECTORY FILE
Info: Initial time: 12 CPUs 0.000653506 s/step 264.42 ns/day 0 MB memory
Info: Initial time: 12 CPUs 0.000347262 s/step 497.607 ns/day 0 MB memory
Info: Initial time: 12 CPUs 0.000344737 s/step 501.251 ns/day 0 MB memory
Info: Benchmark time: 12 CPUs 0.000362173 s/step 477.12 ns/day 0 MB memory
Info: Benchmark time: 12 CPUs 0.000340976 s/step 506.781 ns/day 0 MB memory
Info: Benchmark time: 12 CPUs 0.000343875 s/step 502.509 ns/day 0 MB memory
Info: Benchmark time: 12 CPUs 0.000342881 s/step 503.965 ns/day 0 MB memory
Info: Benchmark time: 12 CPUs 0.000343612 s/step 502.893 ns/day 0 MB memory
Info: Benchmark time: 12 CPUs 0.000344887 s/step 501.034 ns/day 0 MB memory
PRESSURE: 100000 -543.641 232.605 127.386 232.607 671.507 -117.525 127.386 -117.526 -232.957
GPRESSURE: 100000 -281.404 486.228 537.568 -238.937 606.508 136.313 -53.6704 -119.627 -312.779
PRESSAVG: 100000 244.843 58.2469 21.0762 58.2469 336.87 217.526 21.0762 217.526 268.885
GPRESSAVG: 100000 472.494 320.085 187.631 -251.825 375.197 281.165 -23.8506 137.052 176.615
ENERGY:  100000         4.1694         2.7704        24.8939         0.0000         -11325.0123      1466.2280         0.0000         0.0000      1694.3200          -8132.6306       284.9192     -9826.9506     -8037.0094       290.9693            -35.0304         4.1081     30212.4768       283.5327       341.4351
FEP:     100000        31.8337    -11325.0123      1466.7512

WRITING EXTENDED SYSTEM TO RESTART FILE AT STEP 100000
OPENING COORDINATE DCD FILE
WRITING COORDINATES TO DCD FILE mobley_6239320_prod.dcd AT STEP 100000
WRITING COORDINATES TO RESTART FILE AT STEP 100000
FINISHED WRITING RESTART COORDINATES
The last position output (seq=100000) takes 0.018 seconds, 0.000 MB of memory in use
WRITING VELOCITIES TO RESTART FILE AT STEP 100000
FINISHED WRITING RESTART VELOCITIES
The last velocity output (seq=100000) takes 0.010 seconds, 0.000 MB of memory in use
PRESSURE: 200000 665.299 256.89 -180.46 256.891 526.85 -165.419 -180.456 -165.42 572.957
GPRESSURE: 200000 427.925 440.2 -221.083 256.322 586.686 27.1185 -516.322 -493.431 653.662
PRESSAVG: 200000 384.995 124.461 -46.1011 124.461 400.197 89.8773 -46.1011 89.8773 370.242
GPRESSAVG: 200000 457.638 360.123 51.3932 -82.4424 445.693 196.483 -188.008 -73.109 335.63
ENERGY:  200000         3.8901         1.3071        25.7338         0.0000         -11271.8511      1515.5601         0.0000         0.0000      1816.2931          -7909.0668       305.4303     -9725.3600     -7994.3619       295.7896            588.3687       556.0908     30505.0709       385.1447       412.9870
FEP:     200000        30.9310    -11271.8511      1514.9945

WRITING EXTENDED SYSTEM TO RESTART FILE AT STEP 200000
WRITING COORDINATES TO DCD FILE mobley_6239320_prod.dcd AT STEP 200000
WRITING COORDINATES TO RESTART FILE AT STEP 200000
FINISHED WRITING RESTART COORDINATES
The last position output (seq=200000) takes 0.022 seconds, 0.000 MB of memory in use
WRITING VELOCITIES TO RESTART FILE AT STEP 200000
FINISHED WRITING RESTART VELOCITIES
The last velocity output (seq=200000) takes 0.025 seconds, 0.000 MB of memory in use
PRESSURE: 300000 17.5115 -334.181 442.814 -334.177 624.84 -172.172 442.811 -172.172 978.813
GPRESSURE: 300000 -14.2463 -85.1057 554.07 -383.702 974.953 -104.238 54.0817 -200.909 812.998
PRESSAVG: 300000 293.124 9.80179 76.1268 9.80179 456.357 24.3651 76.1268 24.3651 522.385
GPRESSAVG: 300000 339.667 248.816 177.062 -157.757 578.008 121.303 -127.485 -105.059 454.972
ENERGY:  300000         6.5514         3.5217        26.8146         0.0000         -11297.0663      1504.4753         0.0000         0.0000      1802.8259          -7952.8775       303.1657     -9755.7033     -7983.9908       297.6337            540.3882       591.2349     30443.7459       423.9556       457.5490
FEP:     300000        36.8876    -11297.0663      1505.1488

WRITING EXTENDED SYSTEM TO RESTART FILE AT STEP 300000
WRITING COORDINATES TO DCD FILE mobley_6239320_prod.dcd AT STEP 300000
WRITING COORDINATES TO RESTART FILE AT STEP 300000
FINISHED WRITING RESTART COORDINATES
The last position output (seq=300000) takes 0.022 seconds, 0.000 MB of memory in use
WRITING VELOCITIES TO RESTART FILE AT STEP 300000
FINISHED WRITING RESTART VELOCITIES
The last velocity output (seq=300000) takes 0.021 seconds, 0.000 MB of memory in use
PRESSURE: 400000 -23.9839 -575.767 -300.427 -575.769 293.677 -382.633 -300.43 -382.631 70.2894
GPRESSURE: 400000 -25.4321 -230.67 -337.374 -644.196 558.677 -236.383 -9.11144 -355.784 68.7026
PRESSAVG: 400000 229.703 -107.312 0.815409 -107.312 423.821 -57.0341 0.815409 -57.0341 431.966
GPRESSAVG: 400000 266.647 152.919 74.1751 -255.045 574.142 49.7656 -103.811 -155.204 377.718
ENERGY:  400000         5.5725         2.0470        26.1741         0.0000         -11155.3698      1445.6774         0.0000         0.0000      1771.1481          -7904.7507       297.8387     -9675.8988     -7968.1428       297.6747            113.3275       200.6493     30542.3987       361.8300       406.1690
FEP:     400000        33.7936    -11155.3698      1446.2066

WRITING EXTENDED SYSTEM TO RESTART FILE AT STEP 400000
WRITING COORDINATES TO DCD FILE mobley_6239320_prod.dcd AT STEP 400000
WRITING COORDINATES TO RESTART FILE AT STEP 400000
FINISHED WRITING RESTART COORDINATES
The last position output (seq=400000) takes 0.022 seconds, 0.000 MB of memory in use
WRITING VELOCITIES TO RESTART FILE AT STEP 400000
FINISHED WRITING RESTART VELOCITIES
The last velocity output (seq=400000) takes 0.022 seconds, 0.000 MB of memory in use
PRESSURE: 500000 -388.675 144.383 224.83 144.383 -600.664 -112.988 224.833 -112.992 -392.357
GPRESSURE: 500000 -272.705 163.98 223.223 -23.9889 -439.081 -456.038 185.94 226.401 -524.154
PRESSAVG: 500000 126.64 -65.3631 38.1516 -65.3631 253.074 -66.3605 38.1516 -66.3605 294.579
GPRESSAVG: 500000 176.755 154.762 99.0164 -216.536 405.271 -34.535 -55.5188 -91.6031 227.406
ENERGY:  500000         6.4628         1.9015        28.5226         0.0000         -11196.5783      1417.6583         0.0000         0.0000      1816.0685          -7925.9645       305.3926     -9742.0330     -7961.1131       298.9610           -460.5653      -411.9803     30816.2517       224.7641       269.8108
FEP:     500000        36.8869    -11196.5783      1418.0702

WRITING EXTENDED SYSTEM TO RESTART FILE AT STEP 500000
WRITING COORDINATES TO DCD FILE mobley_6239320_prod.dcd AT STEP 500000
WRITING COORDINATES TO RESTART FILE AT STEP 500000
FINISHED WRITING RESTART COORDINATES
The last position output (seq=500000) takes 0.024 seconds, 0.000 MB of memory in use
WRITING VELOCITIES TO RESTART FILE AT STEP 500000
FINISHED WRITING RESTART VELOCITIES
The last velocity output (seq=500000) takes 0.020 seconds, 0.000 MB of memory in use
PRESSURE: 600000 616.195 332.595 373.573 332.596 1058.89 74.3084 373.57 74.3068 1076.3
GPRESSURE: 600000 447.346 386.663 432.498 52.5136 1235.12 -65.1951 296.368 15.5302 1057.09
PRESSAVG: 600000 196.576 -8.51185 86.0686 -8.51185 368.19 -46.2652 86.0686 -46.2652 406.253
GPRESSAVG: 600000 215.411 187.891 146.657 -178.1 523.821 -38.915 -5.24917 -76.2984 345.933
ENERGY:  600000         4.4183         3.0612        25.1886         0.0000         -11340.3641      1565.1692         0.0000         0.0000      1802.3083          -7940.2185       303.0786     -9742.5268     -7958.1281       299.5492            917.1268       913.1847     30754.4281       323.6731       361.7214
FEP:     600000        32.6681    -11340.3641      1565.4726

WRITING EXTENDED SYSTEM TO RESTART FILE AT STEP 600000
WRITING COORDINATES TO DCD FILE mobley_6239320_prod.dcd AT STEP 600000
WRITING COORDINATES TO RESTART FILE AT STEP 600000
FINISHED WRITING RESTART COORDINATES
The last position output (seq=600000) takes 0.022 seconds, 0.000 MB of memory in use
WRITING VELOCITIES TO RESTART FILE AT STEP 600000
FINISHED WRITING RESTART VELOCITIES
PRESSURE: 700000 64.3206 -206.237 -820.429 -206.236 466.604 -165.702 -820.429 -165.702 390.412
GPRESSURE: 700000 18.7563 -73.139 -741.445 -114.421 660.084 -95.8568 -759.079 25.8139 432.754
PRESSAVG: 700000 180.044 -33.2274 -27.2437 -33.2274 380.492 -61.1948 -27.2437 -61.1948 404.273
GPRESSAVG: 700000 190.829 155.262 35.644 -170.14 540.854 -46.0328 -99.4779 -63.5343 356.785
ENERGY:  700000         9.6044         3.6358        27.0993         0.0000         -11191.7575      1455.8145         0.0000         0.0000      1838.7850          -7856.8185       309.2126     -9695.6034     -7945.4644       300.7571            307.1122       370.5316     30559.9694       321.6029       362.8226
FEP:     700000        40.3396    -11191.7575      1456.5773

WRITING EXTENDED SYSTEM TO RESTART FILE AT STEP 700000
WRITING COORDINATES TO DCD FILE mobley_6239320_prod.dcd AT STEP 700000
WRITING COORDINATES TO RESTART FILE AT STEP 700000
FINISHED WRITING RESTART COORDINATES
The last position output (seq=700000) takes 0.029 seconds, 0.000 MB of memory in use
WRITING VELOCITIES TO RESTART FILE AT STEP 700000
FINISHED WRITING RESTART VELOCITIES
PRESSURE: 800000 -771.498 -425.624 -641.533 -425.625 -1383.58 -61.2158 -641.528 -61.2089 -748.501
GPRESSURE: 800000 -879.411 -380.848 -213.625 -518.901 -1265.7 207.403 -954.767 -33.1378 -743.979
PRESSAVG: 800000 74.3173 -76.8271 -95.4974 -76.8271 184.483 -61.1964 -95.4974 -61.1964 276.187
GPRESSAVG: 800000 71.9133 95.6944 7.94747 -208.891 340.126 -17.8733 -194.51 -60.1569 234.478
ENERGY:  800000         2.0292         5.0305        25.9965         0.0000         -11147.5859      1340.1683         0.0000         0.0000      1833.4358          -7940.9257       308.3131     -9774.3615     -7944.9601       301.5967           -967.8605      -963.0290     30718.2184       178.3292       215.5058
FEP:     800000        33.0562    -11147.5859      1339.9304

WRITING EXTENDED SYSTEM TO RESTART FILE AT STEP 800000
WRITING COORDINATES TO DCD FILE mobley_6239320_prod.dcd AT STEP 800000
WRITING COORDINATES TO RESTART FILE AT STEP 800000
FINISHED WRITING RESTART COORDINATES
The last position output (seq=800000) takes 0.030 seconds, 0.000 MB of memory in use
WRITING VELOCITIES TO RESTART FILE AT STEP 800000
FINISHED WRITING RESTART VELOCITIES
PRESSURE: 900000 -681.184 252.067 25.0121 252.071 -891.075 -120.139 25.0059 -120.138 -162.274
GPRESSURE: 900000 -452.203 382.931 -178.617 172.616 -1011.97 -42.979 31.0874 153.316 -21.1268
PRESSAVG: 900000 -1.23286 -43.9373 -83.4471 -43.9373 76.9275 -67.0906 -83.4471 -67.0906 232.341
GPRESSAVG: 900000 19.5017 124.418 -10.709 -170.741 204.916 -20.3838 -171.95 -38.8096 208.918
ENERGY:  900000         4.4991         3.5997        28.1949         0.0000         -11165.9105      1401.8752         0.0000         0.0000      1801.0727          -7926.6689       302.8709     -9727.7416     -7943.1310       301.7241           -578.1777      -495.1006     30869.0816       102.6785       144.4452
FEP:     900000        36.2937    -11165.9105      1402.4595

WRITING EXTENDED SYSTEM TO RESTART FILE AT STEP 900000
WRITING COORDINATES TO DCD FILE mobley_6239320_prod.dcd AT STEP 900000
WRITING COORDINATES TO RESTART FILE AT STEP 900000
FINISHED WRITING RESTART COORDINATES
The last position output (seq=900000) takes 0.023 seconds, 0.000 MB of memory in use
WRITING VELOCITIES TO RESTART FILE AT STEP 900000
FINISHED WRITING RESTART VELOCITIES
PRESSURE: 1000000 937.986 214.458 -52.5363 214.458 119.316 693.669 -52.537 693.667 910.33
GPRESSURE: 1000000 1313.04 119.127 -75.6034 119.07 3.31103 644.263 40.2066 664.871 783.483
PRESSAVG: 1000000 84.1507 -20.4468 -80.6371 -20.4468 80.781 2.06918 -80.6371 2.06918 293.976
GPRESSAVG: 1000000 137.096 123.937 -16.6085 -144.394 186.588 40.0386 -152.663 25.1614 261.151
TIMING: 1000000  CPU: 346.129, 0.00034593/step  Wall: 347.394, 0.000347371/step, 497.45 ns/days, 0.048246 hours remaining, 0.000000 MB of memory in use.
PERFORMANCE: 1000000  averaging 497.45 ns/day, 0.000347371 sec/step with standard deviation 0
ETITLE:      TS           BOND          ANGLE          DIHED          IMPRP               ELECT            VDW       BOUNDARY           MISC        KINETIC               TOTAL           TEMP      POTENTIAL       TOTALAVG        TEMPAVG            PRESSURE      GPRESSURE         VOLUME       PRESSAVG      GPRESSAVG
FEPTITLE:    TS          BOND2         ELECT2           VDW2

ENERGY: 1000000         6.8226         4.8080        26.6145         0.0000         -11400.9917      1527.0329         0.0000         0.0000      1818.5450          -8017.1687       305.8090     -9835.7137     -7949.8617       302.0955            655.8773       699.9443     30160.1908       152.9693       194.9451
FEP:    1000000        38.2451    -11400.9917      1527.0620

WRITING EXTENDED SYSTEM TO RESTART FILE AT STEP 1000000
WRITING COORDINATES TO DCD FILE mobley_6239320_prod.dcd AT STEP 1000000
WRITING COORDINATES TO RESTART FILE AT STEP 1000000
FINISHED WRITING RESTART COORDINATES
The last position output (seq=1000000) takes 0.026 seconds, 0.000 MB of memory in use
WRITING VELOCITIES TO RESTART FILE AT STEP 1000000
FINISHED WRITING RESTART VELOCITIES
PRESSURE: 1100000 -92.704 606.81 8.98462 606.811 120.345 471.689 8.98357 471.689 14.0793
GPRESSURE: 1100000 111.284 630.563 -209.595 486.631 114.991 580.41 55.7181 312.112 -193.683
PRESSAVG: 1100000 69.4128 31.8247 -73.1687 31.8247 84.078 41.2042 -73.1687 41.2042 270.652
GPRESSAVG: 1100000 134.945 166.156 -32.6907 -91.8087 180.622 85.0695 -135.298 49.074 223.248
ENERGY: 1100000         6.8178         3.9836        25.5016         0.0000         -11329.2970      1463.0805         0.0000         0.0000      1848.9450          -7980.9685       310.9211     -9829.9136     -7952.4539       302.8309             13.9066        10.8644     30624.0619       141.3808       179.6050
FEP:    1100000        36.3030    -11329.2970      1463.6421

WRITING EXTENDED SYSTEM TO RESTART FILE AT STEP 1100000
WRITING COORDINATES TO DCD FILE mobley_6239320_prod.dcd AT STEP 1100000
WRITING COORDINATES TO RESTART FILE AT STEP 1100000
FINISHED WRITING RESTART COORDINATES
WRITING VELOCITIES TO RESTART FILE AT STEP 1100000
FINISHED WRITING RESTART VELOCITIES
PRESSURE: 1200000 132.551 -115.999 96.5919 -115.998 -402.428 -231.559 96.5944 -231.557 238.462
GPRESSURE: 1200000 302.534 -350.165 23.864 -171.343 -325.392 -215.666 488.506 -175.792 310.341
PRESSAVG: 1200000 74.2696 20.4538 -60.11 20.4538 46.6544 20.2225 -60.11 20.2225 268.175
GPRESSAVG: 1200000 147.837 126.439 -28.3404 -97.9268 141.698 61.936 -87.3132 31.7766 229.948
ENERGY: 1200000         4.0666         2.4691        31.0392         0.0000         -11290.8174      1494.9403         0.0000         0.0000      1823.7602          -7934.5420       306.6860     -9758.3022     -7951.0761       303.1275            -10.4717        95.8275     31054.0579       129.6998       173.1606
FEP:    1200000        37.5749    -11290.8174      1495.2054

WRITING EXTENDED SYSTEM TO RESTART FILE AT STEP 1200000
WRITING COORDINATES TO DCD FILE mobley_6239320_prod.dcd AT STEP 1200000
WRITING COORDINATES TO RESTART FILE AT STEP 1200000
FINISHED WRITING RESTART COORDINATES
WRITING VELOCITIES TO RESTART FILE AT STEP 1200000
FINISHED WRITING RESTART VELOCITIES
PRESSURE: 1300000 799.278 8.72334 36.7445 8.72753 218.787 -643.793 36.7439 -643.786 -62.561
GPRESSURE: 1300000 819.273 -194.155 323.207 337.575 150.897 -310.167 -385.698 -600.71 244.624
PRESSAVG: 1300000 126.056 19.6162 -53.1919 19.6162 58.9496 -27.2067 -53.1919 -27.2067 244.551
GPRESSAVG: 1300000 195.796 103.539 -3.22982 -66.8195 142.355 35.3572 -108.626 -13.401 230.996
ENERGY: 1300000         4.4481         3.7737        26.9508         0.0000         -11234.6972      1491.4752         0.0000         0.0000      1779.9869          -7928.0626       299.3250     -9708.0495     -7949.4323       302.8559            318.5011       404.9313     30767.2442       143.1856       189.7156
FEP:    1300000        35.1725    -11234.6972      1492.0602

WRITING EXTENDED SYSTEM TO RESTART FILE AT STEP 1300000
WRITING COORDINATES TO DCD FILE mobley_6239320_prod.dcd AT STEP 1300000
WRITING COORDINATES TO RESTART FILE AT STEP 1300000
FINISHED WRITING RESTART COORDINATES
WRITING VELOCITIES TO RESTART FILE AT STEP 1300000
FINISHED WRITING RESTART VELOCITIES
PRESSURE: 1400000 440.95 92.0835 -261.052 92.081 -259.578 185.173 -261.054 185.172 124.368
GPRESSURE: 1400000 457.453 270.276 -167.48 18.0599 -122.497 442.179 -559.704 -41.7156 82.4075
PRESSAVG: 1400000 147.049 24.4472 -67.0493 24.4472 37.7144 -13.0481 -67.0493 -13.0481 236.539
GPRESSAVG: 1400000 213.24 114.655 -14.1798 -61.1608 124.698 62.4787 -138.698 -15.2887 221.09
ENERGY: 1400000         6.2560         3.6007        28.0510         0.0000         -11266.0805      1464.9169         0.0000         0.0000      1785.7538          -7977.5021       300.2948     -9763.2559     -7951.3036       302.6851            101.9134       139.1210     30519.6859       140.4341       186.3427
FEP:    1400000        37.9078    -11266.0805      1464.8509

WRITING EXTENDED SYSTEM TO RESTART FILE AT STEP 1400000
WRITING COORDINATES TO DCD FILE mobley_6239320_prod.dcd AT STEP 1400000
WRITING COORDINATES TO RESTART FILE AT STEP 1400000
FINISHED WRITING RESTART COORDINATES
WRITING VELOCITIES TO RESTART FILE AT STEP 1400000
FINISHED WRITING RESTART VELOCITIES
PRESSURE: 1500000 -237.535 -308.951 520.051 -308.95 612.637 726.543 520.05 726.542 1102.22
GPRESSURE: 1500000 -199.369 -377.05 433.869 -83.541 545.129 669.245 724.671 854.188 1072.89
PRESSAVG: 1500000 123.012 3.60986 -30.3556 3.60986 73.6471 33.1763 -30.3556 33.1763 290.644
GPRESSAVG: 1500000 187.452 83.9236 13.8233 -62.5596 150.975 100.402 -84.7376 39.0536 274.328
ENERGY: 1500000         5.9390         4.5144        27.3472         0.0000         -11274.6488      1500.8044         0.0000         0.0000      1784.8100          -7951.2338       300.1361     -9736.0438     -7951.2992       302.5258            492.4399       472.8839     30690.0365       162.4345       204.2515
FEP:    1500000        37.8006    -11274.6488      1501.1055

WRITING EXTENDED SYSTEM TO RESTART FILE AT STEP 1500000
WRITING COORDINATES TO DCD FILE mobley_6239320_prod.dcd AT STEP 1500000
WRITING COORDINATES TO RESTART FILE AT STEP 1500000
FINISHED WRITING RESTART COORDINATES
WRITING VELOCITIES TO RESTART FILE AT STEP 1500000
FINISHED WRITING RESTART VELOCITIES
TCL: Exiting due to exit command.
WRITING EXTENDED SYSTEM TO OUTPUT FILE AT STEP 1500000
CLOSING EXTENDED SYSTEM TRAJECTORY FILE
WRITING COORDINATES TO OUTPUT FILE AT STEP 1500000
CLOSING COORDINATE DCD FILE mobley_6239320_prod.dcd
WRITING VELOCITIES TO OUTPUT FILE AT STEP 1500000
====================================================

WallClock: 521.476868  CPUTime: 520.312317  Memory: 0.000000 MB
[Partition 0][Node 0] End of program
