#========================================================================================
#                     Free energy perturbation    
#----------------------------------------------------------------------------------------
#forward/backward          λ              ΔΔA                 ΔA                  δε   
#                                                 
#----------------------------------------------------------------------------------------
forward:               0.0000              0.0000              0.0000              0.0000  
forward:               0.0500              1.4967              1.4967              0.0173  
forward:               0.1000              0.8908              2.3875              0.0223  
forward:               0.1500              0.4630              2.8506              0.0241  
forward:               0.2000              0.2555              3.1061              0.0250  
forward:               0.2500              0.1522              3.2582              0.0256  
forward:               0.3000              0.0730              3.3313              0.0260  
forward:               0.3500              0.0322              3.3635              0.0264  
forward:               0.4000              0.0022              3.3657              0.0267  
forward:               0.4500             -0.0307              3.3350              0.0269  
forward:               0.5000             -0.0521              3.2829              0.0271  
forward:               0.5500             -0.1228              3.1601              0.0273  
forward:               0.6000             -0.1544              3.0057              0.0274  
forward:               0.6500             -0.1667              2.8390              0.0276  
forward:               0.7000             -0.1827              2.6563              0.0277  
forward:               0.7500             -0.1837              2.4725              0.0279  
forward:               0.8000             -0.1866              2.2859              0.0280  
forward:               0.8500             -0.1805              2.1054              0.0281  
forward:               0.9000             -0.1918              1.9136              0.0282  
forward:               0.9500             -0.1899              1.7237              0.0283  
forward:               1.0000             -0.1978              1.5260              0.0285  
backward:              1.0000              0.0000              1.5260              0.0000  
backward:              0.9500              0.1934              1.7194              0.0032  
backward:              0.9000              0.1848              1.9041              0.0047  
backward:              0.8500              0.1899              2.0940              0.0059  
backward:              0.8000              0.1857              2.2797              0.0068  
backward:              0.7500              0.1874              2.4672              0.0075  
backward:              0.7000              0.1838              2.6509              0.0083  
backward:              0.6500              0.1825              2.8334              0.0090  
backward:              0.6000              0.1642              2.9976              0.0097  
backward:              0.5500              0.1587              3.1563              0.0104  
backward:              0.5000              0.1200              3.2763              0.0109  
backward:              0.4500              0.0485              3.3248              0.0115  
backward:              0.4000              0.0208              3.3456              0.0121  
backward:              0.3500              0.0034              3.3490              0.0128  
backward:              0.3000             -0.0317              3.3173              0.0140  
backward:              0.2500             -0.0876              3.2297              0.0154  
backward:              0.2000             -0.1589              3.0708              0.0169  
backward:              0.1500             -0.2689              2.8019              0.0191  
backward:              0.1000             -0.4648              2.3371              0.0232  
backward:              0.0500             -0.8509              1.4862              0.0310  
backward:              0.0000             -1.5149             -0.0287              0.0382  
Inaccuracy estimation
======================================================================================================
                   i        i+δi          P0_overlap_P1   δε(forward)/ε   δε(backward)/ε
======================================================================================================
inaccuracy:  0.00000        0.05000           39.46           -0.03            1.21
inaccuracy:  0.05000        0.10000           45.81           -0.04            1.07
inaccuracy:  0.10000        0.15000           57.86           -0.02            0.51
inaccuracy:  0.15000        0.20000           65.27           -0.02            0.30
inaccuracy:  0.20000        0.25000           68.84           -0.01            0.21
inaccuracy:  0.25000        0.30000           71.96           -0.01            0.16
inaccuracy:  0.30000        0.35000           72.59           -0.01            0.14
inaccuracy:  0.35000        0.40000           72.65           -0.01            0.12
inaccuracy:  0.40000        0.45000           75.32           -0.01            0.10
inaccuracy:  0.45000        0.50000           75.31           -0.01            0.09
inaccuracy:  0.50000        0.55000           74.74           -0.02            0.09
inaccuracy:  0.55000        0.60000           75.24           -0.02            0.08
inaccuracy:  0.60000        0.65000           75.89           -0.02            0.08
inaccuracy:  0.65000        0.70000           76.08           -0.02            0.08
inaccuracy:  0.70000        0.75000           75.71           -0.02            0.07
inaccuracy:  0.75000        0.80000           75.89           -0.02            0.07
inaccuracy:  0.80000        0.85000           75.35           -0.02            0.07
inaccuracy:  0.85000        0.90000           75.35           -0.02            0.07
inaccuracy:  0.90000        0.95000           75.86           -0.02            0.07
inaccuracy:  0.95000        1.00000           75.84           -0.02            0.07
===================================================================================================================================
                BAR        
-----------------------------------------------------------------------------------------------------------------------------------
BAR-estimator:         λ             λ+δλ          ΔΔA             ΔA            C               Δδe            δe       
                          
-----------------------------------------------------------------------------------------------------------------------------------
BAR-estimator:      0.00000        0.05000        1.5144         1.5144         1.5144         0.0074         0.0074 
BAR-estimator:      0.05000        0.10000        0.8805         2.3949         0.8805         0.0086         0.0113 
BAR-estimator:      0.10000        0.15000        0.4669         2.8618         0.4669         0.0058         0.0127 
BAR-estimator:      0.15000        0.20000        0.2621         3.1239         0.2621         0.0043         0.0134 
BAR-estimator:      0.20000        0.25000        0.1553         3.2792         0.1553         0.0036         0.0139 
BAR-estimator:      0.25000        0.30000        0.0780         3.3572         0.0780         0.0031         0.0142 
BAR-estimator:      0.30000        0.35000        0.0327         3.3898         0.0327         0.0031         0.0146 
BAR-estimator:      0.35000        0.40000       -0.0005         3.3894        -0.0005         0.0027         0.0148 
BAR-estimator:      0.40000        0.45000       -0.0270         3.3623        -0.0270         0.0025         0.0150 
BAR-estimator:      0.45000        0.50000       -0.0507         3.3116        -0.0507         0.0022         0.0152 
BAR-estimator:      0.50000        0.55000       -0.1215         3.1902        -0.1215         0.0022         0.0153 
BAR-estimator:      0.55000        0.60000       -0.1561         3.0341        -0.1561         0.0022         0.0155 
BAR-estimator:      0.60000        0.65000       -0.1661         2.8680        -0.1661         0.0022         0.0156 
BAR-estimator:      0.65000        0.70000       -0.1824         2.6856        -0.1824         0.0024         0.0158 
BAR-estimator:      0.70000        0.75000       -0.1838         2.5018        -0.1838         0.0021         0.0160 
BAR-estimator:      0.75000        0.80000       -0.1867         2.3152        -0.1867         0.0021         0.0161 
BAR-estimator:      0.80000        0.85000       -0.1835         2.1317        -0.1835         0.0020         0.0162 
BAR-estimator:      0.85000        0.90000       -0.1929         1.9388        -0.1929         0.0022         0.0164 
BAR-estimator:      0.90000        0.95000       -0.1873         1.7515        -0.1873         0.0022         0.0165 
BAR-estimator:      0.95000        1.00000       -0.1959         1.5555        -0.1959         0.0025         0.0167 
BAR-estimator: total free energy change is 1.5555220889275851 , total error is 0.01671869613599433
