#========================================================================================
#                     Free energy perturbation    
#----------------------------------------------------------------------------------------
#forward/backward          λ              ΔΔA                 ΔA                  δε   
#                                                 
#----------------------------------------------------------------------------------------
forward:               0.0000              0.0000              0.0000              0.0000  
forward:               0.0500              1.6916              1.6916              0.0192  
forward:               0.1000              0.8876              2.5792              0.0231  
forward:               0.1500              0.4247              3.0039              0.0249  
forward:               0.2000              0.1703              3.1743              0.0258  
forward:               0.2500              0.0454              3.2197              0.0263  
forward:               0.3000             -0.0391              3.1806              0.0266  
forward:               0.3500             -0.0886              3.0920              0.0268  
forward:               0.4000             -0.1254              2.9666              0.0271  
forward:               0.4500             -0.1548              2.8118              0.0274  
forward:               0.5000             -0.1871              2.6247              0.0275  
forward:               0.5500             -0.5360              2.0887              0.0282  
forward:               0.6000             -1.0824              1.0063              0.0289  
forward:               0.6500             -1.5840             -0.5776              0.0298  
forward:               0.7000             -1.9978             -2.5754              0.0310  
forward:               0.7500             -2.2283             -4.8038              0.0316  
forward:               0.8000             -2.3334             -7.1372              0.0321  
forward:               0.8500             -2.3430             -9.4801              0.0326  
forward:               0.9000             -2.3148            -11.7949              0.0329  
forward:               0.9500             -2.2681            -14.0630              0.0333  
forward:               1.0000             -2.2187            -16.2818              0.0335  
backward:              1.0000              0.0000            -16.2818              0.0000  
backward:              0.9500              2.2064            -14.0754              0.0080  
backward:              0.9000              2.2656            -11.8098              0.0102  
backward:              0.8500              2.3123             -9.4975              0.0120  
backward:              0.8000              2.3505             -7.1469              0.0138  
backward:              0.7500              2.3443             -4.8027              0.0152  
backward:              0.7000              2.2348             -2.5679              0.0169  
backward:              0.6500              1.9872             -0.5808              0.0185  
backward:              0.6000              1.5786              0.9978              0.0200  
backward:              0.5500              1.0846              2.0824              0.0211  
backward:              0.5000              0.5294              2.6118              0.0229  
backward:              0.4500              0.1871              2.7989              0.0232  
backward:              0.4000              0.1514              2.9503              0.0235  
backward:              0.3500              0.1197              3.0700              0.0239  
backward:              0.3000              0.0843              3.1543              0.0244  
backward:              0.2500              0.0313              3.1855              0.0250  
backward:              0.2000             -0.0502              3.1354              0.0257  
backward:              0.1500             -0.1702              2.9652              0.0273  
backward:              0.1000             -0.4092              2.5560              0.0313  
backward:              0.0500             -0.8377              1.7183              0.0355  
backward:              0.0000             -1.6267              0.0916              0.0510  
Inaccuracy estimation
======================================================================================================
                   i        i+δi          P0_overlap_P1   δε(forward)/ε   δε(backward)/ε
======================================================================================================
inaccuracy:  0.00000        0.05000           33.33           -0.04            2.23
inaccuracy:  0.05000        0.10000           45.46           -0.05            1.08
inaccuracy:  0.10000        0.15000           56.17           -0.03            0.52
inaccuracy:  0.15000        0.20000           64.91           -0.02            0.27
inaccuracy:  0.20000        0.25000           69.19           -0.02            0.18
inaccuracy:  0.25000        0.30000           72.66           -0.01            0.13
inaccuracy:  0.30000        0.35000           73.67           -0.02            0.11
inaccuracy:  0.35000        0.40000           74.83           -0.02            0.09
inaccuracy:  0.40000        0.45000           75.67           -0.02            0.08
inaccuracy:  0.45000        0.50000           75.90           -0.01            0.08
inaccuracy:  0.50000        0.55000           57.39           -0.23            0.19
inaccuracy:  0.55000        0.60000           57.07           -0.29            0.07
inaccuracy:  0.60000        0.65000           57.33           -0.38           -0.00
inaccuracy:  0.65000        0.70000           57.34           -0.37           -0.05
inaccuracy:  0.70000        0.75000           58.27           -0.35           -0.08
inaccuracy:  0.75000        0.80000           58.24           -0.32           -0.10
inaccuracy:  0.80000        0.85000           57.90           -0.33           -0.08
inaccuracy:  0.85000        0.90000           57.03           -0.31           -0.08
inaccuracy:  0.90000        0.95000           56.26           -0.31           -0.07
inaccuracy:  0.95000        1.00000           55.61           -0.34           -0.04
===================================================================================================================================
                BAR        
-----------------------------------------------------------------------------------------------------------------------------------
BAR-estimator:         λ             λ+δλ          ΔΔA             ΔA            C               Δδe            δe       
                          
-----------------------------------------------------------------------------------------------------------------------------------
BAR-estimator:      0.00000        0.05000        1.6766         1.6766         1.6766         0.0093         0.0093 
BAR-estimator:      0.05000        0.10000        0.8791         2.5558         0.8791         0.0075         0.0120 
BAR-estimator:      0.10000        0.15000        0.4195         2.9752         0.4195         0.0068         0.0138 
BAR-estimator:      0.15000        0.20000        0.1706         3.1459         0.1706         0.0043         0.0144 
BAR-estimator:      0.20000        0.25000        0.0466         3.1925         0.0466         0.0035         0.0148 
BAR-estimator:      0.25000        0.30000       -0.0355         3.1569        -0.0355         0.0029         0.0151 
BAR-estimator:      0.30000        0.35000       -0.0883         3.0686        -0.0883         0.0028         0.0154 
BAR-estimator:      0.35000        0.40000       -0.1247         2.9440        -0.1247         0.0029         0.0156 
BAR-estimator:      0.40000        0.45000       -0.1544         2.7896        -0.1544         0.0024         0.0158 
BAR-estimator:      0.45000        0.50000       -0.1871         2.6025        -0.1871         0.0022         0.0160 
BAR-estimator:      0.50000        0.55000       -0.5348         2.0677        -0.5348         0.0036         0.0164 
BAR-estimator:      0.55000        0.60000       -1.0849         0.9827        -1.0849         0.0037         0.0168 
BAR-estimator:      0.60000        0.65000       -1.5812        -0.5985        -1.5812         0.0041         0.0173 
BAR-estimator:      0.65000        0.70000       -1.9929        -2.5914        -1.9929         0.0042         0.0178 
BAR-estimator:      0.70000        0.75000       -2.2340        -4.8253        -2.2340         0.0038         0.0182 
BAR-estimator:      0.75000        0.80000       -2.3355        -7.1608        -2.3355         0.0039         0.0186 
BAR-estimator:      0.80000        0.85000       -2.3449        -9.5057        -2.3449         0.0037         0.0189 
BAR-estimator:      0.85000        0.90000       -2.3145       -11.8202        -2.3145         0.0037         0.0193 
BAR-estimator:      0.90000        0.95000       -2.2676       -14.0879        -2.2676         0.0036         0.0196 
BAR-estimator:      0.95000        1.00000       -2.2146       -16.3025        -2.2146         0.0039         0.0200 
BAR-estimator: total free energy change is -16.302502791740956 , total error is 0.020027024789994817
