#========================================================================================
#                     Free energy perturbation    
#----------------------------------------------------------------------------------------
#forward/backward          λ              ΔΔA                 ΔA                  δε   
#                                                 
#----------------------------------------------------------------------------------------
forward:               0.0000              0.0000              0.0000              0.0000  
forward:               0.0500              1.9027              1.9027              0.0288  
forward:               0.1000              0.9260              2.8287              0.0337  
forward:               0.1500              0.4241              3.2528              0.0355  
forward:               0.2000              0.1508              3.4036              0.0365  
forward:               0.2500              0.0433              3.4468              0.0372  
forward:               0.3000             -0.0472              3.3996              0.0376  
forward:               0.3500             -0.0991              3.3005              0.0379  
forward:               0.4000             -0.1492              3.1513              0.0380  
forward:               0.4500             -0.1777              2.9736              0.0382  
forward:               0.5000             -0.1994              2.7742              0.0385  
forward:               0.5500             -0.5687              2.2056              0.0394  
forward:               0.6000             -1.1395              1.0661              0.0405  
forward:               0.6500             -1.6478             -0.5817              0.0417  
forward:               0.7000             -2.0352             -2.6169              0.0429  
forward:               0.7500             -2.2885             -4.9054              0.0436  
forward:               0.8000             -2.4057             -7.3110              0.0447  
forward:               0.8500             -2.4323             -9.7434              0.0453  
forward:               0.9000             -2.3799            -12.1233              0.0458  
forward:               0.9500             -2.3551            -14.4784              0.0461  
forward:               1.0000             -2.2932            -16.7716              0.0464  
backward:              1.0000              0.0000            -16.7716              0.0000  
backward:              0.9500              2.2946            -14.4770              0.0107  
backward:              0.9000              2.3320            -12.1450              0.0141  
backward:              0.8500              2.3742             -9.7708              0.0176  
backward:              0.8000              2.4054             -7.3654              0.0229  
backward:              0.7500              2.3836             -4.9818              0.0257  
backward:              0.7000              2.2922             -2.6896              0.0288  
backward:              0.6500              2.0513             -0.6383              0.0312  
backward:              0.6000              1.6032              0.9649              0.0327  
backward:              0.5500              1.1245              2.0894              0.0341  
backward:              0.5000              0.5675              2.6568              0.0352  
backward:              0.4500              0.2031              2.8600              0.0355  
backward:              0.4000              0.1732              3.0332              0.0358  
backward:              0.3500              0.1413              3.1745              0.0366  
backward:              0.3000              0.0995              3.2740              0.0379  
backward:              0.2500              0.0494              3.3234              0.0386  
backward:              0.2000             -0.0218              3.3016              0.0395  
backward:              0.1500             -0.1735              3.1281              0.0414  
backward:              0.1000             -0.3690              2.7590              0.0442  
backward:              0.0500             -0.9269              1.8321              0.0462  
backward:              0.0000             -1.8828             -0.0507              0.1021  
Inaccuracy estimation
======================================================================================================
                   i        i+δi          P0_overlap_P1   δε(forward)/ε   δε(backward)/ε
======================================================================================================
inaccuracy:  0.00000        0.05000           30.07           -0.04            3.19
inaccuracy:  0.05000        0.10000           45.06           -0.04            1.16
inaccuracy:  0.10000        0.15000           54.83           -0.02            0.56
inaccuracy:  0.15000        0.20000           65.90           -0.01            0.27
inaccuracy:  0.20000        0.25000           68.07           -0.02            0.19
inaccuracy:  0.25000        0.30000           71.26           -0.02            0.13
inaccuracy:  0.30000        0.35000           72.22           -0.01            0.11
inaccuracy:  0.35000        0.40000           74.47           -0.01            0.09
inaccuracy:  0.40000        0.45000           76.17           -0.02            0.08
inaccuracy:  0.45000        0.50000           75.29           -0.02            0.07
inaccuracy:  0.50000        0.55000           56.77           -0.23            0.20
inaccuracy:  0.55000        0.60000           57.69           -0.32            0.06
inaccuracy:  0.60000        0.65000           58.23           -0.32           -0.00
inaccuracy:  0.65000        0.70000           55.81           -0.42           -0.07
inaccuracy:  0.70000        0.75000           58.87           -0.35           -0.09
inaccuracy:  0.75000        0.80000           59.17           -0.28           -0.10
inaccuracy:  0.80000        0.85000           58.70           -0.31           -0.09
inaccuracy:  0.85000        0.90000           57.02           -0.31           -0.08
inaccuracy:  0.90000        0.95000           57.05           -0.31           -0.09
inaccuracy:  0.95000        1.00000           55.12           -0.32           -0.07
===================================================================================================================================
                BAR        
-----------------------------------------------------------------------------------------------------------------------------------
BAR-estimator:         λ             λ+δλ          ΔΔA             ΔA            C               Δδe            δe       
                          
-----------------------------------------------------------------------------------------------------------------------------------
BAR-estimator:      0.00000        0.05000        1.9042         1.9042         1.9042         0.0067         0.0067 
BAR-estimator:      0.05000        0.10000        0.9363         2.8405         0.9363         0.0104         0.0123 
BAR-estimator:      0.10000        0.15000        0.4094         3.2498         0.4094         0.0069         0.0141 
BAR-estimator:      0.15000        0.20000        0.1588         3.4087         0.1588         0.0052         0.0150 
BAR-estimator:      0.20000        0.25000        0.0365         3.4452         0.0365         0.0050         0.0158 
BAR-estimator:      0.25000        0.30000       -0.0514         3.3938        -0.0514         0.0043         0.0164 
BAR-estimator:      0.30000        0.35000       -0.1018         3.2920        -0.1018         0.0037         0.0168 
BAR-estimator:      0.35000        0.40000       -0.1490         3.1430        -0.1490         0.0032         0.0171 
BAR-estimator:      0.40000        0.45000       -0.1753         2.9677        -0.1753         0.0032         0.0174 
BAR-estimator:      0.45000        0.50000       -0.2025         2.7652        -0.2025         0.0024         0.0176 
BAR-estimator:      0.50000        0.55000       -0.5661         2.1991        -0.5661         0.0057         0.0185 
BAR-estimator:      0.55000        0.60000       -1.1345         1.0646        -1.1345         0.0048         0.0191 
BAR-estimator:      0.60000        0.65000       -1.6261        -0.5616        -1.6261         0.0054         0.0199 
BAR-estimator:      0.65000        0.70000       -2.0403        -2.6019        -2.0403         0.0056         0.0206 
BAR-estimator:      0.70000        0.75000       -2.2883        -4.8902        -2.2883         0.0054         0.0213 
BAR-estimator:      0.75000        0.80000       -2.3969        -7.2870        -2.3969         0.0059         0.0221 
BAR-estimator:      0.80000        0.85000       -2.4198        -9.7068        -2.4198         0.0049         0.0227 
BAR-estimator:      0.85000        0.90000       -2.3829       -12.0897        -2.3829         0.0052         0.0232 
BAR-estimator:      0.90000        0.95000       -2.3434       -14.4331        -2.3434         0.0052         0.0238 
BAR-estimator:      0.95000        1.00000       -2.2953       -16.7284        -2.2953         0.0046         0.0243 
BAR-estimator: total free energy change is -16.72843674629434 , total error is 0.024266542871042077
