#========================================================================================
#                     Free energy perturbation    
#----------------------------------------------------------------------------------------
#forward/backward          λ              ΔΔA                 ΔA                  δε   
#                                                 
#----------------------------------------------------------------------------------------
forward:               0.0000              0.0000              0.0000              0.0000  
forward:               0.0500              1.9696              1.9696              0.0255  
forward:               0.1000              0.9526              2.9222              0.0305  
forward:               0.1500              0.4308              3.3529              0.0328  
forward:               0.2000              0.1744              3.5273              0.0338  
forward:               0.2500              0.0303              3.5576              0.0345  
forward:               0.3000             -0.0508              3.5068              0.0348  
forward:               0.3500             -0.0973              3.4095              0.0351  
forward:               0.4000             -0.1455              3.2640              0.0354  
forward:               0.4500             -0.1816              3.0823              0.0356  
forward:               0.5000             -0.2126              2.8698              0.0358  
forward:               0.5500             -0.5682              2.3016              0.0366  
forward:               0.6000             -1.1283              1.1733              0.0375  
forward:               0.6500             -1.6372             -0.4639              0.0386  
forward:               0.7000             -2.0510             -2.5149              0.0397  
forward:               0.7500             -2.2949             -4.8098              0.0404  
forward:               0.8000             -2.4016             -7.2114              0.0409  
forward:               0.8500             -2.4178             -9.6292              0.0414  
forward:               0.9000             -2.3963            -12.0255              0.0420  
forward:               0.9500             -2.3541            -14.3796              0.0423  
forward:               1.0000             -2.3222            -16.7018              0.0427  
backward:              1.0000              0.0000            -16.7018              0.0000  
backward:              0.9500              2.3341            -14.3677              0.0099  
backward:              0.9000              2.3524            -12.0152              0.0140  
backward:              0.8500              2.3930             -9.6222              0.0180  
backward:              0.8000              2.4157             -7.2065              0.0199  
backward:              0.7500              2.4061             -4.8004              0.0219  
backward:              0.7000              2.2950             -2.5054              0.0234  
backward:              0.6500              2.0322             -0.4733              0.0250  
backward:              0.6000              1.6243              1.1511              0.0263  
backward:              0.5500              1.1208              2.2718              0.0274  
backward:              0.5000              0.5719              2.8438              0.0285  
backward:              0.4500              0.1867              3.0305              0.0290  
backward:              0.4000              0.1807              3.2112              0.0294  
backward:              0.3500              0.1528              3.3641              0.0297  
backward:              0.3000              0.1010              3.4651              0.0302  
backward:              0.2500              0.0457              3.5108              0.0308  
backward:              0.2000             -0.0291              3.4817              0.0319  
backward:              0.1500             -0.1797              3.3019              0.0333  
backward:              0.1000             -0.4631              2.8388              0.0708  
backward:              0.0500             -0.9413              1.8975              0.0840  
backward:              0.0000             -1.8660              0.0315              0.1097  
Inaccuracy estimation
======================================================================================================
                   i        i+δi          P0_overlap_P1   δε(forward)/ε   δε(backward)/ε
======================================================================================================
inaccuracy:  0.00000        0.05000           28.40           -0.02            3.34
inaccuracy:  0.05000        0.10000           43.23           -0.06            1.17
inaccuracy:  0.10000        0.15000           55.81           -0.04            0.56
inaccuracy:  0.15000        0.20000           64.48           -0.02            0.29
inaccuracy:  0.20000        0.25000           68.81           -0.02            0.18
inaccuracy:  0.25000        0.30000           71.90           -0.02            0.13
inaccuracy:  0.30000        0.35000           73.03           -0.01            0.12
inaccuracy:  0.35000        0.40000           75.28           -0.01            0.10
inaccuracy:  0.40000        0.45000           75.80           -0.01            0.09
inaccuracy:  0.45000        0.50000           78.00           -0.01            0.07
inaccuracy:  0.50000        0.55000           57.62           -0.22            0.17
inaccuracy:  0.55000        0.60000           58.10           -0.29            0.06
inaccuracy:  0.60000        0.65000           57.02           -0.34           -0.01
inaccuracy:  0.65000        0.70000           58.06           -0.37           -0.06
inaccuracy:  0.70000        0.75000           58.43           -0.34           -0.08
inaccuracy:  0.75000        0.80000           58.47           -0.34           -0.10
inaccuracy:  0.80000        0.85000           57.89           -0.31           -0.09
inaccuracy:  0.85000        0.90000           56.48           -0.37           -0.10
inaccuracy:  0.90000        0.95000           55.74           -0.38           -0.08
inaccuracy:  0.95000        1.00000           54.85           -0.33           -0.09
===================================================================================================================================
                BAR        
-----------------------------------------------------------------------------------------------------------------------------------
BAR-estimator:         λ             λ+δλ          ΔΔA             ΔA            C               Δδe            δe       
                          
-----------------------------------------------------------------------------------------------------------------------------------
BAR-estimator:      0.00000        0.05000        1.9326         1.9326         1.9326         0.0100         0.0100 
BAR-estimator:      0.05000        0.10000        0.9284         2.8610         0.9284         0.0097         0.0139 
BAR-estimator:      0.10000        0.15000        0.4256         3.2866         0.4256         0.0078         0.0160 
BAR-estimator:      0.15000        0.20000        0.1768         3.4634         0.1768         0.0054         0.0169 
BAR-estimator:      0.20000        0.25000        0.0314         3.4948         0.0314         0.0046         0.0175 
BAR-estimator:      0.25000        0.30000       -0.0506         3.4442        -0.0506         0.0034         0.0178 
BAR-estimator:      0.30000        0.35000       -0.0971         3.3471        -0.0971         0.0034         0.0182 
BAR-estimator:      0.35000        0.40000       -0.1455         3.2016        -0.1455         0.0031         0.0184 
BAR-estimator:      0.40000        0.45000       -0.1800         3.0216        -0.1800         0.0030         0.0187 
BAR-estimator:      0.45000        0.50000       -0.2039         2.8177        -0.2039         0.0025         0.0188 
BAR-estimator:      0.50000        0.55000       -0.5694         2.2483        -0.5694         0.0048         0.0194 
BAR-estimator:      0.55000        0.60000       -1.1189         1.1293        -1.1189         0.0042         0.0199 
BAR-estimator:      0.60000        0.65000       -1.6242        -0.4949        -1.6242         0.0047         0.0204 
BAR-estimator:      0.65000        0.70000       -2.0420        -2.5369        -2.0420         0.0050         0.0210 
BAR-estimator:      0.70000        0.75000       -2.2927        -4.8297        -2.2927         0.0043         0.0215 
BAR-estimator:      0.75000        0.80000       -2.4066        -7.2362        -2.4066         0.0046         0.0219 
BAR-estimator:      0.80000        0.85000       -2.4170        -9.6532        -2.4170         0.0047         0.0224 
BAR-estimator:      0.85000        0.90000       -2.4000       -12.0533        -2.4000         0.0047         0.0229 
BAR-estimator:      0.90000        0.95000       -2.3601       -14.4134        -2.3601         0.0051         0.0235 
BAR-estimator:      0.95000        1.00000       -2.3229       -16.7362        -2.3229         0.0040         0.0238 
BAR-estimator: total free energy change is -16.736206703593034 , total error is 0.023829720166273008
