#========================================================================================
#                     Free energy perturbation    
#----------------------------------------------------------------------------------------
#forward/backward          λ              ΔΔA                 ΔA                  δε   
#                                                 
#----------------------------------------------------------------------------------------
forward:               0.0000              0.0000              0.0000              0.0000  
forward:               0.0500              1.4152              1.4152              0.0205  
forward:               0.1000              0.7922              2.2074              0.0251  
forward:               0.1500              0.4226              2.6300              0.0277  
forward:               0.2000              0.2253              2.8552              0.0287  
forward:               0.2500              0.1409              2.9962              0.0295  
forward:               0.3000              0.0726              3.0688              0.0300  
forward:               0.3500              0.0199              3.0886              0.0304  
forward:               0.4000             -0.0182              3.0704              0.0307  
forward:               0.4500             -0.0358              3.0346              0.0311  
forward:               0.5000             -0.0609              2.9737              0.0313  
forward:               0.5500             -0.0856              2.8881              0.0318  
forward:               0.6000             -0.1940              2.6941              0.0321  
forward:               0.6500             -0.2497              2.4444              0.0323  
forward:               0.7000             -0.3118              2.1326              0.0326  
forward:               0.7500             -0.3497              1.7829              0.0329  
forward:               0.8000             -0.3908              1.3920              0.0331  
forward:               0.8500             -0.4219              0.9702              0.0334  
forward:               0.9000             -0.4519              0.5183              0.0336  
forward:               0.9500             -0.4733              0.0450              0.0338  
forward:               1.0000             -0.4839             -0.4389              0.0341  
backward:              1.0000              0.0000             -0.4389              0.0000  
backward:              0.9500              0.4801              0.0412              0.0062  
backward:              0.9000              0.4620              0.5032              0.0078  
backward:              0.8500              0.4464              0.9496              0.0091  
backward:              0.8000              0.4194              1.3690              0.0102  
backward:              0.7500              0.4021              1.7711              0.0113  
backward:              0.7000              0.3605              2.1316              0.0124  
backward:              0.6500              0.3157              2.4473              0.0132  
backward:              0.6000              0.2596              2.7069              0.0140  
backward:              0.5500              0.1860              2.8929              0.0150  
backward:              0.5000              0.0900              2.9829              0.0160  
backward:              0.4500              0.0680              3.0509              0.0165  
backward:              0.4000              0.0277              3.0786              0.0175  
backward:              0.3500              0.0096              3.0883              0.0183  
backward:              0.3000             -0.0266              3.0616              0.0192  
backward:              0.2500             -0.0619              2.9998              0.0208  
backward:              0.2000             -0.1597              2.8401              0.0258  
backward:              0.1500             -0.2523              2.5878              0.0295  
backward:              0.1000             -0.4586              2.1292              0.0420  
backward:              0.0500             -0.7993              1.3299              0.0508  
backward:              0.0000             -1.3852             -0.0553              0.0553  
Inaccuracy estimation
======================================================================================================
                   i        i+δi          P0_overlap_P1   δε(forward)/ε   δε(backward)/ε
======================================================================================================
inaccuracy:  0.00000        0.05000           39.75           -0.04            1.43
inaccuracy:  0.05000        0.10000           49.09           -0.03            0.85
inaccuracy:  0.10000        0.15000           60.64           -0.02            0.46
inaccuracy:  0.15000        0.20000           67.08           -0.01            0.25
inaccuracy:  0.20000        0.25000           71.02           -0.01            0.17
inaccuracy:  0.25000        0.30000           71.45           -0.02            0.14
inaccuracy:  0.30000        0.35000           73.79           -0.01            0.11
inaccuracy:  0.35000        0.40000           75.53           -0.01            0.10
inaccuracy:  0.40000        0.45000           76.18           -0.01            0.10
inaccuracy:  0.45000        0.50000           75.72           -0.01            0.09
inaccuracy:  0.50000        0.55000           71.87           -0.03            0.11
inaccuracy:  0.55000        0.60000           74.17           -0.03            0.08
inaccuracy:  0.60000        0.65000           73.07           -0.04            0.08
inaccuracy:  0.65000        0.70000           74.08           -0.03            0.07
inaccuracy:  0.70000        0.75000           73.92           -0.04            0.06
inaccuracy:  0.75000        0.80000           73.48           -0.04            0.06
inaccuracy:  0.80000        0.85000           74.34           -0.03            0.06
inaccuracy:  0.85000        0.90000           75.07           -0.03            0.06
inaccuracy:  0.90000        0.95000           74.82           -0.04            0.06
inaccuracy:  0.95000        1.00000           73.80           -0.03            0.06
===================================================================================================================================
                BAR        
-----------------------------------------------------------------------------------------------------------------------------------
BAR-estimator:         λ             λ+δλ          ΔΔA             ΔA            C               Δδe            δe       
                          
-----------------------------------------------------------------------------------------------------------------------------------
BAR-estimator:      0.00000        0.05000        1.4050         1.4050         1.4050         0.0141         0.0141 
BAR-estimator:      0.05000        0.10000        0.7879         2.1930         0.7879         0.0091         0.0168 
BAR-estimator:      0.10000        0.15000        0.4305         2.6235         0.4305         0.0077         0.0185 
BAR-estimator:      0.15000        0.20000        0.2278         2.8513         0.2278         0.0050         0.0191 
BAR-estimator:      0.20000        0.25000        0.1436         2.9949         0.1436         0.0045         0.0196 
BAR-estimator:      0.25000        0.30000        0.0673         3.0622         0.0673         0.0039         0.0200 
BAR-estimator:      0.30000        0.35000        0.0208         3.0830         0.0208         0.0033         0.0203 
BAR-estimator:      0.35000        0.40000       -0.0165         3.0664        -0.0165         0.0032         0.0205 
BAR-estimator:      0.40000        0.45000       -0.0341         3.0323        -0.0341         0.0032         0.0208 
BAR-estimator:      0.45000        0.50000       -0.0627         2.9697        -0.0627         0.0028         0.0210 
BAR-estimator:      0.50000        0.55000       -0.0870         2.8826        -0.0870         0.0036         0.0213 
BAR-estimator:      0.55000        0.60000       -0.1886         2.6940        -0.1886         0.0033         0.0215 
BAR-estimator:      0.60000        0.65000       -0.2544         2.4396        -0.2544         0.0028         0.0217 
BAR-estimator:      0.65000        0.70000       -0.3114         2.1282        -0.3114         0.0030         0.0219 
BAR-estimator:      0.70000        0.75000       -0.3537         1.7745        -0.3537         0.0030         0.0221 
BAR-estimator:      0.75000        0.80000       -0.3940         1.3805        -0.3940         0.0030         0.0223 
BAR-estimator:      0.80000        0.85000       -0.4207         0.9598        -0.4207         0.0033         0.0226 
BAR-estimator:      0.85000        0.90000       -0.4498         0.5100        -0.4498         0.0025         0.0227 
BAR-estimator:      0.90000        0.95000       -0.4690         0.0410        -0.4690         0.0032         0.0230 
BAR-estimator:      0.95000        1.00000       -0.4831        -0.4421        -0.4831         0.0032         0.0232 
BAR-estimator: total free energy change is -0.4420975592054303 , total error is 0.023183131144282224
