#========================================================================================
#                     Free energy perturbation    
#----------------------------------------------------------------------------------------
#forward/backward          λ              ΔΔA                 ΔA                  δε   
#                                                 
#----------------------------------------------------------------------------------------
forward:               0.0000              0.0000              0.0000              0.0000  
forward:               0.0500              1.4250              1.4250              0.0074  
forward:               0.1000              0.8025              2.2275              0.0143  
forward:               0.1500              0.4405              2.6680              0.0171  
forward:               0.2000              0.2329              2.9009              0.0187  
forward:               0.2500              0.1394              3.0403              0.0194  
forward:               0.3000              0.0666              3.1069              0.0200  
forward:               0.3500              0.0334              3.1403              0.0205  
forward:               0.4000             -0.0096              3.1307              0.0209  
forward:               0.4500             -0.0372              3.0935              0.0215  
forward:               0.5000             -0.0524              3.0412              0.0218  
forward:               0.5500             -0.0916              2.9496              0.0222  
forward:               0.6000             -0.1884              2.7612              0.0226  
forward:               0.6500             -0.2619              2.4993              0.0229  
forward:               0.7000             -0.3173              2.1820              0.0232  
forward:               0.7500             -0.3593              1.8228              0.0236  
forward:               0.8000             -0.3929              1.4298              0.0238  
forward:               0.8500             -0.4194              1.0105              0.0241  
forward:               0.9000             -0.4414              0.5690              0.0246  
forward:               0.9500             -0.4679              0.1011              0.0248  
forward:               1.0000             -0.4841             -0.3831              0.0250  
backward:              1.0000              0.0000             -0.3831              0.0000  
backward:              0.9500              0.4829              0.0998              0.0042  
backward:              0.9000              0.4654              0.5652              0.0062  
backward:              0.8500              0.4509              1.0161              0.0075  
backward:              0.8000              0.4259              1.4420              0.0085  
backward:              0.7500              0.3902              1.8322              0.0095  
backward:              0.7000              0.3522              2.1844              0.0104  
backward:              0.6500              0.2980              2.4824              0.0115  
backward:              0.6000              0.2583              2.7407              0.0126  
backward:              0.5500              0.1825              2.9232              0.0135  
backward:              0.5000              0.0971              3.0203              0.0141  
backward:              0.4500              0.0471              3.0674              0.0149  
backward:              0.4000              0.0258              3.0932              0.0158  
backward:              0.3500              0.0029              3.0961              0.0166  
backward:              0.3000             -0.0198              3.0764              0.0174  
backward:              0.2500             -0.0651              3.0112              0.0183  
backward:              0.2000             -0.1495              2.8617              0.0196  
backward:              0.1500             -0.2228              2.6389              0.0211  
backward:              0.1000             -0.4532              2.1858              0.0282  
backward:              0.0500             -0.8424              1.3434              0.0462  
backward:              0.0000             -1.3968             -0.0534              0.0534  
Inaccuracy estimation
======================================================================================================
                   i        i+δi          P0_overlap_P1   δε(forward)/ε   δε(backward)/ε
======================================================================================================
inaccuracy:  0.00000        0.05000           39.88           -0.03            1.46
inaccuracy:  0.05000        0.10000           50.91           -0.02            0.87
inaccuracy:  0.10000        0.15000           59.35           -0.02            0.47
inaccuracy:  0.15000        0.20000           66.82           -0.01            0.26
inaccuracy:  0.20000        0.25000           70.88           -0.01            0.18
inaccuracy:  0.25000        0.30000           72.56           -0.01            0.14
inaccuracy:  0.30000        0.35000           72.95           -0.01            0.12
inaccuracy:  0.35000        0.40000           75.32           -0.02            0.10
inaccuracy:  0.40000        0.45000           75.83           -0.01            0.09
inaccuracy:  0.45000        0.50000           76.36           -0.01            0.09
inaccuracy:  0.50000        0.55000           72.08           -0.03            0.12
inaccuracy:  0.55000        0.60000           74.36           -0.03            0.09
inaccuracy:  0.60000        0.65000           74.01           -0.04            0.07
inaccuracy:  0.65000        0.70000           75.73           -0.03            0.06
inaccuracy:  0.70000        0.75000           74.82           -0.04            0.06
inaccuracy:  0.75000        0.80000           74.82           -0.04            0.06
inaccuracy:  0.80000        0.85000           73.59           -0.04            0.06
inaccuracy:  0.85000        0.90000           73.65           -0.04            0.06
inaccuracy:  0.90000        0.95000           74.02           -0.04            0.06
inaccuracy:  0.95000        1.00000           74.10           -0.04            0.06
===================================================================================================================================
                BAR        
-----------------------------------------------------------------------------------------------------------------------------------
BAR-estimator:         λ             λ+δλ          ΔΔA             ΔA            C               Δδe            δe       
                          
-----------------------------------------------------------------------------------------------------------------------------------
BAR-estimator:      0.00000        0.05000        1.4177         1.4177         1.4177         0.0091         0.0091 
BAR-estimator:      0.05000        0.10000        0.8160         2.2337         0.8160         0.0077         0.0120 
BAR-estimator:      0.10000        0.15000        0.4360         2.6697         0.4360         0.0062         0.0135 
BAR-estimator:      0.15000        0.20000        0.2322         2.9019         0.2322         0.0050         0.0144 
BAR-estimator:      0.20000        0.25000        0.1420         3.0439         0.1420         0.0036         0.0148 
BAR-estimator:      0.25000        0.30000        0.0675         3.1114         0.0675         0.0035         0.0152 
BAR-estimator:      0.30000        0.35000        0.0292         3.1405         0.0292         0.0027         0.0155 
BAR-estimator:      0.35000        0.40000       -0.0071         3.1335        -0.0071         0.0031         0.0158 
BAR-estimator:      0.40000        0.45000       -0.0358         3.0977        -0.0358         0.0033         0.0161 
BAR-estimator:      0.45000        0.50000       -0.0503         3.0474        -0.0503         0.0027         0.0163 
BAR-estimator:      0.50000        0.55000       -0.0917         2.9557        -0.0917         0.0030         0.0166 
BAR-estimator:      0.55000        0.60000       -0.1848         2.7710        -0.1848         0.0029         0.0169 
BAR-estimator:      0.60000        0.65000       -0.2599         2.5111        -0.2599         0.0030         0.0171 
BAR-estimator:      0.65000        0.70000       -0.3104         2.2007        -0.3104         0.0026         0.0173 
BAR-estimator:      0.70000        0.75000       -0.3573         1.8435        -0.3573         0.0028         0.0176 
BAR-estimator:      0.75000        0.80000       -0.3907         1.4528        -0.3907         0.0028         0.0178 
BAR-estimator:      0.80000        0.85000       -0.4229         1.0299        -0.4229         0.0027         0.0180 
BAR-estimator:      0.85000        0.90000       -0.4455         0.5844        -0.4455         0.0036         0.0183 
BAR-estimator:      0.90000        0.95000       -0.4671         0.1172        -0.4671         0.0028         0.0186 
BAR-estimator:      0.95000        1.00000       -0.4845        -0.3673        -0.4845         0.0030         0.0188 
BAR-estimator: total free energy change is -0.3672706355395249 , total error is 0.01880337672869064
