#========================================================================================
#                     Free energy perturbation    
#----------------------------------------------------------------------------------------
#forward/backward          λ              ΔΔA                 ΔA                  δε   
#                                                 
#----------------------------------------------------------------------------------------
forward:               0.0000              0.0000              0.0000              0.0000  
forward:               0.0500              0.5823              0.5823              0.0109  
forward:               0.1000              0.3816              0.9639              0.0136  
forward:               0.1500              0.2663              1.2302              0.0156  
forward:               0.2000              0.1889              1.4191              0.0166  
forward:               0.2500              0.1233              1.5423              0.0173  
forward:               0.3000              0.1025              1.6449              0.0180  
forward:               0.3500              0.0758              1.7206              0.0184  
forward:               0.4000              0.0594              1.7800              0.0188  
forward:               0.4500              0.0393              1.8194              0.0193  
forward:               0.5000              0.0166              1.8360              0.0199  
forward:               0.5500             -0.0326              1.8034              0.0203  
forward:               0.6000             -0.1272              1.6761              0.0206  
forward:               0.6500             -0.1811              1.4950              0.0209  
forward:               0.7000             -0.2398              1.2552              0.0212  
forward:               0.7500             -0.2814              0.9738              0.0214  
forward:               0.8000             -0.3146              0.6592              0.0217  
forward:               0.8500             -0.3396              0.3196              0.0220  
forward:               0.9000             -0.3696             -0.0500              0.0222  
forward:               0.9500             -0.3890             -0.4390              0.0225  
forward:               1.0000             -0.4039             -0.8430              0.0227  
backward:              1.0000              0.0000             -0.8430              0.0000  
backward:              0.9500              0.4045             -0.4385              0.0035  
backward:              0.9000              0.3812             -0.0572              0.0047  
backward:              0.8500              0.3634              0.3062              0.0062  
backward:              0.8000              0.3397              0.6459              0.0078  
backward:              0.7500              0.3165              0.9624              0.0088  
backward:              0.7000              0.2768              1.2392              0.0095  
backward:              0.6500              0.2384              1.4776              0.0101  
backward:              0.6000              0.1895              1.6672              0.0108  
backward:              0.5500              0.1236              1.7907              0.0119  
backward:              0.5000              0.0377              1.8285              0.0130  
backward:              0.4500             -0.0248              1.8037              0.0135  
backward:              0.4000             -0.0455              1.7581              0.0144  
backward:              0.3500             -0.0402              1.7179              0.0149  
backward:              0.3000             -0.0707              1.6472              0.0155  
backward:              0.2500             -0.0883              1.5589              0.0166  
backward:              0.2000             -0.1334              1.4255              0.0177  
backward:              0.1500             -0.1806              1.2450              0.0188  
backward:              0.1000             -0.2611              0.9839              0.0211  
backward:              0.0500             -0.3779              0.6060              0.0245  
backward:              0.0000             -0.5924              0.0136              0.0295  
Inaccuracy estimation
======================================================================================================
                   i        i+δi          P0_overlap_P1   δε(forward)/ε   δε(backward)/ε
======================================================================================================
inaccuracy:  0.00000        0.05000           59.04           -0.01            0.41
inaccuracy:  0.05000        0.10000           65.30           -0.00            0.32
inaccuracy:  0.10000        0.15000           69.84           -0.00            0.22
inaccuracy:  0.15000        0.20000           73.47           -0.00            0.16
inaccuracy:  0.20000        0.25000           77.80           -0.00            0.11
inaccuracy:  0.25000        0.30000           76.32           -0.00            0.11
inaccuracy:  0.30000        0.35000           78.05           -0.00            0.09
inaccuracy:  0.35000        0.40000           77.47           -0.00            0.08
inaccuracy:  0.40000        0.45000           80.22           -0.01            0.08
inaccuracy:  0.45000        0.50000           81.29           -0.00            0.07
inaccuracy:  0.50000        0.55000           74.48           -0.02            0.09
inaccuracy:  0.55000        0.60000           76.59           -0.02            0.07
inaccuracy:  0.60000        0.65000           76.44           -0.02            0.07
inaccuracy:  0.65000        0.70000           77.88           -0.02            0.05
inaccuracy:  0.70000        0.75000           77.99           -0.03            0.05
inaccuracy:  0.75000        0.80000           77.30           -0.02            0.05
inaccuracy:  0.80000        0.85000           77.02           -0.03            0.05
inaccuracy:  0.85000        0.90000           77.92           -0.03            0.05
inaccuracy:  0.90000        0.95000           77.45           -0.03            0.05
inaccuracy:  0.95000        1.00000           77.11           -0.03            0.05
===================================================================================================================================
                BAR        
-----------------------------------------------------------------------------------------------------------------------------------
BAR-estimator:         λ             λ+δλ          ΔΔA             ΔA            C               Δδe            δe       
                          
-----------------------------------------------------------------------------------------------------------------------------------
BAR-estimator:      0.00000        0.05000        0.5829         0.5829         0.5829         0.0070         0.0070 
BAR-estimator:      0.05000        0.10000        0.3828         0.9658         0.3828         0.0062         0.0094 
BAR-estimator:      0.10000        0.15000        0.2624         1.2282         0.2624         0.0051         0.0106 
BAR-estimator:      0.15000        0.20000        0.1864         1.4146         0.1864         0.0038         0.0113 
BAR-estimator:      0.20000        0.25000        0.1268         1.5414         0.1268         0.0034         0.0118 
BAR-estimator:      0.25000        0.30000        0.0970         1.6384         0.0970         0.0031         0.0122 
BAR-estimator:      0.30000        0.35000        0.0742         1.7126         0.0742         0.0028         0.0125 
BAR-estimator:      0.35000        0.40000        0.0528         1.7654         0.0528         0.0024         0.0128 
BAR-estimator:      0.40000        0.45000        0.0418         1.8072         0.0418         0.0031         0.0131 
BAR-estimator:      0.45000        0.50000        0.0207         1.8279         0.0207         0.0031         0.0135 
BAR-estimator:      0.50000        0.55000       -0.0349         1.7930        -0.0349         0.0029         0.0138 
BAR-estimator:      0.55000        0.60000       -0.1258         1.6671        -0.1258         0.0026         0.0140 
BAR-estimator:      0.60000        0.65000       -0.1845         1.4826        -0.1845         0.0027         0.0143 
BAR-estimator:      0.65000        0.70000       -0.2381         1.2445        -0.2381         0.0025         0.0145 
BAR-estimator:      0.70000        0.75000       -0.2803         0.9642        -0.2803         0.0025         0.0147 
BAR-estimator:      0.75000        0.80000       -0.3151         0.6491        -0.3151         0.0026         0.0150 
BAR-estimator:      0.80000        0.85000       -0.3400         0.3091        -0.3400         0.0027         0.0152 
BAR-estimator:      0.85000        0.90000       -0.3687        -0.0596        -0.3687         0.0028         0.0155 
BAR-estimator:      0.90000        0.95000       -0.3872        -0.4468        -0.3872         0.0033         0.0158 
BAR-estimator:      0.95000        1.00000       -0.4045        -0.8513        -0.4045         0.0031         0.0161 
BAR-estimator: total free energy change is -0.8513075424514515 , total error is 0.016096433742620608
