#========================================================================================
#                     Free energy perturbation    
#----------------------------------------------------------------------------------------
#forward/backward          λ              ΔΔA                 ΔA                  δε   
#                                                 
#----------------------------------------------------------------------------------------
forward:               0.0000              0.0000              0.0000              0.0000  
forward:               0.0500              0.5804              0.5804              0.0080  
forward:               0.1000              0.3873              0.9677              0.0106  
forward:               0.1500              0.2543              1.2220              0.0128  
forward:               0.2000              0.1769              1.3989              0.0137  
forward:               0.2500              0.1262              1.5251              0.0143  
forward:               0.3000              0.0913              1.6164              0.0148  
forward:               0.3500              0.0685              1.6850              0.0153  
forward:               0.4000              0.0524              1.7374              0.0156  
forward:               0.4500              0.0274              1.7647              0.0159  
forward:               0.5000              0.0242              1.7889              0.0162  
forward:               0.5500             -0.0410              1.7478              0.0167  
forward:               0.6000             -0.1225              1.6253              0.0170  
forward:               0.6500             -0.1831              1.4422              0.0173  
forward:               0.7000             -0.2350              1.2072              0.0175  
forward:               0.7500             -0.2789              0.9283              0.0177  
forward:               0.8000             -0.3150              0.6133              0.0180  
forward:               0.8500             -0.3442              0.2690              0.0182  
forward:               0.9000             -0.3713             -0.1023              0.0184  
forward:               0.9500             -0.3833             -0.4855              0.0186  
forward:               1.0000             -0.4039             -0.8895              0.0188  
backward:              1.0000              0.0000             -0.8895              0.0000  
backward:              0.9500              0.4034             -0.4861              0.0033  
backward:              0.9000              0.3872             -0.0989              0.0050  
backward:              0.8500              0.3597              0.2608              0.0061  
backward:              0.8000              0.3362              0.5970              0.0070  
backward:              0.7500              0.3126              0.9096              0.0078  
backward:              0.7000              0.2762              1.1858              0.0086  
backward:              0.6500              0.2353              1.4211              0.0092  
backward:              0.6000              0.1791              1.6002              0.0099  
backward:              0.5500              0.1207              1.7209              0.0106  
backward:              0.5000              0.0354              1.7563              0.0114  
backward:              0.4500             -0.0252              1.7311              0.0122  
backward:              0.4000             -0.0288              1.7023              0.0127  
backward:              0.3500             -0.0565              1.6459              0.0133  
backward:              0.3000             -0.0677              1.5781              0.0139  
backward:              0.2500             -0.0932              1.4849              0.0149  
backward:              0.2000             -0.1275              1.3574              0.0162  
backward:              0.1500             -0.1852              1.1722              0.0173  
backward:              0.1000             -0.2598              0.9124              0.0207  
backward:              0.0500             -0.3778              0.5346              0.0228  
backward:              0.0000             -0.5744             -0.0398              0.0266  
Inaccuracy estimation
======================================================================================================
                   i        i+δi          P0_overlap_P1   δε(forward)/ε   δε(backward)/ε
======================================================================================================
inaccuracy:  0.00000        0.05000           59.36           -0.01            0.44
inaccuracy:  0.05000        0.10000           65.95           -0.01            0.34
inaccuracy:  0.10000        0.15000           70.40           -0.00            0.20
inaccuracy:  0.15000        0.20000           75.84           -0.00            0.16
inaccuracy:  0.20000        0.25000           76.29           -0.00            0.11
inaccuracy:  0.25000        0.30000           77.77           -0.00            0.09
inaccuracy:  0.30000        0.35000           79.24           -0.01            0.09
inaccuracy:  0.35000        0.40000           79.43           -0.01            0.08
inaccuracy:  0.40000        0.45000           80.55           -0.00            0.07
inaccuracy:  0.45000        0.50000           79.76           -0.01            0.07
inaccuracy:  0.50000        0.55000           76.45           -0.02            0.08
inaccuracy:  0.55000        0.60000           76.79           -0.02            0.07
inaccuracy:  0.60000        0.65000           77.42           -0.03            0.06
inaccuracy:  0.65000        0.70000           77.29           -0.02            0.05
inaccuracy:  0.70000        0.75000           77.95           -0.02            0.05
inaccuracy:  0.75000        0.80000           78.36           -0.02            0.05
inaccuracy:  0.80000        0.85000           78.77           -0.02            0.05
inaccuracy:  0.85000        0.90000           78.42           -0.02            0.05
inaccuracy:  0.90000        0.95000           76.52           -0.03            0.05
inaccuracy:  0.95000        1.00000           77.10           -0.03            0.05
===================================================================================================================================
                BAR        
-----------------------------------------------------------------------------------------------------------------------------------
BAR-estimator:         λ             λ+δλ          ΔΔA             ΔA            C               Δδe            δe       
                          
-----------------------------------------------------------------------------------------------------------------------------------
BAR-estimator:      0.00000        0.05000        0.5815         0.5815         0.5815         0.0051         0.0051 
BAR-estimator:      0.05000        0.10000        0.3863         0.9678         0.3863         0.0044         0.0067 
BAR-estimator:      0.10000        0.15000        0.2525         1.2203         0.2525         0.0047         0.0082 
BAR-estimator:      0.15000        0.20000        0.1828         1.4031         0.1828         0.0033         0.0088 
BAR-estimator:      0.20000        0.25000        0.1262         1.5294         0.1262         0.0029         0.0093 
BAR-estimator:      0.25000        0.30000        0.0920         1.6214         0.0920         0.0028         0.0097 
BAR-estimator:      0.30000        0.35000        0.0686         1.6900         0.0686         0.0025         0.0100 
BAR-estimator:      0.35000        0.40000        0.0537         1.7437         0.0537         0.0028         0.0104 
BAR-estimator:      0.40000        0.45000        0.0281         1.7718         0.0281         0.0020         0.0106 
BAR-estimator:      0.45000        0.50000        0.0239         1.7956         0.0239         0.0023         0.0109 
BAR-estimator:      0.50000        0.55000       -0.0382         1.7574        -0.0382         0.0027         0.0112 
BAR-estimator:      0.55000        0.60000       -0.1209         1.6365        -0.1209         0.0025         0.0114 
BAR-estimator:      0.60000        0.65000       -0.1819         1.4546        -0.1819         0.0022         0.0117 
BAR-estimator:      0.65000        0.70000       -0.2351         1.2195        -0.2351         0.0023         0.0119 
BAR-estimator:      0.70000        0.75000       -0.2778         0.9417        -0.2778         0.0024         0.0121 
BAR-estimator:      0.75000        0.80000       -0.3136         0.6280        -0.3136         0.0024         0.0124 
BAR-estimator:      0.80000        0.85000       -0.3409         0.2871        -0.3409         0.0025         0.0126 
BAR-estimator:      0.85000        0.90000       -0.3672        -0.0801        -0.3672         0.0017         0.0127 
BAR-estimator:      0.90000        0.95000       -0.3871        -0.4672        -0.3871         0.0022         0.0129 
BAR-estimator:      0.95000        1.00000       -0.4046        -0.8717        -0.4046         0.0024         0.0131 
BAR-estimator: total free energy change is -0.8717209997837045 , total error is 0.013124180290212341
