#========================================================================================
#                     Free energy perturbation    
#----------------------------------------------------------------------------------------
#forward/backward          λ              ΔΔA                 ΔA                  δε   
#                                                 
#----------------------------------------------------------------------------------------
forward:               0.0000              0.0000              0.0000              0.0000  
forward:               0.0500              1.0477              1.0477              0.0153  
forward:               0.1000              0.5842              1.6319              0.0185  
forward:               0.1500              0.3633              1.9952              0.0204  
forward:               0.2000              0.2301              2.2253              0.0214  
forward:               0.2500              0.1640              2.3893              0.0221  
forward:               0.3000              0.1005              2.4898              0.0226  
forward:               0.3500              0.0680              2.5578              0.0230  
forward:               0.4000              0.0448              2.6027              0.0233  
forward:               0.4500              0.0248              2.6274              0.0236  
forward:               0.5000             -0.0040              2.6234              0.0239  
forward:               0.5500             -0.0148              2.6085              0.0242  
forward:               0.6000             -0.0692              2.5393              0.0245  
forward:               0.6500             -0.0997              2.4396              0.0247  
forward:               0.7000             -0.1279              2.3117              0.0249  
forward:               0.7500             -0.1310              2.1807              0.0251  
forward:               0.8000             -0.1618              2.0190              0.0252  
forward:               0.8500             -0.1745              1.8445              0.0254  
forward:               0.9000             -0.1838              1.6607              0.0256  
forward:               0.9500             -0.1992              1.4614              0.0257  
forward:               1.0000             -0.2090              1.2524              0.0259  
backward:              1.0000              0.0000              1.2524              0.0000  
backward:              0.9500              0.2090              1.4615              0.0031  
backward:              0.9000              0.1961              1.6576              0.0054  
backward:              0.8500              0.1863              1.8439              0.0064  
backward:              0.8000              0.1734              2.0173              0.0073  
backward:              0.7500              0.1550              2.1723              0.0081  
backward:              0.7000              0.1381              2.3104              0.0088  
backward:              0.6500              0.1171              2.4275              0.0095  
backward:              0.6000              0.0852              2.5127              0.0103  
backward:              0.5500              0.0656              2.5783              0.0113  
backward:              0.5000              0.0197              2.5980              0.0120  
backward:              0.4500             -0.0055              2.5925              0.0128  
backward:              0.4000             -0.0201              2.5724              0.0135  
backward:              0.3500             -0.0422              2.5302              0.0144  
backward:              0.3000             -0.0736              2.4567              0.0153  
backward:              0.2500             -0.1069              2.3498              0.0164  
backward:              0.2000             -0.1656              2.1842              0.0182  
backward:              0.1500             -0.2298              1.9544              0.0195  
backward:              0.1000             -0.3562              1.5982              0.0218  
backward:              0.0500             -0.5836              1.0146              0.0248  
backward:              0.0000             -0.9897              0.0248              0.0306  
Inaccuracy estimation
======================================================================================================
                   i        i+δi          P0_overlap_P1   δε(forward)/ε   δε(backward)/ε
======================================================================================================
inaccuracy:  0.00000        0.05000           45.72           -0.03            1.20
inaccuracy:  0.05000        0.10000           59.67           -0.02            0.51
inaccuracy:  0.10000        0.15000           66.04           -0.01            0.30
inaccuracy:  0.15000        0.20000           71.40           -0.01            0.19
inaccuracy:  0.20000        0.25000           73.91           -0.00            0.15
inaccuracy:  0.25000        0.30000           76.62           -0.01            0.10
inaccuracy:  0.30000        0.35000           77.84           -0.01            0.09
inaccuracy:  0.35000        0.40000           78.01           -0.01            0.09
inaccuracy:  0.40000        0.45000           78.32           -0.01            0.08
inaccuracy:  0.45000        0.50000           80.39           -0.00            0.06
inaccuracy:  0.50000        0.55000           77.41           -0.01            0.08
inaccuracy:  0.55000        0.60000           79.25           -0.01            0.06
inaccuracy:  0.60000        0.65000           80.46           -0.01            0.05
inaccuracy:  0.65000        0.70000           81.40           -0.01            0.05
inaccuracy:  0.70000        0.75000           78.74           -0.01            0.05
inaccuracy:  0.75000        0.80000           80.47           -0.01            0.05
inaccuracy:  0.80000        0.85000           79.84           -0.02            0.05
inaccuracy:  0.85000        0.90000           79.04           -0.02            0.05
inaccuracy:  0.90000        0.95000           80.10           -0.02            0.05
inaccuracy:  0.95000        1.00000           79.46           -0.02            0.05
===================================================================================================================================
                BAR        
-----------------------------------------------------------------------------------------------------------------------------------
BAR-estimator:         λ             λ+δλ          ΔΔA             ΔA            C               Δδe            δe       
                          
-----------------------------------------------------------------------------------------------------------------------------------
BAR-estimator:      0.00000        0.05000        1.0307         1.0307         1.0307         0.0094         0.0094 
BAR-estimator:      0.05000        0.10000        0.5885         1.6192         0.5885         0.0069         0.0116 
BAR-estimator:      0.10000        0.15000        0.3620         1.9812         0.3620         0.0057         0.0130 
BAR-estimator:      0.15000        0.20000        0.2309         2.2121         0.2309         0.0043         0.0136 
BAR-estimator:      0.20000        0.25000        0.1621         2.3742         0.1621         0.0038         0.0142 
BAR-estimator:      0.25000        0.30000        0.1018         2.4760         0.1018         0.0031         0.0145 
BAR-estimator:      0.30000        0.35000        0.0699         2.5459         0.0699         0.0030         0.0148 
BAR-estimator:      0.35000        0.40000        0.0443         2.5902         0.0443         0.0027         0.0151 
BAR-estimator:      0.40000        0.45000        0.0232         2.6134         0.0232         0.0028         0.0153 
BAR-estimator:      0.45000        0.50000       -0.0007         2.6127        -0.0007         0.0026         0.0155 
BAR-estimator:      0.50000        0.55000       -0.0171         2.5956        -0.0171         0.0027         0.0158 
BAR-estimator:      0.55000        0.60000       -0.0676         2.5280        -0.0676         0.0025         0.0160 
BAR-estimator:      0.60000        0.65000       -0.0951         2.4329        -0.0951         0.0025         0.0162 
BAR-estimator:      0.65000        0.70000       -0.1223         2.3106        -0.1223         0.0027         0.0164 
BAR-estimator:      0.70000        0.75000       -0.1332         2.1774        -0.1332         0.0023         0.0165 
BAR-estimator:      0.75000        0.80000       -0.1590         2.0184        -0.1590         0.0023         0.0167 
BAR-estimator:      0.80000        0.85000       -0.1746         1.8437        -0.1746         0.0025         0.0169 
BAR-estimator:      0.85000        0.90000       -0.1849         1.6589        -0.1849         0.0024         0.0171 
BAR-estimator:      0.90000        0.95000       -0.1980         1.4609        -0.1980         0.0022         0.0172 
BAR-estimator:      0.95000        1.00000       -0.2104         1.2505        -0.2104         0.0025         0.0174 
BAR-estimator: total free energy change is 1.2504940743602546 , total error is 0.017384038614486473
