#========================================================================================
#                     Free energy perturbation    
#----------------------------------------------------------------------------------------
#forward/backward          λ              ΔΔA                 ΔA                  δε   
#                                                 
#----------------------------------------------------------------------------------------
forward:               0.0000              0.0000              0.0000              0.0000  
forward:               0.0500              1.0404              1.0404              0.0120  
forward:               0.1000              0.6122              1.6527              0.0147  
forward:               0.1500              0.3556              2.0083              0.0162  
forward:               0.2000              0.2461              2.2544              0.0174  
forward:               0.2500              0.1605              2.4149              0.0180  
forward:               0.3000              0.1102              2.5252              0.0185  
forward:               0.3500              0.0744              2.5995              0.0190  
forward:               0.4000              0.0410              2.6405              0.0194  
forward:               0.4500              0.0286              2.6691              0.0199  
forward:               0.5000              0.0025              2.6716              0.0202  
forward:               0.5500             -0.0195              2.6521              0.0204  
forward:               0.6000             -0.0681              2.5840              0.0207  
forward:               0.6500             -0.0919              2.4922              0.0209  
forward:               0.7000             -0.1138              2.3783              0.0212  
forward:               0.7500             -0.1404              2.2379              0.0213  
forward:               0.8000             -0.1629              2.0749              0.0216  
forward:               0.8500             -0.1680              1.9069              0.0218  
forward:               0.9000             -0.1906              1.7163              0.0220  
forward:               0.9500             -0.2039              1.5124              0.0221  
forward:               1.0000             -0.2129              1.2996              0.0222  
backward:              1.0000              0.0000              1.2996              0.0000  
backward:              0.9500              0.2110              1.5106              0.0031  
backward:              0.9000              0.1973              1.7079              0.0044  
backward:              0.8500              0.1889              1.8967              0.0054  
backward:              0.8000              0.1768              2.0735              0.0062  
backward:              0.7500              0.1613              2.2348              0.0071  
backward:              0.7000              0.1400              2.3748              0.0079  
backward:              0.6500              0.1132              2.4880              0.0086  
backward:              0.6000              0.0887              2.5767              0.0094  
backward:              0.5500              0.0627              2.6393              0.0101  
backward:              0.5000              0.0254              2.6647              0.0108  
backward:              0.4500             -0.0090              2.6557              0.0115  
backward:              0.4000             -0.0253              2.6304              0.0121  
backward:              0.3500             -0.0458              2.5846              0.0128  
backward:              0.3000             -0.0720              2.5126              0.0137  
backward:              0.2500             -0.1057              2.4069              0.0146  
backward:              0.2000             -0.1555              2.2513              0.0160  
backward:              0.1500             -0.2299              2.0214              0.0174  
backward:              0.1000             -0.3707              1.6507              0.0198  
backward:              0.0500             -0.5914              1.0593              0.0276  
backward:              0.0000             -1.0226              0.0366              0.0384  
Inaccuracy estimation
======================================================================================================
                   i        i+δi          P0_overlap_P1   δε(forward)/ε   δε(backward)/ε
======================================================================================================
inaccuracy:  0.00000        0.05000           46.36           -0.02            1.20
inaccuracy:  0.05000        0.10000           57.43           -0.01            0.56
inaccuracy:  0.10000        0.15000           67.74           -0.01            0.28
inaccuracy:  0.15000        0.20000           70.34           -0.01            0.20
inaccuracy:  0.20000        0.25000           73.71           -0.01            0.14
inaccuracy:  0.25000        0.30000           75.35           -0.01            0.11
inaccuracy:  0.30000        0.35000           77.40           -0.00            0.10
inaccuracy:  0.35000        0.40000           79.22           -0.00            0.08
inaccuracy:  0.40000        0.45000           78.80           -0.01            0.07
inaccuracy:  0.45000        0.50000           80.09           -0.01            0.07
inaccuracy:  0.50000        0.55000           77.44           -0.02            0.08
inaccuracy:  0.55000        0.60000           79.24           -0.01            0.06
inaccuracy:  0.60000        0.65000           78.92           -0.01            0.06
inaccuracy:  0.65000        0.70000           79.04           -0.01            0.05
inaccuracy:  0.70000        0.75000           79.60           -0.01            0.05
inaccuracy:  0.75000        0.80000           79.73           -0.01            0.05
inaccuracy:  0.80000        0.85000           78.88           -0.02            0.05
inaccuracy:  0.85000        0.90000           79.97           -0.02            0.05
inaccuracy:  0.90000        0.95000           80.80           -0.01            0.05
inaccuracy:  0.95000        1.00000           79.35           -0.01            0.05
===================================================================================================================================
                BAR        
-----------------------------------------------------------------------------------------------------------------------------------
BAR-estimator:         λ             λ+δλ          ΔΔA             ΔA            C               Δδe            δe       
                          
-----------------------------------------------------------------------------------------------------------------------------------
BAR-estimator:      0.00000        0.05000        1.0451         1.0451         1.0451         0.0072         0.0072 
BAR-estimator:      0.05000        0.10000        0.6073         1.6525         0.6073         0.0056         0.0091 
BAR-estimator:      0.10000        0.15000        0.3624         2.0148         0.3624         0.0046         0.0102 
BAR-estimator:      0.15000        0.20000        0.2429         2.2577         0.2429         0.0041         0.0110 
BAR-estimator:      0.20000        0.25000        0.1595         2.4172         0.1595         0.0035         0.0115 
BAR-estimator:      0.25000        0.30000        0.1070         2.5242         0.1070         0.0029         0.0119 
BAR-estimator:      0.30000        0.35000        0.0734         2.5976         0.0734         0.0029         0.0122 
BAR-estimator:      0.35000        0.40000        0.0432         2.6408         0.0432         0.0026         0.0125 
BAR-estimator:      0.40000        0.45000        0.0275         2.6683         0.0275         0.0030         0.0129 
BAR-estimator:      0.45000        0.50000        0.0048         2.6731         0.0048         0.0023         0.0131 
BAR-estimator:      0.50000        0.55000       -0.0214         2.6518        -0.0214         0.0024         0.0133 
BAR-estimator:      0.55000        0.60000       -0.0666         2.5852        -0.0666         0.0023         0.0135 
BAR-estimator:      0.60000        0.65000       -0.0916         2.4935        -0.0916         0.0022         0.0137 
BAR-estimator:      0.65000        0.70000       -0.1145         2.3790        -0.1145         0.0025         0.0139 
BAR-estimator:      0.70000        0.75000       -0.1410         2.2380        -0.1410         0.0021         0.0140 
BAR-estimator:      0.75000        0.80000       -0.1625         2.0755        -0.1625         0.0025         0.0143 
BAR-estimator:      0.80000        0.85000       -0.1708         1.9047        -0.1708         0.0023         0.0144 
BAR-estimator:      0.85000        0.90000       -0.1897         1.7150        -0.1897         0.0023         0.0146 
BAR-estimator:      0.90000        0.95000       -0.2004         1.5146        -0.2004         0.0022         0.0148 
BAR-estimator:      0.95000        1.00000       -0.2127         1.3019        -0.2127         0.0018         0.0149 
BAR-estimator: total free energy change is 1.3018503306130496 , total error is 0.014898244201214078
