#========================================================================================
#                     Free energy perturbation    
#----------------------------------------------------------------------------------------
#forward/backward          λ              ΔΔA                 ΔA                  δε   
#                                                 
#----------------------------------------------------------------------------------------
forward:               0.0000              0.0000              0.0000              0.0000  
forward:               0.0500              0.6955              0.6955              0.0148  
forward:               0.1000              0.4256              1.1211              0.0176  
forward:               0.1500              0.2766              1.3977              0.0193  
forward:               0.2000              0.1975              1.5952              0.0201  
forward:               0.2500              0.1515              1.7467              0.0207  
forward:               0.3000              0.1041              1.8508              0.0212  
forward:               0.3500              0.0838              1.9346              0.0216  
forward:               0.4000              0.0577              1.9923              0.0219  
forward:               0.4500              0.0500              2.0423              0.0222  
forward:               0.5000              0.0268              2.0691              0.0225  
forward:               0.5500             -0.0445              2.0246              0.0228  
forward:               0.6000             -0.1292              1.8954              0.0231  
forward:               0.6500             -0.1818              1.7135              0.0234  
forward:               0.7000             -0.2293              1.4843              0.0236  
forward:               0.7500             -0.2563              1.2280              0.0238  
forward:               0.8000             -0.2831              0.9449              0.0240  
forward:               0.8500             -0.2982              0.6467              0.0242  
forward:               0.9000             -0.3090              0.3378              0.0244  
forward:               0.9500             -0.3232              0.0146              0.0245  
forward:               1.0000             -0.3327             -0.3180              0.0247  
backward:              1.0000              0.0000             -0.3180              0.0000  
backward:              0.9500              0.3301              0.0121              0.0032  
backward:              0.9000              0.3245              0.3366              0.0044  
backward:              0.8500              0.3095              0.6461              0.0059  
backward:              0.8000              0.2988              0.9449              0.0066  
backward:              0.7500              0.2769              1.2219              0.0075  
backward:              0.7000              0.2487              1.4706              0.0084  
backward:              0.6500              0.2249              1.6955              0.0091  
backward:              0.6000              0.1861              1.8816              0.0098  
backward:              0.5500              0.1260              2.0076              0.0106  
backward:              0.5000              0.0431              2.0507              0.0119  
backward:              0.4500             -0.0222              2.0285              0.0125  
backward:              0.4000             -0.0452              1.9833              0.0131  
backward:              0.3500             -0.0521              1.9312              0.0137  
backward:              0.3000             -0.0914              1.8398              0.0145  
backward:              0.2500             -0.1031              1.7367              0.0155  
backward:              0.2000             -0.1492              1.5875              0.0163  
backward:              0.1500             -0.1833              1.4042              0.0177  
backward:              0.1000             -0.2850              1.1192              0.0198  
backward:              0.0500             -0.4003              0.7189              0.0225  
backward:              0.0000             -0.6788              0.0401              0.0279  
Inaccuracy estimation
======================================================================================================
                   i        i+δi          P0_overlap_P1   δε(forward)/ε   δε(backward)/ε
======================================================================================================
inaccuracy:  0.00000        0.05000           55.35           -0.00            0.72
inaccuracy:  0.05000        0.10000           64.28           -0.01            0.36
inaccuracy:  0.10000        0.15000           71.64           -0.00            0.22
inaccuracy:  0.15000        0.20000           73.05           -0.01            0.15
inaccuracy:  0.20000        0.25000           77.23           -0.00            0.11
inaccuracy:  0.25000        0.30000           78.54           -0.00            0.09
inaccuracy:  0.30000        0.35000           80.13           -0.00            0.08
inaccuracy:  0.35000        0.40000           79.73           -0.00            0.07
inaccuracy:  0.40000        0.45000           79.87           -0.00            0.07
inaccuracy:  0.45000        0.50000           80.91           -0.01            0.06
inaccuracy:  0.50000        0.55000           75.79           -0.02            0.08
inaccuracy:  0.55000        0.60000           77.88           -0.02            0.06
inaccuracy:  0.60000        0.65000           78.25           -0.02            0.06
inaccuracy:  0.65000        0.70000           79.15           -0.02            0.05
inaccuracy:  0.70000        0.75000           79.97           -0.02            0.04
inaccuracy:  0.75000        0.80000           79.29           -0.02            0.05
inaccuracy:  0.80000        0.85000           78.60           -0.03            0.05
inaccuracy:  0.85000        0.90000           78.46           -0.02            0.05
inaccuracy:  0.90000        0.95000           78.55           -0.02            0.05
inaccuracy:  0.95000        1.00000           78.48           -0.03            0.05
===================================================================================================================================
                BAR        
-----------------------------------------------------------------------------------------------------------------------------------
BAR-estimator:         λ             λ+δλ          ΔΔA             ΔA            C               Δδe            δe       
                          
-----------------------------------------------------------------------------------------------------------------------------------
BAR-estimator:      0.00000        0.05000        0.7030         0.7030         0.7030         0.0093         0.0093 
BAR-estimator:      0.05000        0.10000        0.4211         1.1241         0.4211         0.0063         0.0112 
BAR-estimator:      0.10000        0.15000        0.2815         1.4056         0.2815         0.0051         0.0123 
BAR-estimator:      0.15000        0.20000        0.1909         1.5965         0.1909         0.0038         0.0129 
BAR-estimator:      0.20000        0.25000        0.1521         1.7486         0.1521         0.0015         0.0130 
BAR-estimator:      0.25000        0.30000        0.1043         1.8529         0.1043         0.0032         0.0134 
BAR-estimator:      0.30000        0.35000        0.0863         1.9392         0.0863         0.0028         0.0137 
BAR-estimator:      0.35000        0.40000        0.0551         1.9943         0.0551         0.0025         0.0139 
BAR-estimator:      0.40000        0.45000        0.0488         2.0431         0.0488         0.0024         0.0141 
BAR-estimator:      0.45000        0.50000        0.0262         2.0693         0.0262         0.0026         0.0144 
BAR-estimator:      0.50000        0.55000       -0.0450         2.0242        -0.0450         0.0028         0.0146 
BAR-estimator:      0.55000        0.60000       -0.1286         1.8956        -0.1286         0.0034         0.0150 
BAR-estimator:      0.60000        0.65000       -0.1830         1.7127        -0.1830         0.0026         0.0153 
BAR-estimator:      0.65000        0.70000       -0.2274         1.4853        -0.2274         0.0025         0.0155 
BAR-estimator:      0.70000        0.75000       -0.2531         1.2322        -0.2531         0.0027         0.0157 
BAR-estimator:      0.75000        0.80000       -0.2810         0.9512        -0.2810         0.0025         0.0159 
BAR-estimator:      0.80000        0.85000       -0.2991         0.6521        -0.2991         0.0023         0.0161 
BAR-estimator:      0.85000        0.90000       -0.3094         0.3427        -0.3094         0.0025         0.0163 
BAR-estimator:      0.90000        0.95000       -0.3232         0.0195        -0.3232         0.0024         0.0164 
BAR-estimator:      0.95000        1.00000       -0.3318        -0.3123        -0.3318         0.0025         0.0166 
BAR-estimator: total free energy change is -0.3123456347207838 , total error is 0.016624949566279246
