#========================================================================================
#                     Free energy perturbation    
#----------------------------------------------------------------------------------------
#forward/backward          λ              ΔΔA                 ΔA                  δε   
#                                                 
#----------------------------------------------------------------------------------------
forward:               0.0000              0.0000              0.0000              0.0000  
forward:               0.0500              0.7110              0.7110              0.0091  
forward:               0.1000              0.4402              1.1511              0.0114  
forward:               0.1500              0.2927              1.4439              0.0126  
forward:               0.2000              0.2022              1.6461              0.0134  
forward:               0.2500              0.1497              1.7958              0.0146  
forward:               0.3000              0.1011              1.8969              0.0152  
forward:               0.3500              0.0842              1.9811              0.0156  
forward:               0.4000              0.0667              2.0478              0.0160  
forward:               0.4500              0.0435              2.0912              0.0164  
forward:               0.5000              0.0278              2.1190              0.0166  
forward:               0.5500             -0.0414              2.0776              0.0170  
forward:               0.6000             -0.1263              1.9514              0.0173  
forward:               0.6500             -0.1879              1.7635              0.0175  
forward:               0.7000             -0.2331              1.5304              0.0177  
forward:               0.7500             -0.2598              1.2706              0.0179  
forward:               0.8000             -0.2807              0.9899              0.0182  
forward:               0.8500             -0.3069              0.6830              0.0184  
forward:               0.9000             -0.3209              0.3621              0.0185  
forward:               0.9500             -0.3287              0.0334              0.0187  
forward:               1.0000             -0.3405             -0.3071              0.0189  
backward:              1.0000              0.0000             -0.3071              0.0000  
backward:              0.9500              0.3421              0.0350              0.0032  
backward:              0.9000              0.3264              0.3615              0.0049  
backward:              0.8500              0.3194              0.6809              0.0060  
backward:              0.8000              0.3076              0.9885              0.0067  
backward:              0.7500              0.2851              1.2736              0.0074  
backward:              0.7000              0.2701              1.5437              0.0082  
backward:              0.6500              0.2274              1.7712              0.0093  
backward:              0.6000              0.1813              1.9525              0.0100  
backward:              0.5500              0.1217              2.0742              0.0107  
backward:              0.5000              0.0446              2.1187              0.0117  
backward:              0.4500             -0.0338              2.0850              0.0123  
backward:              0.4000             -0.0515              2.0334              0.0129  
backward:              0.3500             -0.0659              1.9675              0.0135  
backward:              0.3000             -0.0813              1.8862              0.0141  
backward:              0.2500             -0.1084              1.7778              0.0148  
backward:              0.2000             -0.1462              1.6316              0.0161  
backward:              0.1500             -0.2092              1.4223              0.0172  
backward:              0.1000             -0.3054              1.1170              0.0188  
backward:              0.0500             -0.4322              0.6847              0.0216  
backward:              0.0000             -0.7306             -0.0459              0.0278  
Inaccuracy estimation
======================================================================================================
                   i        i+δi          P0_overlap_P1   δε(forward)/ε   δε(backward)/ε
======================================================================================================
inaccuracy:  0.00000        0.05000           56.39           -0.01            0.68
inaccuracy:  0.05000        0.10000           63.67           -0.00            0.35
inaccuracy:  0.10000        0.15000           71.28           -0.00            0.21
inaccuracy:  0.15000        0.20000           74.99           -0.00            0.14
inaccuracy:  0.20000        0.25000           76.42           -0.00            0.12
inaccuracy:  0.25000        0.30000           79.88           -0.00            0.10
inaccuracy:  0.30000        0.35000           79.53           -0.00            0.08
inaccuracy:  0.35000        0.40000           79.97           -0.00            0.08
inaccuracy:  0.40000        0.45000           81.59           -0.00            0.06
inaccuracy:  0.45000        0.50000           81.97           -0.00            0.06
inaccuracy:  0.50000        0.55000           75.51           -0.02            0.09
inaccuracy:  0.55000        0.60000           77.84           -0.02            0.06
inaccuracy:  0.60000        0.65000           78.80           -0.02            0.05
inaccuracy:  0.65000        0.70000           79.64           -0.02            0.05
inaccuracy:  0.70000        0.75000           77.78           -0.02            0.05
inaccuracy:  0.75000        0.80000           78.22           -0.02            0.05
inaccuracy:  0.80000        0.85000           78.55           -0.03            0.05
inaccuracy:  0.85000        0.90000           79.00           -0.02            0.05
inaccuracy:  0.90000        0.95000           77.81           -0.02            0.04
inaccuracy:  0.95000        1.00000           77.88           -0.02            0.05
===================================================================================================================================
                BAR        
-----------------------------------------------------------------------------------------------------------------------------------
BAR-estimator:         λ             λ+δλ          ΔΔA             ΔA            C               Δδe            δe       
                          
-----------------------------------------------------------------------------------------------------------------------------------
BAR-estimator:      0.00000        0.05000        0.7175         0.7175         0.7175         0.0058         0.0058 
BAR-estimator:      0.05000        0.10000        0.4313         1.1488         0.4313         0.0047         0.0075 
BAR-estimator:      0.10000        0.15000        0.2954         1.4442         0.2954         0.0037         0.0083 
BAR-estimator:      0.15000        0.20000        0.2051         1.6493         0.2051         0.0031         0.0089 
BAR-estimator:      0.20000        0.25000        0.1469         1.7963         0.1469         0.0038         0.0097 
BAR-estimator:      0.25000        0.30000        0.1056         1.9019         0.1056         0.0027         0.0100 
BAR-estimator:      0.30000        0.35000        0.0835         1.9854         0.0835         0.0026         0.0104 
BAR-estimator:      0.35000        0.40000        0.0668         2.0522         0.0668         0.0023         0.0106 
BAR-estimator:      0.40000        0.45000        0.0468         2.0990         0.0468         0.0023         0.0109 
BAR-estimator:      0.45000        0.50000        0.0302         2.1292         0.0302         0.0021         0.0111 
BAR-estimator:      0.50000        0.55000       -0.0425         2.0867        -0.0425         0.0030         0.0115 
BAR-estimator:      0.55000        0.60000       -0.1259         1.9608        -0.1259         0.0022         0.0117 
BAR-estimator:      0.60000        0.65000       -0.1861         1.7747        -0.1861         0.0023         0.0119 
BAR-estimator:      0.65000        0.70000       -0.2315         1.5432        -0.2315         0.0020         0.0121 
BAR-estimator:      0.70000        0.75000       -0.2640         1.2792        -0.2640         0.0023         0.0123 
BAR-estimator:      0.75000        0.80000       -0.2830         0.9962        -0.2830         0.0021         0.0125 
BAR-estimator:      0.80000        0.85000       -0.3073         0.6889        -0.3073         0.0023         0.0127 
BAR-estimator:      0.85000        0.90000       -0.3194         0.3695        -0.3194         0.0023         0.0129 
BAR-estimator:      0.90000        0.95000       -0.3290         0.0405        -0.3290         0.0022         0.0131 
BAR-estimator:      0.95000        1.00000       -0.3409        -0.3004        -0.3409         0.0023         0.0133 
BAR-estimator: total free energy change is -0.30038193914353906 , total error is 0.013265467762810457
