#========================================================================================
#                     Free energy perturbation    
#----------------------------------------------------------------------------------------
#forward/backward          λ              ΔΔA                 ΔA                  δε   
#                                                 
#----------------------------------------------------------------------------------------
forward:               0.0000              0.0000              0.0000              0.0000  
forward:               0.0500              0.6105              0.6105              0.0112  
forward:               0.1000              0.4018              1.0122              0.0155  
forward:               0.1500              0.2795              1.2918              0.0173  
forward:               0.2000              0.2018              1.4935              0.0181  
forward:               0.2500              0.1563              1.6498              0.0189  
forward:               0.3000              0.1240              1.7739              0.0194  
forward:               0.3500              0.0999              1.8738              0.0199  
forward:               0.4000              0.0694              1.9432              0.0203  
forward:               0.4500              0.0722              2.0154              0.0208  
forward:               0.5000              0.0492              2.0646              0.0211  
forward:               0.5500             -0.0088              2.0558              0.0216  
forward:               0.6000             -0.0960              1.9598              0.0219  
forward:               0.6500             -0.1608              1.7989              0.0222  
forward:               0.7000             -0.2146              1.5843              0.0224  
forward:               0.7500             -0.2460              1.3383              0.0227  
forward:               0.8000             -0.2771              1.0611              0.0229  
forward:               0.8500             -0.3006              0.7606              0.0231  
forward:               0.9000             -0.3175              0.4431              0.0234  
forward:               0.9500             -0.3333              0.1098              0.0236  
forward:               1.0000             -0.3481             -0.2384              0.0237  
backward:              1.0000              0.0000             -0.2384              0.0000  
backward:              0.9500              0.3478              0.1094              0.0036  
backward:              0.9000              0.3279              0.4373              0.0055  
backward:              0.8500              0.3164              0.7537              0.0069  
backward:              0.8000              0.3021              1.0558              0.0080  
backward:              0.7500              0.2828              1.3387              0.0088  
backward:              0.7000              0.2478              1.5865              0.0096  
backward:              0.6500              0.2111              1.7976              0.0106  
backward:              0.6000              0.1506              1.9482              0.0115  
backward:              0.5500              0.1012              2.0494              0.0126  
backward:              0.5000              0.0086              2.0580              0.0134  
backward:              0.4500             -0.0498              2.0083              0.0142  
backward:              0.4000             -0.0740              1.9343              0.0149  
backward:              0.3500             -0.0800              1.8543              0.0161  
backward:              0.3000             -0.0993              1.7549              0.0168  
backward:              0.2500             -0.1084              1.6465              0.0176  
backward:              0.2000             -0.1587              1.4878              0.0187  
backward:              0.1500             -0.1974              1.2905              0.0199  
backward:              0.1000             -0.2765              1.0140              0.0217  
backward:              0.0500             -0.3862              0.6278              0.0241  
backward:              0.0000             -0.6012              0.0266              0.0281  
Inaccuracy estimation
======================================================================================================
                   i        i+δi          P0_overlap_P1   δε(forward)/ε   δε(backward)/ε
======================================================================================================
inaccuracy:  0.00000        0.05000           58.69           -0.02            0.43
inaccuracy:  0.05000        0.10000           65.27           -0.00            0.33
inaccuracy:  0.10000        0.15000           71.12           -0.01            0.22
inaccuracy:  0.15000        0.20000           73.48           -0.01            0.15
inaccuracy:  0.20000        0.25000           76.35           -0.01            0.12
inaccuracy:  0.25000        0.30000           75.49           -0.00            0.11
inaccuracy:  0.30000        0.35000           78.36           -0.00            0.09
inaccuracy:  0.35000        0.40000           80.26           -0.01            0.08
inaccuracy:  0.40000        0.45000           79.24           -0.00            0.08
inaccuracy:  0.45000        0.50000           79.42           -0.00            0.08
inaccuracy:  0.50000        0.55000           74.99           -0.03            0.09
inaccuracy:  0.55000        0.60000           74.96           -0.02            0.07
inaccuracy:  0.60000        0.65000           76.90           -0.03            0.06
inaccuracy:  0.65000        0.70000           77.52           -0.03            0.06
inaccuracy:  0.70000        0.75000           77.16           -0.03            0.06
inaccuracy:  0.75000        0.80000           77.16           -0.03            0.06
inaccuracy:  0.80000        0.85000           77.27           -0.03            0.06
inaccuracy:  0.85000        0.90000           76.61           -0.03            0.06
inaccuracy:  0.90000        0.95000           77.28           -0.03            0.06
inaccuracy:  0.95000        1.00000           76.08           -0.03            0.06
===================================================================================================================================
                BAR        
-----------------------------------------------------------------------------------------------------------------------------------
BAR-estimator:         λ             λ+δλ          ΔΔA             ΔA            C               Δδe            δe       
                          
-----------------------------------------------------------------------------------------------------------------------------------
BAR-estimator:      0.00000        0.05000        0.5992         0.5992         0.5992         0.0082         0.0082 
BAR-estimator:      0.05000        0.10000        0.3999         0.9992         0.3999         0.0069         0.0107 
BAR-estimator:      0.10000        0.15000        0.2823         1.2815         0.2823         0.0051         0.0119 
BAR-estimator:      0.15000        0.20000        0.1990         1.4805         0.1990         0.0045         0.0127 
BAR-estimator:      0.20000        0.25000        0.1585         1.6390         0.1585         0.0036         0.0132 
BAR-estimator:      0.25000        0.30000        0.1182         1.7572         0.1182         0.0031         0.0136 
BAR-estimator:      0.30000        0.35000        0.1000         1.8572         0.1000         0.0029         0.0139 
BAR-estimator:      0.35000        0.40000        0.0728         1.9301         0.0728         0.0029         0.0142 
BAR-estimator:      0.40000        0.45000        0.0723         2.0023         0.0723         0.0031         0.0145 
BAR-estimator:      0.45000        0.50000        0.0492         2.0515         0.0492         0.0027         0.0148 
BAR-estimator:      0.50000        0.55000       -0.0085         2.0430        -0.0085         0.0031         0.0151 
BAR-estimator:      0.55000        0.60000       -0.0983         1.9447        -0.0983         0.0028         0.0153 
BAR-estimator:      0.60000        0.65000       -0.1581         1.7866        -0.1581         0.0032         0.0157 
BAR-estimator:      0.65000        0.70000       -0.2130         1.5736        -0.2130         0.0027         0.0159 
BAR-estimator:      0.70000        0.75000       -0.2467         1.3269        -0.2467         0.0027         0.0161 
BAR-estimator:      0.75000        0.80000       -0.2774         1.0495        -0.2774         0.0027         0.0163 
BAR-estimator:      0.80000        0.85000       -0.3004         0.7491        -0.3004         0.0024         0.0165 
BAR-estimator:      0.85000        0.90000       -0.3185         0.4306        -0.3185         0.0028         0.0168 
BAR-estimator:      0.90000        0.95000       -0.3317         0.0988        -0.3317         0.0028         0.0170 
BAR-estimator:      0.95000        1.00000       -0.3483        -0.2495        -0.3483         0.0027         0.0172 
BAR-estimator: total free energy change is -0.2495014429225505 , total error is 0.017200573857861834
