#========================================================================================
#                     Free energy perturbation    
#----------------------------------------------------------------------------------------
#forward/backward          λ              ΔΔA                 ΔA                  δε   
#                                                 
#----------------------------------------------------------------------------------------
forward:               0.0000              0.0000              0.0000              0.0000  
forward:               0.0500              0.6019              0.6019              0.0084  
forward:               0.1000              0.4046              1.0065              0.0101  
forward:               0.1500              0.2871              1.2936              0.0116  
forward:               0.2000              0.2038              1.4974              0.0127  
forward:               0.2500              0.1492              1.6465              0.0133  
forward:               0.3000              0.1231              1.7697              0.0139  
forward:               0.3500              0.0926              1.8623              0.0144  
forward:               0.4000              0.0822              1.9445              0.0148  
forward:               0.4500              0.0691              2.0136              0.0152  
forward:               0.5000              0.0545              2.0681              0.0155  
forward:               0.5500             -0.0029              2.0652              0.0159  
forward:               0.6000             -0.1000              1.9652              0.0163  
forward:               0.6500             -0.1598              1.8054              0.0166  
forward:               0.7000             -0.2060              1.5994              0.0170  
forward:               0.7500             -0.2490              1.3504              0.0172  
forward:               0.8000             -0.2782              1.0722              0.0175  
forward:               0.8500             -0.3016              0.7705              0.0178  
forward:               0.9000             -0.3234              0.4471              0.0180  
forward:               0.9500             -0.3263              0.1208              0.0182  
forward:               1.0000             -0.3371             -0.2162              0.0185  
backward:              1.0000              0.0000             -0.2162              0.0000  
backward:              0.9500              0.3353              0.1191              0.0039  
backward:              0.9000              0.3325              0.4516              0.0053  
backward:              0.8500              0.3156              0.7672              0.0065  
backward:              0.8000              0.2944              1.0617              0.0075  
backward:              0.7500              0.2764              1.3380              0.0084  
backward:              0.7000              0.2459              1.5839              0.0089  
backward:              0.6500              0.2068              1.7907              0.0096  
backward:              0.6000              0.1599              1.9506              0.0099  
backward:              0.5500              0.0925              2.0431              0.0107  
backward:              0.5000              0.0186              2.0617              0.0116  
backward:              0.4500             -0.0513              2.0104              0.0123  
backward:              0.4000             -0.0635              1.9469              0.0129  
backward:              0.3500             -0.0817              1.8652              0.0135  
backward:              0.3000             -0.0944              1.7708              0.0142  
backward:              0.2500             -0.1195              1.6513              0.0149  
backward:              0.2000             -0.1501              1.5011              0.0158  
backward:              0.1500             -0.2159              1.2852              0.0171  
backward:              0.1000             -0.2786              1.0066              0.0190  
backward:              0.0500             -0.3974              0.6092              0.0215  
backward:              0.0000             -0.5971              0.0122              0.0262  
Inaccuracy estimation
======================================================================================================
                   i        i+δi          P0_overlap_P1   δε(forward)/ε   δε(backward)/ε
======================================================================================================
inaccuracy:  0.00000        0.05000           58.76           -0.01            0.44
inaccuracy:  0.05000        0.10000           65.92           -0.00            0.33
inaccuracy:  0.10000        0.15000           69.75           -0.01            0.21
inaccuracy:  0.15000        0.20000           74.55           -0.00            0.16
inaccuracy:  0.20000        0.25000           76.48           -0.00            0.12
inaccuracy:  0.25000        0.30000           77.43           -0.01            0.11
inaccuracy:  0.30000        0.35000           78.75           -0.01            0.10
inaccuracy:  0.35000        0.40000           79.14           -0.00            0.09
inaccuracy:  0.40000        0.45000           78.72           -0.01            0.08
inaccuracy:  0.45000        0.50000           78.99           -0.01            0.07
inaccuracy:  0.50000        0.55000           74.07           -0.02            0.10
inaccuracy:  0.55000        0.60000           76.79           -0.02            0.08
inaccuracy:  0.60000        0.65000           76.45           -0.03            0.07
inaccuracy:  0.65000        0.70000           76.71           -0.02            0.06
inaccuracy:  0.70000        0.75000           77.82           -0.02            0.06
inaccuracy:  0.75000        0.80000           77.44           -0.03            0.06
inaccuracy:  0.80000        0.85000           77.10           -0.03            0.05
inaccuracy:  0.85000        0.90000           77.74           -0.03            0.06
inaccuracy:  0.90000        0.95000           76.28           -0.03            0.06
inaccuracy:  0.95000        1.00000           76.54           -0.03            0.06
===================================================================================================================================
                BAR        
-----------------------------------------------------------------------------------------------------------------------------------
BAR-estimator:         λ             λ+δλ          ΔΔA             ΔA            C               Δδe            δe       
                          
-----------------------------------------------------------------------------------------------------------------------------------
BAR-estimator:      0.00000        0.05000        0.5964         0.5964         0.5964         0.0056         0.0056 
BAR-estimator:      0.05000        0.10000        0.4069         1.0033         0.4069         0.0045         0.0072 
BAR-estimator:      0.10000        0.15000        0.2823         1.2857         0.2823         0.0039         0.0082 
BAR-estimator:      0.15000        0.20000        0.2082         1.4939         0.2082         0.0036         0.0089 
BAR-estimator:      0.20000        0.25000        0.1505         1.6444         0.1505         0.0027         0.0093 
BAR-estimator:      0.25000        0.30000        0.1233         1.7677         0.1233         0.0027         0.0097 
BAR-estimator:      0.30000        0.35000        0.0952         1.8630         0.0952         0.0027         0.0101 
BAR-estimator:      0.35000        0.40000        0.0831         1.9460         0.0831         0.0025         0.0104 
BAR-estimator:      0.40000        0.45000        0.0668         2.0128         0.0668         0.0024         0.0106 
BAR-estimator:      0.45000        0.50000        0.0526         2.0654         0.0526         0.0022         0.0109 
BAR-estimator:      0.50000        0.55000       -0.0082         2.0572        -0.0082         0.0026         0.0112 
BAR-estimator:      0.55000        0.60000       -0.0966         1.9607        -0.0966         0.0028         0.0115 
BAR-estimator:      0.60000        0.65000       -0.1602         1.8004        -0.1602         0.0024         0.0117 
BAR-estimator:      0.65000        0.70000       -0.2065         1.5939        -0.2065         0.0025         0.0120 
BAR-estimator:      0.70000        0.75000       -0.2473         1.3467        -0.2473         0.0024         0.0122 
BAR-estimator:      0.75000        0.80000       -0.2769         1.0698        -0.2769         0.0024         0.0125 
BAR-estimator:      0.80000        0.85000       -0.3002         0.7696        -0.3002         0.0024         0.0127 
BAR-estimator:      0.85000        0.90000       -0.3185         0.4511        -0.3185         0.0026         0.0130 
BAR-estimator:      0.90000        0.95000       -0.3283         0.1227        -0.3283         0.0024         0.0132 
BAR-estimator:      0.95000        1.00000       -0.3359        -0.2131        -0.3359         0.0026         0.0134 
BAR-estimator: total free energy change is -0.21311518446874478 , total error is 0.013446807894377131
