#========================================================================================
#                     Free energy perturbation    
#----------------------------------------------------------------------------------------
#forward/backward          λ              ΔΔA                 ΔA                  δε   
#                                                 
#----------------------------------------------------------------------------------------
forward:               0.0000              0.0000              0.0000              0.0000  
forward:               0.0500              0.4853              0.4853              0.0097  
forward:               0.1000              0.3267              0.8120              0.0123  
forward:               0.1500              0.2481              1.0601              0.0138  
forward:               0.2000              0.1928              1.2529              0.0149  
forward:               0.2500              0.1471              1.4000              0.0158  
forward:               0.3000              0.1194              1.5194              0.0164  
forward:               0.3500              0.0964              1.6159              0.0170  
forward:               0.4000              0.0781              1.6940              0.0176  
forward:               0.4500              0.0683              1.7622              0.0181  
forward:               0.5000              0.0504              1.8126              0.0185  
forward:               0.5500             -0.0453              1.7673              0.0190  
forward:               0.6000             -0.2060              1.5613              0.0196  
forward:               0.6500             -0.3256              1.2358              0.0201  
forward:               0.7000             -0.4535              0.7822              0.0208  
forward:               0.7500             -0.5437              0.2385              0.0212  
forward:               0.8000             -0.6080             -0.3695              0.0217  
forward:               0.8500             -0.6366             -1.0061              0.0219  
forward:               0.9000             -0.6683             -1.6744              0.0223  
forward:               0.9500             -0.6670             -2.3415              0.0226  
forward:               1.0000             -0.6862             -3.0276              0.0231  
backward:              1.0000              0.0000             -3.0276              0.0000  
backward:              0.9500              0.6895             -2.3381              0.0048  
backward:              0.9000              0.6757             -1.6624              0.0067  
backward:              0.8500              0.6643             -0.9982              0.0083  
backward:              0.8000              0.6321             -0.3661              0.0095  
backward:              0.7500              0.6081              0.2420              0.0106  
backward:              0.7000              0.5350              0.7770              0.0120  
backward:              0.6500              0.4573              1.2343              0.0130  
backward:              0.6000              0.3356              1.5699              0.0141  
backward:              0.5500              0.2024              1.7723              0.0150  
backward:              0.5000              0.0368              1.8091              0.0158  
backward:              0.4500             -0.0496              1.7594              0.0163  
backward:              0.4000             -0.0681              1.6913              0.0168  
backward:              0.3500             -0.0672              1.6241              0.0174  
backward:              0.3000             -0.0934              1.5307              0.0179  
backward:              0.2500             -0.1040              1.4266              0.0185  
backward:              0.2000             -0.1507              1.2760              0.0195  
backward:              0.1500             -0.1824              1.0936              0.0207  
backward:              0.1000             -0.2422              0.8514              0.0221  
backward:              0.0500             -0.3337              0.5177              0.0240  
backward:              0.0000             -0.5242             -0.0065              0.0280  
Inaccuracy estimation
======================================================================================================
                   i        i+δi          P0_overlap_P1   δε(forward)/ε   δε(backward)/ε
======================================================================================================
inaccuracy:  0.00000        0.05000           65.10           -0.01            0.36
inaccuracy:  0.05000        0.10000           70.13           -0.00            0.26
inaccuracy:  0.10000        0.15000           72.29           -0.01            0.18
inaccuracy:  0.15000        0.20000           73.88           -0.00            0.14
inaccuracy:  0.20000        0.25000           77.34           -0.00            0.11
inaccuracy:  0.25000        0.30000           77.41           -0.00            0.11
inaccuracy:  0.30000        0.35000           78.62           -0.00            0.09
inaccuracy:  0.35000        0.40000           78.38           -0.01            0.09
inaccuracy:  0.40000        0.45000           80.09           -0.00            0.08
inaccuracy:  0.45000        0.50000           80.89           -0.01            0.07
inaccuracy:  0.50000        0.55000           73.04           -0.04            0.09
inaccuracy:  0.55000        0.60000           72.93           -0.05            0.07
inaccuracy:  0.60000        0.65000           72.06           -0.06            0.06
inaccuracy:  0.65000        0.70000           72.44           -0.05            0.05
inaccuracy:  0.70000        0.75000           73.91           -0.05            0.04
inaccuracy:  0.75000        0.80000           73.68           -0.06            0.04
inaccuracy:  0.80000        0.85000           74.30           -0.05            0.04
inaccuracy:  0.85000        0.90000           73.18           -0.05            0.04
inaccuracy:  0.90000        0.95000           72.28           -0.06            0.05
inaccuracy:  0.95000        1.00000           72.67           -0.06            0.05
===================================================================================================================================
                BAR        
-----------------------------------------------------------------------------------------------------------------------------------
BAR-estimator:         λ             λ+δλ          ΔΔA             ΔA            C               Δδe            δe       
                          
-----------------------------------------------------------------------------------------------------------------------------------
BAR-estimator:      0.00000        0.05000        0.4973         0.4973         0.4973         0.0064         0.0064 
BAR-estimator:      0.05000        0.10000        0.3305         0.8278         0.3305         0.0051         0.0081 
BAR-estimator:      0.10000        0.15000        0.2443         1.0721         0.2443         0.0043         0.0092 
BAR-estimator:      0.15000        0.20000        0.1866         1.2586         0.1866         0.0038         0.0099 
BAR-estimator:      0.20000        0.25000        0.1472         1.4058         0.1472         0.0035         0.0105 
BAR-estimator:      0.25000        0.30000        0.1146         1.5205         0.1146         0.0032         0.0110 
BAR-estimator:      0.30000        0.35000        0.0956         1.6160         0.0956         0.0030         0.0114 
BAR-estimator:      0.35000        0.40000        0.0746         1.6906         0.0746         0.0029         0.0118 
BAR-estimator:      0.40000        0.45000        0.0679         1.7585         0.0679         0.0028         0.0121 
BAR-estimator:      0.45000        0.50000        0.0502         1.8087         0.0502         0.0025         0.0123 
BAR-estimator:      0.50000        0.55000       -0.0426         1.7661        -0.0426         0.0033         0.0128 
BAR-estimator:      0.55000        0.60000       -0.2030         1.5631        -0.2030         0.0030         0.0131 
BAR-estimator:      0.60000        0.65000       -0.3315         1.2317        -0.3315         0.0032         0.0135 
BAR-estimator:      0.65000        0.70000       -0.4553         0.7764        -0.4553         0.0035         0.0139 
BAR-estimator:      0.70000        0.75000       -0.5423         0.2341        -0.5423         0.0037         0.0144 
BAR-estimator:      0.75000        0.80000       -0.6090        -0.3750        -0.6090         0.0028         0.0147 
BAR-estimator:      0.80000        0.85000       -0.6349        -1.0098        -0.6349         0.0033         0.0151 
BAR-estimator:      0.85000        0.90000       -0.6687        -1.6786        -0.6687         0.0038         0.0155 
BAR-estimator:      0.90000        0.95000       -0.6718        -2.3503        -0.6718         0.0032         0.0159 
BAR-estimator:      0.95000        1.00000       -0.6882        -3.0385        -0.6882         0.0033         0.0162 
BAR-estimator: total free energy change is -3.0385326164696678 , total error is 0.016202649264320683
