#========================================================================================
#                     Free energy perturbation    
#----------------------------------------------------------------------------------------
#forward/backward          λ              ΔΔA                 ΔA                  δε   
#                                                 
#----------------------------------------------------------------------------------------
forward:               0.0000              0.0000              0.0000              0.0000  
forward:               0.0500              0.5029              0.5029              0.0064  
forward:               0.1000              0.3460              0.8488              0.0084  
forward:               0.1500              0.2485              1.0973              0.0099  
forward:               0.2000              0.1853              1.2826              0.0111  
forward:               0.2500              0.1425              1.4252              0.0117  
forward:               0.3000              0.1140              1.5392              0.0124  
forward:               0.3500              0.0922              1.6314              0.0130  
forward:               0.4000              0.0711              1.7024              0.0135  
forward:               0.4500              0.0655              1.7680              0.0138  
forward:               0.5000              0.0549              1.8229              0.0142  
forward:               0.5500             -0.0388              1.7840              0.0147  
forward:               0.6000             -0.1971              1.5869              0.0152  
forward:               0.6500             -0.3408              1.2461              0.0157  
forward:               0.7000             -0.4597              0.7864              0.0160  
forward:               0.7500             -0.5612              0.2252              0.0165  
forward:               0.8000             -0.6147             -0.3895              0.0169  
forward:               0.8500             -0.6578             -1.0473              0.0173  
forward:               0.9000             -0.6797             -1.7269              0.0176  
forward:               0.9500             -0.6935             -2.4204              0.0178  
forward:               1.0000             -0.7066             -3.1270              0.0181  
backward:              1.0000              0.0000             -3.1270              0.0000  
backward:              0.9500              0.7065             -2.4205              0.0040  
backward:              0.9000              0.6946             -1.7259              0.0060  
backward:              0.8500              0.6766             -1.0493              0.0073  
backward:              0.8000              0.6554             -0.3939              0.0085  
backward:              0.7500              0.6110              0.2170              0.0098  
backward:              0.7000              0.5598              0.7769              0.0108  
backward:              0.6500              0.4651              1.2420              0.0116  
backward:              0.6000              0.3443              1.5863              0.0121  
backward:              0.5500              0.1884              1.7746              0.0129  
backward:              0.5000              0.0418              1.8164              0.0137  
backward:              0.4500             -0.0530              1.7634              0.0142  
backward:              0.4000             -0.0606              1.7028              0.0147  
backward:              0.3500             -0.0760              1.6268              0.0152  
backward:              0.3000             -0.1035              1.5233              0.0160  
backward:              0.2500             -0.1253              1.3980              0.0168  
backward:              0.2000             -0.1447              1.2533              0.0175  
backward:              0.1500             -0.1851              1.0682              0.0188  
backward:              0.1000             -0.2460              0.8222              0.0204  
backward:              0.0500             -0.3375              0.4847              0.0219  
backward:              0.0000             -0.4804              0.0043              0.0240  
Inaccuracy estimation
======================================================================================================
                   i        i+δi          P0_overlap_P1   δε(forward)/ε   δε(backward)/ε
======================================================================================================
inaccuracy:  0.00000        0.05000           62.37           -0.01            0.39
inaccuracy:  0.05000        0.10000           68.58           -0.00            0.27
inaccuracy:  0.10000        0.15000           72.75           -0.00            0.19
inaccuracy:  0.15000        0.20000           75.00           -0.00            0.14
inaccuracy:  0.20000        0.25000           77.26           -0.01            0.11
inaccuracy:  0.25000        0.30000           79.79           -0.00            0.10
inaccuracy:  0.30000        0.35000           80.39           -0.00            0.08
inaccuracy:  0.35000        0.40000           80.81           -0.00            0.08
inaccuracy:  0.40000        0.45000           79.52           -0.01            0.07
inaccuracy:  0.45000        0.50000           80.09           -0.00            0.07
inaccuracy:  0.50000        0.55000           71.59           -0.04            0.10
inaccuracy:  0.55000        0.60000           73.70           -0.06            0.07
inaccuracy:  0.60000        0.65000           73.15           -0.06            0.06
inaccuracy:  0.65000        0.70000           72.48           -0.06            0.05
inaccuracy:  0.70000        0.75000           73.68           -0.05            0.05
inaccuracy:  0.75000        0.80000           73.83           -0.06            0.04
inaccuracy:  0.80000        0.85000           73.70           -0.05            0.04
inaccuracy:  0.85000        0.90000           73.46           -0.06            0.04
inaccuracy:  0.90000        0.95000           72.82           -0.06            0.05
inaccuracy:  0.95000        1.00000           72.40           -0.06            0.05
===================================================================================================================================
                BAR        
-----------------------------------------------------------------------------------------------------------------------------------
BAR-estimator:         λ             λ+δλ          ΔΔA             ΔA            C               Δδe            δe       
                          
-----------------------------------------------------------------------------------------------------------------------------------
BAR-estimator:      0.00000        0.05000        0.4976         0.4976         0.4976         0.0044         0.0044 
BAR-estimator:      0.05000        0.10000        0.3440         0.8416         0.3440         0.0038         0.0058 
BAR-estimator:      0.10000        0.15000        0.2492         1.0907         0.2492         0.0035         0.0068 
BAR-estimator:      0.15000        0.20000        0.1837         1.2744         0.1837         0.0033         0.0075 
BAR-estimator:      0.20000        0.25000        0.1425         1.4169         0.1425         0.0026         0.0080 
BAR-estimator:      0.25000        0.30000        0.1179         1.5349         0.1179         0.0027         0.0084 
BAR-estimator:      0.30000        0.35000        0.0954         1.6303         0.0954         0.0029         0.0089 
BAR-estimator:      0.35000        0.40000        0.0740         1.7043         0.0740         0.0023         0.0092 
BAR-estimator:      0.40000        0.45000        0.0633         1.7676         0.0633         0.0025         0.0095 
BAR-estimator:      0.45000        0.50000        0.0546         1.8222         0.0546         0.0022         0.0098 
BAR-estimator:      0.50000        0.55000       -0.0389         1.7833        -0.0389         0.0028         0.0102 
BAR-estimator:      0.55000        0.60000       -0.1955         1.5878        -0.1955         0.0026         0.0105 
BAR-estimator:      0.60000        0.65000       -0.3423         1.2455        -0.3423         0.0028         0.0109 
BAR-estimator:      0.65000        0.70000       -0.4628         0.7827        -0.4628         0.0028         0.0112 
BAR-estimator:      0.70000        0.75000       -0.5591         0.2236        -0.5591         0.0029         0.0116 
BAR-estimator:      0.75000        0.80000       -0.6155        -0.3920        -0.6155         0.0028         0.0119 
BAR-estimator:      0.80000        0.85000       -0.6562        -1.0482        -0.6562         0.0031         0.0123 
BAR-estimator:      0.85000        0.90000       -0.6799        -1.7281        -0.6799         0.0027         0.0126 
BAR-estimator:      0.90000        0.95000       -0.6941        -2.4222        -0.6941         0.0026         0.0129 
BAR-estimator:      0.95000        1.00000       -0.7047        -3.1269        -0.7047         0.0025         0.0131 
BAR-estimator: total free energy change is -3.126909486375771 , total error is 0.013128047442456927
