Charm++: standalone mode (not using charmrun)
Charm++> Running in Multicore mode: 12 threads (PEs)
Charm++> Using recursive bisection (scheme 3) for topology aware partitions
Converse/Charm++ Commit ID: 
CharmLB> Load balancer assumes all CPUs are same.
Charm++> Running on 1 hosts (2 sockets x 6 cores x 1 PUs = 12-way SMP)
Charm++> cpu topology info is gathered in 0.001 seconds.
Info: Built with CUDA version 11080
Did not find +devices i,j,k,... argument, using all
Pe 10 physical rank 10 will use CUDA device of pe 8
Pe 7 physical rank 7 will use CUDA device of pe 8
Pe 2 physical rank 2 will use CUDA device of pe 8
Pe 1 physical rank 1 will use CUDA device of pe 8
Pe 0 physical rank 0 will use CUDA device of pe 8
Pe 3 physical rank 3 will use CUDA device of pe 8
Pe 11 physical rank 11 will use CUDA device of pe 8
Pe 8 physical rank 8 binding to CUDA device 0 on k106: 'Tesla V100-SXM2-32GB'  Mem: 32494MB  Rev: 7.0  PCI: 0:18:0
Pe 9 physical rank 9 will use CUDA device of pe 8
Pe 5 physical rank 5 will use CUDA device of pe 8
Pe 6 physical rank 6 will use CUDA device of pe 8
Pe 4 physical rank 4 will use CUDA device of pe 8
CharmLB> Load balancing instrumentation for communication is off.
Info: NAMD 3.0.1 for Linux-x86_64-multicore-CUDA
Info: 
Info: Please visit http://www.ks.uiuc.edu/Research/namd/
Info: for updates, documentation, and support information.
Info: 
Info: Please cite Phillips et al., J. Chem. Phys. 153:044130 (2020) doi:10.1063/5.0014475
Info: in all publications reporting results obtained with NAMD.
Info: 
Info: Based on Charm++/Converse 80000 for multicore-linux-x86_64-gcc
Info: Built Mon Oct 14 10:33:44 CDT 2024 by dhardy on athine.ks.uiuc.edu
Info: 1 NAMD  3.0.1  Linux-x86_64-multicore-CUDA  12    k106  z5358697
Info: Running on 12 processors, 1 nodes, 1 physical nodes.
Info: CPU topology information available.
Info: Charm++/Converse parallel runtime startup completed at 0.132539 s
CkLoopLib is used in SMP with simple dynamic scheduling (converse-level notification)
Info: 0 MB of memory in use based on /proc/self/stat
Info: Configuration file is prod.namd
Info: Working in the current directory /srv/scratch/z5358697/zz-verify/3323117/39
TCL: Running FEP window   1: Lambda1 0.05   Lambda2 0.0    [dLambda -0.05 ]
TCL: Suspending until startup complete.
Warning: The following variables were set in the
Warning: configuration file but will be ignored:
Warning:    switchdist (switching)
Warning: Option "1-4scaling" has been deprecated. Instead use "oneFourScaling".
Info: EXTENDED SYSTEM FILE   mobley_3323117_equil.xsc
Info: Tuning parameters to improve GPU-resident performance
Warning: Keeping margin at user-specified value 2
Warning: Performance might be improved by increasing margin size to >= 4
Warning: Disabling lonepair support due to incompatability with GPU-resident.
Info: Running with GPU-resident mode
Warning: Always using force tables for GPU nonbonded kernel due to unsupported config parameters.
Info: SIMULATION PARAMETERS:
Info: TIMESTEP               2
Info: NUMBER OF STEPS        0
Info: STEPS PER CYCLE        10
Info: PERIODIC CELL BASIS 1  30.9756 0 0
Info: PERIODIC CELL BASIS 2  0 31.6777 0
Info: PERIODIC CELL BASIS 3  0 0 31.6281
Info: PERIODIC CELL CENTER   0 0 0
Info: WRAPPING WATERS AROUND PERIODIC BOUNDARIES ON OUTPUT.
Info: WRAPPING ALL CLUSTERS AROUND PERIODIC BOUNDARIES ON OUTPUT.
Info: LOAD BALANCER  Centralized
Info: LOAD BALANCING STRATEGY  New Load Balancers -- DEFAULT
Info: LDB PERIOD             2000 steps
Info: FIRST LDB TIMESTEP     50
Info: LAST LDB TIMESTEP     -1
Info: LDB BACKGROUND SCALING 1
Info: HOM BACKGROUND SCALING 1
Info: PME BACKGROUND SCALING 1
Info: MIN ATOMS PER PATCH    40
Info: EMPTY PATCH LOAD       40 ATOMS
Info: VELOCITY FILE          mobley_3323117_equil.vel
Info: CENTER OF MASS MOVING INITIALLY? NO
Info: DIELECTRIC             1
Info: EXCLUDE                SCALED ONE-FOUR
Info: 1-4 ELECTROSTATICS SCALED BY 0.833333
Info: MODIFIED 1-4 VDW PARAMETERS WILL BE USED
Info: DCD FILENAME           mobley_3323117_prod.dcd
Info: DCD FREQUENCY          100000
Info: DCD FIRST STEP         100000
Info: DCD FILE WILL CONTAIN UNIT CELL DATA
Info: XST FILENAME           mobley_3323117_prod.xst
Info: XST FREQUENCY          100000
Info: NO VELOCITY DCD OUTPUT
Info: NO FORCE DCD OUTPUT
Info: OUTPUT FILENAME        mobley_3323117_prod
Info: BINARY OUTPUT FILES WILL BE USED
Info: RESTART FILENAME       mobley_3323117_prod.restart
Info: RESTART FREQUENCY      100000
Info: BINARY RESTART FILES WILL BE USED
Info: CUTOFF                 9
Info: PAIRLIST DISTANCE      11
Info: PAIRLIST SHRINK RATE   0.01
Info: PAIRLIST GROW RATE     0.01
Info: PAIRLIST TRIGGER       0.3
Info: PAIRLISTS PER CYCLE    2
Info: PAIRLISTS ENABLED
Info: MARGIN                 2
Info: HYDROGEN GROUP CUTOFF  2.5
Info: PATCH DIMENSION        15.5
Info: ENERGY OUTPUT STEPS    100000
Warning: The period of outputting energies relating to alchemical transformations (alchOutFreq = 50) is not a multiple of the period of computing energies (computeEnergies = 100000). If alchOutFreq is smaller than outputEnergies and computeEnergies is not defined, a better solution is to set computeEnergies explicitly and keep it the same as alchOutFreq. The simulation will use the greatest common divisor of computeEnergies and alchOutFreq as the period of energy evaluation.
Info: ENERGY EVALUATION STEPS    100000
Info: OUTPUT ENERGY PRECISION 4
Info: CROSSTERM ENERGY INCLUDED IN DIHEDRAL
Info: TIMING OUTPUT STEPS    1000000
Info: PRESSURE OUTPUT STEPS  100000
Info: ALCHEMICAL FEP ON
Info: FEP CURRENT LAMBDA VALUE     0.05
Info: FEP COMPARISON LAMBDA VALUE  0
Info: FEP INTRA-ALCHEMICAL NON-BONDED INTERACTIONS WILL BE RETAINED
Info: FEP INTRA-ALCHEMICAL BONDED INTERACTIONS WILL BE RETAINED
Info: FEP VDW SHIFTING COEFFICIENT 5
Info: FEP ELEC. ACTIVE FOR ANNIHILATED PARTICLES BETWEEN LAMBDA = 0 AND LAMBDA = 0.5
Info: FEP ELEC. ACTIVE FOR EXNIHILATED PARTICLES BETWEEN LAMBDA = 0.5 AND LAMBDA = 1
Info: FEP VDW ACTIVE FOR ANNIHILATED PARTICLES BETWEEN LAMBDA = 0 AND LAMBDA = 1
Info: FEP VDW ACTIVE FOR EXNIHILATED PARTICLES BETWEEN LAMBDA = 0 AND LAMBDA = 1
Info: FEP BOND ACTIVE FOR ANNIHILATED PARTICLES BETWEEN LAMBDA = 1 AND LAMBDA = 1
Info: FEP BOND ACTIVE FOR EXNIHILATED PARTICLES BETWEEN LAMBDA = 0 AND LAMBDA = 0
Info: LANGEVIN DYNAMICS ACTIVE
Info: LANGEVIN TEMPERATURE   300
Info: LANGEVIN USING BBK INTEGRATOR
Info: LANGEVIN DAMPING COEFFICIENT IS 1 INVERSE PS
Info: LANGEVIN DYNAMICS APPLIED TO HYDROGENS
Info: LANGEVIN PISTON PRESSURE CONTROL ACTIVE
Info:        TARGET PRESSURE IS 1.01325 BAR
Info:     OSCILLATION PERIOD IS 50 FS
Info:             DECAY TIME IS 25 FS
Info:     PISTON TEMPERATURE IS 300 K
Info:       PRESSURE CONTROL IS GROUP-BASED
Info:    INITIAL STRAIN RATE IS 0.000230968 0.000230968 0.000230968
Info:       CELL FLUCTUATION IS ISOTROPIC
Info: PARTICLE MESH EWALD (PME) ACTIVE
Info: PME TOLERANCE               1e-06
Info: PME EWALD COEFFICIENT       0.348832
Info: PME INTERPOLATION ORDER     4
Info: PME GRID DIMENSIONS         32 32 32
Info: PME MAXIMUM GRID SPACING    1
Info: PME CALCULATION WILL BE PERFORMED ON GPU
Info: FULL ELECTROSTATIC EVALUATION FREQUENCY      2
Info: USING VERLET I (r-RESPA) MTS SCHEME.
Info: C1 SPLITTING OF LONG RANGE ELECTROSTATICS
Info: PLACING ATOMS IN PATCHES BY HYDROGEN GROUPS
Info: RIGID BONDS TO HYDROGEN : ALL
Info:         ERROR TOLERANCE : 1e-08
Info:          MAX ITERATIONS : 100
Info: RIGID WATER USING SETTLE ALGORITHM
Info: RANDOM NUMBER SEED     1742722609
Info: USE HYDROGEN BONDS?    NO
Info: Using AMBER format force field!
Info: AMBER PARM FILE        mobley_3323117.prmtop
Info: COORDINATE PDB         mobley_3323117.pdb
Info: Exclusions will be read from PARM file!
Info: SCNB (VDW SCALING)     2
Info: USING ARITHMETIC MEAN TO COMBINE L-J SIGMA PARAMETERS
Info: BINARY COORDINATES     mobley_3323117_equil.coor
Info: === Start reading AMBER parm7 format file mobley_3323117.prmtop ===
Info: Complete reading ATOM_NAME with 2994 fields.
Info: Complete reading CHARGE with 2994 fields.
Info: Complete reading ATOMIC_NUMBER with 2994 fields.
Info: Complete reading MASS with 2994 fields.
Info: Complete reading ATOM_TYPE_INDEX with 2994 fields.
Info: Complete reading NUMBER_EXCLUDED_ATOMS with 2994 fields.
Info: Complete reading NONBONDED_PARM_INDEX with 49 fields.
Info: Complete reading RESIDUE_LABEL with 994 fields.
Info: Complete reading RESIDUE_POINTER with 994 fields.
Info: Complete reading BOND_FORCE_CONSTANT with 7 fields.
Info: Complete reading BOND_EQUIL_VALUE with 7 fields.
Info: Complete reading ANGLE_FORCE_CONSTANT with 10 fields.
Info: Complete reading ANGLE_EQUIL_VALUE with 10 fields.
Info: Complete reading DIHEDRAL_FORCE_CONSTANT with 6 fields.
Info: Complete reading DIHEDRAL_PERIODICITY with 6 fields.
Info: Complete reading DIHEDRAL_PHASE with 6 fields.
Info: Complete reading SCEE_SCALE_FACTOR with 6 fields.
Info: Complete reading SCNB_SCALE_FACTOR with 6 fields.
Info: Complete reading LENNARD_JONES_ACOEF with 28 fields.
Info: Complete reading LENNARD_JONES_BCOEF with 28 fields.
Info: Complete reading BONDS_INC_HYDROGEN with 8961 fields.
Info: Complete reading BONDS_WITHOUT_HYDROGEN with 21 fields.
Info: Complete reading ANGLES_INC_HYDROGEN with 80 fields.
Info: Complete reading ANGLES_WITHOUT_HYDROGEN with 40 fields.
Info: Complete reading DIHEDRALS_INC_HYDROGEN with 180 fields.
Info: Complete reading DIHEDRALS_WITHOUT_HYDROGEN with 45 fields.
Info: Complete reading EXCLUDED_ATOMS_LIST with 4059 fields.
Info: Complete reading HBOND_ACOEF with 0 fields.
Info: Complete reading HBOND_BCOEF with 0 fields.
Info: Complete reading AMBER_ATOM_TYPE with 2994 fields.
Info: Complete reading TREE_CHAIN_CLASSIFICATION with 2994 fields.
Info: Complete reading ATOMS_PER_MOLECULE with 994 fields.
Info: Complete reading BOX_DIMENSIONS with 4 fields.
Info: Complete reading RADIUS_SET with 1 fields.
Info: Complete reading RADII with 2994 fields.
Info: Complete reading SCREEN with 2994 fields.
Info: === Finish reading AMBER parm7 format file. ===
Warning: Found 993 H-H bonds.
Info: SUMMARY OF PARAMETERS:
Info: 7 BONDS
Info: 10 ANGLES
Info:   10 HARMONIC
Info:   0 COSINE-BASED
Info: 6 DIHEDRAL
Info: 0 IMPROPER
Info: 0 CROSSTERM
Info: 0 VDW
Info: 28 VDW_PAIRS
Info: 0 NBTHOLE_PAIRS
Info: Reading pdb file mobley_3323117.pdb
Info: TIME FOR READING PDB FILE: 0.0995347
Info: 
Info: To read alchdata from file: mobley_3323117.pdb
Info: To read alchflag data from column: 5
Info: ****************************
Info: STRUCTURE SUMMARY:
Info: 2994 ATOMS
Info: 2994 BONDS
Info: 30 ANGLES
Info: 45 DIHEDRALS
Info: 0 IMPROPERS
Info: 0 CROSSTERMS
Info: 3064 EXCLUSIONS
Info: 2987 RIGID BONDS
Info: ALCH: 0 ATOMS TO DISAPPEAR IN FINAL STATE
Info: ALCH: 15 ATOMS TO APPEAR IN FINAL STATE
Info: 5995 DEGREES OF FREEDOM
Info: 1000 HYDROGEN GROUPS
Info: 3 ATOMS IN LARGEST HYDROGEN GROUP
Info: 1000 MIGRATION GROUPS
Info: 3 ATOMS IN LARGEST MIGRATION GROUP
Info: TOTAL MASS = 18010.1 amu
Info: TOTAL CHARGE = 9.9957e-05 e
Info: MASS DENSITY = 0.963666 g/cm^3
Info: ATOM DENSITY = 0.0964727 atoms/A^3
Info: *****************************
Info: Reading from binary file mobley_3323117_equil.coor
Info: 
Info: Entering startup at 0.376053 s, 0 MB of memory in use
Info: Startup phase 0 took 0.000153958 s, 0 MB of memory in use
Info: ADDED 0 IMPLICIT EXCLUSIONS
Info: Startup phase 1 took 0.00105348 s, 0 MB of memory in use
Info: NONBONDED TABLE R-SQUARED SPACING: 0.0625
Info: NONBONDED TABLE SIZE: 705 POINTS
Info: INCONSISTENCY IN FAST TABLE ENERGY VS FORCE: 0.000290481 AT 0.251946
Info: INCONSISTENCY IN SCOR TABLE ENERGY VS FORCE: 0.000238233 AT 8.9687
Info: ABSOLUTE IMPRECISION IN VDWA TABLE ENERGY: 1.21169e-27 AT 8.99653
Info: ABSOLUTE IMPRECISION IN VDWA TABLE FORCE: 2.57484e-27 AT 8.99653
Info: INCONSISTENCY IN VDWA TABLE ENERGY VS FORCE: 0.0040507 AT 0.251946
Info: INCONSISTENCY IN VDWB TABLE ENERGY VS FORCE: 0.00150189 AT 0.251946
Info: Startup phase 2 took 0.000347688 s, 0 MB of memory in use
Info: Startup phase 3 took 0.000153925 s, 0 MB of memory in use
Info: Startup phase 4 took 0.000176682 s, 0 MB of memory in use
Info: Startup phase 5 took 0.000128354 s, 0 MB of memory in use
Info: PATCH GRID IS 3 (PERIODIC) BY 2 (PERIODIC) BY 2 (PERIODIC)
Info: PATCH GRID IS 2-AWAY BY 1-AWAY BY 1-AWAY
Info: Reading from binary file mobley_3323117_equil.vel
Info: REMOVING COM VELOCITY -0.0191135 -0.164601 0.119625
Info: LARGEST PATCH (6) HAS 279 ATOMS
Info: TORUS A SIZE 1 USING 0
Info: TORUS B SIZE 1 USING 0
Info: TORUS C SIZE 1 USING 0
Info: TORUS MINIMAL MESH SIZE IS 1 BY 1 BY 1
Info: Placed 100% of base nodes on same physical node as patch
Info: Startup phase 6 took 0.007413 s, 0 MB of memory in use
Info: Use 3D box decompostion in PME FFT.
Info: PME using 1 x 1 x 1 pencil grid for FFT and reciprocal sum.
Info: Startup phase 7 took 0.000392044 s, 0 MB of memory in use
Info: Updated CUDA force table with 4096 elements.
Info: Updated CUDA LJ table with 7 x 7 elements.
Info: Startup phase 8 took 0.00115945 s, 0 MB of memory in use
Info: Startup phase 9 took 0.000149757 s, 0 MB of memory in use
Info: Startup phase 10 took 0.000119676 s, 0 MB of memory in use
Info: Startup phase 11 took 0.00216472 s, 0 MB of memory in use
LDB: Central LB being created...
Info: Startup phase 12 took 0.0147858 s, 0 MB of memory in use
Info: CREATING 456 COMPUTE OBJECTS
Info: Found 18 unique exclusion lists needing 40 bytes
Info: useSync: 0 useProxySync: 0
Info: Startup phase 13 took 0.0210757 s, 0 MB of memory in use
Info: Startup phase 14 took 0.000159057 s, 0 MB of memory in use
Info: Startup phase 15 took 0.000110076 s, 0 MB of memory in use
Info: Finished startup at 0.425596 s, 0 MB of memory in use

TCL: Running for 2500000 steps
FEP: RESETTING FOR NEW FEP WINDOW LAMBDA SET TO 0.05 LAMBDA2 0
FEP: WINDOW TO HAVE 100000 STEPS OF EQUILIBRATION PRIOR TO FEP DATA COLLECTION.
FEP: USING CONSTANT TEMPERATURE OF 300 K FOR FEP CALCULATION
PRESSURE: 0 -327.342 138.954 39.6347 138.955 -1152.46 4.302 39.6424 4.30382 -790.094
GPRESSURE: 0 -417.777 255.71 298.402 -28.2132 -1003.14 87.4676 7.68169 -59.5879 -639.962
ETITLE:      TS           BOND          ANGLE          DIHED          IMPRP               ELECT            VDW       BOUNDARY           MISC        KINETIC               TOTAL           TEMP      POTENTIAL       TOTALAVG        TEMPAVG            PRESSURE      GPRESSURE         VOLUME       PRESSAVG      GPRESSAVG
FEPTITLE:    TS          BOND2         ELECT2           VDW2

ENERGY:       0         1.4934        10.2210         5.9426         0.0000         -10692.8592      1348.1448         0.0000         0.0000      1799.7329          -7527.3245       302.1407     -9327.0573     -7527.3245       302.1407           -756.6312      -686.9605     31034.6991      -756.6312      -686.9605
FEP:          0        17.6571    -10692.8592      1348.5420

OPENING FEP ENERGY OUTPUT FILE
OPENING EXTENDED SYSTEM TRAJECTORY FILE
Info: Initial time: 12 CPUs 0.000861416 s/step 200.6 ns/day 0 MB memory
Info: Initial time: 12 CPUs 0.00048241 s/step 358.201 ns/day 0 MB memory
Info: Initial time: 12 CPUs 0.000486188 s/step 355.418 ns/day 0 MB memory
Info: Benchmark time: 12 CPUs 0.0004826 s/step 358.06 ns/day 0 MB memory
Info: Benchmark time: 12 CPUs 0.000485848 s/step 355.667 ns/day 0 MB memory
Info: Benchmark time: 12 CPUs 0.000490534 s/step 352.269 ns/day 0 MB memory
Info: Benchmark time: 12 CPUs 0.000665646 s/step 259.597 ns/day 0 MB memory
Info: Benchmark time: 12 CPUs 0.00068691 s/step 251.561 ns/day 0 MB memory
Info: Benchmark time: 12 CPUs 0.000461198 s/step 374.676 ns/day 0 MB memory
PRESSURE: 100000 948.639 443.287 859.673 443.286 717.709 -287.886 859.677 -287.885 -221.418
GPRESSURE: 100000 823.429 488.854 862.228 446.979 713.197 -396.867 523.556 -252.784 -75.4229
PRESSAVG: 100000 310.649 291.121 449.66 291.121 -217.375 -141.79 449.66 -141.79 -505.756
GPRESSAVG: 100000 202.826 372.282 580.315 209.383 -144.973 -154.7 265.619 -156.186 -357.692
ENERGY:  100000         1.4895        10.9330         5.6515         0.0000         -10860.3840      1476.0754         0.0000         0.0000      1803.1049          -7563.1296       302.7068     -9366.2345     -7545.2270       302.4238            481.6433       487.0675     30173.6350      -137.4939       -99.9465
FEP:     100000        18.0740    -10860.3840      1475.3649

WRITING EXTENDED SYSTEM TO RESTART FILE AT STEP 100000
OPENING COORDINATE DCD FILE
WRITING COORDINATES TO DCD FILE mobley_3323117_prod.dcd AT STEP 100000
WRITING COORDINATES TO RESTART FILE AT STEP 100000
FINISHED WRITING RESTART COORDINATES
The last position output (seq=100000) takes 0.011 seconds, 0.000 MB of memory in use
WRITING VELOCITIES TO RESTART FILE AT STEP 100000
FINISHED WRITING RESTART VELOCITIES
The last velocity output (seq=100000) takes 0.007 seconds, 0.000 MB of memory in use
PRESSURE: 200000 -72.9194 -217.61 501.614 -217.609 -455.905 -109.919 501.616 -109.917 120.665
GPRESSURE: 200000 -208.857 -210.184 442.016 -86.5025 -278.569 -227.143 401.555 -293.661 308.608
PRESSAVG: 200000 182.793 121.544 466.978 121.544 -296.885 -131.166 466.978 -131.166 -296.949
GPRESSAVG: 200000 65.5982 178.127 534.215 110.755 -189.505 -178.848 310.931 -202.011 -135.592
ENERGY:  200000         1.0543         9.1607         9.6819         0.0000         -10926.6049      1461.8227         0.0000         0.0000      1846.3531          -7598.5322       309.9673     -9444.8853     -7562.9954       304.9383           -136.0530       -59.6059     30764.4392      -137.0136       -86.4996
FEP:     200000        19.8968    -10926.6049      1462.2562

WRITING EXTENDED SYSTEM TO RESTART FILE AT STEP 200000
WRITING COORDINATES TO DCD FILE mobley_3323117_prod.dcd AT STEP 200000
WRITING COORDINATES TO RESTART FILE AT STEP 200000
FINISHED WRITING RESTART COORDINATES
The last position output (seq=200000) takes 0.013 seconds, 0.000 MB of memory in use
WRITING VELOCITIES TO RESTART FILE AT STEP 200000
FINISHED WRITING RESTART VELOCITIES
The last velocity output (seq=200000) takes 0.012 seconds, 0.000 MB of memory in use
PRESSURE: 300000 -304.173 -33.1029 -214.758 -33.1001 -525.629 -183.876 -214.757 -183.878 -1631.58
GPRESSURE: 300000 -388.336 -151.006 -363.877 -227.841 -259.476 -166.98 -132.389 -288.044 -1452.48
PRESSAVG: 300000 61.0513 82.8832 296.545 82.8832 -354.071 -144.344 296.545 -144.344 -630.605
GPRESSAVG: 300000 -47.8854 95.8435 309.692 26.1055 -206.998 -175.881 200.101 -223.519 -464.815
ENERGY:  300000         2.1131        10.3224         8.2919         0.0000         -10793.0941      1387.6950         0.0000         0.0000      1788.7386          -7595.9331       300.2950     -9384.6717     -7571.2299       303.7775           -820.4592      -700.0981     31044.7574      -307.8750      -239.8992
FEP:     300000        20.7274    -10793.0941      1386.6234

WRITING EXTENDED SYSTEM TO RESTART FILE AT STEP 300000
WRITING COORDINATES TO DCD FILE mobley_3323117_prod.dcd AT STEP 300000
WRITING COORDINATES TO RESTART FILE AT STEP 300000
FINISHED WRITING RESTART COORDINATES
The last position output (seq=300000) takes 0.016 seconds, 0.000 MB of memory in use
WRITING VELOCITIES TO RESTART FILE AT STEP 300000
FINISHED WRITING RESTART VELOCITIES
The last velocity output (seq=300000) takes 0.015 seconds, 0.000 MB of memory in use
PRESSURE: 400000 855.672 252.369 341.722 252.369 1229.49 -408.488 341.723 -408.487 -486.052
GPRESSURE: 400000 939.831 449.533 334.827 168.829 1154.85 -200.369 818.104 -827.614 -354.84
PRESSAVG: 400000 219.975 116.78 305.58 116.78 -37.359 -197.173 305.58 -197.173 -601.695
GPRESSAVG: 400000 149.658 166.581 314.719 54.6503 65.3725 -180.778 323.701 -344.338 -442.82
ENERGY:  400000         2.0123        11.2656         5.3993         0.0000         -10960.7043      1523.1613         0.0000         0.0000      1790.3115          -7628.5544       300.5590     -9418.8658     -7582.6948       303.1338            533.0364       579.9482     30655.3891      -139.6927       -75.9298
FEP:     400000        18.6773    -10960.7043      1522.4773

WRITING EXTENDED SYSTEM TO RESTART FILE AT STEP 400000
WRITING COORDINATES TO DCD FILE mobley_3323117_prod.dcd AT STEP 400000
WRITING COORDINATES TO RESTART FILE AT STEP 400000
FINISHED WRITING RESTART COORDINATES
The last position output (seq=400000) takes 0.020 seconds, 0.000 MB of memory in use
WRITING VELOCITIES TO RESTART FILE AT STEP 400000
FINISHED WRITING RESTART VELOCITIES
The last velocity output (seq=400000) takes 0.021 seconds, 0.000 MB of memory in use
PRESSURE: 500000 -413.782 -590.15 -274.383 -590.146 48.8666 152.071 -274.384 152.073 -1111.36
GPRESSURE: 500000 -517.642 -634.809 27.6452 -369.119 22.7494 8.55306 6.80696 306.553 -1098.37
PRESSAVG: 500000 114.349 -1.04077 208.92 -1.04077 -22.988 -138.965 208.92 -138.965 -686.639
GPRESSAVG: 500000 38.4414 33.0164 266.874 -15.9779 58.2686 -149.223 270.886 -235.856 -552.077
ENERGY:  500000         3.8813        13.6597         6.2155         0.0000         -10814.9694      1398.3054         0.0000         0.0000      1777.8083          -7615.0992       298.4600     -9392.9075     -7588.0955       302.3548           -492.0928      -531.0861     30979.3726      -198.4261      -151.7891
FEP:     500000        23.7565    -10814.9694      1398.2538

WRITING EXTENDED SYSTEM TO RESTART FILE AT STEP 500000
WRITING COORDINATES TO DCD FILE mobley_3323117_prod.dcd AT STEP 500000
WRITING COORDINATES TO RESTART FILE AT STEP 500000
FINISHED WRITING RESTART COORDINATES
The last position output (seq=500000) takes 0.017 seconds, 0.000 MB of memory in use
WRITING VELOCITIES TO RESTART FILE AT STEP 500000
FINISHED WRITING RESTART VELOCITIES
The last velocity output (seq=500000) takes 0.019 seconds, 0.000 MB of memory in use
PRESSURE: 600000 -472.923 -412.354 -170.415 -412.351 -172.715 264.946 -170.412 264.947 433.359
GPRESSURE: 600000 -332.926 -376.237 280.08 -126.592 -205.055 453.825 -65.1467 76.0993 531.737
PRESSAVG: 600000 30.4532 -59.7994 154.729 -59.7994 -44.3776 -81.2633 154.729 -81.2633 -526.64
GPRESSAVG: 600000 -14.611 -25.4484 268.76 -31.7799 20.6509 -63.0733 222.881 -191.291 -397.247
ENERGY:  600000         1.2283        13.9015         5.4694         0.0000         -10860.4485      1447.6773         0.0000         0.0000      1798.4463          -7593.7256       301.9247     -9392.1720     -7588.8998       302.2934            -70.7596        -2.0811     30655.1444      -180.1880      -130.4023
FEP:     600000        20.5992    -10860.4485      1447.6433

WRITING EXTENDED SYSTEM TO RESTART FILE AT STEP 600000
WRITING COORDINATES TO DCD FILE mobley_3323117_prod.dcd AT STEP 600000
WRITING COORDINATES TO RESTART FILE AT STEP 600000
FINISHED WRITING RESTART COORDINATES
The last position output (seq=600000) takes 0.017 seconds, 0.000 MB of memory in use
WRITING VELOCITIES TO RESTART FILE AT STEP 600000
FINISHED WRITING RESTART VELOCITIES
PRESSURE: 700000 -589.626 288.63 -7.43725 288.632 -608.347 713.517 -7.43802 713.519 -1137.47
GPRESSURE: 700000 -593.793 480.168 341.129 -223.266 -539.971 673.341 -128.945 387.719 -1086.7
PRESSAVG: 700000 -47.0567 -16.2455 134.458 -16.2455 -114.874 18.0844 134.458 18.0844 -602.994
GPRESSAVG: 700000 -87.0088 37.7537 277.806 -55.7156 -49.4267 28.9784 178.903 -118.915 -483.428
ENERGY:  700000         3.2630        10.8758         8.5231         0.0000         -10868.0588      1390.2627         0.0000         0.0000      1766.8429          -7688.2913       296.6191     -9455.1342     -7601.3237       301.5841           -778.4820      -740.1533     30911.2303      -254.9748      -206.6212
FEP:     700000        22.6619    -10868.0588      1390.1931

WRITING EXTENDED SYSTEM TO RESTART FILE AT STEP 700000
WRITING COORDINATES TO DCD FILE mobley_3323117_prod.dcd AT STEP 700000
WRITING COORDINATES TO RESTART FILE AT STEP 700000
FINISHED WRITING RESTART COORDINATES
The last position output (seq=700000) takes 0.018 seconds, 0.000 MB of memory in use
WRITING VELOCITIES TO RESTART FILE AT STEP 700000
FINISHED WRITING RESTART VELOCITIES
PRESSURE: 800000 -111.979 -99.9699 672.666 -99.9713 -636.576 -481.341 672.664 -481.342 -969.876
GPRESSURE: 800000 24.273 -229.58 495.252 -81.2455 -722.44 -114.974 743.289 -646.784 -634.596
PRESSAVG: 800000 -54.2702 -25.5483 194.259 -25.5483 -172.841 -37.4074 194.259 -37.4074 -643.758
GPRESSAVG: 800000 -74.6442 8.04994 301.967 -58.5523 -124.206 12.9838 241.612 -177.567 -500.224
ENERGY:  800000         5.5340         8.5468         6.4201         0.0000         -10978.8060      1426.3752         0.0000         0.0000      1788.5030          -7743.4269       300.2554     -9531.9299     -7617.1130       301.4365           -572.8101      -444.2541     30280.6769      -290.2898      -233.0248
FEP:     800000        20.5009    -10978.8060      1424.7564

WRITING EXTENDED SYSTEM TO RESTART FILE AT STEP 800000
WRITING COORDINATES TO DCD FILE mobley_3323117_prod.dcd AT STEP 800000
WRITING COORDINATES TO RESTART FILE AT STEP 800000
FINISHED WRITING RESTART COORDINATES
The last position output (seq=800000) takes 0.017 seconds, 0.000 MB of memory in use
WRITING VELOCITIES TO RESTART FILE AT STEP 800000
FINISHED WRITING RESTART VELOCITIES
PRESSURE: 900000 -1122.24 107.315 361.724 107.312 -540.482 -237.659 361.722 -237.661 -188.445
GPRESSURE: 900000 -947.137 -39.2914 557.625 -66.6539 -783.991 -484.635 389.196 -261.888 59.5707
PRESSAVG: 900000 -161.067 -12.2623 211.005 -12.2623 -209.605 -57.4328 211.005 -57.4328 -598.227
GPRESSAVG: 900000 -161.893 3.31581 327.533 -59.3625 -190.185 -36.7782 256.371 -185.999 -444.245
ENERGY:  900000         1.9505         7.9913         6.7320         0.0000         -10817.6818      1382.8551         0.0000         0.0000      1734.4605          -7683.6923       291.1827     -9418.1528     -7623.7709       300.4111           -617.0557      -557.1857     30549.5612      -322.9664      -265.4409
FEP:     900000        16.6739    -10817.6818      1381.4459

WRITING EXTENDED SYSTEM TO RESTART FILE AT STEP 900000
WRITING COORDINATES TO DCD FILE mobley_3323117_prod.dcd AT STEP 900000
WRITING COORDINATES TO RESTART FILE AT STEP 900000
FINISHED WRITING RESTART COORDINATES
The last position output (seq=900000) takes 0.018 seconds, 0.000 MB of memory in use
WRITING VELOCITIES TO RESTART FILE AT STEP 900000
FINISHED WRITING RESTART VELOCITIES
PRESSURE: 1000000 550.585 513.507 126.263 513.512 610.856 227.805 126.263 227.805 -731.275
GPRESSURE: 1000000 468.25 356.321 74.9593 503.052 804.442 -84.3008 136.451 236.008 -625.174
PRESSAVG: 1000000 -96.3716 35.5353 203.302 35.5353 -135.017 -31.5021 203.302 -31.5021 -610.322
GPRESSAVG: 1000000 -104.608 35.4072 304.572 -8.2339 -99.7639 -41.0984 245.469 -147.635 -460.693
TIMING: 1000000  CPU: 452.941, 0.000452684/step  Wall: 454.78, 0.000454744/step, 379.994 ns/days, 0.189477 hours remaining, 0.000000 MB of memory in use.
PERFORMANCE: 1000000  averaging 379.994 ns/day, 0.000454744 sec/step with standard deviation 0
ETITLE:      TS           BOND          ANGLE          DIHED          IMPRP               ELECT            VDW       BOUNDARY           MISC        KINETIC               TOTAL           TEMP      POTENTIAL       TOTALAVG        TEMPAVG            PRESSURE      GPRESSURE         VOLUME       PRESSAVG      GPRESSAVG
FEPTITLE:    TS          BOND2         ELECT2           VDW2

ENERGY: 1000000         1.5503        14.6189         7.3097         0.0000         -10944.6461      1495.0890         0.0000         0.0000      1794.6779          -7631.4003       301.2921     -9426.0782     -7624.4645       300.4912            143.3887       215.8393     30714.3201      -280.5705      -221.6882
FEP:    1000000        23.4789    -10944.6461      1494.8504

WRITING EXTENDED SYSTEM TO RESTART FILE AT STEP 1000000
WRITING COORDINATES TO DCD FILE mobley_3323117_prod.dcd AT STEP 1000000
WRITING COORDINATES TO RESTART FILE AT STEP 1000000
FINISHED WRITING RESTART COORDINATES
The last position output (seq=1000000) takes 0.016 seconds, 0.000 MB of memory in use
WRITING VELOCITIES TO RESTART FILE AT STEP 1000000
FINISHED WRITING RESTART VELOCITIES
PRESSURE: 1100000 -619.484 168.562 -40.3536 168.561 -682.208 85.6684 -40.3529 85.6679 -168.183
GPRESSURE: 1100000 -642.045 436.057 21.6743 -339.71 -482.106 145.271 -369.892 133.411 -241.502
PRESSAVG: 1100000 -139.964 46.6208 182.997 46.6208 -180.617 -21.7379 182.997 -21.7379 -573.477
GPRESSAVG: 1100000 -149.394 68.7947 280.997 -35.8569 -131.626 -25.5676 194.189 -124.214 -442.427
ENERGY: 1100000         3.0502        12.8733         6.8927         0.0000         -10850.6698      1403.2505         0.0000         0.0000      1739.7274          -7684.8757       292.0669     -9424.6031     -7629.4988       299.7892           -489.9581      -455.2179     30785.3820      -298.0194      -241.1490
FEP:    1100000        22.8162    -10850.6698      1403.3906

WRITING EXTENDED SYSTEM TO RESTART FILE AT STEP 1100000
WRITING COORDINATES TO DCD FILE mobley_3323117_prod.dcd AT STEP 1100000
WRITING COORDINATES TO RESTART FILE AT STEP 1100000
FINISHED WRITING RESTART COORDINATES
WRITING VELOCITIES TO RESTART FILE AT STEP 1100000
FINISHED WRITING RESTART VELOCITIES
PRESSURE: 1200000 -66.5622 297.004 209.197 297.006 120.829 124.009 209.197 124.01 -343.135
GPRESSURE: 1200000 -87.353 144.313 -60.4351 612.426 196.258 -57.5162 259.827 405.052 -395.06
PRESSAVG: 1200000 -134.318 65.8812 185.012 65.8812 -157.429 -10.5265 185.012 -10.5265 -555.759
GPRESSAVG: 1200000 -144.622 74.6037 254.733 14.011 -106.404 -28.0252 199.238 -83.5015 -438.783
ENERGY: 1200000         4.7712         8.5143         6.4551         0.0000         -10895.6238      1466.9208         0.0000         0.0000      1722.7677          -7686.1947       289.2197     -9408.9624     -7633.8600       298.9761            -96.2894       -95.3849     31038.1390      -282.5017      -229.9364
FEP:    1200000        19.7406    -10895.6238      1465.5414

WRITING EXTENDED SYSTEM TO RESTART FILE AT STEP 1200000
WRITING COORDINATES TO DCD FILE mobley_3323117_prod.dcd AT STEP 1200000
WRITING COORDINATES TO RESTART FILE AT STEP 1200000
FINISHED WRITING RESTART COORDINATES
WRITING VELOCITIES TO RESTART FILE AT STEP 1200000
FINISHED WRITING RESTART VELOCITIES
PRESSURE: 1300000 -1073.05 243.598 230.131 243.6 -112.214 348.636 230.135 348.638 -1297.86
GPRESSURE: 1300000 -1139.32 386.892 19.5371 321.687 -180.313 -207.173 294.622 233.576 -1014.95
PRESSAVG: 1300000 -201.37 78.5754 188.235 78.5754 -154.199 15.1281 188.235 15.1281 -608.766
GPRESSAVG: 1300000 -215.672 96.9101 237.933 35.9879 -111.683 -40.8215 206.051 -60.8531 -479.938
ENERGY: 1300000         2.8962         9.5106         7.6389         0.0000         -10829.0899      1389.8343         0.0000         0.0000      1836.4981          -7582.7118       308.3129     -9419.2098     -7630.2065       299.6430           -827.7085      -778.1950     31240.2965      -321.4451      -269.0977
FEP:    1300000        20.0458    -10829.0899      1387.4335

WRITING EXTENDED SYSTEM TO RESTART FILE AT STEP 1300000
WRITING COORDINATES TO DCD FILE mobley_3323117_prod.dcd AT STEP 1300000
WRITING COORDINATES TO RESTART FILE AT STEP 1300000
FINISHED WRITING RESTART COORDINATES
WRITING VELOCITIES TO RESTART FILE AT STEP 1300000
FINISHED WRITING RESTART VELOCITIES
PRESSURE: 1400000 -296.914 252.699 0.753882 252.7 -67.3798 397.583 0.753358 397.586 -722.78
GPRESSURE: 1400000 -225.896 691.44 28.5523 175.656 44.4963 228.681 -219.098 186.416 -707
PRESSAVG: 1400000 -207.74 90.1837 175.737 90.1837 -148.411 40.6253 175.737 40.6253 -616.367
GPRESSAVG: 1400000 -216.353 136.545 223.974 45.2991 -101.271 -22.8547 177.708 -44.3685 -495.076
ENERGY: 1400000         0.4363        13.5623         5.7637         0.0000         -10870.1679      1417.9202         0.0000         0.0000      1770.3664          -7662.1189       297.2106     -9432.4854     -7632.3340       299.4809           -362.3582      -296.1333     30696.5819      -324.1726      -270.9001
FEP:    1400000        19.7623    -10870.1679      1416.0922

WRITING EXTENDED SYSTEM TO RESTART FILE AT STEP 1400000
WRITING COORDINATES TO DCD FILE mobley_3323117_prod.dcd AT STEP 1400000
WRITING COORDINATES TO RESTART FILE AT STEP 1400000
FINISHED WRITING RESTART COORDINATES
WRITING VELOCITIES TO RESTART FILE AT STEP 1400000
FINISHED WRITING RESTART VELOCITIES
PRESSURE: 1500000 467.238 -180.089 -235.792 -180.089 733.461 -54.185 -235.793 -54.1814 443.484
GPRESSURE: 1500000 419.409 -324.424 -413.889 -159.674 809.392 -167.515 -442.879 37.1396 478.584
PRESSAVG: 1500000 -165.554 73.2916 150.016 73.2916 -93.294 34.6999 150.016 34.6999 -550.126
GPRESSAVG: 1500000 -176.618 107.735 184.108 32.4882 -44.3548 -31.8959 138.921 -39.2743 -434.222
ENERGY: 1500000         2.7068         9.7035         6.4823         0.0000         -10931.3821      1540.0896         0.0000         0.0000      1807.4341          -7564.9657       303.4336     -9372.3998     -7628.1235       299.7279            548.0611       569.1284     30849.4361      -269.6580      -218.3983
FEP:    1500000        18.8926    -10931.3821      1538.2864

WRITING EXTENDED SYSTEM TO RESTART FILE AT STEP 1500000
WRITING COORDINATES TO DCD FILE mobley_3323117_prod.dcd AT STEP 1500000
WRITING COORDINATES TO RESTART FILE AT STEP 1500000
FINISHED WRITING RESTART COORDINATES
WRITING VELOCITIES TO RESTART FILE AT STEP 1500000
FINISHED WRITING RESTART VELOCITIES
PRESSURE: 1600000 -546.696 -323.496 221.949 -323.494 -755.147 428.446 221.951 428.447 124.914
GPRESSURE: 1600000 -549.947 -425.336 447.057 -490.513 -463.933 451.364 160.331 445.848 131.287
PRESSAVG: 1600000 -187.974 49.9513 154.248 49.9513 -132.227 57.8615 154.248 57.8615 -510.418
GPRESSAVG: 1600000 -198.579 76.3777 199.575 1.72348 -69.0358 -3.46888 140.181 -10.7376 -400.957
ENERGY: 1600000         0.5003        10.5703         6.4097         0.0000         -10864.1470      1441.0316         0.0000         0.0000      1831.5606          -7574.0747       307.4840     -9405.6352     -7624.9442       300.1842           -392.3100      -294.1973     30840.2369      -276.8728      -222.8570
FEP:    1600000        17.4803    -10864.1470      1440.5666

WRITING EXTENDED SYSTEM TO RESTART FILE AT STEP 1600000
WRITING COORDINATES TO DCD FILE mobley_3323117_prod.dcd AT STEP 1600000
WRITING COORDINATES TO RESTART FILE AT STEP 1600000
FINISHED WRITING RESTART COORDINATES
WRITING VELOCITIES TO RESTART FILE AT STEP 1600000
FINISHED WRITING RESTART VELOCITIES
PRESSURE: 1700000 -188.867 286.748 68.3703 286.748 -50.2089 -91.7817 68.3707 -91.7809 -515.917
GPRESSURE: 1700000 -159.667 1.6977 76.9444 623.853 119.59 34.0334 106.655 -294.075 -348.356
PRESSAVG: 1700000 -188.024 63.1067 149.477 63.1067 -127.67 49.548 149.477 49.548 -510.723
GPRESSAVG: 1700000 -196.417 72.2288 192.763 36.2863 -58.5566 -1.38543 138.318 -26.4786 -398.034
ENERGY: 1700000         2.5636        18.1792         5.5575         0.0000         -10813.1716      1422.4072         0.0000         0.0000      1789.8550          -7574.6092       300.4824     -9364.4641     -7622.1478       300.2007           -251.6640      -129.4777     30978.6459      -275.4723      -217.6693
FEP:    1700000        26.3003    -10813.1716      1421.9916

WRITING EXTENDED SYSTEM TO RESTART FILE AT STEP 1700000
WRITING COORDINATES TO DCD FILE mobley_3323117_prod.dcd AT STEP 1700000
WRITING COORDINATES TO RESTART FILE AT STEP 1700000
FINISHED WRITING RESTART COORDINATES
WRITING VELOCITIES TO RESTART FILE AT STEP 1700000
FINISHED WRITING RESTART VELOCITIES
PRESSURE: 1800000 -77.8611 -283.742 -273.461 -283.744 -258.251 -193.597 -273.458 -193.594 675.881
GPRESSURE: 1800000 143.55 71.0683 -313.181 -144.16 -362.606 -239.35 -146.817 -224.639 571.802
PRESSAVG: 1800000 -182.226 44.8514 127.217 44.8514 -134.543 36.751 127.217 36.751 -448.271
GPRESSAVG: 1800000 -178.524 72.1677 166.134 26.7891 -74.5592 -13.9099 123.311 -36.9081 -346.99
ENERGY: 1800000         2.5722         8.7046         5.5594         0.0000         -11064.6030      1541.5387         0.0000         0.0000      1807.7414          -7698.4867       303.4852     -9506.2280     -7626.1656       300.3736            113.2564       117.5818     31129.3792      -255.0129      -200.0245
FEP:    1800000        16.8362    -11064.6030      1540.5321

WRITING EXTENDED SYSTEM TO RESTART FILE AT STEP 1800000
WRITING COORDINATES TO DCD FILE mobley_3323117_prod.dcd AT STEP 1800000
WRITING COORDINATES TO RESTART FILE AT STEP 1800000
FINISHED WRITING RESTART COORDINATES
WRITING VELOCITIES TO RESTART FILE AT STEP 1800000
FINISHED WRITING RESTART VELOCITIES
PRESSURE: 1900000 29.1966 -137.374 -79.5223 -137.373 -202.146 -129.656 -79.5197 -129.66 -680.374
GPRESSURE: 1900000 -70.329 -283.336 -288.414 3.07732 -318.401 -109.293 86.0747 128.877 -578.424
PRESSAVG: 1900000 -171.654 35.7402 116.88 35.7402 -137.923 28.4305 116.88 28.4305 -459.876
GPRESSAVG: 1900000 -173.114 54.3925 143.407 25.6035 -86.7513 -18.679 121.449 -28.6189 -358.562
ENERGY: 1900000         1.9355        10.5923         6.1733         0.0000         -10857.8635      1440.7608         0.0000         0.0000      1828.3396          -7570.0619       306.9432     -9398.4015     -7623.3604       300.7021           -284.4411      -322.3848     31097.4017      -256.4844      -206.1425
FEP:    1900000        18.7012    -10857.8635      1440.5635

WRITING EXTENDED SYSTEM TO RESTART FILE AT STEP 1900000
WRITING COORDINATES TO DCD FILE mobley_3323117_prod.dcd AT STEP 1900000
WRITING COORDINATES TO RESTART FILE AT STEP 1900000
FINISHED WRITING RESTART COORDINATES
WRITING VELOCITIES TO RESTART FILE AT STEP 1900000
FINISHED WRITING RESTART VELOCITIES
PRESSURE: 2000000 11.6806 -348.033 64.9122 -348.033 -185.193 -42.5654 64.9121 -42.5633 -97.456
GPRESSURE: 2000000 -125.182 -160.712 245.12 -482.446 -34.632 134.507 -79.3103 -320.405 68.3832
PRESSAVG: 2000000 -154.703 11.3908 118.144 11.3908 -89.5596 26.0871 118.144 26.0871 -425.244
GPRESSAVG: 2000000 -158.484 33.5714 140.743 2.89188 -38.3258 -16.3271 117.099 -41.6597 -323.145
TIMING: 2000000  CPU: 900.489, 0.000447549/step  Wall: 907.369, 0.000452589/step, 381.804 ns/days, 0.0628595 hours remaining, 0.000000 MB of memory in use.
PERFORMANCE: 2000000  averaging 380.897 ns/day, 0.000453666 sec/step with standard deviation 1.52418e-06
ETITLE:      TS           BOND          ANGLE          DIHED          IMPRP               ELECT            VDW       BOUNDARY           MISC        KINETIC               TOTAL           TEMP      POTENTIAL       TOTALAVG        TEMPAVG            PRESSURE      GPRESSURE         VOLUME       PRESSAVG      GPRESSAVG
FEPTITLE:    TS          BOND2         ELECT2           VDW2

ENERGY: 2000000         0.8478         9.2201         7.1764         0.0000         -10901.7454      1468.4160         0.0000         0.0000      1788.6260          -7627.4591       300.2761     -9416.0851     -7628.3672       300.6088            -90.3230       -30.4769     30879.8324      -223.1689      -173.3183
FEP:    2000000        17.2443    -10901.7454      1467.2873

WRITING EXTENDED SYSTEM TO RESTART FILE AT STEP 2000000
WRITING COORDINATES TO DCD FILE mobley_3323117_prod.dcd AT STEP 2000000
WRITING COORDINATES TO RESTART FILE AT STEP 2000000
FINISHED WRITING RESTART COORDINATES
WRITING VELOCITIES TO RESTART FILE AT STEP 2000000
FINISHED WRITING RESTART VELOCITIES
PRESSURE: 2100000 98.6393 -136.384 -279.844 -136.383 443.191 160.664 -279.84 160.666 45.5806
GPRESSURE: 2100000 90.1149 200.053 -187.44 -77.8954 474.521 507.666 -331.731 -17.4583 161.939
PRESSAVG: 2100000 -197.203 -17.5927 61.1677 -17.5927 -103.285 48.5146 61.1677 48.5146 -411.894
GPRESSAVG: 2100000 -195.15 19.1314 88.2591 -23.3519 -50.2596 28.8996 74.3351 -29.8935 -311.277
ENERGY: 2100000         1.6018         9.9943         6.9995         0.0000         -10968.8698      1509.6190         0.0000         0.0000      1808.4457          -7632.2095       303.6034     -9440.6552     -7631.8212       300.6537            195.8036       242.1915     30635.1167      -237.4609      -185.5621
FEP:    2100000        18.5957    -10968.8698      1509.2594

WRITING EXTENDED SYSTEM TO RESTART FILE AT STEP 2100000
WRITING COORDINATES TO DCD FILE mobley_3323117_prod.dcd AT STEP 2100000
WRITING COORDINATES TO RESTART FILE AT STEP 2100000
FINISHED WRITING RESTART COORDINATES
WRITING VELOCITIES TO RESTART FILE AT STEP 2100000
FINISHED WRITING RESTART VELOCITIES
PRESSURE: 2200000 61.5463 416.499 692.161 416.502 372.828 181.538 692.162 181.536 161.283
GPRESSURE: 2200000 249.239 194.915 706.027 402.392 433.717 -280.481 875.263 317.842 116.75
PRESSAVG: 2200000 -190.48 14.1129 70.6949 14.1129 -61.8489 63.0873 70.6949 63.0873 -409.863
GPRESSAVG: 2200000 -172.245 39.3864 101.46 1.09289 -14.6453 26.2327 98.0205 0.681658 -320.87
ENERGY: 2200000         1.6542         7.0086         8.5932         0.0000         -10854.9262      1488.4767         0.0000         0.0000      1765.6050          -7583.5886       296.4113     -9349.1936     -7631.0740       299.9759            198.5525       266.5690     30726.3619      -220.7307      -169.2534
FEP:    2200000        17.2559    -10854.9262      1487.1846

WRITING EXTENDED SYSTEM TO RESTART FILE AT STEP 2200000
WRITING COORDINATES TO DCD FILE mobley_3323117_prod.dcd AT STEP 2200000
WRITING COORDINATES TO RESTART FILE AT STEP 2200000
FINISHED WRITING RESTART COORDINATES
WRITING VELOCITIES TO RESTART FILE AT STEP 2200000
FINISHED WRITING RESTART VELOCITIES
PRESSURE: 2300000 -708.26 -283.617 -116.6 -283.62 -6.35241 -93.4265 -116.598 -93.422 -178.412
GPRESSURE: 2300000 -668.197 35.2332 283.46 -168.721 1.70156 243.983 -214.457 -170.599 -256.959
PRESSAVG: 2300000 -210.684 1.58686 75.6028 1.58686 -35.885 67.6101 75.6028 67.6101 -337.205
GPRESSAVG: 2300000 -186.238 48.6983 133.827 4.04892 -1.58639 46.7808 93.9172 6.55389 -261.093
ENERGY: 2300000         2.7907         9.4114         8.4764         0.0000         -10770.4678      1373.3963         0.0000         0.0000      1787.3899          -7589.0031       300.0686     -9376.3930     -7630.7275       299.9646           -297.6748      -307.8179     30261.0385      -194.5914      -149.6394
FEP:    2300000        20.6785    -10770.4678      1371.6057

WRITING EXTENDED SYSTEM TO RESTART FILE AT STEP 2300000
WRITING COORDINATES TO DCD FILE mobley_3323117_prod.dcd AT STEP 2300000
WRITING COORDINATES TO RESTART FILE AT STEP 2300000
FINISHED WRITING RESTART COORDINATES
WRITING VELOCITIES TO RESTART FILE AT STEP 2300000
FINISHED WRITING RESTART VELOCITIES
PRESSURE: 2400000 894.526 269.884 -118.551 269.885 -58.1129 -124.795 -118.55 -124.792 234.484
GPRESSURE: 2400000 876.495 301.93 108.955 117.734 -130.3 40.4647 -219.08 -310.535 364.132
PRESSAVG: 2400000 -208.742 2.46265 52.5892 2.46265 -100.265 81.7949 52.5892 81.7949 -301.178
GPRESSAVG: 2400000 -189.405 41.3182 122.533 1.49414 -65.844 58.8225 42.058 32.4079 -225.145
ENERGY: 2400000         1.6969        12.9524         5.0699         0.0000         -11030.6047      1519.0667         0.0000         0.0000      1765.1508          -7726.6680       296.3350     -9491.8188     -7635.6332       299.7534            356.9659       370.1093     30593.4481      -203.3950      -160.1313
FEP:    2400000        19.7192    -11030.6047      1518.8515

WRITING EXTENDED SYSTEM TO RESTART FILE AT STEP 2400000
WRITING COORDINATES TO DCD FILE mobley_3323117_prod.dcd AT STEP 2400000
WRITING COORDINATES TO RESTART FILE AT STEP 2400000
FINISHED WRITING RESTART COORDINATES
WRITING VELOCITIES TO RESTART FILE AT STEP 2400000
FINISHED WRITING RESTART VELOCITIES
PRESSURE: 2500000 -94.3566 -116.989 -534.616 -116.986 -763.961 373.146 -534.615 373.147 -187.466
GPRESSURE: 2500000 -194.092 -545.97 -460.275 162.028 -635.379 626.758 -357.116 428.978 -146.38
PRESSAVG: 2500000 -192.77 26.1207 39.5776 26.1207 -140.906 92.8486 39.5776 92.8486 -254.983
GPRESSAVG: 2500000 -173.228 45.7601 98.1369 28.0515 -98.7504 89.7328 23.8618 38.5291 -177.545
ENERGY: 2500000         0.9055        11.5685         7.3167         0.0000         -10822.8875      1384.4286         0.0000         0.0000      1815.3653          -7603.3029       304.7651     -9418.6682     -7635.0433       300.0686           -348.5946      -325.2835     30281.6189      -196.2201      -149.8412
FEP:    2500000        19.7908    -10822.8875      1383.7071

WRITING EXTENDED SYSTEM TO RESTART FILE AT STEP 2500000
WRITING COORDINATES TO DCD FILE mobley_3323117_prod.dcd AT STEP 2500000
WRITING COORDINATES TO RESTART FILE AT STEP 2500000
FINISHED WRITING RESTART COORDINATES
WRITING VELOCITIES TO RESTART FILE AT STEP 2500000
FINISHED WRITING RESTART VELOCITIES
TCL: Exiting due to exit command.
WRITING EXTENDED SYSTEM TO OUTPUT FILE AT STEP 2500000
CLOSING EXTENDED SYSTEM TRAJECTORY FILE
WRITING COORDINATES TO OUTPUT FILE AT STEP 2500000
CLOSING COORDINATE DCD FILE mobley_3323117_prod.dcd
WRITING VELOCITIES TO OUTPUT FILE AT STEP 2500000
====================================================

WallClock: 1129.775879  CPUTime: 1122.535278  Memory: 0.000000 MB
[Partition 0][Node 0] End of program
