#========================================================================================
#                     Free energy perturbation    
#----------------------------------------------------------------------------------------
#forward/backward          λ              ΔΔA                 ΔA                  δε   
#                                                 
#----------------------------------------------------------------------------------------
forward:               0.0000              0.0000              0.0000              0.0000  
forward:               0.0500              2.4799              2.4799              0.0362  
forward:               0.1000              1.3638              3.8437              0.0421  
forward:               0.1500              0.5957              4.4394              0.0446  
forward:               0.2000              0.2875              4.7269              0.0458  
forward:               0.2500              0.1265              4.8534              0.0463  
forward:               0.3000              0.0126              4.8660              0.0467  
forward:               0.3500             -0.0554              4.8106              0.0471  
forward:               0.4000             -0.1077              4.7029              0.0474  
forward:               0.4500             -0.1467              4.5562              0.0476  
forward:               0.5000             -0.1799              4.3762              0.0478  
forward:               0.5500             -0.2272              4.1490              0.0480  
forward:               0.6000             -0.2760              3.8730              0.0482  
forward:               0.6500             -0.3279              3.5451              0.0483  
forward:               0.7000             -0.3625              3.1826              0.0485  
forward:               0.7500             -0.3795              2.8030              0.0486  
forward:               0.8000             -0.4008              2.4022              0.0488  
forward:               0.8500             -0.4178              1.9845              0.0489  
forward:               0.9000             -0.4345              1.5499              0.0490  
forward:               0.9500             -0.4499              1.1000              0.0491  
forward:               1.0000             -0.4692              0.6308              0.0492  
backward:              1.0000              0.0000              0.6308              0.0000  
backward:              0.9500              0.4690              1.0998              0.0046  
backward:              0.9000              0.4497              1.5495              0.0061  
backward:              0.8500              0.4416              1.9911              0.0073  
backward:              0.8000              0.4207              2.4118              0.0083  
backward:              0.7500              0.4054              2.8172              0.0091  
backward:              0.7000              0.3785              3.1956              0.0100  
backward:              0.6500              0.3609              3.5565              0.0112  
backward:              0.6000              0.3241              3.8807              0.0120  
backward:              0.5500              0.2846              4.1653              0.0131  
backward:              0.5000              0.2251              4.3904              0.0141  
backward:              0.4500              0.1832              4.5736              0.0150  
backward:              0.4000              0.1355              4.7091              0.0162  
backward:              0.3500              0.1019              4.8110              0.0173  
backward:              0.3000              0.0448              4.8558              0.0189  
backward:              0.2500             -0.0152              4.8406              0.0240  
backward:              0.2000             -0.1311              4.7096              0.0262  
backward:              0.1500             -0.3235              4.3861              0.0335  
backward:              0.1000             -0.6423              3.7438              0.0392  
backward:              0.0500             -1.3180              2.4258              0.0548  
backward:              0.0000             -2.4148              0.0110              0.0772  
Inaccuracy estimation
======================================================================================================
                   i        i+δi          P0_overlap_P1   δε(forward)/ε   δε(backward)/ε
======================================================================================================
inaccuracy:  0.00000        0.05000           25.92            0.07            3.43
inaccuracy:  0.05000        0.10000           37.12           -0.06            1.66
inaccuracy:  0.10000        0.15000           52.48           -0.03            0.73
inaccuracy:  0.15000        0.20000           60.93           -0.03            0.37
inaccuracy:  0.20000        0.25000           65.86           -0.02            0.23
inaccuracy:  0.25000        0.30000           69.32           -0.02            0.17
inaccuracy:  0.30000        0.35000           71.97           -0.02            0.13
inaccuracy:  0.35000        0.40000           72.90           -0.01            0.12
inaccuracy:  0.40000        0.45000           74.32           -0.02            0.09
inaccuracy:  0.45000        0.50000           74.23           -0.03            0.08
inaccuracy:  0.50000        0.55000           72.92           -0.03            0.09
inaccuracy:  0.55000        0.60000           72.68           -0.03            0.07
inaccuracy:  0.60000        0.65000           74.95           -0.03            0.07
inaccuracy:  0.65000        0.70000           74.46           -0.03            0.06
inaccuracy:  0.70000        0.75000           75.08           -0.03            0.06
inaccuracy:  0.75000        0.80000           74.77           -0.03            0.06
inaccuracy:  0.80000        0.85000           74.96           -0.03            0.06
inaccuracy:  0.85000        0.90000           74.19           -0.04            0.06
inaccuracy:  0.90000        0.95000           74.48           -0.03            0.05
inaccuracy:  0.95000        1.00000           75.13           -0.03            0.05
===================================================================================================================================
                BAR        
-----------------------------------------------------------------------------------------------------------------------------------
BAR-estimator:         λ             λ+δλ          ΔΔA             ΔA            C               Δδe            δe       
                          
-----------------------------------------------------------------------------------------------------------------------------------
BAR-estimator:      0.00000        0.05000        2.4699         2.4699         2.4699         0.0159         0.0159 
BAR-estimator:      0.05000        0.10000        1.3348         3.8047         1.3348         0.0093         0.0184 
BAR-estimator:      0.10000        0.15000        0.6237         4.4284         0.6237         0.0074         0.0198 
BAR-estimator:      0.15000        0.20000        0.2893         4.7178         0.2893         0.0065         0.0209 
BAR-estimator:      0.20000        0.25000        0.1278         4.8456         0.1278         0.0047         0.0214 
BAR-estimator:      0.25000        0.30000        0.0135         4.8590         0.0135         0.0041         0.0218 
BAR-estimator:      0.30000        0.35000       -0.0523         4.8068        -0.0523         0.0036         0.0221 
BAR-estimator:      0.35000        0.40000       -0.1041         4.7027        -0.1041         0.0033         0.0223 
BAR-estimator:      0.40000        0.45000       -0.1430         4.5597        -0.1430         0.0032         0.0225 
BAR-estimator:      0.45000        0.50000       -0.1831         4.3766        -0.1831         0.0029         0.0227 
BAR-estimator:      0.50000        0.55000       -0.2268         4.1498        -0.2268         0.0033         0.0230 
BAR-estimator:      0.55000        0.60000       -0.2805         3.8693        -0.2805         0.0032         0.0232 
BAR-estimator:      0.60000        0.65000       -0.3259         3.5433        -0.3259         0.0028         0.0233 
BAR-estimator:      0.65000        0.70000       -0.3623         3.1811        -0.3623         0.0030         0.0235 
BAR-estimator:      0.70000        0.75000       -0.3784         2.8026        -0.3784         0.0047         0.0240 
BAR-estimator:      0.75000        0.80000       -0.4010         2.4017        -0.4010         0.0030         0.0242 
BAR-estimator:      0.80000        0.85000       -0.4179         1.9838        -0.4179         0.0028         0.0244 
BAR-estimator:      0.85000        0.90000       -0.4374         1.5464        -0.4374         0.0029         0.0245 
BAR-estimator:      0.90000        0.95000       -0.4504         1.0960        -0.4504         0.0040         0.0249 
BAR-estimator:      0.95000        1.00000       -0.4690         0.6270        -0.4690         0.0030         0.0250 
BAR-estimator: total free energy change is 0.6269918088345536 , total error is 0.025026323326661153
