#========================================================================================
#                     Free energy perturbation    
#----------------------------------------------------------------------------------------
#forward/backward          λ              ΔΔA                 ΔA                  δε   
#                                                 
#----------------------------------------------------------------------------------------
forward:               0.0000              0.0000              0.0000              0.0000  
forward:               0.0500              2.4620              2.4620              0.0319  
forward:               0.1000              1.3590              3.8211              0.0400  
forward:               0.1500              0.6697              4.4908              0.0419  
forward:               0.2000              0.3121              4.8029              0.0432  
forward:               0.2500              0.1381              4.9409              0.0437  
forward:               0.3000              0.0220              4.9629              0.0442  
forward:               0.3500             -0.0471              4.9158              0.0445  
forward:               0.4000             -0.1023              4.8135              0.0448  
forward:               0.4500             -0.1390              4.6745              0.0450  
forward:               0.5000             -0.1779              4.4966              0.0452  
forward:               0.5500             -0.2170              4.2796              0.0454  
forward:               0.6000             -0.2744              4.0051              0.0456  
forward:               0.6500             -0.3260              3.6791              0.0457  
forward:               0.7000             -0.3484              3.3308              0.0458  
forward:               0.7500             -0.3742              2.9566              0.0460  
forward:               0.8000             -0.4037              2.5529              0.0461  
forward:               0.8500             -0.4136              2.1394              0.0462  
forward:               0.9000             -0.4328              1.7066              0.0463  
forward:               0.9500             -0.4476              1.2590              0.0464  
forward:               1.0000             -0.4559              0.8032              0.0465  
backward:              1.0000              0.0000              0.8032              0.0000  
backward:              0.9500              0.4513              1.2545              0.0038  
backward:              0.9000              0.4517              1.7062              0.0054  
backward:              0.8500              0.4337              2.1399              0.0066  
backward:              0.8000              0.4087              2.5486              0.0077  
backward:              0.7500              0.3970              2.9455              0.0091  
backward:              0.7000              0.3775              3.3230              0.0101  
backward:              0.6500              0.3536              3.6766              0.0109  
backward:              0.6000              0.3227              3.9993              0.0117  
backward:              0.5500              0.2721              4.2714              0.0130  
backward:              0.5000              0.2106              4.4820              0.0140  
backward:              0.4500              0.1720              4.6541              0.0148  
backward:              0.4000              0.1373              4.7914              0.0155  
backward:              0.3500              0.1071              4.8986              0.0166  
backward:              0.3000              0.0483              4.9469              0.0178  
backward:              0.2500             -0.0159              4.9309              0.0195  
backward:              0.2000             -0.1266              4.8044              0.0216  
backward:              0.1500             -0.3444              4.4600              0.0260  
backward:              0.1000             -0.6812              3.7788              0.0323  
backward:              0.0500             -1.3217              2.4571              0.0400  
backward:              0.0000             -2.3820              0.0750              0.0559  
Inaccuracy estimation
======================================================================================================
                   i        i+δi          P0_overlap_P1   δε(forward)/ε   δε(backward)/ε
======================================================================================================
inaccuracy:  0.00000        0.05000           26.95            0.06            3.41
inaccuracy:  0.05000        0.10000           38.36           -0.06            1.66
inaccuracy:  0.10000        0.15000           50.36           -0.04            0.77
inaccuracy:  0.15000        0.20000           61.35           -0.03            0.39
inaccuracy:  0.20000        0.25000           65.18           -0.02            0.24
inaccuracy:  0.25000        0.30000           68.67           -0.02            0.18
inaccuracy:  0.30000        0.35000           70.64           -0.02            0.14
inaccuracy:  0.35000        0.40000           71.47           -0.01            0.12
inaccuracy:  0.40000        0.45000           73.70           -0.01            0.10
inaccuracy:  0.45000        0.50000           74.37           -0.02            0.08
inaccuracy:  0.50000        0.55000           72.92           -0.03            0.09
inaccuracy:  0.55000        0.60000           73.85           -0.03            0.08
inaccuracy:  0.60000        0.65000           75.38           -0.02            0.07
inaccuracy:  0.65000        0.70000           74.68           -0.03            0.07
inaccuracy:  0.70000        0.75000           74.25           -0.03            0.06
inaccuracy:  0.75000        0.80000           75.31           -0.03            0.05
inaccuracy:  0.80000        0.85000           74.81           -0.03            0.06
inaccuracy:  0.85000        0.90000           74.73           -0.03            0.05
inaccuracy:  0.90000        0.95000           74.72           -0.03            0.06
inaccuracy:  0.95000        1.00000           74.62           -0.04            0.05
===================================================================================================================================
                BAR        
-----------------------------------------------------------------------------------------------------------------------------------
BAR-estimator:         λ             λ+δλ          ΔΔA             ΔA            C               Δδe            δe       
                          
-----------------------------------------------------------------------------------------------------------------------------------
BAR-estimator:      0.00000        0.05000        2.4586         2.4586         2.4586         0.0119         0.0119 
BAR-estimator:      0.05000        0.10000        1.3529         3.8115         1.3529         0.0130         0.0176 
BAR-estimator:      0.10000        0.15000        0.6720         4.4835         0.6720         0.0097         0.0202 
BAR-estimator:      0.15000        0.20000        0.3198         4.8033         0.3198         0.0068         0.0213 
BAR-estimator:      0.20000        0.25000        0.1332         4.9365         0.1332         0.0044         0.0217 
BAR-estimator:      0.25000        0.30000        0.0207         4.9571         0.0207         0.0040         0.0221 
BAR-estimator:      0.30000        0.35000       -0.0472         4.9100        -0.0472         0.0033         0.0223 
BAR-estimator:      0.35000        0.40000       -0.1045         4.8054        -0.1045         0.0033         0.0226 
BAR-estimator:      0.40000        0.45000       -0.1378         4.6676        -0.1378         0.0029         0.0228 
BAR-estimator:      0.45000        0.50000       -0.1772         4.4904        -0.1772         0.0028         0.0229 
BAR-estimator:      0.50000        0.55000       -0.2160         4.2744        -0.2160         0.0029         0.0231 
BAR-estimator:      0.55000        0.60000       -0.2749         3.9995        -0.2749         0.0027         0.0233 
BAR-estimator:      0.60000        0.65000       -0.3228         3.6767        -0.3228         0.0027         0.0234 
BAR-estimator:      0.65000        0.70000       -0.3490         3.3277        -0.3490         0.0026         0.0236 
BAR-estimator:      0.70000        0.75000       -0.3760         2.9516        -0.3760         0.0028         0.0237 
BAR-estimator:      0.75000        0.80000       -0.4032         2.5484        -0.4032         0.0028         0.0239 
BAR-estimator:      0.80000        0.85000       -0.4131         2.1353        -0.4131         0.0023         0.0240 
BAR-estimator:      0.85000        0.90000       -0.4330         1.7023        -0.4330         0.0028         0.0242 
BAR-estimator:      0.90000        0.95000       -0.4480         1.2543        -0.4480         0.0028         0.0243 
BAR-estimator:      0.95000        1.00000       -0.4546         0.7997        -0.4546         0.0026         0.0245 
BAR-estimator: total free energy change is 0.7997445365675468 , total error is 0.02448702969110096
