#========================================================================================
#                     Free energy perturbation    
#----------------------------------------------------------------------------------------
#forward/backward          λ              ΔΔA                 ΔA                  δε   
#                                                 
#----------------------------------------------------------------------------------------
forward:               0.0000              0.0000              0.0000              0.0000  
forward:               0.0500              1.0652              1.0652              0.0211  
forward:               0.1000              0.5520              1.6172              0.0253  
forward:               0.1500              0.2971              1.9142              0.0270  
forward:               0.2000              0.1714              2.0857              0.0280  
forward:               0.2500              0.0967              2.1823              0.0287  
forward:               0.3000              0.0424              2.2247              0.0292  
forward:               0.3500              0.0151              2.2398              0.0296  
forward:               0.4000             -0.0176              2.2222              0.0298  
forward:               0.4500             -0.0370              2.1852              0.0301  
forward:               0.5000             -0.0561              2.1291              0.0304  
forward:               0.5500             -0.1445              1.9846              0.0308  
forward:               0.6000             -0.3580              1.6266              0.0316  
forward:               0.6500             -0.5567              1.0699              0.0323  
forward:               0.7000             -0.7455              0.3244              0.0328  
forward:               0.7500             -0.8626             -0.5382              0.0333  
forward:               0.8000             -0.9688             -1.5070              0.0338  
forward:               0.8500             -1.0236             -2.5306              0.0343  
forward:               0.9000             -1.0512             -3.5818              0.0345  
forward:               0.9500             -1.0624             -4.6442              0.0350  
forward:               1.0000             -1.0730             -5.7173              0.0352  
backward:              1.0000              0.0000             -5.7173              0.0000  
backward:              0.9500              1.0777             -4.6396              0.0058  
backward:              0.9000              1.0645             -3.5751              0.0090  
backward:              0.8500              1.0572             -2.5179              0.0112  
backward:              0.8000              1.0075             -1.5104              0.0132  
backward:              0.7500              0.9736             -0.5368              0.0159  
backward:              0.7000              0.8624              0.3257              0.0171  
backward:              0.6500              0.7279              1.0535              0.0186  
backward:              0.6000              0.5459              1.5995              0.0197  
backward:              0.5500              0.3551              1.9545              0.0208  
backward:              0.5000              0.1464              2.1009              0.0218  
backward:              0.4500              0.0536              2.1545              0.0222  
backward:              0.4000              0.0358              2.1903              0.0228  
backward:              0.3500              0.0169              2.2072              0.0233  
backward:              0.3000             -0.0242              2.1830              0.0242  
backward:              0.2500             -0.0463              2.1367              0.0250  
backward:              0.2000             -0.0964              2.0403              0.0261  
backward:              0.1500             -0.1597              1.8806              0.0273  
backward:              0.1000             -0.3444              1.5362              0.0631  
backward:              0.0500             -0.6003              0.9359              0.0801  
backward:              0.0000             -0.9843             -0.0484              0.0839  
Inaccuracy estimation
======================================================================================================
                   i        i+δi          P0_overlap_P1   δε(forward)/ε   δε(backward)/ε
======================================================================================================
inaccuracy:  0.00000        0.05000           42.98           -0.03            1.16
inaccuracy:  0.05000        0.10000           55.39           -0.02            0.62
inaccuracy:  0.10000        0.15000           65.11           -0.02            0.34
inaccuracy:  0.15000        0.20000           68.25           -0.01            0.21
inaccuracy:  0.20000        0.25000           71.83           -0.01            0.15
inaccuracy:  0.25000        0.30000           74.93           -0.01            0.12
inaccuracy:  0.30000        0.35000           75.18           -0.01            0.11
inaccuracy:  0.35000        0.40000           76.42           -0.01            0.10
inaccuracy:  0.40000        0.45000           76.76           -0.01            0.09
inaccuracy:  0.45000        0.50000           77.92           -0.01            0.08
inaccuracy:  0.50000        0.55000           68.19           -0.07            0.12
inaccuracy:  0.55000        0.60000           68.70           -0.08            0.10
inaccuracy:  0.60000        0.65000           68.84           -0.09            0.07
inaccuracy:  0.65000        0.70000           69.00           -0.09            0.05
inaccuracy:  0.70000        0.75000           68.78           -0.09            0.04
inaccuracy:  0.75000        0.80000           68.75           -0.08            0.03
inaccuracy:  0.80000        0.85000           70.46           -0.08            0.03
inaccuracy:  0.85000        0.90000           68.44           -0.09            0.03
inaccuracy:  0.90000        0.95000           68.55           -0.09            0.03
inaccuracy:  0.95000        1.00000           68.18           -0.08            0.03
===================================================================================================================================
                BAR        
-----------------------------------------------------------------------------------------------------------------------------------
BAR-estimator:         λ             λ+δλ          ΔΔA             ΔA            C               Δδe            δe       
                          
-----------------------------------------------------------------------------------------------------------------------------------
BAR-estimator:      0.00000        0.05000        1.0518         1.0518         1.0518         0.0109         0.0109 
BAR-estimator:      0.05000        0.10000        0.5538         1.6056         0.5538         0.0093         0.0143 
BAR-estimator:      0.10000        0.15000        0.2992         1.9047         0.2992         0.0063         0.0157 
BAR-estimator:      0.15000        0.20000        0.1664         2.0711         0.1664         0.0031         0.0160 
BAR-estimator:      0.20000        0.25000        0.0962         2.1673         0.0962         0.0041         0.0165 
BAR-estimator:      0.25000        0.30000        0.0454         2.2127         0.0454         0.0036         0.0169 
BAR-estimator:      0.30000        0.35000        0.0166         2.2293         0.0166         0.0036         0.0172 
BAR-estimator:      0.35000        0.40000       -0.0174         2.2118        -0.0174         0.0030         0.0175 
BAR-estimator:      0.40000        0.45000       -0.0368         2.1751        -0.0368         0.0026         0.0177 
BAR-estimator:      0.45000        0.50000       -0.0537         2.1213        -0.0537         0.0029         0.0179 
BAR-estimator:      0.50000        0.55000       -0.1485         1.9728        -0.1485         0.0034         0.0182 
BAR-estimator:      0.55000        0.60000       -0.3564         1.6165        -0.3564         0.0037         0.0186 
BAR-estimator:      0.60000        0.65000       -0.5510         1.0654        -0.5510         0.0041         0.0191 
BAR-estimator:      0.65000        0.70000       -0.7395         0.3260        -0.7395         0.0040         0.0195 
BAR-estimator:      0.70000        0.75000       -0.8642        -0.5382        -0.8642         0.0040         0.0199 
BAR-estimator:      0.75000        0.80000       -0.9705        -1.5087        -0.9705         0.0039         0.0203 
BAR-estimator:      0.80000        0.85000       -1.0151        -2.5238        -1.0151         0.0037         0.0206 
BAR-estimator:      0.85000        0.90000       -1.0549        -3.5787        -1.0549         0.0035         0.0209 
BAR-estimator:      0.90000        0.95000       -1.0638        -4.6426        -1.0638         0.0042         0.0213 
BAR-estimator:      0.95000        1.00000       -1.0749        -5.7174        -1.0749         0.0038         0.0216 
BAR-estimator: total free energy change is -5.717424779916888 , total error is 0.02164882147921228
