#========================================================================================
#                     Free energy perturbation    
#----------------------------------------------------------------------------------------
#forward/backward          λ              ΔΔA                 ΔA                  δε   
#                                                 
#----------------------------------------------------------------------------------------
forward:               0.0000              0.0000              0.0000              0.0000  
forward:               0.0500              1.0840              1.0840              0.0135  
forward:               0.1000              0.5511              1.6351              0.0169  
forward:               0.1500              0.3101              1.9452              0.0187  
forward:               0.2000              0.1657              2.1108              0.0200  
forward:               0.2500              0.0977              2.2086              0.0207  
forward:               0.3000              0.0383              2.2468              0.0212  
forward:               0.3500              0.0121              2.2590              0.0217  
forward:               0.4000             -0.0162              2.2428              0.0220  
forward:               0.4500             -0.0388              2.2040              0.0223  
forward:               0.5000             -0.0546              2.1495              0.0226  
forward:               0.5500             -0.1450              2.0045              0.0231  
forward:               0.6000             -0.3629              1.6415              0.0236  
forward:               0.6500             -0.5646              1.0770              0.0242  
forward:               0.7000             -0.7368              0.3401              0.0247  
forward:               0.7500             -0.8741             -0.5340              0.0252  
forward:               0.8000             -0.9679             -1.5019              0.0256  
forward:               0.8500             -1.0178             -2.5198              0.0259  
forward:               0.9000             -1.0536             -3.5734              0.0262  
forward:               0.9500             -1.0841             -4.6575              0.0266  
forward:               1.0000             -1.0851             -5.7426              0.0268  
backward:              1.0000              0.0000             -5.7426              0.0000  
backward:              0.9500              1.0816             -4.6610              0.0053  
backward:              0.9000              1.0771             -3.5839              0.0073  
backward:              0.8500              1.0536             -2.5303              0.0092  
backward:              0.8000              1.0263             -1.5040              0.0106  
backward:              0.7500              0.9550             -0.5490              0.0121  
backward:              0.7000              0.8723              0.3233              0.0133  
backward:              0.6500              0.7323              1.0556              0.0146  
backward:              0.6000              0.5461              1.6017              0.0158  
backward:              0.5500              0.3609              1.9626              0.0166  
backward:              0.5000              0.1499              2.1124              0.0175  
backward:              0.4500              0.0490              2.1614              0.0180  
backward:              0.4000              0.0371              2.1986              0.0186  
backward:              0.3500              0.0185              2.2171              0.0191  
backward:              0.3000             -0.0234              2.1937              0.0208  
backward:              0.2500             -0.0438              2.1499              0.0215  
backward:              0.2000             -0.0937              2.0562              0.0226  
backward:              0.1500             -0.1766              1.8796              0.0241  
backward:              0.1000             -0.2999              1.5797              0.0268  
backward:              0.0500             -0.5751              1.0046              0.0402  
backward:              0.0000             -1.0373             -0.0327              0.0448  
Inaccuracy estimation
======================================================================================================
                   i        i+δi          P0_overlap_P1   δε(forward)/ε   δε(backward)/ε
======================================================================================================
inaccuracy:  0.00000        0.05000           43.16           -0.04            1.09
inaccuracy:  0.05000        0.10000           56.83           -0.02            0.61
inaccuracy:  0.10000        0.15000           62.73           -0.01            0.32
inaccuracy:  0.15000        0.20000           70.27           -0.01            0.20
inaccuracy:  0.20000        0.25000           72.50           -0.01            0.16
inaccuracy:  0.25000        0.30000           75.00           -0.01            0.12
inaccuracy:  0.30000        0.35000           75.68           -0.01            0.10
inaccuracy:  0.35000        0.40000           76.11           -0.01            0.10
inaccuracy:  0.40000        0.45000           77.02           -0.01            0.09
inaccuracy:  0.45000        0.50000           77.43           -0.01            0.08
inaccuracy:  0.50000        0.55000           68.17           -0.07            0.12
inaccuracy:  0.55000        0.60000           69.17           -0.09            0.09
inaccuracy:  0.60000        0.65000           68.93           -0.09            0.07
inaccuracy:  0.65000        0.70000           68.36           -0.09            0.06
inaccuracy:  0.70000        0.75000           69.01           -0.10            0.04
inaccuracy:  0.75000        0.80000           69.34           -0.09            0.04
inaccuracy:  0.80000        0.85000           68.48           -0.11            0.03
inaccuracy:  0.85000        0.90000           68.87           -0.10            0.03
inaccuracy:  0.90000        0.95000           69.10           -0.10            0.03
inaccuracy:  0.95000        1.00000           68.33           -0.10            0.03
===================================================================================================================================
                BAR        
-----------------------------------------------------------------------------------------------------------------------------------
BAR-estimator:         λ             λ+δλ          ΔΔA             ΔA            C               Δδe            δe       
                          
-----------------------------------------------------------------------------------------------------------------------------------
BAR-estimator:      0.00000        0.05000        1.0679         1.0679         1.0679         0.0082         0.0082 
BAR-estimator:      0.05000        0.10000        0.5540         1.6218         0.5540         0.0067         0.0106 
BAR-estimator:      0.10000        0.15000        0.3024         1.9242         0.3024         0.0054         0.0119 
BAR-estimator:      0.15000        0.20000        0.1663         2.0905         0.1663         0.0046         0.0128 
BAR-estimator:      0.20000        0.25000        0.0994         2.1899         0.0994         0.0035         0.0132 
BAR-estimator:      0.25000        0.30000        0.0411         2.2310         0.0411         0.0031         0.0136 
BAR-estimator:      0.30000        0.35000        0.0128         2.2437         0.0128         0.0030         0.0139 
BAR-estimator:      0.35000        0.40000       -0.0170         2.2267        -0.0170         0.0028         0.0142 
BAR-estimator:      0.40000        0.45000       -0.0382         2.1884        -0.0382         0.0026         0.0144 
BAR-estimator:      0.45000        0.50000       -0.0520         2.1365        -0.0520         0.0023         0.0146 
BAR-estimator:      0.50000        0.55000       -0.1478         1.9887        -0.1478         0.0032         0.0150 
BAR-estimator:      0.55000        0.60000       -0.3594         1.6293        -0.3594         0.0036         0.0154 
BAR-estimator:      0.60000        0.65000       -0.5585         1.0708        -0.5585         0.0034         0.0158 
BAR-estimator:      0.65000        0.70000       -0.7348         0.3360        -0.7348         0.0037         0.0162 
BAR-estimator:      0.70000        0.75000       -0.8728        -0.5368        -0.8728         0.0033         0.0165 
BAR-estimator:      0.75000        0.80000       -0.9650        -1.5018        -0.9650         0.0034         0.0169 
BAR-estimator:      0.80000        0.85000       -1.0235        -2.5253        -1.0235         0.0033         0.0172 
BAR-estimator:      0.85000        0.90000       -1.0557        -3.5810        -1.0557         0.0032         0.0175 
BAR-estimator:      0.90000        0.95000       -1.0804        -4.6614        -1.0804         0.0033         0.0178 
BAR-estimator:      0.95000        1.00000       -1.0850        -5.7464        -1.0850         0.0039         0.0182 
BAR-estimator: total free energy change is -5.746433535484354 , total error is 0.018212793123508077
