#========================================================================================
#                     Free energy perturbation    
#----------------------------------------------------------------------------------------
#forward/backward          λ              ΔΔA                 ΔA                  δε   
#                                                 
#----------------------------------------------------------------------------------------
forward:               0.0000              0.0000              0.0000              0.0000  
forward:               0.0500              1.0789              1.0789              0.0164  
forward:               0.1000              0.6206              1.6995              0.0208  
forward:               0.1500              0.3223              2.0218              0.0228  
forward:               0.2000              0.1830              2.2048              0.0237  
forward:               0.2500              0.1112              2.3160              0.0240  
forward:               0.3000              0.0635              2.3794              0.0246  
forward:               0.3500              0.0340              2.4135              0.0250  
forward:               0.4000              0.0102              2.4237              0.0254  
forward:               0.4500             -0.0058              2.4179              0.0257  
forward:               0.5000             -0.0247              2.3933              0.0260  
forward:               0.5500             -0.0914              2.3019              0.0265  
forward:               0.6000             -0.2474              2.0545              0.0271  
forward:               0.6500             -0.3775              1.6770              0.0276  
forward:               0.7000             -0.5047              1.1723              0.0281  
forward:               0.7500             -0.5941              0.5782              0.0287  
forward:               0.8000             -0.6593             -0.0811              0.0290  
forward:               0.8500             -0.6937             -0.7748              0.0293  
forward:               0.9000             -0.7103             -1.4851              0.0297  
forward:               0.9500             -0.7140             -2.1991              0.0299  
forward:               1.0000             -0.7149             -2.9140              0.0302  
backward:              1.0000              0.0000             -2.9140              0.0000  
backward:              0.9500              0.7157             -2.1982              0.0046  
backward:              0.9000              0.7151             -1.4832              0.0070  
backward:              0.8500              0.7182             -0.7650              0.0087  
backward:              0.8000              0.6902             -0.0748              0.0100  
backward:              0.7500              0.6561              0.5813              0.0110  
backward:              0.7000              0.5875              1.1688              0.0123  
backward:              0.6500              0.5074              1.6763              0.0133  
backward:              0.6000              0.3765              2.0528              0.0146  
backward:              0.5500              0.2442              2.2969              0.0158  
backward:              0.5000              0.0928              2.3897              0.0171  
backward:              0.4500              0.0343              2.4240              0.0175  
backward:              0.4000              0.0110              2.4350              0.0180  
backward:              0.3500             -0.0065              2.4286              0.0188  
backward:              0.3000             -0.0345              2.3941              0.0195  
backward:              0.2500             -0.0862              2.3079              0.0203  
backward:              0.2000             -0.1083              2.1996              0.0213  
backward:              0.1500             -0.1936              2.0059              0.0229  
backward:              0.1000             -0.3405              1.6654              0.0304  
backward:              0.0500             -0.5776              1.0878              0.0335  
backward:              0.0000             -1.0442              0.0436              0.0431  
Inaccuracy estimation
======================================================================================================
                   i        i+δi          P0_overlap_P1   δε(forward)/ε   δε(backward)/ε
======================================================================================================
inaccuracy:  0.00000        0.05000           44.92           -0.03            0.98
inaccuracy:  0.05000        0.10000           54.51           -0.01            0.68
inaccuracy:  0.10000        0.15000           64.87           -0.01            0.32
inaccuracy:  0.15000        0.20000           70.53           -0.01            0.19
inaccuracy:  0.20000        0.25000           73.06           -0.01            0.15
inaccuracy:  0.25000        0.30000           77.06           -0.01            0.11
inaccuracy:  0.30000        0.35000           76.30           -0.01            0.10
inaccuracy:  0.35000        0.40000           76.42           -0.01            0.10
inaccuracy:  0.40000        0.45000           77.21           -0.01            0.09
inaccuracy:  0.45000        0.50000           77.21           -0.01            0.08
inaccuracy:  0.50000        0.55000           70.64           -0.05            0.11
inaccuracy:  0.55000        0.60000           71.50           -0.05            0.08
inaccuracy:  0.60000        0.65000           71.52           -0.06            0.07
inaccuracy:  0.65000        0.70000           71.52           -0.06            0.06
inaccuracy:  0.70000        0.75000           71.75           -0.06            0.05
inaccuracy:  0.75000        0.80000           72.43           -0.05            0.05
inaccuracy:  0.80000        0.85000           72.58           -0.06            0.05
inaccuracy:  0.85000        0.90000           71.58           -0.06            0.05
inaccuracy:  0.90000        0.95000           71.60           -0.06            0.05
inaccuracy:  0.95000        1.00000           71.44           -0.05            0.05
===================================================================================================================================
                BAR        
-----------------------------------------------------------------------------------------------------------------------------------
BAR-estimator:         λ             λ+δλ          ΔΔA             ΔA            C               Δδe            δe       
                          
-----------------------------------------------------------------------------------------------------------------------------------
BAR-estimator:      0.00000        0.05000        1.0732         1.0732         1.0732         0.0090         0.0090 
BAR-estimator:      0.05000        0.10000        0.6178         1.6910         0.6178         0.0085         0.0124 
BAR-estimator:      0.10000        0.15000        0.3254         2.0164         0.3254         0.0061         0.0138 
BAR-estimator:      0.15000        0.20000        0.1834         2.1998         0.1834         0.0048         0.0146 
BAR-estimator:      0.20000        0.25000        0.1105         2.3103         0.1105         0.0038         0.0151 
BAR-estimator:      0.25000        0.30000        0.0739         2.3841         0.0739         0.0036         0.0155 
BAR-estimator:      0.30000        0.35000        0.0360         2.4202         0.0360         0.0032         0.0159 
BAR-estimator:      0.35000        0.40000        0.0097         2.4299         0.0097         0.0032         0.0162 
BAR-estimator:      0.40000        0.45000       -0.0070         2.4228        -0.0070         0.0028         0.0164 
BAR-estimator:      0.45000        0.50000       -0.0268         2.3960        -0.0268         0.0026         0.0166 
BAR-estimator:      0.50000        0.55000       -0.0929         2.3031        -0.0929         0.0038         0.0171 
BAR-estimator:      0.55000        0.60000       -0.2461         2.0570        -0.2461         0.0029         0.0173 
BAR-estimator:      0.60000        0.65000       -0.3767         1.6803        -0.3767         0.0031         0.0176 
BAR-estimator:      0.65000        0.70000       -0.5033         1.1770        -0.5033         0.0035         0.0179 
BAR-estimator:      0.70000        0.75000       -0.5916         0.5854        -0.5916         0.0037         0.0183 
BAR-estimator:      0.75000        0.80000       -0.6567        -0.0713        -0.6567         0.0028         0.0185 
BAR-estimator:      0.80000        0.85000       -0.6902        -0.7615        -0.6902         0.0034         0.0188 
BAR-estimator:      0.85000        0.90000       -0.7123        -1.4738        -0.7123         0.0036         0.0192 
BAR-estimator:      0.90000        0.95000       -0.7138        -2.1876        -0.7138         0.0034         0.0195 
BAR-estimator:      0.95000        1.00000       -0.7154        -2.9030        -0.7154         0.0037         0.0198 
BAR-estimator: total free energy change is -2.9029788688188343 , total error is 0.01981203919191707
