#========================================================================================
#                     Free energy perturbation    
#----------------------------------------------------------------------------------------
#forward/backward          λ              ΔΔA                 ΔA                  δε   
#                                                 
#----------------------------------------------------------------------------------------
forward:               0.0000              0.0000              0.0000              0.0000  
forward:               0.0500              1.0755              1.0755              0.0132  
forward:               0.1000              0.6107              1.6862              0.0179  
forward:               0.1500              0.3345              2.0208              0.0198  
forward:               0.2000              0.1921              2.2128              0.0206  
forward:               0.2500              0.1187              2.3315              0.0212  
forward:               0.3000              0.0696              2.4011              0.0217  
forward:               0.3500              0.0407              2.4418              0.0221  
forward:               0.4000              0.0047              2.4465              0.0227  
forward:               0.4500             -0.0021              2.4444              0.0230  
forward:               0.5000             -0.0191              2.4253              0.0232  
forward:               0.5500             -0.0861              2.3391              0.0236  
forward:               0.6000             -0.2412              2.0979              0.0240  
forward:               0.6500             -0.3761              1.7218              0.0245  
forward:               0.7000             -0.5133              1.2085              0.0250  
forward:               0.7500             -0.6043              0.6043              0.0253  
forward:               0.8000             -0.6633             -0.0591              0.0256  
forward:               0.8500             -0.7127             -0.7718              0.0260  
forward:               0.9000             -0.7196             -1.4915              0.0262  
forward:               0.9500             -0.7330             -2.2245              0.0265  
forward:               1.0000             -0.7310             -2.9555              0.0269  
backward:              1.0000              0.0000             -2.9555              0.0000  
backward:              0.9500              0.7315             -2.2240              0.0045  
backward:              0.9000              0.7258             -1.4982              0.0063  
backward:              0.8500              0.7165             -0.7817              0.0078  
backward:              0.8000              0.7089             -0.0728              0.0091  
backward:              0.7500              0.6625              0.5897              0.0105  
backward:              0.7000              0.5983              1.1880              0.0117  
backward:              0.6500              0.5082              1.6962              0.0128  
backward:              0.6000              0.3836              2.0799              0.0139  
backward:              0.5500              0.2489              2.3288              0.0147  
backward:              0.5000              0.0931              2.4219              0.0158  
backward:              0.4500              0.0249              2.4468              0.0164  
backward:              0.4000              0.0084              2.4552              0.0171  
backward:              0.3500             -0.0152              2.4400              0.0178  
backward:              0.3000             -0.0412              2.3988              0.0185  
backward:              0.2500             -0.0677              2.3311              0.0192  
backward:              0.2000             -0.1223              2.2087              0.0203  
backward:              0.1500             -0.1968              2.0120              0.0226  
backward:              0.1000             -0.3375              1.6745              0.0250  
backward:              0.0500             -0.6214              1.0531              0.0383  
backward:              0.0000             -1.0909             -0.0378              0.0433  
Inaccuracy estimation
======================================================================================================
                   i        i+δi          P0_overlap_P1   δε(forward)/ε   δε(backward)/ε
======================================================================================================
inaccuracy:  0.00000        0.05000           46.47           -0.03            0.89
inaccuracy:  0.05000        0.10000           54.67           -0.01            0.65
inaccuracy:  0.10000        0.15000           64.53           -0.01            0.33
inaccuracy:  0.15000        0.20000           70.43           -0.00            0.21
inaccuracy:  0.20000        0.25000           73.47           -0.01            0.16
inaccuracy:  0.25000        0.30000           74.69           -0.01            0.12
inaccuracy:  0.30000        0.35000           76.17           -0.01            0.10
inaccuracy:  0.35000        0.40000           77.57           -0.01            0.09
inaccuracy:  0.40000        0.45000           76.15           -0.01            0.09
inaccuracy:  0.45000        0.50000           76.63           -0.01            0.08
inaccuracy:  0.50000        0.55000           70.24           -0.05            0.12
inaccuracy:  0.55000        0.60000           70.98           -0.06            0.09
inaccuracy:  0.60000        0.65000           71.16           -0.07            0.08
inaccuracy:  0.65000        0.70000           71.06           -0.06            0.06
inaccuracy:  0.70000        0.75000           72.46           -0.06            0.05
inaccuracy:  0.75000        0.80000           71.43           -0.06            0.05
inaccuracy:  0.80000        0.85000           72.51           -0.05            0.05
inaccuracy:  0.85000        0.90000           71.60           -0.06            0.05
inaccuracy:  0.90000        0.95000           71.61           -0.06            0.05
inaccuracy:  0.95000        1.00000           70.94           -0.06            0.05
===================================================================================================================================
                BAR        
-----------------------------------------------------------------------------------------------------------------------------------
BAR-estimator:         λ             λ+δλ          ΔΔA             ΔA            C               Δδe            δe       
                          
-----------------------------------------------------------------------------------------------------------------------------------
BAR-estimator:      0.00000        0.05000        1.0838         1.0838         1.0838         0.0075         0.0075 
BAR-estimator:      0.05000        0.10000        0.6058         1.6897         0.6058         0.0078         0.0108 
BAR-estimator:      0.10000        0.15000        0.3389         2.0285         0.3389         0.0056         0.0122 
BAR-estimator:      0.15000        0.20000        0.1929         2.2214         0.1929         0.0046         0.0130 
BAR-estimator:      0.20000        0.25000        0.1214         2.3428         0.1214         0.0028         0.0133 
BAR-estimator:      0.25000        0.30000        0.0704         2.4131         0.0704         0.0033         0.0138 
BAR-estimator:      0.30000        0.35000        0.0418         2.4550         0.0418         0.0030         0.0141 
BAR-estimator:      0.35000        0.40000        0.0076         2.4626         0.0076         0.0034         0.0145 
BAR-estimator:      0.40000        0.45000       -0.0048         2.4578        -0.0048         0.0027         0.0147 
BAR-estimator:      0.45000        0.50000       -0.0213         2.4364        -0.0213         0.0025         0.0150 
BAR-estimator:      0.50000        0.55000       -0.0878         2.3486        -0.0878         0.0031         0.0153 
BAR-estimator:      0.55000        0.60000       -0.2434         2.1052        -0.2434         0.0039         0.0158 
BAR-estimator:      0.60000        0.65000       -0.3805         1.7247        -0.3805         0.0032         0.0161 
BAR-estimator:      0.65000        0.70000       -0.5112         1.2135        -0.5112         0.0031         0.0164 
BAR-estimator:      0.70000        0.75000       -0.5992         0.6142        -0.5992         0.0030         0.0167 
BAR-estimator:      0.75000        0.80000       -0.6656        -0.0514        -0.6656         0.0031         0.0169 
BAR-estimator:      0.80000        0.85000       -0.7110        -0.7624        -0.7110         0.0022         0.0171 
BAR-estimator:      0.85000        0.90000       -0.7213        -1.4837        -0.7213         0.0033         0.0174 
BAR-estimator:      0.90000        0.95000       -0.7300        -2.2137        -0.7300         0.0032         0.0177 
BAR-estimator:      0.95000        1.00000       -0.7313        -2.9450        -0.7313         0.0032         0.0180 
BAR-estimator: total free energy change is -2.9449920620745433 , total error is 0.01797521999114268
