#========================================================================================
#                     Free energy perturbation    
#----------------------------------------------------------------------------------------
#forward/backward          λ              ΔΔA                 ΔA                  δε   
#                                                 
#----------------------------------------------------------------------------------------
forward:               0.0000              0.0000              0.0000              0.0000  
forward:               0.0500              0.7960              0.7960              0.0149  
forward:               0.1000              0.4712              1.2672              0.0179  
forward:               0.1500              0.2873              1.5545              0.0202  
forward:               0.2000              0.1993              1.7539              0.0210  
forward:               0.2500              0.1442              1.8981              0.0217  
forward:               0.3000              0.1011              1.9992              0.0221  
forward:               0.3500              0.0753              2.0745              0.0226  
forward:               0.4000              0.0615              2.1360              0.0229  
forward:               0.4500              0.0326              2.1686              0.0232  
forward:               0.5000              0.0202              2.1887              0.0235  
forward:               0.5500             -0.0047              2.1840              0.0239  
forward:               0.6000             -0.0547              2.1293              0.0242  
forward:               0.6500             -0.0895              2.0398              0.0245  
forward:               0.7000             -0.1222              1.9175              0.0247  
forward:               0.7500             -0.1519              1.7657              0.0249  
forward:               0.8000             -0.1747              1.5910              0.0251  
forward:               0.8500             -0.1915              1.3995              0.0253  
forward:               0.9000             -0.2091              1.1904              0.0254  
forward:               0.9500             -0.2194              0.9710              0.0257  
forward:               1.0000             -0.2406              0.7304              0.0259  
backward:              1.0000              0.0000              0.7304              0.0000  
backward:              0.9500              0.2312              0.9617              0.0036  
backward:              0.9000              0.2195              1.1812              0.0050  
backward:              0.8500              0.2060              1.3873              0.0063  
backward:              0.8000              0.1915              1.5787              0.0070  
backward:              0.7500              0.1723              1.7510              0.0078  
backward:              0.7000              0.1491              1.9001              0.0087  
backward:              0.6500              0.1206              2.0207              0.0095  
backward:              0.6000              0.0978              2.1185              0.0102  
backward:              0.5500              0.0570              2.1755              0.0110  
backward:              0.5000              0.0082              2.1837              0.0118  
backward:              0.4500             -0.0330              2.1506              0.0124  
backward:              0.4000             -0.0418              2.1088              0.0130  
backward:              0.3500             -0.0661              2.0427              0.0140  
backward:              0.3000             -0.0731              1.9696              0.0148  
backward:              0.2500             -0.1035              1.8660              0.0162  
backward:              0.2000             -0.1516              1.7144              0.0177  
backward:              0.1500             -0.1984              1.5161              0.0194  
backward:              0.1000             -0.3125              1.2035              0.0225  
backward:              0.0500             -0.4572              0.7463              0.0251  
backward:              0.0000             -0.7893             -0.0430              0.0349  
Inaccuracy estimation
======================================================================================================
                   i        i+δi          P0_overlap_P1   δε(forward)/ε   δε(backward)/ε
======================================================================================================
inaccuracy:  0.00000        0.05000           52.53           -0.02            0.82
inaccuracy:  0.05000        0.10000           62.62           -0.01            0.40
inaccuracy:  0.10000        0.15000           70.59           -0.00            0.23
inaccuracy:  0.15000        0.20000           73.18           -0.01            0.17
inaccuracy:  0.20000        0.25000           75.75           -0.00            0.13
inaccuracy:  0.25000        0.30000           77.17           -0.00            0.10
inaccuracy:  0.30000        0.35000           77.74           -0.01            0.09
inaccuracy:  0.35000        0.40000           78.42           -0.00            0.09
inaccuracy:  0.40000        0.45000           80.61           -0.01            0.07
inaccuracy:  0.45000        0.50000           81.05           -0.01            0.07
inaccuracy:  0.50000        0.55000           76.90           -0.02            0.08
inaccuracy:  0.55000        0.60000           77.61           -0.01            0.07
inaccuracy:  0.60000        0.65000           78.04           -0.02            0.07
inaccuracy:  0.65000        0.70000           78.07           -0.02            0.06
inaccuracy:  0.70000        0.75000           78.65           -0.02            0.06
inaccuracy:  0.75000        0.80000           78.83           -0.02            0.05
inaccuracy:  0.80000        0.85000           79.30           -0.02            0.05
inaccuracy:  0.85000        0.90000           78.52           -0.02            0.05
inaccuracy:  0.90000        0.95000           78.45           -0.02            0.06
inaccuracy:  0.95000        1.00000           78.79           -0.02            0.05
===================================================================================================================================
                BAR        
-----------------------------------------------------------------------------------------------------------------------------------
BAR-estimator:         λ             λ+δλ          ΔΔA             ΔA            C               Δδe            δe       
                          
-----------------------------------------------------------------------------------------------------------------------------------
BAR-estimator:      0.00000        0.05000        0.7957         0.7957         0.7957         0.0094         0.0094 
BAR-estimator:      0.05000        0.10000        0.4681         1.2638         0.4681         0.0064         0.0114 
BAR-estimator:      0.10000        0.15000        0.2925         1.5563         0.2925         0.0050         0.0124 
BAR-estimator:      0.15000        0.20000        0.1974         1.7537         0.1974         0.0039         0.0130 
BAR-estimator:      0.20000        0.25000        0.1453         1.8989         0.1453         0.0034         0.0135 
BAR-estimator:      0.25000        0.30000        0.1023         2.0012         0.1023         0.0031         0.0138 
BAR-estimator:      0.30000        0.35000        0.0745         2.0757         0.0745         0.0031         0.0142 
BAR-estimator:      0.35000        0.40000        0.0628         2.1385         0.0628         0.0028         0.0144 
BAR-estimator:      0.40000        0.45000        0.0371         2.1757         0.0371         0.0027         0.0147 
BAR-estimator:      0.45000        0.50000        0.0251         2.2007         0.0251         0.0024         0.0149 
BAR-estimator:      0.50000        0.55000       -0.0061         2.1946        -0.0061         0.0029         0.0151 
BAR-estimator:      0.55000        0.60000       -0.0552         2.1394        -0.0552         0.0028         0.0154 
BAR-estimator:      0.60000        0.65000       -0.0901         2.0493        -0.0901         0.0026         0.0156 
BAR-estimator:      0.65000        0.70000       -0.1229         1.9263        -0.1229         0.0027         0.0159 
BAR-estimator:      0.70000        0.75000       -0.1511         1.7752        -0.1511         0.0028         0.0161 
BAR-estimator:      0.75000        0.80000       -0.1734         1.6019        -0.1734         0.0025         0.0163 
BAR-estimator:      0.80000        0.85000       -0.1906         1.4113        -0.1906         0.0025         0.0165 
BAR-estimator:      0.85000        0.90000       -0.2084         1.2028        -0.2084         0.0024         0.0167 
BAR-estimator:      0.90000        0.95000       -0.2187         0.9841        -0.2187         0.0027         0.0169 
BAR-estimator:      0.95000        1.00000       -0.2385         0.7456        -0.2385         0.0027         0.0171 
BAR-estimator: total free energy change is 0.7456291329592807 , total error is 0.01710845266402603
