#========================================================================================
#                     Free energy perturbation    
#----------------------------------------------------------------------------------------
#forward/backward          λ              ΔΔA                 ΔA                  δε   
#                                                 
#----------------------------------------------------------------------------------------
forward:               0.0000              0.0000              0.0000              0.0000  
forward:               0.0500              0.7709              0.7709              0.0095  
forward:               0.1000              0.4638              1.2347              0.0122  
forward:               0.1500              0.3034              1.5381              0.0137  
forward:               0.2000              0.1924              1.7304              0.0145  
forward:               0.2500              0.1454              1.8758              0.0154  
forward:               0.3000              0.1055              1.9813              0.0159  
forward:               0.3500              0.0784              2.0597              0.0165  
forward:               0.4000              0.0575              2.1173              0.0170  
forward:               0.4500              0.0368              2.1541              0.0174  
forward:               0.5000              0.0197              2.1738              0.0177  
forward:               0.5500             -0.0013              2.1724              0.0179  
forward:               0.6000             -0.0585              2.1139              0.0182  
forward:               0.6500             -0.0889              2.0251              0.0185  
forward:               0.7000             -0.1226              1.9025              0.0187  
forward:               0.7500             -0.1500              1.7524              0.0189  
forward:               0.8000             -0.1774              1.5750              0.0192  
forward:               0.8500             -0.1949              1.3802              0.0194  
forward:               0.9000             -0.2076              1.1725              0.0196  
forward:               0.9500             -0.2240              0.9485              0.0198  
forward:               1.0000             -0.2340              0.7146              0.0200  
backward:              1.0000              0.0000              0.7146              0.0000  
backward:              0.9500              0.2182              0.9327              0.0105  
backward:              0.9000              0.2212              1.1540              0.0111  
backward:              0.8500              0.2081              1.3620              0.0116  
backward:              0.8000              0.1963              1.5583              0.0125  
backward:              0.7500              0.1677              1.7260              0.0129  
backward:              0.7000              0.1481              1.8741              0.0134  
backward:              0.6500              0.1258              1.9998              0.0139  
backward:              0.6000              0.0943              2.0941              0.0144  
backward:              0.5500              0.0493              2.1434              0.0149  
backward:              0.5000              0.0035              2.1470              0.0156  
backward:              0.4500             -0.0267              2.1203              0.0160  
backward:              0.4000             -0.0389              2.0814              0.0165  
backward:              0.3500             -0.0634              2.0180              0.0172  
backward:              0.3000             -0.0913              1.9267              0.0183  
backward:              0.2500             -0.1084              1.8183              0.0205  
backward:              0.2000             -0.1413              1.6769              0.0214  
backward:              0.1500             -0.2175              1.4594              0.0224  
backward:              0.1000             -0.2922              1.1673              0.0238  
backward:              0.0500             -0.4730              0.6943              0.0268  
backward:              0.0000             -0.8176             -0.1234              0.0454  
Inaccuracy estimation
======================================================================================================
                   i        i+δi          P0_overlap_P1   δε(forward)/ε   δε(backward)/ε
======================================================================================================
inaccuracy:  0.00000        0.05000           53.46           -0.02            0.80
inaccuracy:  0.05000        0.10000           63.43           -0.00            0.39
inaccuracy:  0.10000        0.15000           68.53           -0.01            0.25
inaccuracy:  0.15000        0.20000           75.01           -0.01            0.15
inaccuracy:  0.20000        0.25000           74.93           -0.00            0.12
inaccuracy:  0.25000        0.30000           77.18           -0.01            0.10
inaccuracy:  0.30000        0.35000           78.36           -0.00            0.09
inaccuracy:  0.35000        0.40000           79.09           -0.00            0.08
inaccuracy:  0.40000        0.45000           79.76           -0.00            0.08
inaccuracy:  0.45000        0.50000           80.28           -0.01            0.07
inaccuracy:  0.50000        0.55000           76.95           -0.02            0.08
inaccuracy:  0.55000        0.60000           79.30           -0.02            0.06
inaccuracy:  0.60000        0.65000           77.50           -0.02            0.07
inaccuracy:  0.65000        0.70000           78.13           -0.02            0.06
inaccuracy:  0.70000        0.75000           78.42           -0.02            0.06
inaccuracy:  0.75000        0.80000           79.00           -0.02            0.05
inaccuracy:  0.80000        0.85000           78.32           -0.01            0.06
inaccuracy:  0.85000        0.90000           78.19           -0.01            0.05
inaccuracy:  0.90000        0.95000           78.47           -0.02            0.05
inaccuracy:  0.95000        1.00000           77.89           -0.02            0.06
===================================================================================================================================
                BAR        
-----------------------------------------------------------------------------------------------------------------------------------
BAR-estimator:         λ             λ+δλ          ΔΔA             ΔA            C               Δδe            δe       
                          
-----------------------------------------------------------------------------------------------------------------------------------
BAR-estimator:      0.00000        0.05000        0.7757         0.7757         0.7757         0.0062         0.0062 
BAR-estimator:      0.05000        0.10000        0.4655         1.2412         0.4655         0.0050         0.0080 
BAR-estimator:      0.10000        0.15000        0.3017         1.5428         0.3017         0.0042         0.0090 
BAR-estimator:      0.15000        0.20000        0.2015         1.7443         0.2015         0.0030         0.0095 
BAR-estimator:      0.20000        0.25000        0.1413         1.8856         0.1413         0.0037         0.0102 
BAR-estimator:      0.25000        0.30000        0.1065         1.9921         0.1065         0.0029         0.0106 
BAR-estimator:      0.30000        0.35000        0.0803         2.0724         0.0803         0.0027         0.0109 
BAR-estimator:      0.35000        0.40000        0.0598         2.1322         0.0598         0.0029         0.0113 
BAR-estimator:      0.40000        0.45000        0.0384         2.1706         0.0384         0.0021         0.0115 
BAR-estimator:      0.45000        0.50000        0.0229         2.1935         0.0229         0.0025         0.0118 
BAR-estimator:      0.50000        0.55000       -0.0023         2.1913        -0.0023         0.0020         0.0119 
BAR-estimator:      0.55000        0.60000       -0.0534         2.1379        -0.0534         0.0023         0.0121 
BAR-estimator:      0.60000        0.65000       -0.0906         2.0472        -0.0906         0.0025         0.0124 
BAR-estimator:      0.65000        0.70000       -0.1230         1.9243        -0.1230         0.0028         0.0127 
BAR-estimator:      0.70000        0.75000       -0.1500         1.7743        -0.1500         0.0030         0.0131 
BAR-estimator:      0.75000        0.80000       -0.1744         1.5999        -0.1744         0.0023         0.0133 
BAR-estimator:      0.80000        0.85000       -0.1944         1.4055        -0.1944         0.0024         0.0135 
BAR-estimator:      0.85000        0.90000       -0.2079         1.1976        -0.2079         0.0022         0.0137 
BAR-estimator:      0.90000        0.95000       -0.2233         0.9743        -0.2233         0.0023         0.0139 
BAR-estimator:      0.95000        1.00000       -0.2339         0.7404        -0.2339         0.0022         0.0140 
BAR-estimator: total free energy change is 0.740396385309265 , total error is 0.01403731879656353
