#========================================================================================
#                     Free energy perturbation    
#----------------------------------------------------------------------------------------
#forward/backward          λ              ΔΔA                 ΔA                  δε   
#                                                 
#----------------------------------------------------------------------------------------
forward:               0.0000              0.0000              0.0000              0.0000  
forward:               0.0500              0.4583              0.4583              0.0093  
forward:               0.1000              0.3192              0.7776              0.0118  
forward:               0.1500              0.2175              0.9951              0.0133  
forward:               0.2000              0.1778              1.1729              0.0146  
forward:               0.2500              0.1536              1.3266              0.0155  
forward:               0.3000              0.1183              1.4448              0.0161  
forward:               0.3500              0.1112              1.5560              0.0168  
forward:               0.4000              0.0861              1.6422              0.0172  
forward:               0.4500              0.0777              1.7199              0.0175  
forward:               0.5000              0.0670              1.7869              0.0179  
forward:               0.5500              0.0659              1.8528              0.0183  
forward:               0.6000              0.0605              1.9133              0.0186  
forward:               0.6500              0.0560              1.9693              0.0189  
forward:               0.7000              0.0509              2.0202              0.0192  
forward:               0.7500              0.0489              2.0691              0.0195  
forward:               0.8000              0.0374              2.1065              0.0197  
forward:               0.8500              0.0332              2.1397              0.0199  
forward:               0.9000              0.0314              2.1711              0.0201  
forward:               0.9500              0.0327              2.2038              0.0204  
forward:               1.0000              0.0229              2.2267              0.0206  
backward:              1.0000              0.0000              2.2267              0.0000  
backward:              0.9500             -0.0258              2.2009              0.0035  
backward:              0.9000             -0.0423              2.1586              0.0052  
backward:              0.8500             -0.0333              2.1253              0.0060  
backward:              0.8000             -0.0413              2.0841              0.0071  
backward:              0.7500             -0.0402              2.0438              0.0082  
backward:              0.7000             -0.0430              2.0009              0.0089  
backward:              0.6500             -0.0512              1.9497              0.0100  
backward:              0.6000             -0.0540              1.8956              0.0107  
backward:              0.5500             -0.0543              1.8413              0.0113  
backward:              0.5000             -0.0696              1.7717              0.0120  
backward:              0.4500             -0.0694              1.7023              0.0126  
backward:              0.4000             -0.0898              1.6126              0.0133  
backward:              0.3500             -0.0902              1.5224              0.0141  
backward:              0.3000             -0.1054              1.4170              0.0149  
backward:              0.2500             -0.1311              1.2860              0.0157  
backward:              0.2000             -0.1480              1.1380              0.0165  
backward:              0.1500             -0.1792              0.9588              0.0175  
backward:              0.1000             -0.2388              0.7200              0.0187  
backward:              0.0500             -0.3172              0.4028              0.0207  
backward:              0.0000             -0.4505             -0.0477              0.0251  
Inaccuracy estimation
======================================================================================================
                   i        i+δi          P0_overlap_P1   δε(forward)/ε   δε(backward)/ε
======================================================================================================
inaccuracy:  0.00000        0.05000           63.84           -0.00            0.38
inaccuracy:  0.05000        0.10000           69.84           -0.01            0.24
inaccuracy:  0.10000        0.15000           76.46           -0.01            0.15
inaccuracy:  0.15000        0.20000           76.59           -0.00            0.14
inaccuracy:  0.20000        0.25000           76.94           -0.00            0.11
inaccuracy:  0.25000        0.30000           79.83           -0.00            0.09
inaccuracy:  0.30000        0.35000           79.09           -0.00            0.09
inaccuracy:  0.35000        0.40000           80.45           -0.01            0.08
inaccuracy:  0.40000        0.45000           81.80           -0.01            0.07
inaccuracy:  0.45000        0.50000           80.93           -0.01            0.07
inaccuracy:  0.50000        0.55000           81.93           -0.01            0.07
inaccuracy:  0.55000        0.60000           80.19           -0.00            0.07
inaccuracy:  0.60000        0.65000           80.23           -0.01            0.06
inaccuracy:  0.65000        0.70000           79.97           -0.01            0.07
inaccuracy:  0.70000        0.75000           79.99           -0.00            0.07
inaccuracy:  0.75000        0.80000           80.46           -0.00            0.06
inaccuracy:  0.80000        0.85000           82.12           -0.00            0.06
inaccuracy:  0.85000        0.90000           80.79           -0.01            0.06
inaccuracy:  0.90000        0.95000           81.12           -0.00            0.06
inaccuracy:  0.95000        1.00000           80.22           -0.00            0.06
===================================================================================================================================
                BAR        
-----------------------------------------------------------------------------------------------------------------------------------
BAR-estimator:         λ             λ+δλ          ΔΔA             ΔA            C               Δδe            δe       
                          
-----------------------------------------------------------------------------------------------------------------------------------
BAR-estimator:      0.00000        0.05000        0.4542         0.4542         0.4542         0.0051         0.0051 
BAR-estimator:      0.05000        0.10000        0.3199         0.7741         0.3199         0.0049         0.0070 
BAR-estimator:      0.10000        0.15000        0.2265         1.0006         0.2265         0.0041         0.0082 
BAR-estimator:      0.15000        0.20000        0.1794         1.1800         0.1794         0.0048         0.0095 
BAR-estimator:      0.20000        0.25000        0.1524         1.3325         0.1524         0.0035         0.0101 
BAR-estimator:      0.25000        0.30000        0.1228         1.4553         0.1228         0.0030         0.0105 
BAR-estimator:      0.30000        0.35000        0.1099         1.5652         0.1099         0.0032         0.0110 
BAR-estimator:      0.35000        0.40000        0.0881         1.6533         0.0881         0.0026         0.0113 
BAR-estimator:      0.40000        0.45000        0.0827         1.7360         0.0827         0.0026         0.0116 
BAR-estimator:      0.45000        0.50000        0.0679         1.8039         0.0679         0.0026         0.0118 
BAR-estimator:      0.50000        0.55000        0.0678         1.8717         0.0678         0.0025         0.0121 
BAR-estimator:      0.55000        0.60000        0.0572         1.9289         0.0572         0.0024         0.0123 
BAR-estimator:      0.60000        0.65000        0.0545         1.9834         0.0545         0.0024         0.0126 
BAR-estimator:      0.65000        0.70000        0.0489         2.0323         0.0489         0.0018         0.0127 
BAR-estimator:      0.70000        0.75000        0.0464         2.0787         0.0464         0.0023         0.0129 
BAR-estimator:      0.75000        0.80000        0.0373         2.1159         0.0373         0.0028         0.0132 
BAR-estimator:      0.80000        0.85000        0.0368         2.1527         0.0368         0.0024         0.0134 
BAR-estimator:      0.85000        0.90000        0.0315         2.1842         0.0315         0.0024         0.0136 
BAR-estimator:      0.90000        0.95000        0.0347         2.2189         0.0347         0.0026         0.0139 
BAR-estimator:      0.95000        1.00000        0.0226         2.2415         0.0226         0.0022         0.0140 
BAR-estimator: total free energy change is 2.241452615026198 , total error is 0.014047067299384125
