#========================================================================================
#                     Free energy perturbation    
#----------------------------------------------------------------------------------------
#forward/backward          λ              ΔΔA                 ΔA                  δε   
#                                                 
#----------------------------------------------------------------------------------------
forward:               0.0000              0.0000              0.0000              0.0000  
forward:               0.0500              0.4540              0.4540              0.0057  
forward:               0.1000              0.3161              0.7700              0.0077  
forward:               0.1500              0.2357              1.0057              0.0089  
forward:               0.2000              0.1816              1.1873              0.0097  
forward:               0.2500              0.1438              1.3312              0.0104  
forward:               0.3000              0.1136              1.4448              0.0110  
forward:               0.3500              0.1077              1.5525              0.0116  
forward:               0.4000              0.0871              1.6395              0.0117  
forward:               0.4500              0.0811              1.7207              0.0122  
forward:               0.5000              0.0747              1.7953              0.0127  
forward:               0.5500              0.0709              1.8662              0.0130  
forward:               0.6000              0.0578              1.9241              0.0134  
forward:               0.6500              0.0499              1.9740              0.0136  
forward:               0.7000              0.0477              2.0217              0.0139  
forward:               0.7500              0.0420              2.0637              0.0142  
forward:               0.8000              0.0428              2.1065              0.0145  
forward:               0.8500              0.0335              2.1400              0.0147  
forward:               0.9000              0.0334              2.1734              0.0150  
forward:               0.9500              0.0301              2.2035              0.0152  
forward:               1.0000              0.0293              2.2328              0.0154  
backward:              1.0000              0.0000              2.2328              0.0000  
backward:              0.9500             -0.0279              2.2049              0.0032  
backward:              0.9000             -0.0221              2.1828              0.0044  
backward:              0.8500             -0.0362              2.1466              0.0064  
backward:              0.8000             -0.0332              2.1134              0.0073  
backward:              0.7500             -0.0407              2.0727              0.0080  
backward:              0.7000             -0.0409              2.0318              0.0086  
backward:              0.6500             -0.0492              1.9826              0.0094  
backward:              0.6000             -0.0557              1.9269              0.0102  
backward:              0.5500             -0.0634              1.8636              0.0108  
backward:              0.5000             -0.0652              1.7983              0.0115  
backward:              0.4500             -0.0758              1.7225              0.0121  
backward:              0.4000             -0.0856              1.6369              0.0127  
backward:              0.3500             -0.0955              1.5414              0.0134  
backward:              0.3000             -0.1131              1.4283              0.0143  
backward:              0.2500             -0.1221              1.3062              0.0149  
backward:              0.2000             -0.1483              1.1579              0.0157  
backward:              0.1500             -0.1779              0.9800              0.0166  
backward:              0.1000             -0.2184              0.7616              0.0177  
backward:              0.0500             -0.3020              0.4596              0.0194  
backward:              0.0000             -0.4396              0.0200              0.0219  
Inaccuracy estimation
======================================================================================================
                   i        i+δi          P0_overlap_P1   δε(forward)/ε   δε(backward)/ε
======================================================================================================
inaccuracy:  0.00000        0.05000           64.64           -0.01            0.38
inaccuracy:  0.05000        0.10000           68.95           -0.01            0.23
inaccuracy:  0.10000        0.15000           72.95           -0.01            0.17
inaccuracy:  0.15000        0.20000           76.69           -0.00            0.13
inaccuracy:  0.20000        0.25000           78.47           -0.00            0.10
inaccuracy:  0.25000        0.30000           80.17           -0.00            0.09
inaccuracy:  0.30000        0.35000           79.89           -0.01            0.09
inaccuracy:  0.35000        0.40000           80.14           -0.00            0.08
inaccuracy:  0.40000        0.45000           80.65           -0.01            0.07
inaccuracy:  0.45000        0.50000           80.68           -0.00            0.07
inaccuracy:  0.50000        0.55000           79.73           -0.01            0.07
inaccuracy:  0.55000        0.60000           81.69           -0.00            0.06
inaccuracy:  0.60000        0.65000           81.50           -0.00            0.07
inaccuracy:  0.65000        0.70000           80.93           -0.01            0.07
inaccuracy:  0.70000        0.75000           80.71           -0.00            0.06
inaccuracy:  0.75000        0.80000           80.55           -0.01            0.06
inaccuracy:  0.80000        0.85000           80.51           -0.00            0.06
inaccuracy:  0.85000        0.90000           80.31           -0.00            0.06
inaccuracy:  0.90000        0.95000           79.99           -0.01            0.07
inaccuracy:  0.95000        1.00000           79.91           -0.00            0.07
===================================================================================================================================
                BAR        
-----------------------------------------------------------------------------------------------------------------------------------
BAR-estimator:         λ             λ+δλ          ΔΔA             ΔA            C               Δδe            δe       
                          
-----------------------------------------------------------------------------------------------------------------------------------
BAR-estimator:      0.00000        0.05000        0.4528         0.4528         0.4528         0.0040         0.0040 
BAR-estimator:      0.05000        0.10000        0.3088         0.7617         0.3088         0.0036         0.0054 
BAR-estimator:      0.10000        0.15000        0.2311         0.9928         0.2311         0.0044         0.0069 
BAR-estimator:      0.15000        0.20000        0.1831         1.1759         0.1831         0.0024         0.0073 
BAR-estimator:      0.20000        0.25000        0.1456         1.3216         0.1456         0.0025         0.0077 
BAR-estimator:      0.25000        0.30000        0.1170         1.4385         0.1170         0.0027         0.0082 
BAR-estimator:      0.30000        0.35000        0.1106         1.5491         0.1106         0.0025         0.0086 
BAR-estimator:      0.35000        0.40000        0.0894         1.6386         0.0894         0.0023         0.0089 
BAR-estimator:      0.40000        0.45000        0.0831         1.7217         0.0831         0.0024         0.0092 
BAR-estimator:      0.45000        0.50000        0.0755         1.7972         0.0755         0.0025         0.0095 
BAR-estimator:      0.50000        0.55000        0.0684         1.8656         0.0684         0.0023         0.0098 
BAR-estimator:      0.55000        0.60000        0.0606         1.9262         0.0606         0.0023         0.0101 
BAR-estimator:      0.60000        0.65000        0.0513         1.9775         0.0513         0.0020         0.0103 
BAR-estimator:      0.65000        0.70000        0.0486         2.0261         0.0486         0.0023         0.0105 
BAR-estimator:      0.70000        0.75000        0.0417         2.0679         0.0417         0.0022         0.0107 
BAR-estimator:      0.75000        0.80000        0.0422         2.1101         0.0422         0.0023         0.0110 
BAR-estimator:      0.80000        0.85000        0.0328         2.1429         0.0328         0.0022         0.0112 
BAR-estimator:      0.85000        0.90000        0.0331         2.1759         0.0331         0.0017         0.0113 
BAR-estimator:      0.90000        0.95000        0.0273         2.2033         0.0273         0.0020         0.0115 
BAR-estimator:      0.95000        1.00000        0.0287         2.2319         0.0287         0.0021         0.0117 
BAR-estimator: total free energy change is 2.231941526948536 , total error is 0.011691120758046944
