#========================================================================================
#                     Free energy perturbation    
#----------------------------------------------------------------------------------------
#forward/backward          λ              ΔΔA                 ΔA                  δε   
#                                                 
#----------------------------------------------------------------------------------------
forward:               0.0000              0.0000              0.0000              0.0000  
forward:               0.0500              1.6627              1.6627              0.0160  
forward:               0.1000              0.8585              2.5212              0.0204  
forward:               0.1500              0.4038              2.9250              0.0220  
forward:               0.2000              0.1661              3.0911              0.0234  
forward:               0.2500              0.0443              3.1354              0.0238  
forward:               0.3000             -0.0375              3.0979              0.0241  
forward:               0.3500             -0.0857              3.0122              0.0243  
forward:               0.4000             -0.1299              2.8823              0.0245  
forward:               0.4500             -0.1557              2.7266              0.0249  
forward:               0.5000             -0.1817              2.5449              0.0250  
forward:               0.5500             -0.5340              2.0110              0.0256  
forward:               0.6000             -1.0844              0.9266              0.0263  
forward:               0.6500             -1.5751             -0.6485              0.0273  
forward:               0.7000             -1.9860             -2.6345              0.0280  
forward:               0.7500             -2.2085             -4.8429              0.0286  
forward:               0.8000             -2.3174             -7.1603              0.0289  
forward:               0.8500             -2.3400             -9.5003              0.0292  
forward:               0.9000             -2.3214            -11.8217              0.0295  
forward:               0.9500             -2.2665            -14.0882              0.0299  
forward:               1.0000             -2.2251            -16.3133              0.0302  
backward:              1.0000              0.0000            -16.3133              0.0000  
backward:              0.9500              2.2241            -14.0892              0.0077  
backward:              0.9000              2.2726            -11.8166              0.0111  
backward:              0.8500              2.3127             -9.5039              0.0129  
backward:              0.8000              2.3348             -7.1691              0.0147  
backward:              0.7500              2.3040             -4.8651              0.0179  
backward:              0.7000              2.2231             -2.6419              0.0190  
backward:              0.6500              1.9711             -0.6708              0.0203  
backward:              0.6000              1.5558              0.8850              0.0211  
backward:              0.5500              1.0723              1.9573              0.0218  
backward:              0.5000              0.5413              2.4986              0.0227  
backward:              0.4500              0.1861              2.6847              0.0230  
backward:              0.4000              0.1564              2.8411              0.0232  
backward:              0.3500              0.1277              2.9688              0.0237  
backward:              0.3000              0.0809              3.0497              0.0241  
backward:              0.2500              0.0380              3.0876              0.0247  
backward:              0.2000             -0.0385              3.0491              0.0254  
backward:              0.1500             -0.1753              2.8738              0.0266  
backward:              0.1000             -0.4041              2.4697              0.0288  
backward:              0.0500             -0.8761              1.5936              0.0339  
backward:              0.0000             -1.6402             -0.0466              0.0544  
Inaccuracy estimation
======================================================================================================
                   i        i+δi          P0_overlap_P1   δε(forward)/ε   δε(backward)/ε
======================================================================================================
inaccuracy:  0.00000        0.05000           34.25           -0.04            2.18
inaccuracy:  0.05000        0.10000           46.33           -0.03            1.06
inaccuracy:  0.10000        0.15000           57.45           -0.02            0.50
inaccuracy:  0.15000        0.20000           65.27           -0.02            0.26
inaccuracy:  0.20000        0.25000           69.20           -0.02            0.18
inaccuracy:  0.25000        0.30000           72.06           -0.01            0.14
inaccuracy:  0.30000        0.35000           74.00           -0.02            0.11
inaccuracy:  0.35000        0.40000           75.06           -0.01            0.09
inaccuracy:  0.40000        0.45000           75.58           -0.01            0.09
inaccuracy:  0.45000        0.50000           75.51           -0.02            0.08
inaccuracy:  0.50000        0.55000           57.37           -0.22            0.18
inaccuracy:  0.55000        0.60000           58.13           -0.29            0.07
inaccuracy:  0.60000        0.65000           57.60           -0.35            0.00
inaccuracy:  0.65000        0.70000           57.88           -0.37           -0.04
inaccuracy:  0.70000        0.75000           57.98           -0.36           -0.08
inaccuracy:  0.75000        0.80000           59.22           -0.29           -0.09
inaccuracy:  0.80000        0.85000           58.53           -0.35           -0.09
inaccuracy:  0.85000        0.90000           57.82           -0.30           -0.08
inaccuracy:  0.90000        0.95000           55.77           -0.35           -0.07
inaccuracy:  0.95000        1.00000           55.29           -0.32           -0.05
===================================================================================================================================
                BAR        
-----------------------------------------------------------------------------------------------------------------------------------
BAR-estimator:         λ             λ+δλ          ΔΔA             ΔA            C               Δδe            δe       
                          
-----------------------------------------------------------------------------------------------------------------------------------
BAR-estimator:      0.00000        0.05000        1.6670         1.6670         1.6670         0.0080         0.0080 
BAR-estimator:      0.05000        0.10000        0.8723         2.5393         0.8723         0.0067         0.0104 
BAR-estimator:      0.10000        0.15000        0.4068         2.9461         0.4068         0.0053         0.0117 
BAR-estimator:      0.15000        0.20000        0.1663         3.1124         0.1663         0.0042         0.0124 
BAR-estimator:      0.20000        0.25000        0.0443         3.1567         0.0443         0.0032         0.0128 
BAR-estimator:      0.25000        0.30000       -0.0370         3.1197        -0.0370         0.0030         0.0132 
BAR-estimator:      0.30000        0.35000       -0.0830         3.0367        -0.0830         0.0026         0.0134 
BAR-estimator:      0.35000        0.40000       -0.1288         2.9079        -0.1288         0.0023         0.0136 
BAR-estimator:      0.40000        0.45000       -0.1551         2.7528        -0.1551         0.0027         0.0139 
BAR-estimator:      0.45000        0.50000       -0.1820         2.5707        -0.1820         0.0019         0.0140 
BAR-estimator:      0.50000        0.55000       -0.5351         2.0357        -0.5351         0.0032         0.0144 
BAR-estimator:      0.55000        0.60000       -1.0742         0.9615        -1.0742         0.0033         0.0147 
BAR-estimator:      0.60000        0.65000       -1.5647        -0.6032        -1.5647         0.0036         0.0152 
BAR-estimator:      0.65000        0.70000       -1.9809        -2.5841        -1.9809         0.0037         0.0156 
BAR-estimator:      0.70000        0.75000       -2.2170        -4.8011        -2.2170         0.0039         0.0161 
BAR-estimator:      0.75000        0.80000       -2.3133        -7.1144        -2.3133         0.0034         0.0165 
BAR-estimator:      0.80000        0.85000       -2.3376        -9.4521        -2.3376         0.0036         0.0169 
BAR-estimator:      0.85000        0.90000       -2.3128       -11.7649        -2.3128         0.0038         0.0173 
BAR-estimator:      0.90000        0.95000       -2.2726       -14.0375        -2.2726         0.0035         0.0177 
BAR-estimator:      0.95000        1.00000       -2.2241       -16.2616        -2.2241         0.0035         0.0180 
BAR-estimator: total free energy change is -16.261566144266443 , total error is 0.017990266286550993
