Charm++: standalone mode (not using charmrun)
Charm++> Running in Multicore mode: 12 threads (PEs)
Charm++> Using recursive bisection (scheme 3) for topology aware partitions
Converse/Charm++ Commit ID: 
CharmLB> Load balancer assumes all CPUs are same.
Charm++> Running on 1 hosts (2 sockets x 6 cores x 1 PUs = 12-way SMP)
Charm++> cpu topology info is gathered in 0.000 seconds.
Info: Built with CUDA version 11080
Pe 1 physical rank 1 will use CUDA device of pe 8
Pe 3 physical rank 3 will use CUDA device of pe 8
Pe 6 physical rank 6 will use CUDA device of pe 8
Did not find +devices i,j,k,... argument, using all
Pe 0 physical rank 0 will use CUDA device of pe 8
Pe 5 physical rank 5 will use CUDA device of pe 8
Pe 11 physical rank 11 will use CUDA device of pe 8
Pe 8 physical rank 8 binding to CUDA device 0 on k173: 'NVIDIA L40S'  Mem: 45709MB  Rev: 8.9  PCI: 0:e1:0
Pe 9 physical rank 9 will use CUDA device of pe 8
Pe 7 physical rank 7 will use CUDA device of pe 8
Pe 10 physical rank 10 will use CUDA device of pe 8
Pe 4 physical rank 4 will use CUDA device of pe 8
Pe 2 physical rank 2 will use CUDA device of pe 8
CharmLB> Load balancing instrumentation for communication is off.
Info: NAMD 3.0.1 for Linux-x86_64-multicore-CUDA
Info: 
Info: Please visit http://www.ks.uiuc.edu/Research/namd/
Info: for updates, documentation, and support information.
Info: 
Info: Please cite Phillips et al., J. Chem. Phys. 153:044130 (2020) doi:10.1063/5.0014475
Info: in all publications reporting results obtained with NAMD.
Info: 
Info: Based on Charm++/Converse 80000 for multicore-linux-x86_64-gcc
Info: Built Mon Oct 14 10:33:44 CDT 2024 by dhardy on athine.ks.uiuc.edu
Info: 1 NAMD  3.0.1  Linux-x86_64-multicore-CUDA  12    k173  z5382435
Info: Running on 12 processors, 1 nodes, 1 physical nodes.
Info: CPU topology information available.
Info: Charm++/Converse parallel runtime startup completed at 0.0804152 s
CkLoopLib is used in SMP with simple dynamic scheduling (converse-level notification)
Info: 0 MB of memory in use based on /proc/self/stat
Info: Configuration file is prod.namd
Info: Working in the current directory /srv/scratch/z5382435/.temp/2.5/4039055/30
TCL: Running FEP window   1: Lambda1 0.50   Lambda2 0.45   [dLambda -0.04999999999999999]
TCL: Suspending until startup complete.
Warning: The following variables were set in the
Warning: configuration file but will be ignored:
Warning:    switchdist (switching)
Warning: Option "1-4scaling" has been deprecated. Instead use "oneFourScaling".
Info: EXTENDED SYSTEM FILE   mobley_4039055_equil.xsc
Info: Tuning parameters to improve GPU-resident performance
Warning: Keeping margin at user-specified value 2
Warning: Performance might be improved by increasing margin size to >= 4
Warning: Disabling lonepair support due to incompatability with GPU-resident.
Info: Running with GPU-resident mode
Warning: Always using force tables for GPU nonbonded kernel due to unsupported config parameters.
Info: SIMULATION PARAMETERS:
Info: TIMESTEP               2
Info: NUMBER OF STEPS        0
Info: STEPS PER CYCLE        10
Info: PERIODIC CELL BASIS 1  30.2622 0 0
Info: PERIODIC CELL BASIS 2  0 31.3274 0
Info: PERIODIC CELL BASIS 3  0 0 31.7573
Info: PERIODIC CELL CENTER   0 0 0
Info: WRAPPING WATERS AROUND PERIODIC BOUNDARIES ON OUTPUT.
Info: WRAPPING ALL CLUSTERS AROUND PERIODIC BOUNDARIES ON OUTPUT.
Info: LOAD BALANCER  Centralized
Info: LOAD BALANCING STRATEGY  New Load Balancers -- DEFAULT
Info: LDB PERIOD             2000 steps
Info: FIRST LDB TIMESTEP     50
Info: LAST LDB TIMESTEP     -1
Info: LDB BACKGROUND SCALING 1
Info: HOM BACKGROUND SCALING 1
Info: PME BACKGROUND SCALING 1
Info: MIN ATOMS PER PATCH    40
Info: EMPTY PATCH LOAD       40 ATOMS
Info: VELOCITY FILE          mobley_4039055_equil.vel
Info: CENTER OF MASS MOVING INITIALLY? NO
Info: DIELECTRIC             1
Info: EXCLUDE                SCALED ONE-FOUR
Info: 1-4 ELECTROSTATICS SCALED BY 0.833333
Info: MODIFIED 1-4 VDW PARAMETERS WILL BE USED
Info: DCD FILENAME           mobley_4039055_prod.dcd
Info: DCD FREQUENCY          100000
Info: DCD FIRST STEP         100000
Info: DCD FILE WILL CONTAIN UNIT CELL DATA
Info: XST FILENAME           mobley_4039055_prod.xst
Info: XST FREQUENCY          100000
Info: NO VELOCITY DCD OUTPUT
Info: NO FORCE DCD OUTPUT
Info: OUTPUT FILENAME        mobley_4039055_prod
Info: BINARY OUTPUT FILES WILL BE USED
Info: RESTART FILENAME       mobley_4039055_prod.restart
Info: RESTART FREQUENCY      100000
Info: BINARY RESTART FILES WILL BE USED
Info: CUTOFF                 9
Info: PAIRLIST DISTANCE      11
Info: PAIRLIST SHRINK RATE   0.01
Info: PAIRLIST GROW RATE     0.01
Info: PAIRLIST TRIGGER       0.3
Info: PAIRLISTS PER CYCLE    2
Info: PAIRLISTS ENABLED
Info: MARGIN                 2
Info: HYDROGEN GROUP CUTOFF  2.5
Info: PATCH DIMENSION        15.5
Info: ENERGY OUTPUT STEPS    100000
Warning: The period of outputting energies relating to alchemical transformations (alchOutFreq = 50) is not a multiple of the period of computing energies (computeEnergies = 100000). If alchOutFreq is smaller than outputEnergies and computeEnergies is not defined, a better solution is to set computeEnergies explicitly and keep it the same as alchOutFreq. The simulation will use the greatest common divisor of computeEnergies and alchOutFreq as the period of energy evaluation.
Info: ENERGY EVALUATION STEPS    100000
Info: OUTPUT ENERGY PRECISION 4
Info: CROSSTERM ENERGY INCLUDED IN DIHEDRAL
Info: TIMING OUTPUT STEPS    1000000
Info: PRESSURE OUTPUT STEPS  100000
Info: ALCHEMICAL FEP ON
Info: FEP CURRENT LAMBDA VALUE     0.5
Info: FEP COMPARISON LAMBDA VALUE  0.45
Info: FEP INTRA-ALCHEMICAL NON-BONDED INTERACTIONS WILL BE RETAINED
Info: FEP INTRA-ALCHEMICAL BONDED INTERACTIONS WILL BE RETAINED
Info: FEP VDW SHIFTING COEFFICIENT 5
Info: FEP ELEC. ACTIVE FOR ANNIHILATED PARTICLES BETWEEN LAMBDA = 0 AND LAMBDA = 0.5
Info: FEP ELEC. ACTIVE FOR EXNIHILATED PARTICLES BETWEEN LAMBDA = 0.5 AND LAMBDA = 1
Info: FEP VDW ACTIVE FOR ANNIHILATED PARTICLES BETWEEN LAMBDA = 0 AND LAMBDA = 1
Info: FEP VDW ACTIVE FOR EXNIHILATED PARTICLES BETWEEN LAMBDA = 0 AND LAMBDA = 1
Info: FEP BOND ACTIVE FOR ANNIHILATED PARTICLES BETWEEN LAMBDA = 1 AND LAMBDA = 1
Info: FEP BOND ACTIVE FOR EXNIHILATED PARTICLES BETWEEN LAMBDA = 0 AND LAMBDA = 0
Info: LANGEVIN DYNAMICS ACTIVE
Info: LANGEVIN TEMPERATURE   300
Info: LANGEVIN USING BBK INTEGRATOR
Info: LANGEVIN DAMPING COEFFICIENT IS 1 INVERSE PS
Info: LANGEVIN DYNAMICS APPLIED TO HYDROGENS
Info: LANGEVIN PISTON PRESSURE CONTROL ACTIVE
Info:        TARGET PRESSURE IS 1.01325 BAR
Info:     OSCILLATION PERIOD IS 50 FS
Info:             DECAY TIME IS 25 FS
Info:     PISTON TEMPERATURE IS 300 K
Info:       PRESSURE CONTROL IS GROUP-BASED
Info:    INITIAL STRAIN RATE IS 7.21822e-06 7.21822e-06 7.21822e-06
Info:       CELL FLUCTUATION IS ISOTROPIC
Info: PARTICLE MESH EWALD (PME) ACTIVE
Info: PME TOLERANCE               1e-06
Info: PME EWALD COEFFICIENT       0.348832
Info: PME INTERPOLATION ORDER     4
Info: PME GRID DIMENSIONS         32 32 32
Info: PME MAXIMUM GRID SPACING    1
Info: PME CALCULATION WILL BE PERFORMED ON GPU
Info: FULL ELECTROSTATIC EVALUATION FREQUENCY      2
Info: USING VERLET I (r-RESPA) MTS SCHEME.
Info: C1 SPLITTING OF LONG RANGE ELECTROSTATICS
Info: PLACING ATOMS IN PATCHES BY HYDROGEN GROUPS
Info: RIGID BONDS TO HYDROGEN : ALL
Info:         ERROR TOLERANCE : 1e-08
Info:          MAX ITERATIONS : 100
Info: RIGID WATER USING SETTLE ALGORITHM
Info: RANDOM NUMBER SEED     1742779979
Info: USE HYDROGEN BONDS?    NO
Info: Using AMBER format force field!
Info: AMBER PARM FILE        mobley_4039055.prmtop
Info: COORDINATE PDB         mobley_4039055.pdb
Info: Exclusions will be read from PARM file!
Info: SCNB (VDW SCALING)     2
Info: USING ARITHMETIC MEAN TO COMBINE L-J SIGMA PARAMETERS
Info: BINARY COORDINATES     mobley_4039055_equil.coor
Info: === Start reading AMBER parm7 format file mobley_4039055.prmtop ===
Info: Complete reading ATOM_NAME with 2958 fields.
Info: Complete reading CHARGE with 2958 fields.
Info: Complete reading ATOMIC_NUMBER with 2958 fields.
Info: Complete reading MASS with 2958 fields.
Info: Complete reading ATOM_TYPE_INDEX with 2958 fields.
Info: Complete reading NUMBER_EXCLUDED_ATOMS with 2958 fields.
Info: Complete reading NONBONDED_PARM_INDEX with 64 fields.
Info: Complete reading RESIDUE_LABEL with 983 fields.
Info: Complete reading RESIDUE_POINTER with 983 fields.
Info: Complete reading BOND_FORCE_CONSTANT with 10 fields.
Info: Complete reading BOND_EQUIL_VALUE with 10 fields.
Info: Complete reading ANGLE_FORCE_CONSTANT with 14 fields.
Info: Complete reading ANGLE_EQUIL_VALUE with 14 fields.
Info: Complete reading DIHEDRAL_FORCE_CONSTANT with 7 fields.
Info: Complete reading DIHEDRAL_PERIODICITY with 7 fields.
Info: Complete reading DIHEDRAL_PHASE with 7 fields.
Info: Complete reading SCEE_SCALE_FACTOR with 7 fields.
Info: Complete reading SCNB_SCALE_FACTOR with 7 fields.
Info: Complete reading LENNARD_JONES_ACOEF with 36 fields.
Info: Complete reading LENNARD_JONES_BCOEF with 36 fields.
Info: Complete reading BONDS_INC_HYDROGEN with 8847 fields.
Info: Complete reading BONDS_WITHOUT_HYDROGEN with 27 fields.
Info: Complete reading ANGLES_INC_HYDROGEN with 24 fields.
Info: Complete reading ANGLES_WITHOUT_HYDROGEN with 48 fields.
Info: Complete reading DIHEDRALS_INC_HYDROGEN with 80 fields.
Info: Complete reading DIHEDRALS_WITHOUT_HYDROGEN with 75 fields.
Info: Complete reading EXCLUDED_ATOMS_LIST with 3981 fields.
Info: Complete reading HBOND_ACOEF with 0 fields.
Info: Complete reading HBOND_BCOEF with 0 fields.
Info: Complete reading AMBER_ATOM_TYPE with 2958 fields.
Info: Complete reading TREE_CHAIN_CLASSIFICATION with 2958 fields.
Info: Complete reading ATOMS_PER_MOLECULE with 983 fields.
Info: Complete reading BOX_DIMENSIONS with 4 fields.
Info: Complete reading RADIUS_SET with 1 fields.
Info: Complete reading RADII with 2958 fields.
Info: Complete reading SCREEN with 2958 fields.
Info: === Finish reading AMBER parm7 format file. ===
Warning: Found 982 H-H bonds.
Info: SUMMARY OF PARAMETERS:
Info: 10 BONDS
Info: 14 ANGLES
Info:   14 HARMONIC
Info:   0 COSINE-BASED
Info: 7 DIHEDRAL
Info: 0 IMPROPER
Info: 0 CROSSTERM
Info: 0 VDW
Info: 36 VDW_PAIRS
Info: 0 NBTHOLE_PAIRS
Info: Reading pdb file mobley_4039055.pdb
Info: TIME FOR READING PDB FILE: 0.0915004
Info: 
Info: To read alchdata from file: mobley_4039055.pdb
Info: To read alchflag data from column: 5
Info: ****************************
Info: STRUCTURE SUMMARY:
Info: 2958 ATOMS
Info: 2958 BONDS
Info: 18 ANGLES
Info: 31 DIHEDRALS
Info: 0 IMPROPERS
Info: 0 CROSSTERMS
Info: 2997 EXCLUSIONS
Info: 2949 RIGID BONDS
Info: ALCH: 0 ATOMS TO DISAPPEAR IN FINAL STATE
Info: ALCH: 12 ATOMS TO APPEAR IN FINAL STATE
Info: 5925 DEGREES OF FREEDOM
Info: 991 HYDROGEN GROUPS
Info: 3 ATOMS IN LARGEST HYDROGEN GROUP
Info: 991 MIGRATION GROUPS
Info: 3 ATOMS IN LARGEST MIGRATION GROUP
Info: TOTAL MASS = 17882.7 amu
Info: TOTAL CHARGE = 4.19095e-08 e
Info: MASS DENSITY = 0.986333 g/cm^3
Info: ATOM DENSITY = 0.0982493 atoms/A^3
Info: *****************************
Info: Reading from binary file mobley_4039055_equil.coor
Info: 
Info: Entering startup at 1.52839 s, 0 MB of memory in use
Info: Startup phase 0 took 8.3333e-05 s, 0 MB of memory in use
Info: ADDED 0 IMPLICIT EXCLUSIONS
Info: Startup phase 1 took 0.00109059 s, 0 MB of memory in use
Info: NONBONDED TABLE R-SQUARED SPACING: 0.0625
Info: NONBONDED TABLE SIZE: 705 POINTS
Info: INCONSISTENCY IN FAST TABLE ENERGY VS FORCE: 0.000290481 AT 0.251946
Info: INCONSISTENCY IN SCOR TABLE ENERGY VS FORCE: 0.000238233 AT 8.9687
Info: ABSOLUTE IMPRECISION IN VDWA TABLE ENERGY: 1.21169e-27 AT 8.99653
Info: ABSOLUTE IMPRECISION IN VDWA TABLE FORCE: 2.57484e-27 AT 8.99653
Info: INCONSISTENCY IN VDWA TABLE ENERGY VS FORCE: 0.0040507 AT 0.251946
Info: INCONSISTENCY IN VDWB TABLE ENERGY VS FORCE: 0.00150189 AT 0.251946
Info: Startup phase 2 took 0.000197802 s, 0 MB of memory in use
Info: Startup phase 3 took 6.173e-05 s, 0 MB of memory in use
Info: Startup phase 4 took 0.000747359 s, 0 MB of memory in use
Info: Startup phase 5 took 6.4875e-05 s, 0 MB of memory in use
Info: PATCH GRID IS 3 (PERIODIC) BY 2 (PERIODIC) BY 2 (PERIODIC)
Info: PATCH GRID IS 2-AWAY BY 1-AWAY BY 1-AWAY
Info: Reading from binary file mobley_4039055_equil.vel
Info: REMOVING COM VELOCITY -0.0103981 -0.126178 0.0214439
Info: LARGEST PATCH (11) HAS 258 ATOMS
Info: TORUS A SIZE 1 USING 0
Info: TORUS B SIZE 1 USING 0
Info: TORUS C SIZE 1 USING 0
Info: TORUS MINIMAL MESH SIZE IS 1 BY 1 BY 1
Info: Placed 100% of base nodes on same physical node as patch
Info: Startup phase 6 took 0.00670428 s, 0 MB of memory in use
Info: Use 3D box decompostion in PME FFT.
Info: PME using 1 x 1 x 1 pencil grid for FFT and reciprocal sum.
Info: Startup phase 7 took 0.000267019 s, 0 MB of memory in use
Info: Updated CUDA force table with 4096 elements.
Info: Updated CUDA LJ table with 8 x 8 elements.
Info: Startup phase 8 took 0.000657709 s, 0 MB of memory in use
Info: Startup phase 9 took 8.252e-05 s, 0 MB of memory in use
Info: Startup phase 10 took 6.4753e-05 s, 0 MB of memory in use
Info: Startup phase 11 took 0.00150851 s, 0 MB of memory in use
LDB: Central LB being created...
Info: Startup phase 12 took 0.00362039 s, 0 MB of memory in use
Info: CREATING 456 COMPUTE OBJECTS
Info: Found 14 unique exclusion lists needing 24 bytes
Info: useSync: 0 useProxySync: 0
Info: Startup phase 13 took 0.0124411 s, 0 MB of memory in use
Info: Startup phase 14 took 7.3319e-05 s, 0 MB of memory in use
Info: Startup phase 15 took 4.4071e-05 s, 0 MB of memory in use
Info: Finished startup at 1.5561 s, 0 MB of memory in use

TCL: Running for 1500000 steps
FEP: RESETTING FOR NEW FEP WINDOW LAMBDA SET TO 0.5 LAMBDA2 0.45
FEP: WINDOW TO HAVE 100000 STEPS OF EQUILIBRATION PRIOR TO FEP DATA COLLECTION.
FEP: USING CONSTANT TEMPERATURE OF 300 K FOR FEP CALCULATION
PRESSURE: 0 -230.629 365.734 -104.634 365.737 675.625 -69.1678 -104.631 -69.1685 131.817
GPRESSURE: 0 31.5641 491.124 -25.079 -74.9541 730.245 85.2968 -258.381 44.1951 62.2714
ETITLE:      TS           BOND          ANGLE          DIHED          IMPRP               ELECT            VDW       BOUNDARY           MISC        KINETIC               TOTAL           TEMP      POTENTIAL       TOTALAVG        TEMPAVG            PRESSURE      GPRESSURE         VOLUME       PRESSAVG      GPRESSAVG
FEPTITLE:    TS          BOND2         ELECT2           VDW2

ENERGY:       0         1.6798         3.8814        14.8297         0.0000         -10950.0290      1475.1247         0.0000         0.0000      1751.2568          -7703.2566       297.4759     -9454.5134     -7703.2566       297.4759            192.2709       274.6933     30107.0875       192.2709       274.6933
FEP:          0        20.3909    -10950.0290      1476.0193

OPENING FEP ENERGY OUTPUT FILE
OPENING EXTENDED SYSTEM TRAJECTORY FILE
Info: Initial time: 12 CPUs 0.000593723 s/step 291.045 ns/day 0 MB memory
Info: Initial time: 12 CPUs 0.000308046 s/step 560.956 ns/day 0 MB memory
Info: Initial time: 12 CPUs 0.0003117 s/step 554.378 ns/day 0 MB memory
Info: Benchmark time: 12 CPUs 0.000307385 s/step 562.161 ns/day 0 MB memory
Info: Benchmark time: 12 CPUs 0.000305807 s/step 565.063 ns/day 0 MB memory
Info: Benchmark time: 12 CPUs 0.000308877 s/step 559.446 ns/day 0 MB memory
Info: Benchmark time: 12 CPUs 0.000305902 s/step 564.888 ns/day 0 MB memory
Info: Benchmark time: 12 CPUs 0.000344876 s/step 501.049 ns/day 0 MB memory
Info: Benchmark time: 12 CPUs 0.000310104 s/step 557.233 ns/day 0 MB memory
PRESSURE: 100000 -818.775 403.122 364.293 403.121 -883.489 -132.677 364.296 -132.677 -449.89
GPRESSURE: 100000 -822.411 632.07 648.462 332.987 -745.41 49.3301 328.891 71.7095 -435.502
PRESSAVG: 100000 -524.702 384.429 129.833 384.429 -103.932 -100.923 129.833 -100.923 -159.037
GPRESSAVG: 100000 -395.424 561.597 311.692 129.017 -7.58294 67.3135 35.2549 57.9523 -186.615
ENERGY:  100000         2.0450         4.9296        16.9648         0.0000         -10894.9402      1392.3816         0.0000         0.0000      1803.4108          -7675.2084       306.3351     -9478.6192     -7689.2325       301.9055           -717.3846      -667.7747     30792.1463      -262.5569      -196.5407
FEP:     100000        23.9393    -10894.9402      1392.6171

WRITING EXTENDED SYSTEM TO RESTART FILE AT STEP 100000
OPENING COORDINATE DCD FILE
WRITING COORDINATES TO DCD FILE mobley_4039055_prod.dcd AT STEP 100000
WRITING COORDINATES TO RESTART FILE AT STEP 100000
FINISHED WRITING RESTART COORDINATES
The last position output (seq=100000) takes 0.016 seconds, 0.000 MB of memory in use
WRITING VELOCITIES TO RESTART FILE AT STEP 100000
FINISHED WRITING RESTART VELOCITIES
The last velocity output (seq=100000) takes 0.009 seconds, 0.000 MB of memory in use
PRESSURE: 200000 -217.843 -305.663 -18.1653 -305.667 -934.878 208.969 -18.168 208.966 -60.6056
GPRESSURE: 200000 -249.051 -251.777 -109.873 -354.152 -727.866 55.3744 117.845 230.464 -9.87229
PRESSAVG: 200000 -422.416 154.397 80.4992 154.397 -380.914 2.37339 80.4992 2.37339 -126.227
GPRESSAVG: 200000 -346.633 290.472 171.17 -32.0396 -247.677 63.3338 62.7849 115.456 -127.701
ENERGY:  200000         5.4287         3.9016        14.2125         0.0000         -10778.4559      1382.7036         0.0000         0.0000      1812.2508          -7559.9586       307.8367     -9372.2095     -7646.1412       303.8826           -404.4423      -328.9296     30805.8959      -309.8520      -240.6703
FEP:     200000        23.5427    -10778.4559      1383.4513

WRITING EXTENDED SYSTEM TO RESTART FILE AT STEP 200000
WRITING COORDINATES TO DCD FILE mobley_4039055_prod.dcd AT STEP 200000
WRITING COORDINATES TO RESTART FILE AT STEP 200000
FINISHED WRITING RESTART COORDINATES
The last position output (seq=200000) takes 0.018 seconds, 0.000 MB of memory in use
WRITING VELOCITIES TO RESTART FILE AT STEP 200000
FINISHED WRITING RESTART VELOCITIES
The last velocity output (seq=200000) takes 0.018 seconds, 0.000 MB of memory in use
PRESSURE: 300000 130.8 390.61 121.586 390.611 393.16 400.624 121.582 400.622 512.623
GPRESSURE: 300000 255.258 280.858 274.389 335.495 633.463 476.359 -206.506 269.65 168.111
PRESSAVG: 300000 -284.112 213.451 90.7698 213.451 -187.395 101.935 90.7698 101.935 33.4858
GPRESSAVG: 300000 -196.16 288.069 196.975 59.844 -27.3921 166.59 -4.53787 154.005 -53.7481
ENERGY:  300000         2.0742         3.1178        13.3924         0.0000         -10875.4027      1468.3146         0.0000         0.0000      1770.8225          -7617.6811       300.7995     -9388.5037     -7639.0262       303.1118            345.5276       352.2772     30436.4922      -146.0071       -92.4334
FEP:     300000        18.5844    -10875.4027      1468.4587

WRITING EXTENDED SYSTEM TO RESTART FILE AT STEP 300000
WRITING COORDINATES TO DCD FILE mobley_4039055_prod.dcd AT STEP 300000
WRITING COORDINATES TO RESTART FILE AT STEP 300000
FINISHED WRITING RESTART COORDINATES
The last position output (seq=300000) takes 0.018 seconds, 0.000 MB of memory in use
WRITING VELOCITIES TO RESTART FILE AT STEP 300000
FINISHED WRITING RESTART VELOCITIES
The last velocity output (seq=300000) takes 0.017 seconds, 0.000 MB of memory in use
PRESSURE: 400000 145.65 -347.521 -20.6534 -347.522 55.2066 42.976 -20.6531 42.9726 -48.6314
GPRESSURE: 400000 -5.93239 48.5949 97.6547 -418.942 234.343 84.7612 -320.165 -532.79 -30.7033
PRESSAVG: 400000 -198.159 101.256 68.4852 101.256 -138.875 90.1428 68.4852 90.1428 17.0624
GPRESSAVG: 400000 -158.115 240.174 177.111 -35.9131 24.9549 150.224 -67.6633 16.6457 -49.1391
ENERGY:  400000         1.1062         3.2657        14.4567         0.0000         -10909.6126      1456.3657         0.0000         0.0000      1769.9158          -7664.5024       300.6454     -9434.4182     -7644.1215       302.6185             50.7419        65.9025     30614.1918      -106.6573       -60.7663
FEP:     400000        18.8286    -10909.6126      1456.9833

WRITING EXTENDED SYSTEM TO RESTART FILE AT STEP 400000
WRITING COORDINATES TO DCD FILE mobley_4039055_prod.dcd AT STEP 400000
WRITING COORDINATES TO RESTART FILE AT STEP 400000
FINISHED WRITING RESTART COORDINATES
The last position output (seq=400000) takes 0.018 seconds, 0.000 MB of memory in use
WRITING VELOCITIES TO RESTART FILE AT STEP 400000
FINISHED WRITING RESTART VELOCITIES
The last velocity output (seq=400000) takes 0.018 seconds, 0.000 MB of memory in use
PRESSURE: 500000 -248.235 241.332 632.387 241.333 -115.926 -43.607 632.386 -43.6063 -1293.77
GPRESSURE: 500000 -179.158 30.5515 1122.38 260.405 -265.164 174.25 167.769 -109.826 -1084.72
PRESSAVG: 500000 -206.505 124.602 162.469 124.602 -135.05 67.8513 162.469 67.8513 -201.41
GPRESSAVG: 500000 -161.622 205.237 334.656 13.4732 -23.3982 154.229 -28.4246 -4.43285 -221.736
ENERGY:  500000         3.2926         4.1057        14.3830         0.0000         -10839.6358      1394.9819         0.0000         0.0000      1752.1391          -7670.7335       297.6258     -9422.8726     -7648.5568       301.7864           -552.6452      -509.6809     30560.3301      -180.9886      -135.5854
FEP:     500000        21.7812    -10839.6358      1395.2134

WRITING EXTENDED SYSTEM TO RESTART FILE AT STEP 500000
WRITING COORDINATES TO DCD FILE mobley_4039055_prod.dcd AT STEP 500000
WRITING COORDINATES TO RESTART FILE AT STEP 500000
FINISHED WRITING RESTART COORDINATES
The last position output (seq=500000) takes 0.022 seconds, 0.000 MB of memory in use
WRITING VELOCITIES TO RESTART FILE AT STEP 500000
FINISHED WRITING RESTART VELOCITIES
The last velocity output (seq=500000) takes 0.021 seconds, 0.000 MB of memory in use
PRESSURE: 600000 855.962 -148.93 589.449 -148.925 308.454 -307.401 589.45 -307.402 294.363
GPRESSURE: 600000 945.532 28.5949 659.764 -289.016 400.675 -456.574 542.567 -31.7121 276.769
PRESSAVG: 600000 -54.7243 85.527 223.466 85.527 -71.6924 14.2436 223.466 14.2436 -130.586
GPRESSAVG: 600000 -3.45699 180.002 381.1 -29.7396 37.1837 66.971 53.1456 -8.32988 -150.521
ENERGY:  600000         5.0499         4.0038        14.3490         0.0000         -10958.7844      1472.1809         0.0000         0.0000      1778.8465          -7684.3542       302.1625     -9463.2007     -7653.6707       301.8401            486.2595       540.9923     29852.8930       -85.6675       -38.9314
FEP:     600000        23.4028    -10958.7844      1472.6828

WRITING EXTENDED SYSTEM TO RESTART FILE AT STEP 600000
WRITING COORDINATES TO DCD FILE mobley_4039055_prod.dcd AT STEP 600000
WRITING COORDINATES TO RESTART FILE AT STEP 600000
FINISHED WRITING RESTART COORDINATES
The last position output (seq=600000) takes 0.018 seconds, 0.000 MB of memory in use
WRITING VELOCITIES TO RESTART FILE AT STEP 600000
FINISHED WRITING RESTART VELOCITIES
PRESSURE: 700000 -503.686 359.322 -77.5665 359.321 830.842 489.503 -77.5703 489.497 474.755
GPRESSURE: 700000 -290.988 287.751 35.1261 466.683 896.887 452.272 -328.051 541.272 256.229
PRESSAVG: 700000 -110.844 119.751 185.837 119.751 41.1243 73.6503 185.837 73.6503 -54.9181
GPRESSAVG: 700000 -39.3983 193.471 337.853 32.3133 144.647 115.134 5.49603 60.3704 -99.6772
ENERGY:  700000         3.2247         3.4905        14.5749         0.0000         -10754.8125      1430.5239         0.0000         0.0000      1820.9284          -7482.0700       309.3107     -9302.9985     -7632.2206       302.7739            267.3036       287.3762     30826.3556       -41.5461         1.8570
FEP:     700000        21.2901    -10754.8125      1431.0151

WRITING EXTENDED SYSTEM TO RESTART FILE AT STEP 700000
WRITING COORDINATES TO DCD FILE mobley_4039055_prod.dcd AT STEP 700000
WRITING COORDINATES TO RESTART FILE AT STEP 700000
FINISHED WRITING RESTART COORDINATES
The last position output (seq=700000) takes 0.018 seconds, 0.000 MB of memory in use
WRITING VELOCITIES TO RESTART FILE AT STEP 700000
FINISHED WRITING RESTART VELOCITIES
PRESSURE: 800000 -188.818 -201.676 -486.908 -201.674 -429.223 493.941 -486.906 493.941 274.685
GPRESSURE: 800000 -238.298 -66.2406 -564.195 -193.26 -300.744 234.407 -212.02 373.627 385.258
PRESSAVG: 800000 -119.508 84.0373 111.087 84.0373 -11.1365 120.349 111.087 120.349 -18.2956
GPRESSAVG: 800000 -61.4982 164.614 237.626 7.24959 95.1588 128.386 -18.6724 95.1766 -45.7955
ENERGY:  800000         3.3877         6.9260        15.5893         0.0000         -10821.4620      1419.3167         0.0000         0.0000      1809.1977          -7567.0446       307.3180     -9376.2423     -7624.9788       303.2788           -114.4522       -51.2611     30312.2242       -49.6468        -4.0450
FEP:     800000        25.9030    -10821.4620      1420.0504

WRITING EXTENDED SYSTEM TO RESTART FILE AT STEP 800000
WRITING COORDINATES TO DCD FILE mobley_4039055_prod.dcd AT STEP 800000
WRITING COORDINATES TO RESTART FILE AT STEP 800000
FINISHED WRITING RESTART COORDINATES
The last position output (seq=800000) takes 0.026 seconds, 0.000 MB of memory in use
WRITING VELOCITIES TO RESTART FILE AT STEP 800000
FINISHED WRITING RESTART VELOCITIES
PRESSURE: 900000 -371.448 -224.794 5.87828 -224.792 405.954 -426.845 5.87786 -426.847 557.932
GPRESSURE: 900000 -123.368 -11.7217 -3.24411 -270.362 434.377 -498.444 -119.946 -622.232 617.9
PRESSAVG: 900000 -144.702 53.1543 100.566 53.1543 30.5725 65.6297 100.566 65.6297 39.3272
GPRESSAVG: 900000 -67.6852 146.981 213.539 -20.5116 129.081 65.7033 -28.7998 23.4358 20.5741
ENERGY:  900000         4.2702         4.1420        14.4912         0.0000         -10896.2582      1454.2933         0.0000         0.0000      1801.2241          -7617.8374       305.9636     -9419.0615     -7624.2647       303.5473            197.4793       309.6364     29895.0739       -24.9341        27.3232
FEP:     900000        22.9034    -10896.2582      1454.9407

WRITING EXTENDED SYSTEM TO RESTART FILE AT STEP 900000
WRITING COORDINATES TO DCD FILE mobley_4039055_prod.dcd AT STEP 900000
WRITING COORDINATES TO RESTART FILE AT STEP 900000
FINISHED WRITING RESTART COORDINATES
The last position output (seq=900000) takes 0.021 seconds, 0.000 MB of memory in use
WRITING VELOCITIES TO RESTART FILE AT STEP 900000
FINISHED WRITING RESTART VELOCITIES
PRESSURE: 1000000 17.4542 191.034 -56.9009 191.033 747.406 -118.618 -56.9026 -118.617 768.939
GPRESSURE: 1000000 261.422 80.2401 136.039 124.365 809.641 -359.755 -268.18 0.79614 587.093
PRESSAVG: 1000000 -129.961 65.6888 86.2511 65.6888 95.7392 48.88 86.2511 48.88 105.656
GPRESSAVG: 1000000 -37.7664 140.913 206.493 -7.34102 190.95 27.0253 -50.5616 21.3776 72.0758
TIMING: 1000000  CPU: 311.545, 0.000310081/step  Wall: 312.462, 0.000312439/step, 553.067 ns/days, 0.0433943 hours remaining, 0.000000 MB of memory in use.
PERFORMANCE: 1000000  averaging 553.067 ns/day, 0.000312439 sec/step with standard deviation 0
ETITLE:      TS           BOND          ANGLE          DIHED          IMPRP               ELECT            VDW       BOUNDARY           MISC        KINETIC               TOTAL           TEMP      POTENTIAL       TOTALAVG        TEMPAVG            PRESSURE      GPRESSURE         VOLUME       PRESSAVG      GPRESSAVG
FEPTITLE:    TS          BOND2         ELECT2           VDW2

ENERGY: 1000000         4.9864         3.4686        19.3352         0.0000         -10928.3873      1496.8435         0.0000         0.0000      1780.8515          -7622.9021       302.5030     -9403.7536     -7624.1408       303.4524            511.2664       552.7188     30500.6280        23.8114        75.0864
FEP:    1000000        27.7902    -10928.3873      1497.1731

WRITING EXTENDED SYSTEM TO RESTART FILE AT STEP 1000000
WRITING COORDINATES TO DCD FILE mobley_4039055_prod.dcd AT STEP 1000000
WRITING COORDINATES TO RESTART FILE AT STEP 1000000
FINISHED WRITING RESTART COORDINATES
The last position output (seq=1000000) takes 0.017 seconds, 0.000 MB of memory in use
WRITING VELOCITIES TO RESTART FILE AT STEP 1000000
FINISHED WRITING RESTART VELOCITIES
PRESSURE: 1100000 -611.723 -147.667 718.943 -147.666 -461.592 325.686 718.945 325.685 -448.082
GPRESSURE: 1100000 -460.428 11.4807 718.518 -405.902 -155.381 364.026 666.183 429.064 -611.842
PRESSAVG: 1100000 -170.108 47.9092 138.976 47.9092 49.2949 71.9471 138.976 71.9471 59.5108
GPRESSAVG: 1100000 -72.9882 130.127 249.162 -40.5544 162.089 55.1087 9.16714 55.3515 15.0827
ENERGY: 1100000         2.3893         6.0228        15.1198         0.0000         -10876.2791      1396.6904         0.0000         0.0000      1737.3624          -7718.6943       295.1158     -9456.0567     -7632.0203       302.7577           -507.1324      -409.2171     30539.2505       -20.4340        34.7278
FEP:    1100000        23.5319    -10876.2791      1397.0799

WRITING EXTENDED SYSTEM TO RESTART FILE AT STEP 1100000
WRITING COORDINATES TO DCD FILE mobley_4039055_prod.dcd AT STEP 1100000
WRITING COORDINATES TO RESTART FILE AT STEP 1100000
FINISHED WRITING RESTART COORDINATES
WRITING VELOCITIES TO RESTART FILE AT STEP 1100000
FINISHED WRITING RESTART VELOCITIES
PRESSURE: 1200000 387.638 -11.6462 -213.075 -11.6457 66.872 -467.666 -213.075 -467.661 -568.473
GPRESSURE: 1200000 654.15 -147.422 -52.008 139.738 4.89066 -364.344 33.2168 -354.786 -452.398
PRESSAVG: 1200000 -127.204 43.3281 111.895 43.3281 50.647 30.4388 111.895 30.4388 11.2044
GPRESSAVG: 1200000 -17.0545 108.777 225.995 -26.6858 149.997 22.8432 11.0171 23.8024 -20.8774
ENERGY: 1200000         1.3124         4.3046        13.1152         0.0000         -10909.7500      1452.7390         0.0000         0.0000      1800.2705          -7638.0084       305.8016     -9438.2789     -7632.4809       302.9918            -37.9875        68.8810     30534.2813       -21.7842        37.3549
FEP:    1200000        18.7322    -10909.7500      1453.0798

WRITING EXTENDED SYSTEM TO RESTART FILE AT STEP 1200000
WRITING COORDINATES TO DCD FILE mobley_4039055_prod.dcd AT STEP 1200000
WRITING COORDINATES TO RESTART FILE AT STEP 1200000
FINISHED WRITING RESTART COORDINATES
WRITING VELOCITIES TO RESTART FILE AT STEP 1200000
FINISHED WRITING RESTART VELOCITIES
PRESSURE: 1300000 208.703 -127.391 -245.604 -127.389 -376.379 -76.8342 -245.602 -76.834 81.658
GPRESSURE: 1300000 208.312 -144.709 -140.098 -148.421 -85.1619 51.2887 -422.353 44.7888 157.868
PRESSAVG: 1300000 -103.211 31.134 86.3593 31.134 20.1452 22.7764 86.3593 22.7764 16.2368
GPRESSAVG: 1300000 -0.95689 90.6711 199.846 -35.3811 133.2 24.875 -19.9379 25.3014 -8.10986
ENERGY: 1300000         5.5581         2.7888        14.8292         0.0000         -10909.8005      1429.0828         0.0000         0.0000      1754.7095          -7702.8321       298.0624     -9457.5417     -7637.5060       302.6397            -28.6725        93.6724     30002.4241       -22.2762        41.3776
FEP:    1300000        23.1761    -10909.8005      1429.3109

WRITING EXTENDED SYSTEM TO RESTART FILE AT STEP 1300000
WRITING COORDINATES TO DCD FILE mobley_4039055_prod.dcd AT STEP 1300000
WRITING COORDINATES TO RESTART FILE AT STEP 1300000
FINISHED WRITING RESTART COORDINATES
WRITING VELOCITIES TO RESTART FILE AT STEP 1300000
FINISHED WRITING RESTART VELOCITIES
PRESSURE: 1400000 738.532 -757.536 230.698 -757.536 -512.174 -45.9535 230.692 -45.9565 447.487
GPRESSURE: 1400000 649.9 -181.596 76.3041 -650.745 -381.753 369.245 333.974 -503.229 647.008
PRESSAVG: 1400000 -47.0945 -21.4441 95.9815 -21.4441 -15.3428 18.1942 95.9815 18.1942 44.9868
GPRESSAVG: 1400000 42.4336 72.52 191.609 -76.4054 98.8694 47.833 3.65621 -9.93395 35.5647
ENERGY: 1400000         3.0341         3.6546        13.9634         0.0000         -10937.9426      1470.3225         0.0000         0.0000      1822.3824          -7624.5856       309.5576     -9446.9680     -7636.6446       303.1009            224.6149       305.0516     30333.8387        -5.8168        58.9559
FEP:    1400000        20.6521    -10937.9426      1470.7885

WRITING EXTENDED SYSTEM TO RESTART FILE AT STEP 1400000
WRITING COORDINATES TO DCD FILE mobley_4039055_prod.dcd AT STEP 1400000
WRITING COORDINATES TO RESTART FILE AT STEP 1400000
FINISHED WRITING RESTART COORDINATES
WRITING VELOCITIES TO RESTART FILE AT STEP 1400000
FINISHED WRITING RESTART VELOCITIES
PRESSURE: 1500000 220.643 -569.43 -88.8743 -569.431 543.787 0.632309 -88.872 0.63452 24.7821
GPRESSURE: 1500000 256.682 -904.509 -500.471 -429.257 694.932 -61.0639 69.9453 177.384 11.7967
PRESSAVG: 1500000 -30.3609 -55.6932 84.4281 -55.6932 19.6028 17.0967 84.4281 17.0967 43.724
GPRESSAVG: 1500000 55.8241 11.4556 148.354 -98.4587 136.123 41.0269 7.79928 1.77345 34.0792
ENERGY: 1500000         3.6045         3.8288        14.5326         0.0000         -10934.3936      1464.0536         0.0000         0.0000      1776.0468          -7672.3272       301.6869     -9448.3740     -7638.8748       303.0125            263.0710       321.1369     30215.5256        10.9887        75.3422
FEP:    1500000        21.9660    -10934.3936      1464.3740

WRITING EXTENDED SYSTEM TO RESTART FILE AT STEP 1500000
WRITING COORDINATES TO DCD FILE mobley_4039055_prod.dcd AT STEP 1500000
WRITING COORDINATES TO RESTART FILE AT STEP 1500000
FINISHED WRITING RESTART COORDINATES
WRITING VELOCITIES TO RESTART FILE AT STEP 1500000
FINISHED WRITING RESTART VELOCITIES
TCL: Exiting due to exit command.
WRITING EXTENDED SYSTEM TO OUTPUT FILE AT STEP 1500000
CLOSING EXTENDED SYSTEM TRAJECTORY FILE
WRITING COORDINATES TO OUTPUT FILE AT STEP 1500000
CLOSING COORDINATE DCD FILE mobley_4039055_prod.dcd
WRITING VELOCITIES TO OUTPUT FILE AT STEP 1500000
====================================================

WallClock: 469.529663  CPUTime: 466.506409  Memory: 0.000000 MB
[Partition 0][Node 0] End of program
