#========================================================================================
#                     Free energy perturbation    
#----------------------------------------------------------------------------------------
#forward/backward          λ              ΔΔA                 ΔA                  δε   
#                                                 
#----------------------------------------------------------------------------------------
forward:               0.0000              0.0000              0.0000              0.0000  
forward:               0.0500              1.5746              1.5746              0.0085  
forward:               0.1000              0.8977              2.4723              0.0182  
forward:               0.1500              0.4762              2.9485              0.0231  
forward:               0.2000              0.2619              3.2104              0.0245  
forward:               0.2500              0.1368              3.3471              0.0253  
forward:               0.3000              0.0805              3.4276              0.0260  
forward:               0.3500              0.0305              3.4581              0.0265  
forward:               0.4000             -0.0113              3.4468              0.0269  
forward:               0.4500             -0.0382              3.4086              0.0272  
forward:               0.5000             -0.0679              3.3407              0.0276  
forward:               0.5500             -0.1982              3.1425              0.0284  
forward:               0.6000             -0.4238              2.7187              0.0298  
forward:               0.6500             -0.6175              2.1012              0.0308  
forward:               0.7000             -0.7968              1.3044              0.0322  
forward:               0.7500             -0.8841              0.4204              0.0330  
forward:               0.8000             -0.9163             -0.4960              0.0336  
forward:               0.8500             -0.8961             -1.3921              0.0339  
forward:               0.9000             -0.8754             -2.2675              0.0342  
forward:               0.9500             -0.8396             -3.1071              0.0344  
forward:               1.0000             -0.8125             -3.9196              0.0346  
backward:              1.0000              0.0000             -3.9196              0.0000  
backward:              0.9500              0.8144             -3.1052              0.0054  
backward:              0.9000              0.8348             -2.2704              0.0077  
backward:              0.8500              0.8645             -1.4059              0.0101  
backward:              0.8000              0.8910             -0.5149              0.0123  
backward:              0.7500              0.9139              0.3990              0.0141  
backward:              0.7000              0.8879              1.2870              0.0159  
backward:              0.6500              0.8106              2.0976              0.0180  
backward:              0.6000              0.6222              2.7198              0.0198  
backward:              0.5500              0.4319              3.1517              0.0210  
backward:              0.5000              0.1934              3.3451              0.0221  
backward:              0.4500              0.0686              3.4137              0.0227  
backward:              0.4000              0.0394              3.4531              0.0233  
backward:              0.3500              0.0068              3.4599              0.0241  
backward:              0.3000             -0.0255              3.4344              0.0252  
backward:              0.2500             -0.0903              3.3441              0.0263  
backward:              0.2000             -0.1292              3.2149              0.0277  
backward:              0.1500             -0.2686              2.9463              0.0292  
backward:              0.1000             -0.4834              2.4629              0.0337  
backward:              0.0500             -0.8909              1.5720              0.0423  
backward:              0.0000             -1.5878             -0.0158              0.0546  
Inaccuracy estimation
======================================================================================================
                   i        i+δi          P0_overlap_P1   δε(forward)/ε   δε(backward)/ε
======================================================================================================
inaccuracy:  0.00000        0.05000           38.20           -0.03            1.63
inaccuracy:  0.05000        0.10000           48.03           -0.04            0.99
inaccuracy:  0.10000        0.15000           58.39           -0.02            0.47
inaccuracy:  0.15000        0.20000           65.62           -0.02            0.28
inaccuracy:  0.20000        0.25000           68.91           -0.01            0.20
inaccuracy:  0.25000        0.30000           71.24           -0.01            0.15
inaccuracy:  0.30000        0.35000           72.22           -0.01            0.13
inaccuracy:  0.35000        0.40000           74.67           -0.01            0.11
inaccuracy:  0.40000        0.45000           74.73           -0.01            0.10
inaccuracy:  0.45000        0.50000           75.98           -0.02            0.09
inaccuracy:  0.50000        0.55000           66.70           -0.07            0.15
inaccuracy:  0.55000        0.60000           67.02           -0.11            0.09
inaccuracy:  0.60000        0.65000           66.02           -0.13            0.07
inaccuracy:  0.65000        0.70000           65.40           -0.13            0.05
inaccuracy:  0.70000        0.75000           67.37           -0.11            0.05
inaccuracy:  0.75000        0.80000           67.95           -0.09            0.05
inaccuracy:  0.80000        0.85000           67.81           -0.10            0.06
inaccuracy:  0.85000        0.90000           67.51           -0.08            0.07
inaccuracy:  0.90000        0.95000           67.02           -0.08            0.08
inaccuracy:  0.95000        1.00000           66.17           -0.07            0.09
===================================================================================================================================
                BAR        
-----------------------------------------------------------------------------------------------------------------------------------
BAR-estimator:         λ             λ+δλ          ΔΔA             ΔA            C               Δδe            δe       
                          
-----------------------------------------------------------------------------------------------------------------------------------
BAR-estimator:      0.00000        0.05000        1.5874         1.5874         1.5874         0.0127         0.0127 
BAR-estimator:      0.05000        0.10000        0.8966         2.4840         0.8966         0.0095         0.0159 
BAR-estimator:      0.10000        0.15000        0.4743         2.9582         0.4743         0.0079         0.0178 
BAR-estimator:      0.15000        0.20000        0.2620         3.2202         0.2620         0.0054         0.0186 
BAR-estimator:      0.20000        0.25000        0.1367         3.3569         0.1367         0.0044         0.0191 
BAR-estimator:      0.25000        0.30000        0.0820         3.4390         0.0820         0.0044         0.0196 
BAR-estimator:      0.30000        0.35000        0.0265         3.4655         0.0265         0.0040         0.0200 
BAR-estimator:      0.35000        0.40000       -0.0090         3.4565        -0.0090         0.0038         0.0204 
BAR-estimator:      0.40000        0.45000       -0.0399         3.4166        -0.0399         0.0033         0.0206 
BAR-estimator:      0.45000        0.50000       -0.0673         3.3492        -0.0673         0.0031         0.0209 
BAR-estimator:      0.50000        0.55000       -0.1938         3.1555        -0.1938         0.0044         0.0213 
BAR-estimator:      0.55000        0.60000       -0.4306         2.7249        -0.4306         0.0042         0.0217 
BAR-estimator:      0.60000        0.65000       -0.6217         2.1032        -0.6217         0.0053         0.0224 
BAR-estimator:      0.65000        0.70000       -0.8045         1.2987        -0.8045         0.0053         0.0230 
BAR-estimator:      0.70000        0.75000       -0.8854         0.4133        -0.8854         0.0045         0.0234 
BAR-estimator:      0.75000        0.80000       -0.9146        -0.5013        -0.9146         0.0041         0.0238 
BAR-estimator:      0.80000        0.85000       -0.8951        -1.3964        -0.8951         0.0035         0.0240 
BAR-estimator:      0.85000        0.90000       -0.8721        -2.2686        -0.8721         0.0037         0.0243 
BAR-estimator:      0.90000        0.95000       -0.8374        -3.1060        -0.8374         0.0040         0.0246 
BAR-estimator:      0.95000        1.00000       -0.8115        -3.9174        -0.8115         0.0034         0.0249 
BAR-estimator: total free energy change is -3.9174418325922447 , total error is 0.02486778525639377
