#========================================================================================
#                     Free energy perturbation    
#----------------------------------------------------------------------------------------
#forward/backward          λ              ΔΔA                 ΔA                  δε   
#                                                 
#----------------------------------------------------------------------------------------
forward:               0.0000              0.0000              0.0000              0.0000  
forward:               0.0500              1.5746              1.5746              0.0190  
forward:               0.1000              0.8770              2.4516              0.0291  
forward:               0.1500              0.4726              2.9242              0.0309  
forward:               0.2000              0.2875              3.2118              0.0317  
forward:               0.2500              0.1521              3.3638              0.0322  
forward:               0.3000              0.0794              3.4432              0.0326  
forward:               0.3500              0.0338              3.4770              0.0329  
forward:               0.4000             -0.0222              3.4549              0.0332  
forward:               0.4500             -0.0404              3.4145              0.0335  
forward:               0.5000             -0.0708              3.3437              0.0337  
forward:               0.5500             -0.2021              3.1416              0.0341  
forward:               0.6000             -0.4327              2.7089              0.0346  
forward:               0.6500             -0.6437              2.0652              0.0352  
forward:               0.7000             -0.8126              1.2527              0.0358  
forward:               0.7500             -0.9066              0.3461              0.0362  
forward:               0.8000             -0.9377             -0.5916              0.0366  
forward:               0.8500             -0.9396             -1.5312              0.0381  
forward:               0.9000             -0.9095             -2.4407              0.0392  
forward:               0.9500             -0.8776             -3.3183              0.0394  
forward:               1.0000             -0.8521             -4.1705              0.0396  
backward:              1.0000              0.0000             -4.1705              0.0000  
backward:              0.9500              0.8545             -3.3159              0.0074  
backward:              0.9000              0.8722             -2.4438              0.0092  
backward:              0.8500              0.9111             -1.5327              0.0109  
backward:              0.8000              0.9275             -0.6053              0.0136  
backward:              0.7500              0.9542              0.3490              0.0148  
backward:              0.7000              0.9073              1.2563              0.0171  
backward:              0.6500              0.7929              2.0492              0.0184  
backward:              0.6000              0.6449              2.6941              0.0196  
backward:              0.5500              0.4416              3.1357              0.0208  
backward:              0.5000              0.2114              3.3471              0.0220  
backward:              0.4500              0.0697              3.4168              0.0224  
backward:              0.4000              0.0392              3.4560              0.0230  
backward:              0.3500              0.0070              3.4631              0.0237  
backward:              0.3000             -0.0318              3.4313              0.0242  
backward:              0.2500             -0.0826              3.3487              0.0251  
backward:              0.2000             -0.1459              3.2028              0.0262  
backward:              0.1500             -0.2579              2.9449              0.0270  
backward:              0.1000             -0.4885              2.4564              0.0322  
backward:              0.0500             -0.8962              1.5602              0.0380  
backward:              0.0000             -1.5231              0.0371              0.0452  
Inaccuracy estimation
======================================================================================================
                   i        i+δi          P0_overlap_P1   δε(forward)/ε   δε(backward)/ε
======================================================================================================
inaccuracy:  0.00000        0.05000           37.27           -0.03            1.64
inaccuracy:  0.05000        0.10000           48.56           -0.03            0.96
inaccuracy:  0.10000        0.15000           58.35           -0.02            0.49
inaccuracy:  0.15000        0.20000           63.69           -0.02            0.32
inaccuracy:  0.20000        0.25000           69.22           -0.02            0.20
inaccuracy:  0.25000        0.30000           70.97           -0.01            0.14
inaccuracy:  0.30000        0.35000           72.70           -0.02            0.12
inaccuracy:  0.35000        0.40000           75.92           -0.01            0.10
inaccuracy:  0.40000        0.45000           75.68           -0.02            0.10
inaccuracy:  0.45000        0.50000           75.60           -0.01            0.09
inaccuracy:  0.50000        0.55000           66.04           -0.08            0.14
inaccuracy:  0.55000        0.60000           67.13           -0.11            0.09
inaccuracy:  0.60000        0.65000           67.07           -0.14            0.07
inaccuracy:  0.65000        0.70000           67.73           -0.10            0.05
inaccuracy:  0.70000        0.75000           66.68           -0.11            0.04
inaccuracy:  0.75000        0.80000           66.69           -0.11            0.05
inaccuracy:  0.80000        0.85000           67.53           -0.10            0.05
inaccuracy:  0.85000        0.90000           66.85           -0.08            0.07
inaccuracy:  0.90000        0.95000           66.60           -0.08            0.07
inaccuracy:  0.95000        1.00000           65.74           -0.09            0.08
===================================================================================================================================
                BAR        
-----------------------------------------------------------------------------------------------------------------------------------
BAR-estimator:         λ             λ+δλ          ΔΔA             ΔA            C               Δδe            δe       
                          
-----------------------------------------------------------------------------------------------------------------------------------
BAR-estimator:      0.00000        0.05000        1.5638         1.5638         1.5638         0.0094         0.0094 
BAR-estimator:      0.05000        0.10000        0.8922         2.4560         0.8922         0.0136         0.0165 
BAR-estimator:      0.10000        0.15000        0.4770         2.9330         0.4770         0.0067         0.0178 
BAR-estimator:      0.15000        0.20000        0.2793         3.2123         0.2793         0.0049         0.0185 
BAR-estimator:      0.20000        0.25000        0.1510         3.3633         0.1510         0.0041         0.0189 
BAR-estimator:      0.25000        0.30000        0.0780         3.4413         0.0780         0.0042         0.0194 
BAR-estimator:      0.30000        0.35000        0.0317         3.4730         0.0317         0.0037         0.0197 
BAR-estimator:      0.35000        0.40000       -0.0182         3.4548        -0.0182         0.0032         0.0200 
BAR-estimator:      0.40000        0.45000       -0.0386         3.4161        -0.0386         0.0033         0.0202 
BAR-estimator:      0.45000        0.50000       -0.0700         3.3462        -0.0700         0.0027         0.0204 
BAR-estimator:      0.50000        0.55000       -0.2070         3.1392        -0.2070         0.0035         0.0207 
BAR-estimator:      0.55000        0.60000       -0.4340         2.7051        -0.4340         0.0041         0.0211 
BAR-estimator:      0.60000        0.65000       -0.6448         2.0604        -0.6448         0.0039         0.0215 
BAR-estimator:      0.65000        0.70000       -0.8044         1.2560        -0.8044         0.0036         0.0218 
BAR-estimator:      0.70000        0.75000       -0.9083         0.3477        -0.9083         0.0038         0.0221 
BAR-estimator:      0.75000        0.80000       -0.9470        -0.5993        -0.9470         0.0037         0.0224 
BAR-estimator:      0.80000        0.85000       -0.9331        -1.5325        -0.9331         0.0058         0.0232 
BAR-estimator:      0.85000        0.90000       -0.9084        -2.4409        -0.9084         0.0038         0.0235 
BAR-estimator:      0.90000        0.95000       -0.8766        -3.3175        -0.8766         0.0034         0.0237 
BAR-estimator:      0.95000        1.00000       -0.8538        -4.1713        -0.8538         0.0034         0.0240 
BAR-estimator: total free energy change is -4.171289518012024 , total error is 0.023952759689012896
