#========================================================================================
#                     Free energy perturbation    
#----------------------------------------------------------------------------------------
#forward/backward          λ              ΔΔA                 ΔA                  δε   
#                                                 
#----------------------------------------------------------------------------------------
forward:               0.0000              0.0000              0.0000              0.0000  
forward:               0.0500              2.1529              2.1529              0.0268  
forward:               0.1000              1.1421              3.2950              0.0347  
forward:               0.1500              0.5860              3.8811              0.0365  
forward:               0.2000              0.2657              4.1468              0.0381  
forward:               0.2500              0.1359              4.2828              0.0389  
forward:               0.3000              0.0289              4.3117              0.0394  
forward:               0.3500             -0.0313              4.2804              0.0397  
forward:               0.4000             -0.0832              4.1972              0.0400  
forward:               0.4500             -0.0959              4.1013              0.0403  
forward:               0.5000             -0.1470              3.9543              0.0406  
forward:               0.5500             -0.1832              3.7712              0.0408  
forward:               0.6000             -0.2576              3.5136              0.0410  
forward:               0.6500             -0.3056              3.2079              0.0412  
forward:               0.7000             -0.3575              2.8504              0.0414  
forward:               0.7500             -0.3795              2.4709              0.0416  
forward:               0.8000             -0.4059              2.0650              0.0418  
forward:               0.8500             -0.4284              1.6365              0.0420  
forward:               0.9000             -0.4441              1.1924              0.0421  
forward:               0.9500             -0.4586              0.7339              0.0423  
forward:               1.0000             -0.4764              0.2575              0.0424  
backward:              1.0000              0.0000              0.2575              0.0000  
backward:              0.9500              0.4767              0.7342              0.0040  
backward:              0.9000              0.4604              1.1946              0.0056  
backward:              0.8500              0.4420              1.6366              0.0073  
backward:              0.8000              0.4289              2.0655              0.0083  
backward:              0.7500              0.4037              2.4692              0.0093  
backward:              0.7000              0.3740              2.8431              0.0103  
backward:              0.6500              0.3493              3.1924              0.0112  
backward:              0.6000              0.3054              3.4978              0.0123  
backward:              0.5500              0.2603              3.7581              0.0133  
backward:              0.5000              0.1824              3.9405              0.0144  
backward:              0.4500              0.1241              4.0646              0.0155  
backward:              0.4000              0.1116              4.1762              0.0164  
backward:              0.3500              0.0701              4.2464              0.0178  
backward:              0.3000              0.0279              4.2743              0.0189  
backward:              0.2500             -0.0338              4.2405              0.0203  
backward:              0.2000             -0.1198              4.1208              0.0222  
backward:              0.1500             -0.2818              3.8389              0.0251  
backward:              0.1000             -0.5840              3.2549              0.0328  
backward:              0.0500             -1.1178              2.1371              0.0488  
backward:              0.0000             -2.0471              0.0899              0.0613  
Inaccuracy estimation
======================================================================================================
                   i        i+δi          P0_overlap_P1   δε(forward)/ε   δε(backward)/ε
======================================================================================================
inaccuracy:  0.00000        0.05000           30.45            0.02            2.79
inaccuracy:  0.05000        0.10000           41.53           -0.05            1.38
inaccuracy:  0.10000        0.15000           53.04           -0.03            0.66
inaccuracy:  0.15000        0.20000           63.26           -0.03            0.34
inaccuracy:  0.20000        0.25000           66.35           -0.03            0.23
inaccuracy:  0.25000        0.30000           70.43           -0.02            0.16
inaccuracy:  0.30000        0.35000           72.48           -0.01            0.13
inaccuracy:  0.35000        0.40000           73.67           -0.01            0.10
inaccuracy:  0.40000        0.45000           72.49           -0.02            0.10
inaccuracy:  0.45000        0.50000           76.76           -0.02            0.08
inaccuracy:  0.50000        0.55000           72.46           -0.03            0.10
inaccuracy:  0.55000        0.60000           73.22           -0.03            0.07
inaccuracy:  0.60000        0.65000           73.98           -0.03            0.07
inaccuracy:  0.65000        0.70000           74.89           -0.03            0.06
inaccuracy:  0.70000        0.75000           75.47           -0.03            0.06
inaccuracy:  0.75000        0.80000           74.83           -0.03            0.06
inaccuracy:  0.80000        0.85000           75.03           -0.02            0.06
inaccuracy:  0.85000        0.90000           75.23           -0.04            0.06
inaccuracy:  0.90000        0.95000           73.79           -0.03            0.06
inaccuracy:  0.95000        1.00000           74.43           -0.03            0.06
===================================================================================================================================
                BAR        
-----------------------------------------------------------------------------------------------------------------------------------
BAR-estimator:         λ             λ+δλ          ΔΔA             ΔA            C               Δδe            δe       
                          
-----------------------------------------------------------------------------------------------------------------------------------
BAR-estimator:      0.00000        0.05000        2.1357         2.1357         2.1357         0.0141         0.0141 
BAR-estimator:      0.05000        0.10000        1.1338         3.2695         1.1338         0.0120         0.0185 
BAR-estimator:      0.10000        0.15000        0.5853         3.8548         0.5853         0.0079         0.0201 
BAR-estimator:      0.15000        0.20000        0.2733         4.1281         0.2733         0.0071         0.0213 
BAR-estimator:      0.20000        0.25000        0.1321         4.2602         0.1321         0.0051         0.0219 
BAR-estimator:      0.25000        0.30000        0.0310         4.2912         0.0310         0.0042         0.0223 
BAR-estimator:      0.30000        0.35000       -0.0303         4.2609        -0.0303         0.0037         0.0226 
BAR-estimator:      0.35000        0.40000       -0.0801         4.1808        -0.0801         0.0035         0.0229 
BAR-estimator:      0.40000        0.45000       -0.1005         4.0803        -0.1005         0.0033         0.0231 
BAR-estimator:      0.45000        0.50000       -0.1388         3.9415        -0.1388         0.0031         0.0234 
BAR-estimator:      0.50000        0.55000       -0.1830         3.7585        -0.1830         0.0031         0.0236 
BAR-estimator:      0.55000        0.60000       -0.2605         3.4980        -0.2605         0.0031         0.0238 
BAR-estimator:      0.60000        0.65000       -0.3070         3.1910        -0.3070         0.0031         0.0240 
BAR-estimator:      0.65000        0.70000       -0.3544         2.8366        -0.3544         0.0029         0.0241 
BAR-estimator:      0.70000        0.75000       -0.3768         2.4598        -0.3768         0.0030         0.0243 
BAR-estimator:      0.75000        0.80000       -0.4051         2.0547        -0.4051         0.0030         0.0245 
BAR-estimator:      0.80000        0.85000       -0.4270         1.6277        -0.4270         0.0031         0.0247 
BAR-estimator:      0.85000        0.90000       -0.4442         1.1835        -0.4442         0.0029         0.0249 
BAR-estimator:      0.90000        0.95000       -0.4594         0.7241        -0.4594         0.0036         0.0251 
BAR-estimator:      0.95000        1.00000       -0.4763         0.2477        -0.4763         0.0028         0.0253 
BAR-estimator: total free energy change is 0.2477208519826865 , total error is 0.025293951658934555
