#========================================================================================
#                     Free energy perturbation    
#----------------------------------------------------------------------------------------
#forward/backward          λ              ΔΔA                 ΔA                  δε   
#                                                 
#----------------------------------------------------------------------------------------
forward:               0.0000              0.0000              0.0000              0.0000  
forward:               0.0500              2.1072              2.1072              0.0264  
forward:               0.1000              1.1749              3.2821              0.0318  
forward:               0.1500              0.6003              3.8824              0.0362  
forward:               0.2000              0.3044              4.1868              0.0376  
forward:               0.2500              0.1278              4.3146              0.0382  
forward:               0.3000              0.0340              4.3486              0.0387  
forward:               0.3500             -0.0144              4.3342              0.0391  
forward:               0.4000             -0.0718              4.2624              0.0394  
forward:               0.4500             -0.1078              4.1545              0.0396  
forward:               0.5000             -0.1292              4.0254              0.0398  
forward:               0.5500             -0.1853              3.8400              0.0400  
forward:               0.6000             -0.2588              3.5812              0.0402  
forward:               0.6500             -0.3014              3.2798              0.0403  
forward:               0.7000             -0.3409              2.9389              0.0405  
forward:               0.7500             -0.3776              2.5613              0.0406  
forward:               0.8000             -0.4060              2.1552              0.0408  
forward:               0.8500             -0.4194              1.7358              0.0409  
forward:               0.9000             -0.4371              1.2987              0.0410  
forward:               0.9500             -0.4619              0.8368              0.0411  
forward:               1.0000             -0.4704              0.3664              0.0412  
backward:              1.0000              0.0000              0.3664              0.0000  
backward:              0.9500              0.4654              0.8318              0.0045  
backward:              0.9000              0.4555              1.2873              0.0063  
backward:              0.8500              0.4353              1.7226              0.0075  
backward:              0.8000              0.4151              2.1377              0.0086  
backward:              0.7500              0.3987              2.5364              0.0094  
backward:              0.7000              0.3692              2.9056              0.0104  
backward:              0.6500              0.3489              3.2545              0.0111  
backward:              0.6000              0.2991              3.5536              0.0123  
backward:              0.5500              0.2517              3.8053              0.0132  
backward:              0.5000              0.1780              3.9832              0.0142  
backward:              0.4500              0.1404              4.1236              0.0150  
backward:              0.4000              0.1052              4.2288              0.0158  
backward:              0.3500              0.0665              4.2953              0.0169  
backward:              0.3000              0.0330              4.3283              0.0181  
backward:              0.2500             -0.0364              4.2919              0.0192  
backward:              0.2000             -0.1408              4.1511              0.0211  
backward:              0.1500             -0.3096              3.8416              0.0247  
backward:              0.1000             -0.5563              3.2852              0.0291  
backward:              0.0500             -1.1428              2.1424              0.0418  
backward:              0.0000             -2.0480              0.0944              0.0680  
Inaccuracy estimation
======================================================================================================
                   i        i+δi          P0_overlap_P1   δε(forward)/ε   δε(backward)/ε
======================================================================================================
inaccuracy:  0.00000        0.05000           30.30            0.02            2.69
inaccuracy:  0.05000        0.10000           41.03           -0.05            1.43
inaccuracy:  0.10000        0.15000           52.58           -0.03            0.71
inaccuracy:  0.15000        0.20000           62.10           -0.03            0.35
inaccuracy:  0.20000        0.25000           67.94           -0.02            0.23
inaccuracy:  0.25000        0.30000           70.46           -0.02            0.16
inaccuracy:  0.30000        0.35000           70.20           -0.01            0.14
inaccuracy:  0.35000        0.40000           73.83           -0.02            0.11
inaccuracy:  0.40000        0.45000           74.43           -0.02            0.09
inaccuracy:  0.45000        0.50000           73.57           -0.02            0.09
inaccuracy:  0.50000        0.55000           72.57           -0.03            0.09
inaccuracy:  0.55000        0.60000           73.97           -0.03            0.08
inaccuracy:  0.60000        0.65000           73.56           -0.03            0.07
inaccuracy:  0.65000        0.70000           74.14           -0.03            0.07
inaccuracy:  0.70000        0.75000           75.69           -0.03            0.06
inaccuracy:  0.75000        0.80000           74.93           -0.03            0.06
inaccuracy:  0.80000        0.85000           74.48           -0.03            0.05
inaccuracy:  0.85000        0.90000           74.75           -0.03            0.06
inaccuracy:  0.90000        0.95000           75.24           -0.03            0.05
inaccuracy:  0.95000        1.00000           74.25           -0.03            0.05
===================================================================================================================================
                BAR        
-----------------------------------------------------------------------------------------------------------------------------------
BAR-estimator:         λ             λ+δλ          ΔΔA             ΔA            C               Δδe            δe       
                          
-----------------------------------------------------------------------------------------------------------------------------------
BAR-estimator:      0.00000        0.05000        2.1062         2.1062         2.1062         0.0120         0.0120 
BAR-estimator:      0.05000        0.10000        1.1751         3.2813         1.1751         0.0099         0.0156 
BAR-estimator:      0.10000        0.15000        0.5971         3.8784         0.5971         0.0080         0.0175 
BAR-estimator:      0.15000        0.20000        0.3055         4.1839         0.3055         0.0065         0.0186 
BAR-estimator:      0.20000        0.25000        0.1330         4.3169         0.1330         0.0047         0.0192 
BAR-estimator:      0.25000        0.30000        0.0375         4.3544         0.0375         0.0039         0.0196 
BAR-estimator:      0.30000        0.35000       -0.0200         4.3344        -0.0200         0.0039         0.0200 
BAR-estimator:      0.35000        0.40000       -0.0692         4.2652        -0.0692         0.0034         0.0203 
BAR-estimator:      0.40000        0.45000       -0.1077         4.1575        -0.1077         0.0029         0.0205 
BAR-estimator:      0.45000        0.50000       -0.1342         4.0232        -0.1342         0.0028         0.0207 
BAR-estimator:      0.50000        0.55000       -0.1839         3.8393        -0.1839         0.0029         0.0209 
BAR-estimator:      0.55000        0.60000       -0.2556         3.5838        -0.2556         0.0029         0.0211 
BAR-estimator:      0.60000        0.65000       -0.3040         3.2798        -0.3040         0.0027         0.0213 
BAR-estimator:      0.65000        0.70000       -0.3425         2.9372        -0.3425         0.0028         0.0214 
BAR-estimator:      0.70000        0.75000       -0.3739         2.5633        -0.3739         0.0026         0.0216 
BAR-estimator:      0.75000        0.80000       -0.4025         2.1609        -0.4025         0.0028         0.0218 
BAR-estimator:      0.80000        0.85000       -0.4200         1.7409        -0.4200         0.0028         0.0220 
BAR-estimator:      0.85000        0.90000       -0.4362         1.3047        -0.4362         0.0025         0.0221 
BAR-estimator:      0.90000        0.95000       -0.4594         0.8452        -0.4594         0.0027         0.0223 
BAR-estimator:      0.95000        1.00000       -0.4693         0.3759        -0.4693         0.0030         0.0225 
BAR-estimator: total free energy change is 0.37589971347790574 , total error is 0.022476009220541136
