#========================================================================================
#                     Free energy perturbation    
#----------------------------------------------------------------------------------------
#forward/backward          λ              ΔΔA                 ΔA                  δε   
#                                                 
#----------------------------------------------------------------------------------------
forward:               0.0000              0.0000              0.0000              0.0000  
forward:               0.0500              0.5418              0.5418              0.0119  
forward:               0.1000              0.3550              0.8968              0.0150  
forward:               0.1500              0.2664              1.1632              0.0168  
forward:               0.2000              0.1909              1.3541              0.0177  
forward:               0.2500              0.1485              1.5026              0.0184  
forward:               0.3000              0.1146              1.6172              0.0190  
forward:               0.3500              0.1095              1.7267              0.0195  
forward:               0.4000              0.0728              1.7996              0.0198  
forward:               0.4500              0.0663              1.8658              0.0202  
forward:               0.5000              0.0540              1.9199              0.0208  
forward:               0.5500              0.0219              1.9418              0.0212  
forward:               0.6000             -0.0703              1.8715              0.0217  
forward:               0.6500             -0.1609              1.7106              0.0223  
forward:               0.7000             -0.2273              1.4833              0.0227  
forward:               0.7500             -0.2820              1.2013              0.0231  
forward:               0.8000             -0.3210              0.8803              0.0235  
forward:               0.8500             -0.3509              0.5295              0.0238  
forward:               0.9000             -0.3601              0.1694              0.0241  
forward:               0.9500             -0.3582             -0.1888              0.0244  
forward:               1.0000             -0.3708             -0.5596              0.0251  
backward:              1.0000              0.0000             -0.5596              0.0000  
backward:              0.9500              0.3616             -0.1981              0.0040  
backward:              0.9000              0.3633              0.1652              0.0061  
backward:              0.8500              0.3566              0.5218              0.0074  
backward:              0.8000              0.3452              0.8670              0.0088  
backward:              0.7500              0.3218              1.1887              0.0100  
backward:              0.7000              0.2817              1.4705              0.0111  
backward:              0.6500              0.2249              1.6953              0.0121  
backward:              0.6000              0.1569              1.8523              0.0131  
backward:              0.5500              0.0765              1.9287              0.0140  
backward:              0.5000             -0.0096              1.9192              0.0149  
backward:              0.4500             -0.0528              1.8664              0.0154  
backward:              0.4000             -0.0676              1.7988              0.0160  
backward:              0.3500             -0.0834              1.7154              0.0166  
backward:              0.3000             -0.0922              1.6232              0.0172  
backward:              0.2500             -0.1169              1.5064              0.0181  
backward:              0.2000             -0.1388              1.3675              0.0190  
backward:              0.1500             -0.1884              1.1791              0.0202  
backward:              0.1000             -0.2653              0.9138              0.0215  
backward:              0.0500             -0.3709              0.5429              0.0249  
backward:              0.0000             -0.5505             -0.0076              0.0289  
Inaccuracy estimation
======================================================================================================
                   i        i+δi          P0_overlap_P1   δε(forward)/ε   δε(backward)/ε
======================================================================================================
inaccuracy:  0.00000        0.05000           62.17           -0.01            0.38
inaccuracy:  0.05000        0.10000           68.82           -0.00            0.29
inaccuracy:  0.10000        0.15000           71.70           -0.00            0.20
inaccuracy:  0.15000        0.20000           75.21           -0.00            0.15
inaccuracy:  0.20000        0.25000           76.14           -0.00            0.12
inaccuracy:  0.25000        0.30000           77.29           -0.01            0.10
inaccuracy:  0.30000        0.35000           76.17           -0.01            0.10
inaccuracy:  0.35000        0.40000           80.43           -0.01            0.08
inaccuracy:  0.40000        0.45000           79.53           -0.00            0.08
inaccuracy:  0.45000        0.50000           79.91           -0.01            0.08
inaccuracy:  0.50000        0.55000           74.55           -0.03            0.09
inaccuracy:  0.55000        0.60000           75.33           -0.03            0.08
inaccuracy:  0.60000        0.65000           76.02           -0.03            0.07
inaccuracy:  0.65000        0.70000           75.84           -0.04            0.06
inaccuracy:  0.70000        0.75000           75.97           -0.03            0.06
inaccuracy:  0.75000        0.80000           75.70           -0.03            0.06
inaccuracy:  0.80000        0.85000           76.43           -0.02            0.06
inaccuracy:  0.85000        0.90000           76.10           -0.03            0.06
inaccuracy:  0.90000        0.95000           74.91           -0.03            0.06
inaccuracy:  0.95000        1.00000           76.03           -0.03            0.07
===================================================================================================================================
                BAR        
-----------------------------------------------------------------------------------------------------------------------------------
BAR-estimator:         λ             λ+δλ          ΔΔA             ΔA            C               Δδe            δe       
                          
-----------------------------------------------------------------------------------------------------------------------------------
BAR-estimator:      0.00000        0.05000        0.5413         0.5413         0.5413         0.0070         0.0070 
BAR-estimator:      0.05000        0.10000        0.3633         0.9046         0.3633         0.0058         0.0091 
BAR-estimator:      0.10000        0.15000        0.2679         1.1725         0.2679         0.0059         0.0109 
BAR-estimator:      0.15000        0.20000        0.1920         1.3645         0.1920         0.0039         0.0116 
BAR-estimator:      0.20000        0.25000        0.1451         1.5096         0.1451         0.0035         0.0121 
BAR-estimator:      0.25000        0.30000        0.1162         1.6258         0.1162         0.0033         0.0125 
BAR-estimator:      0.30000        0.35000        0.1020         1.7278         0.1020         0.0031         0.0129 
BAR-estimator:      0.35000        0.40000        0.0782         1.8060         0.0782         0.0027         0.0132 
BAR-estimator:      0.40000        0.45000        0.0666         1.8727         0.0666         0.0027         0.0134 
BAR-estimator:      0.45000        0.50000        0.0550         1.9277         0.0550         0.0032         0.0138 
BAR-estimator:      0.50000        0.55000        0.0161         1.9438         0.0161         0.0031         0.0142 
BAR-estimator:      0.55000        0.60000       -0.0729         1.8709        -0.0729         0.0032         0.0145 
BAR-estimator:      0.60000        0.65000       -0.1572         1.7137        -0.1572         0.0028         0.0148 
BAR-estimator:      0.65000        0.70000       -0.2271         1.4866        -0.2271         0.0030         0.0151 
BAR-estimator:      0.70000        0.75000       -0.2824         1.2042        -0.2824         0.0034         0.0155 
BAR-estimator:      0.75000        0.80000       -0.3217         0.8825        -0.3217         0.0031         0.0158 
BAR-estimator:      0.80000        0.85000       -0.3470         0.5355        -0.3470         0.0030         0.0160 
BAR-estimator:      0.85000        0.90000       -0.3600         0.1754        -0.3600         0.0030         0.0163 
BAR-estimator:      0.90000        0.95000       -0.3601        -0.1846        -0.3601         0.0029         0.0166 
BAR-estimator:      0.95000        1.00000       -0.3671        -0.5517        -0.3671         0.0030         0.0169 
BAR-estimator: total free energy change is -0.551714388646408 , total error is 0.016862994651276705
