#========================================================================================
#                     Free energy perturbation    
#----------------------------------------------------------------------------------------
#forward/backward          λ              ΔΔA                 ΔA                  δε   
#                                                 
#----------------------------------------------------------------------------------------
forward:               0.0000              0.0000              0.0000              0.0000  
forward:               0.0500              0.5308              0.5308              0.0073  
forward:               0.1000              0.3699              0.9006              0.0094  
forward:               0.1500              0.2674              1.1680              0.0108  
forward:               0.2000              0.2078              1.3759              0.0118  
forward:               0.2500              0.1582              1.5341              0.0125  
forward:               0.3000              0.1221              1.6562              0.0131  
forward:               0.3500              0.1003              1.7565              0.0136  
forward:               0.4000              0.0791              1.8356              0.0141  
forward:               0.4500              0.0708              1.9064              0.0143  
forward:               0.5000              0.0597              1.9661              0.0147  
forward:               0.5500              0.0148              1.9809              0.0151  
forward:               0.6000             -0.0740              1.9070              0.0155  
forward:               0.6500             -0.1574              1.7496              0.0159  
forward:               0.7000             -0.2314              1.5182              0.0163  
forward:               0.7500             -0.2871              1.2312              0.0167  
forward:               0.8000             -0.3325              0.8986              0.0171  
forward:               0.8500             -0.3475              0.5511              0.0175  
forward:               0.9000             -0.3603              0.1908              0.0178  
forward:               0.9500             -0.3619             -0.1711              0.0180  
forward:               1.0000             -0.3678             -0.5389              0.0182  
backward:              1.0000              0.0000             -0.5389              0.0000  
backward:              0.9500              0.3739             -0.1650              0.0041  
backward:              0.9000              0.3658              0.2007              0.0057  
backward:              0.8500              0.3641              0.5648              0.0067  
backward:              0.8000              0.3531              0.9179              0.0075  
backward:              0.7500              0.3195              1.2374              0.0085  
backward:              0.7000              0.2813              1.5187              0.0101  
backward:              0.6500              0.2236              1.7423              0.0113  
backward:              0.6000              0.1574              1.8997              0.0119  
backward:              0.5500              0.0731              1.9727              0.0132  
backward:              0.5000             -0.0170              1.9558              0.0138  
backward:              0.4500             -0.0563              1.8995              0.0148  
backward:              0.4000             -0.0714              1.8281              0.0155  
backward:              0.3500             -0.0773              1.7508              0.0160  
backward:              0.3000             -0.0939              1.6569              0.0166  
backward:              0.2500             -0.1223              1.5346              0.0174  
backward:              0.2000             -0.1496              1.3850              0.0184  
backward:              0.1500             -0.2032              1.1818              0.0193  
backward:              0.1000             -0.2925              0.8894              0.0254  
backward:              0.0500             -0.3700              0.5193              0.0270  
backward:              0.0000             -0.5234             -0.0040              0.0290  
Inaccuracy estimation
======================================================================================================
                   i        i+δi          P0_overlap_P1   δε(forward)/ε   δε(backward)/ε
======================================================================================================
inaccuracy:  0.00000        0.05000           62.33           -0.01            0.41
inaccuracy:  0.05000        0.10000           68.49           -0.01            0.29
inaccuracy:  0.10000        0.15000           71.93           -0.00            0.19
inaccuracy:  0.15000        0.20000           73.32           -0.00            0.15
inaccuracy:  0.20000        0.25000           75.72           -0.00            0.12
inaccuracy:  0.25000        0.30000           77.93           -0.00            0.10
inaccuracy:  0.30000        0.35000           77.88           -0.00            0.09
inaccuracy:  0.35000        0.40000           78.92           -0.00            0.08
inaccuracy:  0.40000        0.45000           79.59           -0.00            0.08
inaccuracy:  0.45000        0.50000           80.03           -0.01            0.08
inaccuracy:  0.50000        0.55000           75.11           -0.03            0.09
inaccuracy:  0.55000        0.60000           76.18           -0.04            0.08
inaccuracy:  0.60000        0.65000           75.70           -0.04            0.07
inaccuracy:  0.65000        0.70000           75.68           -0.04            0.06
inaccuracy:  0.70000        0.75000           75.48           -0.03            0.06
inaccuracy:  0.75000        0.80000           76.87           -0.03            0.06
inaccuracy:  0.80000        0.85000           75.40           -0.04            0.06
inaccuracy:  0.85000        0.90000           75.63           -0.03            0.06
inaccuracy:  0.90000        0.95000           74.54           -0.03            0.06
inaccuracy:  0.95000        1.00000           74.52           -0.03            0.07
===================================================================================================================================
                BAR        
-----------------------------------------------------------------------------------------------------------------------------------
BAR-estimator:         λ             λ+δλ          ΔΔA             ΔA            C               Δδe            δe       
                          
-----------------------------------------------------------------------------------------------------------------------------------
BAR-estimator:      0.00000        0.05000        0.5307         0.5307         0.5307         0.0048         0.0048 
BAR-estimator:      0.05000        0.10000        0.3752         0.9059         0.3752         0.0039         0.0062 
BAR-estimator:      0.10000        0.15000        0.2681         1.1740         0.2681         0.0038         0.0072 
BAR-estimator:      0.15000        0.20000        0.2041         1.3781         0.2041         0.0033         0.0080 
BAR-estimator:      0.20000        0.25000        0.1556         1.5337         0.1556         0.0033         0.0086 
BAR-estimator:      0.25000        0.30000        0.1229         1.6566         0.1229         0.0028         0.0090 
BAR-estimator:      0.30000        0.35000        0.0987         1.7553         0.0987         0.0026         0.0094 
BAR-estimator:      0.35000        0.40000        0.0787         1.8340         0.0787         0.0025         0.0097 
BAR-estimator:      0.40000        0.45000        0.0708         1.9048         0.0708         0.0023         0.0100 
BAR-estimator:      0.45000        0.50000        0.0599         1.9647         0.0599         0.0024         0.0103 
BAR-estimator:      0.50000        0.55000        0.0156         1.9803         0.0156         0.0032         0.0108 
BAR-estimator:      0.55000        0.60000       -0.0735         1.9068        -0.0735         0.0027         0.0111 
BAR-estimator:      0.60000        0.65000       -0.1571         1.7497        -0.1571         0.0025         0.0114 
BAR-estimator:      0.65000        0.70000       -0.2285         1.5212        -0.2285         0.0026         0.0117 
BAR-estimator:      0.70000        0.75000       -0.2868         1.2344        -0.2868         0.0027         0.0120 
BAR-estimator:      0.75000        0.80000       -0.3266         0.9078        -0.3266         0.0029         0.0123 
BAR-estimator:      0.80000        0.85000       -0.3488         0.5590        -0.3488         0.0024         0.0126 
BAR-estimator:      0.85000        0.90000       -0.3604         0.1986        -0.3604         0.0024         0.0128 
BAR-estimator:      0.90000        0.95000       -0.3625        -0.1639        -0.3625         0.0025         0.0130 
BAR-estimator:      0.95000        1.00000       -0.3693        -0.5331        -0.3693         0.0024         0.0133 
BAR-estimator: total free energy change is -0.5331450590786319 , total error is 0.013252328793242736
