#========================================================================================
#                     Free energy perturbation    
#----------------------------------------------------------------------------------------
#forward/backward          λ              ΔΔA                 ΔA                  δε   
#                                                 
#----------------------------------------------------------------------------------------
forward:               0.0000              0.0000              0.0000              0.0000  
forward:               0.0500              1.7039              1.7039              0.0248  
forward:               0.1000              0.9686              2.6725              0.0290  
forward:               0.1500              0.5099              3.1824              0.0311  
forward:               0.2000              0.2684              3.4508              0.0322  
forward:               0.2500              0.1348              3.5855              0.0329  
forward:               0.3000              0.0611              3.6466              0.0333  
forward:               0.3500              0.0013              3.6480              0.0338  
forward:               0.4000             -0.0458              3.6022              0.0341  
forward:               0.4500             -0.0602              3.5420              0.0344  
forward:               0.5000             -0.0950              3.4470              0.0347  
forward:               0.5500             -0.1307              3.3163              0.0352  
forward:               0.6000             -0.2250              3.0912              0.0354  
forward:               0.6500             -0.2815              2.8097              0.0357  
forward:               0.7000             -0.3279              2.4818              0.0359  
forward:               0.7500             -0.3556              2.1262              0.0361  
forward:               0.8000             -0.3895              1.7367              0.0363  
forward:               0.8500             -0.4039              1.3328              0.0364  
forward:               0.9000             -0.4258              0.9070              0.0366  
forward:               0.9500             -0.4349              0.4721              0.0368  
forward:               1.0000             -0.4514              0.0207              0.0369  
backward:              1.0000              0.0000              0.0207              0.0000  
backward:              0.9500              0.4488              0.4695              0.0043  
backward:              0.9000              0.4304              0.8999              0.0062  
backward:              0.8500              0.4246              1.3244              0.0075  
backward:              0.8000              0.3984              1.7228              0.0087  
backward:              0.7500              0.3900              2.1128              0.0097  
backward:              0.7000              0.3592              2.4720              0.0108  
backward:              0.6500              0.3245              2.7965              0.0118  
backward:              0.6000              0.2771              3.0736              0.0126  
backward:              0.5500              0.2288              3.3025              0.0139  
backward:              0.5000              0.1474              3.4498              0.0148  
backward:              0.4500              0.1047              3.5545              0.0155  
backward:              0.4000              0.0619              3.6164              0.0163  
backward:              0.3500              0.0316              3.6480              0.0173  
backward:              0.3000             -0.0056              3.6424              0.0188  
backward:              0.2500             -0.0452              3.5972              0.0207  
backward:              0.2000             -0.1402              3.4570              0.0225  
backward:              0.1500             -0.2565              3.2005              0.0250  
backward:              0.1000             -0.4815              2.7190              0.0300  
backward:              0.0500             -0.9415              1.7775              0.0371  
backward:              0.0000             -1.8557             -0.0782              0.0762  
Inaccuracy estimation
======================================================================================================
                   i        i+δi          P0_overlap_P1   δε(forward)/ε   δε(backward)/ε
======================================================================================================
inaccuracy:  0.00000        0.05000           36.06           -0.03            1.98
inaccuracy:  0.05000        0.10000           45.63           -0.04            1.07
inaccuracy:  0.10000        0.15000           56.08           -0.03            0.56
inaccuracy:  0.15000        0.20000           63.51           -0.02            0.31
inaccuracy:  0.20000        0.25000           68.69           -0.01            0.20
inaccuracy:  0.25000        0.30000           70.50           -0.01            0.16
inaccuracy:  0.30000        0.35000           72.92           -0.02            0.13
inaccuracy:  0.35000        0.40000           74.85           -0.02            0.10
inaccuracy:  0.40000        0.45000           74.20           -0.01            0.09
inaccuracy:  0.45000        0.50000           74.09           -0.01            0.09
inaccuracy:  0.50000        0.55000           71.12           -0.04            0.11
inaccuracy:  0.55000        0.60000           73.11           -0.03            0.09
inaccuracy:  0.60000        0.65000           75.13           -0.04            0.07
inaccuracy:  0.65000        0.70000           74.99           -0.03            0.06
inaccuracy:  0.70000        0.75000           74.47           -0.04            0.07
inaccuracy:  0.75000        0.80000           74.65           -0.04            0.06
inaccuracy:  0.80000        0.85000           75.41           -0.03            0.06
inaccuracy:  0.85000        0.90000           74.42           -0.03            0.06
inaccuracy:  0.90000        0.95000           74.79           -0.03            0.06
inaccuracy:  0.95000        1.00000           74.22           -0.04            0.06
===================================================================================================================================
                BAR        
-----------------------------------------------------------------------------------------------------------------------------------
BAR-estimator:         λ             λ+δλ          ΔΔA             ΔA            C               Δδe            δe       
                          
-----------------------------------------------------------------------------------------------------------------------------------
BAR-estimator:      0.00000        0.05000        1.7349         1.7349         1.7349         0.0125         0.0125 
BAR-estimator:      0.05000        0.10000        0.9632         2.6981         0.9632         0.0091         0.0155 
BAR-estimator:      0.10000        0.15000        0.5041         3.2022         0.5041         0.0072         0.0170 
BAR-estimator:      0.15000        0.20000        0.2644         3.4666         0.2644         0.0058         0.0180 
BAR-estimator:      0.20000        0.25000        0.1345         3.6011         0.1345         0.0045         0.0185 
BAR-estimator:      0.25000        0.30000        0.0565         3.6576         0.0565         0.0038         0.0189 
BAR-estimator:      0.30000        0.35000        0.0034         3.6610         0.0034         0.0037         0.0193 
BAR-estimator:      0.35000        0.40000       -0.0403         3.6207        -0.0403         0.0033         0.0195 
BAR-estimator:      0.40000        0.45000       -0.0619         3.5589        -0.0619         0.0026         0.0197 
BAR-estimator:      0.45000        0.50000       -0.0992         3.4597        -0.0992         0.0031         0.0200 
BAR-estimator:      0.50000        0.55000       -0.1360         3.3237        -0.1360         0.0035         0.0203 
BAR-estimator:      0.55000        0.60000       -0.2245         3.0992        -0.2245         0.0038         0.0206 
BAR-estimator:      0.60000        0.65000       -0.2791         2.8202        -0.2791         0.0030         0.0208 
BAR-estimator:      0.65000        0.70000       -0.3273         2.4929        -0.3273         0.0029         0.0210 
BAR-estimator:      0.70000        0.75000       -0.3560         2.1368        -0.3560         0.0029         0.0212 
BAR-estimator:      0.75000        0.80000       -0.3901         1.7467        -0.3901         0.0030         0.0214 
BAR-estimator:      0.80000        0.85000       -0.4021         1.3446        -0.4021         0.0030         0.0216 
BAR-estimator:      0.85000        0.90000       -0.4250         0.9196        -0.4250         0.0032         0.0219 
BAR-estimator:      0.90000        0.95000       -0.4340         0.4856        -0.4340         0.0033         0.0221 
BAR-estimator:      0.95000        1.00000       -0.4504         0.0352        -0.4504         0.0030         0.0223 
BAR-estimator: total free energy change is 0.03519566627513737 , total error is 0.022312562899082695
