#========================================================================================
#                     Free energy perturbation    
#----------------------------------------------------------------------------------------
#forward/backward          λ              ΔΔA                 ΔA                  δε   
#                                                 
#----------------------------------------------------------------------------------------
forward:               0.0000              0.0000              0.0000              0.0000  
forward:               0.0500              1.7790              1.7790              0.0191  
forward:               0.1000              0.9947              2.7738              0.0255  
forward:               0.1500              0.5325              3.3063              0.0278  
forward:               0.2000              0.2926              3.5989              0.0292  
forward:               0.2500              0.1378              3.7368              0.0298  
forward:               0.3000              0.0499              3.7866              0.0299  
forward:               0.3500              0.0126              3.7993              0.0304  
forward:               0.4000             -0.0327              3.7665              0.0307  
forward:               0.4500             -0.0733              3.6932              0.0310  
forward:               0.5000             -0.0884              3.6049              0.0314  
forward:               0.5500             -0.1324              3.4725              0.0317  
forward:               0.6000             -0.2218              3.2508              0.0319  
forward:               0.6500             -0.2795              2.9712              0.0321  
forward:               0.7000             -0.3200              2.6513              0.0323  
forward:               0.7500             -0.3582              2.2931              0.0325  
forward:               0.8000             -0.3893              1.9039              0.0327  
forward:               0.8500             -0.4061              1.4978              0.0328  
forward:               0.9000             -0.4224              1.0755              0.0329  
forward:               0.9500             -0.4366              0.6389              0.0331  
forward:               1.0000             -0.4513              0.1876              0.0332  
backward:              1.0000              0.0000              0.1876              0.0000  
backward:              0.9500              0.4462              0.6338              0.0038  
backward:              0.9000              0.4360              1.0698              0.0055  
backward:              0.8500              0.4200              1.4898              0.0072  
backward:              0.8000              0.4081              1.8979              0.0083  
backward:              0.7500              0.3777              2.2755              0.0096  
backward:              0.7000              0.3518              2.6274              0.0109  
backward:              0.6500              0.3222              2.9496              0.0117  
backward:              0.6000              0.2835              3.2331              0.0124  
backward:              0.5500              0.2306              3.4637              0.0132  
backward:              0.5000              0.1283              3.5920              0.0143  
backward:              0.4500              0.0942              3.6862              0.0151  
backward:              0.4000              0.0644              3.7506              0.0158  
backward:              0.3500              0.0332              3.7838              0.0168  
backward:              0.3000             -0.0062              3.7776              0.0176  
backward:              0.2500             -0.0628              3.7147              0.0187  
backward:              0.2000             -0.1465              3.5682              0.0206  
backward:              0.1500             -0.2628              3.3054              0.0232  
backward:              0.1000             -0.5390              2.7664              0.0345  
backward:              0.0500             -0.9927              1.7737              0.0531  
backward:              0.0000             -1.9071             -0.1334              0.1397  
Inaccuracy estimation
======================================================================================================
                   i        i+δi          P0_overlap_P1   δε(forward)/ε   δε(backward)/ε
======================================================================================================
inaccuracy:  0.00000        0.05000           34.19           -0.02            2.16
inaccuracy:  0.05000        0.10000           44.11           -0.04            1.13
inaccuracy:  0.10000        0.15000           55.54           -0.03            0.55
inaccuracy:  0.15000        0.20000           61.57           -0.02            0.33
inaccuracy:  0.20000        0.25000           69.17           -0.01            0.20
inaccuracy:  0.25000        0.30000           72.14           -0.01            0.14
inaccuracy:  0.30000        0.35000           72.16           -0.01            0.14
inaccuracy:  0.35000        0.40000           74.09           -0.01            0.11
inaccuracy:  0.40000        0.45000           75.83           -0.01            0.10
inaccuracy:  0.45000        0.50000           74.59           -0.02            0.09
inaccuracy:  0.50000        0.55000           71.93           -0.03            0.10
inaccuracy:  0.55000        0.60000           73.22           -0.03            0.09
inaccuracy:  0.60000        0.65000           73.91           -0.03            0.07
inaccuracy:  0.65000        0.70000           73.88           -0.03            0.06
inaccuracy:  0.70000        0.75000           74.64           -0.04            0.06
inaccuracy:  0.75000        0.80000           75.49           -0.03            0.06
inaccuracy:  0.80000        0.85000           74.64           -0.03            0.06
inaccuracy:  0.85000        0.90000           74.70           -0.03            0.06
inaccuracy:  0.90000        0.95000           74.33           -0.03            0.06
inaccuracy:  0.95000        1.00000           74.80           -0.03            0.06
===================================================================================================================================
                BAR        
-----------------------------------------------------------------------------------------------------------------------------------
BAR-estimator:         λ             λ+δλ          ΔΔA             ΔA            C               Δδe            δe       
                          
-----------------------------------------------------------------------------------------------------------------------------------
BAR-estimator:      0.00000        0.05000        1.7618         1.7618         1.7618         0.0093         0.0093 
BAR-estimator:      0.05000        0.10000        0.9806         2.7423         0.9806         0.0104         0.0140 
BAR-estimator:      0.10000        0.15000        0.5258         3.2681         0.5258         0.0069         0.0156 
BAR-estimator:      0.15000        0.20000        0.2814         3.5495         0.2814         0.0054         0.0165 
BAR-estimator:      0.20000        0.25000        0.1408         3.6903         0.1408         0.0041         0.0170 
BAR-estimator:      0.25000        0.30000        0.0549         3.7452         0.0549         0.0036         0.0174 
BAR-estimator:      0.30000        0.35000        0.0122         3.7574         0.0122         0.0034         0.0177 
BAR-estimator:      0.35000        0.40000       -0.0322         3.7252        -0.0322         0.0019         0.0178 
BAR-estimator:      0.40000        0.45000       -0.0687         3.6566        -0.0687         0.0028         0.0180 
BAR-estimator:      0.45000        0.50000       -0.0916         3.5650        -0.0916         0.0029         0.0183 
BAR-estimator:      0.50000        0.55000       -0.1318         3.4331        -0.1318         0.0030         0.0185 
BAR-estimator:      0.55000        0.60000       -0.2228         3.2103        -0.2228         0.0028         0.0187 
BAR-estimator:      0.60000        0.65000       -0.2814         2.9290        -0.2814         0.0028         0.0189 
BAR-estimator:      0.65000        0.70000       -0.3222         2.6068        -0.3222         0.0026         0.0191 
BAR-estimator:      0.70000        0.75000       -0.3580         2.2488        -0.3580         0.0027         0.0193 
BAR-estimator:      0.75000        0.80000       -0.3869         1.8619        -0.3869         0.0029         0.0195 
BAR-estimator:      0.80000        0.85000       -0.4056         1.4563        -0.4056         0.0025         0.0196 
BAR-estimator:      0.85000        0.90000       -0.4227         1.0336        -0.4227         0.0027         0.0198 
BAR-estimator:      0.90000        0.95000       -0.4359         0.5977        -0.4359         0.0028         0.0200 
BAR-estimator:      0.95000        1.00000       -0.4488         0.1488        -0.4488         0.0025         0.0202 
BAR-estimator: total free energy change is 0.14883696751505676 , total error is 0.020172942943072928
