#========================================================================================
#                     Free energy perturbation    
#----------------------------------------------------------------------------------------
#forward/backward          λ              ΔΔA                 ΔA                  δε   
#                                                 
#----------------------------------------------------------------------------------------
forward:               0.0000              0.0000              0.0000              0.0000  
forward:               0.0500              0.2666              0.2666              0.0093  
forward:               0.1000              0.2105              0.4771              0.0107  
forward:               0.1500              0.1756              0.6527              0.0118  
forward:               0.2000              0.1405              0.7932              0.0125  
forward:               0.2500              0.1279              0.9211              0.0130  
forward:               0.3000              0.1026              1.0237              0.0134  
forward:               0.3500              0.1047              1.1284              0.0139  
forward:               0.4000              0.0911              1.2195              0.0144  
forward:               0.4500              0.0934              1.3129              0.0147  
forward:               0.5000              0.0757              1.3886              0.0150  
forward:               0.5500             -0.0150              1.3736              0.0155  
forward:               0.6000             -0.1570              1.2166              0.0161  
forward:               0.6500             -0.2824              0.9342              0.0167  
forward:               0.7000             -0.3984              0.5358              0.0172  
forward:               0.7500             -0.4618              0.0741              0.0176  
forward:               0.8000             -0.5189             -0.4448              0.0180  
forward:               0.8500             -0.5564             -1.0012              0.0184  
forward:               0.9000             -0.5717             -1.5729              0.0189  
forward:               0.9500             -0.5869             -2.1598              0.0192  
forward:               1.0000             -0.5999             -2.7597              0.0195  
backward:              1.0000              0.0000             -2.7597              0.0000  
backward:              0.9500              0.5965             -2.1633              0.0040  
backward:              0.9000              0.5823             -1.5810              0.0058  
backward:              0.8500              0.5805             -1.0005              0.0070  
backward:              0.8000              0.5578             -0.4427              0.0082  
backward:              0.7500              0.5272              0.0845              0.0090  
backward:              0.7000              0.4714              0.5558              0.0100  
backward:              0.6500              0.3843              0.9402              0.0110  
backward:              0.6000              0.2818              1.2220              0.0117  
backward:              0.5500              0.1689              1.3909              0.0124  
backward:              0.5000              0.0118              1.4028              0.0132  
backward:              0.4500             -0.0822              1.3205              0.0135  
backward:              0.4000             -0.0870              1.2335              0.0139  
backward:              0.3500             -0.0992              1.1343              0.0140  
backward:              0.3000             -0.1020              1.0323              0.0146  
backward:              0.2500             -0.1065              0.9258              0.0151  
backward:              0.2000             -0.1307              0.7951              0.0158  
backward:              0.1500             -0.1442              0.6508              0.0166  
backward:              0.1000             -0.1614              0.4894              0.0174  
backward:              0.0500             -0.1973              0.2921              0.0184  
backward:              0.0000             -0.2699              0.0222              0.0197  
Inaccuracy estimation
======================================================================================================
                   i        i+δi          P0_overlap_P1   δε(forward)/ε   δε(backward)/ε
======================================================================================================
inaccuracy:  0.00000        0.05000           74.37           -0.00            0.19
inaccuracy:  0.05000        0.10000           76.48           -0.00            0.15
inaccuracy:  0.10000        0.15000           78.10           -0.00            0.11
inaccuracy:  0.15000        0.20000           81.28           -0.00            0.09
inaccuracy:  0.20000        0.25000           81.57           -0.00            0.08
inaccuracy:  0.25000        0.30000           83.06           -0.00            0.07
inaccuracy:  0.30000        0.35000           82.41           -0.00            0.06
inaccuracy:  0.35000        0.40000           84.36           -0.00            0.06
inaccuracy:  0.40000        0.45000           82.58           -0.00            0.06
inaccuracy:  0.45000        0.50000           84.04           -0.00            0.05
inaccuracy:  0.50000        0.55000           75.41           -0.04            0.08
inaccuracy:  0.55000        0.60000           74.26           -0.05            0.07
inaccuracy:  0.60000        0.65000           75.87           -0.04            0.05
inaccuracy:  0.65000        0.70000           76.69           -0.05            0.04
inaccuracy:  0.70000        0.75000           74.68           -0.04            0.04
inaccuracy:  0.75000        0.80000           75.45           -0.05            0.04
inaccuracy:  0.80000        0.85000           75.74           -0.04            0.04
inaccuracy:  0.85000        0.90000           75.18           -0.04            0.04
inaccuracy:  0.90000        0.95000           76.53           -0.04            0.04
inaccuracy:  0.95000        1.00000           75.46           -0.04            0.04
===================================================================================================================================
                BAR        
-----------------------------------------------------------------------------------------------------------------------------------
BAR-estimator:         λ             λ+δλ          ΔΔA             ΔA            C               Δδe            δe       
                          
-----------------------------------------------------------------------------------------------------------------------------------
BAR-estimator:      0.00000        0.05000        0.2697         0.2697         0.2697         0.0063         0.0063 
BAR-estimator:      0.05000        0.10000        0.2085         0.4782         0.2085         0.0036         0.0073 
BAR-estimator:      0.10000        0.15000        0.1718         0.6500         0.1718         0.0034         0.0080 
BAR-estimator:      0.15000        0.20000        0.1416         0.7916         0.1416         0.0028         0.0085 
BAR-estimator:      0.20000        0.25000        0.1291         0.9207         0.1291         0.0024         0.0089 
BAR-estimator:      0.25000        0.30000        0.1042         1.0249         0.1042         0.0024         0.0092 
BAR-estimator:      0.30000        0.35000        0.1032         1.1282         0.1032         0.0024         0.0095 
BAR-estimator:      0.35000        0.40000        0.0943         1.2225         0.0943         0.0025         0.0098 
BAR-estimator:      0.40000        0.45000        0.0910         1.3134         0.0910         0.0021         0.0100 
BAR-estimator:      0.45000        0.50000        0.0778         1.3912         0.0778         0.0022         0.0103 
BAR-estimator:      0.50000        0.55000       -0.0140         1.3772        -0.0140         0.0030         0.0107 
BAR-estimator:      0.55000        0.60000       -0.1623         1.2149        -0.1623         0.0030         0.0111 
BAR-estimator:      0.60000        0.65000       -0.2809         0.9340        -0.2809         0.0023         0.0113 
BAR-estimator:      0.65000        0.70000       -0.3943         0.5397        -0.3943         0.0028         0.0117 
BAR-estimator:      0.70000        0.75000       -0.4649         0.0748        -0.4649         0.0031         0.0121 
BAR-estimator:      0.75000        0.80000       -0.5233        -0.4485        -0.5233         0.0028         0.0124 
BAR-estimator:      0.80000        0.85000       -0.5587        -1.0072        -0.5587         0.0031         0.0128 
BAR-estimator:      0.85000        0.90000       -0.5751        -1.5823        -0.5751         0.0031         0.0132 
BAR-estimator:      0.90000        0.95000       -0.5843        -2.1666        -0.5843         0.0028         0.0135 
BAR-estimator:      0.95000        1.00000       -0.5981        -2.7647        -0.5981         0.0028         0.0137 
BAR-estimator: total free energy change is -2.764689691112469 , total error is 0.013743834009013382
