#========================================================================================
#                     Free energy perturbation    
#----------------------------------------------------------------------------------------
#forward/backward          λ              ΔΔA                 ΔA                  δε   
#                                                 
#----------------------------------------------------------------------------------------
forward:               0.0000              0.0000              0.0000              0.0000  
forward:               0.0500              0.2743              0.2743              0.0034  
forward:               0.1000              0.2164              0.4907              0.0046  
forward:               0.1500              0.1730              0.6637              0.0061  
forward:               0.2000              0.1512              0.8149              0.0068  
forward:               0.2500              0.1291              0.9440              0.0074  
forward:               0.3000              0.1171              1.0612              0.0079  
forward:               0.3500              0.1034              1.1645              0.0083  
forward:               0.4000              0.0905              1.2550              0.0087  
forward:               0.4500              0.0887              1.3437              0.0091  
forward:               0.5000              0.0821              1.4258              0.0095  
forward:               0.5500             -0.0172              1.4085              0.0103  
forward:               0.6000             -0.1615              1.2470              0.0109  
forward:               0.6500             -0.2919              0.9551              0.0114  
forward:               0.7000             -0.4034              0.5517              0.0120  
forward:               0.7500             -0.4811              0.0706              0.0124  
forward:               0.8000             -0.5364             -0.4658              0.0128  
forward:               0.8500             -0.5679             -1.0337              0.0131  
forward:               0.9000             -0.5923             -1.6260              0.0135  
forward:               0.9500             -0.6086             -2.2346              0.0138  
forward:               1.0000             -0.6160             -2.8506              0.0140  
backward:              1.0000              0.0000             -2.8506              0.0000  
backward:              0.9500              0.6198             -2.2308              0.0036  
backward:              0.9000              0.6070             -1.6238              0.0050  
backward:              0.8500              0.5912             -1.0326              0.0063  
backward:              0.8000              0.5694             -0.4633              0.0074  
backward:              0.7500              0.5306              0.0673              0.0082  
backward:              0.7000              0.4873              0.5546              0.0090  
backward:              0.6500              0.4023              0.9569              0.0098  
backward:              0.6000              0.2853              1.2422              0.0105  
backward:              0.5500              0.1550              1.3972              0.0112  
backward:              0.5000              0.0092              1.4064              0.0121  
backward:              0.4500             -0.0794              1.3270              0.0124  
backward:              0.4000             -0.0900              1.2369              0.0129  
backward:              0.3500             -0.0951              1.1419              0.0132  
backward:              0.3000             -0.1047              1.0372              0.0137  
backward:              0.2500             -0.1180              0.9192              0.0143  
backward:              0.2000             -0.1271              0.7921              0.0148  
backward:              0.1500             -0.1428              0.6493              0.0154  
backward:              0.1000             -0.1745              0.4748              0.0165  
backward:              0.0500             -0.2104              0.2644              0.0177  
backward:              0.0000             -0.2842             -0.0198              0.0194  
Inaccuracy estimation
======================================================================================================
                   i        i+δi          P0_overlap_P1   δε(forward)/ε   δε(backward)/ε
======================================================================================================
inaccuracy:  0.00000        0.05000           74.11           -0.00            0.19
inaccuracy:  0.05000        0.10000           76.71           -0.00            0.16
inaccuracy:  0.10000        0.15000           79.52           -0.00            0.11
inaccuracy:  0.15000        0.20000           80.00           -0.00            0.10
inaccuracy:  0.20000        0.25000           81.91           -0.00            0.08
inaccuracy:  0.25000        0.30000           81.77           -0.00            0.07
inaccuracy:  0.30000        0.35000           82.63           -0.00            0.06
inaccuracy:  0.35000        0.40000           83.92           -0.00            0.06
inaccuracy:  0.40000        0.45000           83.64           -0.00            0.06
inaccuracy:  0.45000        0.50000           83.31           -0.00            0.06
inaccuracy:  0.50000        0.55000           75.49           -0.04            0.09
inaccuracy:  0.55000        0.60000           75.84           -0.05            0.06
inaccuracy:  0.60000        0.65000           75.91           -0.04            0.05
inaccuracy:  0.65000        0.70000           74.87           -0.04            0.04
inaccuracy:  0.70000        0.75000           75.49           -0.05            0.04
inaccuracy:  0.75000        0.80000           76.32           -0.04            0.04
inaccuracy:  0.80000        0.85000           75.10           -0.05            0.04
inaccuracy:  0.85000        0.90000           75.85           -0.05            0.04
inaccuracy:  0.90000        0.95000           75.30           -0.04            0.04
inaccuracy:  0.95000        1.00000           75.09           -0.05            0.04
===================================================================================================================================
                BAR        
-----------------------------------------------------------------------------------------------------------------------------------
BAR-estimator:         λ             λ+δλ          ΔΔA             ΔA            C               Δδe            δe       
                          
-----------------------------------------------------------------------------------------------------------------------------------
BAR-estimator:      0.00000        0.05000        0.2764         0.2764         0.2764         0.0031         0.0031 
BAR-estimator:      0.05000        0.10000        0.2145         0.4909         0.2145         0.0023         0.0038 
BAR-estimator:      0.10000        0.15000        0.1732         0.6641         0.1732         0.0024         0.0045 
BAR-estimator:      0.15000        0.20000        0.1489         0.8130         0.1489         0.0022         0.0050 
BAR-estimator:      0.20000        0.25000        0.1289         0.9419         0.1289         0.0021         0.0055 
BAR-estimator:      0.25000        0.30000        0.1166         1.0584         0.1166         0.0020         0.0058 
BAR-estimator:      0.30000        0.35000        0.1037         1.1621         0.1037         0.0018         0.0061 
BAR-estimator:      0.35000        0.40000        0.0919         1.2540         0.0919         0.0019         0.0064 
BAR-estimator:      0.40000        0.45000        0.0897         1.3437         0.0897         0.0018         0.0066 
BAR-estimator:      0.45000        0.50000        0.0815         1.4252         0.0815         0.0026         0.0071 
BAR-estimator:      0.50000        0.55000       -0.0136         1.4116        -0.0136         0.0024         0.0075 
BAR-estimator:      0.55000        0.60000       -0.1600         1.2516        -0.1600         0.0025         0.0079 
BAR-estimator:      0.60000        0.65000       -0.2889         0.9627        -0.2889         0.0024         0.0083 
BAR-estimator:      0.65000        0.70000       -0.4033         0.5594        -0.4033         0.0025         0.0086 
BAR-estimator:      0.70000        0.75000       -0.4837         0.0757        -0.4837         0.0025         0.0090 
BAR-estimator:      0.75000        0.80000       -0.5347        -0.4590        -0.5347         0.0024         0.0093 
BAR-estimator:      0.80000        0.85000       -0.5704        -1.0294        -0.5704         0.0024         0.0096 
BAR-estimator:      0.85000        0.90000       -0.5925        -1.6219        -0.5925         0.0025         0.0099 
BAR-estimator:      0.90000        0.95000       -0.6091        -2.2310        -0.6091         0.0024         0.0102 
BAR-estimator:      0.95000        1.00000       -0.6168        -2.8478        -0.6168         0.0023         0.0105 
BAR-estimator: total free energy change is -2.847774304294138 , total error is 0.0104634548313848
