#========================================================================================
#                     Free energy perturbation    
#----------------------------------------------------------------------------------------
#forward/backward          λ              ΔΔA                 ΔA                  δε   
#                                                 
#----------------------------------------------------------------------------------------
forward:               0.0000              0.0000              0.0000              0.0000  
forward:               0.0500              0.3717              0.3717              0.0084  
forward:               0.1000              0.2560              0.6276              0.0101  
forward:               0.1500              0.2101              0.8377              0.0111  
forward:               0.2000              0.1782              1.0159              0.0118  
forward:               0.2500              0.1617              1.1776              0.0124  
forward:               0.3000              0.1388              1.3164              0.0130  
forward:               0.3500              0.1373              1.4537              0.0135  
forward:               0.4000              0.1155              1.5691              0.0139  
forward:               0.4500              0.1134              1.6826              0.0143  
forward:               0.5000              0.1024              1.7850              0.0146  
forward:               0.5500             -0.0649              1.7201              0.0158  
forward:               0.6000             -0.3397              1.3804              0.0167  
forward:               0.6500             -0.5809              0.7995              0.0180  
forward:               0.7000             -0.7687              0.0308              0.0198  
forward:               0.7500             -0.8942             -0.8634              0.0208  
forward:               0.8000             -0.9058             -1.7692              0.0217  
forward:               0.8500             -0.8833             -2.6525              0.0222  
forward:               0.9000             -0.8340             -3.4866              0.0226  
forward:               0.9500             -0.7768             -4.2633              0.0229  
forward:               1.0000             -0.7259             -4.9893              0.0231  
backward:              1.0000              0.0000             -4.9893              0.0000  
backward:              0.9500              0.7306             -4.2586              0.0045  
backward:              0.9000              0.7757             -3.4830              0.0069  
backward:              0.8500              0.8333             -2.6497              0.0084  
backward:              0.8000              0.8850             -1.7647              0.0108  
backward:              0.7500              0.9073             -0.8575              0.0125  
backward:              0.7000              0.8851              0.0276              0.0144  
backward:              0.6500              0.7681              0.7957              0.0165  
backward:              0.6000              0.5698              1.3655              0.0178  
backward:              0.5500              0.3359              1.7015              0.0187  
backward:              0.5000              0.0627              1.7642              0.0197  
backward:              0.4500             -0.1033              1.6609              0.0199  
backward:              0.4000             -0.1057              1.5552              0.0202  
backward:              0.3500             -0.1189              1.4362              0.0205  
backward:              0.3000             -0.1295              1.3067              0.0209  
backward:              0.2500             -0.1380              1.1687              0.0213  
backward:              0.2000             -0.1597              1.0090              0.0220  
backward:              0.1500             -0.1860              0.8230              0.0224  
backward:              0.1000             -0.2322              0.5908              0.0244  
backward:              0.0500             -0.2613              0.3295              0.0256  
backward:              0.0000             -0.3643             -0.0348              0.0278  
Inaccuracy estimation
======================================================================================================
                   i        i+δi          P0_overlap_P1   δε(forward)/ε   δε(backward)/ε
======================================================================================================
inaccuracy:  0.00000        0.05000           70.15           -0.00            0.25
inaccuracy:  0.05000        0.10000           77.08           -0.00            0.16
inaccuracy:  0.10000        0.15000           80.49            0.00            0.11
inaccuracy:  0.15000        0.20000           81.98           -0.00            0.09
inaccuracy:  0.20000        0.25000           82.00           -0.00            0.08
inaccuracy:  0.25000        0.30000           82.87           -0.00            0.06
inaccuracy:  0.30000        0.35000           82.54           -0.00            0.07
inaccuracy:  0.35000        0.40000           84.43           -0.00            0.05
inaccuracy:  0.40000        0.45000           83.62           -0.00            0.05
inaccuracy:  0.45000        0.50000           84.63           -0.00            0.05
inaccuracy:  0.50000        0.55000           70.59           -0.08            0.15
inaccuracy:  0.55000        0.60000           71.40           -0.10            0.07
inaccuracy:  0.60000        0.65000           70.61           -0.10            0.04
inaccuracy:  0.65000        0.70000           69.40           -0.09            0.03
inaccuracy:  0.70000        0.75000           71.11           -0.09            0.03
inaccuracy:  0.75000        0.80000           70.99           -0.08            0.03
inaccuracy:  0.80000        0.85000           70.86           -0.07            0.04
inaccuracy:  0.85000        0.90000           69.74           -0.07            0.05
inaccuracy:  0.90000        0.95000           69.32           -0.06            0.07
inaccuracy:  0.95000        1.00000           68.90           -0.06            0.08
===================================================================================================================================
                BAR        
-----------------------------------------------------------------------------------------------------------------------------------
BAR-estimator:         λ             λ+δλ          ΔΔA             ΔA            C               Δδe            δe       
                          
-----------------------------------------------------------------------------------------------------------------------------------
BAR-estimator:      0.00000        0.05000        0.3690         0.3690         0.3690         0.0058         0.0058 
BAR-estimator:      0.05000        0.10000        0.2570         0.6260         0.2570         0.0039         0.0070 
BAR-estimator:      0.10000        0.15000        0.2144         0.8405         0.2144         0.0035         0.0078 
BAR-estimator:      0.15000        0.20000        0.1815         1.0220         0.1815         0.0028         0.0083 
BAR-estimator:      0.20000        0.25000        0.1616         1.1836         0.1616         0.0027         0.0087 
BAR-estimator:      0.25000        0.30000        0.1391         1.3227         0.1391         0.0028         0.0092 
BAR-estimator:      0.30000        0.35000        0.1342         1.4569         0.1342         0.0027         0.0096 
BAR-estimator:      0.35000        0.40000        0.1161         1.5730         0.1161         0.0025         0.0099 
BAR-estimator:      0.40000        0.45000        0.1108         1.6838         0.1108         0.0023         0.0102 
BAR-estimator:      0.45000        0.50000        0.1031         1.7869         0.1031         0.0021         0.0104 
BAR-estimator:      0.50000        0.55000       -0.0659         1.7209        -0.0659         0.0037         0.0110 
BAR-estimator:      0.55000        0.60000       -0.3368         1.3842        -0.3368         0.0035         0.0116 
BAR-estimator:      0.60000        0.65000       -0.5720         0.8121        -0.5720         0.0040         0.0122 
BAR-estimator:      0.65000        0.70000       -0.7658         0.0464        -0.7658         0.0045         0.0130 
BAR-estimator:      0.70000        0.75000       -0.8873        -0.8409        -0.8873         0.0042         0.0137 
BAR-estimator:      0.75000        0.80000       -0.9050        -1.7459        -0.9050         0.0040         0.0143 
BAR-estimator:      0.80000        0.85000       -0.8849        -2.6308        -0.8849         0.0035         0.0147 
BAR-estimator:      0.85000        0.90000       -0.8352        -3.4659        -0.8352         0.0033         0.0150 
BAR-estimator:      0.90000        0.95000       -0.7766        -4.2426        -0.7766         0.0033         0.0154 
BAR-estimator:      0.95000        1.00000       -0.7255        -4.9680        -0.7255         0.0034         0.0158 
BAR-estimator: total free energy change is -4.968026373946551 , total error is 0.015774770583051247
