#========================================================================================
#                     Free energy perturbation    
#----------------------------------------------------------------------------------------
#forward/backward          λ              ΔΔA                 ΔA                  δε   
#                                                 
#----------------------------------------------------------------------------------------
forward:               0.0000              0.0000              0.0000              0.0000  
forward:               0.0500              0.3666              0.3666              0.0045  
forward:               0.1000              0.2718              0.6385              0.0058  
forward:               0.1500              0.2235              0.8619              0.0068  
forward:               0.2000              0.1849              1.0469              0.0075  
forward:               0.2500              0.1625              1.2094              0.0080  
forward:               0.3000              0.1503              1.3597              0.0085  
forward:               0.3500              0.1273              1.4869              0.0089  
forward:               0.4000              0.1175              1.6045              0.0093  
forward:               0.4500              0.1099              1.7144              0.0096  
forward:               0.5000              0.0944              1.8088              0.0099  
forward:               0.5500             -0.0721              1.7367              0.0106  
forward:               0.6000             -0.3284              1.4083              0.0115  
forward:               0.6500             -0.5608              0.8475              0.0126  
forward:               0.7000             -0.7653              0.0822              0.0140  
forward:               0.7500             -0.8845             -0.8023              0.0149  
forward:               0.8000             -0.9286             -1.7308              0.0155  
forward:               0.8500             -0.9290             -2.6598              0.0160  
forward:               0.9000             -0.9061             -3.5658              0.0165  
forward:               0.9500             -0.8642             -4.4300              0.0170  
forward:               1.0000             -0.8373             -5.2673              0.0175  
backward:              1.0000              0.0000             -5.2673              0.0000  
backward:              0.9500              0.8367             -4.4307              0.0050  
backward:              0.9000              0.8624             -3.5683              0.0082  
backward:              0.8500              0.8922             -2.6760              0.0099  
backward:              0.8000              0.9126             -1.7634              0.0131  
backward:              0.7500              0.9241             -0.8393              0.0142  
backward:              0.7000              0.8820              0.0427              0.0154  
backward:              0.6500              0.7794              0.8221              0.0164  
backward:              0.6000              0.5831              1.4051              0.0169  
backward:              0.5500              0.3293              1.7344              0.0176  
backward:              0.5000              0.0742              1.8086              0.0182  
backward:              0.4500             -0.1001              1.7085              0.0184  
backward:              0.4000             -0.1096              1.5989              0.0187  
backward:              0.3500             -0.1223              1.4766              0.0191  
backward:              0.3000             -0.1320              1.3446              0.0193  
backward:              0.2500             -0.1375              1.2071              0.0196  
backward:              0.2000             -0.1590              1.0480              0.0199  
backward:              0.1500             -0.1919              0.8561              0.0204  
backward:              0.1000             -0.2266              0.6295              0.0210  
backward:              0.0500             -0.2782              0.3513              0.0216  
backward:              0.0000             -0.3695             -0.0182              0.0228  
Inaccuracy estimation
======================================================================================================
                   i        i+δi          P0_overlap_P1   δε(forward)/ε   δε(backward)/ε
======================================================================================================
inaccuracy:  0.00000        0.05000           70.86           -0.00            0.24
inaccuracy:  0.05000        0.10000           77.17           -0.00            0.16
inaccuracy:  0.10000        0.15000           78.71           -0.00            0.12
inaccuracy:  0.15000        0.20000           82.25           -0.00            0.09
inaccuracy:  0.20000        0.25000           81.99           -0.00            0.08
inaccuracy:  0.25000        0.30000           81.48           -0.00            0.07
inaccuracy:  0.30000        0.35000           84.54           -0.00            0.06
inaccuracy:  0.35000        0.40000           84.90           -0.00            0.05
inaccuracy:  0.40000        0.45000           84.13           -0.00            0.05
inaccuracy:  0.45000        0.50000           85.65           -0.00            0.05
inaccuracy:  0.50000        0.55000           69.53           -0.07            0.11
inaccuracy:  0.55000        0.60000           70.45           -0.10            0.06
inaccuracy:  0.60000        0.65000           67.39           -0.12            0.05
inaccuracy:  0.65000        0.70000           67.50           -0.11            0.03
inaccuracy:  0.70000        0.75000           69.16           -0.11            0.03
inaccuracy:  0.75000        0.80000           70.17           -0.11            0.03
inaccuracy:  0.80000        0.85000           69.94           -0.09            0.04
inaccuracy:  0.85000        0.90000           69.77           -0.09            0.05
inaccuracy:  0.90000        0.95000           67.39           -0.10            0.07
inaccuracy:  0.95000        1.00000           66.88           -0.10            0.08
===================================================================================================================================
                BAR        
-----------------------------------------------------------------------------------------------------------------------------------
BAR-estimator:         λ             λ+δλ          ΔΔA             ΔA            C               Δδe            δe       
                          
-----------------------------------------------------------------------------------------------------------------------------------
BAR-estimator:      0.00000        0.05000        0.3668         0.3668         0.3668         0.0031         0.0031 
BAR-estimator:      0.05000        0.10000        0.2752         0.6420         0.2752         0.0027         0.0041 
BAR-estimator:      0.10000        0.15000        0.2230         0.8650         0.2230         0.0025         0.0048 
BAR-estimator:      0.15000        0.20000        0.1876         1.0526         0.1876         0.0024         0.0053 
BAR-estimator:      0.20000        0.25000        0.1614         1.2141         0.1614         0.0021         0.0057 
BAR-estimator:      0.25000        0.30000        0.1458         1.3598         0.1458         0.0021         0.0061 
BAR-estimator:      0.30000        0.35000        0.1287         1.4885         0.1287         0.0020         0.0065 
BAR-estimator:      0.35000        0.40000        0.1199         1.6084         0.1199         0.0019         0.0067 
BAR-estimator:      0.40000        0.45000        0.1100         1.7184         0.1100         0.0018         0.0069 
BAR-estimator:      0.45000        0.50000        0.0960         1.8144         0.0960         0.0017         0.0072 
BAR-estimator:      0.50000        0.55000       -0.0710         1.7433        -0.0710         0.0029         0.0077 
BAR-estimator:      0.55000        0.60000       -0.3282         1.4151        -0.3282         0.0031         0.0083 
BAR-estimator:      0.60000        0.65000       -0.5716         0.8435        -0.5716         0.0033         0.0090 
BAR-estimator:      0.65000        0.70000       -0.7695         0.0740        -0.7695         0.0034         0.0096 
BAR-estimator:      0.70000        0.75000       -0.8841        -0.8101        -0.8841         0.0034         0.0102 
BAR-estimator:      0.75000        0.80000       -0.9308        -1.7409        -0.9308         0.0031         0.0106 
BAR-estimator:      0.80000        0.85000       -0.9248        -2.6657        -0.9248         0.0030         0.0110 
BAR-estimator:      0.85000        0.90000       -0.8990        -3.5647        -0.8990         0.0030         0.0114 
BAR-estimator:      0.90000        0.95000       -0.8651        -4.4297        -0.8651         0.0027         0.0117 
BAR-estimator:      0.95000        1.00000       -0.8349        -5.2646        -0.8349         0.0023         0.0120 
BAR-estimator: total free energy change is -5.264633343447059 , total error is 0.01196179777579117
