#========================================================================================
#                     Free energy perturbation    
#----------------------------------------------------------------------------------------
#forward/backward          λ              ΔΔA                 ΔA                  δε   
#                                                 
#----------------------------------------------------------------------------------------
forward:               0.0000              0.0000              0.0000              0.0000  
forward:               0.0500              2.1569              2.1569              0.0357  
forward:               0.1000              1.0189              3.1757              0.0421  
forward:               0.1500              0.5261              3.7018              0.0440  
forward:               0.2000              0.2265              3.9283              0.0449  
forward:               0.2500              0.0963              4.0246              0.0454  
forward:               0.3000              0.0249              4.0495              0.0457  
forward:               0.3500             -0.0329              4.0166              0.0460  
forward:               0.4000             -0.0805              3.9361              0.0462  
forward:               0.4500             -0.0951              3.8410              0.0464  
forward:               0.5000             -0.1367              3.7043              0.0466  
forward:               0.5500             -0.1797              3.5246              0.0469  
forward:               0.6000             -0.2453              3.2793              0.0471  
forward:               0.6500             -0.2745              3.0048              0.0472  
forward:               0.7000             -0.3104              2.6944              0.0473  
forward:               0.7500             -0.3225              2.3719              0.0474  
forward:               0.8000             -0.3419              2.0299              0.0476  
forward:               0.8500             -0.3644              1.6655              0.0477  
forward:               0.9000             -0.3808              1.2848              0.0478  
forward:               0.9500             -0.3864              0.8984              0.0479  
forward:               1.0000             -0.3975              0.5009              0.0480  
backward:              1.0000              0.0000              0.5009              0.0000  
backward:              0.9500              0.4039              0.9047              0.0036  
backward:              0.9000              0.3839              1.2886              0.0053  
backward:              0.8500              0.3734              1.6620              0.0066  
backward:              0.8000              0.3601              2.0221              0.0077  
backward:              0.7500              0.3415              2.3636              0.0083  
backward:              0.7000              0.3188              2.6824              0.0092  
backward:              0.6500              0.3104              2.9928              0.0099  
backward:              0.6000              0.2756              3.2685              0.0110  
backward:              0.5500              0.2394              3.5078              0.0118  
backward:              0.5000              0.1818              3.6897              0.0128  
backward:              0.4500              0.1327              3.8224              0.0137  
backward:              0.4000              0.1017              3.9241              0.0144  
backward:              0.3500              0.0747              3.9987              0.0154  
backward:              0.3000              0.0438              4.0425              0.0163  
backward:              0.2500             -0.0089              4.0336              0.0173  
backward:              0.2000             -0.1145              3.9191              0.0194  
backward:              0.1500             -0.2229              3.6962              0.0217  
backward:              0.1000             -0.4700              3.2263              0.0309  
backward:              0.0500             -1.1053              2.1209              0.0693  
backward:              0.0000             -2.1461             -0.0252              0.0908  
Inaccuracy estimation
======================================================================================================
                   i        i+δi          P0_overlap_P1   δε(forward)/ε   δε(backward)/ε
======================================================================================================
inaccuracy:  0.00000        0.05000           29.20            0.01            3.01
inaccuracy:  0.05000        0.10000           42.74           -0.03            1.37
inaccuracy:  0.10000        0.15000           53.14           -0.02            0.66
inaccuracy:  0.15000        0.20000           65.76           -0.02            0.29
inaccuracy:  0.20000        0.25000           70.52           -0.01            0.18
inaccuracy:  0.25000        0.30000           70.97           -0.01            0.13
inaccuracy:  0.30000        0.35000           73.25           -0.02            0.11
inaccuracy:  0.35000        0.40000           76.45           -0.01            0.09
inaccuracy:  0.40000        0.45000           75.08           -0.02            0.08
inaccuracy:  0.45000        0.50000           77.35           -0.02            0.07
inaccuracy:  0.50000        0.55000           74.51           -0.02            0.07
inaccuracy:  0.55000        0.60000           76.70           -0.03            0.06
inaccuracy:  0.60000        0.65000           76.39           -0.02            0.06
inaccuracy:  0.65000        0.70000           77.44           -0.03            0.05
inaccuracy:  0.70000        0.75000           76.70           -0.02            0.05
inaccuracy:  0.75000        0.80000           77.09           -0.03            0.05
inaccuracy:  0.80000        0.85000           77.73           -0.02            0.05
inaccuracy:  0.85000        0.90000           77.87           -0.02            0.05
inaccuracy:  0.90000        0.95000           77.37           -0.02            0.05
inaccuracy:  0.95000        1.00000           75.84           -0.03            0.05
===================================================================================================================================
                BAR        
-----------------------------------------------------------------------------------------------------------------------------------
BAR-estimator:         λ             λ+δλ          ΔΔA             ΔA            C               Δδe            δe       
                          
-----------------------------------------------------------------------------------------------------------------------------------
BAR-estimator:      0.00000        0.05000        2.2055         2.2055         2.2055         0.0140         0.0140 
BAR-estimator:      0.05000        0.10000        1.0455         3.2510         1.0455         0.0109         0.0177 
BAR-estimator:      0.10000        0.15000        0.5063         3.7573         0.5063         0.0087         0.0198 
BAR-estimator:      0.15000        0.20000        0.2308         3.9881         0.2308         0.0056         0.0205 
BAR-estimator:      0.20000        0.25000        0.1014         4.0894         0.1014         0.0041         0.0210 
BAR-estimator:      0.25000        0.30000        0.0177         4.1072         0.0177         0.0037         0.0213 
BAR-estimator:      0.30000        0.35000       -0.0372         4.0700        -0.0372         0.0038         0.0216 
BAR-estimator:      0.35000        0.40000       -0.0781         3.9919        -0.0781         0.0029         0.0218 
BAR-estimator:      0.40000        0.45000       -0.0983         3.8936        -0.0983         0.0028         0.0220 
BAR-estimator:      0.45000        0.50000       -0.1353         3.7583        -0.1353         0.0031         0.0222 
BAR-estimator:      0.50000        0.55000       -0.1809         3.5775        -0.1809         0.0031         0.0224 
BAR-estimator:      0.55000        0.60000       -0.2426         3.3348        -0.2426         0.0027         0.0226 
BAR-estimator:      0.60000        0.65000       -0.2770         3.0579        -0.2770         0.0026         0.0227 
BAR-estimator:      0.65000        0.70000       -0.3105         2.7474        -0.3105         0.0025         0.0229 
BAR-estimator:      0.70000        0.75000       -0.3212         2.4262        -0.3212         0.0026         0.0230 
BAR-estimator:      0.75000        0.80000       -0.3417         2.0845        -0.3417         0.0024         0.0232 
BAR-estimator:      0.80000        0.85000       -0.3636         1.7209        -0.3636         0.0027         0.0233 
BAR-estimator:      0.85000        0.90000       -0.3779         1.3430        -0.3779         0.0027         0.0235 
BAR-estimator:      0.90000        0.95000       -0.3850         0.9580        -0.3850         0.0029         0.0237 
BAR-estimator:      0.95000        1.00000       -0.4014         0.5566        -0.4014         0.0025         0.0238 
BAR-estimator: total free energy change is 0.5566000447597316 , total error is 0.023790130186816975
