#========================================================================================
#                     Free energy perturbation    
#----------------------------------------------------------------------------------------
#forward/backward          λ              ΔΔA                 ΔA                  δε   
#                                                 
#----------------------------------------------------------------------------------------
forward:               0.0000              0.0000              0.0000              0.0000  
forward:               0.0500              2.1869              2.1869              0.0281  
forward:               0.1000              1.1570              3.3439              0.0335  
forward:               0.1500              0.4930              3.8369              0.0353  
forward:               0.2000              0.2506              4.0875              0.0363  
forward:               0.2500              0.1112              4.1987              0.0369  
forward:               0.3000              0.0214              4.2201              0.0372  
forward:               0.3500             -0.0277              4.1924              0.0375  
forward:               0.4000             -0.0563              4.1361              0.0378  
forward:               0.4500             -0.0944              4.0416              0.0380  
forward:               0.5000             -0.1281              3.9136              0.0382  
forward:               0.5500             -0.1872              3.7264              0.0384  
forward:               0.6000             -0.2372              3.4891              0.0385  
forward:               0.6500             -0.2795              3.2096              0.0386  
forward:               0.7000             -0.3131              2.8965              0.0388  
forward:               0.7500             -0.3284              2.5681              0.0390  
forward:               0.8000             -0.3474              2.2207              0.0391  
forward:               0.8500             -0.3648              1.8559              0.0393  
forward:               0.9000             -0.3778              1.4781              0.0394  
forward:               0.9500             -0.3920              1.0861              0.0395  
forward:               1.0000             -0.4025              0.6836              0.0396  
backward:              1.0000              0.0000              0.6836              0.0000  
backward:              0.9500              0.3977              1.0813              0.0035  
backward:              0.9000              0.3911              1.4724              0.0050  
backward:              0.8500              0.3723              1.8448              0.0062  
backward:              0.8000              0.3584              2.2032              0.0072  
backward:              0.7500              0.3497              2.5529              0.0080  
backward:              0.7000              0.3307              2.8836              0.0088  
backward:              0.6500              0.3072              3.1908              0.0095  
backward:              0.6000              0.2786              3.4694              0.0105  
backward:              0.5500              0.2311              3.7005              0.0114  
backward:              0.5000              0.1814              3.8818              0.0123  
backward:              0.4500              0.1221              4.0039              0.0131  
backward:              0.4000              0.1022              4.1060              0.0139  
backward:              0.3500              0.0652              4.1712              0.0153  
backward:              0.3000              0.0272              4.1984              0.0162  
backward:              0.2500             -0.0482              4.1502              0.0187  
backward:              0.2000             -0.1325              4.0177              0.0226  
backward:              0.1500             -0.2505              3.7673              0.0249  
backward:              0.1000             -0.5274              3.2399              0.0330  
backward:              0.0500             -1.1497              2.0902              0.0609  
backward:              0.0000             -2.1449             -0.0547              0.0755  
Inaccuracy estimation
======================================================================================================
                   i        i+δi          P0_overlap_P1   δε(forward)/ε   δε(backward)/ε
======================================================================================================
inaccuracy:  0.00000        0.05000           29.10           -0.00            3.14
inaccuracy:  0.05000        0.10000           39.21           -0.04            1.40
inaccuracy:  0.10000        0.15000           56.31           -0.02            0.60
inaccuracy:  0.15000        0.20000           64.71           -0.02            0.31
inaccuracy:  0.20000        0.25000           69.74           -0.01            0.18
inaccuracy:  0.25000        0.30000           74.02           -0.01            0.13
inaccuracy:  0.30000        0.35000           73.85           -0.01            0.11
inaccuracy:  0.35000        0.40000           74.36           -0.01            0.10
inaccuracy:  0.40000        0.45000           74.99           -0.01            0.09
inaccuracy:  0.45000        0.50000           77.38           -0.01            0.07
inaccuracy:  0.50000        0.55000           76.24           -0.03            0.08
inaccuracy:  0.55000        0.60000           76.07           -0.03            0.06
inaccuracy:  0.60000        0.65000           76.49           -0.03            0.06
inaccuracy:  0.65000        0.70000           77.30           -0.02            0.05
inaccuracy:  0.70000        0.75000           76.73           -0.02            0.05
inaccuracy:  0.75000        0.80000           76.91           -0.02            0.05
inaccuracy:  0.80000        0.85000           77.53           -0.03            0.05
inaccuracy:  0.85000        0.90000           76.76           -0.03            0.05
inaccuracy:  0.90000        0.95000           76.53           -0.03            0.05
inaccuracy:  0.95000        1.00000           78.03           -0.03            0.05
===================================================================================================================================
                BAR        
-----------------------------------------------------------------------------------------------------------------------------------
BAR-estimator:         λ             λ+δλ          ΔΔA             ΔA            C               Δδe            δe       
                          
-----------------------------------------------------------------------------------------------------------------------------------
BAR-estimator:      0.00000        0.05000        2.2112         2.2112         2.2112         0.0120         0.0120 
BAR-estimator:      0.05000        0.10000        1.1247         3.3360         1.1247         0.0114         0.0166 
BAR-estimator:      0.10000        0.15000        0.5054         3.8414         0.5054         0.0079         0.0184 
BAR-estimator:      0.15000        0.20000        0.2556         4.0970         0.2556         0.0055         0.0192 
BAR-estimator:      0.20000        0.25000        0.1127         4.2097         0.1127         0.0043         0.0197 
BAR-estimator:      0.25000        0.30000        0.0286         4.2383         0.0286         0.0034         0.0199 
BAR-estimator:      0.30000        0.35000       -0.0274         4.2109        -0.0274         0.0031         0.0202 
BAR-estimator:      0.35000        0.40000       -0.0596         4.1513        -0.0596         0.0031         0.0204 
BAR-estimator:      0.40000        0.45000       -0.0976         4.0537        -0.0976         0.0028         0.0206 
BAR-estimator:      0.45000        0.50000       -0.1260         3.9277        -0.1260         0.0037         0.0209 
BAR-estimator:      0.50000        0.55000       -0.1849         3.7428        -0.1849         0.0026         0.0211 
BAR-estimator:      0.55000        0.60000       -0.2346         3.5081        -0.2346         0.0027         0.0213 
BAR-estimator:      0.60000        0.65000       -0.2796         3.2285        -0.2796         0.0025         0.0214 
BAR-estimator:      0.65000        0.70000       -0.3106         2.9180        -0.3106         0.0025         0.0216 
BAR-estimator:      0.70000        0.75000       -0.3297         2.5883        -0.3297         0.0026         0.0217 
BAR-estimator:      0.75000        0.80000       -0.3466         2.2417        -0.3466         0.0025         0.0219 
BAR-estimator:      0.80000        0.85000       -0.3611         1.8806        -0.3611         0.0027         0.0220 
BAR-estimator:      0.85000        0.90000       -0.3774         1.5032        -0.3774         0.0027         0.0222 
BAR-estimator:      0.90000        0.95000       -0.3920         1.1112        -0.3920         0.0029         0.0224 
BAR-estimator:      0.95000        1.00000       -0.4005         0.7106        -0.4005         0.0026         0.0226 
BAR-estimator: total free energy change is 0.7106356572111192 , total error is 0.022559507393110793
