Charm++: standalone mode (not using charmrun)
Charm++> Running in Multicore mode: 12 threads (PEs)
Charm++> Using recursive bisection (scheme 3) for topology aware partitions
Converse/Charm++ Commit ID: 
CharmLB> Load balancer assumes all CPUs are same.
Charm++> Running on 1 hosts (2 sockets x 6 cores x 1 PUs = 12-way SMP)
Charm++> cpu topology info is gathered in 0.001 seconds.
Info: Built with CUDA version 11080
Pe 1 physical rank 1 will use CUDA device of pe 8
Did not find +devices i,j,k,... argument, using all
Pe 3 physical rank 3 will use CUDA device of pe 8
Pe 6 physical rank 6 will use CUDA device of pe 8
Pe 2 physical rank 2 will use CUDA device of pe 8
Pe 10 physical rank 10 will use CUDA device of pe 8
Pe 5 physical rank 5 will use CUDA device of pe 8
Pe 9 physical rank 9 will use CUDA device of pe 8
Pe 4 physical rank 4 will use CUDA device of pe 8
Pe 7 physical rank 7 will use CUDA device of pe 8
Pe 11 physical rank 11 will use CUDA device of pe 8
Pe 8 physical rank 8 binding to CUDA device 0 on k173: 'NVIDIA L40S'  Mem: 45709MB  Rev: 8.9  PCI: 0:ca:0
Pe 0 physical rank 0 will use CUDA device of pe 8
CharmLB> Load balancing instrumentation for communication is off.
Info: NAMD 3.0.1 for Linux-x86_64-multicore-CUDA
Info: 
Info: Please visit http://www.ks.uiuc.edu/Research/namd/
Info: for updates, documentation, and support information.
Info: 
Info: Please cite Phillips et al., J. Chem. Phys. 153:044130 (2020) doi:10.1063/5.0014475
Info: in all publications reporting results obtained with NAMD.
Info: 
Info: Based on Charm++/Converse 80000 for multicore-linux-x86_64-gcc
Info: Built Mon Oct 14 10:33:44 CDT 2024 by dhardy on athine.ks.uiuc.edu
Info: 1 NAMD  3.0.1  Linux-x86_64-multicore-CUDA  12    k173  z5358697
Info: Running on 12 processors, 1 nodes, 1 physical nodes.
Info: CPU topology information available.
Info: Charm++/Converse parallel runtime startup completed at 0.0945255 s
CkLoopLib is used in SMP with simple dynamic scheduling (converse-level notification)
Info: 0 MB of memory in use based on /proc/self/stat
Info: Configuration file is prod.namd
Info: Working in the current directory /srv/scratch/z5358697/zz-verify/6239320/17
TCL: Running FEP window   1: Lambda1 0.85   Lambda2 0.9    [dLambda 0.050000000000000044]
TCL: Suspending until startup complete.
Warning: The following variables were set in the
Warning: configuration file but will be ignored:
Warning:    switchdist (switching)
Warning: Option "1-4scaling" has been deprecated. Instead use "oneFourScaling".
Info: EXTENDED SYSTEM FILE   mobley_6239320_equil.xsc
Info: Tuning parameters to improve GPU-resident performance
Warning: Keeping margin at user-specified value 2
Warning: Performance might be improved by increasing margin size to >= 4
Warning: Disabling lonepair support due to incompatability with GPU-resident.
Info: Running with GPU-resident mode
Warning: Always using force tables for GPU nonbonded kernel due to unsupported config parameters.
Info: SIMULATION PARAMETERS:
Info: TIMESTEP               2
Info: NUMBER OF STEPS        0
Info: STEPS PER CYCLE        10
Info: PERIODIC CELL BASIS 1  30.5463 0 0
Info: PERIODIC CELL BASIS 2  0 32.0108 0
Info: PERIODIC CELL BASIS 3  0 0 32.3251
Info: PERIODIC CELL CENTER   0 0 0
Info: WRAPPING WATERS AROUND PERIODIC BOUNDARIES ON OUTPUT.
Info: WRAPPING ALL CLUSTERS AROUND PERIODIC BOUNDARIES ON OUTPUT.
Info: LOAD BALANCER  Centralized
Info: LOAD BALANCING STRATEGY  New Load Balancers -- DEFAULT
Info: LDB PERIOD             2000 steps
Info: FIRST LDB TIMESTEP     50
Info: LAST LDB TIMESTEP     -1
Info: LDB BACKGROUND SCALING 1
Info: HOM BACKGROUND SCALING 1
Info: PME BACKGROUND SCALING 1
Info: MIN ATOMS PER PATCH    40
Info: EMPTY PATCH LOAD       40 ATOMS
Info: VELOCITY FILE          mobley_6239320_equil.vel
Info: CENTER OF MASS MOVING INITIALLY? NO
Info: DIELECTRIC             1
Info: EXCLUDE                SCALED ONE-FOUR
Info: 1-4 ELECTROSTATICS SCALED BY 0.833333
Info: MODIFIED 1-4 VDW PARAMETERS WILL BE USED
Info: DCD FILENAME           mobley_6239320_prod.dcd
Info: DCD FREQUENCY          100000
Info: DCD FIRST STEP         100000
Info: DCD FILE WILL CONTAIN UNIT CELL DATA
Info: XST FILENAME           mobley_6239320_prod.xst
Info: XST FREQUENCY          100000
Info: NO VELOCITY DCD OUTPUT
Info: NO FORCE DCD OUTPUT
Info: OUTPUT FILENAME        mobley_6239320_prod
Info: BINARY OUTPUT FILES WILL BE USED
Info: RESTART FILENAME       mobley_6239320_prod.restart
Info: RESTART FREQUENCY      100000
Info: BINARY RESTART FILES WILL BE USED
Info: CUTOFF                 9
Info: PAIRLIST DISTANCE      11
Info: PAIRLIST SHRINK RATE   0.01
Info: PAIRLIST GROW RATE     0.01
Info: PAIRLIST TRIGGER       0.3
Info: PAIRLISTS PER CYCLE    2
Info: PAIRLISTS ENABLED
Info: MARGIN                 2
Info: HYDROGEN GROUP CUTOFF  2.5
Info: PATCH DIMENSION        15.5
Info: ENERGY OUTPUT STEPS    100000
Warning: The period of outputting energies relating to alchemical transformations (alchOutFreq = 50) is not a multiple of the period of computing energies (computeEnergies = 100000). If alchOutFreq is smaller than outputEnergies and computeEnergies is not defined, a better solution is to set computeEnergies explicitly and keep it the same as alchOutFreq. The simulation will use the greatest common divisor of computeEnergies and alchOutFreq as the period of energy evaluation.
Info: ENERGY EVALUATION STEPS    100000
Info: OUTPUT ENERGY PRECISION 4
Info: CROSSTERM ENERGY INCLUDED IN DIHEDRAL
Info: TIMING OUTPUT STEPS    1000000
Info: PRESSURE OUTPUT STEPS  100000
Info: ALCHEMICAL FEP ON
Info: FEP CURRENT LAMBDA VALUE     0.85
Info: FEP COMPARISON LAMBDA VALUE  0.9
Info: FEP INTRA-ALCHEMICAL NON-BONDED INTERACTIONS WILL BE RETAINED
Info: FEP INTRA-ALCHEMICAL BONDED INTERACTIONS WILL BE RETAINED
Info: FEP VDW SHIFTING COEFFICIENT 5
Info: FEP ELEC. ACTIVE FOR ANNIHILATED PARTICLES BETWEEN LAMBDA = 0 AND LAMBDA = 0.5
Info: FEP ELEC. ACTIVE FOR EXNIHILATED PARTICLES BETWEEN LAMBDA = 0.5 AND LAMBDA = 1
Info: FEP VDW ACTIVE FOR ANNIHILATED PARTICLES BETWEEN LAMBDA = 0 AND LAMBDA = 1
Info: FEP VDW ACTIVE FOR EXNIHILATED PARTICLES BETWEEN LAMBDA = 0 AND LAMBDA = 1
Info: FEP BOND ACTIVE FOR ANNIHILATED PARTICLES BETWEEN LAMBDA = 1 AND LAMBDA = 1
Info: FEP BOND ACTIVE FOR EXNIHILATED PARTICLES BETWEEN LAMBDA = 0 AND LAMBDA = 0
Info: LANGEVIN DYNAMICS ACTIVE
Info: LANGEVIN TEMPERATURE   300
Info: LANGEVIN USING BBK INTEGRATOR
Info: LANGEVIN DAMPING COEFFICIENT IS 1 INVERSE PS
Info: LANGEVIN DYNAMICS APPLIED TO HYDROGENS
Info: LANGEVIN PISTON PRESSURE CONTROL ACTIVE
Info:        TARGET PRESSURE IS 1.01325 BAR
Info:     OSCILLATION PERIOD IS 50 FS
Info:             DECAY TIME IS 25 FS
Info:     PISTON TEMPERATURE IS 300 K
Info:       PRESSURE CONTROL IS GROUP-BASED
Info:    INITIAL STRAIN RATE IS 0.000523116 0.000523116 0.000523116
Info:       CELL FLUCTUATION IS ISOTROPIC
Info: PARTICLE MESH EWALD (PME) ACTIVE
Info: PME TOLERANCE               1e-06
Info: PME EWALD COEFFICIENT       0.348832
Info: PME INTERPOLATION ORDER     4
Info: PME GRID DIMENSIONS         32 36 36
Info: PME MAXIMUM GRID SPACING    1
Info: PME CALCULATION WILL BE PERFORMED ON GPU
Info: FULL ELECTROSTATIC EVALUATION FREQUENCY      2
Info: USING VERLET I (r-RESPA) MTS SCHEME.
Info: C1 SPLITTING OF LONG RANGE ELECTROSTATICS
Info: PLACING ATOMS IN PATCHES BY HYDROGEN GROUPS
Info: RIGID BONDS TO HYDROGEN : ALL
Info:         ERROR TOLERANCE : 1e-08
Info:          MAX ITERATIONS : 100
Info: RIGID WATER USING SETTLE ALGORITHM
Info: RANDOM NUMBER SEED     1742727294
Info: USE HYDROGEN BONDS?    NO
Info: Using AMBER format force field!
Info: AMBER PARM FILE        mobley_6239320.prmtop
Info: COORDINATE PDB         mobley_6239320.pdb
Info: Exclusions will be read from PARM file!
Info: SCNB (VDW SCALING)     2
Info: USING ARITHMETIC MEAN TO COMBINE L-J SIGMA PARAMETERS
Info: BINARY COORDINATES     mobley_6239320_equil.coor
Info: === Start reading AMBER parm7 format file mobley_6239320.prmtop ===
Info: Complete reading ATOM_NAME with 2997 fields.
Info: Complete reading CHARGE with 2997 fields.
Info: Complete reading ATOMIC_NUMBER with 2997 fields.
Info: Complete reading MASS with 2997 fields.
Info: Complete reading ATOM_TYPE_INDEX with 2997 fields.
Info: Complete reading NUMBER_EXCLUDED_ATOMS with 2997 fields.
Info: Complete reading NONBONDED_PARM_INDEX with 36 fields.
Info: Complete reading RESIDUE_LABEL with 996 fields.
Info: Complete reading RESIDUE_POINTER with 996 fields.
Info: Complete reading BOND_FORCE_CONSTANT with 5 fields.
Info: Complete reading BOND_EQUIL_VALUE with 5 fields.
Info: Complete reading ANGLE_FORCE_CONSTANT with 4 fields.
Info: Complete reading ANGLE_EQUIL_VALUE with 4 fields.
Info: Complete reading DIHEDRAL_FORCE_CONSTANT with 4 fields.
Info: Complete reading DIHEDRAL_PERIODICITY with 4 fields.
Info: Complete reading DIHEDRAL_PHASE with 4 fields.
Info: Complete reading SCEE_SCALE_FACTOR with 4 fields.
Info: Complete reading SCNB_SCALE_FACTOR with 4 fields.
Info: Complete reading LENNARD_JONES_ACOEF with 21 fields.
Info: Complete reading LENNARD_JONES_BCOEF with 21 fields.
Info: Complete reading BONDS_INC_HYDROGEN with 8964 fields.
Info: Complete reading BONDS_WITHOUT_HYDROGEN with 27 fields.
Info: Complete reading ANGLES_INC_HYDROGEN with 24 fields.
Info: Complete reading ANGLES_WITHOUT_HYDROGEN with 48 fields.
Info: Complete reading DIHEDRALS_INC_HYDROGEN with 105 fields.
Info: Complete reading DIHEDRALS_WITHOUT_HYDROGEN with 75 fields.
Info: Complete reading EXCLUDED_ATOMS_LIST with 4034 fields.
Info: Complete reading HBOND_ACOEF with 0 fields.
Info: Complete reading HBOND_BCOEF with 0 fields.
Info: Complete reading AMBER_ATOM_TYPE with 2997 fields.
Info: Complete reading TREE_CHAIN_CLASSIFICATION with 2997 fields.
Info: Complete reading ATOMS_PER_MOLECULE with 996 fields.
Info: Complete reading BOX_DIMENSIONS with 4 fields.
Info: Complete reading RADIUS_SET with 1 fields.
Info: Complete reading RADII with 2997 fields.
Info: Complete reading SCREEN with 2997 fields.
Info: === Finish reading AMBER parm7 format file. ===
Warning: Found 995 H-H bonds.
Info: SUMMARY OF PARAMETERS:
Info: 5 BONDS
Info: 4 ANGLES
Info:   4 HARMONIC
Info:   0 COSINE-BASED
Info: 4 DIHEDRAL
Info: 0 IMPROPER
Info: 0 CROSSTERM
Info: 0 VDW
Info: 21 VDW_PAIRS
Info: 0 NBTHOLE_PAIRS
Info: Reading pdb file mobley_6239320.pdb
Info: TIME FOR READING PDB FILE: 0.0698154
Info: 
Info: To read alchdata from file: mobley_6239320.pdb
Info: To read alchflag data from column: 5
Info: ****************************
Info: STRUCTURE SUMMARY:
Info: 2997 ATOMS
Info: 2997 BONDS
Info: 18 ANGLES
Info: 36 DIHEDRALS
Info: 0 IMPROPERS
Info: 0 CROSSTERMS
Info: 3036 EXCLUSIONS
Info: 2988 RIGID BONDS
Info: ALCH: 0 ATOMS TO DISAPPEAR IN FINAL STATE
Info: ALCH: 12 ATOMS TO APPEAR IN FINAL STATE
Info: 6003 DEGREES OF FREEDOM
Info: 1004 HYDROGEN GROUPS
Info: 3 ATOMS IN LARGEST HYDROGEN GROUP
Info: 1004 MIGRATION GROUPS
Info: 3 ATOMS IN LARGEST MIGRATION GROUP
Info: TOTAL MASS = 18055 amu
Info: TOTAL CHARGE = 0.000199944 e
Info: MASS DENSITY = 0.948554 g/cm^3
Info: ATOM DENSITY = 0.0948183 atoms/A^3
Info: *****************************
Info: Reading from binary file mobley_6239320_equil.coor
Info: 
Info: Entering startup at 0.294278 s, 0 MB of memory in use
Info: Startup phase 0 took 6.9068e-05 s, 0 MB of memory in use
Info: ADDED 0 IMPLICIT EXCLUSIONS
Info: Startup phase 1 took 0.000954771 s, 0 MB of memory in use
Info: NONBONDED TABLE R-SQUARED SPACING: 0.0625
Info: NONBONDED TABLE SIZE: 705 POINTS
Info: INCONSISTENCY IN FAST TABLE ENERGY VS FORCE: 0.000290481 AT 0.251946
Info: INCONSISTENCY IN SCOR TABLE ENERGY VS FORCE: 0.000238233 AT 8.9687
Info: ABSOLUTE IMPRECISION IN VDWA TABLE ENERGY: 1.21169e-27 AT 8.99653
Info: ABSOLUTE IMPRECISION IN VDWA TABLE FORCE: 2.57484e-27 AT 8.99653
Info: INCONSISTENCY IN VDWA TABLE ENERGY VS FORCE: 0.0040507 AT 0.251946
Info: INCONSISTENCY IN VDWB TABLE ENERGY VS FORCE: 0.00150189 AT 0.251946
Info: Startup phase 2 took 0.000199435 s, 0 MB of memory in use
Info: Startup phase 3 took 6.8611e-05 s, 0 MB of memory in use
Info: Startup phase 4 took 7.7954e-05 s, 0 MB of memory in use
Info: Startup phase 5 took 4.6322e-05 s, 0 MB of memory in use
Info: PATCH GRID IS 3 (PERIODIC) BY 2 (PERIODIC) BY 2 (PERIODIC)
Info: PATCH GRID IS 2-AWAY BY 1-AWAY BY 1-AWAY
Info: Reading from binary file mobley_6239320_equil.vel
Info: REMOVING COM VELOCITY -0.173067 0.052873 0.0637366
Info: LARGEST PATCH (10) HAS 268 ATOMS
Info: TORUS A SIZE 1 USING 0
Info: TORUS B SIZE 1 USING 0
Info: TORUS C SIZE 1 USING 0
Info: TORUS MINIMAL MESH SIZE IS 1 BY 1 BY 1
Info: Placed 100% of base nodes on same physical node as patch
Info: Startup phase 6 took 0.00413404 s, 0 MB of memory in use
Info: Use 3D box decompostion in PME FFT.
Info: PME using 1 x 1 x 1 pencil grid for FFT and reciprocal sum.
Info: Startup phase 7 took 0.000135851 s, 0 MB of memory in use
Info: Updated CUDA force table with 4096 elements.
Info: Updated CUDA LJ table with 6 x 6 elements.
Info: Startup phase 8 took 0.000600141 s, 0 MB of memory in use
Info: Startup phase 9 took 6.6591e-05 s, 0 MB of memory in use
Info: Startup phase 10 took 5.7115e-05 s, 0 MB of memory in use
Info: Startup phase 11 took 0.00140193 s, 0 MB of memory in use
LDB: Central LB being created...
Info: Startup phase 12 took 0.00335115 s, 0 MB of memory in use
Info: CREATING 456 COMPUTE OBJECTS
Info: Found 14 unique exclusion lists needing 24 bytes
Info: useSync: 0 useProxySync: 0
Info: Startup phase 13 took 0.0120456 s, 0 MB of memory in use
Info: Startup phase 14 took 7.1657e-05 s, 0 MB of memory in use
Info: Startup phase 15 took 4.9967e-05 s, 0 MB of memory in use
Info: Finished startup at 0.317608 s, 0 MB of memory in use

TCL: Running for 2500000 steps
FEP: RESETTING FOR NEW FEP WINDOW LAMBDA SET TO 0.85 LAMBDA2 0.9
FEP: WINDOW TO HAVE 100000 STEPS OF EQUILIBRATION PRIOR TO FEP DATA COLLECTION.
FEP: USING CONSTANT TEMPERATURE OF 300 K FOR FEP CALCULATION
PRESSURE: 0 -820.375 -230.511 210.24 -230.515 -1344.04 -44.0112 210.243 -44.0121 -714.622
GPRESSURE: 0 -925.5 -240.025 102.442 -79.9634 -1260.34 -54.0585 364.03 -113.809 -444.62
ETITLE:      TS           BOND          ANGLE          DIHED          IMPRP               ELECT            VDW       BOUNDARY           MISC        KINETIC               TOTAL           TEMP      POTENTIAL       TOTALAVG        TEMPAVG            PRESSURE      GPRESSURE         VOLUME       PRESSAVG      GPRESSAVG
FEPTITLE:    TS          BOND2         ELECT2           VDW2

ENERGY:       0         6.7897         2.0572        29.0443         0.0000         -11159.5468      1375.4535         0.0000         0.0000      1794.8183          -7951.3838       300.9141     -9746.2022     -7951.3838       300.9141           -959.6775      -876.8198     31607.8236      -959.6775      -876.8198
FEP:          0        37.8911    -11164.9320      1376.4479

OPENING FEP ENERGY OUTPUT FILE
OPENING EXTENDED SYSTEM TRAJECTORY FILE
Info: Initial time: 12 CPUs 0.000532049 s/step 324.782 ns/day 0 MB memory
Info: Initial time: 12 CPUs 0.000309749 s/step 557.872 ns/day 0 MB memory
Info: Initial time: 12 CPUs 0.000312031 s/step 553.792 ns/day 0 MB memory
Info: Benchmark time: 12 CPUs 0.000309037 s/step 559.156 ns/day 0 MB memory
Info: Benchmark time: 12 CPUs 0.000310478 s/step 556.562 ns/day 0 MB memory
Info: Benchmark time: 12 CPUs 0.000312147 s/step 553.585 ns/day 0 MB memory
Info: Benchmark time: 12 CPUs 0.000309759 s/step 557.853 ns/day 0 MB memory
Info: Benchmark time: 12 CPUs 0.000312011 s/step 553.827 ns/day 0 MB memory
Info: Benchmark time: 12 CPUs 0.000314484 s/step 549.471 ns/day 0 MB memory
PRESSURE: 100000 -542.425 134.17 -379.301 134.174 -1151.23 -70.2842 -379.299 -70.282 -1508.5
GPRESSURE: 100000 -541.243 -9.43617 -280.046 105.357 -1053.57 -104.757 -185.383 -45.8615 -1518.77
PRESSAVG: 100000 -681.4 -48.1704 -84.5282 -48.1704 -1247.63 -57.147 -84.5282 -57.147 -1111.56
GPRESSAVG: 100000 -733.372 -124.73 -88.8019 12.6971 -1156.96 -79.4075 89.3235 -79.8354 -981.697
ENERGY:  100000         4.1033         4.8583        27.5325         0.0000         -11222.3255      1380.0199         0.0000         0.0000      1800.5628          -8005.2487       301.8772     -9805.8115     -7978.3163       301.3957          -1067.3843     -1037.8627     31510.9452     -1013.5309      -957.3412
FEP:     100000        36.4941    -11227.5048      1385.3865

WRITING EXTENDED SYSTEM TO RESTART FILE AT STEP 100000
OPENING COORDINATE DCD FILE
WRITING COORDINATES TO DCD FILE mobley_6239320_prod.dcd AT STEP 100000
WRITING COORDINATES TO RESTART FILE AT STEP 100000
FINISHED WRITING RESTART COORDINATES
The last position output (seq=100000) takes 0.011 seconds, 0.000 MB of memory in use
WRITING VELOCITIES TO RESTART FILE AT STEP 100000
FINISHED WRITING RESTART VELOCITIES
The last velocity output (seq=100000) takes 0.006 seconds, 0.000 MB of memory in use
PRESSURE: 200000 -750.28 319.534 121.422 319.535 -367.895 -101.15 121.423 -101.148 -692.137
GPRESSURE: 200000 -806.156 362.84 627.554 249.779 -342.931 18.2142 -126.778 -168.128 -523.649
PRESSAVG: 200000 -704.36 74.3982 -15.8776 74.3982 -954.388 -71.8141 -15.8776 -71.8141 -971.752
GPRESSAVG: 200000 -757.633 37.793 149.983 91.7243 -885.614 -46.8669 17.2897 -109.266 -829.014
ENERGY:  200000         4.0827         1.6546        26.8677         0.0000         -11247.6267      1416.3329         0.0000         0.0000      1797.5253          -8001.1635       301.3679     -9798.6888     -7985.9320       301.3864           -603.4374      -557.5787     31184.8289      -876.8331      -824.0870
FEP:     200000        32.6050    -11252.0473      1418.8941

WRITING EXTENDED SYSTEM TO RESTART FILE AT STEP 200000
WRITING COORDINATES TO DCD FILE mobley_6239320_prod.dcd AT STEP 200000
WRITING COORDINATES TO RESTART FILE AT STEP 200000
FINISHED WRITING RESTART COORDINATES
The last position output (seq=200000) takes 0.014 seconds, 0.000 MB of memory in use
WRITING VELOCITIES TO RESTART FILE AT STEP 200000
FINISHED WRITING RESTART VELOCITIES
The last velocity output (seq=200000) takes 0.011 seconds, 0.000 MB of memory in use
PRESSURE: 300000 151.238 -271.229 -221.399 -271.225 1183.67 276.966 -221.4 276.965 472.756
GPRESSURE: 300000 306.099 -421.297 -121.642 58.1254 1148.86 -39.2994 -347.393 162.528 556.32
PRESSAVG: 300000 -490.46 -12.0076 -67.2582 -12.0076 -419.874 15.3807 -67.2582 15.3807 -610.625
GPRESSAVG: 300000 -491.7 -76.9796 82.0769 83.3246 -376.996 -44.9751 -73.8809 -41.3178 -482.681
ENERGY:  300000         8.1079         3.5387        27.4086         0.0000         -11353.8773      1524.7894         0.0000         0.0000      1756.0930          -8033.9397       294.4215     -9790.0327     -7997.9339       299.6452            602.5528       670.4256     30550.6325      -506.9866      -450.4589
FEP:     300000        39.0552    -11358.2126      1525.9346

WRITING EXTENDED SYSTEM TO RESTART FILE AT STEP 300000
WRITING COORDINATES TO DCD FILE mobley_6239320_prod.dcd AT STEP 300000
WRITING COORDINATES TO RESTART FILE AT STEP 300000
FINISHED WRITING RESTART COORDINATES
The last position output (seq=300000) takes 0.022 seconds, 0.000 MB of memory in use
WRITING VELOCITIES TO RESTART FILE AT STEP 300000
FINISHED WRITING RESTART VELOCITIES
The last velocity output (seq=300000) takes 0.021 seconds, 0.000 MB of memory in use
PRESSURE: 400000 145.414 322.392 -161.678 322.389 827.6 -109.23 -161.68 -109.233 -435.9
GPRESSURE: 400000 142.095 682.124 -251.598 -127.039 955.787 -82.182 -32.5727 119.98 -232.827
PRESSAVG: 400000 -363.286 54.8718 -86.1426 54.8718 -170.38 -9.54202 -86.1426 -9.54202 -575.68
GPRESSAVG: 400000 -364.941 74.8411 15.3419 41.2518 -110.439 -52.4164 -65.6193 -9.05829 -432.71
ENERGY:  400000         5.4913         3.6195        25.6682         0.0000         -11341.2196      1509.0987         0.0000         0.0000      1805.7508          -7991.5911       302.7470     -9797.3419     -7996.6654       300.2656            179.0380       288.3517     30939.3449      -369.7817      -302.6968
FEP:     400000        34.7790    -11347.4367      1518.8292

WRITING EXTENDED SYSTEM TO RESTART FILE AT STEP 400000
WRITING COORDINATES TO DCD FILE mobley_6239320_prod.dcd AT STEP 400000
WRITING COORDINATES TO RESTART FILE AT STEP 400000
FINISHED WRITING RESTART COORDINATES
The last position output (seq=400000) takes 0.016 seconds, 0.000 MB of memory in use
WRITING VELOCITIES TO RESTART FILE AT STEP 400000
FINISHED WRITING RESTART VELOCITIES
The last velocity output (seq=400000) takes 0.015 seconds, 0.000 MB of memory in use
PRESSURE: 500000 -134.462 437.627 -414.938 437.626 594.398 -417.08 -414.937 -417.078 663.354
GPRESSURE: 500000 67.8896 407.465 -101.443 373.893 697.296 -371.143 -584.322 -273.223 747.114
PRESSAVG: 500000 -325.148 118.664 -140.942 118.664 -42.9165 -77.4647 -140.942 -77.4647 -369.174
GPRESSAVG: 500000 -292.803 130.278 -4.12221 96.6921 24.1832 -105.537 -152.07 -53.0858 -236.073
ENERGY:  500000        14.9724         6.3011        26.1832         0.0000         -11271.0389      1499.0289         0.0000         0.0000      1779.4653          -7945.0878       298.3401     -9724.5532     -7988.0691       299.9446            374.4303       504.0997     31242.6933      -245.7463      -168.2307
FEP:     500000        47.4568    -11275.9643      1502.1979

WRITING EXTENDED SYSTEM TO RESTART FILE AT STEP 500000
WRITING COORDINATES TO DCD FILE mobley_6239320_prod.dcd AT STEP 500000
WRITING COORDINATES TO RESTART FILE AT STEP 500000
FINISHED WRITING RESTART COORDINATES
The last position output (seq=500000) takes 0.021 seconds, 0.000 MB of memory in use
WRITING VELOCITIES TO RESTART FILE AT STEP 500000
FINISHED WRITING RESTART VELOCITIES
The last velocity output (seq=500000) takes 0.022 seconds, 0.000 MB of memory in use
PRESSURE: 600000 -943.208 121.084 18.759 121.085 -293.249 77.5682 18.7548 77.5675 -330.505
GPRESSURE: 600000 -761.177 -40.8654 -129.785 367.965 -151.38 394.359 10.1226 68.4092 -443.972
PRESSAVG: 600000 -413.442 119.01 -118.128 119.01 -78.6783 -55.3172 -118.128 -55.3172 -363.65
GPRESSAVG: 600000 -359.713 105.829 -22.074 135.445 -0.897218 -34.1237 -128.899 -35.7293 -265.773
ENERGY:  600000         3.8367         2.3627        26.4234         0.0000         -11288.2252      1421.8628         0.0000         0.0000      1765.5676          -8068.1719       296.0100     -9833.7395     -7999.5124       299.3825           -522.3205      -452.1766     30884.0037      -285.2569      -208.7944
FEP:     600000        32.6229    -11294.3593      1428.1269

WRITING EXTENDED SYSTEM TO RESTART FILE AT STEP 600000
WRITING COORDINATES TO DCD FILE mobley_6239320_prod.dcd AT STEP 600000
WRITING COORDINATES TO RESTART FILE AT STEP 600000
FINISHED WRITING RESTART COORDINATES
The last position output (seq=600000) takes 0.018 seconds, 0.000 MB of memory in use
WRITING VELOCITIES TO RESTART FILE AT STEP 600000
FINISHED WRITING RESTART VELOCITIES
PRESSURE: 700000 464.452 296.257 -1.36357 296.257 31.4075 -405.286 -1.3638 -405.287 503.848
GPRESSURE: 700000 365.525 213.916 -199.599 212.717 226.753 -319.5 278.971 -485.718 600.54
PRESSAVG: 700000 -303.706 141.166 -103.532 141.166 -64.9176 -99.0634 -103.532 -99.0634 -255.213
GPRESSAVG: 700000 -269.059 119.34 -44.2647 145.104 27.5591 -69.7957 -77.9156 -91.9779 -157.484
ENERGY:  700000         8.3030         4.5517        26.2425         0.0000         -11371.5142      1499.6047         0.0000         0.0000      1858.8518          -7973.9604       311.6498     -9832.8123     -7996.3184       300.9160            333.2358       397.6059     30728.0473      -207.9453      -132.9944
FEP:     700000        39.0972    -11375.0938      1502.8795

WRITING EXTENDED SYSTEM TO RESTART FILE AT STEP 700000
WRITING COORDINATES TO DCD FILE mobley_6239320_prod.dcd AT STEP 700000
WRITING COORDINATES TO RESTART FILE AT STEP 700000
FINISHED WRITING RESTART COORDINATES
The last position output (seq=700000) takes 0.016 seconds, 0.000 MB of memory in use
WRITING VELOCITIES TO RESTART FILE AT STEP 700000
FINISHED WRITING RESTART VELOCITIES
PRESSURE: 800000 -273.917 -228.917 -115.979 -228.92 -387.332 89.3266 -115.977 89.3241 -294.962
GPRESSURE: 800000 -128.988 -87.0087 -188.807 31.5714 -214.554 -192.25 61.7104 271.572 -476.589
PRESSAVG: 800000 -300.396 100.045 -104.915 100.045 -100.741 -78.1315 -104.915 -78.1315 -259.629
GPRESSAVG: 800000 -253.495 96.4124 -60.325 132.489 0.65755 -83.4017 -62.4016 -51.5835 -192.94
ENERGY:  800000        11.1305         7.0608        29.3924         0.0000         -11249.0573      1434.3962         0.0000         0.0000      1756.4177          -8010.6597       294.4760     -9767.0774     -7997.9119       300.2004           -318.7370      -273.3772     31038.5508      -220.2555      -148.5924
FEP:     800000        47.5837    -11254.1377      1436.2647

WRITING EXTENDED SYSTEM TO RESTART FILE AT STEP 800000
WRITING COORDINATES TO DCD FILE mobley_6239320_prod.dcd AT STEP 800000
WRITING COORDINATES TO RESTART FILE AT STEP 800000
FINISHED WRITING RESTART COORDINATES
The last position output (seq=800000) takes 0.022 seconds, 0.000 MB of memory in use
WRITING VELOCITIES TO RESTART FILE AT STEP 800000
FINISHED WRITING RESTART VELOCITIES
PRESSURE: 900000 -420.18 -288.403 671.221 -288.404 -440.23 -533.154 671.22 -533.152 -752.529
GPRESSURE: 900000 -234.344 -480.115 1131.54 68.5338 -444.999 -192.266 311.66 -463.82 -759.616
PRESSAVG: 900000 -312.374 61.2003 -27.3017 61.2003 -134.69 -123.633 -27.3017 -123.633 -308.919
GPRESSAVG: 900000 -251.58 38.7596 58.8615 126.094 -43.9081 -94.2881 -24.9954 -92.8072 -249.607
ENERGY:  900000         7.0923         1.1855        26.3592         0.0000         -11215.8696      1398.3875         0.0000         0.0000      1732.1075          -8050.7377       290.4002     -9782.8451     -8003.1944       299.2204           -537.6465      -479.6532     30839.3521      -251.9946      -181.6985
FEP:     900000        34.6369    -11221.3105      1399.9802

WRITING EXTENDED SYSTEM TO RESTART FILE AT STEP 900000
WRITING COORDINATES TO DCD FILE mobley_6239320_prod.dcd AT STEP 900000
WRITING COORDINATES TO RESTART FILE AT STEP 900000
FINISHED WRITING RESTART COORDINATES
The last position output (seq=900000) takes 0.021 seconds, 0.000 MB of memory in use
WRITING VELOCITIES TO RESTART FILE AT STEP 900000
FINISHED WRITING RESTART VELOCITIES
PRESSURE: 1000000 300.768 224.843 -421.955 224.843 -655.607 402.042 -421.955 402.039 -592.13
GPRESSURE: 1000000 324.045 322.784 -462.324 164.839 -508.819 529.302 -463.006 175.476 -620.518
PRESSAVG: 1000000 -256.634 76.0769 -63.1793 76.0769 -182.046 -75.8451 -63.1793 -75.8451 -334.666
GPRESSAVG: 1000000 -199.25 64.5801 11.4809 129.616 -86.1728 -37.5981 -64.8145 -68.4177 -283.327
TIMING: 1000000  CPU: 311.857, 0.00031164/step  Wall: 315.582, 0.000315561/step, 547.596 ns/days, 0.131484 hours remaining, 0.000000 MB of memory in use.
PERFORMANCE: 1000000  averaging 547.596 ns/day, 0.000315561 sec/step with standard deviation 0
ETITLE:      TS           BOND          ANGLE          DIHED          IMPRP               ELECT            VDW       BOUNDARY           MISC        KINETIC               TOTAL           TEMP      POTENTIAL       TOTALAVG        TEMPAVG            PRESSURE      GPRESSURE         VOLUME       PRESSAVG      GPRESSAVG
FEPTITLE:    TS          BOND2         ELECT2           VDW2

ENERGY: 1000000        11.2655         2.4188        27.6100         0.0000         -11301.2831      1434.7046         0.0000         0.0000      1793.3519          -8031.9323       300.6682     -9825.2843     -8005.8070       299.3520           -315.6566      -268.4306     30735.1413      -257.7821      -189.5833
FEP:    1000000        41.2943    -11306.6653      1439.0629

WRITING EXTENDED SYSTEM TO RESTART FILE AT STEP 1000000
WRITING COORDINATES TO DCD FILE mobley_6239320_prod.dcd AT STEP 1000000
WRITING COORDINATES TO RESTART FILE AT STEP 1000000
FINISHED WRITING RESTART COORDINATES
The last position output (seq=1000000) takes 0.017 seconds, 0.000 MB of memory in use
WRITING VELOCITIES TO RESTART FILE AT STEP 1000000
FINISHED WRITING RESTART VELOCITIES
PRESSURE: 1100000 201.445 76.5712 60.0028 76.5744 -171.864 457.165 60.0001 457.161 -1252.09
GPRESSURE: 1100000 155.382 81.5994 230.774 319.766 -181.706 568.226 -77.7337 332.293 -1162.79
PRESSAVG: 1100000 -218.461 76.1183 -52.9144 76.1183 -181.198 -31.4279 -52.9144 -31.4279 -411.118
GPRESSAVG: 1100000 -169.698 65.9983 29.7554 145.462 -94.1339 12.8873 -65.8911 -35.0252 -356.615
ENERGY: 1100000         7.8372         5.4327        27.4568         0.0000         -11322.5650      1423.1061         0.0000         0.0000      1836.4529          -8022.2792       307.8944     -9858.7322     -8007.1797       300.0639           -407.5025      -396.3712     30679.7564      -270.2588      -206.8156
FEP:    1100000        40.7267    -11326.5768      1427.2959

WRITING EXTENDED SYSTEM TO RESTART FILE AT STEP 1100000
WRITING COORDINATES TO DCD FILE mobley_6239320_prod.dcd AT STEP 1100000
WRITING COORDINATES TO RESTART FILE AT STEP 1100000
FINISHED WRITING RESTART COORDINATES
WRITING VELOCITIES TO RESTART FILE AT STEP 1100000
FINISHED WRITING RESTART VELOCITIES
PRESSURE: 1200000 -61.0239 29.1746 -20.3319 29.1765 -696.313 357.782 -20.3374 357.781 405.833
GPRESSURE: 1200000 47.1473 -138.723 -191.572 34.2693 -632.119 -10.2287 -32.6171 277.099 212.322
PRESSAVG: 1200000 -206.35 72.5074 -50.4085 72.5074 -220.822 -1.48874 -50.4085 -1.48874 -348.275
GPRESSAVG: 1200000 -153.017 50.2506 12.7302 136.909 -135.517 11.1091 -63.3316 -11.0156 -312.851
ENERGY: 1200000         4.3765         4.0316        25.5198         0.0000         -11144.4056      1418.8097         0.0000         0.0000      1805.7267          -7885.9413       302.7430     -9691.6680     -7997.8536       300.2700           -117.1680      -124.2168     31114.2406      -258.4826      -200.4618
FEP:    1200000        33.9279    -11149.0932      1421.2603

WRITING EXTENDED SYSTEM TO RESTART FILE AT STEP 1200000
WRITING COORDINATES TO DCD FILE mobley_6239320_prod.dcd AT STEP 1200000
WRITING COORDINATES TO RESTART FILE AT STEP 1200000
FINISHED WRITING RESTART COORDINATES
WRITING VELOCITIES TO RESTART FILE AT STEP 1200000
FINISHED WRITING RESTART VELOCITIES
PRESSURE: 1300000 -142.642 -192.856 39.3079 -192.855 -287.422 -7.0665 39.3081 -7.06799 -369.978
GPRESSURE: 1300000 -46.4871 -464.715 -153.023 -65.657 -284.727 -393.376 320.52 132.127 -265.092
PRESSAVG: 1300000 -201.8 53.553 -44.0001 53.553 -225.579 -1.88726 -44.0001 -1.88726 -349.826
GPRESSAVG: 1300000 -145.408 13.4673 0.890673 122.44 -146.175 -17.7827 -35.9136 -0.791135 -309.439
ENERGY: 1300000        10.7817         1.7052        29.1970         0.0000         -11169.4451      1409.7107         0.0000         0.0000      1843.9438          -7874.1068       309.1503     -9718.0506     -7989.0146       300.9043           -266.6807      -198.7686     30864.3832      -259.0682      -200.3409
FEP:    1300000        41.6839    -11173.0457      1411.1274

WRITING EXTENDED SYSTEM TO RESTART FILE AT STEP 1300000
WRITING COORDINATES TO DCD FILE mobley_6239320_prod.dcd AT STEP 1300000
WRITING COORDINATES TO RESTART FILE AT STEP 1300000
FINISHED WRITING RESTART COORDINATES
WRITING VELOCITIES TO RESTART FILE AT STEP 1300000
FINISHED WRITING RESTART VELOCITIES
PRESSURE: 1400000 83.166 -133.001 -236.095 -133.001 -152.128 167.767 -236.093 167.765 -1027.15
GPRESSURE: 1400000 177.828 -130.755 -247.774 -20.3201 68.4242 -165.394 -76.798 77.2336 -934.637
PRESSAVG: 1400000 -182.802 41.1161 -56.8063 41.1161 -220.682 9.42286 -56.8063 9.42286 -394.98
GPRESSAVG: 1400000 -123.859 3.85249 -15.687 112.922 -131.869 -27.6234 -38.6392 4.41051 -351.119
ENERGY: 1400000         7.7288         4.8597        24.8237         0.0000         -11251.5520      1405.3941         0.0000         0.0000      1833.3192          -7975.4264       307.3690     -9808.7456     -7988.1087       301.3353           -365.3703      -229.4616     30611.8289      -266.1550      -202.2823
FEP:    1400000        37.4122    -11256.0291      1409.7687

WRITING EXTENDED SYSTEM TO RESTART FILE AT STEP 1400000
WRITING COORDINATES TO DCD FILE mobley_6239320_prod.dcd AT STEP 1400000
WRITING COORDINATES TO RESTART FILE AT STEP 1400000
FINISHED WRITING RESTART COORDINATES
WRITING VELOCITIES TO RESTART FILE AT STEP 1400000
FINISHED WRITING RESTART VELOCITIES
PRESSURE: 1500000 175.407 -61.7504 -320.39 -61.748 501.419 -35.4201 -320.391 -35.4128 -465.094
GPRESSURE: 1500000 211.402 -81.4663 -287.075 26.4824 478.334 149.518 -338.694 -204.41 -223.103
PRESSAVG: 1500000 -160.414 34.6871 -73.2804 34.6871 -175.551 6.62063 -73.2804 6.62063 -399.362
GPRESSAVG: 1500000 -102.905 -1.47994 -32.6487 107.52 -93.7309 -16.5521 -57.3926 -8.64076 -343.118
ENERGY: 1500000         5.8916         5.8721        31.7527         0.0000         -11305.9103      1452.4304         0.0000         0.0000      1808.1009          -8001.8627       303.1410     -9809.9635     -7988.9683       301.4481             70.5773       155.5443     30596.3908      -245.1092      -179.9181
FEP:    1500000        43.5164    -11310.5637      1456.2298

WRITING EXTENDED SYSTEM TO RESTART FILE AT STEP 1500000
WRITING COORDINATES TO DCD FILE mobley_6239320_prod.dcd AT STEP 1500000
WRITING COORDINATES TO RESTART FILE AT STEP 1500000
FINISHED WRITING RESTART COORDINATES
WRITING VELOCITIES TO RESTART FILE AT STEP 1500000
FINISHED WRITING RESTART VELOCITIES
PRESSURE: 1600000 -249.025 -485.038 444.406 -485.038 105.164 383.356 444.404 383.356 444.676
GPRESSURE: 1600000 -145.679 -657.541 184.228 -3.15236 26.7195 372.841 326.104 637.119 533.374
PRESSAVG: 1600000 -165.626 4.115 -42.8284 4.115 -159.039 28.7815 -42.8284 28.7815 -349.713
GPRESSAVG: 1600000 -105.421 -40.0718 -19.8913 101.01 -86.6456 6.35345 -34.834 29.3451 -291.56
ENERGY: 1600000         4.7001         1.9070        28.1608         0.0000         -11180.2780      1446.0440         0.0000         0.0000      1739.1220          -7960.3441       291.5762     -9699.4661     -7987.2845       300.8674            100.2715       138.1381     30831.9935      -224.7927      -161.2089
FEP:    1600000        34.7679    -11185.4575      1448.4772

WRITING EXTENDED SYSTEM TO RESTART FILE AT STEP 1600000
WRITING COORDINATES TO DCD FILE mobley_6239320_prod.dcd AT STEP 1600000
WRITING COORDINATES TO RESTART FILE AT STEP 1600000
FINISHED WRITING RESTART COORDINATES
WRITING VELOCITIES TO RESTART FILE AT STEP 1600000
FINISHED WRITING RESTART VELOCITIES
PRESSURE: 1700000 -680.003 190.268 -190.653 190.269 -1689.46 147.353 -190.65 147.353 -905.489
GPRESSURE: 1700000 -801.656 173.977 -535.559 -42.6539 -1471.01 3.84932 84.1269 276.054 -739.513
PRESSAVG: 1700000 -194.203 14.4569 -51.0407 14.4569 -244.062 35.3688 -51.0407 35.3688 -380.59
GPRESSAVG: 1700000 -144.101 -28.1802 -48.5395 93.0285 -163.555 6.21433 -28.2251 43.0512 -316.446
ENERGY: 1700000         3.4992         3.2242        26.4873         0.0000         -11238.1904      1375.1486         0.0000         0.0000      1725.8726          -8103.9584       289.3549     -9829.8310     -7993.7664       300.2278          -1091.6501     -1004.0594     30845.1137      -272.9514      -208.0339
FEP:    1700000        33.2108    -11242.7290      1376.5959

WRITING EXTENDED SYSTEM TO RESTART FILE AT STEP 1700000
WRITING COORDINATES TO DCD FILE mobley_6239320_prod.dcd AT STEP 1700000
WRITING COORDINATES TO RESTART FILE AT STEP 1700000
FINISHED WRITING RESTART COORDINATES
WRITING VELOCITIES TO RESTART FILE AT STEP 1700000
FINISHED WRITING RESTART VELOCITIES
PRESSURE: 1800000 444.177 663.278 -274.052 663.277 -85.3596 257.844 -274.049 257.846 -473.091
GPRESSURE: 1800000 344.339 783.781 -142.541 622.622 -68.5026 244.121 -516.667 318.092 -320.199
PRESSAVG: 1800000 -160.604 48.6053 -62.778 48.6053 -235.709 47.0781 -62.778 47.0781 -385.458
GPRESSAVG: 1800000 -118.394 14.5546 -53.487 120.902 -158.552 18.7357 -53.9326 57.527 -316.644
ENERGY: 1800000         6.0776         2.4904        27.0573         0.0000         -11347.1901      1471.3652         0.0000         0.0000      1739.2512          -8100.9484       291.5979     -9840.1996     -7999.4076       299.7736            -38.0911       -14.7877     30903.6476      -260.5904      -197.8631
FEP:    1800000        35.6253    -11353.7552      1475.3701

WRITING EXTENDED SYSTEM TO RESTART FILE AT STEP 1800000
WRITING COORDINATES TO DCD FILE mobley_6239320_prod.dcd AT STEP 1800000
WRITING COORDINATES TO RESTART FILE AT STEP 1800000
FINISHED WRITING RESTART COORDINATES
WRITING VELOCITIES TO RESTART FILE AT STEP 1800000
FINISHED WRITING RESTART VELOCITIES
PRESSURE: 1900000 -1285.52 -228.485 31.6818 -228.485 -232.511 533.159 31.6829 533.16 -696.178
GPRESSURE: 1900000 -1275.79 -160.964 376.05 12.9728 -251.765 572.151 -496.431 375.388 -579.589
PRESSAVG: 1900000 -216.85 34.7508 -58.0549 34.7508 -235.549 71.3823 -58.0549 71.3823 -400.994
GPRESSAVG: 1900000 -176.263 5.7787 -32.0101 115.505 -163.213 46.4065 -76.0575 73.42 -329.791
ENERGY: 1900000         5.9461         4.0249        31.1398         0.0000         -11276.0348      1376.6712         0.0000         0.0000      1843.7838          -8014.4690       309.1235     -9858.2528     -8000.1607       300.2411           -738.0701      -702.3806     30574.2369      -284.4643      -223.0890
FEP:    1900000        41.1108    -11280.6378      1378.8375

WRITING EXTENDED SYSTEM TO RESTART FILE AT STEP 1900000
WRITING COORDINATES TO DCD FILE mobley_6239320_prod.dcd AT STEP 1900000
WRITING COORDINATES TO RESTART FILE AT STEP 1900000
FINISHED WRITING RESTART COORDINATES
WRITING VELOCITIES TO RESTART FILE AT STEP 1900000
FINISHED WRITING RESTART VELOCITIES
PRESSURE: 2000000 104.377 -99.3289 27.6019 -99.3307 1095.89 -897.126 27.6021 -897.127 306.287
GPRESSURE: 2000000 319.434 123.873 -136.168 -282.356 1132.04 -676.8 256.704 -1160.07 259.222
PRESSAVG: 2000000 -170.612 41.31 -67.187 41.31 -113.553 28.7265 -67.187 28.7265 -349.949
GPRESSAVG: 2000000 -114.017 23.9736 -43.9406 105.386 -43.5936 15.2694 -81.4238 21.1068 -294.599
TIMING: 2000000  CPU: 623.865, 0.000312008/step  Wall: 637.827, 0.000322245/step, 536.238 ns/days, 0.0447563 hours remaining, 0.000000 MB of memory in use.
PERFORMANCE: 2000000  averaging 541.857 ns/day, 0.000318903 sec/step with standard deviation 4.7265e-06
ETITLE:      TS           BOND          ANGLE          DIHED          IMPRP               ELECT            VDW       BOUNDARY           MISC        KINETIC               TOTAL           TEMP      POTENTIAL       TOTALAVG        TEMPAVG            PRESSURE      GPRESSURE         VOLUME       PRESSAVG      GPRESSAVG
FEPTITLE:    TS          BOND2         ELECT2           VDW2

ENERGY: 2000000         9.2696         3.2175        26.4410         0.0000         -11495.9969      1560.8123         0.0000         0.0000      1772.1851          -8124.0713       297.1195     -9896.2565     -8008.7950       300.0514            502.1855       570.2315     30537.7407      -211.3712      -150.7364
FEP:    2000000        38.9282    -11501.4886      1564.3915

WRITING EXTENDED SYSTEM TO RESTART FILE AT STEP 2000000
WRITING COORDINATES TO DCD FILE mobley_6239320_prod.dcd AT STEP 2000000
WRITING COORDINATES TO RESTART FILE AT STEP 2000000
FINISHED WRITING RESTART COORDINATES
WRITING VELOCITIES TO RESTART FILE AT STEP 2000000
FINISHED WRITING RESTART VELOCITIES
PRESSURE: 2100000 -619.506 102.682 -192.817 102.681 -150.335 -245.024 -192.818 -245.023 -241.878
GPRESSURE: 2100000 -367.173 -44.7626 -419.112 61.6214 -272.202 -224.499 153.246 -255.804 -185.492
PRESSAVG: 2100000 -174.466 39.7353 -57.8629 39.7353 -63.5079 19.9895 -57.8629 19.9895 -286.618
GPRESSAVG: 2100000 -105.313 22.2073 -50.8939 103.199 -4.5252 9.2823 -64.4923 10.6096 -227.935
ENERGY: 2100000         8.0672         4.6526        27.6143         0.0000         -11400.9631      1471.8151         0.0000         0.0000      1808.9637          -8079.8503       303.2857     -9888.8140     -8012.5251       300.1218           -337.2398      -274.9558     30933.7189      -174.8640      -112.5911
FEP:    2100000        40.3341    -11404.0272      1472.7507

WRITING EXTENDED SYSTEM TO RESTART FILE AT STEP 2100000
WRITING COORDINATES TO DCD FILE mobley_6239320_prod.dcd AT STEP 2100000
WRITING COORDINATES TO RESTART FILE AT STEP 2100000
FINISHED WRITING RESTART COORDINATES
WRITING VELOCITIES TO RESTART FILE AT STEP 2100000
FINISHED WRITING RESTART VELOCITIES
PRESSURE: 2200000 152.592 313.473 18.9616 313.473 -802.551 173.322 18.9606 173.32 -397.117
GPRESSURE: 2200000 209.213 221.316 101.049 461.033 -896.752 107.164 -375.991 336.764 -176.323
PRESSAVG: 2200000 -129.323 39.4323 -62.9861 39.4323 -85.2408 33.7129 -62.9861 33.7129 -271.867
GPRESSAVG: 2200000 -54.5447 15.1311 -77.2192 113.762 -32.2162 13.7298 -76.953 35.8542 -210.568
ENERGY: 2200000         5.9424         3.3507        27.9061         0.0000         -11133.0587      1387.0972         0.0000         0.0000      1790.9204          -7917.8418       300.2606     -9708.7622     -8008.3590       300.0664           -349.0254      -287.9540     30998.0967      -162.1434       -99.1098
FEP:    2200000        37.1992    -11139.2237      1391.7015

WRITING EXTENDED SYSTEM TO RESTART FILE AT STEP 2200000
WRITING COORDINATES TO DCD FILE mobley_6239320_prod.dcd AT STEP 2200000
WRITING COORDINATES TO RESTART FILE AT STEP 2200000
FINISHED WRITING RESTART COORDINATES
WRITING VELOCITIES TO RESTART FILE AT STEP 2200000
FINISHED WRITING RESTART VELOCITIES
PRESSURE: 2300000 1566.06 -213.219 -545.442 -213.215 188.361 866.279 -545.44 866.277 223.516
GPRESSURE: 2300000 1410.5 -94.5627 -363.697 -467.615 532.531 771.564 -466.783 853.075 194.312
PRESSAVG: 2300000 -58.5816 42.3327 -79.1881 42.3327 -135.006 63.1785 -79.1881 63.1785 -284.329
GPRESSAVG: 2300000 0.67535 31.4678 -89.3219 87.4746 -63.0326 54.273 -82.9225 70.3816 -228.669
ENERGY: 2300000        10.2007         3.2225        30.1813         0.0000         -11335.1351      1509.5337         0.0000         0.0000      1766.2497          -8015.7473       296.1244     -9781.9970     -8007.4494       300.1516            659.3114       712.4476     30386.3521      -159.3054       -97.0087
FEP:    2300000        43.6044    -11341.3308      1513.6102

WRITING EXTENDED SYSTEM TO RESTART FILE AT STEP 2300000
WRITING COORDINATES TO DCD FILE mobley_6239320_prod.dcd AT STEP 2300000
WRITING COORDINATES TO RESTART FILE AT STEP 2300000
FINISHED WRITING RESTART COORDINATES
WRITING VELOCITIES TO RESTART FILE AT STEP 2300000
FINISHED WRITING RESTART VELOCITIES
PRESSURE: 2400000 -805.106 -234.562 -126.579 -234.56 -503.56 484.608 -126.576 484.607 -699.913
GPRESSURE: 2400000 -747.809 -316.949 -15.1611 31.4066 -406.131 647.831 30.0263 116.741 -725.996
PRESSAVG: 2400000 -106.108 14.4853 -77.4328 14.4853 -201.564 92.8705 -77.4328 92.8705 -297.529
GPRESSAVG: 2400000 -43.8199 -18.4858 -77.5 95.3969 -131.128 90.7736 -79.7925 70.2196 -253.327
ENERGY: 2400000         4.4785         2.7352        25.2170         0.0000         -11307.6553      1395.0631         0.0000         0.0000      1751.5060          -8128.6556       293.6525     -9880.1615     -8014.3026       299.6969           -669.5265      -626.6451     30751.2119      -201.7337      -142.7586
FEP:    2400000        32.4307    -11313.5964      1399.1560

WRITING EXTENDED SYSTEM TO RESTART FILE AT STEP 2400000
WRITING COORDINATES TO DCD FILE mobley_6239320_prod.dcd AT STEP 2400000
WRITING COORDINATES TO RESTART FILE AT STEP 2400000
FINISHED WRITING RESTART COORDINATES
WRITING VELOCITIES TO RESTART FILE AT STEP 2400000
FINISHED WRITING RESTART VELOCITIES
PRESSURE: 2500000 -125.564 -401.765 7.12161 -401.762 330.61 -339.966 7.12141 -339.969 212.297
GPRESSURE: 2500000 -69.2979 -467.798 -78.9921 -613.306 331.093 -313.329 -155.897 -395.809 297.415
PRESSAVG: 2500000 -105.663 -27.4842 -56.3299 -27.4842 -214.753 96.7259 -56.3299 96.7259 -320.082
GPRESSAVG: 2500000 -50.6792 -62.249 -76.3775 46.0369 -149.439 93.6643 -58.3713 64.0904 -275.812
ENERGY: 2500000         6.3303         4.3049        25.9907         0.0000         -11212.9829      1449.3683         0.0000         0.0000      1789.5264          -7937.4623       300.0269     -9726.9887     -8013.9213       299.7812            139.1142       186.4032     30822.5913      -213.4995      -158.6434
FEP:    2500000        36.6259    -11217.9618      1452.0653

WRITING EXTENDED SYSTEM TO RESTART FILE AT STEP 2500000
WRITING COORDINATES TO DCD FILE mobley_6239320_prod.dcd AT STEP 2500000
WRITING COORDINATES TO RESTART FILE AT STEP 2500000
FINISHED WRITING RESTART COORDINATES
WRITING VELOCITIES TO RESTART FILE AT STEP 2500000
FINISHED WRITING RESTART VELOCITIES
TCL: Exiting due to exit command.
WRITING EXTENDED SYSTEM TO OUTPUT FILE AT STEP 2500000
CLOSING EXTENDED SYSTEM TRAJECTORY FILE
WRITING COORDINATES TO OUTPUT FILE AT STEP 2500000
CLOSING COORDINATE DCD FILE mobley_6239320_prod.dcd
WRITING VELOCITIES TO OUTPUT FILE AT STEP 2500000
====================================================

WallClock: 794.794861  CPUTime: 792.140930  Memory: 0.000000 MB
[Partition 0][Node 0] End of program
