#========================================================================================
#                     Free energy perturbation    
#----------------------------------------------------------------------------------------
#forward/backward          λ              ΔΔA                 ΔA                  δε   
#                                                 
#----------------------------------------------------------------------------------------
forward:               0.0000              0.0000              0.0000              0.0000  
forward:               0.0500              0.7069              0.7069              0.0085  
forward:               0.1000              0.3445              1.0514              0.0114  
forward:               0.1500              0.2307              1.2820              0.0127  
forward:               0.2000              0.1595              1.4415              0.0133  
forward:               0.2500              0.1102              1.5517              0.0138  
forward:               0.3000              0.0829              1.6346              0.0144  
forward:               0.3500              0.0662              1.7008              0.0147  
forward:               0.4000              0.0406              1.7414              0.0150  
forward:               0.4500              0.0303              1.7717              0.0154  
forward:               0.5000              0.0202              1.7918              0.0157  
forward:               0.5500              0.0001              1.7919              0.0161  
forward:               0.6000             -0.0498              1.7421              0.0164  
forward:               0.6500             -0.0784              1.6637              0.0167  
forward:               0.7000             -0.1061              1.5576              0.0170  
forward:               0.7500             -0.1240              1.4335              0.0173  
forward:               0.8000             -0.1516              1.2819              0.0175  
forward:               0.8500             -0.1595              1.1225              0.0177  
forward:               0.9000             -0.1757              0.9468              0.0179  
forward:               0.9500             -0.1865              0.7603              0.0181  
forward:               1.0000             -0.2023              0.5580              0.0183  
backward:              1.0000              0.0000              0.5580              0.0000  
backward:              0.9500              0.1921              0.7501              0.0032  
backward:              0.9000              0.1873              0.9374              0.0045  
backward:              0.8500              0.1816              1.1191              0.0056  
backward:              0.8000              0.1560              1.2751              0.0063  
backward:              0.7500              0.1472              1.4223              0.0070  
backward:              0.7000              0.1253              1.5476              0.0077  
backward:              0.6500              0.1148              1.6623              0.0084  
backward:              0.6000              0.0694              1.7318              0.0092  
backward:              0.5500              0.0550              1.7868              0.0099  
backward:              0.5000              0.0049              1.7917              0.0104  
backward:              0.4500             -0.0227              1.7690              0.0111  
backward:              0.4000             -0.0372              1.7318              0.0119  
backward:              0.3500             -0.0534              1.6784              0.0128  
backward:              0.3000             -0.0669              1.6116              0.0134  
backward:              0.2500             -0.0791              1.5324              0.0144  
backward:              0.2000             -0.1213              1.4111              0.0153  
backward:              0.1500             -0.1636              1.2475              0.0173  
backward:              0.1000             -0.2335              1.0140              0.0189  
backward:              0.0500             -0.3477              0.6663              0.0214  
backward:              0.0000             -0.7023             -0.0360              0.0468  
Inaccuracy estimation
======================================================================================================
                   i        i+δi          P0_overlap_P1   δε(forward)/ε   δε(backward)/ε
======================================================================================================
inaccuracy:  0.00000        0.05000           42.79           -0.01            1.24
inaccuracy:  0.05000        0.10000           68.11           -0.00            0.31
inaccuracy:  0.10000        0.15000           68.86           -0.01            0.21
inaccuracy:  0.15000        0.20000           76.86           -0.00            0.12
inaccuracy:  0.20000        0.25000           75.55           -0.01            0.10
inaccuracy:  0.25000        0.30000           78.88           -0.00            0.08
inaccuracy:  0.30000        0.35000           78.93           -0.00            0.07
inaccuracy:  0.35000        0.40000           82.51           -0.00            0.06
inaccuracy:  0.40000        0.45000           80.69           -0.01            0.06
inaccuracy:  0.45000        0.50000           81.96           -0.01            0.05
inaccuracy:  0.50000        0.55000           73.68           -0.02            0.08
inaccuracy:  0.55000        0.60000           80.42           -0.01            0.06
inaccuracy:  0.60000        0.65000           75.76           -0.02            0.06
inaccuracy:  0.65000        0.70000           79.64           -0.02            0.05
inaccuracy:  0.70000        0.75000           77.67           -0.02            0.05
inaccuracy:  0.75000        0.80000           81.85           -0.01            0.05
inaccuracy:  0.80000        0.85000           78.04           -0.02            0.04
inaccuracy:  0.85000        0.90000           80.49           -0.02            0.04
inaccuracy:  0.90000        0.95000           79.42           -0.02            0.04
inaccuracy:  0.95000        1.00000           81.77           -0.01            0.04
===================================================================================================================================
            	   BAR        
-----------------------------------------------------------------------------------------------------------------------------------
BAR-estimator:         λ             λ+δλ          ΔΔA             ΔA            C               Δδe            δe       
                          
-----------------------------------------------------------------------------------------------------------------------------------
BAR-estimator:      0.00000        0.05000        0.6120         0.6120         0.6120         0.0076         0.0076 
BAR-estimator:      0.05000        0.10000        0.3493         0.9613         0.3493         0.0051         0.0091 
BAR-estimator:      0.10000        0.15000        0.2075         1.1689         0.2075         0.0036         0.0098 
BAR-estimator:      0.15000        0.20000        0.1600         1.3289         0.1600         0.0031         0.0103 
BAR-estimator:      0.20000        0.25000        0.0971         1.4259         0.0971         0.0027         0.0106 
BAR-estimator:      0.25000        0.30000        0.0802         1.5062         0.0802         0.0028         0.0110 
BAR-estimator:      0.30000        0.35000        0.0606         1.5668         0.0606         0.0021         0.0112 
BAR-estimator:      0.35000        0.40000        0.0461         1.6129         0.0461         0.0023         0.0114 
BAR-estimator:      0.40000        0.45000        0.0255         1.6384         0.0255         0.0023         0.0116 
BAR-estimator:      0.45000        0.50000        0.0206         1.6590         0.0206         0.0024         0.0119 
BAR-estimator:      0.50000        0.55000       -0.0238         1.6352        -0.0238         0.0024         0.0121 
BAR-estimator:      0.55000        0.60000       -0.0505         1.5847        -0.0505         0.0030         0.0125 
BAR-estimator:      0.60000        0.65000       -0.0959         1.4887        -0.0959         0.0023         0.0127 
BAR-estimator:      0.65000        0.70000       -0.1098         1.3790        -0.1098         0.0023         0.0129 
BAR-estimator:      0.70000        0.75000       -0.1359         1.2430        -0.1359         0.0024         0.0131 
BAR-estimator:      0.75000        0.80000       -0.1490         1.0940        -0.1490         0.0021         0.0133 
BAR-estimator:      0.80000        0.85000       -0.1714         0.9226        -0.1714         0.0024         0.0135 
BAR-estimator:      0.85000        0.90000       -0.1786         0.7440        -0.1786         0.0023         0.0137 
BAR-estimator:      0.90000        0.95000       -0.1919         0.5521        -0.1919         0.0022         0.0139 
BAR-estimator:      0.95000        1.00000       -0.1986         0.3535        -0.1986         0.0021         0.0141 
BAR-estimator: total free energy change is 0.35347766813421405 , total error is 0.014054436327005506
