#========================================================================================
#                     Free energy perturbation    
#----------------------------------------------------------------------------------------
#forward/backward          λ              ΔΔA                 ΔA                  δε   
#                                                 
#----------------------------------------------------------------------------------------
forward:               0.0000              0.0000              0.0000              0.0000  
forward:               0.0500              0.6820              0.6820              0.0158  
forward:               0.1000              0.3565              1.0386              0.0182  
forward:               0.1500              0.2270              1.2656              0.0194  
forward:               0.2000              0.1505              1.4161              0.0203  
forward:               0.2500              0.1140              1.5301              0.0209  
forward:               0.3000              0.0861              1.6162              0.0214  
forward:               0.3500              0.0609              1.6771              0.0218  
forward:               0.4000              0.0474              1.7245              0.0221  
forward:               0.4500              0.0333              1.7579              0.0224  
forward:               0.5000              0.0227              1.7805              0.0227  
forward:               0.5500              0.0008              1.7814              0.0230  
forward:               0.6000             -0.0467              1.7346              0.0233  
forward:               0.6500             -0.0777              1.6569              0.0235  
forward:               0.7000             -0.1016              1.5554              0.0239  
forward:               0.7500             -0.1284              1.4270              0.0241  
forward:               0.8000             -0.1474              1.2796              0.0243  
forward:               0.8500             -0.1575              1.1221              0.0245  
forward:               0.9000             -0.1770              0.9451              0.0246  
forward:               0.9500             -0.1812              0.7639              0.0248  
forward:               1.0000             -0.1992              0.5647              0.0249  
backward:              1.0000              0.0000              0.5647              0.0000  
backward:              0.9500              0.2010              0.7657              0.0045  
backward:              0.9000              0.1800              0.9457              0.0058  
backward:              0.8500              0.1743              1.1200              0.0067  
backward:              0.8000              0.1544              1.2744              0.0075  
backward:              0.7500              0.1461              1.4205              0.0083  
backward:              0.7000              0.1240              1.5445              0.0089  
backward:              0.6500              0.1005              1.6450              0.0097  
backward:              0.6000              0.0778              1.7228              0.0104  
backward:              0.5500              0.0496              1.7724              0.0111  
backward:              0.5000             -0.0045              1.7680              0.0118  
backward:              0.4500             -0.0267              1.7413              0.0125  
backward:              0.4000             -0.0343              1.7070              0.0131  
backward:              0.3500             -0.0470              1.6600              0.0138  
backward:              0.3000             -0.0607              1.5993              0.0147  
backward:              0.2500             -0.0862              1.5131              0.0160  
backward:              0.2000             -0.1215              1.3915              0.0175  
backward:              0.1500             -0.1541              1.2375              0.0188  
backward:              0.1000             -0.2468              0.9906              0.0215  
backward:              0.0500             -0.3604              0.6302              0.0257  
backward:              0.0000             -0.7155             -0.0853              0.0376  
Inaccuracy estimation
======================================================================================================
                   i        i+δi          P0_overlap_P1   δε(forward)/ε   δε(backward)/ε
======================================================================================================
inaccuracy:  0.00000        0.05000           44.72           -0.01            1.21
inaccuracy:  0.05000        0.10000           67.08           -0.00            0.30
inaccuracy:  0.10000        0.15000           68.82           -0.01            0.21
inaccuracy:  0.15000        0.20000           77.33           -0.00            0.12
inaccuracy:  0.20000        0.25000           76.52           -0.00            0.11
inaccuracy:  0.25000        0.30000           79.90           -0.00            0.08
inaccuracy:  0.30000        0.35000           78.57           -0.00            0.07
inaccuracy:  0.35000        0.40000           80.85           -0.01            0.06
inaccuracy:  0.40000        0.45000           80.10           -0.01            0.06
inaccuracy:  0.45000        0.50000           81.69           -0.00            0.06
inaccuracy:  0.50000        0.55000           73.18           -0.02            0.07
inaccuracy:  0.55000        0.60000           79.67           -0.01            0.05
inaccuracy:  0.60000        0.65000           77.36           -0.02            0.05
inaccuracy:  0.65000        0.70000           80.22           -0.01            0.05
inaccuracy:  0.70000        0.75000           79.05           -0.02            0.05
inaccuracy:  0.75000        0.80000           81.24           -0.01            0.04
inaccuracy:  0.80000        0.85000           78.75           -0.02            0.05
inaccuracy:  0.85000        0.90000           81.52           -0.01            0.05
inaccuracy:  0.90000        0.95000           78.28           -0.02            0.05
inaccuracy:  0.95000        1.00000           80.40           -0.02            0.05
===================================================================================================================================
            	   BAR        
-----------------------------------------------------------------------------------------------------------------------------------
BAR-estimator:         λ             λ+δλ          ΔΔA             ΔA            C               Δδe            δe       
                          
-----------------------------------------------------------------------------------------------------------------------------------
BAR-estimator:      0.00000        0.05000        0.5981         0.5981         0.5981         0.0065         0.0065 
BAR-estimator:      0.05000        0.10000        0.3550         0.9531         0.3550         0.0058         0.0087 
BAR-estimator:      0.10000        0.15000        0.2040         1.1570         0.2040         0.0046         0.0098 
BAR-estimator:      0.15000        0.20000        0.1525         1.3095         0.1525         0.0041         0.0107 
BAR-estimator:      0.20000        0.25000        0.1045         1.4140         0.1045         0.0034         0.0112 
BAR-estimator:      0.25000        0.30000        0.0857         1.4997         0.0857         0.0031         0.0116 
BAR-estimator:      0.30000        0.35000        0.0544         1.5541         0.0544         0.0027         0.0119 
BAR-estimator:      0.35000        0.40000        0.0465         1.6006         0.0465         0.0025         0.0122 
BAR-estimator:      0.40000        0.45000        0.0289         1.6294         0.0289         0.0024         0.0124 
BAR-estimator:      0.45000        0.50000        0.0238         1.6532         0.0238         0.0026         0.0127 
BAR-estimator:      0.50000        0.55000       -0.0230         1.6302        -0.0230         0.0026         0.0129 
BAR-estimator:      0.55000        0.60000       -0.0483         1.5819        -0.0483         0.0024         0.0132 
BAR-estimator:      0.60000        0.65000       -0.0901         1.4918        -0.0901         0.0025         0.0134 
BAR-estimator:      0.65000        0.70000       -0.1020         1.3898        -0.1020         0.0028         0.0137 
BAR-estimator:      0.70000        0.75000       -0.1374         1.2524        -0.1374         0.0030         0.0140 
BAR-estimator:      0.75000        0.80000       -0.1463         1.1061        -0.1463         0.0024         0.0142 
BAR-estimator:      0.80000        0.85000       -0.1656         0.9405        -0.1656         0.0025         0.0144 
BAR-estimator:      0.85000        0.90000       -0.1751         0.7654        -0.1751         0.0023         0.0146 
BAR-estimator:      0.90000        0.95000       -0.1915         0.5740        -0.1915         0.0024         0.0148 
BAR-estimator:      0.95000        1.00000       -0.2001         0.3739        -0.2001         0.0025         0.0150 
BAR-estimator: total free energy change is 0.3738855638827322 , total error is 0.015020405801456093
