#========================================================================================
#                     Free energy perturbation    
#----------------------------------------------------------------------------------------
#forward/backward          λ              ΔΔA                 ΔA                  δε   
#                                                 
#----------------------------------------------------------------------------------------
forward:               0.0000              0.0000              0.0000              0.0000  
forward:               0.0500              0.9378              0.9378              0.0191  
forward:               0.1000              0.4148              1.3526              0.0214  
forward:               0.1500              0.2350              1.5876              0.0224  
forward:               0.2000              0.1555              1.7432              0.0232  
forward:               0.2500              0.1044              1.8476              0.0237  
forward:               0.3000              0.0646              1.9122              0.0242  
forward:               0.3500              0.0559              1.9680              0.0246  
forward:               0.4000              0.0187              1.9868              0.0249  
forward:               0.4500              0.0106              1.9973              0.0252  
forward:               0.5000             -0.0066              1.9907              0.0255  
forward:               0.5500             -0.0497              1.9410              0.0258  
forward:               0.6000             -0.1264              1.8146              0.0261  
forward:               0.6500             -0.1712              1.6434              0.0264  
forward:               0.7000             -0.2210              1.4224              0.0267  
forward:               0.7500             -0.2586              1.1637              0.0269  
forward:               0.8000             -0.3018              0.8619              0.0271  
forward:               0.8500             -0.3278              0.5341              0.0272  
forward:               0.9000             -0.3535              0.1806              0.0274  
forward:               0.9500             -0.3711             -0.1905              0.0276  
forward:               1.0000             -0.3950             -0.5855              0.0278  
backward:              1.0000              0.0000             -0.5855              0.0000  
backward:              0.9500              0.4017             -0.1838              0.0033  
backward:              0.9000              0.3751              0.1914              0.0046  
backward:              0.8500              0.3489              0.5402              0.0059  
backward:              0.8000              0.3310              0.8712              0.0071  
backward:              0.7500              0.3014              1.1726              0.0080  
backward:              0.7000              0.2563              1.4289              0.0089  
backward:              0.6500              0.2264              1.6553              0.0098  
backward:              0.6000              0.1796              1.8350              0.0105  
backward:              0.5500              0.1241              1.9590              0.0114  
backward:              0.5000              0.0426              2.0017              0.0123  
backward:              0.4500              0.0021              2.0038              0.0131  
backward:              0.4000             -0.0093              1.9944              0.0138  
backward:              0.3500             -0.0209              1.9736              0.0144  
backward:              0.3000             -0.0525              1.9211              0.0156  
backward:              0.2500             -0.0585              1.8626              0.0164  
backward:              0.2000             -0.1085              1.7541              0.0175  
backward:              0.1500             -0.1476              1.6065              0.0184  
backward:              0.1000             -0.2534              1.3532              0.0210  
backward:              0.0500             -0.4012              0.9520              0.0247  
backward:              0.0000             -1.0196             -0.0676              0.1314  
Inaccuracy estimation
======================================================================================================
                   i        i+δi          P0_overlap_P1   δε(forward)/ε   δε(backward)/ε
======================================================================================================
inaccuracy:  0.00000        0.05000           33.50           -0.00            2.23
inaccuracy:  0.05000        0.10000           64.49           -0.00            0.37
inaccuracy:  0.10000        0.15000           66.51           -0.01            0.24
inaccuracy:  0.15000        0.20000           74.79           -0.00            0.13
inaccuracy:  0.20000        0.25000           74.59           -0.01            0.12
inaccuracy:  0.25000        0.30000           79.43           -0.01            0.09
inaccuracy:  0.30000        0.35000           75.77           -0.00            0.08
inaccuracy:  0.35000        0.40000           81.26           -0.01            0.06
inaccuracy:  0.40000        0.45000           79.51           -0.01            0.06
inaccuracy:  0.45000        0.50000           82.07           -0.01            0.06
inaccuracy:  0.50000        0.55000           69.29           -0.04            0.08
inaccuracy:  0.55000        0.60000           78.81           -0.02            0.06
inaccuracy:  0.60000        0.65000           72.32           -0.03            0.06
inaccuracy:  0.65000        0.70000           78.73           -0.02            0.05
inaccuracy:  0.70000        0.75000           73.88           -0.03            0.05
inaccuracy:  0.75000        0.80000           79.57           -0.02            0.04
inaccuracy:  0.80000        0.85000           76.40           -0.03            0.04
inaccuracy:  0.85000        0.90000           79.91           -0.02            0.04
inaccuracy:  0.90000        0.95000           76.05           -0.03            0.04
inaccuracy:  0.95000        1.00000           79.05           -0.02            0.04
===================================================================================================================================
            	   BAR        
-----------------------------------------------------------------------------------------------------------------------------------
BAR-estimator:         λ             λ+δλ          ΔΔA             ΔA            C               Δδe            δe       
                          
-----------------------------------------------------------------------------------------------------------------------------------
BAR-estimator:      0.00000        0.05000        0.8080         0.8080         0.8080         0.0125         0.0125 
BAR-estimator:      0.05000        0.10000        0.4101         1.2181         0.4101         0.0066         0.0142 
BAR-estimator:      0.10000        0.15000        0.2064         1.4245         0.2064         0.0057         0.0153 
BAR-estimator:      0.15000        0.20000        0.1521         1.5766         0.1521         0.0039         0.0158 
BAR-estimator:      0.20000        0.25000        0.0886         1.6653         0.0886         0.0034         0.0161 
BAR-estimator:      0.25000        0.30000        0.0641         1.7293         0.0641         0.0032         0.0165 
BAR-estimator:      0.30000        0.35000        0.0414         1.7707         0.0414         0.0032         0.0168 
BAR-estimator:      0.35000        0.40000        0.0192         1.7900         0.0192         0.0020         0.0169 
BAR-estimator:      0.40000        0.45000        0.0040         1.7939         0.0040         0.0030         0.0171 
BAR-estimator:      0.45000        0.50000       -0.0062         1.7878        -0.0062         0.0018         0.0172 
BAR-estimator:      0.50000        0.55000       -0.0842         1.7035        -0.0842         0.0027         0.0175 
BAR-estimator:      0.55000        0.60000       -0.1246         1.5789        -0.1246         0.0029         0.0177 
BAR-estimator:      0.60000        0.65000       -0.1974         1.3816        -0.1974         0.0028         0.0179 
BAR-estimator:      0.65000        0.70000       -0.2242         1.1574        -0.2242         0.0029         0.0182 
BAR-estimator:      0.70000        0.75000       -0.2808         0.8766        -0.2808         0.0027         0.0184 
BAR-estimator:      0.75000        0.80000       -0.3034         0.5732        -0.3034         0.0025         0.0185 
BAR-estimator:      0.80000        0.85000       -0.3409         0.2323        -0.3409         0.0026         0.0187 
BAR-estimator:      0.85000        0.90000       -0.3522        -0.1199        -0.3522         0.0027         0.0189 
BAR-estimator:      0.90000        0.95000       -0.3859        -0.5058        -0.3859         0.0029         0.0191 
BAR-estimator:      0.95000        1.00000       -0.3967        -0.9026        -0.3967         0.0024         0.0193 
BAR-estimator: total free energy change is -0.9025572866775531 , total error is 0.019265052549976982
