#========================================================================================
#                     Free energy perturbation    
#----------------------------------------------------------------------------------------
#forward/backward          λ              ΔΔA                 ΔA                  δε   
#                                                 
#----------------------------------------------------------------------------------------
forward:               0.0000              0.0000              0.0000              0.0000  
forward:               0.0500              0.9299              0.9299              0.0142  
forward:               0.1000              0.4103              1.3402              0.0164  
forward:               0.1500              0.2650              1.6052              0.0175  
forward:               0.2000              0.1560              1.7612              0.0183  
forward:               0.2500              0.1007              1.8619              0.0188  
forward:               0.3000              0.0724              1.9343              0.0192  
forward:               0.3500              0.0451              1.9794              0.0196  
forward:               0.4000              0.0277              2.0071              0.0199  
forward:               0.4500              0.0117              2.0189              0.0202  
forward:               0.5000             -0.0050              2.0139              0.0204  
forward:               0.5500             -0.0439              1.9700              0.0207  
forward:               0.6000             -0.1237              1.8462              0.0210  
forward:               0.6500             -0.1753              1.6710              0.0212  
forward:               0.7000             -0.2246              1.4464              0.0215  
forward:               0.7500             -0.2678              1.1786              0.0217  
forward:               0.8000             -0.2970              0.8816              0.0219  
forward:               0.8500             -0.3225              0.5591              0.0224  
forward:               0.9000             -0.3536              0.2055              0.0226  
forward:               0.9500             -0.3724             -0.1668              0.0227  
forward:               1.0000             -0.3922             -0.5591              0.0229  
backward:              1.0000              0.0000             -0.5591              0.0000  
backward:              0.9500              0.3969             -0.1622              0.0032  
backward:              0.9000              0.3655              0.2033              0.0049  
backward:              0.8500              0.3575              0.5609              0.0060  
backward:              0.8000              0.3287              0.8896              0.0067  
backward:              0.7500              0.3031              1.1926              0.0075  
backward:              0.7000              0.2609              1.4535              0.0083  
backward:              0.6500              0.2283              1.6818              0.0090  
backward:              0.6000              0.1749              1.8567              0.0097  
backward:              0.5500              0.1189              1.9756              0.0107  
backward:              0.5000              0.0444              2.0200              0.0112  
backward:              0.4500              0.0092              2.0292              0.0118  
backward:              0.4000             -0.0129              2.0163              0.0125  
backward:              0.3500             -0.0255              1.9908              0.0131  
backward:              0.3000             -0.0527              1.9381              0.0143  
backward:              0.2500             -0.0630              1.8751              0.0149  
backward:              0.2000             -0.1094              1.7657              0.0161  
backward:              0.1500             -0.1677              1.5980              0.0172  
backward:              0.1000             -0.2494              1.3486              0.0189  
backward:              0.0500             -0.4302              0.9183              0.0222  
backward:              0.0000             -0.8556              0.0628              0.0430  
Inaccuracy estimation
======================================================================================================
                   i        i+δi          P0_overlap_P1   δε(forward)/ε   δε(backward)/ε
======================================================================================================
inaccuracy:  0.00000        0.05000           35.32           -0.04            2.12
inaccuracy:  0.05000        0.10000           65.85           -0.00            0.38
inaccuracy:  0.10000        0.15000           65.30           -0.00            0.24
inaccuracy:  0.15000        0.20000           77.05           -0.00            0.13
inaccuracy:  0.20000        0.25000           75.01           -0.00            0.12
inaccuracy:  0.25000        0.30000           78.32           -0.01            0.09
inaccuracy:  0.30000        0.35000           78.67           -0.01            0.08
inaccuracy:  0.35000        0.40000           80.41           -0.00            0.07
inaccuracy:  0.40000        0.45000           79.47           -0.01            0.06
inaccuracy:  0.45000        0.50000           81.54           -0.01            0.06
inaccuracy:  0.50000        0.55000           68.53           -0.03            0.08
inaccuracy:  0.55000        0.60000           78.59           -0.02            0.05
inaccuracy:  0.60000        0.65000           72.85           -0.03            0.06
inaccuracy:  0.65000        0.70000           78.99           -0.02            0.05
inaccuracy:  0.70000        0.75000           75.38           -0.03            0.04
inaccuracy:  0.75000        0.80000           78.89           -0.02            0.04
inaccuracy:  0.80000        0.85000           74.21           -0.03            0.04
inaccuracy:  0.85000        0.90000           78.95           -0.02            0.04
inaccuracy:  0.90000        0.95000           76.15           -0.03            0.04
inaccuracy:  0.95000        1.00000           78.65           -0.02            0.04
===================================================================================================================================
            	   BAR        
-----------------------------------------------------------------------------------------------------------------------------------
BAR-estimator:         λ             λ+δλ          ΔΔA             ΔA            C               Δδe            δe       
                          
-----------------------------------------------------------------------------------------------------------------------------------
BAR-estimator:      0.00000        0.05000        0.8088         0.8088         0.8088         0.0102         0.0102 
BAR-estimator:      0.05000        0.10000        0.4184         1.2273         0.4184         0.0050         0.0113 
BAR-estimator:      0.10000        0.15000        0.2331         1.4604         0.2331         0.0044         0.0121 
BAR-estimator:      0.15000        0.20000        0.1617         1.6221         0.1617         0.0035         0.0126 
BAR-estimator:      0.20000        0.25000        0.0888         1.7109         0.0888         0.0029         0.0130 
BAR-estimator:      0.25000        0.30000        0.0705         1.7814         0.0705         0.0027         0.0132 
BAR-estimator:      0.30000        0.35000        0.0377         1.8191         0.0377         0.0026         0.0135 
BAR-estimator:      0.35000        0.40000        0.0274         1.8465         0.0274         0.0024         0.0137 
BAR-estimator:      0.40000        0.45000        0.0035         1.8500         0.0035         0.0023         0.0139 
BAR-estimator:      0.45000        0.50000       -0.0059         1.8441        -0.0059         0.0021         0.0140 
BAR-estimator:      0.50000        0.55000       -0.0802         1.7639        -0.0802         0.0026         0.0143 
BAR-estimator:      0.55000        0.60000       -0.1234         1.6404        -0.1234         0.0026         0.0145 
BAR-estimator:      0.60000        0.65000       -0.2010         1.4395        -0.2010         0.0025         0.0147 
BAR-estimator:      0.65000        0.70000       -0.2261         1.2134        -0.2261         0.0023         0.0149 
BAR-estimator:      0.70000        0.75000       -0.2856         0.9278        -0.2856         0.0027         0.0152 
BAR-estimator:      0.75000        0.80000       -0.2994         0.6283        -0.2994         0.0026         0.0154 
BAR-estimator:      0.80000        0.85000       -0.3408         0.2875        -0.3408         0.0029         0.0157 
BAR-estimator:      0.85000        0.90000       -0.3558        -0.0683        -0.3558         0.0025         0.0159 
BAR-estimator:      0.90000        0.95000       -0.3841        -0.4524        -0.3841         0.0024         0.0160 
BAR-estimator:      0.95000        1.00000       -0.3934        -0.8458        -0.3934         0.0025         0.0162 
BAR-estimator: total free energy change is -0.8457965046164184 , total error is 0.016224200428876113
