Charm++: standalone mode (not using charmrun)
Charm++> Running in Multicore mode: 12 threads (PEs)
Charm++> Using recursive bisection (scheme 3) for topology aware partitions
Converse/Charm++ Commit ID: 
CharmLB> Load balancer assumes all CPUs are same.
Charm++> Running on 1 hosts (2 sockets x 6 cores x 1 PUs = 12-way SMP)
Charm++> cpu topology info is gathered in 0.000 seconds.
Info: Built with CUDA version 11080
Pe 4 physical rank 4 will use CUDA device of pe 8
Did not find +devices i,j,k,... argument, using all
Pe 9 physical rank 9 will use CUDA device of pe 8
Pe 3 physical rank 3 will use CUDA device of pe 8
Pe 1 physical rank 1 will use CUDA device of pe 8
Pe 7 physical rank 7 will use CUDA device of pe 8
Pe 6 physical rank 6 will use CUDA device of pe 8
Pe 0 physical rank 0 will use CUDA device of pe 8
Pe 2 physical rank 2 will use CUDA device of pe 8
Pe 5 physical rank 5 will use CUDA device of pe 8
Pe 11 physical rank 11 will use CUDA device of pe 8
Pe 10 physical rank 10 will use CUDA device of pe 8
Pe 8 physical rank 8 binding to CUDA device 0 on k173: 'NVIDIA L40S'  Mem: 45709MB  Rev: 8.9  PCI: 0:4a:0
CharmLB> Load balancing instrumentation for communication is off.
Info: NAMD 3.0.1 for Linux-x86_64-multicore-CUDA
Info: 
Info: Please visit http://www.ks.uiuc.edu/Research/namd/
Info: for updates, documentation, and support information.
Info: 
Info: Please cite Phillips et al., J. Chem. Phys. 153:044130 (2020) doi:10.1063/5.0014475
Info: in all publications reporting results obtained with NAMD.
Info: 
Info: Based on Charm++/Converse 80000 for multicore-linux-x86_64-gcc
Info: Built Mon Oct 14 10:33:44 CDT 2024 by dhardy on athine.ks.uiuc.edu
Info: 1 NAMD  3.0.1  Linux-x86_64-multicore-CUDA  12    k173  z5382435
Info: Running on 12 processors, 1 nodes, 1 physical nodes.
Info: CPU topology information available.
Info: Charm++/Converse parallel runtime startup completed at 0.0871809 s
CkLoopLib is used in SMP with simple dynamic scheduling (converse-level notification)
Info: 0 MB of memory in use based on /proc/self/stat
Info: Configuration file is prod.namd
Info: Working in the current directory /srv/scratch/z5382435/.temp/6239320/9
TCL: Running FEP window   1: Lambda1 0.45   Lambda2 0.5    [dLambda 0.04999999999999999]
TCL: Suspending until startup complete.
Warning: The following variables were set in the
Warning: configuration file but will be ignored:
Warning:    switchdist (switching)
Warning: Option "1-4scaling" has been deprecated. Instead use "oneFourScaling".
Info: EXTENDED SYSTEM FILE   mobley_6239320_equil.xsc
Info: Tuning parameters to improve GPU-resident performance
Warning: Keeping margin at user-specified value 2
Warning: Performance might be improved by increasing margin size to >= 4
Warning: Disabling lonepair support due to incompatability with GPU-resident.
Info: Running with GPU-resident mode
Warning: Always using force tables for GPU nonbonded kernel due to unsupported config parameters.
Info: SIMULATION PARAMETERS:
Info: TIMESTEP               2
Info: NUMBER OF STEPS        0
Info: STEPS PER CYCLE        10
Info: PERIODIC CELL BASIS 1  30.2653 0 0
Info: PERIODIC CELL BASIS 2  0 31.7163 0
Info: PERIODIC CELL BASIS 3  0 0 32.0278
Info: PERIODIC CELL CENTER   0 0 0
Info: WRAPPING WATERS AROUND PERIODIC BOUNDARIES ON OUTPUT.
Info: WRAPPING ALL CLUSTERS AROUND PERIODIC BOUNDARIES ON OUTPUT.
Info: LOAD BALANCER  Centralized
Info: LOAD BALANCING STRATEGY  New Load Balancers -- DEFAULT
Info: LDB PERIOD             2000 steps
Info: FIRST LDB TIMESTEP     50
Info: LAST LDB TIMESTEP     -1
Info: LDB BACKGROUND SCALING 1
Info: HOM BACKGROUND SCALING 1
Info: PME BACKGROUND SCALING 1
Info: MIN ATOMS PER PATCH    40
Info: EMPTY PATCH LOAD       40 ATOMS
Info: VELOCITY FILE          mobley_6239320_equil.vel
Info: CENTER OF MASS MOVING INITIALLY? NO
Info: DIELECTRIC             1
Info: EXCLUDE                SCALED ONE-FOUR
Info: 1-4 ELECTROSTATICS SCALED BY 0.833333
Info: MODIFIED 1-4 VDW PARAMETERS WILL BE USED
Info: DCD FILENAME           mobley_6239320_prod.dcd
Info: DCD FREQUENCY          100000
Info: DCD FIRST STEP         100000
Info: DCD FILE WILL CONTAIN UNIT CELL DATA
Info: XST FILENAME           mobley_6239320_prod.xst
Info: XST FREQUENCY          100000
Info: NO VELOCITY DCD OUTPUT
Info: NO FORCE DCD OUTPUT
Info: OUTPUT FILENAME        mobley_6239320_prod
Info: BINARY OUTPUT FILES WILL BE USED
Info: RESTART FILENAME       mobley_6239320_prod.restart
Info: RESTART FREQUENCY      100000
Info: BINARY RESTART FILES WILL BE USED
Info: CUTOFF                 9
Info: PAIRLIST DISTANCE      11
Info: PAIRLIST SHRINK RATE   0.01
Info: PAIRLIST GROW RATE     0.01
Info: PAIRLIST TRIGGER       0.3
Info: PAIRLISTS PER CYCLE    2
Info: PAIRLISTS ENABLED
Info: MARGIN                 2
Info: HYDROGEN GROUP CUTOFF  2.5
Info: PATCH DIMENSION        15.5
Info: ENERGY OUTPUT STEPS    100000
Warning: The period of outputting energies relating to alchemical transformations (alchOutFreq = 50) is not a multiple of the period of computing energies (computeEnergies = 100000). If alchOutFreq is smaller than outputEnergies and computeEnergies is not defined, a better solution is to set computeEnergies explicitly and keep it the same as alchOutFreq. The simulation will use the greatest common divisor of computeEnergies and alchOutFreq as the period of energy evaluation.
Info: ENERGY EVALUATION STEPS    100000
Info: OUTPUT ENERGY PRECISION 4
Info: CROSSTERM ENERGY INCLUDED IN DIHEDRAL
Info: TIMING OUTPUT STEPS    1000000
Info: PRESSURE OUTPUT STEPS  100000
Info: ALCHEMICAL FEP ON
Info: FEP CURRENT LAMBDA VALUE     0.45
Info: FEP COMPARISON LAMBDA VALUE  0.5
Info: FEP INTRA-ALCHEMICAL NON-BONDED INTERACTIONS WILL BE RETAINED
Info: FEP INTRA-ALCHEMICAL BONDED INTERACTIONS WILL BE RETAINED
Info: FEP VDW SHIFTING COEFFICIENT 5
Info: FEP ELEC. ACTIVE FOR ANNIHILATED PARTICLES BETWEEN LAMBDA = 0 AND LAMBDA = 0.5
Info: FEP ELEC. ACTIVE FOR EXNIHILATED PARTICLES BETWEEN LAMBDA = 0.5 AND LAMBDA = 1
Info: FEP VDW ACTIVE FOR ANNIHILATED PARTICLES BETWEEN LAMBDA = 0 AND LAMBDA = 1
Info: FEP VDW ACTIVE FOR EXNIHILATED PARTICLES BETWEEN LAMBDA = 0 AND LAMBDA = 1
Info: FEP BOND ACTIVE FOR ANNIHILATED PARTICLES BETWEEN LAMBDA = 1 AND LAMBDA = 1
Info: FEP BOND ACTIVE FOR EXNIHILATED PARTICLES BETWEEN LAMBDA = 0 AND LAMBDA = 0
Info: LANGEVIN DYNAMICS ACTIVE
Info: LANGEVIN TEMPERATURE   300
Info: LANGEVIN USING BBK INTEGRATOR
Info: LANGEVIN DAMPING COEFFICIENT IS 1 INVERSE PS
Info: LANGEVIN DYNAMICS APPLIED TO HYDROGENS
Info: LANGEVIN PISTON PRESSURE CONTROL ACTIVE
Info:        TARGET PRESSURE IS 1.01325 BAR
Info:     OSCILLATION PERIOD IS 50 FS
Info:             DECAY TIME IS 25 FS
Info:     PISTON TEMPERATURE IS 300 K
Info:       PRESSURE CONTROL IS GROUP-BASED
Info:    INITIAL STRAIN RATE IS 0.000215417 0.000215417 0.000215417
Info:       CELL FLUCTUATION IS ISOTROPIC
Info: PARTICLE MESH EWALD (PME) ACTIVE
Info: PME TOLERANCE               1e-06
Info: PME EWALD COEFFICIENT       0.348832
Info: PME INTERPOLATION ORDER     4
Info: PME GRID DIMENSIONS         32 32 36
Info: PME MAXIMUM GRID SPACING    1
Info: PME CALCULATION WILL BE PERFORMED ON GPU
Info: FULL ELECTROSTATIC EVALUATION FREQUENCY      2
Info: USING VERLET I (r-RESPA) MTS SCHEME.
Info: C1 SPLITTING OF LONG RANGE ELECTROSTATICS
Info: PLACING ATOMS IN PATCHES BY HYDROGEN GROUPS
Info: RIGID BONDS TO HYDROGEN : ALL
Info:         ERROR TOLERANCE : 1e-08
Info:          MAX ITERATIONS : 100
Info: RIGID WATER USING SETTLE ALGORITHM
Info: RANDOM NUMBER SEED     1742776264
Info: USE HYDROGEN BONDS?    NO
Info: Using AMBER format force field!
Info: AMBER PARM FILE        mobley_6239320.prmtop
Info: COORDINATE PDB         mobley_6239320.pdb
Info: Exclusions will be read from PARM file!
Info: SCNB (VDW SCALING)     2
Info: USING ARITHMETIC MEAN TO COMBINE L-J SIGMA PARAMETERS
Info: BINARY COORDINATES     mobley_6239320_equil.coor
Info: === Start reading AMBER parm7 format file mobley_6239320.prmtop ===
Info: Complete reading ATOM_NAME with 2988 fields.
Info: Complete reading CHARGE with 2988 fields.
Info: Complete reading ATOMIC_NUMBER with 2988 fields.
Info: Complete reading MASS with 2988 fields.
Info: Complete reading ATOM_TYPE_INDEX with 2988 fields.
Info: Complete reading NUMBER_EXCLUDED_ATOMS with 2988 fields.
Info: Complete reading NONBONDED_PARM_INDEX with 36 fields.
Info: Complete reading RESIDUE_LABEL with 993 fields.
Info: Complete reading RESIDUE_POINTER with 993 fields.
Info: Complete reading BOND_FORCE_CONSTANT with 5 fields.
Info: Complete reading BOND_EQUIL_VALUE with 5 fields.
Info: Complete reading ANGLE_FORCE_CONSTANT with 4 fields.
Info: Complete reading ANGLE_EQUIL_VALUE with 4 fields.
Info: Complete reading DIHEDRAL_FORCE_CONSTANT with 4 fields.
Info: Complete reading DIHEDRAL_PERIODICITY with 4 fields.
Info: Complete reading DIHEDRAL_PHASE with 4 fields.
Info: Complete reading SCEE_SCALE_FACTOR with 4 fields.
Info: Complete reading SCNB_SCALE_FACTOR with 4 fields.
Info: Complete reading LENNARD_JONES_ACOEF with 21 fields.
Info: Complete reading LENNARD_JONES_BCOEF with 21 fields.
Info: Complete reading BONDS_INC_HYDROGEN with 8937 fields.
Info: Complete reading BONDS_WITHOUT_HYDROGEN with 27 fields.
Info: Complete reading ANGLES_INC_HYDROGEN with 24 fields.
Info: Complete reading ANGLES_WITHOUT_HYDROGEN with 48 fields.
Info: Complete reading DIHEDRALS_INC_HYDROGEN with 105 fields.
Info: Complete reading DIHEDRALS_WITHOUT_HYDROGEN with 75 fields.
Info: Complete reading EXCLUDED_ATOMS_LIST with 4022 fields.
Info: Complete reading HBOND_ACOEF with 0 fields.
Info: Complete reading HBOND_BCOEF with 0 fields.
Info: Complete reading AMBER_ATOM_TYPE with 2988 fields.
Info: Complete reading TREE_CHAIN_CLASSIFICATION with 2988 fields.
Info: Complete reading ATOMS_PER_MOLECULE with 993 fields.
Info: Complete reading BOX_DIMENSIONS with 4 fields.
Info: Complete reading RADIUS_SET with 1 fields.
Info: Complete reading RADII with 2988 fields.
Info: Complete reading SCREEN with 2988 fields.
Info: === Finish reading AMBER parm7 format file. ===
Warning: Found 992 H-H bonds.
Info: SUMMARY OF PARAMETERS:
Info: 5 BONDS
Info: 4 ANGLES
Info:   4 HARMONIC
Info:   0 COSINE-BASED
Info: 4 DIHEDRAL
Info: 0 IMPROPER
Info: 0 CROSSTERM
Info: 0 VDW
Info: 21 VDW_PAIRS
Info: 0 NBTHOLE_PAIRS
Info: Reading pdb file mobley_6239320.pdb
Info: TIME FOR READING PDB FILE: 0.0681993
Info: 
Info: To read alchdata from file: mobley_6239320.pdb
Info: To read alchflag data from column: 5
Info: ****************************
Info: STRUCTURE SUMMARY:
Info: 2988 ATOMS
Info: 2988 BONDS
Info: 18 ANGLES
Info: 36 DIHEDRALS
Info: 0 IMPROPERS
Info: 0 CROSSTERMS
Info: 3027 EXCLUSIONS
Info: 2979 RIGID BONDS
Info: ALCH: 0 ATOMS TO DISAPPEAR IN FINAL STATE
Info: ALCH: 12 ATOMS TO APPEAR IN FINAL STATE
Info: 5985 DEGREES OF FREEDOM
Info: 1001 HYDROGEN GROUPS
Info: 3 ATOMS IN LARGEST HYDROGEN GROUP
Info: 1001 MIGRATION GROUPS
Info: 3 ATOMS IN LARGEST MIGRATION GROUP
Info: TOTAL MASS = 18001 amu
Info: TOTAL CHARGE = 0.000199944 e
Info: MASS DENSITY = 0.9723 g/cm^3
Info: ATOM DENSITY = 0.097191 atoms/A^3
Info: *****************************
Info: Reading from binary file mobley_6239320_equil.coor
Info: 
Info: Entering startup at 0.598477 s, 0 MB of memory in use
Info: Startup phase 0 took 7.3058e-05 s, 0 MB of memory in use
Info: ADDED 0 IMPLICIT EXCLUSIONS
Info: Startup phase 1 took 0.00105665 s, 0 MB of memory in use
Info: NONBONDED TABLE R-SQUARED SPACING: 0.0625
Info: NONBONDED TABLE SIZE: 705 POINTS
Info: INCONSISTENCY IN FAST TABLE ENERGY VS FORCE: 0.000290481 AT 0.251946
Info: INCONSISTENCY IN SCOR TABLE ENERGY VS FORCE: 0.000238233 AT 8.9687
Info: ABSOLUTE IMPRECISION IN VDWA TABLE ENERGY: 1.21169e-27 AT 8.99653
Info: ABSOLUTE IMPRECISION IN VDWA TABLE FORCE: 2.57484e-27 AT 8.99653
Info: INCONSISTENCY IN VDWA TABLE ENERGY VS FORCE: 0.0040507 AT 0.251946
Info: INCONSISTENCY IN VDWB TABLE ENERGY VS FORCE: 0.00150189 AT 0.251946
Info: Startup phase 2 took 0.00021987 s, 0 MB of memory in use
Info: Startup phase 3 took 6.0217e-05 s, 0 MB of memory in use
Info: Startup phase 4 took 6.9532e-05 s, 0 MB of memory in use
Info: Startup phase 5 took 5.705e-05 s, 0 MB of memory in use
Info: PATCH GRID IS 3 (PERIODIC) BY 2 (PERIODIC) BY 2 (PERIODIC)
Info: PATCH GRID IS 2-AWAY BY 1-AWAY BY 1-AWAY
Info: Reading from binary file mobley_6239320_equil.vel
Info: REMOVING COM VELOCITY 0.0613182 0.134987 -0.0234181
Info: LARGEST PATCH (4) HAS 267 ATOMS
Info: TORUS A SIZE 1 USING 0
Info: TORUS B SIZE 1 USING 0
Info: TORUS C SIZE 1 USING 0
Info: TORUS MINIMAL MESH SIZE IS 1 BY 1 BY 1
Info: Placed 100% of base nodes on same physical node as patch
Info: Startup phase 6 took 0.00659701 s, 0 MB of memory in use
Info: Use 3D box decompostion in PME FFT.
Info: PME using 1 x 1 x 1 pencil grid for FFT and reciprocal sum.
Info: Startup phase 7 took 0.000149545 s, 0 MB of memory in use
Info: Updated CUDA force table with 4096 elements.
Info: Updated CUDA LJ table with 6 x 6 elements.
Info: Startup phase 8 took 0.000617391 s, 0 MB of memory in use
Info: Startup phase 9 took 7.1511e-05 s, 0 MB of memory in use
Info: Startup phase 10 took 6.0402e-05 s, 0 MB of memory in use
Info: Startup phase 11 took 0.00138373 s, 0 MB of memory in use
LDB: Central LB being created...
Info: Startup phase 12 took 0.0036412 s, 0 MB of memory in use
Info: CREATING 456 COMPUTE OBJECTS
Info: Found 14 unique exclusion lists needing 24 bytes
Info: useSync: 0 useProxySync: 0
Info: Startup phase 13 took 0.0142111 s, 0 MB of memory in use
Info: Startup phase 14 took 7.8597e-05 s, 0 MB of memory in use
Info: Startup phase 15 took 4.1466e-05 s, 0 MB of memory in use
Info: Finished startup at 0.626865 s, 0 MB of memory in use

TCL: Running for 2500000 steps
FEP: RESETTING FOR NEW FEP WINDOW LAMBDA SET TO 0.45 LAMBDA2 0.5
FEP: WINDOW TO HAVE 100000 STEPS OF EQUILIBRATION PRIOR TO FEP DATA COLLECTION.
FEP: USING CONSTANT TEMPERATURE OF 300 K FOR FEP CALCULATION
PRESSURE: 0 1033.17 -116.214 -83.9232 -116.214 2.86725 552.746 -83.926 552.745 771.086
GPRESSURE: 0 1226.24 153.831 -160.991 -264.827 144.519 426.184 7.27385 393.907 666.368
ETITLE:      TS           BOND          ANGLE          DIHED          IMPRP               ELECT            VDW       BOUNDARY           MISC        KINETIC               TOTAL           TEMP      POTENTIAL       TOTALAVG        TEMPAVG            PRESSURE      GPRESSURE         VOLUME       PRESSAVG      GPRESSAVG
FEPTITLE:    TS          BOND2         ELECT2           VDW2

ENERGY:       0         5.4871         2.0632        27.1154         0.0000         -11267.7576      1526.1132         0.0000         0.0000      1766.2763          -7940.7025       297.0194     -9706.9788     -7940.7025       297.0194            602.3751       679.0413     30743.5972       602.3751       679.0413
FEP:          0        34.6657    -11267.7576      1525.4274

OPENING FEP ENERGY OUTPUT FILE
OPENING EXTENDED SYSTEM TRAJECTORY FILE
Info: Initial time: 12 CPUs 0.000580566 s/step 297.641 ns/day 0 MB memory
Info: Initial time: 12 CPUs 0.000311289 s/step 555.11 ns/day 0 MB memory
Info: Initial time: 12 CPUs 0.000314573 s/step 549.315 ns/day 0 MB memory
Info: Benchmark time: 12 CPUs 0.000310978 s/step 555.666 ns/day 0 MB memory
Info: Benchmark time: 12 CPUs 0.000308368 s/step 560.369 ns/day 0 MB memory
Info: Benchmark time: 12 CPUs 0.000312986 s/step 552.101 ns/day 0 MB memory
Info: Benchmark time: 12 CPUs 0.000318349 s/step 542.8 ns/day 0 MB memory
Info: Benchmark time: 12 CPUs 0.000319893 s/step 540.181 ns/day 0 MB memory
Info: Benchmark time: 12 CPUs 0.000316648 s/step 545.717 ns/day 0 MB memory
PRESSURE: 100000 -397.982 425.712 -169.944 425.714 772.144 252.186 -169.941 252.187 1018.48
GPRESSURE: 100000 -361.477 219.103 -356.98 423.324 797.764 126.352 -291.201 245.953 1149.24
PRESSAVG: 100000 317.595 154.75 -126.933 154.75 387.506 402.466 -126.933 402.466 894.781
GPRESSAVG: 100000 432.38 186.467 -258.986 79.2489 471.142 276.268 -141.963 319.93 907.802
ENERGY:  100000         8.9489         1.1631        25.9837         0.0000         -11180.4525      1477.2855         0.0000         0.0000      1767.0032          -7900.0680       297.1417     -9667.0712     -7920.3853       297.0806            464.2124       528.5077     30782.2813       533.2937       603.7745
FEP:     100000        36.0958    -11180.4525      1477.6799

WRITING EXTENDED SYSTEM TO RESTART FILE AT STEP 100000
OPENING COORDINATE DCD FILE
WRITING COORDINATES TO DCD FILE mobley_6239320_prod.dcd AT STEP 100000
WRITING COORDINATES TO RESTART FILE AT STEP 100000
FINISHED WRITING RESTART COORDINATES
The last position output (seq=100000) takes 0.012 seconds, 0.000 MB of memory in use
WRITING VELOCITIES TO RESTART FILE AT STEP 100000
FINISHED WRITING RESTART VELOCITIES
The last velocity output (seq=100000) takes 0.007 seconds, 0.000 MB of memory in use
PRESSURE: 200000 -417.13 -150.848 -139.691 -150.852 29.473 724.363 -139.687 724.362 510.516
GPRESSURE: 200000 -319.655 -153.067 291.209 -57.7036 116.25 877.051 -269.827 376.009 540.203
PRESSAVG: 200000 72.6865 52.8826 -131.185 52.8826 268.161 509.765 -131.185 509.765 766.692
GPRESSAVG: 200000 181.701 73.2891 -75.5875 33.5981 352.845 476.529 -184.585 338.623 785.269
ENERGY:  200000         7.0263         7.2404        27.9337         0.0000         -11205.6197      1444.5885         0.0000         0.0000      1745.5070          -7973.3237       293.5268     -9718.8306     -7938.0314       295.8960             40.9530       112.2662     30431.3038       369.1801       439.9384
FEP:     200000        42.2005    -11205.6197      1444.8996

WRITING EXTENDED SYSTEM TO RESTART FILE AT STEP 200000
WRITING COORDINATES TO DCD FILE mobley_6239320_prod.dcd AT STEP 200000
WRITING COORDINATES TO RESTART FILE AT STEP 200000
FINISHED WRITING RESTART COORDINATES
The last position output (seq=200000) takes 0.016 seconds, 0.000 MB of memory in use
WRITING VELOCITIES TO RESTART FILE AT STEP 200000
FINISHED WRITING RESTART VELOCITIES
The last velocity output (seq=200000) takes 0.014 seconds, 0.000 MB of memory in use
PRESSURE: 300000 -58.3919 -41.2017 60.156 -41.1997 494.619 -134.993 60.1536 -134.991 -631.745
GPRESSURE: 300000 139.711 -378.008 -20.0882 39.1285 534.144 90.1286 137.293 -181.302 -572.797
PRESSAVG: 300000 39.9169 29.362 -83.3501 29.362 324.776 348.576 -83.3501 348.576 417.083
GPRESSAVG: 300000 171.204 -39.5352 -61.7127 34.9807 398.169 379.929 -104.115 208.642 445.753
ENERGY:  300000         8.3839         3.0846        26.3598         0.0000         -11119.5953      1421.5258         0.0000         0.0000      1770.2002          -7890.0409       297.6793     -9660.2411     -7926.0338       296.3418            -65.1724        33.6857     30921.4075       260.5920       338.3752
FEP:     300000        37.8283    -11119.5953      1421.1632

WRITING EXTENDED SYSTEM TO RESTART FILE AT STEP 300000
WRITING COORDINATES TO DCD FILE mobley_6239320_prod.dcd AT STEP 300000
WRITING COORDINATES TO RESTART FILE AT STEP 300000
FINISHED WRITING RESTART COORDINATES
The last position output (seq=300000) takes 0.017 seconds, 0.000 MB of memory in use
WRITING VELOCITIES TO RESTART FILE AT STEP 300000
FINISHED WRITING RESTART VELOCITIES
The last velocity output (seq=300000) takes 0.016 seconds, 0.000 MB of memory in use
PRESSURE: 400000 -134.822 -59.9679 -81.9455 -59.9731 -279.44 98.2811 -81.9462 98.2829 6.88275
GPRESSURE: 400000 -27.3367 297.094 -312.008 -1.76698 -129.662 -62.0462 191.381 154.973 -38.4073
PRESSAVG: 400000 4.96916 11.495 -83.0693 11.495 203.933 298.517 -83.0693 298.517 335.043
GPRESSAVG: 400000 131.496 27.7906 -111.772 27.6312 292.603 291.534 -45.016 197.908 348.921
ENERGY:  400000         6.8168         5.3626        28.8380         0.0000         -11158.0858      1432.5263         0.0000         0.0000      1814.1969          -7870.3452       305.0778     -9684.5422     -7914.8961       298.0890           -135.7931       -65.1354     30898.0154       181.3150       257.6731
FEP:     400000        41.0173    -11158.0858      1432.8242

WRITING EXTENDED SYSTEM TO RESTART FILE AT STEP 400000
WRITING COORDINATES TO DCD FILE mobley_6239320_prod.dcd AT STEP 400000
WRITING COORDINATES TO RESTART FILE AT STEP 400000
FINISHED WRITING RESTART COORDINATES
The last position output (seq=400000) takes 0.021 seconds, 0.000 MB of memory in use
WRITING VELOCITIES TO RESTART FILE AT STEP 400000
FINISHED WRITING RESTART VELOCITIES
The last velocity output (seq=400000) takes 0.020 seconds, 0.000 MB of memory in use
PRESSURE: 500000 1204.5 -328.201 -347.223 -328.199 485.264 640.939 -347.224 640.934 845.218
GPRESSURE: 500000 1359.3 -236.462 -84.8033 -416.028 550.988 529.8 -330.17 316.325 629.171
PRESSAVG: 500000 204.89 -45.1206 -127.095 -45.1206 250.821 355.587 -127.095 355.587 420.072
GPRESSAVG: 500000 336.13 -16.2514 -107.277 -46.3121 335.667 331.245 -92.5416 217.644 395.629
ENERGY:  500000         6.6224         8.7267        25.8058         0.0000         -11386.4570      1545.2933         0.0000         0.0000      1749.6311          -8050.3778       294.2204     -9800.0088     -7937.4764       297.4442            844.9927       846.4867     30134.6141       291.9279       355.8087
FEP:     500000        41.1549    -11386.4570      1544.9833

WRITING EXTENDED SYSTEM TO RESTART FILE AT STEP 500000
WRITING COORDINATES TO DCD FILE mobley_6239320_prod.dcd AT STEP 500000
WRITING COORDINATES TO RESTART FILE AT STEP 500000
FINISHED WRITING RESTART COORDINATES
The last position output (seq=500000) takes 0.020 seconds, 0.000 MB of memory in use
WRITING VELOCITIES TO RESTART FILE AT STEP 500000
FINISHED WRITING RESTART VELOCITIES
The last velocity output (seq=500000) takes 0.019 seconds, 0.000 MB of memory in use
PRESSURE: 600000 630.852 -148.859 -180.244 -148.858 -573.603 -379.724 -180.243 -379.721 -652.067
GPRESSURE: 600000 679.633 -533.704 34.9902 -158.592 -451.19 -315.719 -519.774 -162.493 -502.414
PRESSAVG: 600000 265.742 -59.9402 -134.688 -59.9402 133.046 250.543 -134.688 250.543 266.909
GPRESSAVG: 600000 385.202 -90.1733 -86.9532 -62.3521 223.259 238.821 -153.575 163.339 267.337
ENERGY:  600000         2.6613         1.0216        25.4821         0.0000         -11268.8025      1472.2179         0.0000         0.0000      1786.0412          -7981.3784       300.3431     -9767.4196     -7943.7481       297.8584           -198.2725       -91.3238     30817.5113       221.8993       291.9326
FEP:     600000        29.1650    -11268.8025      1473.2506

WRITING EXTENDED SYSTEM TO RESTART FILE AT STEP 600000
WRITING COORDINATES TO DCD FILE mobley_6239320_prod.dcd AT STEP 600000
WRITING COORDINATES TO RESTART FILE AT STEP 600000
FINISHED WRITING RESTART COORDINATES
The last position output (seq=600000) takes 0.017 seconds, 0.000 MB of memory in use
WRITING VELOCITIES TO RESTART FILE AT STEP 600000
FINISHED WRITING RESTART VELOCITIES
PRESSURE: 700000 -262.501 -46.2607 -24.9998 -46.2565 -657.895 -146.891 -25.003 -146.887 615.752
GPRESSURE: 700000 -260.725 -18.4504 -31.889 33.4937 -678.9 -401.083 80.9837 217.744 657.784
PRESSAVG: 700000 199.712 -58.2297 -120.977 -58.2297 34.1788 200.864 -120.977 200.864 310.515
GPRESSAVG: 700000 304.461 -81.2079 -80.0701 -50.3713 110.489 158.833 -124.255 170.139 316.143
ENERGY:  700000         5.0485         2.6488        26.0261         0.0000         -11192.4523      1439.3307         0.0000         0.0000      1750.7257          -7968.6724       294.4044     -9719.3981     -7946.8636       297.4266           -101.5480       -93.9471     30903.7176       181.4684       243.6977
FEP:     700000        33.7235    -11192.4523      1438.9569

WRITING EXTENDED SYSTEM TO RESTART FILE AT STEP 700000
WRITING COORDINATES TO DCD FILE mobley_6239320_prod.dcd AT STEP 700000
WRITING COORDINATES TO RESTART FILE AT STEP 700000
FINISHED WRITING RESTART COORDINATES
The last position output (seq=700000) takes 0.017 seconds, 0.000 MB of memory in use
WRITING VELOCITIES TO RESTART FILE AT STEP 700000
FINISHED WRITING RESTART VELOCITIES
PRESSURE: 800000 439.944 -145.909 -125.56 -145.909 -456.499 -502.523 -125.56 -502.52 44.0196
GPRESSURE: 800000 700.08 -5.13683 -101.029 -25.5899 -394.702 -876.472 -114.942 -204.645 -43.3184
PRESSAVG: 800000 226.404 -67.9718 -121.486 -67.9718 -20.3409 122.71 -121.486 122.71 280.904
GPRESSAVG: 800000 348.419 -72.7556 -82.3989 -47.6178 54.3568 43.7994 -123.22 128.497 276.203
ENERGY:  800000         7.1292         3.8040        26.1785         0.0000         -11177.0595      1448.5045         0.0000         0.0000      1851.4786          -7839.9648       311.3472     -9691.4433     -7934.9860       298.9734              9.1551        87.3531     30955.5645       162.3225       226.3260
FEP:     800000        37.1117    -11177.0595      1447.9062

WRITING EXTENDED SYSTEM TO RESTART FILE AT STEP 800000
WRITING COORDINATES TO DCD FILE mobley_6239320_prod.dcd AT STEP 800000
WRITING COORDINATES TO RESTART FILE AT STEP 800000
FINISHED WRITING RESTART COORDINATES
The last position output (seq=800000) takes 0.023 seconds, 0.000 MB of memory in use
WRITING VELOCITIES TO RESTART FILE AT STEP 800000
FINISHED WRITING RESTART VELOCITIES
PRESSURE: 900000 540.488 190.331 327.04 190.329 187.686 284.789 327.042 284.79 963.838
GPRESSURE: 900000 452.163 410.659 188.741 134.048 200.6 293.26 433.968 235.89 1179.41
PRESSAVG: 900000 257.812 -42.1418 -76.6335 -42.1418 0.461826 138.918 -76.6335 138.918 349.198
GPRESSAVG: 900000 358.793 -24.4141 -55.2849 -29.4513 68.9811 68.7455 -67.5014 139.236 366.523
ENERGY:  900000         5.5467         3.4494        26.9386         0.0000         -11391.6379      1568.3493         0.0000         0.0000      1758.1537          -8029.2003       295.6535     -9787.3539     -7944.4074       298.6414            564.0039       610.7239     30921.7021       202.4906       264.7658
FEP:     900000        35.9347    -11391.6379      1567.8555

WRITING EXTENDED SYSTEM TO RESTART FILE AT STEP 900000
WRITING COORDINATES TO DCD FILE mobley_6239320_prod.dcd AT STEP 900000
WRITING COORDINATES TO RESTART FILE AT STEP 900000
FINISHED WRITING RESTART COORDINATES
The last position output (seq=900000) takes 0.018 seconds, 0.000 MB of memory in use
WRITING VELOCITIES TO RESTART FILE AT STEP 900000
FINISHED WRITING RESTART VELOCITIES
PRESSURE: 1000000 871.932 156.004 -17.2657 156.002 -398.615 38.5208 -17.2636 38.5257 216.469
GPRESSURE: 1000000 773.976 79.1276 199.448 85.3109 -376.108 243.789 -264.633 -138.81 379.589
PRESSAVG: 1000000 313.642 -24.1287 -71.2362 -24.1287 -35.8179 129.792 -71.2362 129.792 337.131
GPRESSAVG: 1000000 396.537 -15.0012 -32.1274 -19.0184 28.5185 84.6585 -85.4224 113.959 367.711
TIMING: 1000000  CPU: 316.416, 0.000315885/step  Wall: 317.049, 0.000317024/step, 545.07 ns/days, 0.132093 hours remaining, 0.000000 MB of memory in use.
PERFORMANCE: 1000000  averaging 545.07 ns/day, 0.000317024 sec/step with standard deviation 0
ETITLE:      TS           BOND          ANGLE          DIHED          IMPRP               ELECT            VDW       BOUNDARY           MISC        KINETIC               TOTAL           TEMP      POTENTIAL       TOTALAVG        TEMPAVG            PRESSURE      GPRESSURE         VOLUME       PRESSAVG      GPRESSAVG
FEPTITLE:    TS          BOND2         ELECT2           VDW2

ENERGY: 1000000         7.4738         2.9550        27.6727         0.0000         -11255.5052      1502.7181         0.0000         0.0000      1747.6220          -7967.0636       293.8825     -9714.6856     -7946.4671       298.2087            229.9286       259.1524     31328.0720       204.9850       264.2555
FEP:    1000000        38.1015    -11255.5052      1502.3037

WRITING EXTENDED SYSTEM TO RESTART FILE AT STEP 1000000
WRITING COORDINATES TO DCD FILE mobley_6239320_prod.dcd AT STEP 1000000
WRITING COORDINATES TO RESTART FILE AT STEP 1000000
FINISHED WRITING RESTART COORDINATES
The last position output (seq=1000000) takes 0.018 seconds, 0.000 MB of memory in use
WRITING VELOCITIES TO RESTART FILE AT STEP 1000000
FINISHED WRITING RESTART VELOCITIES
PRESSURE: 1100000 127.725 282.293 -328.859 282.293 61.4726 -115.897 -328.862 -115.898 1663.88
GPRESSURE: 1100000 191.963 447.817 -302.512 -82.6162 205.873 -5.2092 -406.082 -179.689 1505.96
PRESSAVG: 1100000 298.148 1.40645 -92.705 1.40645 -27.7104 109.317 -92.705 109.317 447.693
GPRESSAVG: 1100000 379.489 23.567 -54.6594 -24.3182 43.298 77.1696 -112.144 89.4885 462.565
ENERGY: 1100000         7.4985         3.9474        25.0256         0.0000         -11298.6205      1539.3799         0.0000         0.0000      1722.9631          -7999.8060       289.7358     -9722.7691     -7950.9120       297.5027            617.6909       634.5975     30803.6355       239.3771       295.1174
FEP:    1100000        36.4715    -11298.6205      1538.8579

WRITING EXTENDED SYSTEM TO RESTART FILE AT STEP 1100000
WRITING COORDINATES TO DCD FILE mobley_6239320_prod.dcd AT STEP 1100000
WRITING COORDINATES TO RESTART FILE AT STEP 1100000
FINISHED WRITING RESTART COORDINATES
WRITING VELOCITIES TO RESTART FILE AT STEP 1100000
FINISHED WRITING RESTART VELOCITIES
PRESSURE: 1200000 -78.2783 -624.385 602.638 -624.385 -35.1293 210.863 602.64 210.86 -651.517
GPRESSURE: 1200000 196.284 -902.464 649.56 -605.725 -155.472 177.27 362.267 381.064 -451.73
PRESSAVG: 1200000 269.193 -46.7313 -39.217 -46.7313 -28.281 117.128 -39.217 117.128 363.139
GPRESSAVG: 1200000 365.396 -47.6661 -0.488683 -69.0418 28.008 84.8696 -75.6508 111.917 392.235
ENERGY: 1200000         2.2817         1.7031        25.6301         0.0000         -11278.9583      1453.5479         0.0000         0.0000      1802.4098          -7993.3857       303.0957     -9795.7955     -7954.1792       297.9329           -254.9748      -136.9727     30557.9461       201.3501       261.8797
FEP:    1200000        29.6150    -11278.9583      1453.4226

WRITING EXTENDED SYSTEM TO RESTART FILE AT STEP 1200000
WRITING COORDINATES TO DCD FILE mobley_6239320_prod.dcd AT STEP 1200000
WRITING COORDINATES TO RESTART FILE AT STEP 1200000
FINISHED WRITING RESTART COORDINATES
WRITING VELOCITIES TO RESTART FILE AT STEP 1200000
FINISHED WRITING RESTART VELOCITIES
PRESSURE: 1300000 -889.44 -203.966 -661.715 -203.964 -222.867 194.399 -661.717 194.398 -423.15
GPRESSURE: 1300000 -785.292 -329.057 -534.738 82.0071 -169.121 313.255 -777.675 309.845 -496.088
PRESSAVG: 1300000 186.433 -57.9623 -83.6813 -57.9623 -42.18 122.648 -83.6813 122.648 306.975
GPRESSAVG: 1300000 283.204 -67.7655 -38.6494 -58.2526 13.9274 101.183 -125.795 126.055 328.783
ENERGY: 1300000         5.3052         2.6347        25.4031         0.0000         -11115.7796      1373.3445         0.0000         0.0000      1764.3429          -7944.7493       296.6943     -9709.0922     -7953.5056       297.8444           -511.8188      -483.5002     30584.0691       150.4094       208.6382
FEP:    1300000        33.3430    -11115.7796      1373.0771

WRITING EXTENDED SYSTEM TO RESTART FILE AT STEP 1300000
WRITING COORDINATES TO DCD FILE mobley_6239320_prod.dcd AT STEP 1300000
WRITING COORDINATES TO RESTART FILE AT STEP 1300000
FINISHED WRITING RESTART COORDINATES
WRITING VELOCITIES TO RESTART FILE AT STEP 1300000
FINISHED WRITING RESTART VELOCITIES
PRESSURE: 1400000 -155.591 -232.578 -236.247 -232.582 -400.457 404.079 -236.251 404.08 -223.32
GPRESSURE: 1400000 -164.163 -233.615 -74.5366 143.655 -335.724 405.156 -463.07 227.601 16.5683
PRESSAVG: 1400000 163.631 -69.6036 -93.8525 -69.6036 -66.0651 141.41 -93.8525 141.41 271.622
GPRESSAVG: 1400000 253.38 -78.8221 -41.0419 -44.7921 -9.38271 121.448 -148.28 132.825 307.969
ENERGY: 1400000         5.1683         3.3120        28.2365         0.0000         -11369.5782      1463.1752         0.0000         0.0000      1799.5671          -8070.1191       302.6177     -9869.6862     -7961.2799       298.1626           -259.7893      -161.1063     30684.8357       123.0629       183.9886
FEP:    1400000        36.7168    -11369.5782      1462.8467

WRITING EXTENDED SYSTEM TO RESTART FILE AT STEP 1400000
WRITING COORDINATES TO DCD FILE mobley_6239320_prod.dcd AT STEP 1400000
WRITING COORDINATES TO RESTART FILE AT STEP 1400000
FINISHED WRITING RESTART COORDINATES
WRITING VELOCITIES TO RESTART FILE AT STEP 1400000
FINISHED WRITING RESTART VELOCITIES
PRESSURE: 1500000 260.145 107.392 -394.646 107.393 -476.434 -45.9315 -394.643 -45.9329 248.582
GPRESSURE: 1500000 216.404 163.2 -397.32 186.897 -289.139 -142.477 -536.156 346.737 263.287
PRESSAVG: 1500000 169.664 -58.5413 -112.652 -58.5413 -91.7132 129.701 -112.652 129.701 270.182
GPRESSAVG: 1500000 251.069 -63.6958 -63.3093 -30.3115 -26.8675 104.952 -172.523 146.194 305.176
ENERGY: 1500000         6.3205         3.2283        27.9165         0.0000         -11241.4921      1449.5460         0.0000         0.0000      1767.8664          -7986.6144       297.2868     -9754.4808     -7962.8633       298.1079             10.7644        63.5175     30488.6826       116.0442       176.4592
FEP:    1500000        37.4653    -11241.4921      1450.3347

WRITING EXTENDED SYSTEM TO RESTART FILE AT STEP 1500000
WRITING COORDINATES TO DCD FILE mobley_6239320_prod.dcd AT STEP 1500000
WRITING COORDINATES TO RESTART FILE AT STEP 1500000
FINISHED WRITING RESTART COORDINATES
WRITING VELOCITIES TO RESTART FILE AT STEP 1500000
FINISHED WRITING RESTART VELOCITIES
PRESSURE: 1600000 -1495.22 -46.839 322.673 -46.842 -575.896 -150.009 322.675 -150.004 -1131.59
GPRESSURE: 1600000 -1363.35 -315.91 -22.3958 129.878 -637.568 -338.253 419.027 94.4864 -1101.7
PRESSAVG: 1600000 71.7296 -57.8531 -87.0445 -57.8531 -120.195 113.248 -87.0445 113.248 187.725
GPRESSAVG: 1600000 156.103 -78.5319 -60.9026 -20.8886 -62.791 78.8815 -137.726 143.153 222.419
ENERGY: 1600000         4.1850         3.0252        26.1258         0.0000         -11136.0148      1346.5641         0.0000         0.0000      1802.0205          -7954.0942       303.0302     -9756.1147     -7962.3474       298.3975          -1067.5676     -1034.2049     31189.3108        46.4200       105.2436
FEP:    1600000        33.3360    -11136.0148      1346.1043

WRITING EXTENDED SYSTEM TO RESTART FILE AT STEP 1600000
WRITING COORDINATES TO DCD FILE mobley_6239320_prod.dcd AT STEP 1600000
WRITING COORDINATES TO RESTART FILE AT STEP 1600000
FINISHED WRITING RESTART COORDINATES
WRITING VELOCITIES TO RESTART FILE AT STEP 1600000
FINISHED WRITING RESTART VELOCITIES
PRESSURE: 1700000 74.3002 595.848 101.658 595.851 753.138 387.198 101.658 387.2 756.71
GPRESSURE: 1700000 373.979 589.548 -106.283 541.685 465.313 601.25 -21.0787 288.163 982.791
PRESSAVG: 1700000 71.8724 -21.5362 -76.561 -21.5362 -71.6761 128.467 -76.561 128.467 219.335
GPRESSAVG: 1700000 168.207 -41.4164 -63.4237 10.3655 -33.4519 107.902 -131.245 151.209 264.662
ENERGY: 1700000         6.2614         3.3896        31.5879         0.0000         -11140.4137      1485.6206         0.0000         0.0000      1743.1790          -7870.3753       293.1354     -9613.5542     -7957.2379       298.1051            528.0492       607.3608     30614.2005        73.1771       133.1390
FEP:    1700000        41.2389    -11140.4137      1485.8357

WRITING EXTENDED SYSTEM TO RESTART FILE AT STEP 1700000
WRITING COORDINATES TO DCD FILE mobley_6239320_prod.dcd AT STEP 1700000
WRITING COORDINATES TO RESTART FILE AT STEP 1700000
FINISHED WRITING RESTART COORDINATES
WRITING VELOCITIES TO RESTART FILE AT STEP 1700000
FINISHED WRITING RESTART VELOCITIES
PRESSURE: 1800000 -1847.79 242.034 -378.205 242.037 -386.849 -736.132 -378.208 -736.133 -405.077
GPRESSURE: 1800000 -1748.09 660.673 -789.466 160.807 -299.49 -738.728 1.52181 -959.932 -236.263
PRESSAVG: 1800000 -29.1626 -7.6639 -92.4372 -7.6639 -88.2642 82.9619 -92.4372 82.9619 186.471
GPRESSAVG: 1800000 67.3495 -4.46433 -101.636 18.2834 -47.4539 63.3425 -124.257 92.7278 238.297
ENERGY: 1800000         3.9017         3.2303        28.3037         0.0000         -11144.8605      1384.2770         0.0000         0.0000      1775.3303          -7949.8176       298.5420     -9725.1479     -7956.8473       298.1281           -879.9059      -761.2808     30845.3693        23.0149        86.0643
FEP:    1800000        35.4356    -11144.8605      1384.1054

WRITING EXTENDED SYSTEM TO RESTART FILE AT STEP 1800000
WRITING COORDINATES TO DCD FILE mobley_6239320_prod.dcd AT STEP 1800000
WRITING COORDINATES TO RESTART FILE AT STEP 1800000
FINISHED WRITING RESTART COORDINATES
WRITING VELOCITIES TO RESTART FILE AT STEP 1800000
FINISHED WRITING RESTART VELOCITIES
PRESSURE: 1900000 -810.661 -132.636 -393.52 -132.635 -1317.73 -124.016 -393.522 -124.015 -1521.62
GPRESSURE: 1900000 -690.356 -154.294 -463.38 -100.394 -1280.97 -44.8988 -199.686 45.8632 -1286.12
PRESSAVG: 1900000 -68.2375 -13.9124 -107.491 -13.9124 -149.737 72.6131 -107.491 72.6131 101.067
GPRESSAVG: 1900000 29.4642 -11.9558 -119.724 12.3495 -109.13 57.9304 -128.029 90.3845 162.077
ENERGY: 1900000         4.5687         1.8196        27.6684         0.0000         -11064.0079      1350.9308         0.0000         0.0000      1765.9588          -7913.0616       296.9660     -9679.0204     -7954.6580       298.0700          -1216.6689     -1085.8157     31253.8375       -38.9693        27.4703
FEP:    1900000        34.0567    -11064.0079      1350.5629

WRITING EXTENDED SYSTEM TO RESTART FILE AT STEP 1900000
WRITING COORDINATES TO DCD FILE mobley_6239320_prod.dcd AT STEP 1900000
WRITING COORDINATES TO RESTART FILE AT STEP 1900000
FINISHED WRITING RESTART COORDINATES
WRITING VELOCITIES TO RESTART FILE AT STEP 1900000
FINISHED WRITING RESTART VELOCITIES
PRESSURE: 2000000 1294.66 78.5664 -236.968 78.5651 545.167 -451.332 -236.97 -451.33 719.378
GPRESSURE: 2000000 1523.42 -178.064 -20.3622 66.1582 411.228 -657.451 -213.407 -424.131 780.201
PRESSAVG: 2000000 -55.1629 -4.17347 -115.144 -4.17347 -122.622 22.4093 -115.144 22.4093 98.4815
GPRESSAVG: 2000000 44.3234 -28.5506 -112.692 28.8988 -95.7945 3.7487 -139.063 49.4826 167.768
TIMING: 2000000  CPU: 631.996, 0.00031558/step  Wall: 634.321, 0.000317272/step, 544.643 ns/days, 0.0440655 hours remaining, 0.000000 MB of memory in use.
PERFORMANCE: 2000000  averaging 544.857 ns/day, 0.000317148 sec/step with standard deviation 1.75632e-07
ETITLE:      TS           BOND          ANGLE          DIHED          IMPRP               ELECT            VDW       BOUNDARY           MISC        KINETIC               TOTAL           TEMP      POTENTIAL       TOTALAVG        TEMPAVG            PRESSURE      GPRESSURE         VOLUME       PRESSAVG      GPRESSAVG
FEPTITLE:    TS          BOND2         ELECT2           VDW2

ENERGY: 2000000         6.8612         3.8406        26.0447         0.0000         -11382.0893      1545.3870         0.0000         0.0000      1759.2858          -8040.6699       295.8439     -9799.9557     -7959.6564       298.0112            853.0695       904.9500     30277.7384       -26.4346        38.7657
FEP:    2000000        36.7466    -11382.0893      1544.9738

WRITING EXTENDED SYSTEM TO RESTART FILE AT STEP 2000000
WRITING COORDINATES TO DCD FILE mobley_6239320_prod.dcd AT STEP 2000000
WRITING COORDINATES TO RESTART FILE AT STEP 2000000
FINISHED WRITING RESTART COORDINATES
WRITING VELOCITIES TO RESTART FILE AT STEP 2000000
FINISHED WRITING RESTART VELOCITIES
PRESSURE: 2100000 1477.51 61.5156 155.629 61.5156 -346.935 -157.892 155.631 -157.893 78.1334
GPRESSURE: 2100000 1475.04 -157.126 131.721 -13.6264 -82.3137 -524.423 136.011 87.8353 170.706
PRESSAVG: 2100000 38.6115 -22.3834 -98.865 -22.3834 -178.576 1.90533 -98.865 1.90533 51.4644
GPRESSAVG: 2100000 136.149 -47.362 -88.2571 7.05125 -139.798 -28.7901 -117.702 41.5767 118.842
ENERGY: 2100000         8.6758         3.5286        25.9799         0.0000         -11417.3509      1544.8941         0.0000         0.0000      1784.3326          -8049.9399       300.0558     -9834.2725     -7967.1500       298.1569            402.9019       521.1454     30572.1702       -29.5001        38.3976
FEP:    2100000        38.1843    -11417.3509      1544.8215

WRITING EXTENDED SYSTEM TO RESTART FILE AT STEP 2100000
WRITING COORDINATES TO DCD FILE mobley_6239320_prod.dcd AT STEP 2100000
WRITING COORDINATES TO RESTART FILE AT STEP 2100000
FINISHED WRITING RESTART COORDINATES
WRITING VELOCITIES TO RESTART FILE AT STEP 2100000
FINISHED WRITING RESTART VELOCITIES
PRESSURE: 2200000 1472.55 -494.623 -278.85 -494.623 942.865 -95.1868 -278.854 -95.1884 1225.17
GPRESSURE: 2200000 1403.31 -842.098 5.56381 -437.293 1026.56 206.32 -18.109 56.8265 1498.63
PRESSAVG: 2200000 133.095 -39.5719 -105.823 -39.5719 -132.907 -39.0722 -105.823 -39.0722 87.1969
GPRESSAVG: 2200000 222.298 -81.8136 -102.539 -11.9282 -94.2827 -62.3266 -105.116 25.6176 166.763
ENERGY: 2200000         7.5785         1.4225        27.8367         0.0000         -11474.1459      1628.2227         0.0000         0.0000      1858.4302          -7950.6554       312.5162     -9809.0856     -7966.0166       299.1064           1213.5262      1309.5020     30426.6354        29.1286        98.2594
FEP:    2200000        36.8377    -11474.1459      1627.5742

WRITING EXTENDED SYSTEM TO RESTART FILE AT STEP 2200000
WRITING COORDINATES TO DCD FILE mobley_6239320_prod.dcd AT STEP 2200000
WRITING COORDINATES TO RESTART FILE AT STEP 2200000
FINISHED WRITING RESTART COORDINATES
WRITING VELOCITIES TO RESTART FILE AT STEP 2200000
FINISHED WRITING RESTART VELOCITIES
PRESSURE: 2300000 1170.33 -260.581 22.7783 -260.581 -340.224 433.726 22.7813 433.727 406.042
GPRESSURE: 2300000 1079.03 -129.552 81.497 -264.15 -173.986 381.138 129.604 308.625 491.505
PRESSAVG: 2300000 194.531 -50.541 -107.692 -50.541 -174.649 -10.6363 -107.692 -10.6363 139.086
GPRESSAVG: 2300000 269.263 -69.3908 -97.4601 -27.0922 -129.689 -47.7761 -105.501 50.114 219.978
ENERGY: 2300000         7.2048         1.6925        27.1587         0.0000         -11302.3869      1503.6174         0.0000         0.0000      1738.3288          -8024.3848       292.3197     -9762.7136     -7972.7338       298.8384            412.0480       465.5147     30470.0851        52.9896       119.8509
FEP:    2300000        36.0559    -11302.3869      1503.9741

WRITING EXTENDED SYSTEM TO RESTART FILE AT STEP 2300000
WRITING COORDINATES TO DCD FILE mobley_6239320_prod.dcd AT STEP 2300000
WRITING COORDINATES TO RESTART FILE AT STEP 2300000
FINISHED WRITING RESTART COORDINATES
WRITING VELOCITIES TO RESTART FILE AT STEP 2300000
FINISHED WRITING RESTART VELOCITIES
PRESSURE: 2400000 174.524 -662.009 -467.297 -662.01 -251.511 313.837 -467.294 313.838 -820.882
GPRESSURE: 2400000 297.314 -421.294 -470.517 -289.063 -195.051 206.574 -638.776 417.496 -699.284
PRESSAVG: 2400000 209.999 -80.6428 -126.959 -80.6428 -173.252 0.141444 -126.959 0.141444 97.6979
GPRESSAVG: 2400000 285.496 -105.31 -105.386 -41.457 -132.959 -34.3451 -147.009 63.2401 186.935
ENERGY: 2400000         5.9323         2.3284        25.6352         0.0000         -11087.8924      1417.8820         0.0000         0.0000      1853.5330          -7782.5814       311.6926     -9636.1145     -7968.3456       299.1692           -299.2897      -199.0071     31297.9525        44.8147       113.1573
FEP:    2400000        33.8959    -11087.8924      1417.6308

WRITING EXTENDED SYSTEM TO RESTART FILE AT STEP 2400000
WRITING COORDINATES TO DCD FILE mobley_6239320_prod.dcd AT STEP 2400000
WRITING COORDINATES TO RESTART FILE AT STEP 2400000
FINISHED WRITING RESTART COORDINATES
WRITING VELOCITIES TO RESTART FILE AT STEP 2400000
FINISHED WRITING RESTART VELOCITIES
PRESSURE: 2500000 557.601 -76.2816 126.446 -76.2821 411.695 234.279 126.441 234.275 -426.167
GPRESSURE: 2500000 531.871 -37.6136 354.713 94.9901 534.216 57.1403 104.624 361.993 -288.03
PRESSAVG: 2500000 177.654 -68.047 -103.276 -68.047 -176.931 -20.1915 -103.276 -20.1915 34.1287
GPRESSAVG: 2500000 244.124 -95.3678 -83.4098 -15.9061 -133.797 -57.9781 -125.269 65.5235 141.075
ENERGY: 2500000        10.2012         4.4157        25.9774         0.0000         -11209.1075      1454.0638         0.0000         0.0000      1859.0178          -7855.4317       312.6150     -9714.4494     -7958.5983       300.0889            181.0429       259.3525     30780.6543        11.6172        83.8006
FEP:    2500000        40.5943    -11209.1075      1454.2580

WRITING EXTENDED SYSTEM TO RESTART FILE AT STEP 2500000
WRITING COORDINATES TO DCD FILE mobley_6239320_prod.dcd AT STEP 2500000
WRITING COORDINATES TO RESTART FILE AT STEP 2500000
FINISHED WRITING RESTART COORDINATES
WRITING VELOCITIES TO RESTART FILE AT STEP 2500000
FINISHED WRITING RESTART VELOCITIES
TCL: Exiting due to exit command.
WRITING EXTENDED SYSTEM TO OUTPUT FILE AT STEP 2500000
CLOSING EXTENDED SYSTEM TRAJECTORY FILE
WRITING COORDINATES TO OUTPUT FILE AT STEP 2500000
CLOSING COORDINATE DCD FILE mobley_6239320_prod.dcd
WRITING VELOCITIES TO OUTPUT FILE AT STEP 2500000
====================================================

WallClock: 793.310364  CPUTime: 790.123535  Memory: 0.000000 MB
[Partition 0][Node 0] End of program
