#========================================================================================
#                     Free energy perturbation    
#----------------------------------------------------------------------------------------
#forward/backward          λ              ΔΔA                 ΔA                  δε   
#                                                 
#----------------------------------------------------------------------------------------
forward:               0.0000              0.0000              0.0000              0.0000  
forward:               0.0500              1.0338              1.0338              0.0206  
forward:               0.1000              0.5890              1.6228              0.0258  
forward:               0.1500              0.3130              1.9357              0.0273  
forward:               0.2000              0.1585              2.0942              0.0282  
forward:               0.2500              0.0800              2.1742              0.0287  
forward:               0.3000              0.0346              2.2088              0.0293  
forward:               0.3500              0.0012              2.2099              0.0297  
forward:               0.4000             -0.0165              2.1934              0.0300  
forward:               0.4500             -0.0322              2.1612              0.0303  
forward:               0.5000             -0.0507              2.1105              0.0306  
forward:               0.5500             -0.1275              1.9830              0.0310  
forward:               0.6000             -0.2917              1.6913              0.0315  
forward:               0.6500             -0.4250              1.2663              0.0320  
forward:               0.7000             -0.5323              0.7341              0.0324  
forward:               0.7500             -0.6241              0.1100              0.0329  
forward:               0.8000             -0.6765             -0.5665              0.0332  
forward:               0.8500             -0.7009             -1.2674              0.0336  
forward:               0.9000             -0.7049             -1.9723              0.0337  
forward:               0.9500             -0.6865             -2.6588              0.0339  
forward:               1.0000             -0.6607             -3.3195              0.0342  
backward:              1.0000              0.0000             -3.3195              0.0000  
backward:              0.9500              0.6692             -2.6503              0.0059  
backward:              0.9000              0.6874             -1.9629              0.0079  
backward:              0.8500              0.6880             -1.2749              0.0153  
backward:              0.8000              0.6941             -0.5807              0.0163  
backward:              0.7500              0.6825              0.1017              0.0172  
backward:              0.7000              0.6209              0.7226              0.0184  
backward:              0.6500              0.5443              1.2669              0.0195  
backward:              0.6000              0.4164              1.6832              0.0204  
backward:              0.5500              0.2918              1.9751              0.0211  
backward:              0.5000              0.1258              2.1008              0.0219  
backward:              0.4500              0.0514              2.1522              0.0225  
backward:              0.4000              0.0336              2.1858              0.0232  
backward:              0.3500              0.0174              2.2032              0.0240  
backward:              0.3000             -0.0202              2.1831              0.0249  
backward:              0.2500             -0.0357              2.1473              0.0257  
backward:              0.2000             -0.0900              2.0574              0.0269  
backward:              0.1500             -0.1791              1.8783              0.0291  
backward:              0.1000             -0.2803              1.5980              0.0319  
backward:              0.0500             -0.6322              0.9657              0.0405  
backward:              0.0000             -1.1035             -0.1377              0.0601  
Inaccuracy estimation
======================================================================================================
                   i        i+δi          P0_overlap_P1   δε(forward)/ε   δε(backward)/ε
======================================================================================================
inaccuracy:  0.00000        0.05000           46.94           -0.03            0.90
inaccuracy:  0.05000        0.10000           54.71           -0.02            0.63
inaccuracy:  0.10000        0.15000           62.25           -0.01            0.36
inaccuracy:  0.15000        0.20000           70.67           -0.01            0.20
inaccuracy:  0.20000        0.25000           73.25           -0.01            0.13
inaccuracy:  0.25000        0.30000           74.30           -0.01            0.13
inaccuracy:  0.30000        0.35000           76.11           -0.01            0.10
inaccuracy:  0.35000        0.40000           75.36           -0.01            0.10
inaccuracy:  0.40000        0.45000           76.43           -0.01            0.10
inaccuracy:  0.45000        0.50000           77.07           -0.02            0.08
inaccuracy:  0.50000        0.55000           69.87           -0.05            0.11
inaccuracy:  0.55000        0.60000           70.66           -0.06            0.09
inaccuracy:  0.60000        0.65000           70.14           -0.07            0.07
inaccuracy:  0.65000        0.70000           70.30           -0.08            0.07
inaccuracy:  0.70000        0.75000           70.44           -0.07            0.06
inaccuracy:  0.75000        0.80000           70.52           -0.07            0.06
inaccuracy:  0.80000        0.85000           70.74           -0.06            0.06
inaccuracy:  0.85000        0.90000           70.38           -0.07            0.06
inaccuracy:  0.90000        0.95000           70.14           -0.07            0.06
inaccuracy:  0.95000        1.00000           68.50           -0.07            0.08
===================================================================================================================================
                BAR        
-----------------------------------------------------------------------------------------------------------------------------------
BAR-estimator:         λ             λ+δλ          ΔΔA             ΔA            C               Δδe            δe       
                          
-----------------------------------------------------------------------------------------------------------------------------------
BAR-estimator:      0.00000        0.05000        1.0622         1.0622         1.0622         0.0099         0.0099 
BAR-estimator:      0.05000        0.10000        0.5950         1.6572         0.5950         0.0088         0.0132 
BAR-estimator:      0.10000        0.15000        0.3026         1.9598         0.3026         0.0045         0.0140 
BAR-estimator:      0.15000        0.20000        0.1619         2.1216         0.1619         0.0047         0.0147 
BAR-estimator:      0.20000        0.25000        0.0813         2.2029         0.0813         0.0039         0.0153 
BAR-estimator:      0.25000        0.30000        0.0343         2.2373         0.0343         0.0041         0.0158 
BAR-estimator:      0.30000        0.35000        0.0053         2.2426         0.0053         0.0034         0.0162 
BAR-estimator:      0.35000        0.40000       -0.0182         2.2244        -0.0182         0.0031         0.0165 
BAR-estimator:      0.40000        0.45000       -0.0332         2.1912        -0.0332         0.0029         0.0167 
BAR-estimator:      0.45000        0.50000       -0.0517         2.1395        -0.0517         0.0028         0.0170 
BAR-estimator:      0.50000        0.55000       -0.1260         2.0135        -0.1260         0.0034         0.0173 
BAR-estimator:      0.55000        0.60000       -0.2897         1.7238        -0.2897         0.0042         0.0178 
BAR-estimator:      0.60000        0.65000       -0.4211         1.3028        -0.4211         0.0036         0.0182 
BAR-estimator:      0.65000        0.70000       -0.5381         0.7647        -0.5381         0.0034         0.0185 
BAR-estimator:      0.70000        0.75000       -0.6261         0.1386        -0.6261         0.0031         0.0187 
BAR-estimator:      0.75000        0.80000       -0.6782        -0.5396        -0.6782         0.0036         0.0191 
BAR-estimator:      0.80000        0.85000       -0.6978        -1.2373        -0.6978         0.0036         0.0194 
BAR-estimator:      0.85000        0.90000       -0.7022        -1.9395        -0.7022         0.0036         0.0197 
BAR-estimator:      0.90000        0.95000       -0.6871        -2.6267        -0.6871         0.0034         0.0200 
BAR-estimator:      0.95000        1.00000       -0.6684        -3.2950        -0.6684         0.0039         0.0204 
BAR-estimator: total free energy change is -3.295014441244615 , total error is 0.02040268799053376
