#========================================================================================
#                     Free energy perturbation    
#----------------------------------------------------------------------------------------
#forward/backward          λ              ΔΔA                 ΔA                  δε   
#                                                 
#----------------------------------------------------------------------------------------
forward:               0.0000              0.0000              0.0000              0.0000  
forward:               0.0500              1.0797              1.0797              0.0146  
forward:               0.1000              0.6289              1.7086              0.0186  
forward:               0.1500              0.3052              2.0137              0.0203  
forward:               0.2000              0.1684              2.1822              0.0214  
forward:               0.2500              0.0918              2.2739              0.0219  
forward:               0.3000              0.0412              2.3151              0.0226  
forward:               0.3500              0.0184              2.3335              0.0230  
forward:               0.4000             -0.0115              2.3221              0.0233  
forward:               0.4500             -0.0263              2.2957              0.0237  
forward:               0.5000             -0.0435              2.2522              0.0239  
forward:               0.5500             -0.1264              2.1258              0.0244  
forward:               0.6000             -0.2802              1.8457              0.0248  
forward:               0.6500             -0.4330              1.4127              0.0252  
forward:               0.7000             -0.5595              0.8531              0.0257  
forward:               0.7500             -0.6522              0.2009              0.0262  
forward:               0.8000             -0.7040             -0.5031              0.0265  
forward:               0.8500             -0.7225             -1.2255              0.0268  
forward:               0.9000             -0.7317             -1.9572              0.0271  
forward:               0.9500             -0.7199             -2.6771              0.0274  
forward:               1.0000             -0.7006             -3.3777              0.0277  
backward:              1.0000              0.0000             -3.3777              0.0000  
backward:              0.9500              0.7049             -2.6728              0.0049  
backward:              0.9000              0.7304             -1.9424              0.0071  
backward:              0.8500              0.7303             -1.2121              0.0089  
backward:              0.8000              0.7283             -0.4838              0.0102  
backward:              0.7500              0.7008              0.2170              0.0122  
backward:              0.7000              0.6468              0.8638              0.0133  
backward:              0.6500              0.5619              1.4257              0.0144  
backward:              0.6000              0.4369              1.8626              0.0153  
backward:              0.5500              0.2900              2.1526              0.0161  
backward:              0.5000              0.0872              2.2399              0.0335  
backward:              0.4500              0.0358              2.2757              0.0339  
backward:              0.4000              0.0294              2.3051              0.0343  
backward:              0.3500              0.0045              2.3095              0.0347  
backward:              0.3000             -0.0146              2.2949              0.0348  
backward:              0.2500             -0.0551              2.2398              0.0353  
backward:              0.2000             -0.0917              2.1481              0.0360  
backward:              0.1500             -0.1639              1.9842              0.0370  
backward:              0.1000             -0.3339              1.6504              0.0394  
backward:              0.0500             -0.5927              1.0577              0.0435  
backward:              0.0000             -1.0721             -0.0144              0.0509  
Inaccuracy estimation
======================================================================================================
                   i        i+δi          P0_overlap_P1   δε(forward)/ε   δε(backward)/ε
======================================================================================================
inaccuracy:  0.00000        0.05000           46.02           -0.03            0.89
inaccuracy:  0.05000        0.10000           52.34           -0.02            0.71
inaccuracy:  0.10000        0.15000           64.87           -0.01            0.34
inaccuracy:  0.15000        0.20000           69.06           -0.01            0.22
inaccuracy:  0.20000        0.25000           72.36           -0.01            0.15
inaccuracy:  0.25000        0.30000           75.55           -0.01            0.11
inaccuracy:  0.30000        0.35000           74.90           -0.01            0.12
inaccuracy:  0.35000        0.40000           76.63           -0.01            0.10
inaccuracy:  0.40000        0.45000           75.82           -0.01            0.10
inaccuracy:  0.45000        0.50000           77.09           -0.01            0.08
inaccuracy:  0.50000        0.55000           70.38           -0.06            0.11
inaccuracy:  0.55000        0.60000           69.53           -0.06            0.09
inaccuracy:  0.60000        0.65000           69.97           -0.07            0.07
inaccuracy:  0.65000        0.70000           70.27           -0.08            0.06
inaccuracy:  0.70000        0.75000           71.19           -0.07            0.06
inaccuracy:  0.75000        0.80000           70.52           -0.07            0.05
inaccuracy:  0.80000        0.85000           70.06           -0.07            0.06
inaccuracy:  0.85000        0.90000           70.72           -0.06            0.06
inaccuracy:  0.90000        0.95000           69.00           -0.07            0.06
inaccuracy:  0.95000        1.00000           69.26           -0.07            0.07
===================================================================================================================================
                BAR        
-----------------------------------------------------------------------------------------------------------------------------------
BAR-estimator:         λ             λ+δλ          ΔΔA             ΔA            C               Δδe            δe       
                          
-----------------------------------------------------------------------------------------------------------------------------------
BAR-estimator:      0.00000        0.05000        1.0743         1.0743         1.0743         0.0077         0.0077 
BAR-estimator:      0.05000        0.10000        0.6172         1.6915         0.6172         0.0052         0.0093 
BAR-estimator:      0.10000        0.15000        0.3147         2.0062         0.3147         0.0055         0.0108 
BAR-estimator:      0.15000        0.20000        0.1697         2.1758         0.1697         0.0043         0.0116 
BAR-estimator:      0.20000        0.25000        0.0914         2.2673         0.0914         0.0034         0.0121 
BAR-estimator:      0.25000        0.30000        0.0445         2.3118         0.0445         0.0035         0.0126 
BAR-estimator:      0.30000        0.35000        0.0197         2.3315         0.0197         0.0031         0.0130 
BAR-estimator:      0.35000        0.40000       -0.0089         2.3226        -0.0089         0.0030         0.0133 
BAR-estimator:      0.40000        0.45000       -0.0276         2.2950        -0.0276         0.0026         0.0136 
BAR-estimator:      0.45000        0.50000       -0.0439         2.2511        -0.0439         0.0025         0.0138 
BAR-estimator:      0.50000        0.55000       -0.1232         2.1280        -0.1232         0.0031         0.0141 
BAR-estimator:      0.55000        0.60000       -0.2864         1.8416        -0.2864         0.0033         0.0145 
BAR-estimator:      0.60000        0.65000       -0.4357         1.4059        -0.4357         0.0032         0.0149 
BAR-estimator:      0.65000        0.70000       -0.5611         0.8448        -0.5611         0.0033         0.0152 
BAR-estimator:      0.70000        0.75000       -0.6484         0.1963        -0.6484         0.0033         0.0156 
BAR-estimator:      0.75000        0.80000       -0.7020        -0.5056        -0.7020         0.0032         0.0159 
BAR-estimator:      0.80000        0.85000       -0.7248        -1.2305        -0.7248         0.0035         0.0163 
BAR-estimator:      0.85000        0.90000       -0.7301        -1.9606        -0.7301         0.0029         0.0166 
BAR-estimator:      0.90000        0.95000       -0.7237        -2.6843        -0.7237         0.0034         0.0169 
BAR-estimator:      0.95000        1.00000       -0.6993        -3.3835        -0.6993         0.0035         0.0173 
BAR-estimator: total free energy change is -3.3835367137239336 , total error is 0.017261163094303724
