#========================================================================================
#                     Free energy perturbation    
#----------------------------------------------------------------------------------------
#forward/backward          λ              ΔΔA                 ΔA                  δε   
#                                                 
#----------------------------------------------------------------------------------------
forward:               0.0000              0.0000              0.0000              0.0000  
forward:               0.0500              0.3695              0.3695              0.0088  
forward:               0.1000              0.2659              0.6355              0.0117  
forward:               0.1500              0.2048              0.8403              0.0131  
forward:               0.2000              0.1666              1.0068              0.0139  
forward:               0.2500              0.1445              1.1513              0.0148  
forward:               0.3000              0.1165              1.2678              0.0155  
forward:               0.3500              0.1077              1.3755              0.0161  
forward:               0.4000              0.0935              1.4689              0.0165  
forward:               0.4500              0.0834              1.5524              0.0170  
forward:               0.5000              0.0799              1.6322              0.0174  
forward:               0.5500             -0.0150              1.6172              0.0184  
forward:               0.6000             -0.2007              1.4165              0.0195  
forward:               0.6500             -0.3789              1.0376              0.0216  
forward:               0.7000             -0.5583              0.4792              0.0228  
forward:               0.7500             -0.6458             -0.1666              0.0237  
forward:               0.8000             -0.6454             -0.8119              0.0242  
forward:               0.8500             -0.6028             -1.4147              0.0246  
forward:               0.9000             -0.5435             -1.9582              0.0248  
forward:               0.9500             -0.4816             -2.4398              0.0251  
forward:               1.0000             -0.4536             -2.8934              0.0253  
backward:              1.0000              0.0000             -2.8934              0.0000  
backward:              0.9500              0.4587             -2.4348              0.0051  
backward:              0.9000              0.4973             -1.9375              0.0069  
backward:              0.8500              0.5357             -1.4018              0.0093  
backward:              0.8000              0.5993             -0.8025              0.0106  
backward:              0.7500              0.6446             -0.1579              0.0123  
backward:              0.7000              0.6378              0.4800              0.0148  
backward:              0.6500              0.5497              1.0297              0.0175  
backward:              0.6000              0.3691              1.3988              0.0190  
backward:              0.5500              0.1845              1.5833              0.0200  
backward:              0.5000              0.0197              1.6029              0.0210  
backward:              0.4500             -0.0794              1.5235              0.0213  
backward:              0.4000             -0.0926              1.4310              0.0218  
backward:              0.3500             -0.0927              1.3383              0.0224  
backward:              0.3000             -0.1136              1.2246              0.0229  
backward:              0.2500             -0.1242              1.1005              0.0232  
backward:              0.2000             -0.1460              0.9545              0.0238  
backward:              0.1500             -0.1614              0.7931              0.0245  
backward:              0.1000             -0.2060              0.5871              0.0252  
backward:              0.0500             -0.2882              0.2989              0.0282  
backward:              0.0000             -0.3865             -0.0876              0.0313  
Inaccuracy estimation
======================================================================================================
                   i        i+δi          P0_overlap_P1   δε(forward)/ε   δε(backward)/ε
======================================================================================================
inaccuracy:  0.00000        0.05000           64.84           -0.01            0.35
inaccuracy:  0.05000        0.10000           75.12           -0.00            0.19
inaccuracy:  0.10000        0.15000           74.08           -0.01            0.16
inaccuracy:  0.15000        0.20000           78.44           -0.00            0.10
inaccuracy:  0.20000        0.25000           78.16           -0.00            0.09
inaccuracy:  0.25000        0.30000           82.07           -0.00            0.07
inaccuracy:  0.30000        0.35000           80.45           -0.00            0.08
inaccuracy:  0.35000        0.40000           82.20           -0.00            0.06
inaccuracy:  0.40000        0.45000           82.42           -0.00            0.06
inaccuracy:  0.45000        0.50000           82.64           -0.00            0.06
inaccuracy:  0.50000        0.55000           58.97           -0.14            0.15
inaccuracy:  0.55000        0.60000           74.95           -0.08            0.07
inaccuracy:  0.60000        0.65000           54.23           -0.10            0.07
inaccuracy:  0.65000        0.70000           69.99           -0.06            0.04
inaccuracy:  0.70000        0.75000           71.71           -0.04            0.04
inaccuracy:  0.75000        0.80000           73.07           -0.04            0.05
inaccuracy:  0.80000        0.85000           78.27           -0.03            0.05
inaccuracy:  0.85000        0.90000           73.08           -0.04            0.07
inaccuracy:  0.90000        0.95000           74.18           -0.04            0.08
inaccuracy:  0.95000        1.00000           71.91           -0.04            0.10
===================================================================================================================================
            	   BAR        
-----------------------------------------------------------------------------------------------------------------------------------
BAR-estimator:         λ             λ+δλ          ΔΔA             ΔA            C               Δδe            δe       
                          
-----------------------------------------------------------------------------------------------------------------------------------
BAR-estimator:      0.00000        0.05000        0.3470         0.3470         0.3470         0.0059         0.0059 
BAR-estimator:      0.05000        0.10000        0.2729         0.6199         0.2729         0.0049         0.0077 
BAR-estimator:      0.10000        0.15000        0.1902         0.8101         0.1902         0.0038         0.0086 
BAR-estimator:      0.15000        0.20000        0.1631         0.9733         0.1631         0.0032         0.0092 
BAR-estimator:      0.20000        0.25000        0.1371         1.1104         0.1371         0.0034         0.0098 
BAR-estimator:      0.25000        0.30000        0.1196         1.2300         0.1196         0.0035         0.0104 
BAR-estimator:      0.30000        0.35000        0.1017         1.3317         0.1017         0.0031         0.0108 
BAR-estimator:      0.35000        0.40000        0.0926         1.4243         0.0926         0.0030         0.0112 
BAR-estimator:      0.40000        0.45000        0.0815         1.5058         0.0815         0.0027         0.0116 
BAR-estimator:      0.45000        0.50000        0.0792         1.5851         0.0792         0.0024         0.0118 
BAR-estimator:      0.50000        0.55000       -0.1007         1.4843        -0.1007         0.0042         0.0125 
BAR-estimator:      0.55000        0.60000       -0.1953         1.2890        -0.1953         0.0037         0.0131 
BAR-estimator:      0.60000        0.65000       -0.4663         0.8228        -0.4663         0.0052         0.0141 
BAR-estimator:      0.65000        0.70000       -0.5557         0.2671        -0.5557         0.0046         0.0148 
BAR-estimator:      0.70000        0.75000       -0.6396        -0.3725        -0.6396         0.0041         0.0154 
BAR-estimator:      0.75000        0.80000       -0.6442        -1.0167        -0.6442         0.0037         0.0158 
BAR-estimator:      0.80000        0.85000       -0.5742        -1.5909        -0.5742         0.0034         0.0162 
BAR-estimator:      0.85000        0.90000       -0.5434        -2.1342        -0.5434         0.0033         0.0165 
BAR-estimator:      0.90000        0.95000       -0.4707        -2.6050        -0.4707         0.0032         0.0168 
BAR-estimator:      0.95000        1.00000       -0.4549        -3.0599        -0.4549         0.0035         0.0172 
BAR-estimator: total free energy change is -3.0598946124125472 , total error is 0.017182932311736628
