#========================================================================================
#                     Free energy perturbation    
#----------------------------------------------------------------------------------------
#forward/backward          λ              ΔΔA                 ΔA                  δε   
#                                                 
#----------------------------------------------------------------------------------------
forward:               0.0000              0.0000              0.0000              0.0000  
forward:               0.0500              0.3856              0.3856              0.0056  
forward:               0.1000              0.2603              0.6460              0.0094  
forward:               0.1500              0.2078              0.8537              0.0103  
forward:               0.2000              0.1671              1.0208              0.0110  
forward:               0.2500              0.1467              1.1675              0.0116  
forward:               0.3000              0.1187              1.2862              0.0122  
forward:               0.3500              0.1075              1.3937              0.0125  
forward:               0.4000              0.1012              1.4949              0.0129  
forward:               0.4500              0.0953              1.5903              0.0132  
forward:               0.5000              0.0697              1.6600              0.0136  
forward:               0.5500             -0.0200              1.6399              0.0141  
forward:               0.6000             -0.2190              1.4210              0.0149  
forward:               0.6500             -0.3989              1.0220              0.0158  
forward:               0.7000             -0.5993              0.4227              0.0171  
forward:               0.7500             -0.6803             -0.2576              0.0179  
forward:               0.8000             -0.6995             -0.9570              0.0184  
forward:               0.8500             -0.6607             -1.6178              0.0188  
forward:               0.9000             -0.6130             -2.2307              0.0192  
forward:               0.9500             -0.5685             -2.7992              0.0196  
forward:               1.0000             -0.5517             -3.3508              0.0200  
backward:              1.0000              0.0000             -3.3508              0.0000  
backward:              0.9500              0.5470             -2.8038              0.0044  
backward:              0.9000              0.5880             -2.2159              0.0075  
backward:              0.8500              0.6216             -1.5943              0.0089  
backward:              0.8000              0.6440             -0.9503              0.0107  
backward:              0.7500              0.6919             -0.2584              0.0119  
backward:              0.7000              0.6872              0.4289              0.0133  
backward:              0.6500              0.5862              1.0150              0.0150  
backward:              0.6000              0.4181              1.4332              0.0161  
backward:              0.5500              0.2050              1.6381              0.0168  
backward:              0.5000              0.0208              1.6590              0.0175  
backward:              0.4500             -0.0729              1.5861              0.0179  
backward:              0.4000             -0.0946              1.4915              0.0184  
backward:              0.3500             -0.0943              1.3972              0.0188  
backward:              0.3000             -0.1160              1.2812              0.0192  
backward:              0.2500             -0.1176              1.1636              0.0198  
backward:              0.2000             -0.1385              1.0251              0.0202  
backward:              0.1500             -0.1596              0.8656              0.0209  
backward:              0.1000             -0.2050              0.6606              0.0217  
backward:              0.0500             -0.2598              0.4008              0.0228  
backward:              0.0000             -0.3808              0.0201              0.0244  
Inaccuracy estimation
======================================================================================================
                   i        i+δi          P0_overlap_P1   δε(forward)/ε   δε(backward)/ε
======================================================================================================
inaccuracy:  0.00000        0.05000           61.92           -0.01            0.38
inaccuracy:  0.05000        0.10000           74.83           -0.00            0.19
inaccuracy:  0.10000        0.15000           73.74           -0.00            0.16
inaccuracy:  0.15000        0.20000           78.77           -0.00            0.11
inaccuracy:  0.20000        0.25000           77.23           -0.01            0.10
inaccuracy:  0.25000        0.30000           81.17           -0.00            0.08
inaccuracy:  0.30000        0.35000           79.95           -0.00            0.07
inaccuracy:  0.35000        0.40000           80.84           -0.00            0.07
inaccuracy:  0.40000        0.45000           79.68           -0.00            0.07
inaccuracy:  0.45000        0.50000           83.83           -0.00            0.06
inaccuracy:  0.50000        0.55000           59.11           -0.17            0.16
inaccuracy:  0.55000        0.60000           73.95           -0.09            0.06
inaccuracy:  0.60000        0.65000           52.72           -0.13            0.07
inaccuracy:  0.65000        0.70000           69.46           -0.08            0.04
inaccuracy:  0.70000        0.75000           69.68           -0.04            0.04
inaccuracy:  0.75000        0.80000           73.00           -0.06            0.04
inaccuracy:  0.80000        0.85000           75.49           -0.05            0.05
inaccuracy:  0.85000        0.90000           71.15           -0.06            0.07
inaccuracy:  0.90000        0.95000           72.64           -0.05            0.07
inaccuracy:  0.95000        1.00000           70.68           -0.06            0.08
===================================================================================================================================
            	   BAR        
-----------------------------------------------------------------------------------------------------------------------------------
BAR-estimator:         λ             λ+δλ          ΔΔA             ΔA            C               Δδe            δe       
                          
-----------------------------------------------------------------------------------------------------------------------------------
BAR-estimator:      0.00000        0.05000        0.3516         0.3516         0.3516         0.0040         0.0040 
BAR-estimator:      0.05000        0.10000        0.2628         0.6144         0.2628         0.0032         0.0051 
BAR-estimator:      0.10000        0.15000        0.1920         0.8064         0.1920         0.0030         0.0059 
BAR-estimator:      0.15000        0.20000        0.1641         0.9705         0.1641         0.0027         0.0065 
BAR-estimator:      0.20000        0.25000        0.1357         1.1062         0.1357         0.0026         0.0070 
BAR-estimator:      0.25000        0.30000        0.1185         1.2247         0.1185         0.0026         0.0075 
BAR-estimator:      0.30000        0.35000        0.1015         1.3262         0.1015         0.0024         0.0079 
BAR-estimator:      0.35000        0.40000        0.0981         1.4243         0.0981         0.0024         0.0082 
BAR-estimator:      0.40000        0.45000        0.0861         1.5105         0.0861         0.0020         0.0085 
BAR-estimator:      0.45000        0.50000        0.0715         1.5819         0.0715         0.0021         0.0087 
BAR-estimator:      0.50000        0.55000       -0.1148         1.4671        -0.1148         0.0033         0.0093 
BAR-estimator:      0.55000        0.60000       -0.2123         1.2548        -0.2123         0.0031         0.0098 
BAR-estimator:      0.60000        0.65000       -0.4976         0.7572        -0.4976         0.0038         0.0106 
BAR-estimator:      0.65000        0.70000       -0.5952         0.1620        -0.5952         0.0039         0.0112 
BAR-estimator:      0.70000        0.75000       -0.6811        -0.5191        -0.6811         0.0033         0.0117 
BAR-estimator:      0.75000        0.80000       -0.6972        -1.2162        -0.6972         0.0032         0.0121 
BAR-estimator:      0.80000        0.85000       -0.6435        -1.8597        -0.6435         0.0028         0.0125 
BAR-estimator:      0.85000        0.90000       -0.6158        -2.4755        -0.6158         0.0027         0.0127 
BAR-estimator:      0.90000        0.95000       -0.5599        -3.0353        -0.5599         0.0030         0.0131 
BAR-estimator:      0.95000        1.00000       -0.5485        -3.5838        -0.5485         0.0026         0.0133 
BAR-estimator: total free energy change is -3.5838472883963233 , total error is 0.013335183239409772
