#========================================================================================
#                     Free energy perturbation    
#----------------------------------------------------------------------------------------
#forward/backward          λ              ΔΔA                 ΔA                  δε   
#                                                 
#----------------------------------------------------------------------------------------
forward:               0.0000              0.0000              0.0000              0.0000  
forward:               0.0500              0.9350              0.9350              0.0160  
forward:               0.1000              0.5293              1.4643              0.0206  
forward:               0.1500              0.2880              1.7523              0.0224  
forward:               0.2000              0.1706              1.9228              0.0234  
forward:               0.2500              0.1068              2.0296              0.0241  
forward:               0.3000              0.0462              2.0759              0.0246  
forward:               0.3500              0.0315              2.1073              0.0251  
forward:               0.4000              0.0007              2.1080              0.0254  
forward:               0.4500             -0.0035              2.1046              0.0258  
forward:               0.5000             -0.0236              2.0810              0.0262  
forward:               0.5500             -0.0685              2.0125              0.0266  
forward:               0.6000             -0.1751              1.8374              0.0270  
forward:               0.6500             -0.2632              1.5742              0.0275  
forward:               0.7000             -0.3551              1.2191              0.0281  
forward:               0.7500             -0.4172              0.8020              0.0286  
forward:               0.8000             -0.4620              0.3400              0.0289  
forward:               0.8500             -0.4776             -0.1376              0.0292  
forward:               0.9000             -0.4892             -0.6268              0.0295  
forward:               0.9500             -0.4820             -1.1088              0.0299  
forward:               1.0000             -0.4925             -1.6013              0.0302  
backward:              1.0000              0.0000             -1.6013              0.0000  
backward:              0.9500              0.4920             -1.1093              0.0046  
backward:              0.9000              0.4812             -0.6281              0.0071  
backward:              0.8500              0.4860             -0.1421              0.0085  
backward:              0.8000              0.4724              0.3304              0.0101  
backward:              0.7500              0.4547              0.7851              0.0112  
backward:              0.7000              0.4202              1.2053              0.0122  
backward:              0.6500              0.3458              1.5511              0.0133  
backward:              0.6000              0.2638              1.8149              0.0143  
backward:              0.5500              0.1741              1.9890              0.0155  
backward:              0.5000              0.0696              2.0586              0.0161  
backward:              0.4500              0.0222              2.0809              0.0167  
backward:              0.4000              0.0094              2.0902              0.0169  
backward:              0.3500             -0.0082              2.0820              0.0178  
backward:              0.3000             -0.0265              2.0555              0.0187  
backward:              0.2500             -0.0556              1.9999              0.0197  
backward:              0.2000             -0.1003              1.8996              0.0210  
backward:              0.1500             -0.1713              1.7283              0.0237  
backward:              0.1000             -0.2867              1.4416              0.0260  
backward:              0.0500             -0.5465              0.8951              0.0319  
backward:              0.0000             -0.9497             -0.0546              0.0385  
Inaccuracy estimation
======================================================================================================
                   i        i+δi          P0_overlap_P1   δε(forward)/ε   δε(backward)/ε
======================================================================================================
inaccuracy:  0.00000        0.05000           48.83           -0.03            0.83
inaccuracy:  0.05000        0.10000           57.33           -0.01            0.58
inaccuracy:  0.10000        0.15000           66.00           -0.01            0.31
inaccuracy:  0.15000        0.20000           69.96           -0.01            0.20
inaccuracy:  0.20000        0.25000           72.00           -0.01            0.14
inaccuracy:  0.25000        0.30000           75.80           -0.01            0.12
inaccuracy:  0.30000        0.35000           74.98           -0.01            0.10
inaccuracy:  0.35000        0.40000           77.02           -0.01            0.09
inaccuracy:  0.40000        0.45000           76.07           -0.01            0.09
inaccuracy:  0.45000        0.50000           77.03           -0.01            0.08
inaccuracy:  0.50000        0.55000           72.95           -0.04            0.10
inaccuracy:  0.55000        0.60000           73.98           -0.05            0.09
inaccuracy:  0.60000        0.65000           73.39           -0.04            0.08
inaccuracy:  0.65000        0.70000           73.91           -0.05            0.07
inaccuracy:  0.70000        0.75000           72.90           -0.04            0.07
inaccuracy:  0.75000        0.80000           74.01           -0.04            0.06
inaccuracy:  0.80000        0.85000           73.82           -0.05            0.07
inaccuracy:  0.85000        0.90000           73.17           -0.05            0.06
inaccuracy:  0.90000        0.95000           72.02           -0.04            0.07
inaccuracy:  0.95000        1.00000           72.22           -0.04            0.07
===================================================================================================================================
                BAR        
-----------------------------------------------------------------------------------------------------------------------------------
BAR-estimator:         λ             λ+δλ          ΔΔA             ΔA            C               Δδe            δe       
                          
-----------------------------------------------------------------------------------------------------------------------------------
BAR-estimator:      0.00000        0.05000        0.9478         0.9478         0.9478         0.0095         0.0095 
BAR-estimator:      0.05000        0.10000        0.5281         1.4758         0.5281         0.0084         0.0127 
BAR-estimator:      0.10000        0.15000        0.2891         1.7649         0.2891         0.0059         0.0140 
BAR-estimator:      0.15000        0.20000        0.1670         1.9319         0.1670         0.0046         0.0148 
BAR-estimator:      0.20000        0.25000        0.1023         2.0342         0.1023         0.0037         0.0152 
BAR-estimator:      0.25000        0.30000        0.0491         2.0833         0.0491         0.0036         0.0156 
BAR-estimator:      0.30000        0.35000        0.0279         2.1112         0.0279         0.0034         0.0160 
BAR-estimator:      0.35000        0.40000        0.0025         2.1137         0.0025         0.0032         0.0163 
BAR-estimator:      0.40000        0.45000       -0.0051         2.1086        -0.0051         0.0033         0.0167 
BAR-estimator:      0.45000        0.50000       -0.0228         2.0858        -0.0228         0.0030         0.0169 
BAR-estimator:      0.50000        0.55000       -0.0671         2.0187        -0.0671         0.0032         0.0172 
BAR-estimator:      0.55000        0.60000       -0.1747         1.8439        -0.1747         0.0032         0.0175 
BAR-estimator:      0.60000        0.65000       -0.2627         1.5812        -0.2627         0.0033         0.0178 
BAR-estimator:      0.65000        0.70000       -0.3506         1.2306        -0.3506         0.0036         0.0182 
BAR-estimator:      0.70000        0.75000       -0.4161         0.8145        -0.4161         0.0035         0.0185 
BAR-estimator:      0.75000        0.80000       -0.4587         0.3558        -0.4587         0.0033         0.0188 
BAR-estimator:      0.80000        0.85000       -0.4760        -0.1202        -0.4760         0.0032         0.0191 
BAR-estimator:      0.85000        0.90000       -0.4886        -0.6088        -0.4886         0.0026         0.0193 
BAR-estimator:      0.90000        0.95000       -0.4844        -1.0932        -0.4844         0.0038         0.0196 
BAR-estimator:      0.95000        1.00000       -0.4915        -1.5847        -0.4915         0.0035         0.0199 
BAR-estimator: total free energy change is -1.584692960706857 , total error is 0.019929448915933196
