#========================================================================================
#                     Free energy perturbation    
#----------------------------------------------------------------------------------------
#forward/backward          λ              ΔΔA                 ΔA                  δε   
#                                                 
#----------------------------------------------------------------------------------------
forward:               0.0000              0.0000              0.0000              0.0000  
forward:               0.0500              0.9832              0.9832              0.0136  
forward:               0.1000              0.5218              1.5050              0.0167  
forward:               0.1500              0.2806              1.7856              0.0183  
forward:               0.2000              0.1640              1.9496              0.0192  
forward:               0.2500              0.0939              2.0435              0.0193  
forward:               0.3000              0.0588              2.1023              0.0199  
forward:               0.3500              0.0251              2.1274              0.0202  
forward:               0.4000              0.0073              2.1347              0.0207  
forward:               0.4500             -0.0135              2.1212              0.0210  
forward:               0.5000             -0.0217              2.0995              0.0213  
forward:               0.5500             -0.0635              2.0360              0.0218  
forward:               0.6000             -0.1813              1.8547              0.0222  
forward:               0.6500             -0.2875              1.5672              0.0225  
forward:               0.7000             -0.3733              1.1939              0.0229  
forward:               0.7500             -0.4277              0.7662              0.0233  
forward:               0.8000             -0.4815              0.2846              0.0236  
forward:               0.8500             -0.5080             -0.2234              0.0239  
forward:               0.9000             -0.5245             -0.7480              0.0242  
forward:               0.9500             -0.5216             -1.2696              0.0244  
forward:               1.0000             -0.5257             -1.7953              0.0247  
backward:              1.0000              0.0000             -1.7953              0.0000  
backward:              0.9500              0.5164             -1.2789              0.0043  
backward:              0.9000              0.5291             -0.7498              0.0061  
backward:              0.8500              0.5213             -0.2285              0.0078  
backward:              0.8000              0.5000              0.2716              0.0093  
backward:              0.7500              0.4796              0.7512              0.0105  
backward:              0.7000              0.4266              1.1778              0.0117  
backward:              0.6500              0.3668              1.5446              0.0126  
backward:              0.6000              0.2773              1.8218              0.0134  
backward:              0.5500              0.1844              2.0063              0.0141  
backward:              0.5000              0.0772              2.0835              0.0148  
backward:              0.4500              0.0303              2.1138              0.0153  
backward:              0.4000              0.0082              2.1219              0.0161  
backward:              0.3500             -0.0093              2.1127              0.0169  
backward:              0.3000             -0.0285              2.0842              0.0178  
backward:              0.2500             -0.0638              2.0204              0.0188  
backward:              0.2000             -0.1271              1.8933              0.0293  
backward:              0.1500             -0.1528              1.7405              0.0302  
backward:              0.1000             -0.3181              1.4224              0.0325  
backward:              0.0500             -0.5264              0.8959              0.0377  
backward:              0.0000             -0.9605             -0.0646              0.0419  
Inaccuracy estimation
======================================================================================================
                   i        i+δi          P0_overlap_P1   δε(forward)/ε   δε(backward)/ε
======================================================================================================
inaccuracy:  0.00000        0.05000           45.99           -0.02            0.85
inaccuracy:  0.05000        0.10000           56.64           -0.01            0.56
inaccuracy:  0.10000        0.15000           67.36           -0.01            0.29
inaccuracy:  0.15000        0.20000           70.28           -0.01            0.20
inaccuracy:  0.20000        0.25000           73.84           -0.01            0.13
inaccuracy:  0.25000        0.30000           74.99           -0.01            0.12
inaccuracy:  0.30000        0.35000           75.48           -0.01            0.10
inaccuracy:  0.35000        0.40000           76.32           -0.01            0.09
inaccuracy:  0.40000        0.45000           77.92           -0.01            0.09
inaccuracy:  0.45000        0.50000           76.70           -0.01            0.09
inaccuracy:  0.50000        0.55000           71.41           -0.04            0.10
inaccuracy:  0.55000        0.60000           72.76           -0.05            0.08
inaccuracy:  0.60000        0.65000           73.97           -0.04            0.08
inaccuracy:  0.65000        0.70000           73.30           -0.05            0.07
inaccuracy:  0.70000        0.75000           72.13           -0.05            0.07
inaccuracy:  0.75000        0.80000           73.05           -0.04            0.06
inaccuracy:  0.80000        0.85000           73.49           -0.05            0.06
inaccuracy:  0.85000        0.90000           72.47           -0.05            0.06
inaccuracy:  0.90000        0.95000           71.77           -0.05            0.07
inaccuracy:  0.95000        1.00000           72.47           -0.04            0.07
===================================================================================================================================
                BAR        
-----------------------------------------------------------------------------------------------------------------------------------
BAR-estimator:         λ             λ+δλ          ΔΔA             ΔA            C               Δδe            δe       
                          
-----------------------------------------------------------------------------------------------------------------------------------
BAR-estimator:      0.00000        0.05000        0.9761         0.9761         0.9761         0.0079         0.0079 
BAR-estimator:      0.05000        0.10000        0.5266         1.5027         0.5266         0.0062         0.0100 
BAR-estimator:      0.10000        0.15000        0.2923         1.7950         0.2923         0.0050         0.0112 
BAR-estimator:      0.15000        0.20000        0.1619         1.9569         0.1619         0.0041         0.0119 
BAR-estimator:      0.20000        0.25000        0.0979         2.0549         0.0979         0.0020         0.0121 
BAR-estimator:      0.25000        0.30000        0.0591         2.1140         0.0591         0.0033         0.0125 
BAR-estimator:      0.30000        0.35000        0.0246         2.1385         0.0246         0.0029         0.0129 
BAR-estimator:      0.35000        0.40000        0.0073         2.1458         0.0073         0.0030         0.0132 
BAR-estimator:      0.40000        0.45000       -0.0110         2.1348        -0.0110         0.0033         0.0136 
BAR-estimator:      0.45000        0.50000       -0.0222         2.1126        -0.0222         0.0024         0.0138 
BAR-estimator:      0.50000        0.55000       -0.0707         2.0419        -0.0707         0.0030         0.0142 
BAR-estimator:      0.55000        0.60000       -0.1847         1.8572        -0.1847         0.0028         0.0144 
BAR-estimator:      0.60000        0.65000       -0.2815         1.5757        -0.2815         0.0028         0.0147 
BAR-estimator:      0.65000        0.70000       -0.3694         1.2063        -0.3694         0.0031         0.0150 
BAR-estimator:      0.70000        0.75000       -0.4289         0.7774        -0.4289         0.0030         0.0153 
BAR-estimator:      0.75000        0.80000       -0.4819         0.2955        -0.4819         0.0030         0.0156 
BAR-estimator:      0.80000        0.85000       -0.5065        -0.2110        -0.5065         0.0028         0.0159 
BAR-estimator:      0.85000        0.90000       -0.5230        -0.7341        -0.5230         0.0029         0.0162 
BAR-estimator:      0.90000        0.95000       -0.5247        -1.2587        -0.5247         0.0032         0.0165 
BAR-estimator:      0.95000        1.00000       -0.5203        -1.7790        -0.5203         0.0030         0.0168 
BAR-estimator: total free energy change is -1.7790182566532389 , total error is 0.016752801604546168
