#========================================================================================
#                     Free energy perturbation    
#----------------------------------------------------------------------------------------
#forward/backward          λ              ΔΔA                 ΔA                  δε   
#                                                 
#----------------------------------------------------------------------------------------
forward:               0.0000              0.0000              0.0000              0.0000  
forward:               0.0500              1.1125              1.1125              0.0150  
forward:               0.1000              0.5774              1.6899              0.0198  
forward:               0.1500              0.3129              2.0028              0.0246  
forward:               0.2000              0.1774              2.1801              0.0256  
forward:               0.2500              0.1096              2.2897              0.0266  
forward:               0.3000              0.0491              2.3388              0.0271  
forward:               0.3500              0.0127              2.3515              0.0276  
forward:               0.4000             -0.0048              2.3467              0.0281  
forward:               0.4500             -0.0242              2.3225              0.0285  
forward:               0.5000             -0.0377              2.2848              0.0289  
forward:               0.5500             -0.0416              2.2432              0.0292  
forward:               0.6000             -0.0569              2.1863              0.0297  
forward:               0.6500             -0.0671              2.1192              0.0299  
forward:               0.7000             -0.0716              2.0477              0.0303  
forward:               0.7500             -0.0712              1.9765              0.0305  
forward:               0.8000             -0.0800              1.8964              0.0309  
forward:               0.8500             -0.0809              1.8155              0.0310  
forward:               0.9000             -0.0905              1.7250              0.0312  
forward:               0.9500             -0.0819              1.6431              0.0314  
forward:               1.0000             -0.0977              1.5454              0.0316  
backward:              1.0000              0.0000              1.5454              0.0000  
backward:              0.9500              0.1014              1.6468              0.0035  
backward:              0.9000              0.0910              1.7378              0.0054  
backward:              0.8500              0.0803              1.8182              0.0068  
backward:              0.8000              0.0817              1.8999              0.0080  
backward:              0.7500              0.0726              1.9725              0.0090  
backward:              0.7000              0.0632              2.0357              0.0100  
backward:              0.6500              0.0578              2.0934              0.0125  
backward:              0.6000              0.0612              2.1546              0.0133  
backward:              0.5500              0.0447              2.1993              0.0142  
backward:              0.5000              0.0329              2.2322              0.0148  
backward:              0.4500              0.0280              2.2602              0.0163  
backward:              0.4000              0.0179              2.2781              0.0172  
backward:              0.3500             -0.0019              2.2762              0.0180  
backward:              0.3000             -0.0272              2.2491              0.0189  
backward:              0.2500             -0.0596              2.1895              0.0199  
backward:              0.2000             -0.0961              2.0934              0.0212  
backward:              0.1500             -0.1606              1.9327              0.0233  
backward:              0.1000             -0.2903              1.6425              0.0287  
backward:              0.0500             -0.6038              1.0387              0.0375  
backward:              0.0000             -1.0963             -0.0577              0.0454  
Inaccuracy estimation
======================================================================================================
                   i        i+δi          P0_overlap_P1   δε(forward)/ε   δε(backward)/ε
======================================================================================================
inaccuracy:  0.00000        0.05000           43.68           -0.03            1.01
inaccuracy:  0.05000        0.10000           54.23           -0.02            0.67
inaccuracy:  0.10000        0.15000           62.98           -0.01            0.36
inaccuracy:  0.15000        0.20000           68.00           -0.02            0.23
inaccuracy:  0.20000        0.25000           70.70           -0.01            0.16
inaccuracy:  0.25000        0.30000           74.00           -0.01            0.13
inaccuracy:  0.30000        0.35000           76.00           -0.01            0.11
inaccuracy:  0.35000        0.40000           75.57           -0.01            0.10
inaccuracy:  0.40000        0.45000           76.48           -0.01            0.09
inaccuracy:  0.45000        0.50000           76.48           -0.01            0.08
inaccuracy:  0.50000        0.55000           77.08           -0.01            0.09
inaccuracy:  0.55000        0.60000           77.67           -0.01            0.08
inaccuracy:  0.60000        0.65000           77.13           -0.01            0.09
inaccuracy:  0.65000        0.70000           76.87           -0.01            0.08
inaccuracy:  0.70000        0.75000           77.14           -0.02            0.08
inaccuracy:  0.75000        0.80000           76.81           -0.01            0.08
inaccuracy:  0.80000        0.85000           76.53           -0.01            0.09
inaccuracy:  0.85000        0.90000           77.21           -0.01            0.08
inaccuracy:  0.90000        0.95000           74.62           -0.01            0.09
inaccuracy:  0.95000        1.00000           76.21           -0.02            0.08
===================================================================================================================================
                BAR        
-----------------------------------------------------------------------------------------------------------------------------------
BAR-estimator:         λ             λ+δλ          ΔΔA             ΔA            C               Δδe            δe       
                          
-----------------------------------------------------------------------------------------------------------------------------------
BAR-estimator:      0.00000        0.05000        1.1123         1.1123         1.1123         0.0089         0.0089 
BAR-estimator:      0.05000        0.10000        0.5781         1.6903         0.5781         0.0082         0.0121 
BAR-estimator:      0.10000        0.15000        0.3062         1.9965         0.3062         0.0090         0.0151 
BAR-estimator:      0.15000        0.20000        0.1708         2.1673         0.1708         0.0048         0.0159 
BAR-estimator:      0.20000        0.25000        0.1023         2.2697         0.1023         0.0041         0.0164 
BAR-estimator:      0.25000        0.30000        0.0530         2.3226         0.0530         0.0038         0.0168 
BAR-estimator:      0.30000        0.35000        0.0197         2.3423         0.0197         0.0031         0.0171 
BAR-estimator:      0.35000        0.40000       -0.0019         2.3404        -0.0019         0.0035         0.0174 
BAR-estimator:      0.40000        0.45000       -0.0217         2.3187        -0.0217         0.0033         0.0177 
BAR-estimator:      0.45000        0.50000       -0.0351         2.2836        -0.0351         0.0033         0.0180 
BAR-estimator:      0.50000        0.55000       -0.0382         2.2454        -0.0382         0.0031         0.0183 
BAR-estimator:      0.55000        0.60000       -0.0520         2.1934        -0.0520         0.0031         0.0186 
BAR-estimator:      0.60000        0.65000       -0.0635         2.1300        -0.0635         0.0024         0.0187 
BAR-estimator:      0.65000        0.70000       -0.0690         2.0609        -0.0690         0.0028         0.0189 
BAR-estimator:      0.70000        0.75000       -0.0689         1.9920        -0.0689         0.0026         0.0191 
BAR-estimator:      0.75000        0.80000       -0.0779         1.9141        -0.0779         0.0028         0.0193 
BAR-estimator:      0.80000        0.85000       -0.0812         1.8329        -0.0812         0.0028         0.0195 
BAR-estimator:      0.85000        0.90000       -0.0860         1.7469        -0.0860         0.0029         0.0197 
BAR-estimator:      0.90000        0.95000       -0.0870         1.6599        -0.0870         0.0030         0.0200 
BAR-estimator:      0.95000        1.00000       -0.0978         1.5621        -0.0978         0.0030         0.0202 
BAR-estimator: total free energy change is 1.5621300166865075 , total error is 0.02018473917328657
