#========================================================================================
#                     Free energy perturbation    
#----------------------------------------------------------------------------------------
#forward/backward          λ              ΔΔA                 ΔA                  δε   
#                                                 
#----------------------------------------------------------------------------------------
forward:               0.0000              0.0000              0.0000              0.0000  
forward:               0.0500              1.1079              1.1079              0.0152  
forward:               0.1000              0.5931              1.7010              0.0199  
forward:               0.1500              0.2920              1.9930              0.0216  
forward:               0.2000              0.1581              2.1511              0.0223  
forward:               0.2500              0.0984              2.2495              0.0230  
forward:               0.3000              0.0603              2.3098              0.0235  
forward:               0.3500              0.0116              2.3214              0.0239  
forward:               0.4000             -0.0006              2.3209              0.0246  
forward:               0.4500             -0.0198              2.3010              0.0249  
forward:               0.5000             -0.0344              2.2666              0.0252  
forward:               0.5500             -0.0365              2.2301              0.0254  
forward:               0.6000             -0.0485              2.1816              0.0257  
forward:               0.6500             -0.0626              2.1190              0.0260  
forward:               0.7000             -0.0681              2.0509              0.0263  
forward:               0.7500             -0.0807              1.9702              0.0265  
forward:               0.8000             -0.0861              1.8841              0.0267  
forward:               0.8500             -0.0891              1.7950              0.0269  
forward:               0.9000             -0.0888              1.7062              0.0270  
forward:               0.9500             -0.0939              1.6122              0.0271  
forward:               1.0000             -0.1047              1.5075              0.0273  
backward:              1.0000              0.0000              1.5075              0.0000  
backward:              0.9500              0.0947              1.6022              0.0043  
backward:              0.9000              0.0903              1.6925              0.0060  
backward:              0.8500              0.0896              1.7821              0.0064  
backward:              0.8000              0.0863              1.8684              0.0074  
backward:              0.7500              0.0768              1.9452              0.0084  
backward:              0.7000              0.0689              2.0141              0.0094  
backward:              0.6500              0.0655              2.0795              0.0104  
backward:              0.6000              0.0588              2.1383              0.0111  
backward:              0.5500              0.0507              2.1890              0.0120  
backward:              0.5000              0.0523              2.2412              0.0128  
backward:              0.4500              0.0338              2.2750              0.0136  
backward:              0.4000              0.0224              2.2974              0.0144  
backward:              0.3500             -0.0002              2.2972              0.0154  
backward:              0.3000             -0.0369              2.2603              0.0164  
backward:              0.2500             -0.0593              2.2010              0.0180  
backward:              0.2000             -0.0946              2.1064              0.0195  
backward:              0.1500             -0.1650              1.9414              0.0216  
backward:              0.1000             -0.3007              1.6407              0.0243  
backward:              0.0500             -0.5665              1.0742              0.0291  
backward:              0.0000             -1.1739             -0.0997              0.0483  
Inaccuracy estimation
======================================================================================================
                   i        i+δi          P0_overlap_P1   δε(forward)/ε   δε(backward)/ε
======================================================================================================
inaccuracy:  0.00000        0.05000           44.34           -0.04            1.02
inaccuracy:  0.05000        0.10000           53.67           -0.01            0.67
inaccuracy:  0.10000        0.15000           64.11           -0.01            0.35
inaccuracy:  0.15000        0.20000           69.93           -0.01            0.20
inaccuracy:  0.20000        0.25000           71.09           -0.01            0.16
inaccuracy:  0.25000        0.30000           72.88           -0.01            0.14
inaccuracy:  0.30000        0.35000           76.23           -0.01            0.10
inaccuracy:  0.35000        0.40000           74.67           -0.01            0.10
inaccuracy:  0.40000        0.45000           75.53           -0.01            0.10
inaccuracy:  0.45000        0.50000           76.02           -0.01            0.10
inaccuracy:  0.50000        0.55000           74.37           -0.01            0.09
inaccuracy:  0.55000        0.60000           76.26           -0.01            0.09
inaccuracy:  0.60000        0.65000           77.12           -0.01            0.09
inaccuracy:  0.65000        0.70000           76.17           -0.01            0.08
inaccuracy:  0.70000        0.75000           77.47           -0.01            0.07
inaccuracy:  0.75000        0.80000           76.98           -0.01            0.08
inaccuracy:  0.80000        0.85000           76.92           -0.01            0.08
inaccuracy:  0.85000        0.90000           76.24           -0.02            0.09
inaccuracy:  0.90000        0.95000           76.09           -0.02            0.08
inaccuracy:  0.95000        1.00000           77.50           -0.02            0.08
===================================================================================================================================
                BAR        
-----------------------------------------------------------------------------------------------------------------------------------
BAR-estimator:         λ             λ+δλ          ΔΔA             ΔA            C               Δδe            δe       
                          
-----------------------------------------------------------------------------------------------------------------------------------
BAR-estimator:      0.00000        0.05000        1.1177         1.1177         1.1177         0.0105         0.0105 
BAR-estimator:      0.05000        0.10000        0.5876         1.7053         0.5876         0.0082         0.0133 
BAR-estimator:      0.10000        0.15000        0.2966         2.0019         0.2966         0.0056         0.0144 
BAR-estimator:      0.15000        0.20000        0.1610         2.1629         0.1610         0.0037         0.0149 
BAR-estimator:      0.20000        0.25000        0.0950         2.2579         0.0950         0.0038         0.0153 
BAR-estimator:      0.25000        0.30000        0.0577         2.3155         0.0577         0.0034         0.0157 
BAR-estimator:      0.30000        0.35000        0.0190         2.3345         0.0190         0.0032         0.0160 
BAR-estimator:      0.35000        0.40000       -0.0032         2.3314        -0.0032         0.0037         0.0164 
BAR-estimator:      0.40000        0.45000       -0.0206         2.3107        -0.0206         0.0027         0.0167 
BAR-estimator:      0.45000        0.50000       -0.0335         2.2773        -0.0335         0.0028         0.0169 
BAR-estimator:      0.50000        0.55000       -0.0415         2.2357        -0.0415         0.0026         0.0171 
BAR-estimator:      0.55000        0.60000       -0.0495         2.1862        -0.0495         0.0026         0.0173 
BAR-estimator:      0.60000        0.65000       -0.0605         2.1257        -0.0605         0.0026         0.0175 
BAR-estimator:      0.65000        0.70000       -0.0684         2.0574        -0.0684         0.0030         0.0178 
BAR-estimator:      0.70000        0.75000       -0.0766         1.9808        -0.0766         0.0022         0.0179 
BAR-estimator:      0.75000        0.80000       -0.0844         1.8964        -0.0844         0.0024         0.0181 
BAR-estimator:      0.80000        0.85000       -0.0877         1.8087        -0.0877         0.0036         0.0184 
BAR-estimator:      0.85000        0.90000       -0.0900         1.7187        -0.0900         0.0026         0.0186 
BAR-estimator:      0.90000        0.95000       -0.0944         1.6243        -0.0944         0.0024         0.0188 
BAR-estimator:      0.95000        1.00000       -0.1007         1.5237        -0.1007         0.0025         0.0189 
BAR-estimator: total free energy change is 1.5236682194944302 , total error is 0.018920568992112714
