#========================================================================================
#                     Free energy perturbation    
#----------------------------------------------------------------------------------------
#forward/backward          λ              ΔΔA                 ΔA                  δε   
#                                                 
#----------------------------------------------------------------------------------------
forward:               0.0000              0.0000              0.0000              0.0000  
forward:               0.0500              0.5878              0.5878              0.0099  
forward:               0.1000              0.4153              1.0031              0.0127  
forward:               0.1500              0.2693              1.2724              0.0145  
forward:               0.2000              0.1960              1.4684              0.0159  
forward:               0.2500              0.1515              1.6199              0.0169  
forward:               0.3000              0.1069              1.7268              0.0176  
forward:               0.3500              0.0809              1.8078              0.0181  
forward:               0.4000              0.0575              1.8652              0.0186  
forward:               0.4500              0.0485              1.9137              0.0189  
forward:               0.5000              0.0377              1.9514              0.0193  
forward:               0.5500             -0.0799              1.8715              0.0199  
forward:               0.6000             -0.2505              1.6210              0.0205  
forward:               0.6500             -0.3907              1.2303              0.0211  
forward:               0.7000             -0.5074              0.7229              0.0216  
forward:               0.7500             -0.5873              0.1356              0.0221  
forward:               0.8000             -0.6322             -0.4966              0.0225  
forward:               0.8500             -0.6470             -1.1436              0.0229  
forward:               0.9000             -0.6510             -1.7946              0.0232  
forward:               0.9500             -0.6467             -2.4413              0.0234  
forward:               1.0000             -0.6325             -3.0739              0.0239  
backward:              1.0000              0.0000             -3.0739              0.0000  
backward:              0.9500              0.6375             -2.4364              0.0047  
backward:              0.9000              0.6397             -1.7967              0.0065  
backward:              0.8500              0.6507             -1.1460              0.0081  
backward:              0.8000              0.6420             -0.5040              0.0097  
backward:              0.7500              0.6290              0.1250              0.0112  
backward:              0.7000              0.5847              0.7098              0.0125  
backward:              0.6500              0.5013              1.2111              0.0139  
backward:              0.6000              0.3843              1.5954              0.0145  
backward:              0.5500              0.2425              1.8379              0.0154  
backward:              0.5000              0.0718              1.9097              0.0164  
backward:              0.4500             -0.0407              1.8690              0.0173  
backward:              0.4000             -0.0524              1.8166              0.0178  
backward:              0.3500             -0.0568              1.7598              0.0183  
backward:              0.3000             -0.0839              1.6759              0.0190  
backward:              0.2500             -0.1111              1.5647              0.0199  
backward:              0.2000             -0.1328              1.4319              0.0209  
backward:              0.1500             -0.1869              1.2451              0.0220  
backward:              0.1000             -0.2745              0.9706              0.0241  
backward:              0.0500             -0.4117              0.5588              0.0270  
backward:              0.0000             -0.5799             -0.0211              0.0305  
Inaccuracy estimation
======================================================================================================
                   i        i+δi          P0_overlap_P1   δε(forward)/ε   δε(backward)/ε
======================================================================================================
inaccuracy:  0.00000        0.05000           59.01           -0.01            0.41
inaccuracy:  0.05000        0.10000           65.45           -0.01            0.32
inaccuracy:  0.10000        0.15000           70.29           -0.01            0.21
inaccuracy:  0.15000        0.20000           73.38           -0.01            0.16
inaccuracy:  0.20000        0.25000           74.54           -0.00            0.13
inaccuracy:  0.25000        0.30000           77.54           -0.01            0.11
inaccuracy:  0.30000        0.35000           78.50           -0.00            0.09
inaccuracy:  0.35000        0.40000           79.25           -0.01            0.08
inaccuracy:  0.40000        0.45000           79.75           -0.01            0.08
inaccuracy:  0.45000        0.50000           79.93           -0.01            0.07
inaccuracy:  0.50000        0.55000           71.93           -0.05            0.11
inaccuracy:  0.55000        0.60000           73.65           -0.06            0.08
inaccuracy:  0.60000        0.65000           73.07           -0.07            0.06
inaccuracy:  0.65000        0.70000           73.44           -0.07            0.05
inaccuracy:  0.70000        0.75000           72.69           -0.06            0.05
inaccuracy:  0.75000        0.80000           72.70           -0.06            0.05
inaccuracy:  0.80000        0.85000           73.45           -0.05            0.05
inaccuracy:  0.85000        0.90000           72.85           -0.05            0.05
inaccuracy:  0.90000        0.95000           72.57           -0.05            0.06
inaccuracy:  0.95000        1.00000           71.56           -0.05            0.06
===================================================================================================================================
                BAR        
-----------------------------------------------------------------------------------------------------------------------------------
BAR-estimator:         λ             λ+δλ          ΔΔA             ΔA            C               Δδe            δe       
                          
-----------------------------------------------------------------------------------------------------------------------------------
BAR-estimator:      0.00000        0.05000        0.5781         0.5781         0.5781         0.0064         0.0064 
BAR-estimator:      0.05000        0.10000        0.4105         0.9886         0.4105         0.0035         0.0073 
BAR-estimator:      0.10000        0.15000        0.2683         1.2569         0.2683         0.0047         0.0087 
BAR-estimator:      0.15000        0.20000        0.1945         1.4514         0.1945         0.0043         0.0097 
BAR-estimator:      0.20000        0.25000        0.1464         1.5977         0.1464         0.0037         0.0104 
BAR-estimator:      0.25000        0.30000        0.1091         1.7069         0.1091         0.0031         0.0109 
BAR-estimator:      0.30000        0.35000        0.0821         1.7890         0.0821         0.0031         0.0113 
BAR-estimator:      0.35000        0.40000        0.0580         1.8470         0.0580         0.0029         0.0116 
BAR-estimator:      0.40000        0.45000        0.0492         1.8962         0.0492         0.0025         0.0119 
BAR-estimator:      0.45000        0.50000        0.0380         1.9342         0.0380         0.0026         0.0122 
BAR-estimator:      0.50000        0.55000       -0.0753         1.8590        -0.0753         0.0038         0.0128 
BAR-estimator:      0.55000        0.60000       -0.2482         1.6108        -0.2482         0.0032         0.0132 
BAR-estimator:      0.60000        0.65000       -0.3893         1.2215        -0.3893         0.0032         0.0136 
BAR-estimator:      0.65000        0.70000       -0.5051         0.7164        -0.5051         0.0033         0.0139 
BAR-estimator:      0.70000        0.75000       -0.5882         0.1282        -0.5882         0.0035         0.0144 
BAR-estimator:      0.75000        0.80000       -0.6310        -0.5029        -0.6310         0.0034         0.0148 
BAR-estimator:      0.80000        0.85000       -0.6452        -1.1481        -0.6452         0.0032         0.0151 
BAR-estimator:      0.85000        0.90000       -0.6519        -1.8000        -0.6519         0.0036         0.0155 
BAR-estimator:      0.90000        0.95000       -0.6434        -2.4434        -0.6434         0.0030         0.0158 
BAR-estimator:      0.95000        1.00000       -0.6335        -3.0769        -0.6335         0.0035         0.0162 
BAR-estimator: total free energy change is -3.0768650630751977 , total error is 0.016213726116856397
