#========================================================================================
#                     Free energy perturbation    
#----------------------------------------------------------------------------------------
#forward/backward          λ              ΔΔA                 ΔA                  δε   
#                                                 
#----------------------------------------------------------------------------------------
forward:               0.0000              0.0000              0.0000              0.0000  
forward:               0.0500              0.5827              0.5827              0.0073  
forward:               0.1000              0.4109              0.9936              0.0101  
forward:               0.1500              0.2805              1.2741              0.0110  
forward:               0.2000              0.2004              1.4746              0.0121  
forward:               0.2500              0.1528              1.6274              0.0127  
forward:               0.3000              0.1201              1.7474              0.0135  
forward:               0.3500              0.0894              1.8368              0.0139  
forward:               0.4000              0.0714              1.9083              0.0144  
forward:               0.4500              0.0513              1.9596              0.0150  
forward:               0.5000              0.0412              2.0008              0.0154  
forward:               0.5500             -0.0745              1.9263              0.0159  
forward:               0.6000             -0.2518              1.6745              0.0165  
forward:               0.6500             -0.4078              1.2667              0.0169  
forward:               0.7000             -0.5283              0.7384              0.0175  
forward:               0.7500             -0.6095              0.1289              0.0180  
forward:               0.8000             -0.6700             -0.5411              0.0183  
forward:               0.8500             -0.6843             -1.2254              0.0187  
forward:               0.9000             -0.6978             -1.9231              0.0190  
forward:               0.9500             -0.6889             -2.6120              0.0193  
forward:               1.0000             -0.6758             -3.2878              0.0196  
backward:              1.0000              0.0000             -3.2878              0.0000  
backward:              0.9500              0.6708             -2.6171              0.0049  
backward:              0.9000              0.6891             -1.9279              0.0067  
backward:              0.8500              0.6867             -1.2413              0.0080  
backward:              0.8000              0.6764             -0.5649              0.0098  
backward:              0.7500              0.6651              0.1002              0.0107  
backward:              0.7000              0.6211              0.7213              0.0116  
backward:              0.6500              0.5340              1.2554              0.0124  
backward:              0.6000              0.4084              1.6637              0.0133  
backward:              0.5500              0.2476              1.9113              0.0141  
backward:              0.5000              0.0753              1.9866              0.0149  
backward:              0.4500             -0.0382              1.9484              0.0151  
backward:              0.4000             -0.0567              1.8917              0.0159  
backward:              0.3500             -0.0740              1.8177              0.0165  
backward:              0.3000             -0.0964              1.7213              0.0175  
backward:              0.2500             -0.1281              1.5932              0.0184  
backward:              0.2000             -0.1529              1.4403              0.0194  
backward:              0.1500             -0.2080              1.2323              0.0211  
backward:              0.1000             -0.2855              0.9468              0.0224  
backward:              0.0500             -0.4565              0.4902              0.0275  
backward:              0.0000             -0.5816             -0.0914              0.0313  
Inaccuracy estimation
======================================================================================================
                   i        i+δi          P0_overlap_P1   δε(forward)/ε   δε(backward)/ε
======================================================================================================
inaccuracy:  0.00000        0.05000           60.60           -0.01            0.41
inaccuracy:  0.05000        0.10000           66.02           -0.00            0.32
inaccuracy:  0.10000        0.15000           70.80           -0.00            0.22
inaccuracy:  0.15000        0.20000           73.86           -0.01            0.15
inaccuracy:  0.20000        0.25000           75.74           -0.00            0.13
inaccuracy:  0.25000        0.30000           76.63           -0.00            0.10
inaccuracy:  0.30000        0.35000           78.48           -0.01            0.09
inaccuracy:  0.35000        0.40000           78.74           -0.01            0.08
inaccuracy:  0.40000        0.45000           79.46           -0.00            0.08
inaccuracy:  0.45000        0.50000           79.18           -0.01            0.08
inaccuracy:  0.50000        0.55000           70.69           -0.05            0.10
inaccuracy:  0.55000        0.60000           71.89           -0.06            0.07
inaccuracy:  0.60000        0.65000           71.13           -0.06            0.07
inaccuracy:  0.65000        0.70000           71.66           -0.07            0.05
inaccuracy:  0.70000        0.75000           71.27           -0.07            0.05
inaccuracy:  0.75000        0.80000           73.59           -0.06            0.05
inaccuracy:  0.80000        0.85000           71.93           -0.06            0.05
inaccuracy:  0.85000        0.90000           73.46           -0.06            0.05
inaccuracy:  0.90000        0.95000           71.71           -0.07            0.06
inaccuracy:  0.95000        1.00000           71.23           -0.06            0.06
===================================================================================================================================
                BAR        
-----------------------------------------------------------------------------------------------------------------------------------
BAR-estimator:         λ             λ+δλ          ΔΔA             ΔA            C               Δδe            δe       
                          
-----------------------------------------------------------------------------------------------------------------------------------
BAR-estimator:      0.00000        0.05000        0.5829         0.5829         0.5829         0.0049         0.0049 
BAR-estimator:      0.05000        0.10000        0.4163         0.9993         0.4163         0.0043         0.0065 
BAR-estimator:      0.10000        0.15000        0.2824         1.2817         0.2824         0.0039         0.0076 
BAR-estimator:      0.15000        0.20000        0.2004         1.4820         0.2004         0.0034         0.0083 
BAR-estimator:      0.20000        0.25000        0.1524         1.6344         0.1524         0.0030         0.0089 
BAR-estimator:      0.25000        0.30000        0.1208         1.7552         0.1208         0.0030         0.0094 
BAR-estimator:      0.30000        0.35000        0.0907         1.8460         0.0907         0.0026         0.0097 
BAR-estimator:      0.35000        0.40000        0.0716         1.9176         0.0716         0.0025         0.0100 
BAR-estimator:      0.40000        0.45000        0.0531         1.9707         0.0531         0.0024         0.0103 
BAR-estimator:      0.45000        0.50000        0.0398         2.0105         0.0398         0.0023         0.0105 
BAR-estimator:      0.50000        0.55000       -0.0754         1.9352        -0.0754         0.0024         0.0108 
BAR-estimator:      0.55000        0.60000       -0.2515         1.6836        -0.2515         0.0032         0.0113 
BAR-estimator:      0.60000        0.65000       -0.4091         1.2745        -0.4091         0.0029         0.0116 
BAR-estimator:      0.65000        0.70000       -0.5300         0.7444        -0.5300         0.0029         0.0120 
BAR-estimator:      0.70000        0.75000       -0.6150         0.1294        -0.6150         0.0030         0.0124 
BAR-estimator:      0.75000        0.80000       -0.6669        -0.5375        -0.6669         0.0028         0.0127 
BAR-estimator:      0.80000        0.85000       -0.6835        -1.2210        -0.6835         0.0027         0.0130 
BAR-estimator:      0.85000        0.90000       -0.6913        -1.9123        -0.6913         0.0026         0.0132 
BAR-estimator:      0.90000        0.95000       -0.6884        -2.6007        -0.6884         0.0025         0.0134 
BAR-estimator:      0.95000        1.00000       -0.6739        -3.2746        -0.6739         0.0029         0.0138 
BAR-estimator: total free energy change is -3.27459282308848 , total error is 0.013765631596664465
