#========================================================================================
#                     Free energy perturbation    
#----------------------------------------------------------------------------------------
#forward/backward          λ              ΔΔA                 ΔA                  δε   
#                                                 
#----------------------------------------------------------------------------------------
forward:               0.0000              0.0000              0.0000              0.0000  
forward:               0.0500              1.8124              1.8124              0.0284  
forward:               0.1000              0.9428              2.7551              0.0346  
forward:               0.1500              0.4814              3.2365              0.0371  
forward:               0.2000              0.2089              3.4454              0.0383  
forward:               0.2500              0.1019              3.5473              0.0387  
forward:               0.3000              0.0196              3.5669              0.0391  
forward:               0.3500             -0.0464              3.5205              0.0395  
forward:               0.4000             -0.0733              3.4472              0.0398  
forward:               0.4500             -0.0992              3.3480              0.0401  
forward:               0.5000             -0.1231              3.2249              0.0404  
forward:               0.5500             -0.2013              3.0236              0.0407  
forward:               0.6000             -0.3862              2.6374              0.0412  
forward:               0.6500             -0.5574              2.0800              0.0417  
forward:               0.7000             -0.6972              1.3829              0.0421  
forward:               0.7500             -0.8044              0.5785              0.0425  
forward:               0.8000             -0.8845             -0.3060              0.0428  
forward:               0.8500             -0.9217             -1.2277              0.0431  
forward:               0.9000             -0.9661             -2.1938              0.0434  
forward:               0.9500             -0.9768             -3.1706              0.0436  
forward:               1.0000             -0.9949             -4.1655              0.0439  
backward:              1.0000              0.0000             -4.1655              0.0000  
backward:              0.9500              0.9956             -3.1698              0.0053  
backward:              0.9000              0.9676             -2.2023              0.0079  
backward:              0.8500              0.9725             -1.2298              0.0096  
backward:              0.8000              0.9249             -0.3048              0.0112  
backward:              0.7500              0.8837              0.5789              0.0123  
backward:              0.7000              0.7977              1.3766              0.0146  
backward:              0.6500              0.6847              2.0613              0.0160  
backward:              0.6000              0.5503              2.6116              0.0175  
backward:              0.5500              0.3984              3.0100              0.0187  
backward:              0.5000              0.1933              3.2033              0.0200  
backward:              0.4500              0.1174              3.3206              0.0207  
backward:              0.4000              0.0860              3.4067              0.0215  
backward:              0.3500              0.0672              3.4739              0.0223  
backward:              0.3000              0.0121              3.4860              0.0233  
backward:              0.2500             -0.0285              3.4575              0.0257  
backward:              0.2000             -0.0936              3.3639              0.0271  
backward:              0.1500             -0.2217              3.1422              0.0292  
backward:              0.1000             -0.4855              2.6567              0.0366  
backward:              0.0500             -1.0050              1.6518              0.0566  
backward:              0.0000             -1.9825             -0.3308              0.1918  
Inaccuracy estimation
======================================================================================================
                   i        i+δi          P0_overlap_P1   δε(forward)/ε   δε(backward)/ε
======================================================================================================
inaccuracy:  0.00000        0.05000           34.17           -0.03            1.87
inaccuracy:  0.05000        0.10000           44.00           -0.04            1.19
inaccuracy:  0.10000        0.15000           55.08           -0.04            0.61
inaccuracy:  0.15000        0.20000           64.03           -0.02            0.30
inaccuracy:  0.20000        0.25000           67.80           -0.03            0.22
inaccuracy:  0.25000        0.30000           71.04           -0.02            0.16
inaccuracy:  0.30000        0.35000           73.74           -0.01            0.13
inaccuracy:  0.35000        0.40000           73.01           -0.02            0.12
inaccuracy:  0.40000        0.45000           74.35           -0.01            0.10
inaccuracy:  0.45000        0.50000           74.44           -0.02            0.10
inaccuracy:  0.50000        0.55000           67.16           -0.07            0.13
inaccuracy:  0.55000        0.60000           66.98           -0.10            0.11
inaccuracy:  0.60000        0.65000           68.38           -0.08            0.08
inaccuracy:  0.65000        0.70000           68.60           -0.09            0.06
inaccuracy:  0.70000        0.75000           69.34           -0.09            0.05
inaccuracy:  0.75000        0.80000           68.61           -0.10            0.05
inaccuracy:  0.80000        0.85000           68.26           -0.09            0.05
inaccuracy:  0.85000        0.90000           67.92           -0.09            0.05
inaccuracy:  0.90000        0.95000           68.30           -0.08            0.05
inaccuracy:  0.95000        1.00000           67.82           -0.09            0.05
===================================================================================================================================
                BAR        
-----------------------------------------------------------------------------------------------------------------------------------
BAR-estimator:         λ             λ+δλ          ΔΔA             ΔA            C               Δδe            δe       
                          
-----------------------------------------------------------------------------------------------------------------------------------
BAR-estimator:      0.00000        0.05000        1.8025         1.8025         1.8025         0.0060         0.0060 
BAR-estimator:      0.05000        0.10000        0.9646         2.7672         0.9646         0.0112         0.0127 
BAR-estimator:      0.10000        0.15000        0.4756         3.2428         0.4756         0.0085         0.0153 
BAR-estimator:      0.15000        0.20000        0.2147         3.4575         0.2147         0.0060         0.0164 
BAR-estimator:      0.20000        0.25000        0.1005         3.5580         0.1005         0.0045         0.0170 
BAR-estimator:      0.25000        0.30000        0.0210         3.5790         0.0210         0.0041         0.0175 
BAR-estimator:      0.30000        0.35000       -0.0333         3.5458        -0.0333         0.0039         0.0179 
BAR-estimator:      0.35000        0.40000       -0.0712         3.4746        -0.0712         0.0037         0.0183 
BAR-estimator:      0.40000        0.45000       -0.0954         3.3792        -0.0954         0.0040         0.0187 
BAR-estimator:      0.45000        0.50000       -0.1203         3.2589        -0.1203         0.0036         0.0191 
BAR-estimator:      0.50000        0.55000       -0.1992         3.0597        -0.1992         0.0039         0.0195 
BAR-estimator:      0.55000        0.60000       -0.3940         2.6657        -0.3940         0.0036         0.0198 
BAR-estimator:      0.60000        0.65000       -0.5532         2.1125        -0.5532         0.0040         0.0202 
BAR-estimator:      0.65000        0.70000       -0.6952         1.4172        -0.6952         0.0039         0.0206 
BAR-estimator:      0.70000        0.75000       -0.8010         0.6162        -0.8010         0.0039         0.0209 
BAR-estimator:      0.75000        0.80000       -0.8848        -0.2686        -0.8848         0.0038         0.0213 
BAR-estimator:      0.80000        0.85000       -0.9268        -1.1954        -0.9268         0.0038         0.0216 
BAR-estimator:      0.85000        0.90000       -0.9672        -2.1626        -0.9672         0.0037         0.0219 
BAR-estimator:      0.90000        0.95000       -0.9755        -3.1382        -0.9755         0.0040         0.0223 
BAR-estimator:      0.95000        1.00000       -0.9938        -4.1320        -0.9938         0.0036         0.0226 
BAR-estimator: total free energy change is -4.131962608337274 , total error is 0.022551487258029107
