#========================================================================================
#                     Free energy perturbation    
#----------------------------------------------------------------------------------------
#forward/backward          λ              ΔΔA                 ΔA                  δε   
#                                                 
#----------------------------------------------------------------------------------------
forward:               0.0000              0.0000              0.0000              0.0000  
forward:               0.0500              1.7777              1.7777              0.0213  
forward:               0.1000              0.9984              2.7760              0.0266  
forward:               0.1500              0.4811              3.2571              0.0294  
forward:               0.2000              0.2299              3.4870              0.0305  
forward:               0.2500              0.0973              3.5843              0.0315  
forward:               0.3000              0.0150              3.5993              0.0319  
forward:               0.3500             -0.0243              3.5750              0.0323  
forward:               0.4000             -0.0721              3.5029              0.0326  
forward:               0.4500             -0.0995              3.4034              0.0329  
forward:               0.5000             -0.1208              3.2827              0.0332  
forward:               0.5500             -0.2003              3.0824              0.0335  
forward:               0.6000             -0.3995              2.6829              0.0339  
forward:               0.6500             -0.5689              2.1140              0.0343  
forward:               0.7000             -0.7158              1.3982              0.0347  
forward:               0.7500             -0.8304              0.5678              0.0351  
forward:               0.8000             -0.9127             -0.3449              0.0354  
forward:               0.8500             -0.9656             -1.3106              0.0358  
forward:               0.9000             -0.9974             -2.3079              0.0360  
forward:               0.9500             -1.0261             -3.3341              0.0363  
forward:               1.0000             -1.0168             -4.3509              0.0365  
backward:              1.0000              0.0000             -4.3509              0.0000  
backward:              0.9500              1.0241             -3.3268              0.0057  
backward:              0.9000              1.0187             -2.3080              0.0077  
backward:              0.8500              0.9839             -1.3241              0.0101  
backward:              0.8000              0.9537             -0.3704              0.0115  
backward:              0.7500              0.9045              0.5341              0.0127  
backward:              0.7000              0.8392              1.3733              0.0140  
backward:              0.6500              0.7118              2.0851              0.0153  
backward:              0.6000              0.5621              2.6472              0.0166  
backward:              0.5500              0.3960              3.0432              0.0182  
backward:              0.5000              0.1868              3.2300              0.0216  
backward:              0.4500              0.1224              3.3524              0.0220  
backward:              0.4000              0.0970              3.4494              0.0228  
backward:              0.3500              0.0700              3.5194              0.0237  
backward:              0.3000              0.0299              3.5493              0.0245  
backward:              0.2500             -0.0087              3.5406              0.0254  
backward:              0.2000             -0.0982              3.4425              0.0267  
backward:              0.1500             -0.2289              3.2135              0.0294  
backward:              0.1000             -0.4922              2.7213              0.0338  
backward:              0.0500             -0.9538              1.7675              0.0418  
backward:              0.0000             -1.7931             -0.0256              0.0522  
Inaccuracy estimation
======================================================================================================
                   i        i+δi          P0_overlap_P1   δε(forward)/ε   δε(backward)/ε
======================================================================================================
inaccuracy:  0.00000        0.05000           35.26           -0.03            1.76
inaccuracy:  0.05000        0.10000           42.99           -0.05            1.25
inaccuracy:  0.10000        0.15000           54.47           -0.02            0.60
inaccuracy:  0.15000        0.20000           62.29           -0.02            0.31
inaccuracy:  0.20000        0.25000           67.65           -0.02            0.22
inaccuracy:  0.25000        0.30000           69.45           -0.02            0.16
inaccuracy:  0.30000        0.35000           71.25           -0.02            0.14
inaccuracy:  0.35000        0.40000           72.83           -0.02            0.12
inaccuracy:  0.40000        0.45000           73.50           -0.01            0.10
inaccuracy:  0.45000        0.50000           73.95           -0.01            0.10
inaccuracy:  0.50000        0.55000           66.59           -0.07            0.13
inaccuracy:  0.55000        0.60000           66.93           -0.08            0.10
inaccuracy:  0.60000        0.65000           67.68           -0.08            0.08
inaccuracy:  0.65000        0.70000           67.62           -0.08            0.07
inaccuracy:  0.70000        0.75000           67.47           -0.10            0.05
inaccuracy:  0.75000        0.80000           68.77           -0.09            0.05
inaccuracy:  0.80000        0.85000           69.07           -0.10            0.04
inaccuracy:  0.85000        0.90000           68.84           -0.09            0.04
inaccuracy:  0.90000        0.95000           68.69           -0.08            0.04
inaccuracy:  0.95000        1.00000           66.50           -0.10            0.05
===================================================================================================================================
                BAR        
-----------------------------------------------------------------------------------------------------------------------------------
BAR-estimator:         λ             λ+δλ          ΔΔA             ΔA            C               Δδe            δe       
                          
-----------------------------------------------------------------------------------------------------------------------------------
BAR-estimator:      0.00000        0.05000        1.7884         1.7884         1.7884         0.0102         0.0102 
BAR-estimator:      0.05000        0.10000        1.0022         2.7906         1.0022         0.0096         0.0140 
BAR-estimator:      0.10000        0.15000        0.4845         3.2751         0.4845         0.0081         0.0162 
BAR-estimator:      0.15000        0.20000        0.2248         3.4999         0.2248         0.0056         0.0171 
BAR-estimator:      0.20000        0.25000        0.0949         3.5948         0.0949         0.0048         0.0178 
BAR-estimator:      0.25000        0.30000        0.0148         3.6096         0.0148         0.0039         0.0182 
BAR-estimator:      0.30000        0.35000       -0.0246         3.5850        -0.0246         0.0035         0.0185 
BAR-estimator:      0.35000        0.40000       -0.0721         3.5130        -0.0721         0.0035         0.0188 
BAR-estimator:      0.40000        0.45000       -0.0992         3.4138        -0.0992         0.0031         0.0191 
BAR-estimator:      0.45000        0.50000       -0.1199         3.2939        -0.1199         0.0029         0.0193 
BAR-estimator:      0.50000        0.55000       -0.2022         3.0916        -0.2022         0.0034         0.0196 
BAR-estimator:      0.55000        0.60000       -0.4009         2.6907        -0.4009         0.0033         0.0199 
BAR-estimator:      0.60000        0.65000       -0.5646         2.1261        -0.5646         0.0034         0.0202 
BAR-estimator:      0.65000        0.70000       -0.7130         1.4132        -0.7130         0.0038         0.0205 
BAR-estimator:      0.70000        0.75000       -0.8324         0.5808        -0.8324         0.0037         0.0209 
BAR-estimator:      0.75000        0.80000       -0.9091        -0.3283        -0.9091         0.0033         0.0211 
BAR-estimator:      0.80000        0.85000       -0.9620        -1.2903        -0.9620         0.0040         0.0215 
BAR-estimator:      0.85000        0.90000       -0.9959        -2.2862        -0.9959         0.0031         0.0217 
BAR-estimator:      0.90000        0.95000       -1.0201        -3.3063        -1.0201         0.0032         0.0220 
BAR-estimator:      0.95000        1.00000       -1.0221        -4.3284        -1.0221         0.0037         0.0223 
BAR-estimator: total free energy change is -4.328358389020301 , total error is 0.022265656605102265
