#========================================================================================
#                     Free energy perturbation    
#----------------------------------------------------------------------------------------
#forward/backward          λ              ΔΔA                 ΔA                  δε   
#                                                 
#----------------------------------------------------------------------------------------
forward:               0.0000              0.0000              0.0000              0.0000  
forward:               0.0500              1.0039              1.0039              0.0162  
forward:               0.1000              0.6290              1.6329              0.0198  
forward:               0.1500              0.3686              2.0015              0.0219  
forward:               0.2000              0.2263              2.2278              0.0233  
forward:               0.2500              0.1497              2.3775              0.0240  
forward:               0.3000              0.1039              2.4814              0.0245  
forward:               0.3500              0.0685              2.5499              0.0250  
forward:               0.4000              0.0375              2.5874              0.0255  
forward:               0.4500              0.0162              2.6036              0.0258  
forward:               0.5000             -0.0012              2.6024              0.0260  
forward:               0.5500             -0.0690              2.5333              0.0264  
forward:               0.6000             -0.1630              2.3703              0.0268  
forward:               0.6500             -0.2161              2.1542              0.0270  
forward:               0.7000             -0.2601              1.8942              0.0272  
forward:               0.7500             -0.2896              1.6045              0.0274  
forward:               0.8000             -0.3181              1.2864              0.0275  
forward:               0.8500             -0.3404              0.9460              0.0277  
forward:               0.9000             -0.3522              0.5938              0.0279  
forward:               0.9500             -0.3601              0.2337              0.0280  
forward:               1.0000             -0.3745             -0.1408              0.0282  
backward:              1.0000              0.0000             -0.1408              0.0000  
backward:              0.9500              0.3766              0.2358              0.0037  
backward:              0.9000              0.3601              0.5959              0.0053  
backward:              0.8500              0.3505              0.9464              0.0064  
backward:              0.8000              0.3353              1.2816              0.0071  
backward:              0.7500              0.3151              1.5968              0.0080  
backward:              0.7000              0.2900              1.8867              0.0092  
backward:              0.6500              0.2597              2.1464              0.0100  
backward:              0.6000              0.2097              2.3562              0.0109  
backward:              0.5500              0.1687              2.5248              0.0118  
backward:              0.5000              0.0856              2.6104              0.0125  
backward:              0.4500              0.0097              2.6201              0.0133  
backward:              0.4000             -0.0155              2.6046              0.0141  
backward:              0.3500             -0.0304              2.5743              0.0149  
backward:              0.3000             -0.0678              2.5065              0.0161  
backward:              0.2500             -0.0907              2.4158              0.0173  
backward:              0.2000             -0.1554              2.2604              0.0190  
backward:              0.1500             -0.2350              2.0254              0.0215  
backward:              0.1000             -0.3606              1.6648              0.0240  
backward:              0.0500             -0.5946              1.0702              0.0289  
backward:              0.0000             -1.0143              0.0559              0.0368  
Inaccuracy estimation
======================================================================================================
                   i        i+δi          P0_overlap_P1   δε(forward)/ε   δε(backward)/ε
======================================================================================================
inaccuracy:  0.00000        0.05000           48.79           -0.03            0.95
inaccuracy:  0.05000        0.10000           55.84           -0.02            0.58
inaccuracy:  0.10000        0.15000           64.84           -0.01            0.33
inaccuracy:  0.15000        0.20000           70.43           -0.00            0.21
inaccuracy:  0.20000        0.25000           72.99           -0.01            0.14
inaccuracy:  0.25000        0.30000           73.24           -0.01            0.13
inaccuracy:  0.30000        0.35000           75.40           -0.01            0.10
inaccuracy:  0.35000        0.40000           76.27           -0.01            0.10
inaccuracy:  0.40000        0.45000           77.80           -0.01            0.08
inaccuracy:  0.45000        0.50000           77.92           -0.01            0.08
inaccuracy:  0.50000        0.55000           73.28           -0.03            0.10
inaccuracy:  0.55000        0.60000           74.89           -0.03            0.08
inaccuracy:  0.60000        0.65000           76.82           -0.02            0.06
inaccuracy:  0.65000        0.70000           76.85           -0.02            0.06
inaccuracy:  0.70000        0.75000           76.77           -0.02            0.06
inaccuracy:  0.75000        0.80000           77.54           -0.03            0.05
inaccuracy:  0.80000        0.85000           77.41           -0.02            0.05
inaccuracy:  0.85000        0.90000           76.70           -0.02            0.05
inaccuracy:  0.90000        0.95000           76.15           -0.03            0.06
inaccuracy:  0.95000        1.00000           75.49           -0.03            0.05
===================================================================================================================================
                BAR        
-----------------------------------------------------------------------------------------------------------------------------------
BAR-estimator:         λ             λ+δλ          ΔΔA             ΔA            C               Δδe            δe       
                          
-----------------------------------------------------------------------------------------------------------------------------------
BAR-estimator:      0.00000        0.05000        1.0040         1.0040         1.0040         0.0091         0.0091 
BAR-estimator:      0.05000        0.10000        0.6179         1.6219         0.6179         0.0072         0.0116 
BAR-estimator:      0.10000        0.15000        0.3653         1.9872         0.3653         0.0028         0.0120 
BAR-estimator:      0.15000        0.20000        0.2303         2.2175         0.2303         0.0053         0.0131 
BAR-estimator:      0.20000        0.25000        0.1491         2.3666         0.1491         0.0039         0.0136 
BAR-estimator:      0.25000        0.30000        0.0979         2.4646         0.0979         0.0035         0.0141 
BAR-estimator:      0.30000        0.35000        0.0655         2.5301         0.0655         0.0033         0.0145 
BAR-estimator:      0.35000        0.40000        0.0354         2.5654         0.0354         0.0031         0.0148 
BAR-estimator:      0.40000        0.45000        0.0164         2.5819         0.0164         0.0029         0.0151 
BAR-estimator:      0.45000        0.50000       -0.0042         2.5776        -0.0042         0.0020         0.0152 
BAR-estimator:      0.50000        0.55000       -0.0736         2.5040        -0.0736         0.0033         0.0156 
BAR-estimator:      0.55000        0.60000       -0.1647         2.3393        -0.1647         0.0029         0.0158 
BAR-estimator:      0.60000        0.65000       -0.2153         2.1240        -0.2153         0.0028         0.0161 
BAR-estimator:      0.65000        0.70000       -0.2583         1.8657        -0.2583         0.0026         0.0163 
BAR-estimator:      0.70000        0.75000       -0.2900         1.5756        -0.2900         0.0026         0.0165 
BAR-estimator:      0.75000        0.80000       -0.3173         1.2584        -0.3173         0.0032         0.0168 
BAR-estimator:      0.80000        0.85000       -0.3373         0.9211        -0.3373         0.0028         0.0170 
BAR-estimator:      0.85000        0.90000       -0.3504         0.5706        -0.3504         0.0026         0.0172 
BAR-estimator:      0.90000        0.95000       -0.3601         0.2105        -0.3601         0.0032         0.0175 
BAR-estimator:      0.95000        1.00000       -0.3763        -0.1658        -0.3763         0.0029         0.0178 
BAR-estimator: total free energy change is -0.16578772907283773 , total error is 0.017762424771068593
