#========================================================================================
#                     Free energy perturbation    
#----------------------------------------------------------------------------------------
#forward/backward          λ              ΔΔA                 ΔA                  δε   
#                                                 
#----------------------------------------------------------------------------------------
forward:               0.0000              0.0000              0.0000              0.0000  
forward:               0.0500              0.9990              0.9990              0.0130  
forward:               0.1000              0.6159              1.6149              0.0162  
forward:               0.1500              0.3749              1.9898              0.0178  
forward:               0.2000              0.2420              2.2318              0.0188  
forward:               0.2500              0.1723              2.4040              0.0197  
forward:               0.3000              0.1112              2.5152              0.0202  
forward:               0.3500              0.0714              2.5867              0.0207  
forward:               0.4000              0.0320              2.6187              0.0211  
forward:               0.4500              0.0194              2.6381              0.0215  
forward:               0.5000              0.0029              2.6410              0.0219  
forward:               0.5500             -0.0729              2.5681              0.0222  
forward:               0.6000             -0.1560              2.4121              0.0225  
forward:               0.6500             -0.2141              2.1981              0.0227  
forward:               0.7000             -0.2603              1.9377              0.0231  
forward:               0.7500             -0.2916              1.6461              0.0234  
forward:               0.8000             -0.3153              1.3308              0.0236  
forward:               0.8500             -0.3340              0.9968              0.0238  
forward:               0.9000             -0.3524              0.6444              0.0240  
forward:               0.9500             -0.3706              0.2738              0.0241  
forward:               1.0000             -0.3832             -0.1094              0.0243  
backward:              1.0000              0.0000             -0.1094              0.0000  
backward:              0.9500              0.3787              0.2693              0.0024  
backward:              0.9000              0.3723              0.6415              0.0040  
backward:              0.8500              0.3498              0.9913              0.0055  
backward:              0.8000              0.3409              1.3322              0.0066  
backward:              0.7500              0.3195              1.6516              0.0076  
backward:              0.7000              0.2936              1.9452              0.0085  
backward:              0.6500              0.2555              2.2007              0.0093  
backward:              0.6000              0.2100              2.4107              0.0104  
backward:              0.5500              0.1501              2.5609              0.0114  
backward:              0.5000              0.0727              2.6335              0.0123  
backward:              0.4500             -0.0035              2.6300              0.0130  
backward:              0.4000             -0.0229              2.6071              0.0137  
backward:              0.3500             -0.0413              2.5658              0.0145  
backward:              0.3000             -0.0682              2.4976              0.0152  
backward:              0.2500             -0.1249              2.3727              0.0165  
backward:              0.2000             -0.1604              2.2123              0.0178  
backward:              0.1500             -0.2404              1.9719              0.0198  
backward:              0.1000             -0.3615              1.6104              0.0216  
backward:              0.0500             -0.6328              0.9776              0.0264  
backward:              0.0000             -0.9924             -0.0148              0.0345  
Inaccuracy estimation
======================================================================================================
                   i        i+δi          P0_overlap_P1   δε(forward)/ε   δε(backward)/ε
======================================================================================================
inaccuracy:  0.00000        0.05000           49.04           -0.02            0.94
inaccuracy:  0.05000        0.10000           57.86           -0.02            0.57
inaccuracy:  0.10000        0.15000           64.19           -0.01            0.33
inaccuracy:  0.15000        0.20000           69.34           -0.01            0.21
inaccuracy:  0.20000        0.25000           72.08           -0.01            0.17
inaccuracy:  0.25000        0.30000           75.25           -0.01            0.12
inaccuracy:  0.30000        0.35000           75.81           -0.01            0.11
inaccuracy:  0.35000        0.40000           78.23           -0.00            0.09
inaccuracy:  0.40000        0.45000           77.60           -0.00            0.08
inaccuracy:  0.45000        0.50000           78.37           -0.01            0.08
inaccuracy:  0.50000        0.55000           73.62           -0.03            0.09
inaccuracy:  0.55000        0.60000           76.39           -0.03            0.07
inaccuracy:  0.60000        0.65000           76.69           -0.02            0.06
inaccuracy:  0.65000        0.70000           76.54           -0.03            0.06
inaccuracy:  0.70000        0.75000           76.47           -0.03            0.05
inaccuracy:  0.75000        0.80000           76.77           -0.03            0.06
inaccuracy:  0.80000        0.85000           76.14           -0.03            0.06
inaccuracy:  0.85000        0.90000           76.45           -0.03            0.05
inaccuracy:  0.90000        0.95000           75.90           -0.03            0.06
inaccuracy:  0.95000        1.00000           76.57           -0.03            0.05
===================================================================================================================================
                BAR        
-----------------------------------------------------------------------------------------------------------------------------------
BAR-estimator:         λ             λ+δλ          ΔΔA             ΔA            C               Δδe            δe       
                          
-----------------------------------------------------------------------------------------------------------------------------------
BAR-estimator:      0.00000        0.05000        1.0105         1.0105         1.0105         0.0076         0.0076 
BAR-estimator:      0.05000        0.10000        0.6228         1.6333         0.6228         0.0062         0.0098 
BAR-estimator:      0.10000        0.15000        0.3728         2.0061         0.3728         0.0049         0.0110 
BAR-estimator:      0.15000        0.20000        0.2403         2.2464         0.2403         0.0041         0.0117 
BAR-estimator:      0.20000        0.25000        0.1693         2.4157         0.1693         0.0038         0.0123 
BAR-estimator:      0.25000        0.30000        0.1147         2.5303         0.1147         0.0032         0.0127 
BAR-estimator:      0.30000        0.35000        0.0712         2.6015         0.0712         0.0030         0.0130 
BAR-estimator:      0.35000        0.40000        0.0364         2.6379         0.0364         0.0029         0.0134 
BAR-estimator:      0.40000        0.45000        0.0208         2.6587         0.0208         0.0031         0.0137 
BAR-estimator:      0.45000        0.50000        0.0028         2.6615         0.0028         0.0028         0.0140 
BAR-estimator:      0.50000        0.55000       -0.0733         2.5882        -0.0733         0.0029         0.0143 
BAR-estimator:      0.55000        0.60000       -0.1539         2.4343        -0.1539         0.0026         0.0145 
BAR-estimator:      0.60000        0.65000       -0.2135         2.2208        -0.2135         0.0021         0.0147 
BAR-estimator:      0.65000        0.70000       -0.2592         1.9616        -0.2592         0.0027         0.0149 
BAR-estimator:      0.70000        0.75000       -0.2936         1.6680        -0.2936         0.0025         0.0152 
BAR-estimator:      0.75000        0.80000       -0.3163         1.3517        -0.3163         0.0026         0.0154 
BAR-estimator:      0.80000        0.85000       -0.3372         1.0146        -0.3372         0.0025         0.0156 
BAR-estimator:      0.85000        0.90000       -0.3509         0.6637        -0.3509         0.0029         0.0158 
BAR-estimator:      0.90000        0.95000       -0.3718         0.2919        -0.3718         0.0025         0.0160 
BAR-estimator:      0.95000        1.00000       -0.3828        -0.0909        -0.3828         0.0025         0.0162 
BAR-estimator: total free energy change is -0.09094446522697475 , total error is 0.016224083738436895
