#========================================================================================
#                     Free energy perturbation    
#----------------------------------------------------------------------------------------
#forward/backward          λ              ΔΔA                 ΔA                  δε   
#                                                 
#----------------------------------------------------------------------------------------
forward:               0.0000              0.0000              0.0000              0.0000  
forward:               0.0500              0.5954              0.5954              0.0107  
forward:               0.1000              0.4047              1.0001              0.0138  
forward:               0.1500              0.2787              1.2789              0.0151  
forward:               0.2000              0.2081              1.4870              0.0165  
forward:               0.2500              0.1626              1.6496              0.0173  
forward:               0.3000              0.1207              1.7703              0.0180  
forward:               0.3500              0.1135              1.8838              0.0187  
forward:               0.4000              0.0875              1.9712              0.0191  
forward:               0.4500              0.0676              2.0388              0.0194  
forward:               0.5000              0.0474              2.0862              0.0197  
forward:               0.5500             -0.0351              2.0511              0.0204  
forward:               0.6000             -0.2039              1.8472              0.0211  
forward:               0.6500             -0.3645              1.4827              0.0222  
forward:               0.7000             -0.5409              0.9418              0.0236  
forward:               0.7500             -0.6159              0.3259              0.0246  
forward:               0.8000             -0.6193             -0.2934              0.0252  
forward:               0.8500             -0.5650             -0.8584              0.0256  
forward:               0.9000             -0.5109             -1.3692              0.0259  
forward:               0.9500             -0.4578             -1.8270              0.0261  
forward:               1.0000             -0.4330             -2.2600              0.0264  
backward:              1.0000              0.0000             -2.2600              0.0000  
backward:              0.9500              0.4206             -1.8394              0.0046  
backward:              0.9000              0.4515             -1.3879              0.0069  
backward:              0.8500              0.5095             -0.8783              0.0091  
backward:              0.8000              0.5613             -0.3171              0.0108  
backward:              0.7500              0.6152              0.2982              0.0121  
backward:              0.7000              0.6053              0.9034              0.0144  
backward:              0.6500              0.5395              1.4429              0.0168  
backward:              0.6000              0.3648              1.8077              0.0187  
backward:              0.5500              0.2111              2.0189              0.0195  
backward:              0.5000              0.0434              2.0623              0.0202  
backward:              0.4500             -0.0598              2.0025              0.0206  
backward:              0.4000             -0.0778              1.9247              0.0210  
backward:              0.3500             -0.0806              1.8441              0.0215  
backward:              0.3000             -0.1064              1.7377              0.0221  
backward:              0.2500             -0.1237              1.6141              0.0228  
backward:              0.2000             -0.1580              1.4561              0.0235  
backward:              0.1500             -0.1955              1.2606              0.0244  
backward:              0.1000             -0.2772              0.9834              0.0256  
backward:              0.0500             -0.4078              0.5756              0.0325  
backward:              0.0000             -0.6405             -0.0649              0.0401  
Inaccuracy estimation
======================================================================================================
                   i        i+δi          P0_overlap_P1   δε(forward)/ε   δε(backward)/ε
======================================================================================================
inaccuracy:  0.00000        0.05000           61.04           -0.00            0.45
inaccuracy:  0.05000        0.10000           65.59           -0.01            0.33
inaccuracy:  0.10000        0.15000           71.66           -0.00            0.20
inaccuracy:  0.15000        0.20000           73.03           -0.00            0.16
inaccuracy:  0.20000        0.25000           76.02           -0.00            0.12
inaccuracy:  0.25000        0.30000           78.14           -0.00            0.10
inaccuracy:  0.30000        0.35000           77.77           -0.00            0.09
inaccuracy:  0.35000        0.40000           77.84           -0.01            0.09
inaccuracy:  0.40000        0.45000           80.58           -0.01            0.07
inaccuracy:  0.45000        0.50000           81.28           -0.00            0.07
inaccuracy:  0.50000        0.55000           71.95           -0.05            0.13
inaccuracy:  0.55000        0.60000           71.84           -0.08            0.08
inaccuracy:  0.60000        0.65000           70.40           -0.09            0.06
inaccuracy:  0.65000        0.70000           69.56           -0.07            0.06
inaccuracy:  0.70000        0.75000           71.93           -0.05            0.05
inaccuracy:  0.75000        0.80000           72.64           -0.05            0.06
inaccuracy:  0.80000        0.85000           71.45           -0.05            0.07
inaccuracy:  0.85000        0.90000           71.60           -0.05            0.08
inaccuracy:  0.90000        0.95000           71.59           -0.04            0.08
inaccuracy:  0.95000        1.00000           71.05           -0.04            0.09
===================================================================================================================================
                BAR        
-----------------------------------------------------------------------------------------------------------------------------------
BAR-estimator:         λ             λ+δλ          ΔΔA             ΔA            C               Δδe            δe       
                          
-----------------------------------------------------------------------------------------------------------------------------------
BAR-estimator:      0.00000        0.05000        0.6073         0.6073         0.6073         0.0065         0.0065 
BAR-estimator:      0.05000        0.10000        0.4011         1.0084         0.4011         0.0057         0.0087 
BAR-estimator:      0.10000        0.15000        0.2786         1.2870         0.2786         0.0042         0.0096 
BAR-estimator:      0.15000        0.20000        0.2031         1.4901         0.2031         0.0040         0.0104 
BAR-estimator:      0.20000        0.25000        0.1622         1.6523         0.1622         0.0034         0.0110 
BAR-estimator:      0.25000        0.30000        0.1222         1.7745         0.1222         0.0036         0.0115 
BAR-estimator:      0.30000        0.35000        0.1106         1.8850         0.1106         0.0037         0.0121 
BAR-estimator:      0.35000        0.40000        0.0836         1.9686         0.0836         0.0035         0.0126 
BAR-estimator:      0.40000        0.45000        0.0711         2.0397         0.0711         0.0028         0.0129 
BAR-estimator:      0.45000        0.50000        0.0521         2.0918         0.0521         0.0026         0.0132 
BAR-estimator:      0.50000        0.55000       -0.0355         2.0563        -0.0355         0.0035         0.0136 
BAR-estimator:      0.55000        0.60000       -0.2081         1.8483        -0.2081         0.0032         0.0140 
BAR-estimator:      0.60000        0.65000       -0.3684         1.4799        -0.3684         0.0041         0.0146 
BAR-estimator:      0.65000        0.70000       -0.5384         0.9415        -0.5384         0.0053         0.0155 
BAR-estimator:      0.70000        0.75000       -0.6114         0.3301        -0.6114         0.0043         0.0161 
BAR-estimator:      0.75000        0.80000       -0.6162        -0.2861        -0.6162         0.0037         0.0165 
BAR-estimator:      0.80000        0.85000       -0.5659        -0.8520        -0.5659         0.0034         0.0169 
BAR-estimator:      0.85000        0.90000       -0.5123        -1.3643        -0.5123         0.0033         0.0172 
BAR-estimator:      0.90000        0.95000       -0.4590        -1.8233        -0.4590         0.0034         0.0175 
BAR-estimator:      0.95000        1.00000       -0.4306        -2.2540        -0.4306         0.0036         0.0179 
BAR-estimator: total free energy change is -2.253968894188046 , total error is 0.01788245929140432
