#========================================================================================
#                     Free energy perturbation    
#----------------------------------------------------------------------------------------
#forward/backward          λ              ΔΔA                 ΔA                  δε   
#                                                 
#----------------------------------------------------------------------------------------
forward:               0.0000              0.0000              0.0000              0.0000  
forward:               0.0500              0.6166              0.6166              0.0085  
forward:               0.1000              0.4010              1.0175              0.0106  
forward:               0.1500              0.2791              1.2967              0.0122  
forward:               0.2000              0.2062              1.5029              0.0131  
forward:               0.2500              0.1551              1.6580              0.0138  
forward:               0.3000              0.1192              1.7772              0.0144  
forward:               0.3500              0.1026              1.8798              0.0148  
forward:               0.4000              0.0781              1.9579              0.0152  
forward:               0.4500              0.0671              2.0250              0.0155  
forward:               0.5000              0.0519              2.0769              0.0159  
forward:               0.5500             -0.0537              2.0232              0.0164  
forward:               0.6000             -0.2238              1.7994              0.0171  
forward:               0.6500             -0.4071              1.3923              0.0181  
forward:               0.7000             -0.5794              0.8130              0.0190  
forward:               0.7500             -0.6763              0.1367              0.0196  
forward:               0.8000             -0.6904             -0.5538              0.0200  
forward:               0.8500             -0.6576             -1.2114              0.0204  
forward:               0.9000             -0.6152             -1.8266              0.0208  
forward:               0.9500             -0.5788             -2.4054              0.0211  
forward:               1.0000             -0.5465             -2.9519              0.0216  
backward:              1.0000              0.0000             -2.9519              0.0000  
backward:              0.9500              0.5483             -2.4035              0.0050  
backward:              0.9000              0.5771             -1.8265              0.0067  
backward:              0.8500              0.6128             -1.2137              0.0087  
backward:              0.8000              0.6543             -0.5594              0.0103  
backward:              0.7500              0.6917              0.1322              0.0117  
backward:              0.7000              0.6822              0.8144              0.0133  
backward:              0.6500              0.5830              1.3975              0.0151  
backward:              0.6000              0.4102              1.8077              0.0162  
backward:              0.5500              0.2238              2.0315              0.0169  
backward:              0.5000              0.0521              2.0836              0.0175  
backward:              0.4500             -0.0527              2.0309              0.0179  
backward:              0.4000             -0.0624              1.9685              0.0183  
backward:              0.3500             -0.0809              1.8876              0.0187  
backward:              0.3000             -0.0984              1.7892              0.0191  
backward:              0.2500             -0.1300              1.6591              0.0197  
backward:              0.2000             -0.1512              1.5080              0.0205  
backward:              0.1500             -0.2050              1.3030              0.0216  
backward:              0.1000             -0.2801              1.0230              0.0231  
backward:              0.0500             -0.3765              0.6465              0.0250  
backward:              0.0000             -0.6062              0.0403              0.0275  
Inaccuracy estimation
======================================================================================================
                   i        i+δi          P0_overlap_P1   δε(forward)/ε   δε(backward)/ε
======================================================================================================
inaccuracy:  0.00000        0.05000           58.64           -0.01            0.50
inaccuracy:  0.05000        0.10000           66.10           -0.00            0.33
inaccuracy:  0.10000        0.15000           71.27           -0.01            0.21
inaccuracy:  0.15000        0.20000           74.01           -0.00            0.16
inaccuracy:  0.20000        0.25000           76.23           -0.00            0.11
inaccuracy:  0.25000        0.30000           78.71           -0.00            0.10
inaccuracy:  0.30000        0.35000           77.70           -0.00            0.09
inaccuracy:  0.35000        0.40000           79.74           -0.00            0.08
inaccuracy:  0.40000        0.45000           79.56           -0.00            0.08
inaccuracy:  0.45000        0.50000           80.21           -0.01            0.08
inaccuracy:  0.50000        0.55000           72.37           -0.05            0.10
inaccuracy:  0.55000        0.60000           72.51           -0.09            0.08
inaccuracy:  0.60000        0.65000           68.74           -0.10            0.07
inaccuracy:  0.65000        0.70000           67.90           -0.07            0.06
inaccuracy:  0.70000        0.75000           69.66           -0.07            0.05
inaccuracy:  0.75000        0.80000           71.38           -0.05            0.05
inaccuracy:  0.80000        0.85000           71.30           -0.06            0.06
inaccuracy:  0.85000        0.90000           70.76           -0.06            0.07
inaccuracy:  0.90000        0.95000           70.05           -0.06            0.08
inaccuracy:  0.95000        1.00000           69.14           -0.06            0.10
===================================================================================================================================
                BAR        
-----------------------------------------------------------------------------------------------------------------------------------
BAR-estimator:         λ             λ+δλ          ΔΔA             ΔA            C               Δδe            δe       
                          
-----------------------------------------------------------------------------------------------------------------------------------
BAR-estimator:      0.00000        0.05000        0.6133         0.6133         0.6133         0.0051         0.0051 
BAR-estimator:      0.05000        0.10000        0.3986         1.0119         0.3986         0.0044         0.0067 
BAR-estimator:      0.10000        0.15000        0.2779         1.2898         0.2779         0.0042         0.0079 
BAR-estimator:      0.15000        0.20000        0.2034         1.4932         0.2034         0.0033         0.0086 
BAR-estimator:      0.20000        0.25000        0.1530         1.6462         0.1530         0.0031         0.0091 
BAR-estimator:      0.25000        0.30000        0.1234         1.7697         0.1234         0.0030         0.0096 
BAR-estimator:      0.30000        0.35000        0.1003         1.8700         0.1003         0.0027         0.0100 
BAR-estimator:      0.35000        0.40000        0.0804         1.9504         0.0804         0.0026         0.0103 
BAR-estimator:      0.40000        0.45000        0.0660         2.0165         0.0660         0.0023         0.0106 
BAR-estimator:      0.45000        0.50000        0.0531         2.0695         0.0531         0.0025         0.0109 
BAR-estimator:      0.50000        0.55000       -0.0498         2.0197        -0.0498         0.0028         0.0112 
BAR-estimator:      0.55000        0.60000       -0.2239         1.7958        -0.2239         0.0029         0.0116 
BAR-estimator:      0.60000        0.65000       -0.4055         1.3903        -0.4055         0.0035         0.0121 
BAR-estimator:      0.65000        0.70000       -0.5807         0.8096        -0.5807         0.0037         0.0127 
BAR-estimator:      0.70000        0.75000       -0.6809         0.1287        -0.6809         0.0033         0.0131 
BAR-estimator:      0.75000        0.80000       -0.6886        -0.5599        -0.6886         0.0030         0.0134 
BAR-estimator:      0.80000        0.85000       -0.6587        -1.2186        -0.6587         0.0034         0.0138 
BAR-estimator:      0.85000        0.90000       -0.6137        -1.8322        -0.6137         0.0029         0.0142 
BAR-estimator:      0.90000        0.95000       -0.5820        -2.4143        -0.5820         0.0035         0.0146 
BAR-estimator:      0.95000        1.00000       -0.5495        -2.9638        -0.5495         0.0032         0.0149 
BAR-estimator: total free energy change is -2.9637652748506405 , total error is 0.01493261567550615
