#========================================================================================
#                     Free energy perturbation    
#----------------------------------------------------------------------------------------
#forward/backward          λ              ΔΔA                 ΔA                  δε   
#                                                 
#----------------------------------------------------------------------------------------
forward:               0.0000              0.0000              0.0000              0.0000  
forward:               0.0500              1.0975              1.0975              0.0169  
forward:               0.1000              0.7173              1.8148              0.0215  
forward:               0.1500              0.3872              2.2020              0.0238  
forward:               0.2000              0.2342              2.4362              0.0251  
forward:               0.2500              0.1307              2.5669              0.0259  
forward:               0.3000              0.0801              2.6471              0.0266  
forward:               0.3500              0.0465              2.6936              0.0271  
forward:               0.4000              0.0134              2.7070              0.0275  
forward:               0.4500             -0.0022              2.7048              0.0278  
forward:               0.5000             -0.0202              2.6846              0.0282  
forward:               0.5500             -0.0557              2.6289              0.0286  
forward:               0.6000             -0.1567              2.4722              0.0289  
forward:               0.6500             -0.2098              2.2624              0.0293  
forward:               0.7000             -0.2729              1.9895              0.0295  
forward:               0.7500             -0.3159              1.6735              0.0297  
forward:               0.8000             -0.3484              1.3251              0.0300  
forward:               0.8500             -0.3774              0.9477              0.0304  
forward:               0.9000             -0.3990              0.5487              0.0306  
forward:               0.9500             -0.4043              0.1443              0.0308  
forward:               1.0000             -0.4324             -0.2881              0.0310  
backward:              1.0000              0.0000             -0.2881              0.0000  
backward:              0.9500              0.4222              0.1341              0.0044  
backward:              0.9000              0.4123              0.5464              0.0061  
backward:              0.8500              0.3995              0.9459              0.0078  
backward:              0.8000              0.3745              1.3204              0.0088  
backward:              0.7500              0.3451              1.6655              0.0100  
backward:              0.7000              0.3104              1.9759              0.0111  
backward:              0.6500              0.2723              2.2482              0.0121  
backward:              0.6000              0.2270              2.4753              0.0129  
backward:              0.5500              0.1535              2.6288              0.0137  
backward:              0.5000              0.0452              2.6740              0.0146  
backward:              0.4500              0.0251              2.6992              0.0157  
backward:              0.4000             -0.0004              2.6987              0.0170  
backward:              0.3500             -0.0248              2.6739              0.0179  
backward:              0.3000             -0.0528              2.6212              0.0189  
backward:              0.2500             -0.0843              2.5369              0.0201  
backward:              0.2000             -0.1398              2.3971              0.0213  
backward:              0.1500             -0.2178              2.1793              0.0227  
backward:              0.1000             -0.3742              1.8051              0.0269  
backward:              0.0500             -0.7105              1.0945              0.0421  
backward:              0.0000             -1.1543             -0.0598              0.0493  
Inaccuracy estimation
======================================================================================================
                   i        i+δi          P0_overlap_P1   δε(forward)/ε   δε(backward)/ε
======================================================================================================
inaccuracy:  0.00000        0.05000           48.36           -0.02            0.91
inaccuracy:  0.05000        0.10000           51.91           -0.02            0.73
inaccuracy:  0.10000        0.15000           61.78           -0.01            0.40
inaccuracy:  0.15000        0.20000           66.86           -0.01            0.25
inaccuracy:  0.20000        0.25000           72.03           -0.01            0.17
inaccuracy:  0.25000        0.30000           73.97           -0.01            0.14
inaccuracy:  0.30000        0.35000           75.00           -0.01            0.12
inaccuracy:  0.35000        0.40000           76.49           -0.01            0.10
inaccuracy:  0.40000        0.45000           75.60           -0.01            0.09
inaccuracy:  0.45000        0.50000           75.49           -0.01            0.09
inaccuracy:  0.50000        0.55000           72.94           -0.03            0.11
inaccuracy:  0.55000        0.60000           74.44           -0.02            0.09
inaccuracy:  0.60000        0.65000           72.87           -0.04            0.08
inaccuracy:  0.65000        0.70000           74.86           -0.03            0.07
inaccuracy:  0.70000        0.75000           75.43           -0.03            0.07
inaccuracy:  0.75000        0.80000           75.25           -0.03            0.07
inaccuracy:  0.80000        0.85000           75.16           -0.04            0.06
inaccuracy:  0.85000        0.90000           74.53           -0.04            0.07
inaccuracy:  0.90000        0.95000           73.63           -0.03            0.06
inaccuracy:  0.95000        1.00000           75.18           -0.03            0.06
===================================================================================================================================
                BAR        
-----------------------------------------------------------------------------------------------------------------------------------
BAR-estimator:         λ             λ+δλ          ΔΔA             ΔA            C               Δδe            δe       
                          
-----------------------------------------------------------------------------------------------------------------------------------
BAR-estimator:      0.00000        0.05000        1.1281         1.1281         1.1281         0.0099         0.0099 
BAR-estimator:      0.05000        0.10000        0.7083         1.8364         0.7083         0.0083         0.0129 
BAR-estimator:      0.10000        0.15000        0.3800         2.2164         0.3800         0.0062         0.0143 
BAR-estimator:      0.15000        0.20000        0.2314         2.4478         0.2314         0.0052         0.0152 
BAR-estimator:      0.20000        0.25000        0.1327         2.5805         0.1327         0.0041         0.0158 
BAR-estimator:      0.25000        0.30000        0.0819         2.6624         0.0819         0.0042         0.0163 
BAR-estimator:      0.30000        0.35000        0.0491         2.7115         0.0491         0.0032         0.0166 
BAR-estimator:      0.35000        0.40000        0.0186         2.7301         0.0186         0.0033         0.0170 
BAR-estimator:      0.40000        0.45000       -0.0044         2.7257        -0.0044         0.0029         0.0172 
BAR-estimator:      0.45000        0.50000       -0.0245         2.7012        -0.0245         0.0028         0.0174 
BAR-estimator:      0.50000        0.55000       -0.0517         2.6495        -0.0517         0.0035         0.0178 
BAR-estimator:      0.55000        0.60000       -0.1524         2.4971        -0.1524         0.0035         0.0181 
BAR-estimator:      0.60000        0.65000       -0.2163         2.2809        -0.2163         0.0026         0.0183 
BAR-estimator:      0.65000        0.70000       -0.2722         2.0087        -0.2722         0.0029         0.0185 
BAR-estimator:      0.70000        0.75000       -0.3132         1.6954        -0.3132         0.0030         0.0188 
BAR-estimator:      0.75000        0.80000       -0.3471         1.3483        -0.3471         0.0029         0.0190 
BAR-estimator:      0.80000        0.85000       -0.3743         0.9740        -0.3743         0.0030         0.0192 
BAR-estimator:      0.85000        0.90000       -0.3970         0.5770        -0.3970         0.0026         0.0194 
BAR-estimator:      0.90000        0.95000       -0.4075         0.1695        -0.4075         0.0031         0.0197 
BAR-estimator:      0.95000        1.00000       -0.4268        -0.2574        -0.4268         0.0034         0.0199 
BAR-estimator: total free energy change is -0.2573568731207479 , total error is 0.019948113552274466
