#========================================================================================
#                     Free energy perturbation    
#----------------------------------------------------------------------------------------
#forward/backward          λ              ΔΔA                 ΔA                  δε   
#                                                 
#----------------------------------------------------------------------------------------
forward:               0.0000              0.0000              0.0000              0.0000  
forward:               0.0500              1.1546              1.1546              0.0135  
forward:               0.1000              0.6957              1.8503              0.0183  
forward:               0.1500              0.3921              2.2424              0.0201  
forward:               0.2000              0.2375              2.4799              0.0205  
forward:               0.2500              0.1477              2.6276              0.0213  
forward:               0.3000              0.0872              2.7148              0.0218  
forward:               0.3500              0.0495              2.7643              0.0222  
forward:               0.4000              0.0207              2.7851              0.0226  
forward:               0.4500              0.0009              2.7860              0.0230  
forward:               0.5000             -0.0236              2.7624              0.0233  
forward:               0.5500             -0.0553              2.7072              0.0237  
forward:               0.6000             -0.1554              2.5518              0.0241  
forward:               0.6500             -0.2164              2.3354              0.0243  
forward:               0.7000             -0.2712              2.0641              0.0248  
forward:               0.7500             -0.3110              1.7531              0.0253  
forward:               0.8000             -0.3461              1.4070              0.0255  
forward:               0.8500             -0.3750              1.0320              0.0257  
forward:               0.9000             -0.3946              0.6374              0.0260  
forward:               0.9500             -0.4191              0.2183              0.0261  
forward:               1.0000             -0.4222             -0.2039              0.0264  
backward:              1.0000              0.0000             -0.2039              0.0000  
backward:              0.9500              0.4221              0.2182              0.0042  
backward:              0.9000              0.4062              0.6244              0.0062  
backward:              0.8500              0.3900              1.0145              0.0086  
backward:              0.8000              0.3644              1.3788              0.0109  
backward:              0.7500              0.3453              1.7241              0.0116  
backward:              0.7000              0.3093              2.0334              0.0127  
backward:              0.6500              0.2764              2.3098              0.0134  
backward:              0.6000              0.2174              2.5272              0.0143  
backward:              0.5500              0.1498              2.6770              0.0150  
backward:              0.5000              0.0569              2.7339              0.0162  
backward:              0.4500              0.0160              2.7499              0.0171  
backward:              0.4000             -0.0028              2.7471              0.0177  
backward:              0.3500             -0.0305              2.7166              0.0186  
backward:              0.3000             -0.0488              2.6678              0.0194  
backward:              0.2500             -0.0935              2.5743              0.0204  
backward:              0.2000             -0.1370              2.4373              0.0208  
backward:              0.1500             -0.2472              2.1901              0.0230  
backward:              0.1000             -0.3741              1.8160              0.0253  
backward:              0.0500             -0.6991              1.1168              0.0322  
backward:              0.0000             -1.1401             -0.0232              0.0370  
Inaccuracy estimation
======================================================================================================
                   i        i+δi          P0_overlap_P1   δε(forward)/ε   δε(backward)/ε
======================================================================================================
inaccuracy:  0.00000        0.05000           45.86           -0.03            0.94
inaccuracy:  0.05000        0.10000           52.94           -0.01            0.71
inaccuracy:  0.10000        0.15000           61.44           -0.02            0.38
inaccuracy:  0.15000        0.20000           68.53           -0.01            0.24
inaccuracy:  0.20000        0.25000           70.57           -0.01            0.18
inaccuracy:  0.25000        0.30000           73.76           -0.01            0.13
inaccuracy:  0.30000        0.35000           74.41           -0.01            0.12
inaccuracy:  0.35000        0.40000           75.49           -0.01            0.10
inaccuracy:  0.40000        0.45000           75.98           -0.01            0.10
inaccuracy:  0.45000        0.50000           77.03           -0.01            0.09
inaccuracy:  0.50000        0.55000           71.85           -0.03            0.11
inaccuracy:  0.55000        0.60000           74.20           -0.03            0.08
inaccuracy:  0.60000        0.65000           74.18           -0.03            0.08
inaccuracy:  0.65000        0.70000           74.46           -0.03            0.07
inaccuracy:  0.70000        0.75000           74.49           -0.04            0.06
inaccuracy:  0.75000        0.80000           74.59           -0.03            0.07
inaccuracy:  0.80000        0.85000           75.34           -0.03            0.06
inaccuracy:  0.85000        0.90000           74.35           -0.04            0.06
inaccuracy:  0.90000        0.95000           75.19           -0.03            0.06
inaccuracy:  0.95000        1.00000           74.19           -0.03            0.06
===================================================================================================================================
                BAR        
-----------------------------------------------------------------------------------------------------------------------------------
BAR-estimator:         λ             λ+δλ          ΔΔA             ΔA            C               Δδe            δe       
                          
-----------------------------------------------------------------------------------------------------------------------------------
BAR-estimator:      0.00000        0.05000        1.1573         1.1573         1.1573         0.0075         0.0075 
BAR-estimator:      0.05000        0.10000        0.7002         1.8575         0.7002         0.0075         0.0106 
BAR-estimator:      0.10000        0.15000        0.3888         2.2463         0.3888         0.0060         0.0122 
BAR-estimator:      0.15000        0.20000        0.2393         2.4856         0.2393         0.0039         0.0128 
BAR-estimator:      0.20000        0.25000        0.1454         2.6310         0.1454         0.0038         0.0133 
BAR-estimator:      0.25000        0.30000        0.0874         2.7185         0.0874         0.0034         0.0138 
BAR-estimator:      0.30000        0.35000        0.0483         2.7667         0.0483         0.0029         0.0141 
BAR-estimator:      0.35000        0.40000        0.0227         2.7895         0.0227         0.0032         0.0144 
BAR-estimator:      0.40000        0.45000        0.0006         2.7900         0.0006         0.0028         0.0147 
BAR-estimator:      0.45000        0.50000       -0.0212         2.7688        -0.0212         0.0026         0.0149 
BAR-estimator:      0.50000        0.55000       -0.0564         2.7124        -0.0564         0.0031         0.0152 
BAR-estimator:      0.55000        0.60000       -0.1538         2.5586        -0.1538         0.0030         0.0155 
BAR-estimator:      0.60000        0.65000       -0.2166         2.3420        -0.2166         0.0027         0.0158 
BAR-estimator:      0.65000        0.70000       -0.2712         2.0709        -0.2712         0.0028         0.0160 
BAR-estimator:      0.70000        0.75000       -0.3128         1.7581        -0.3128         0.0029         0.0163 
BAR-estimator:      0.75000        0.80000       -0.3451         1.4130        -0.3451         0.0025         0.0165 
BAR-estimator:      0.80000        0.85000       -0.3731         1.0399        -0.3731         0.0026         0.0167 
BAR-estimator:      0.85000        0.90000       -0.3953         0.6445        -0.3953         0.0029         0.0169 
BAR-estimator:      0.90000        0.95000       -0.4145         0.2301        -0.4145         0.0027         0.0171 
BAR-estimator:      0.95000        1.00000       -0.4218        -0.1917        -0.4218         0.0029         0.0174 
BAR-estimator: total free energy change is -0.19174385147341205 , total error is 0.017366447255434552
