#========================================================================================
#                     Free energy perturbation    
#----------------------------------------------------------------------------------------
#forward/backward          λ              ΔΔA                 ΔA                  δε   
#                                                 
#----------------------------------------------------------------------------------------
forward:               0.0000              0.0000              0.0000              0.0000  
forward:               0.0500              1.3502              1.3502              0.0232  
forward:               0.1000              0.7733              2.1235              0.0269  
forward:               0.1500              0.4255              2.5491              0.0285  
forward:               0.2000              0.2543              2.8034              0.0294  
forward:               0.2500              0.1547              2.9581              0.0299  
forward:               0.3000              0.0879              3.0460              0.0304  
forward:               0.3500              0.0407              3.0866              0.0309  
forward:               0.4000              0.0044              3.0910              0.0312  
forward:               0.4500             -0.0164              3.0746              0.0314  
forward:               0.5000             -0.0402              3.0344              0.0317  
forward:               0.5500             -0.0716              2.9628              0.0320  
forward:               0.6000             -0.1217              2.8411              0.0322  
forward:               0.6500             -0.1563              2.6848              0.0324  
forward:               0.7000             -0.1864              2.4985              0.0325  
forward:               0.7500             -0.1964              2.3020              0.0327  
forward:               0.8000             -0.2247              2.0774              0.0328  
forward:               0.8500             -0.2346              1.8428              0.0329  
forward:               0.9000             -0.2471              1.5957              0.0331  
forward:               0.9500             -0.2532              1.3425              0.0332  
forward:               1.0000             -0.2633              1.0792              0.0334  
backward:              1.0000              0.0000              1.0792              0.0000  
backward:              0.9500              0.2686              1.3478              0.0037  
backward:              0.9000              0.2535              1.6013              0.0052  
backward:              0.8500              0.2481              1.8493              0.0063  
backward:              0.8000              0.2315              2.0808              0.0075  
backward:              0.7500              0.2243              2.3051              0.0083  
backward:              0.7000              0.2009              2.5060              0.0090  
backward:              0.6500              0.1813              2.6873              0.0099  
backward:              0.6000              0.1578              2.8451              0.0107  
backward:              0.5500              0.1271              2.9722              0.0116  
backward:              0.5000              0.0732              3.0454              0.0123  
backward:              0.4500              0.0476              3.0929              0.0133  
backward:              0.4000              0.0182              3.1112              0.0140  
backward:              0.3500             -0.0054              3.1057              0.0150  
backward:              0.3000             -0.0491              3.0566              0.0159  
backward:              0.2500             -0.0754              2.9812              0.0169  
backward:              0.2000             -0.1498              2.8315              0.0187  
backward:              0.1500             -0.2550              2.5765              0.0216  
backward:              0.1000             -0.4469              2.1296              0.0257  
backward:              0.0500             -0.7598              1.3699              0.0329  
backward:              0.0000             -1.3463              0.0236              0.0560  
Inaccuracy estimation
======================================================================================================
                   i        i+δi          P0_overlap_P1   δε(forward)/ε   δε(backward)/ε
======================================================================================================
inaccuracy:  0.00000        0.05000           39.72           -0.03            1.77
inaccuracy:  0.05000        0.10000           51.89           -0.02            0.75
inaccuracy:  0.10000        0.15000           62.53           -0.01            0.37
inaccuracy:  0.15000        0.20000           67.73           -0.01            0.23
inaccuracy:  0.20000        0.25000           72.17           -0.01            0.15
inaccuracy:  0.25000        0.30000           73.59           -0.01            0.13
inaccuracy:  0.30000        0.35000           77.48           -0.01            0.10
inaccuracy:  0.35000        0.40000           77.66           -0.01            0.09
inaccuracy:  0.40000        0.45000           78.01           -0.01            0.08
inaccuracy:  0.45000        0.50000           77.75           -0.01            0.07
inaccuracy:  0.50000        0.55000           76.62           -0.02            0.07
inaccuracy:  0.55000        0.60000           77.01           -0.02            0.07
inaccuracy:  0.60000        0.65000           78.12           -0.02            0.06
inaccuracy:  0.65000        0.70000           79.23           -0.02            0.05
inaccuracy:  0.70000        0.75000           78.82           -0.02            0.05
inaccuracy:  0.75000        0.80000           79.20           -0.02            0.05
inaccuracy:  0.80000        0.85000           79.10           -0.02            0.05
inaccuracy:  0.85000        0.90000           78.71           -0.01            0.05
inaccuracy:  0.90000        0.95000           78.31           -0.02            0.05
inaccuracy:  0.95000        1.00000           77.97           -0.02            0.05
===================================================================================================================================
                BAR        
-----------------------------------------------------------------------------------------------------------------------------------
BAR-estimator:         λ             λ+δλ          ΔΔA             ΔA            C               Δδe            δe       
                          
-----------------------------------------------------------------------------------------------------------------------------------
BAR-estimator:      0.00000        0.05000        1.3573         1.3573         1.3573         0.0137         0.0137 
BAR-estimator:      0.05000        0.10000        0.7618         2.1191         0.7618         0.0084         0.0160 
BAR-estimator:      0.10000        0.15000        0.4336         2.5527         0.4336         0.0063         0.0172 
BAR-estimator:      0.15000        0.20000        0.2505         2.8032         0.2505         0.0048         0.0179 
BAR-estimator:      0.20000        0.25000        0.1525         2.9558         0.1525         0.0037         0.0183 
BAR-estimator:      0.25000        0.30000        0.0825         3.0383         0.0825         0.0038         0.0187 
BAR-estimator:      0.30000        0.35000        0.0447         3.0830         0.0447         0.0031         0.0189 
BAR-estimator:      0.35000        0.40000        0.0055         3.0885         0.0055         0.0030         0.0192 
BAR-estimator:      0.40000        0.45000       -0.0172         3.0713        -0.0172         0.0027         0.0194 
BAR-estimator:      0.45000        0.50000       -0.0440         3.0273        -0.0440         0.0026         0.0195 
BAR-estimator:      0.50000        0.55000       -0.0729         2.9544        -0.0729         0.0031         0.0198 
BAR-estimator:      0.55000        0.60000       -0.1249         2.8295        -0.1249         0.0026         0.0199 
BAR-estimator:      0.60000        0.65000       -0.1584         2.6711        -0.1584         0.0026         0.0201 
BAR-estimator:      0.65000        0.70000       -0.1846         2.4866        -0.1846         0.0026         0.0203 
BAR-estimator:      0.70000        0.75000       -0.1982         2.2884        -0.1982         0.0028         0.0205 
BAR-estimator:      0.75000        0.80000       -0.2247         2.0637        -0.2247         0.0023         0.0206 
BAR-estimator:      0.80000        0.85000       -0.2345         1.8292        -0.2345         0.0024         0.0207 
BAR-estimator:      0.85000        0.90000       -0.2484         1.5809        -0.2484         0.0027         0.0209 
BAR-estimator:      0.90000        0.95000       -0.2540         1.3268        -0.2540         0.0026         0.0211 
BAR-estimator:      0.95000        1.00000       -0.2669         1.0599        -0.2669         0.0027         0.0212 
BAR-estimator: total free energy change is 1.0599433113655858 , total error is 0.021222626326303392
