#========================================================================================
#                     Free energy perturbation    
#----------------------------------------------------------------------------------------
#forward/backward          λ              ΔΔA                 ΔA                  δε   
#                                                 
#----------------------------------------------------------------------------------------
forward:               0.0000              0.0000              0.0000              0.0000  
forward:               0.0500              1.3765              1.3765              0.0165  
forward:               0.1000              0.7717              2.1482              0.0199  
forward:               0.1500              0.4365              2.5847              0.0216  
forward:               0.2000              0.2546              2.8392              0.0226  
forward:               0.2500              0.1559              2.9952              0.0233  
forward:               0.3000              0.0988              3.0939              0.0238  
forward:               0.3500              0.0500              3.1439              0.0242  
forward:               0.4000              0.0088              3.1527              0.0245  
forward:               0.4500             -0.0190              3.1337              0.0248  
forward:               0.5000             -0.0457              3.0880              0.0251  
forward:               0.5500             -0.0732              3.0148              0.0253  
forward:               0.6000             -0.1199              2.8949              0.0255  
forward:               0.6500             -0.1503              2.7446              0.0258  
forward:               0.7000             -0.1802              2.5643              0.0260  
forward:               0.7500             -0.2033              2.3610              0.0262  
forward:               0.8000             -0.2151              2.1460              0.0263  
forward:               0.8500             -0.2323              1.9137              0.0264  
forward:               0.9000             -0.2520              1.6618              0.0266  
forward:               0.9500             -0.2575              1.4043              0.0267  
forward:               1.0000             -0.2696              1.1347              0.0268  
backward:              1.0000              0.0000              1.1347              0.0000  
backward:              0.9500              0.2672              1.4020              0.0030  
backward:              0.9000              0.2555              1.6575              0.0044  
backward:              0.8500              0.2496              1.9071              0.0054  
backward:              0.8000              0.2324              2.1394              0.0064  
backward:              0.7500              0.2163              2.3557              0.0072  
backward:              0.7000              0.1968              2.5525              0.0080  
backward:              0.6500              0.1753              2.7278              0.0088  
backward:              0.6000              0.1607              2.8886              0.0094  
backward:              0.5500              0.1125              3.0011              0.0101  
backward:              0.5000              0.0765              3.0777              0.0110  
backward:              0.4500              0.0318              3.1094              0.0121  
backward:              0.4000              0.0172              3.1266              0.0127  
backward:              0.3500             -0.0160              3.1106              0.0136  
backward:              0.3000             -0.0367              3.0739              0.0146  
backward:              0.2500             -0.0780              2.9960              0.0158  
backward:              0.2000             -0.1587              2.8373              0.0172  
backward:              0.1500             -0.2668              2.5705              0.0199  
backward:              0.1000             -0.4353              2.1352              0.0227  
backward:              0.0500             -0.7363              1.3989              0.0277  
backward:              0.0000             -1.3938              0.0051              0.0870  
Inaccuracy estimation
======================================================================================================
                   i        i+δi          P0_overlap_P1   δε(forward)/ε   δε(backward)/ε
======================================================================================================
inaccuracy:  0.00000        0.05000           39.87           -0.03            1.78
inaccuracy:  0.05000        0.10000           52.99           -0.02            0.74
inaccuracy:  0.10000        0.15000           62.72           -0.01            0.39
inaccuracy:  0.15000        0.20000           69.06           -0.01            0.22
inaccuracy:  0.20000        0.25000           72.64           -0.01            0.16
inaccuracy:  0.25000        0.30000           72.90           -0.01            0.13
inaccuracy:  0.30000        0.35000           74.39           -0.01            0.10
inaccuracy:  0.35000        0.40000           77.95           -0.01            0.09
inaccuracy:  0.40000        0.45000           78.55           -0.01            0.08
inaccuracy:  0.45000        0.50000           80.04           -0.01            0.06
inaccuracy:  0.50000        0.55000           76.15           -0.02            0.08
inaccuracy:  0.55000        0.60000           78.05           -0.02            0.06
inaccuracy:  0.60000        0.65000           78.19           -0.02            0.06
inaccuracy:  0.65000        0.70000           79.32           -0.02            0.05
inaccuracy:  0.70000        0.75000           79.44           -0.02            0.05
inaccuracy:  0.75000        0.80000           79.10           -0.01            0.05
inaccuracy:  0.80000        0.85000           78.40           -0.02            0.05
inaccuracy:  0.85000        0.90000           79.35           -0.01            0.05
inaccuracy:  0.90000        0.95000           79.03           -0.02            0.05
inaccuracy:  0.95000        1.00000           78.56           -0.02            0.04
===================================================================================================================================
                BAR        
-----------------------------------------------------------------------------------------------------------------------------------
BAR-estimator:         λ             λ+δλ          ΔΔA             ΔA            C               Δδe            δe       
                          
-----------------------------------------------------------------------------------------------------------------------------------
BAR-estimator:      0.00000        0.05000        1.3746         1.3746         1.3746         0.0090         0.0090 
BAR-estimator:      0.05000        0.10000        0.7654         2.1400         0.7654         0.0070         0.0114 
BAR-estimator:      0.10000        0.15000        0.4424         2.5824         0.4424         0.0056         0.0127 
BAR-estimator:      0.15000        0.20000        0.2562         2.8386         0.2562         0.0045         0.0135 
BAR-estimator:      0.20000        0.25000        0.1574         2.9960         0.1574         0.0036         0.0139 
BAR-estimator:      0.25000        0.30000        0.0902         3.0862         0.0902         0.0033         0.0143 
BAR-estimator:      0.30000        0.35000        0.0442         3.1304         0.0442         0.0029         0.0146 
BAR-estimator:      0.35000        0.40000        0.0124         3.1429         0.0124         0.0027         0.0149 
BAR-estimator:      0.40000        0.45000       -0.0179         3.1249        -0.0179         0.0026         0.0151 
BAR-estimator:      0.45000        0.50000       -0.0409         3.0840        -0.0409         0.0025         0.0153 
BAR-estimator:      0.50000        0.55000       -0.0756         3.0084        -0.0756         0.0025         0.0155 
BAR-estimator:      0.55000        0.60000       -0.1176         2.8908        -0.1176         0.0028         0.0158 
BAR-estimator:      0.60000        0.65000       -0.1529         2.7379        -0.1529         0.0024         0.0159 
BAR-estimator:      0.65000        0.70000       -0.1782         2.5597        -0.1782         0.0024         0.0161 
BAR-estimator:      0.70000        0.75000       -0.2016         2.3581        -0.2016         0.0024         0.0163 
BAR-estimator:      0.75000        0.80000       -0.2145         2.1435        -0.2145         0.0022         0.0164 
BAR-estimator:      0.80000        0.85000       -0.2335         1.9100        -0.2335         0.0025         0.0166 
BAR-estimator:      0.85000        0.90000       -0.2506         1.6595        -0.2506         0.0024         0.0168 
BAR-estimator:      0.90000        0.95000       -0.2562         1.4032        -0.2562         0.0024         0.0170 
BAR-estimator:      0.95000        1.00000       -0.2686         1.1346        -0.2686         0.0021         0.0171 
BAR-estimator: total free energy change is 1.1345799395462834 , total error is 0.01708938325022416
