#========================================================================================
#                     Free energy perturbation    
#----------------------------------------------------------------------------------------
#forward/backward          λ              ΔΔA                 ΔA                  δε   
#                                                 
#----------------------------------------------------------------------------------------
forward:               0.0000              0.0000              0.0000              0.0000  
forward:               0.0500              1.4207              1.4207              0.0193  
forward:               0.1000              0.6667              2.0874              0.0233  
forward:               0.1500              0.3610              2.4484              0.0252  
forward:               0.2000              0.1962              2.6445              0.0260  
forward:               0.2500              0.1047              2.7492              0.0273  
forward:               0.3000              0.0499              2.7991              0.0277  
forward:               0.3500              0.0041              2.8033              0.0283  
forward:               0.4000             -0.0300              2.7733              0.0286  
forward:               0.4500             -0.0449              2.7283              0.0289  
forward:               0.5000             -0.0796              2.6488              0.0291  
forward:               0.5500             -0.1300              2.5188              0.0295  
forward:               0.6000             -0.1870              2.3317              0.0298  
forward:               0.6500             -0.2226              2.1092              0.0301  
forward:               0.7000             -0.2614              1.8477              0.0303  
forward:               0.7500             -0.2830              1.5647              0.0304  
forward:               0.8000             -0.3129              1.2518              0.0306  
forward:               0.8500             -0.3174              0.9343              0.0308  
forward:               0.9000             -0.3368              0.5975              0.0310  
forward:               0.9500             -0.3422              0.2553              0.0311  
forward:               1.0000             -0.3588             -0.1034              0.0313  
backward:              1.0000              0.0000             -0.1034              0.0000  
backward:              0.9500              0.3552              0.2518              0.0036  
backward:              0.9000              0.3415              0.5933              0.0049  
backward:              0.8500              0.3358              0.9291              0.0062  
backward:              0.8000              0.3234              1.2525              0.0072  
backward:              0.7500              0.3023              1.5547              0.0082  
backward:              0.7000              0.2861              1.8409              0.0090  
backward:              0.6500              0.2707              2.1115              0.0098  
backward:              0.6000              0.2267              2.3382              0.0105  
backward:              0.5500              0.1913              2.5295              0.0113  
backward:              0.5000              0.1169              2.6464              0.0125  
backward:              0.4500              0.0753              2.7217              0.0133  
backward:              0.4000              0.0470              2.7686              0.0137  
backward:              0.3500              0.0286              2.7972              0.0147  
backward:              0.3000             -0.0051              2.7921              0.0158  
backward:              0.2500             -0.0498              2.7423              0.0170  
backward:              0.2000             -0.1079              2.6344              0.0182  
backward:              0.1500             -0.1979              2.4365              0.0215  
backward:              0.1000             -0.3547              2.0817              0.0250  
backward:              0.0500             -0.6352              1.4466              0.0309  
backward:              0.0000             -1.2868              0.1598              0.0459  
Inaccuracy estimation
======================================================================================================
                   i        i+δi          P0_overlap_P1   δε(forward)/ε   δε(backward)/ε
======================================================================================================
inaccuracy:  0.00000        0.05000           35.08           -0.03            2.43
inaccuracy:  0.05000        0.10000           53.00           -0.01            0.73
inaccuracy:  0.10000        0.15000           63.20           -0.01            0.35
inaccuracy:  0.15000        0.20000           69.66           -0.01            0.22
inaccuracy:  0.20000        0.25000           73.72           -0.01            0.15
inaccuracy:  0.25000        0.30000           74.58           -0.01            0.11
inaccuracy:  0.30000        0.35000           75.89           -0.01            0.09
inaccuracy:  0.35000        0.40000           77.43           -0.01            0.08
inaccuracy:  0.40000        0.45000           77.05           -0.01            0.08
inaccuracy:  0.45000        0.50000           78.69           -0.01            0.07
inaccuracy:  0.50000        0.55000           76.44           -0.02            0.08
inaccuracy:  0.55000        0.60000           76.59           -0.02            0.07
inaccuracy:  0.60000        0.65000           77.22           -0.02            0.06
inaccuracy:  0.65000        0.70000           76.42           -0.02            0.06
inaccuracy:  0.70000        0.75000           77.40           -0.02            0.05
inaccuracy:  0.75000        0.80000           78.68           -0.02            0.05
inaccuracy:  0.80000        0.85000           77.05           -0.03            0.05
inaccuracy:  0.85000        0.90000           77.39           -0.02            0.05
inaccuracy:  0.90000        0.95000           77.80           -0.02            0.05
inaccuracy:  0.95000        1.00000           77.88           -0.02            0.05
===================================================================================================================================
                BAR        
-----------------------------------------------------------------------------------------------------------------------------------
BAR-estimator:         λ             λ+δλ          ΔΔA             ΔA            C               Δδe            δe       
                          
-----------------------------------------------------------------------------------------------------------------------------------
BAR-estimator:      0.00000        0.05000        1.4181         1.4181         1.4181         0.0126         0.0126 
BAR-estimator:      0.05000        0.10000        0.6557         2.0737         0.6557         0.0080         0.0149 
BAR-estimator:      0.10000        0.15000        0.3612         2.4349         0.3612         0.0064         0.0162 
BAR-estimator:      0.15000        0.20000        0.2012         2.6361         0.2012         0.0048         0.0169 
BAR-estimator:      0.20000        0.25000        0.1091         2.7452         0.1091         0.0039         0.0174 
BAR-estimator:      0.25000        0.30000        0.0468         2.7920         0.0468         0.0033         0.0177 
BAR-estimator:      0.30000        0.35000        0.0045         2.7965         0.0045         0.0021         0.0178 
BAR-estimator:      0.35000        0.40000       -0.0304         2.7661        -0.0304         0.0029         0.0180 
BAR-estimator:      0.40000        0.45000       -0.0457         2.7203        -0.0457         0.0029         0.0182 
BAR-estimator:      0.45000        0.50000       -0.0776         2.6428        -0.0776         0.0027         0.0184 
BAR-estimator:      0.50000        0.55000       -0.1243         2.5184        -0.1243         0.0030         0.0187 
BAR-estimator:      0.55000        0.60000       -0.1861         2.3324        -0.1861         0.0028         0.0189 
BAR-estimator:      0.60000        0.65000       -0.2235         2.1089        -0.2235         0.0029         0.0191 
BAR-estimator:      0.65000        0.70000       -0.2651         1.8438        -0.2651         0.0026         0.0193 
BAR-estimator:      0.70000        0.75000       -0.2833         1.5605        -0.2833         0.0027         0.0195 
BAR-estimator:      0.75000        0.80000       -0.3086         1.2519        -0.3086         0.0026         0.0197 
BAR-estimator:      0.80000        0.85000       -0.3211         0.9308        -0.3211         0.0028         0.0199 
BAR-estimator:      0.85000        0.90000       -0.3364         0.5944        -0.3364         0.0026         0.0200 
BAR-estimator:      0.90000        0.95000       -0.3410         0.2534        -0.3410         0.0027         0.0202 
BAR-estimator:      0.95000        1.00000       -0.3564        -0.1029        -0.3564         0.0026         0.0204 
BAR-estimator: total free energy change is -0.10293218153198291 , total error is 0.020379693725513865
