#========================================================================================
#                     Free energy perturbation    
#----------------------------------------------------------------------------------------
#forward/backward          λ              ΔΔA                 ΔA                  δε   
#                                                 
#----------------------------------------------------------------------------------------
forward:               0.0000              0.0000              0.0000              0.0000  
forward:               0.0500              1.4409              1.4409              0.0180  
forward:               0.1000              0.6777              2.1186              0.0212  
forward:               0.1500              0.3701              2.4887              0.0231  
forward:               0.2000              0.2106              2.6993              0.0241  
forward:               0.2500              0.1276              2.8269              0.0248  
forward:               0.3000              0.0472              2.8741              0.0252  
forward:               0.3500              0.0010              2.8751              0.0256  
forward:               0.4000             -0.0309              2.8442              0.0259  
forward:               0.4500             -0.0625              2.7816              0.0261  
forward:               0.5000             -0.0714              2.7102              0.0263  
forward:               0.5500             -0.1240              2.5862              0.0266  
forward:               0.6000             -0.2205              2.3657              0.0268  
forward:               0.6500             -0.2849              2.0807              0.0270  
forward:               0.7000             -0.3424              1.7384              0.0272  
forward:               0.7500             -0.3936              1.3448              0.0274  
forward:               0.8000             -0.3957              0.9491              0.0275  
forward:               0.8500             -0.3334              0.6157              0.0277  
forward:               0.9000             -0.3421              0.2736              0.0278  
forward:               0.9500             -0.3561             -0.0824              0.0280  
forward:               1.0000             -0.4957             -0.5781              0.0281  
backward:              1.0000              0.0000             -0.5781              0.0000  
backward:              0.9500              0.3599             -0.2183              0.0033  
backward:              0.9000              0.3521              0.1338              0.0047  
backward:              0.8500              0.4190              0.5528              0.0065  
backward:              0.8000              0.4570              1.0098              0.0076  
backward:              0.7500              0.3096              1.3194              0.0089  
backward:              0.7000              0.3748              1.6942              0.0096  
backward:              0.6500              0.3399              2.0341              0.0105  
backward:              0.6000              0.2829              2.3171              0.0116  
backward:              0.5500              0.2157              2.5328              0.0124  
backward:              0.5000              0.1359              2.6687              0.0131  
backward:              0.4500              0.0758              2.7444              0.0137  
backward:              0.4000              0.0527              2.7971              0.0144  
backward:              0.3500              0.0227              2.8198              0.0152  
backward:              0.3000             -0.0051              2.8147              0.0161  
backward:              0.2500             -0.0413              2.7735              0.0170  
backward:              0.2000             -0.1020              2.6715              0.0183  
backward:              0.1500             -0.2029              2.4686              0.0214  
backward:              0.1000             -0.3603              2.1082              0.0266  
backward:              0.0500             -0.6937              1.4145              0.0326  
backward:              0.0000             -1.3508              0.0637              0.0497  
Inaccuracy estimation
======================================================================================================
                   i        i+δi          P0_overlap_P1   δε(forward)/ε   δε(backward)/ε
======================================================================================================
inaccuracy:  0.00000        0.05000           35.53           -0.03            2.37
inaccuracy:  0.05000        0.10000           54.76           -0.01            0.69
inaccuracy:  0.10000        0.15000           62.27           -0.02            0.35
inaccuracy:  0.15000        0.20000           68.37           -0.01            0.22
inaccuracy:  0.20000        0.25000           70.38           -0.01            0.16
inaccuracy:  0.25000        0.30000           74.64           -0.01            0.12
inaccuracy:  0.30000        0.35000           76.46           -0.01            0.09
inaccuracy:  0.35000        0.40000           78.33           -0.01            0.08
inaccuracy:  0.40000        0.45000           79.95           -0.01            0.07
inaccuracy:  0.45000        0.50000           77.90           -0.01            0.07
inaccuracy:  0.50000        0.55000           73.17           -0.03            0.09
inaccuracy:  0.55000        0.60000           76.35           -0.03            0.07
inaccuracy:  0.60000        0.65000           76.71           -0.03            0.06
inaccuracy:  0.65000        0.70000           76.43           -0.03            0.05
inaccuracy:  0.70000        0.75000           78.87           -0.02            0.05
inaccuracy:  0.75000        0.80000           83.25           -0.00            0.04
inaccuracy:  0.80000        0.85000           63.99           -0.14            0.06
inaccuracy:  0.85000        0.90000           68.73           -0.10            0.05
inaccuracy:  0.90000        0.95000           78.29           -0.02            0.05
inaccuracy:  0.95000        1.00000           84.31           -0.00            0.04
===================================================================================================================================
                BAR        
-----------------------------------------------------------------------------------------------------------------------------------
BAR-estimator:         λ             λ+δλ          ΔΔA             ΔA            C               Δδe            δe       
                          
-----------------------------------------------------------------------------------------------------------------------------------
BAR-estimator:      0.00000        0.05000        1.4340         1.4340         1.4340         0.0106         0.0106 
BAR-estimator:      0.05000        0.10000        0.6866         2.1206         0.6866         0.0072         0.0128 
BAR-estimator:      0.10000        0.15000        0.3632         2.4838         0.3632         0.0056         0.0139 
BAR-estimator:      0.15000        0.20000        0.2082         2.6920         0.2082         0.0047         0.0147 
BAR-estimator:      0.20000        0.25000        0.1182         2.8101         0.1182         0.0036         0.0151 
BAR-estimator:      0.25000        0.30000        0.0452         2.8553         0.0452         0.0032         0.0155 
BAR-estimator:      0.30000        0.35000        0.0024         2.8577         0.0024         0.0029         0.0157 
BAR-estimator:      0.35000        0.40000       -0.0299         2.8278        -0.0299         0.0026         0.0160 
BAR-estimator:      0.40000        0.45000       -0.0574         2.7704        -0.0574         0.0025         0.0161 
BAR-estimator:      0.45000        0.50000       -0.0735         2.6969        -0.0735         0.0024         0.0163 
BAR-estimator:      0.50000        0.55000       -0.1290         2.5679        -0.1290         0.0028         0.0166 
BAR-estimator:      0.55000        0.60000       -0.2183         2.3496        -0.2183         0.0026         0.0168 
BAR-estimator:      0.60000        0.65000       -0.2842         2.0653        -0.2842         0.0025         0.0169 
BAR-estimator:      0.65000        0.70000       -0.3419         1.7234        -0.3419         0.0026         0.0171 
BAR-estimator:      0.70000        0.75000       -0.3837         1.3397        -0.3837         0.0025         0.0173 
BAR-estimator:      0.75000        0.80000       -0.3466         0.9931        -0.3466         0.0024         0.0175 
BAR-estimator:      0.80000        0.85000       -0.4013         0.5918        -0.4013         0.0027         0.0177 
BAR-estimator:      0.85000        0.90000       -0.3907         0.2012        -0.3907         0.0029         0.0179 
BAR-estimator:      0.90000        0.95000       -0.3532        -0.1521        -0.3532         0.0023         0.0181 
BAR-estimator:      0.95000        1.00000       -0.4211        -0.5731        -0.4211         0.0184         0.0258 
BAR-estimator: total free energy change is -0.5731219369753018 , total error is 0.02583295788881113
