#========================================================================================
#                     Free energy perturbation    
#----------------------------------------------------------------------------------------
#forward/backward          λ              ΔΔA                 ΔA                  δε   
#                                                 
#----------------------------------------------------------------------------------------
forward:               0.0000              0.0000              0.0000              0.0000  
forward:               0.0625             -0.1762             -0.1762              0.0601  
forward:               0.1250             -0.0628             -0.2390              0.0707  
forward:               0.1875             -0.1178             -0.3569              0.0892  
forward:               0.2500             -0.3552             -0.7121              0.1410  
forward:               0.3125             -0.1742             -0.8862              0.1498  
forward:               0.3750             -0.1413             -1.0276              0.1572  
forward:               0.4375             -0.1255             -1.1531              0.1830  
forward:               0.5000             -0.1950             -1.3481              0.1956  
forward:               0.5625             -0.2003             -1.5483              0.2012  
forward:               0.6250             -0.2388             -1.7872              0.2133  
forward:               0.6875             -0.3153             -2.1025              0.2566  
forward:               0.7500             -0.1656             -2.2681              0.2660  
forward:               0.8125             -0.0780             -2.3461              0.2714  
forward:               0.8750             -0.1284             -2.4745              0.2730  
forward:               0.9375              0.0233             -2.4511              0.2742  
forward:               1.0000             -0.0547             -2.5059              0.2773  
backward:              1.0000              0.0000             -2.5059              0.0000  
backward:              0.9375              0.0388             -2.4671              0.0331  
backward:              0.8750              0.1625             -2.3046              0.0448  
backward:              0.8125              0.0521             -2.2525              0.0510  
backward:              0.7500              0.2138             -2.0387              0.0851  
backward:              0.6875              0.2120             -1.8266              0.1071  
backward:              0.6250              0.2392             -1.5875              0.1305  
backward:              0.5625              0.1930             -1.3945              0.1426  
backward:              0.5000              0.2248             -1.1698              0.1503  
backward:              0.4375              0.1328             -1.0369              0.1549  
backward:              0.3750              0.1075             -0.9294              0.1676  
backward:              0.3125              0.1841             -0.7453              0.1773  
backward:              0.2500              0.2226             -0.5227              0.1840  
backward:              0.1875              0.1395             -0.3832              0.1901  
backward:              0.1250              0.2453             -0.1379              0.2012  
backward:              0.0625              0.1655              0.0276              0.2098  
backward:              0.0000              0.0911              0.1187              0.2244  
Inaccuracy estimation
======================================================================================================
                   i        i+δi          P0_overlap_P1   δε(forward)/ε   δε(backward)/ε
======================================================================================================
inaccuracy:  0.00000        0.06250           75.56           -0.10            0.02
inaccuracy:  0.06250        0.12500           69.83           -0.21            0.04
inaccuracy:  0.12500        0.18750           60.85           -0.21            0.03
inaccuracy:  0.18750        0.25000           86.78           -0.07            0.02
inaccuracy:  0.25000        0.31250           72.57           -0.14            0.03
inaccuracy:  0.31250        0.37500           75.81           -0.21            0.13
inaccuracy:  0.37500        0.43750           77.81           -0.12            0.05
inaccuracy:  0.43750        0.50000           77.81           -0.12            0.07
inaccuracy:  0.50000        0.56250           78.80           -0.17            0.02
inaccuracy:  0.56250        0.62500           78.30           -0.11            0.02
inaccuracy:  0.62500        0.68750           74.06           -0.09            0.05
inaccuracy:  0.68750        0.75000           72.57           -0.15            0.13
inaccuracy:  0.75000        0.81250           62.59           -0.20            0.06
inaccuracy:  0.81250        0.87500           89.28           -0.01            0.01
inaccuracy:  0.87500        0.93750           53.37           -0.09            0.04
inaccuracy:  0.93750        1.00000           81.30           -0.01            0.02
===================================================================================================================================
            	   BAR        
-----------------------------------------------------------------------------------------------------------------------------------
BAR-estimator:         λ             λ+δλ          ΔΔA             ΔA            C               Δδe            δe       
                          
-----------------------------------------------------------------------------------------------------------------------------------
BAR-estimator:      0.00000        0.06250       -0.1724        -0.1724        -0.1724         0.0406         0.0406 
BAR-estimator:      0.06250        0.12500       -0.1379        -0.3103        -0.1379         0.0302         0.0506 
BAR-estimator:      0.12500        0.18750       -0.1909        -0.5012        -0.1909         0.0346         0.0613 
BAR-estimator:      0.18750        0.25000       -0.2151        -0.7163        -0.2151         0.0497         0.0789 
BAR-estimator:      0.25000        0.31250       -0.2117        -0.9280        -0.2117         0.0471         0.0919 
BAR-estimator:      0.31250        0.37500       -0.1808        -1.1088        -0.1808         0.0483         0.1038 
BAR-estimator:      0.37500        0.43750       -0.1205        -1.2292        -0.1205         0.0527         0.1164 
BAR-estimator:      0.43750        0.50000       -0.1678        -1.3970        -0.1678         0.0352         0.1217 
BAR-estimator:      0.50000        0.56250       -0.2122        -1.6093        -0.2122         0.0295         0.1252 
BAR-estimator:      0.56250        0.62500       -0.2185        -1.8278        -0.2185         0.0453         0.1331 
BAR-estimator:      0.62500        0.68750       -0.2499        -2.0776        -0.2499         0.0479         0.1415 
BAR-estimator:      0.68750        0.75000       -0.2013        -2.2790        -0.2013         0.0396         0.1469 
BAR-estimator:      0.75000        0.81250       -0.1695        -2.4485        -0.1695         0.0354         0.1511 
BAR-estimator:      0.81250        0.87500       -0.0882        -2.5367        -0.0882         0.0244         0.1531 
BAR-estimator:      0.87500        0.93750       -0.0833        -2.6199        -0.0833         0.0218         0.1546 
BAR-estimator:      0.93750        1.00000       -0.0479        -2.6679        -0.0479         0.0340         0.1583 
BAR-estimator: total free energy change is -2.667871813995311 , total error is 0.1583264900200409
