#========================================================================================
#                     Free energy perturbation    
#----------------------------------------------------------------------------------------
#forward/backward          λ              ΔΔA                 ΔA                  δε   
#                                                 
#----------------------------------------------------------------------------------------
forward:               0.0000              0.0000              0.0000              0.0000  
forward:               0.0500              1.5343              1.5343              0.0225  
forward:               0.1000              0.9975              2.5318              0.0284  
forward:               0.1500              0.5802              3.1120              0.0309  
forward:               0.2000              0.3421              3.4541              0.0326  
forward:               0.2500              0.2342              3.6883              0.0336  
forward:               0.3000              0.1599              3.8482              0.0341  
forward:               0.3500              0.1056              3.9538              0.0346  
forward:               0.4000              0.0668              4.0206              0.0350  
forward:               0.4500              0.0401              4.0607              0.0353  
forward:               0.5000              0.0187              4.0794              0.0355  
forward:               0.5500             -0.0394              4.0400              0.0358  
forward:               0.6000             -0.0730              3.9670              0.0360  
forward:               0.6500             -0.0803              3.8867              0.0362  
forward:               0.7000             -0.1017              3.7850              0.0364  
forward:               0.7500             -0.1059              3.6791              0.0366  
forward:               0.8000             -0.1042              3.5749              0.0368  
forward:               0.8500             -0.1067              3.4682              0.0368  
forward:               0.9000             -0.1152              3.3530              0.0370  
forward:               0.9500             -0.1100              3.2430              0.0371  
forward:               1.0000             -0.1169              3.1261              0.0373  
backward:              1.0000              0.0000              3.1261              0.0000  
backward:              0.9500              0.1161              3.2422              0.0042  
backward:              0.9000              0.1055              3.3477              0.0057  
backward:              0.8500              0.1056              3.4533              0.0068  
backward:              0.8000              0.1129              3.5662              0.0089  
backward:              0.7500              0.1086              3.6748              0.0097  
backward:              0.7000              0.0977              3.7725              0.0106  
backward:              0.6500              0.1015              3.8740              0.0112  
backward:              0.6000              0.0862              3.9603              0.0121  
backward:              0.5500              0.0820              4.0422              0.0127  
backward:              0.5000              0.0396              4.0818              0.0136  
backward:              0.4500             -0.0247              4.0571              0.0144  
backward:              0.4000             -0.0532              4.0039              0.0155  
backward:              0.3500             -0.0754              3.9285              0.0164  
backward:              0.3000             -0.0997              3.8288              0.0176  
backward:              0.2500             -0.1508              3.6780              0.0192  
backward:              0.2000             -0.2359              3.4421              0.0214  
backward:              0.1500             -0.3369              3.1053              0.0234  
backward:              0.1000             -0.5701              2.5352              0.0289  
backward:              0.0500             -1.0159              1.5193              0.0542  
backward:              0.0000             -1.5445             -0.0251              0.0587  
Inaccuracy estimation
======================================================================================================
                   i        i+δi          P0_overlap_P1   δε(forward)/ε   δε(backward)/ε
======================================================================================================
inaccuracy:  0.00000        0.05000           42.30           -0.02            1.04
inaccuracy:  0.05000        0.10000           46.53           -0.03            1.07
inaccuracy:  0.10000        0.15000           56.35           -0.02            0.56
inaccuracy:  0.15000        0.20000           64.27           -0.01            0.32
inaccuracy:  0.20000        0.25000           68.42           -0.01            0.22
inaccuracy:  0.25000        0.30000           69.67           -0.01            0.17
inaccuracy:  0.30000        0.35000           72.28           -0.01            0.14
inaccuracy:  0.35000        0.40000           74.85           -0.01            0.12
inaccuracy:  0.40000        0.45000           75.63           -0.01            0.10
inaccuracy:  0.45000        0.50000           76.48           -0.01            0.09
inaccuracy:  0.50000        0.55000           75.22           -0.02            0.10
inaccuracy:  0.55000        0.60000           74.87           -0.02            0.08
inaccuracy:  0.60000        0.65000           75.45           -0.01            0.08
inaccuracy:  0.65000        0.70000           76.23           -0.01            0.07
inaccuracy:  0.70000        0.75000           77.35           -0.01            0.07
inaccuracy:  0.75000        0.80000           76.22           -0.02            0.08
inaccuracy:  0.80000        0.85000           76.45           -0.02            0.08
inaccuracy:  0.85000        0.90000           77.79           -0.01            0.07
inaccuracy:  0.90000        0.95000           76.74           -0.02            0.07
inaccuracy:  0.95000        1.00000           76.78           -0.02            0.07
===================================================================================================================================
                BAR        
-----------------------------------------------------------------------------------------------------------------------------------
BAR-estimator:         λ             λ+δλ          ΔΔA             ΔA            C               Δδe            δe       
                          
-----------------------------------------------------------------------------------------------------------------------------------
BAR-estimator:      0.00000        0.05000        1.5398         1.5398         1.5398         0.0101         0.0101 
BAR-estimator:      0.05000        0.10000        0.9909         2.5307         0.9909         0.0104         0.0145 
BAR-estimator:      0.10000        0.15000        0.5708         3.1015         0.5708         0.0078         0.0164 
BAR-estimator:      0.15000        0.20000        0.3428         3.4443         0.3428         0.0065         0.0177 
BAR-estimator:      0.20000        0.25000        0.2349         3.6792         0.2349         0.0041         0.0181 
BAR-estimator:      0.25000        0.30000        0.1536         3.8327         0.1536         0.0039         0.0185 
BAR-estimator:      0.30000        0.35000        0.1042         3.9369         0.1042         0.0037         0.0189 
BAR-estimator:      0.35000        0.40000        0.0701         4.0071         0.0701         0.0036         0.0192 
BAR-estimator:      0.40000        0.45000        0.0447         4.0518         0.0447         0.0031         0.0195 
BAR-estimator:      0.45000        0.50000        0.0211         4.0728         0.0211         0.0031         0.0197 
BAR-estimator:      0.50000        0.55000       -0.0397         4.0331        -0.0397         0.0032         0.0200 
BAR-estimator:      0.55000        0.60000       -0.0769         3.9562        -0.0769         0.0028         0.0202 
BAR-estimator:      0.60000        0.65000       -0.0833         3.8730        -0.0833         0.0027         0.0204 
BAR-estimator:      0.65000        0.70000       -0.1019         3.7711        -0.1019         0.0027         0.0205 
BAR-estimator:      0.70000        0.75000       -0.1027         3.6684        -0.1027         0.0029         0.0207 
BAR-estimator:      0.75000        0.80000       -0.1060         3.5624        -0.1060         0.0030         0.0210 
BAR-estimator:      0.80000        0.85000       -0.1073         3.4551        -0.1073         0.0026         0.0211 
BAR-estimator:      0.85000        0.90000       -0.1113         3.3438        -0.1113         0.0030         0.0213 
BAR-estimator:      0.90000        0.95000       -0.1084         3.2354        -0.1084         0.0030         0.0215 
BAR-estimator:      0.95000        1.00000       -0.1163         3.1191        -0.1163         0.0031         0.0218 
BAR-estimator: total free energy change is 3.1191413669607555 , total error is 0.02176881995844767
