#========================================================================================
#                     Free energy perturbation    
#----------------------------------------------------------------------------------------
#forward/backward          λ              ΔΔA                 ΔA                  δε   
#                                                 
#----------------------------------------------------------------------------------------
forward:               0.0000              0.0000              0.0000              0.0000  
forward:               0.0500              0.7011              0.7011              0.0135  
forward:               0.1000              0.4328              1.1339              0.0166  
forward:               0.1500              0.2922              1.4261              0.0179  
forward:               0.2000              0.2190              1.6451              0.0189  
forward:               0.2500              0.1601              1.8052              0.0196  
forward:               0.3000              0.1233              1.9284              0.0202  
forward:               0.3500              0.1057              2.0342              0.0206  
forward:               0.4000              0.0767              2.1108              0.0213  
forward:               0.4500              0.0643              2.1751              0.0216  
forward:               0.5000              0.0459              2.2210              0.0219  
forward:               0.5500              0.0274              2.2484              0.0222  
forward:               0.6000             -0.0306              2.2178              0.0225  
forward:               0.6500             -0.0575              2.1603              0.0228  
forward:               0.7000             -0.0840              2.0764              0.0230  
forward:               0.7500             -0.1092              1.9672              0.0232  
forward:               0.8000             -0.1283              1.8389              0.0234  
forward:               0.8500             -0.1403              1.6986              0.0236  
forward:               0.9000             -0.1563              1.5423              0.0238  
forward:               0.9500             -0.1601              1.3822              0.0240  
forward:               1.0000             -0.1739              1.2083              0.0242  
backward:              1.0000              0.0000              1.2083              0.0000  
backward:              0.9500              0.1746              1.3829              0.0032  
backward:              0.9000              0.1649              1.5478              0.0048  
backward:              0.8500              0.1569              1.7048              0.0059  
backward:              0.8000              0.1394              1.8442              0.0068  
backward:              0.7500              0.1273              1.9715              0.0076  
backward:              0.7000              0.1039              2.0754              0.0082  
backward:              0.6500              0.0872              2.1626              0.0090  
backward:              0.6000              0.0559              2.2185              0.0097  
backward:              0.5500              0.0200              2.2385              0.0105  
backward:              0.5000             -0.0227              2.2159              0.0115  
backward:              0.4500             -0.0427              2.1732              0.0123  
backward:              0.4000             -0.0663              2.1069              0.0130  
backward:              0.3500             -0.0759              2.0309              0.0138  
backward:              0.3000             -0.0986              1.9323              0.0140  
backward:              0.2500             -0.1238              1.8084              0.0148  
backward:              0.2000             -0.1605              1.6480              0.0158  
backward:              0.1500             -0.2241              1.4239              0.0173  
backward:              0.1000             -0.2853              1.1386              0.0195  
backward:              0.0500             -0.4255              0.7131              0.0213  
backward:              0.0000             -0.7487             -0.0356              0.0442  
Inaccuracy estimation
======================================================================================================
                   i        i+δi          P0_overlap_P1   δε(forward)/ε   δε(backward)/ε
======================================================================================================
inaccuracy:  0.00000        0.05000           55.58           -0.01            0.68
inaccuracy:  0.05000        0.10000           65.55           -0.01            0.35
inaccuracy:  0.10000        0.15000           69.91           -0.00            0.22
inaccuracy:  0.15000        0.20000           73.93           -0.00            0.15
inaccuracy:  0.20000        0.25000           76.88           -0.00            0.12
inaccuracy:  0.25000        0.30000           78.71           -0.00            0.10
inaccuracy:  0.30000        0.35000           77.94           -0.00            0.08
inaccuracy:  0.35000        0.40000           79.58           -0.00            0.08
inaccuracy:  0.40000        0.45000           80.65           -0.00            0.07
inaccuracy:  0.45000        0.50000           80.26           -0.00            0.07
inaccuracy:  0.50000        0.55000           77.59           -0.01            0.08
inaccuracy:  0.55000        0.60000           80.22           -0.01            0.06
inaccuracy:  0.60000        0.65000           79.87           -0.02            0.06
inaccuracy:  0.65000        0.70000           79.61           -0.02            0.06
inaccuracy:  0.70000        0.75000           80.76           -0.02            0.05
inaccuracy:  0.75000        0.80000           80.08           -0.01            0.05
inaccuracy:  0.80000        0.85000           80.59           -0.01            0.05
inaccuracy:  0.85000        0.90000           79.79           -0.02            0.05
inaccuracy:  0.90000        0.95000           79.27           -0.02            0.05
inaccuracy:  0.95000        1.00000           79.05           -0.02            0.05
===================================================================================================================================
                BAR        
-----------------------------------------------------------------------------------------------------------------------------------
BAR-estimator:         λ             λ+δλ          ΔΔA             ΔA            C               Δδe            δe       
                          
-----------------------------------------------------------------------------------------------------------------------------------
BAR-estimator:      0.00000        0.05000        0.6972         0.6972         0.6972         0.0090         0.0090 
BAR-estimator:      0.05000        0.10000        0.4317         1.1289         0.4317         0.0061         0.0108 
BAR-estimator:      0.10000        0.15000        0.2893         1.4182         0.2893         0.0043         0.0117 
BAR-estimator:      0.15000        0.20000        0.2182         1.6364         0.2182         0.0041         0.0124 
BAR-estimator:      0.20000        0.25000        0.1623         1.7987         0.1623         0.0035         0.0128 
BAR-estimator:      0.25000        0.30000        0.1249         1.9237         0.1249         0.0032         0.0132 
BAR-estimator:      0.30000        0.35000        0.1025         2.0262         0.1025         0.0029         0.0135 
BAR-estimator:      0.35000        0.40000        0.0761         2.1023         0.0761         0.0032         0.0139 
BAR-estimator:      0.40000        0.45000        0.0655         2.1679         0.0655         0.0023         0.0141 
BAR-estimator:      0.45000        0.50000        0.0450         2.2129         0.0450         0.0026         0.0143 
BAR-estimator:      0.50000        0.55000        0.0255         2.2384         0.0255         0.0028         0.0146 
BAR-estimator:      0.55000        0.60000       -0.0262         2.2122        -0.0262         0.0026         0.0148 
BAR-estimator:      0.60000        0.65000       -0.0570         2.1552        -0.0570         0.0026         0.0151 
BAR-estimator:      0.65000        0.70000       -0.0853         2.0699        -0.0853         0.0024         0.0152 
BAR-estimator:      0.70000        0.75000       -0.1068         1.9630        -0.1068         0.0024         0.0154 
BAR-estimator:      0.75000        0.80000       -0.1279         1.8352        -0.1279         0.0023         0.0156 
BAR-estimator:      0.80000        0.85000       -0.1399         1.6952        -0.1399         0.0022         0.0158 
BAR-estimator:      0.85000        0.90000       -0.1571         1.5382        -0.1571         0.0023         0.0159 
BAR-estimator:      0.90000        0.95000       -0.1620         1.3762        -0.1620         0.0025         0.0161 
BAR-estimator:      0.95000        1.00000       -0.1741         1.2021        -0.1741         0.0023         0.0163 
BAR-estimator: total free energy change is 1.2020732408339003 , total error is 0.01629595696793088
