#========================================================================================
#                     Free energy perturbation    
#----------------------------------------------------------------------------------------
#forward/backward          λ              ΔΔA                 ΔA                  δε   
#                                                 
#----------------------------------------------------------------------------------------
forward:               0.0000              0.0000              0.0000              0.0000  
forward:               0.0500              0.7140              0.7140              0.0090  
forward:               0.1000              0.4318              1.1459              0.0112  
forward:               0.1500              0.2942              1.4401              0.0128  
forward:               0.2000              0.2160              1.6561              0.0139  
forward:               0.2500              0.1527              1.8087              0.0144  
forward:               0.3000              0.1258              1.9345              0.0149  
forward:               0.3500              0.1018              2.0363              0.0153  
forward:               0.4000              0.0748              2.1111              0.0157  
forward:               0.4500              0.0599              2.1710              0.0160  
forward:               0.5000              0.0477              2.2186              0.0163  
forward:               0.5500              0.0263              2.2449              0.0166  
forward:               0.6000             -0.0265              2.2184              0.0169  
forward:               0.6500             -0.0615              2.1569              0.0172  
forward:               0.7000             -0.0857              2.0713              0.0175  
forward:               0.7500             -0.1050              1.9663              0.0177  
forward:               0.8000             -0.1250              1.8413              0.0179  
forward:               0.8500             -0.1362              1.7050              0.0181  
forward:               0.9000             -0.1542              1.5509              0.0183  
forward:               0.9500             -0.1642              1.3867              0.0185  
forward:               1.0000             -0.1765              1.2102              0.0186  
backward:              1.0000              0.0000              1.2102              0.0000  
backward:              0.9500              0.1703              1.3805              0.0031  
backward:              0.9000              0.1620              1.5425              0.0044  
backward:              0.8500              0.1551              1.6976              0.0056  
backward:              0.8000              0.1343              1.8318              0.0065  
backward:              0.7500              0.1230              1.9548              0.0080  
backward:              0.7000              0.1007              2.0555              0.0087  
backward:              0.6500              0.0898              2.1454              0.0093  
backward:              0.6000              0.0555              2.2009              0.0100  
backward:              0.5500              0.0164              2.2173              0.0107  
backward:              0.5000             -0.0323              2.1850              0.0113  
backward:              0.4500             -0.0522              2.1328              0.0119  
backward:              0.4000             -0.0705              2.0622              0.0125  
backward:              0.3500             -0.0810              1.9813              0.0131  
backward:              0.3000             -0.0969              1.8844              0.0138  
backward:              0.2500             -0.1184              1.7660              0.0148  
backward:              0.2000             -0.1541              1.6118              0.0156  
backward:              0.1500             -0.2088              1.4030              0.0168  
backward:              0.1000             -0.2935              1.1096              0.0187  
backward:              0.0500             -0.4232              0.6864              0.0221  
backward:              0.0000             -0.6756              0.0108              0.0259  
Inaccuracy estimation
======================================================================================================
                   i        i+δi          P0_overlap_P1   δε(forward)/ε   δε(backward)/ε
======================================================================================================
inaccuracy:  0.00000        0.05000           55.33           -0.01            0.72
inaccuracy:  0.05000        0.10000           65.18           -0.01            0.35
inaccuracy:  0.10000        0.15000           70.85           -0.00            0.21
inaccuracy:  0.15000        0.20000           74.02           -0.00            0.15
inaccuracy:  0.20000        0.25000           77.25           -0.00            0.11
inaccuracy:  0.25000        0.30000           76.66           -0.00            0.10
inaccuracy:  0.30000        0.35000           78.13           -0.00            0.08
inaccuracy:  0.35000        0.40000           80.45           -0.01            0.07
inaccuracy:  0.40000        0.45000           81.57           -0.00            0.07
inaccuracy:  0.45000        0.50000           81.01           -0.00            0.07
inaccuracy:  0.50000        0.55000           78.92           -0.01            0.08
inaccuracy:  0.55000        0.60000           79.73           -0.01            0.06
inaccuracy:  0.60000        0.65000           80.18           -0.01            0.06
inaccuracy:  0.65000        0.70000           79.72           -0.02            0.06
inaccuracy:  0.70000        0.75000           80.29           -0.01            0.06
inaccuracy:  0.75000        0.80000           80.33           -0.02            0.05
inaccuracy:  0.80000        0.85000           80.59           -0.01            0.05
inaccuracy:  0.85000        0.90000           79.55           -0.02            0.05
inaccuracy:  0.90000        0.95000           79.23           -0.01            0.05
inaccuracy:  0.95000        1.00000           80.46           -0.01            0.05
===================================================================================================================================
                BAR        
-----------------------------------------------------------------------------------------------------------------------------------
BAR-estimator:         λ             λ+δλ          ΔΔA             ΔA            C               Δδe            δe       
                          
-----------------------------------------------------------------------------------------------------------------------------------
BAR-estimator:      0.00000        0.05000        0.7057         0.7057         0.7057         0.0060         0.0060 
BAR-estimator:      0.05000        0.10000        0.4296         1.1353         0.4296         0.0048         0.0077 
BAR-estimator:      0.10000        0.15000        0.2932         1.4285         0.2932         0.0039         0.0086 
BAR-estimator:      0.15000        0.20000        0.2140         1.6425         0.2140         0.0035         0.0093 
BAR-estimator:      0.20000        0.25000        0.1544         1.7969         0.1544         0.0028         0.0097 
BAR-estimator:      0.25000        0.30000        0.1222         1.9191         0.1222         0.0026         0.0101 
BAR-estimator:      0.30000        0.35000        0.0989         2.0181         0.0989         0.0024         0.0104 
BAR-estimator:      0.35000        0.40000        0.0758         2.0939         0.0758         0.0023         0.0106 
BAR-estimator:      0.40000        0.45000        0.0630         2.1569         0.0630         0.0022         0.0109 
BAR-estimator:      0.45000        0.50000        0.0492         2.2061         0.0492         0.0030         0.0113 
BAR-estimator:      0.50000        0.55000        0.0295         2.2356         0.0295         0.0024         0.0115 
BAR-estimator:      0.55000        0.60000       -0.0232         2.2123        -0.0232         0.0023         0.0117 
BAR-estimator:      0.60000        0.65000       -0.0591         2.1533        -0.0591         0.0022         0.0120 
BAR-estimator:      0.65000        0.70000       -0.0864         2.0669        -0.0864         0.0022         0.0122 
BAR-estimator:      0.70000        0.75000       -0.1040         1.9629        -0.1040         0.0022         0.0124 
BAR-estimator:      0.75000        0.80000       -0.1245         1.8385        -0.1245         0.0022         0.0125 
BAR-estimator:      0.80000        0.85000       -0.1354         1.7031        -0.1354         0.0022         0.0127 
BAR-estimator:      0.85000        0.90000       -0.1551         1.5480        -0.1551         0.0021         0.0129 
BAR-estimator:      0.90000        0.95000       -0.1631         1.3849        -0.1631         0.0021         0.0131 
BAR-estimator:      0.95000        1.00000       -0.1732         1.2117        -0.1732         0.0021         0.0133 
BAR-estimator: total free energy change is 1.211678248951884 , total error is 0.01325361502445509
