#========================================================================================
#                     Free energy perturbation    
#----------------------------------------------------------------------------------------
#forward/backward          λ              ΔΔA                 ΔA                  δε   
#                                                 
#----------------------------------------------------------------------------------------
forward:               0.0000              0.0000              0.0000              0.0000  
forward:               0.0500              1.7740              1.7740              0.0231  
forward:               0.1000              0.8411              2.6151              0.0285  
forward:               0.1500              0.3620              2.9771              0.0310  
forward:               0.2000              0.1246              3.1017              0.0323  
forward:               0.2500              0.0076              3.1093              0.0329  
forward:               0.3000             -0.0686              3.0407              0.0333  
forward:               0.3500             -0.1265              2.9142              0.0336  
forward:               0.4000             -0.1691              2.7452              0.0338  
forward:               0.4500             -0.1929              2.5523              0.0340  
forward:               0.5000             -0.2240              2.3283              0.0342  
forward:               0.5500             -0.5633              1.7650              0.0349  
forward:               0.6000             -1.0826              0.6825              0.0356  
forward:               0.6500             -1.5667             -0.8842              0.0365  
forward:               0.7000             -1.9704             -2.8547              0.0372  
forward:               0.7500             -2.2045             -5.0592              0.0379  
forward:               0.8000             -2.3295             -7.3888              0.0386  
forward:               0.8500             -2.3559             -9.7447              0.0391  
forward:               0.9000             -2.3455            -12.0902              0.0396  
forward:               0.9500             -2.3110            -14.4012              0.0400  
forward:               1.0000             -2.2770            -16.6782              0.0404  
backward:              1.0000              0.0000            -16.6782              0.0000  
backward:              0.9500              2.2682            -14.4100              0.0147  
backward:              0.9000              2.3107            -12.0993              0.0175  
backward:              0.8500              2.3366             -9.7627              0.0192  
backward:              0.8000              2.3630             -7.3996              0.0206  
backward:              0.7500              2.2951             -5.1045              0.0222  
backward:              0.7000              2.2065             -2.8980              0.0238  
backward:              0.6500              1.9451             -0.9529              0.0254  
backward:              0.6000              1.5619              0.6090              0.0267  
backward:              0.5500              1.0983              1.7073              0.0277  
backward:              0.5000              0.5566              2.2639              0.0293  
backward:              0.4500              0.2126              2.4766              0.0297  
backward:              0.4000              0.1931              2.6696              0.0301  
backward:              0.3500              0.1705              2.8401              0.0305  
backward:              0.3000              0.1264              2.9665              0.0311  
backward:              0.2500              0.0670              3.0335              0.0317  
backward:              0.2000              0.0009              3.0344              0.0324  
backward:              0.1500             -0.1390              2.8954              0.0338  
backward:              0.1000             -0.3635              2.5319              0.0378  
backward:              0.0500             -0.8543              1.6776              0.0460  
backward:              0.0000             -1.7439             -0.0663              0.0569  
Inaccuracy estimation
======================================================================================================
                   i        i+δi          P0_overlap_P1   δε(forward)/ε   δε(backward)/ε
======================================================================================================
inaccuracy:  0.00000        0.05000           31.47           -0.04            2.48
inaccuracy:  0.05000        0.10000           46.23           -0.04            1.08
inaccuracy:  0.10000        0.15000           57.13           -0.02            0.51
inaccuracy:  0.15000        0.20000           65.85           -0.01            0.27
inaccuracy:  0.20000        0.25000           68.98           -0.02            0.18
inaccuracy:  0.25000        0.30000           72.59           -0.02            0.13
inaccuracy:  0.30000        0.35000           74.10           -0.01            0.10
inaccuracy:  0.35000        0.40000           75.09           -0.01            0.09
inaccuracy:  0.40000        0.45000           75.06           -0.01            0.08
inaccuracy:  0.45000        0.50000           76.41           -0.02            0.07
inaccuracy:  0.50000        0.55000           57.78           -0.22            0.17
inaccuracy:  0.55000        0.60000           58.13           -0.29            0.07
inaccuracy:  0.60000        0.65000           57.60           -0.35            0.00
inaccuracy:  0.65000        0.70000           59.02           -0.32           -0.05
inaccuracy:  0.70000        0.75000           58.62           -0.33           -0.07
inaccuracy:  0.75000        0.80000           61.25           -0.32           -0.08
inaccuracy:  0.80000        0.85000           58.59           -0.33           -0.10
inaccuracy:  0.85000        0.90000           58.48           -0.31           -0.07
inaccuracy:  0.90000        0.95000           56.99           -0.33           -0.09
inaccuracy:  0.95000        1.00000           56.04           -0.33           -0.08
===================================================================================================================================
                BAR        
-----------------------------------------------------------------------------------------------------------------------------------
BAR-estimator:         λ             λ+δλ          ΔΔA             ΔA            C               Δδe            δe       
                          
-----------------------------------------------------------------------------------------------------------------------------------
BAR-estimator:      0.00000        0.05000        1.7874         1.7874         1.7874         0.0112         0.0112 
BAR-estimator:      0.05000        0.10000        0.8541         2.6415         0.8541         0.0098         0.0148 
BAR-estimator:      0.10000        0.15000        0.3629         3.0044         0.3629         0.0084         0.0170 
BAR-estimator:      0.15000        0.20000        0.1285         3.1329         0.1285         0.0055         0.0179 
BAR-estimator:      0.20000        0.25000        0.0068         3.1397         0.0068         0.0042         0.0184 
BAR-estimator:      0.25000        0.30000       -0.0670         3.0727        -0.0670         0.0037         0.0187 
BAR-estimator:      0.30000        0.35000       -0.1261         2.9466        -0.1261         0.0035         0.0191 
BAR-estimator:      0.35000        0.40000       -0.1680         2.7785        -0.1680         0.0029         0.0193 
BAR-estimator:      0.40000        0.45000       -0.1938         2.5847        -0.1938         0.0027         0.0195 
BAR-estimator:      0.45000        0.50000       -0.2211         2.3636        -0.2211         0.0026         0.0197 
BAR-estimator:      0.50000        0.55000       -0.5614         1.8022        -0.5614         0.0037         0.0200 
BAR-estimator:      0.55000        0.60000       -1.0919         0.7103        -1.0919         0.0043         0.0205 
BAR-estimator:      0.60000        0.65000       -1.5670        -0.8568        -1.5670         0.0045         0.0210 
BAR-estimator:      0.65000        0.70000       -1.9528        -2.8096        -1.9528         0.0045         0.0214 
BAR-estimator:      0.70000        0.75000       -2.2044        -5.0140        -2.2044         0.0044         0.0219 
BAR-estimator:      0.75000        0.80000       -2.3173        -7.3313        -2.3173         0.0043         0.0223 
BAR-estimator:      0.80000        0.85000       -2.3592        -9.6905        -2.3592         0.0042         0.0227 
BAR-estimator:      0.85000        0.90000       -2.3422       -12.0327        -2.3422         0.0045         0.0231 
BAR-estimator:      0.90000        0.95000       -2.3120       -14.3446        -2.3120         0.0047         0.0236 
BAR-estimator:      0.95000        1.00000       -2.2742       -16.6188        -2.2742         0.0043         0.0240 
BAR-estimator: total free energy change is -16.618827595160813 , total error is 0.02399943166373659
