#========================================================================================
#                     Free energy perturbation    
#----------------------------------------------------------------------------------------
#forward/backward          λ              ΔΔA                 ΔA                  δε   
#                                                 
#----------------------------------------------------------------------------------------
forward:               0.0000              0.0000              0.0000              0.0000  
forward:               0.0500              1.1206              1.1206              0.0170  
forward:               0.1000              0.5914              1.7120              0.0228  
forward:               0.1500              0.3504              2.0624              0.0252  
forward:               0.2000              0.2229              2.2853              0.0261  
forward:               0.2500              0.1471              2.4324              0.0274  
forward:               0.3000              0.0832              2.5156              0.0280  
forward:               0.3500              0.0447              2.5604              0.0284  
forward:               0.4000              0.0197              2.5801              0.0287  
forward:               0.4500              0.0032              2.5833              0.0291  
forward:               0.5000             -0.0209              2.5624              0.0293  
forward:               0.5500             -0.0748              2.4876              0.0294  
forward:               0.6000             -0.1565              2.3310              0.0296  
forward:               0.6500             -0.2174              2.1136              0.0297  
forward:               0.7000             -0.2843              1.8293              0.0301  
forward:               0.7500             -0.3164              1.5128              0.0303  
forward:               0.8000             -0.3526              1.1602              0.0305  
forward:               0.8500             -0.3784              0.7818              0.0307  
forward:               0.9000             -0.4062              0.3756              0.0308  
forward:               0.9500             -0.4291             -0.0535              0.0310  
forward:               1.0000             -0.4471             -0.5006              0.0311  
backward:              1.0000              0.0000             -0.5006              0.0000  
backward:              0.9500              0.4424             -0.0581              0.0049  
backward:              0.9000              0.4267              0.3685              0.0066  
backward:              0.8500              0.4086              0.7772              0.0076  
backward:              0.8000              0.3662              1.1434              0.0093  
backward:              0.7500              0.3518              1.4952              0.0101  
backward:              0.7000              0.3101              1.8053              0.0108  
backward:              0.6500              0.2767              2.0820              0.0116  
backward:              0.6000              0.2228              2.3048              0.0124  
backward:              0.5500              0.1604              2.4652              0.0132  
backward:              0.5000              0.0755              2.5407              0.0142  
backward:              0.4500              0.0148              2.5555              0.0149  
backward:              0.4000              0.0014              2.5569              0.0155  
backward:              0.3500             -0.0157              2.5412              0.0170  
backward:              0.3000             -0.0484              2.4928              0.0177  
backward:              0.2500             -0.0809              2.4119              0.0187  
backward:              0.2000             -0.1693              2.2426              0.0249  
backward:              0.1500             -0.2296              2.0131              0.0268  
backward:              0.1000             -0.3485              1.6646              0.0294  
backward:              0.0500             -0.6064              1.0581              0.0336  
backward:              0.0000             -1.1253             -0.0671              0.0583  
Inaccuracy estimation
======================================================================================================
                   i        i+δi          P0_overlap_P1   δε(forward)/ε   δε(backward)/ε
======================================================================================================
inaccuracy:  0.00000        0.05000           43.57           -0.02            1.40
inaccuracy:  0.05000        0.10000           57.71           -0.02            0.55
inaccuracy:  0.10000        0.15000           65.30           -0.01            0.33
inaccuracy:  0.15000        0.20000           70.97           -0.01            0.20
inaccuracy:  0.20000        0.25000           73.13           -0.01            0.14
inaccuracy:  0.25000        0.30000           75.06           -0.00            0.12
inaccuracy:  0.30000        0.35000           77.00           -0.01            0.10
inaccuracy:  0.35000        0.40000           76.80           -0.01            0.09
inaccuracy:  0.40000        0.45000           77.83           -0.01            0.08
inaccuracy:  0.45000        0.50000           78.73           -0.01            0.07
inaccuracy:  0.50000        0.55000           74.58           -0.03            0.09
inaccuracy:  0.55000        0.60000           74.84           -0.02            0.07
inaccuracy:  0.60000        0.65000           75.60           -0.03            0.06
inaccuracy:  0.65000        0.70000           77.35           -0.02            0.06
inaccuracy:  0.70000        0.75000           77.50           -0.03            0.05
inaccuracy:  0.75000        0.80000           76.60           -0.03            0.05
inaccuracy:  0.80000        0.85000           77.59           -0.03            0.05
inaccuracy:  0.85000        0.90000           76.40           -0.03            0.05
inaccuracy:  0.90000        0.95000           77.06           -0.03            0.05
inaccuracy:  0.95000        1.00000           77.44           -0.03            0.04
===================================================================================================================================
                BAR        
-----------------------------------------------------------------------------------------------------------------------------------
BAR-estimator:         λ             λ+δλ          ΔΔA             ΔA            C               Δδe            δe       
                          
-----------------------------------------------------------------------------------------------------------------------------------
BAR-estimator:      0.00000        0.05000        1.1225         1.1225         1.1225         0.0105         0.0105 
BAR-estimator:      0.05000        0.10000        0.5936         1.7161         0.5936         0.0092         0.0140 
BAR-estimator:      0.10000        0.15000        0.3533         2.0694         0.3533         0.0070         0.0156 
BAR-estimator:      0.15000        0.20000        0.2243         2.2937         0.2243         0.0042         0.0162 
BAR-estimator:      0.20000        0.25000        0.1489         2.4426         0.1489         0.0039         0.0167 
BAR-estimator:      0.25000        0.30000        0.0835         2.5261         0.0835         0.0037         0.0171 
BAR-estimator:      0.30000        0.35000        0.0474         2.5735         0.0474         0.0034         0.0174 
BAR-estimator:      0.35000        0.40000        0.0171         2.5906         0.0171         0.0029         0.0177 
BAR-estimator:      0.40000        0.45000        0.0019         2.5925         0.0019         0.0028         0.0179 
BAR-estimator:      0.45000        0.50000       -0.0195         2.5730        -0.0195         0.0026         0.0181 
BAR-estimator:      0.50000        0.55000       -0.0748         2.4983        -0.0748         0.0030         0.0183 
BAR-estimator:      0.55000        0.60000       -0.1593         2.3390        -0.1593         0.0028         0.0185 
BAR-estimator:      0.60000        0.65000       -0.2197         2.1193        -0.2197         0.0028         0.0187 
BAR-estimator:      0.65000        0.70000       -0.2801         1.8391        -0.2801         0.0030         0.0190 
BAR-estimator:      0.70000        0.75000       -0.3145         1.5247        -0.3145         0.0028         0.0192 
BAR-estimator:      0.75000        0.80000       -0.3539         1.1708        -0.3539         0.0026         0.0194 
BAR-estimator:      0.80000        0.85000       -0.3757         0.7951        -0.3757         0.0031         0.0196 
BAR-estimator:      0.85000        0.90000       -0.4076         0.3875        -0.4076         0.0028         0.0198 
BAR-estimator:      0.90000        0.95000       -0.4285        -0.0410        -0.4285         0.0024         0.0199 
BAR-estimator:      0.95000        1.00000       -0.4457        -0.4867        -0.4457         0.0025         0.0201 
BAR-estimator: total free energy change is -0.4866803819891923 , total error is 0.020098899853247136
