#========================================================================================
#                     Free energy perturbation    
#----------------------------------------------------------------------------------------
#forward/backward          λ              ΔΔA                 ΔA                  δε   
#                                                 
#----------------------------------------------------------------------------------------
forward:               0.0000              0.0000              0.0000              0.0000  
forward:               0.0500              1.1241              1.1241              0.0127  
forward:               0.1000              0.6091              1.7332              0.0159  
forward:               0.1500              0.3757              2.1089              0.0182  
forward:               0.2000              0.2326              2.3415              0.0190  
forward:               0.2500              0.1367              2.4782              0.0197  
forward:               0.3000              0.0981              2.5763              0.0201  
forward:               0.3500              0.0482              2.6245              0.0205  
forward:               0.4000              0.0223              2.6468              0.0208  
forward:               0.4500              0.0006              2.6474              0.0211  
forward:               0.5000             -0.0134              2.6340              0.0215  
forward:               0.5500             -0.0676              2.5664              0.0218  
forward:               0.6000             -0.1278              2.4386              0.0220  
forward:               0.6500             -0.1900              2.2486              0.0233  
forward:               0.7000             -0.2405              2.0082              0.0236  
forward:               0.7500             -0.2803              1.7279              0.0237  
forward:               0.8000             -0.2715              1.4564              0.0251  
forward:               0.8500             -0.2906              1.1657              0.0303  
forward:               0.9000             -0.3858              0.7799              0.0435  
forward:               0.9500             -0.4067              0.3732              0.0436  
forward:               1.0000             -0.4004             -0.0271              0.0436  
backward:              1.0000              0.0000             -0.0271              0.0000  
backward:              0.9500              0.4135              0.3864              0.0184  
backward:              0.9000              0.3423              0.7287              0.0188  
backward:              0.8500              0.3649              1.0936              0.0191  
backward:              0.8000              0.3391              1.4327              0.0277  
backward:              0.7500              0.3103              1.7430              0.0279  
backward:              0.7000              0.2576              2.0006              0.0311  
backward:              0.6500              0.2293              2.2299              0.0341  
backward:              0.6000              0.1891              2.4190              0.0345  
backward:              0.5500              0.1303              2.5493              0.0348  
backward:              0.5000              0.0723              2.6216              0.0350  
backward:              0.4500              0.0103              2.6318              0.0353  
backward:              0.4000             -0.0049              2.6269              0.0356  
backward:              0.3500             -0.0244              2.6025              0.0360  
backward:              0.3000             -0.0519              2.5506              0.0363  
backward:              0.2500             -0.0896              2.4611              0.0367  
backward:              0.2000             -0.1475              2.3136              0.0372  
backward:              0.1500             -0.2338              2.0798              0.0381  
backward:              0.1000             -0.3805              1.6993              0.0399  
backward:              0.0500             -0.6574              1.0419              0.0433  
backward:              0.0000             -1.0523             -0.0104              0.0468  
Inaccuracy estimation
======================================================================================================
                   i        i+δi          P0_overlap_P1   δε(forward)/ε   δε(backward)/ε
======================================================================================================
inaccuracy:  0.00000        0.05000           44.10           -0.03            1.34
inaccuracy:  0.05000        0.10000           59.08           -0.02            0.52
inaccuracy:  0.10000        0.15000           65.01           -0.02            0.33
inaccuracy:  0.15000        0.20000           69.53           -0.01            0.21
inaccuracy:  0.20000        0.25000           74.18           -0.01            0.14
inaccuracy:  0.25000        0.30000           74.05           -0.01            0.12
inaccuracy:  0.30000        0.35000           77.19           -0.01            0.10
inaccuracy:  0.35000        0.40000           77.52           -0.01            0.09
inaccuracy:  0.40000        0.45000           78.27           -0.00            0.07
inaccuracy:  0.45000        0.50000           78.85           -0.01            0.07
inaccuracy:  0.50000        0.55000           74.81           -0.03            0.08
inaccuracy:  0.55000        0.60000           75.84           -0.02            0.07
inaccuracy:  0.60000        0.65000           76.38           -0.02            0.06
inaccuracy:  0.65000        0.70000           78.40           -0.02            0.06
inaccuracy:  0.70000        0.75000           79.55           -0.01            0.05
inaccuracy:  0.75000        0.80000           73.26           -0.05            0.06
inaccuracy:  0.80000        0.85000           72.02           -0.05            0.06
inaccuracy:  0.85000        0.90000           78.57           -0.03            0.05
inaccuracy:  0.90000        0.95000           82.98           -0.02            0.04
inaccuracy:  0.95000        1.00000           74.57           -0.03            0.05
===================================================================================================================================
                BAR        
-----------------------------------------------------------------------------------------------------------------------------------
BAR-estimator:         λ             λ+δλ          ΔΔA             ΔA            C               Δδe            δe       
                          
-----------------------------------------------------------------------------------------------------------------------------------
BAR-estimator:      0.00000        0.05000        1.1197         1.1197         1.1197         0.0198         0.0198 
BAR-estimator:      0.05000        0.10000        0.6184         1.7382         0.6184         0.0059         0.0207 
BAR-estimator:      0.10000        0.15000        0.3776         2.1158         0.3776         0.0058         0.0215 
BAR-estimator:      0.15000        0.20000        0.2321         2.3479         0.2321         0.0106         0.0239 
BAR-estimator:      0.20000        0.25000        0.1424         2.4903         0.1424         0.0034         0.0242 
BAR-estimator:      0.25000        0.30000        0.0938         2.5841         0.0938         0.0072         0.0252 
BAR-estimator:      0.30000        0.35000        0.0498         2.6339         0.0498         0.0062         0.0260 
BAR-estimator:      0.35000        0.40000        0.0226         2.6564         0.0226         0.0023         0.0261 
BAR-estimator:      0.40000        0.45000        0.0018         2.6583         0.0018         0.0025         0.0262 
BAR-estimator:      0.45000        0.50000       -0.0113         2.6470        -0.0113         0.0025         0.0263 
BAR-estimator:      0.50000        0.55000       -0.0698         2.5772        -0.0698         0.0026         0.0265 
BAR-estimator:      0.55000        0.60000       -0.1287         2.4486        -0.1287         0.0026         0.0266 
BAR-estimator:      0.60000        0.65000       -0.1893         2.2592        -0.1893         0.0039         0.0269 
BAR-estimator:      0.65000        0.70000       -0.2349         2.0243        -0.2349         0.0026         0.0270 
BAR-estimator:      0.70000        0.75000       -0.2655         1.7588        -0.2655         0.0021         0.0271 
BAR-estimator:      0.75000        0.80000       -0.2948         1.4640        -0.2948         0.0045         0.0275 
BAR-estimator:      0.80000        0.85000       -0.3169         1.1471        -0.3169         0.0090         0.0289 
BAR-estimator:      0.85000        0.90000       -0.3754         0.7717        -0.3754         0.0167         0.0334 
BAR-estimator:      0.90000        0.95000       -0.3729         0.3987        -0.3729         0.0025         0.0335 
BAR-estimator:      0.95000        1.00000       -0.4077        -0.0090        -0.4077         0.0138         0.0362 
BAR-estimator: total free energy change is -0.008959139083109913 , total error is 0.03618976962934206
