#========================================================================================
#                     Free energy perturbation    
#----------------------------------------------------------------------------------------
#forward/backward          λ              ΔΔA                 ΔA                  δε   
#                                                 
#----------------------------------------------------------------------------------------
forward:               0.0000              0.0000              0.0000              0.0000  
forward:               0.0500              1.5323              1.5323              0.0248  
forward:               0.1000              0.8350              2.3673              0.0299  
forward:               0.1500              0.4398              2.8071              0.0322  
forward:               0.2000              0.2160              3.0231              0.0336  
forward:               0.2500              0.1146              3.1376              0.0343  
forward:               0.3000              0.0420              3.1796              0.0347  
forward:               0.3500             -0.0052              3.1744              0.0351  
forward:               0.4000             -0.0310              3.1434              0.0354  
forward:               0.4500             -0.0661              3.0773              0.0357  
forward:               0.5000             -0.0915              2.9858              0.0360  
forward:               0.5500             -0.1283              2.8576              0.0364  
forward:               0.6000             -0.2247              2.6329              0.0367  
forward:               0.6500             -0.2947              2.3381              0.0370  
forward:               0.7000             -0.3520              1.9862              0.0371  
forward:               0.7500             -0.4108              1.5754              0.0373  
forward:               0.8000             -0.4514              1.1239              0.0376  
forward:               0.8500             -0.4693              0.6546              0.0381  
forward:               0.9000             -0.4956              0.1590              0.0383  
forward:               0.9500             -0.5281             -0.3691              0.0385  
forward:               1.0000             -0.5384             -0.9075              0.0387  
backward:              1.0000              0.0000             -0.9075              0.0000  
backward:              0.9500              0.5327             -0.3748              0.0048  
backward:              0.9000              0.5144              0.1396              0.0073  
backward:              0.8500              0.4900              0.6297              0.0089  
backward:              0.8000              0.4700              1.0997              0.0100  
backward:              0.7500              0.4427              1.5423              0.0111  
backward:              0.7000              0.3945              1.9368              0.0118  
backward:              0.6500              0.3488              2.2856              0.0122  
backward:              0.6000              0.2966              2.5822              0.0134  
backward:              0.5500              0.2312              2.8135              0.0145  
backward:              0.5000              0.1178              2.9313              0.0156  
backward:              0.4500              0.0785              3.0098              0.0164  
backward:              0.4000              0.0521              3.0619              0.0175  
backward:              0.3500              0.0395              3.1014              0.0182  
backward:              0.3000             -0.0113              3.0901              0.0195  
backward:              0.2500             -0.0315              3.0586              0.0204  
backward:              0.2000             -0.1100              2.9487              0.0212  
backward:              0.1500             -0.2295              2.7192              0.0240  
backward:              0.1000             -0.4031              2.3160              0.0277  
backward:              0.0500             -0.8413              1.4747              0.0439  
backward:              0.0000             -1.6597             -0.1850              0.1581  
Inaccuracy estimation
======================================================================================================
                   i        i+δi          P0_overlap_P1   δε(forward)/ε   δε(backward)/ε
======================================================================================================
inaccuracy:  0.00000        0.05000           36.60           -0.04            2.03
inaccuracy:  0.05000        0.10000           48.15           -0.02            0.91
inaccuracy:  0.10000        0.15000           57.18           -0.02            0.49
inaccuracy:  0.15000        0.20000           66.69           -0.02            0.25
inaccuracy:  0.20000        0.25000           69.52           -0.01            0.19
inaccuracy:  0.25000        0.30000           71.62           -0.01            0.14
inaccuracy:  0.30000        0.35000           75.46           -0.02            0.11
inaccuracy:  0.35000        0.40000           74.17           -0.01            0.10
inaccuracy:  0.40000        0.45000           77.07           -0.01            0.09
inaccuracy:  0.45000        0.50000           76.52           -0.01            0.08
inaccuracy:  0.50000        0.55000           72.53           -0.03            0.10
inaccuracy:  0.55000        0.60000           72.71           -0.03            0.08
inaccuracy:  0.60000        0.65000           73.58           -0.03            0.07
inaccuracy:  0.65000        0.70000           74.58           -0.04            0.06
inaccuracy:  0.70000        0.75000           75.72           -0.04            0.05
inaccuracy:  0.75000        0.80000           74.14           -0.04            0.06
inaccuracy:  0.80000        0.85000           73.98           -0.04            0.05
inaccuracy:  0.85000        0.90000           73.82           -0.04            0.06
inaccuracy:  0.90000        0.95000           74.77           -0.04            0.05
inaccuracy:  0.95000        1.00000           73.75           -0.04            0.05
===================================================================================================================================
                BAR        
-----------------------------------------------------------------------------------------------------------------------------------
BAR-estimator:         λ             λ+δλ          ΔΔA             ΔA            C               Δδe            δe       
                          
-----------------------------------------------------------------------------------------------------------------------------------
BAR-estimator:      0.00000        0.05000        1.5468         1.5468         1.5468         0.0130         0.0130 
BAR-estimator:      0.05000        0.10000        0.8342         2.3810         0.8342         0.0102         0.0165 
BAR-estimator:      0.10000        0.15000        0.4288         2.8098         0.4288         0.0077         0.0183 
BAR-estimator:      0.15000        0.20000        0.2190         3.0288         0.2190         0.0062         0.0193 
BAR-estimator:      0.20000        0.25000        0.1140         3.1428         0.1140         0.0044         0.0198 
BAR-estimator:      0.25000        0.30000        0.0390         3.1817         0.0390         0.0036         0.0201 
BAR-estimator:      0.30000        0.35000        0.0007         3.1824         0.0007         0.0037         0.0204 
BAR-estimator:      0.35000        0.40000       -0.0311         3.1513        -0.0311         0.0033         0.0207 
BAR-estimator:      0.40000        0.45000       -0.0624         3.0889        -0.0624         0.0032         0.0210 
BAR-estimator:      0.45000        0.50000       -0.0880         3.0010        -0.0880         0.0032         0.0212 
BAR-estimator:      0.50000        0.55000       -0.1234         2.8775        -0.1234         0.0033         0.0215 
BAR-estimator:      0.55000        0.60000       -0.2276         2.6499        -0.2276         0.0032         0.0217 
BAR-estimator:      0.60000        0.65000       -0.2940         2.3559        -0.2940         0.0032         0.0219 
BAR-estimator:      0.65000        0.70000       -0.3523         2.0036        -0.3523         0.0030         0.0221 
BAR-estimator:      0.70000        0.75000       -0.4072         1.5964        -0.4072         0.0029         0.0223 
BAR-estimator:      0.75000        0.80000       -0.4481         1.1483        -0.4481         0.0029         0.0225 
BAR-estimator:      0.80000        0.85000       -0.4706         0.6777        -0.4706         0.0042         0.0229 
BAR-estimator:      0.85000        0.90000       -0.4943         0.1833        -0.4943         0.0032         0.0231 
BAR-estimator:      0.90000        0.95000       -0.5227        -0.3394        -0.5227         0.0039         0.0235 
BAR-estimator:      0.95000        1.00000       -0.5368        -0.8762        -0.5368         0.0029         0.0236 
BAR-estimator: total free energy change is -0.876152328263891 , total error is 0.023637008445323474
