#========================================================================================
#                     Free energy perturbation    
#----------------------------------------------------------------------------------------
#forward/backward          λ              ΔΔA                 ΔA                  δε   
#                                                 
#----------------------------------------------------------------------------------------
forward:               0.0000              0.0000              0.0000              0.0000  
forward:               0.0500              1.5616              1.5616              0.0187  
forward:               0.1000              0.8245              2.3861              0.0242  
forward:               0.1500              0.4322              2.8182              0.0262  
forward:               0.2000              0.2404              3.0586              0.0271  
forward:               0.2500              0.1098              3.1683              0.0277  
forward:               0.3000              0.0546              3.2230              0.0282  
forward:               0.3500              0.0021              3.2250              0.0286  
forward:               0.4000             -0.0343              3.1907              0.0290  
forward:               0.4500             -0.0550              3.1357              0.0293  
forward:               0.5000             -0.0837              3.0520              0.0295  
forward:               0.5500             -0.1223              2.9297              0.0298  
forward:               0.6000             -0.2111              2.7186              0.0301  
forward:               0.6500             -0.2926              2.4260              0.0304  
forward:               0.7000             -0.3479              2.0781              0.0306  
forward:               0.7500             -0.3973              1.6808              0.0308  
forward:               0.8000             -0.4390              1.2419              0.0311  
forward:               0.8500             -0.4701              0.7718              0.0312  
forward:               0.9000             -0.4979              0.2739              0.0315  
forward:               0.9500             -0.5169             -0.2430              0.0316  
forward:               1.0000             -0.5400             -0.7831              0.0318  
backward:              1.0000              0.0000             -0.7831              0.0000  
backward:              0.9500              0.5316             -0.2515              0.0046  
backward:              0.9000              0.5177              0.2662              0.0071  
backward:              0.8500              0.4979              0.7641              0.0085  
backward:              0.8000              0.4628              1.2270              0.0097  
backward:              0.7500              0.4338              1.6608              0.0115  
backward:              0.7000              0.3924              2.0532              0.0123  
backward:              0.6500              0.3468              2.4000              0.0132  
backward:              0.6000              0.2836              2.6836              0.0142  
backward:              0.5500              0.2136              2.8971              0.0150  
backward:              0.5000              0.1125              3.0097              0.0158  
backward:              0.4500              0.0809              3.0905              0.0166  
backward:              0.4000              0.0722              3.1627              0.0172  
backward:              0.3500              0.0350              3.1977              0.0180  
backward:              0.3000             -0.0117              3.1860              0.0186  
backward:              0.2500             -0.0452              3.1408              0.0194  
backward:              0.2000             -0.1093              3.0315              0.0207  
backward:              0.1500             -0.2306              2.8009              0.0233  
backward:              0.1000             -0.4304              2.3705              0.0266  
backward:              0.0500             -0.8400              1.5305              0.0358  
backward:              0.0000             -1.6067             -0.0762              0.0617  
Inaccuracy estimation
======================================================================================================
                   i        i+δi          P0_overlap_P1   δε(forward)/ε   δε(backward)/ε
======================================================================================================
inaccuracy:  0.00000        0.05000           35.90           -0.04            1.96
inaccuracy:  0.05000        0.10000           48.99           -0.04            0.94
inaccuracy:  0.10000        0.15000           59.26           -0.02            0.47
inaccuracy:  0.15000        0.20000           64.64           -0.02            0.27
inaccuracy:  0.20000        0.25000           70.24           -0.02            0.17
inaccuracy:  0.25000        0.30000           71.52           -0.02            0.15
inaccuracy:  0.30000        0.35000           74.30           -0.01            0.12
inaccuracy:  0.35000        0.40000           74.41           -0.01            0.10
inaccuracy:  0.40000        0.45000           74.36           -0.01            0.10
inaccuracy:  0.45000        0.50000           76.86           -0.01            0.09
inaccuracy:  0.50000        0.55000           72.24           -0.04            0.10
inaccuracy:  0.55000        0.60000           72.54           -0.03            0.08
inaccuracy:  0.60000        0.65000           74.07           -0.04            0.07
inaccuracy:  0.65000        0.70000           74.38           -0.04            0.07
inaccuracy:  0.70000        0.75000           74.42           -0.03            0.06
inaccuracy:  0.75000        0.80000           74.79           -0.03            0.05
inaccuracy:  0.80000        0.85000           74.92           -0.04            0.06
inaccuracy:  0.85000        0.90000           74.18           -0.04            0.06
inaccuracy:  0.90000        0.95000           73.60           -0.04            0.06
inaccuracy:  0.95000        1.00000           74.24           -0.04            0.05
===================================================================================================================================
                BAR        
-----------------------------------------------------------------------------------------------------------------------------------
BAR-estimator:         λ             λ+δλ          ΔΔA             ΔA            C               Δδe            δe       
                          
-----------------------------------------------------------------------------------------------------------------------------------
BAR-estimator:      0.00000        0.05000        1.5447         1.5447         1.5447         0.0098         0.0098 
BAR-estimator:      0.05000        0.10000        0.8347         2.3794         0.8347         0.0093         0.0135 
BAR-estimator:      0.10000        0.15000        0.4379         2.8173         0.4379         0.0060         0.0147 
BAR-estimator:      0.15000        0.20000        0.2358         3.0530         0.2358         0.0048         0.0155 
BAR-estimator:      0.20000        0.25000        0.1085         3.1615         0.1085         0.0039         0.0160 
BAR-estimator:      0.25000        0.30000        0.0514         3.2129         0.0514         0.0035         0.0164 
BAR-estimator:      0.30000        0.35000        0.0068         3.2197         0.0068         0.0032         0.0167 
BAR-estimator:      0.35000        0.40000       -0.0350         3.1848        -0.0350         0.0031         0.0170 
BAR-estimator:      0.40000        0.45000       -0.0607         3.1240        -0.0607         0.0028         0.0172 
BAR-estimator:      0.45000        0.50000       -0.0811         3.0430        -0.0811         0.0024         0.0174 
BAR-estimator:      0.50000        0.55000       -0.1208         2.9222        -0.1208         0.0032         0.0176 
BAR-estimator:      0.55000        0.60000       -0.2130         2.7092        -0.2130         0.0030         0.0179 
BAR-estimator:      0.60000        0.65000       -0.2891         2.4201        -0.2891         0.0028         0.0181 
BAR-estimator:      0.65000        0.70000       -0.3474         2.0727        -0.3474         0.0026         0.0183 
BAR-estimator:      0.70000        0.75000       -0.3949         1.6778        -0.3949         0.0026         0.0185 
BAR-estimator:      0.75000        0.80000       -0.4371         1.2407        -0.4371         0.0030         0.0187 
BAR-estimator:      0.80000        0.85000       -0.4662         0.7745        -0.4662         0.0029         0.0189 
BAR-estimator:      0.85000        0.90000       -0.4981         0.2764        -0.4981         0.0033         0.0192 
BAR-estimator:      0.90000        0.95000       -0.5178        -0.2414        -0.5178         0.0029         0.0194 
BAR-estimator:      0.95000        1.00000       -0.5372        -0.7786        -0.5372         0.0031         0.0197 
BAR-estimator: total free energy change is -0.7785856629519744 , total error is 0.019681852323069758
