#========================================================================================
#                     Free energy perturbation    
#----------------------------------------------------------------------------------------
#forward/backward          λ              ΔΔA                 ΔA                  δε   
#                                                 
#----------------------------------------------------------------------------------------
forward:               0.0000              0.0000              0.0000              0.0000  
forward:               0.0500              1.6726              1.6726              0.0279  
forward:               0.1000              0.8685              2.5411              0.0328  
forward:               0.1500              0.4115              2.9526              0.0346  
forward:               0.2000              0.2229              3.1755              0.0357  
forward:               0.2500              0.1026              3.2781              0.0361  
forward:               0.3000              0.0345              3.3126              0.0366  
forward:               0.3500             -0.0078              3.3048              0.0369  
forward:               0.4000             -0.0482              3.2566              0.0372  
forward:               0.4500             -0.0768              3.1798              0.0375  
forward:               0.5000             -0.0970              3.0828              0.0378  
forward:               0.5500             -0.1283              2.9545              0.0379  
forward:               0.6000             -0.1678              2.7868              0.0381  
forward:               0.6500             -0.1708              2.6160              0.0383  
forward:               0.7000             -0.1983              2.4177              0.0385  
forward:               0.7500             -0.2145              2.2031              0.0386  
forward:               0.8000             -0.2248              1.9784              0.0387  
forward:               0.8500             -0.2290              1.7494              0.0389  
forward:               0.9000             -0.2478              1.5016              0.0390  
forward:               0.9500             -0.2526              1.2490              0.0391  
forward:               1.0000             -0.2594              0.9896              0.0392  
backward:              1.0000              0.0000              0.9896              0.0000  
backward:              0.9500              0.2630              1.2527              0.0036  
backward:              0.9000              0.2509              1.5035              0.0051  
backward:              0.8500              0.2372              1.7407              0.0061  
backward:              0.8000              0.2281              1.9689              0.0070  
backward:              0.7500              0.2215              2.1904              0.0080  
backward:              0.7000              0.2103              2.4007              0.0087  
backward:              0.6500              0.1986              2.5993              0.0094  
backward:              0.6000              0.1782              2.7776              0.0104  
backward:              0.5500              0.1627              2.9402              0.0112  
backward:              0.5000              0.1351              3.0753              0.0119  
backward:              0.4500              0.0949              3.1702              0.0127  
backward:              0.4000              0.0712              3.2414              0.0136  
backward:              0.3500              0.0503              3.2918              0.0143  
backward:              0.3000              0.0012              3.2929              0.0157  
backward:              0.2500             -0.0302              3.2627              0.0175  
backward:              0.2000             -0.1153              3.1474              0.0194  
backward:              0.1500             -0.2095              2.9379              0.0254  
backward:              0.1000             -0.4309              2.5070              0.0290  
backward:              0.0500             -0.8988              1.6082              0.0421  
backward:              0.0000             -1.6388             -0.0306              0.0640  
Inaccuracy estimation
======================================================================================================
                   i        i+δi          P0_overlap_P1   δε(forward)/ε   δε(backward)/ε
======================================================================================================
inaccuracy:  0.00000        0.05000           35.05           -0.03            2.09
inaccuracy:  0.05000        0.10000           48.02           -0.02            0.99
inaccuracy:  0.10000        0.15000           60.73           -0.01            0.46
inaccuracy:  0.15000        0.20000           65.30           -0.01            0.27
inaccuracy:  0.20000        0.25000           71.71           -0.01            0.16
inaccuracy:  0.25000        0.30000           73.05           -0.01            0.12
inaccuracy:  0.30000        0.35000           75.30           -0.01            0.10
inaccuracy:  0.35000        0.40000           76.45           -0.01            0.09
inaccuracy:  0.40000        0.45000           77.87           -0.01            0.08
inaccuracy:  0.45000        0.50000           77.25           -0.01            0.07
inaccuracy:  0.50000        0.55000           76.79           -0.01            0.07
inaccuracy:  0.55000        0.60000           78.54           -0.02            0.06
inaccuracy:  0.60000        0.65000           77.59           -0.02            0.06
inaccuracy:  0.65000        0.70000           78.62           -0.02            0.06
inaccuracy:  0.70000        0.75000           79.04           -0.01            0.05
inaccuracy:  0.75000        0.80000           79.18           -0.01            0.05
inaccuracy:  0.80000        0.85000           78.41           -0.01            0.05
inaccuracy:  0.85000        0.90000           79.95           -0.02            0.05
inaccuracy:  0.90000        0.95000           78.60           -0.02            0.05
inaccuracy:  0.95000        1.00000           77.36           -0.02            0.05
===================================================================================================================================
                BAR        
-----------------------------------------------------------------------------------------------------------------------------------
BAR-estimator:         λ             λ+δλ          ΔΔA             ΔA            C               Δδe            δe       
                          
-----------------------------------------------------------------------------------------------------------------------------------
BAR-estimator:      0.00000        0.05000        1.6739         1.6739         1.6739         0.0162         0.0162 
BAR-estimator:      0.05000        0.10000        0.8792         2.5531         0.8792         0.0103         0.0192 
BAR-estimator:      0.10000        0.15000        0.4218         2.9749         0.4218         0.0073         0.0206 
BAR-estimator:      0.15000        0.20000        0.2169         3.1918         0.2169         0.0057         0.0213 
BAR-estimator:      0.20000        0.25000        0.1076         3.2994         0.1076         0.0037         0.0217 
BAR-estimator:      0.25000        0.30000        0.0335         3.3330         0.0335         0.0038         0.0220 
BAR-estimator:      0.30000        0.35000       -0.0066         3.3264        -0.0066         0.0033         0.0222 
BAR-estimator:      0.35000        0.40000       -0.0481         3.2783        -0.0481         0.0031         0.0225 
BAR-estimator:      0.40000        0.45000       -0.0743         3.2041        -0.0743         0.0032         0.0227 
BAR-estimator:      0.45000        0.50000       -0.0977         3.1063        -0.0977         0.0029         0.0229 
BAR-estimator:      0.50000        0.55000       -0.1307         2.9756        -0.1307         0.0024         0.0230 
BAR-estimator:      0.55000        0.60000       -0.1656         2.8100        -0.1656         0.0030         0.0232 
BAR-estimator:      0.60000        0.65000       -0.1729         2.6371        -0.1729         0.0025         0.0233 
BAR-estimator:      0.65000        0.70000       -0.1975         2.4397        -0.1975         0.0029         0.0235 
BAR-estimator:      0.70000        0.75000       -0.2112         2.2284        -0.2112         0.0026         0.0236 
BAR-estimator:      0.75000        0.80000       -0.2228         2.0056        -0.2228         0.0024         0.0238 
BAR-estimator:      0.80000        0.85000       -0.2290         1.7766        -0.2290         0.0026         0.0239 
BAR-estimator:      0.85000        0.90000       -0.2434         1.5332        -0.2434         0.0024         0.0240 
BAR-estimator:      0.90000        0.95000       -0.2522         1.2809        -0.2522         0.0023         0.0241 
BAR-estimator:      0.95000        1.00000       -0.2617         1.0192        -0.2617         0.0026         0.0243 
BAR-estimator: total free energy change is 1.0192429108909296 , total error is 0.024274782786138066
