#========================================================================================
#                     Free energy perturbation    
#----------------------------------------------------------------------------------------
#forward/backward          λ              ΔΔA                 ΔA                  δε   
#                                                 
#----------------------------------------------------------------------------------------
forward:               0.0000              0.0000              0.0000              0.0000  
forward:               0.0500              1.6537              1.6537              0.0208  
forward:               0.1000              0.8675              2.5211              0.0257  
forward:               0.1500              0.4467              2.9678              0.0276  
forward:               0.2000              0.2409              3.2087              0.0286  
forward:               0.2500              0.1244              3.3331              0.0292  
forward:               0.3000              0.0569              3.3900              0.0297  
forward:               0.3500              0.0095              3.3995              0.0300  
forward:               0.4000             -0.0469              3.3526              0.0302  
forward:               0.4500             -0.0622              3.2904              0.0305  
forward:               0.5000             -0.0846              3.2058              0.0306  
forward:               0.5500             -0.1242              3.0816              0.0308  
forward:               0.6000             -0.1533              2.9283              0.0314  
forward:               0.6500             -0.1754              2.7530              0.0315  
forward:               0.7000             -0.1868              2.5661              0.0317  
forward:               0.7500             -0.2022              2.3640              0.0318  
forward:               0.8000             -0.2150              2.1490              0.0319  
forward:               0.8500             -0.2293              1.9197              0.0321  
forward:               0.9000             -0.2457              1.6740              0.0322  
forward:               0.9500             -0.2476              1.4264              0.0323  
forward:               1.0000             -0.2640              1.1624              0.0324  
backward:              1.0000              0.0000              1.1624              0.0000  
backward:              0.9500              0.2541              1.4164              0.0032  
backward:              0.9000              0.2423              1.6587              0.0048  
backward:              0.8500              0.2402              1.8989              0.0066  
backward:              0.8000              0.2260              2.1249              0.0073  
backward:              0.7500              0.2157              2.3406              0.0082  
backward:              0.7000              0.2042              2.5448              0.0089  
backward:              0.6500              0.1947              2.7395              0.0096  
backward:              0.6000              0.1653              2.9048              0.0104  
backward:              0.5500              0.1544              3.0592              0.0112  
backward:              0.5000              0.1253              3.1845              0.0118  
backward:              0.4500              0.0897              3.2743              0.0126  
backward:              0.4000              0.0656              3.3398              0.0133  
backward:              0.3500              0.0248              3.3646              0.0145  
backward:              0.3000              0.0095              3.3741              0.0152  
backward:              0.2500             -0.0402              3.3339              0.0163  
backward:              0.2000             -0.1178              3.2161              0.0178  
backward:              0.1500             -0.2432              2.9729              0.0202  
backward:              0.1000             -0.4475              2.5254              0.0287  
backward:              0.0500             -0.8575              1.6679              0.0342  
backward:              0.0000             -1.6658              0.0022              0.0505  
Inaccuracy estimation
======================================================================================================
                   i        i+δi          P0_overlap_P1   δε(forward)/ε   δε(backward)/ε
======================================================================================================
inaccuracy:  0.00000        0.05000           35.84           -0.03            2.02
inaccuracy:  0.05000        0.10000           48.11           -0.03            0.99
inaccuracy:  0.10000        0.15000           59.28           -0.02            0.48
inaccuracy:  0.15000        0.20000           66.46           -0.02            0.27
inaccuracy:  0.20000        0.25000           70.19           -0.01            0.19
inaccuracy:  0.25000        0.30000           71.91           -0.01            0.13
inaccuracy:  0.30000        0.35000           73.47           -0.01            0.11
inaccuracy:  0.35000        0.40000           77.42           -0.01            0.08
inaccuracy:  0.40000        0.45000           76.69           -0.01            0.08
inaccuracy:  0.45000        0.50000           76.54           -0.01            0.07
inaccuracy:  0.50000        0.55000           77.43           -0.01            0.07
inaccuracy:  0.55000        0.60000           77.37           -0.02            0.06
inaccuracy:  0.60000        0.65000           79.46           -0.02            0.06
inaccuracy:  0.65000        0.70000           77.37           -0.02            0.06
inaccuracy:  0.70000        0.75000           78.40           -0.01            0.06
inaccuracy:  0.75000        0.80000           78.08           -0.02            0.05
inaccuracy:  0.80000        0.85000           78.17           -0.02            0.05
inaccuracy:  0.85000        0.90000           79.05           -0.02            0.05
inaccuracy:  0.90000        0.95000           78.73           -0.02            0.05
inaccuracy:  0.95000        1.00000           79.84           -0.02            0.05
===================================================================================================================================
                BAR        
-----------------------------------------------------------------------------------------------------------------------------------
BAR-estimator:         λ             λ+δλ          ΔΔA             ΔA            C               Δδe            δe       
                          
-----------------------------------------------------------------------------------------------------------------------------------
BAR-estimator:      0.00000        0.05000        1.6715         1.6715         1.6715         0.0103         0.0103 
BAR-estimator:      0.05000        0.10000        0.8761         2.5476         0.8761         0.0089         0.0136 
BAR-estimator:      0.10000        0.15000        0.4495         2.9971         0.4495         0.0069         0.0153 
BAR-estimator:      0.15000        0.20000        0.2428         3.2399         0.2428         0.0049         0.0160 
BAR-estimator:      0.20000        0.25000        0.1232         3.3630         0.1232         0.0041         0.0166 
BAR-estimator:      0.25000        0.30000        0.0512         3.4142         0.0512         0.0035         0.0169 
BAR-estimator:      0.30000        0.35000        0.0044         3.4186         0.0044         0.0029         0.0172 
BAR-estimator:      0.35000        0.40000       -0.0407         3.3779        -0.0407         0.0026         0.0174 
BAR-estimator:      0.40000        0.45000       -0.0628         3.3151        -0.0628         0.0026         0.0176 
BAR-estimator:      0.45000        0.50000       -0.0865         3.2286        -0.0865         0.0026         0.0177 
BAR-estimator:      0.50000        0.55000       -0.1239         3.1047        -0.1239         0.0026         0.0179 
BAR-estimator:      0.55000        0.60000       -0.1544         2.9503        -0.1544         0.0037         0.0183 
BAR-estimator:      0.60000        0.65000       -0.1725         2.7779        -0.1725         0.0023         0.0185 
BAR-estimator:      0.65000        0.70000       -0.1887         2.5892        -0.1887         0.0023         0.0186 
BAR-estimator:      0.70000        0.75000       -0.2018         2.3874        -0.2018         0.0023         0.0187 
BAR-estimator:      0.75000        0.80000       -0.2164         2.1710        -0.2164         0.0026         0.0189 
BAR-estimator:      0.80000        0.85000       -0.2280         1.9430        -0.2280         0.0020         0.0190 
BAR-estimator:      0.85000        0.90000       -0.2436         1.6994        -0.2436         0.0026         0.0192 
BAR-estimator:      0.90000        0.95000       -0.2470         1.4523        -0.2470         0.0025         0.0194 
BAR-estimator:      0.95000        1.00000       -0.2596         1.1928        -0.2596         0.0022         0.0195 
BAR-estimator: total free energy change is 1.1927516712255142 , total error is 0.019507124876639043
