#========================================================================================
#                     Free energy perturbation    
#----------------------------------------------------------------------------------------
#forward/backward          λ              ΔΔA                 ΔA                  δε   
#                                                 
#----------------------------------------------------------------------------------------
forward:               0.0000              0.0000              0.0000              0.0000  
forward:               0.0500              1.7877              1.7877              0.0252  
forward:               0.1000              0.9712              2.7589              0.0308  
forward:               0.1500              0.4697              3.2287              0.0331  
forward:               0.2000              0.1976              3.4263              0.0345  
forward:               0.2500              0.0750              3.5013              0.0352  
forward:               0.3000             -0.0118              3.4895              0.0356  
forward:               0.3500             -0.0588              3.4307              0.0360  
forward:               0.4000             -0.1066              3.3241              0.0363  
forward:               0.4500             -0.1339              3.1901              0.0367  
forward:               0.5000             -0.1649              3.0252              0.0369  
forward:               0.5500             -0.4031              2.6221              0.0376  
forward:               0.6000             -0.7987              1.8234              0.0381  
forward:               0.6500             -1.1465              0.6769              0.0397  
forward:               0.7000             -1.4159             -0.7390              0.0404  
forward:               0.7500             -1.5847             -2.3237              0.0410  
forward:               0.8000             -1.6823             -4.0060              0.0414  
forward:               0.8500             -1.7013             -5.7073              0.0418  
forward:               0.9000             -1.6984             -7.4057              0.0422  
forward:               0.9500             -1.6693             -9.0750              0.0427  
forward:               1.0000             -1.6564            -10.7314              0.0431  
backward:              1.0000              0.0000            -10.7314              0.0000  
backward:              0.9500              1.6445             -9.0869              0.0067  
backward:              0.9000              1.6771             -7.4098              0.0096  
backward:              0.8500              1.6968             -5.7130              0.0123  
backward:              0.8000              1.6926             -4.0204              0.0152  
backward:              0.7500              1.6750             -2.3454              0.0168  
backward:              0.7000              1.5965             -0.7489              0.0185  
backward:              0.6500              1.4341              0.6852              0.0201  
backward:              0.6000              1.1257              1.8109              0.0212  
backward:              0.5500              0.7854              2.5963              0.0225  
backward:              0.5000              0.4047              3.0010              0.0239  
backward:              0.4500              0.1613              3.1624              0.0242  
backward:              0.4000              0.1300              3.2924              0.0249  
backward:              0.3500              0.1003              3.3927              0.0255  
backward:              0.3000              0.0709              3.4636              0.0262  
backward:              0.2500              0.0038              3.4673              0.0272  
backward:              0.2000             -0.0952              3.3721              0.0289  
backward:              0.1500             -0.2131              3.1590              0.0318  
backward:              0.1000             -0.4626              2.6964              0.0388  
backward:              0.0500             -0.9523              1.7441              0.0519  
backward:              0.0000             -1.8313             -0.0872              0.0976  
Inaccuracy estimation
======================================================================================================
                   i        i+δi          P0_overlap_P1   δε(forward)/ε   δε(backward)/ε
======================================================================================================
inaccuracy:  0.00000        0.05000           34.25           -0.03            1.76
inaccuracy:  0.05000        0.10000           43.54           -0.05            1.18
inaccuracy:  0.10000        0.15000           54.12           -0.02            0.59
inaccuracy:  0.15000        0.20000           63.46           -0.02            0.32
inaccuracy:  0.20000        0.25000           67.93           -0.02            0.21
inaccuracy:  0.25000        0.30000           70.29           -0.02            0.15
inaccuracy:  0.30000        0.35000           70.91           -0.02            0.14
inaccuracy:  0.35000        0.40000           73.10           -0.02            0.11
inaccuracy:  0.40000        0.45000           73.32           -0.01            0.10
inaccuracy:  0.45000        0.50000           74.21           -0.02            0.09
inaccuracy:  0.50000        0.55000           59.60           -0.15            0.18
inaccuracy:  0.55000        0.60000           61.77           -0.21            0.09
inaccuracy:  0.60000        0.65000           61.88           -0.19            0.05
inaccuracy:  0.65000        0.70000           60.26           -0.21            0.01
inaccuracy:  0.70000        0.75000           61.87           -0.24           -0.01
inaccuracy:  0.75000        0.80000           62.88           -0.21           -0.01
inaccuracy:  0.80000        0.85000           62.32           -0.22           -0.01
inaccuracy:  0.85000        0.90000           61.45           -0.20            0.00
inaccuracy:  0.90000        0.95000           60.28           -0.20            0.00
inaccuracy:  0.95000        1.00000           60.75           -0.17            0.02
===================================================================================================================================
                BAR        
-----------------------------------------------------------------------------------------------------------------------------------
BAR-estimator:         λ             λ+δλ          ΔΔA             ΔA            C               Δδe            δe       
                          
-----------------------------------------------------------------------------------------------------------------------------------
BAR-estimator:      0.00000        0.05000        1.7656         1.7656         1.7656         0.0052         0.0052 
BAR-estimator:      0.05000        0.10000        0.9643         2.7299         0.9643         0.0101         0.0113 
BAR-estimator:      0.10000        0.15000        0.4690         3.1989         0.4690         0.0076         0.0136 
BAR-estimator:      0.15000        0.20000        0.2046         3.4035         0.2046         0.0062         0.0150 
BAR-estimator:      0.20000        0.25000        0.0803         3.4837         0.0803         0.0046         0.0157 
BAR-estimator:      0.25000        0.30000       -0.0095         3.4742        -0.0095         0.0030         0.0159 
BAR-estimator:      0.30000        0.35000       -0.0601         3.4141        -0.0601         0.0028         0.0162 
BAR-estimator:      0.35000        0.40000       -0.1052         3.3089        -0.1052         0.0034         0.0165 
BAR-estimator:      0.40000        0.45000       -0.1324         3.1765        -0.1324         0.0032         0.0168 
BAR-estimator:      0.45000        0.50000       -0.1621         3.0144        -0.1621         0.0030         0.0171 
BAR-estimator:      0.50000        0.55000       -0.4017         2.6127        -0.4017         0.0044         0.0177 
BAR-estimator:      0.55000        0.60000       -0.7951         1.8176        -0.7951         0.0041         0.0181 
BAR-estimator:      0.60000        0.65000       -1.1346         0.6830        -1.1346         0.0048         0.0188 
BAR-estimator:      0.65000        0.70000       -1.4217        -0.7387        -1.4217         0.0047         0.0193 
BAR-estimator:      0.70000        0.75000       -1.5923        -2.3310        -1.5923         0.0040         0.0197 
BAR-estimator:      0.75000        0.80000       -1.6783        -4.0093        -1.6783         0.0042         0.0202 
BAR-estimator:      0.80000        0.85000       -1.6995        -5.7089        -1.6995         0.0048         0.0208 
BAR-estimator:      0.85000        0.90000       -1.6970        -7.4058        -1.6970         0.0042         0.0212 
BAR-estimator:      0.90000        0.95000       -1.6719        -9.0778        -1.6719         0.0048         0.0217 
BAR-estimator:      0.95000        1.00000       -1.6475       -10.7253        -1.6475         0.0048         0.0222 
BAR-estimator: total free energy change is -10.72528079525921 , total error is 0.02224030107197834
