#========================================================================================
#                     Free energy perturbation    
#----------------------------------------------------------------------------------------
#forward/backward          λ              ΔΔA                 ΔA                  δε   
#                                                 
#----------------------------------------------------------------------------------------
forward:               0.0000              0.0000              0.0000              0.0000  
forward:               0.0500              1.7484              1.7484              0.0179  
forward:               0.1000              0.9568              2.7052              0.0250  
forward:               0.1500              0.4690              3.1743              0.0274  
forward:               0.2000              0.2049              3.3791              0.0286  
forward:               0.2500              0.0633              3.4424              0.0294  
forward:               0.3000             -0.0057              3.4367              0.0300  
forward:               0.3500             -0.0619              3.3748              0.0303  
forward:               0.4000             -0.1074              3.2674              0.0306  
forward:               0.4500             -0.1307              3.1367              0.0310  
forward:               0.5000             -0.1610              2.9757              0.0313  
forward:               0.5500             -0.3994              2.5764              0.0320  
forward:               0.6000             -0.8078              1.7686              0.0325  
forward:               0.6500             -1.1562              0.6124              0.0332  
forward:               0.7000             -1.4183             -0.8059              0.0339  
forward:               0.7500             -1.6162             -2.4221              0.0345  
forward:               0.8000             -1.6968             -4.1189              0.0349  
forward:               0.8500             -1.7391             -5.8580              0.0354  
forward:               0.9000             -1.7180             -7.5761              0.0358  
forward:               0.9500             -1.6995             -9.2755              0.0363  
forward:               1.0000             -1.6719            -10.9474              0.0366  
backward:              1.0000              0.0000            -10.9474              0.0000  
backward:              0.9500              1.6741             -9.2733              0.0068  
backward:              0.9000              1.7037             -7.5697              0.0098  
backward:              0.8500              1.7199             -5.8497              0.0128  
backward:              0.8000              1.7268             -4.1229              0.0145  
backward:              0.7500              1.6942             -2.4287              0.0161  
backward:              0.7000              1.6049             -0.8238              0.0175  
backward:              0.6500              1.4298              0.6060              0.0191  
backward:              0.6000              1.1524              1.7584              0.0203  
backward:              0.5500              0.7856              2.5440              0.0217  
backward:              0.5000              0.4167              2.9607              0.0234  
backward:              0.4500              0.1542              3.1150              0.0240  
backward:              0.4000              0.1257              3.2407              0.0246  
backward:              0.3500              0.1018              3.3424              0.0257  
backward:              0.3000              0.0630              3.4055              0.0263  
backward:              0.2500             -0.0094              3.3961              0.0278  
backward:              0.2000             -0.0830              3.3131              0.0292  
backward:              0.1500             -0.2038              3.1093              0.0316  
backward:              0.1000             -0.4508              2.6585              0.0326  
backward:              0.0500             -1.0314              1.6271              0.0618  
backward:              0.0000             -1.6703             -0.0432              0.0677  
Inaccuracy estimation
======================================================================================================
                   i        i+δi          P0_overlap_P1   δε(forward)/ε   δε(backward)/ε
======================================================================================================
inaccuracy:  0.00000        0.05000           34.80           -0.03            1.87
inaccuracy:  0.05000        0.10000           44.03           -0.05            1.21
inaccuracy:  0.10000        0.15000           54.76           -0.03            0.62
inaccuracy:  0.15000        0.20000           62.26           -0.02            0.33
inaccuracy:  0.20000        0.25000           68.68           -0.01            0.21
inaccuracy:  0.25000        0.30000           70.95           -0.02            0.16
inaccuracy:  0.30000        0.35000           71.17           -0.01            0.13
inaccuracy:  0.35000        0.40000           73.11           -0.02            0.11
inaccuracy:  0.40000        0.45000           73.18           -0.02            0.10
inaccuracy:  0.45000        0.50000           74.41           -0.02            0.09
inaccuracy:  0.50000        0.55000           58.56           -0.18            0.17
inaccuracy:  0.55000        0.60000           62.23           -0.20            0.09
inaccuracy:  0.60000        0.65000           61.51           -0.22            0.04
inaccuracy:  0.65000        0.70000           60.61           -0.25            0.01
inaccuracy:  0.70000        0.75000           62.33           -0.22           -0.00
inaccuracy:  0.75000        0.80000           62.21           -0.21           -0.02
inaccuracy:  0.80000        0.85000           62.34           -0.18           -0.01
inaccuracy:  0.85000        0.90000           60.75           -0.20           -0.01
inaccuracy:  0.90000        0.95000           60.65           -0.22            0.00
inaccuracy:  0.95000        1.00000           60.26           -0.18            0.02
===================================================================================================================================
                BAR        
-----------------------------------------------------------------------------------------------------------------------------------
BAR-estimator:         λ             λ+δλ          ΔΔA             ΔA            C               Δδe            δe       
                          
-----------------------------------------------------------------------------------------------------------------------------------
BAR-estimator:      0.00000        0.05000        1.7495         1.7495         1.7495         0.0097         0.0097 
BAR-estimator:      0.05000        0.10000        0.9656         2.7150         0.9656         0.0102         0.0141 
BAR-estimator:      0.10000        0.15000        0.4741         3.1892         0.4741         0.0073         0.0158 
BAR-estimator:      0.15000        0.20000        0.2058         3.3949         0.2058         0.0051         0.0166 
BAR-estimator:      0.20000        0.25000        0.0718         3.4668         0.0718         0.0046         0.0173 
BAR-estimator:      0.25000        0.30000       -0.0007         3.4660        -0.0007         0.0039         0.0177 
BAR-estimator:      0.30000        0.35000       -0.0623         3.4037        -0.0623         0.0034         0.0180 
BAR-estimator:      0.35000        0.40000       -0.1051         3.2987        -0.1051         0.0030         0.0183 
BAR-estimator:      0.40000        0.45000       -0.1301         3.1686        -0.1301         0.0032         0.0185 
BAR-estimator:      0.45000        0.50000       -0.1589         3.0097        -0.1589         0.0027         0.0187 
BAR-estimator:      0.50000        0.55000       -0.4134         2.5963        -0.4134         0.0045         0.0193 
BAR-estimator:      0.55000        0.60000       -0.8018         1.7945        -0.8018         0.0037         0.0196 
BAR-estimator:      0.60000        0.65000       -1.1554         0.6391        -1.1554         0.0040         0.0200 
BAR-estimator:      0.65000        0.70000       -1.4236        -0.7845        -1.4236         0.0041         0.0205 
BAR-estimator:      0.70000        0.75000       -1.6091        -2.3936        -1.6091         0.0034         0.0207 
BAR-estimator:      0.75000        0.80000       -1.6979        -4.0915        -1.6979         0.0043         0.0212 
BAR-estimator:      0.80000        0.85000       -1.7311        -5.8226        -1.7311         0.0041         0.0216 
BAR-estimator:      0.85000        0.90000       -1.7204        -7.5430        -1.7204         0.0039         0.0219 
BAR-estimator:      0.90000        0.95000       -1.7018        -9.2448        -1.7018         0.0041         0.0223 
BAR-estimator:      0.95000        1.00000       -1.6714       -10.9162        -1.6714         0.0042         0.0227 
BAR-estimator: total free energy change is -10.91624878483728 , total error is 0.022702836055312696
