#========================================================================================
#                     Free energy perturbation    
#----------------------------------------------------------------------------------------
#forward/backward          λ              ΔΔA                 ΔA                  δε   
#                                                 
#----------------------------------------------------------------------------------------
forward:               0.0000              0.0000              0.0000              0.0000  
forward:               0.0500              1.1630              1.1630              0.0211  
forward:               0.1000              0.7185              1.8815              0.0261  
forward:               0.1500              0.4111              2.2926              0.0280  
forward:               0.2000              0.2296              2.5222              0.0291  
forward:               0.2500              0.1284              2.6506              0.0297  
forward:               0.3000              0.0795              2.7301              0.0303  
forward:               0.3500              0.0385              2.7687              0.0307  
forward:               0.4000              0.0195              2.7881              0.0311  
forward:               0.4500             -0.0036              2.7845              0.0311  
forward:               0.5000             -0.0287              2.7558              0.0314  
forward:               0.5500             -0.1531              2.6027              0.0319  
forward:               0.6000             -0.4058              2.1969              0.0325  
forward:               0.6500             -0.6310              1.5660              0.0336  
forward:               0.7000             -0.8278              0.7382              0.0349  
forward:               0.7500             -0.9229             -0.1847              0.0358  
forward:               0.8000             -0.9866             -1.1713              0.0364  
forward:               0.8500             -0.9909             -2.1622              0.0367  
forward:               0.9000             -0.9777             -3.1399              0.0371  
forward:               0.9500             -0.9565             -4.0964              0.0374  
forward:               1.0000             -0.9329             -5.0293              0.0375  
backward:              1.0000              0.0000             -5.0293              0.0000  
backward:              0.9500              0.9179             -4.1114              0.0082  
backward:              0.9000              0.9511             -3.1603              0.0103  
backward:              0.8500              0.9782             -2.1821              0.0116  
backward:              0.8000              0.9793             -1.2028              0.0134  
backward:              0.7500              0.9710             -0.2318              0.0154  
backward:              0.7000              0.9291              0.6972              0.0177  
backward:              0.6500              0.8104              1.5076              0.0203  
backward:              0.6000              0.6210              2.1287              0.0217  
backward:              0.5500              0.4082              2.5369              0.0229  
backward:              0.5000              0.1412              2.6781              0.0243  
backward:              0.4500              0.0375              2.7156              0.0251  
backward:              0.4000              0.0100              2.7256              0.0256  
backward:              0.3500             -0.0032              2.7224              0.0262  
backward:              0.3000             -0.0373              2.6852              0.0268  
backward:              0.2500             -0.0762              2.6090              0.0275  
backward:              0.2000             -0.1467              2.4623              0.0289  
backward:              0.1500             -0.2377              2.2245              0.0306  
backward:              0.1000             -0.3802              1.8444              0.0335  
backward:              0.0500             -0.6816              1.1628              0.0385  
backward:              0.0000             -1.1855             -0.0227              0.0433  
Inaccuracy estimation
======================================================================================================
                   i        i+δi          P0_overlap_P1   δε(forward)/ε   δε(backward)/ε
======================================================================================================
inaccuracy:  0.00000        0.05000           46.06           -0.03            0.92
inaccuracy:  0.05000        0.10000           51.41           -0.03            0.74
inaccuracy:  0.10000        0.15000           59.89           -0.01            0.43
inaccuracy:  0.15000        0.20000           67.85           -0.01            0.24
inaccuracy:  0.20000        0.25000           72.59           -0.01            0.16
inaccuracy:  0.25000        0.30000           73.28           -0.00            0.14
inaccuracy:  0.30000        0.35000           74.65           -0.01            0.12
inaccuracy:  0.35000        0.40000           73.79           -0.01            0.11
inaccuracy:  0.40000        0.45000           75.49           -0.01            0.09
inaccuracy:  0.45000        0.50000           75.55           -0.01            0.09
inaccuracy:  0.50000        0.55000           66.71           -0.07            0.16
inaccuracy:  0.55000        0.60000           67.21           -0.11            0.10
inaccuracy:  0.60000        0.65000           66.90           -0.11            0.07
inaccuracy:  0.65000        0.70000           66.87           -0.11            0.05
inaccuracy:  0.70000        0.75000           66.38           -0.14            0.04
inaccuracy:  0.75000        0.80000           68.30           -0.11            0.04
inaccuracy:  0.80000        0.85000           67.78           -0.10            0.05
inaccuracy:  0.85000        0.90000           67.11           -0.10            0.06
inaccuracy:  0.90000        0.95000           66.24           -0.09            0.07
inaccuracy:  0.95000        1.00000           66.31           -0.10            0.07
===================================================================================================================================
                BAR        
-----------------------------------------------------------------------------------------------------------------------------------
BAR-estimator:         λ             λ+δλ          ΔΔA             ΔA            C               Δδe            δe       
                          
-----------------------------------------------------------------------------------------------------------------------------------
BAR-estimator:      0.00000        0.05000        1.1825         1.1825         1.1825         0.0100         0.0100 
BAR-estimator:      0.05000        0.10000        0.7092         1.8918         0.7092         0.0087         0.0132 
BAR-estimator:      0.10000        0.15000        0.3994         2.2912         0.3994         0.0068         0.0149 
BAR-estimator:      0.15000        0.20000        0.2313         2.5224         0.2313         0.0060         0.0160 
BAR-estimator:      0.20000        0.25000        0.1336         2.6561         0.1336         0.0044         0.0166 
BAR-estimator:      0.25000        0.30000        0.0816         2.7376         0.0816         0.0043         0.0172 
BAR-estimator:      0.30000        0.35000        0.0391         2.7767         0.0391         0.0040         0.0176 
BAR-estimator:      0.35000        0.40000        0.0135         2.7902         0.0135         0.0038         0.0180 
BAR-estimator:      0.40000        0.45000       -0.0053         2.7849        -0.0053         0.0035         0.0183 
BAR-estimator:      0.45000        0.50000       -0.0326         2.7523        -0.0326         0.0030         0.0186 
BAR-estimator:      0.50000        0.55000       -0.1479         2.6045        -0.1479         0.0039         0.0190 
BAR-estimator:      0.55000        0.60000       -0.4042         2.2003        -0.4042         0.0044         0.0195 
BAR-estimator:      0.60000        0.65000       -0.6206         1.5797        -0.6206         0.0042         0.0199 
BAR-estimator:      0.65000        0.70000       -0.8193         0.7605        -0.8193         0.0055         0.0207 
BAR-estimator:      0.70000        0.75000       -0.9272        -0.1667        -0.9272         0.0047         0.0212 
BAR-estimator:      0.75000        0.80000       -0.9809        -1.1476        -0.9809         0.0044         0.0217 
BAR-estimator:      0.80000        0.85000       -0.9832        -2.1308        -0.9832         0.0042         0.0221 
BAR-estimator:      0.85000        0.90000       -0.9762        -3.1070        -0.9762         0.0044         0.0225 
BAR-estimator:      0.90000        0.95000       -0.9529        -4.0598        -0.9529         0.0037         0.0228 
BAR-estimator:      0.95000        1.00000       -0.9283        -4.9881        -0.9283         0.0050         0.0234 
BAR-estimator: total free energy change is -4.988126416307327 , total error is 0.023356121826239584
