#========================================================================================
#                     Free energy perturbation    
#----------------------------------------------------------------------------------------
#forward/backward          λ              ΔΔA                 ΔA                  δε   
#                                                 
#----------------------------------------------------------------------------------------
forward:               0.0000              0.0000              0.0000              0.0000  
forward:               0.0500              1.1903              1.1903              0.0138  
forward:               0.1000              0.7362              1.9265              0.0176  
forward:               0.1500              0.4068              2.3333              0.0201  
forward:               0.2000              0.2436              2.5769              0.0214  
forward:               0.2500              0.1453              2.7222              0.0221  
forward:               0.3000              0.0853              2.8075              0.0227  
forward:               0.3500              0.0467              2.8542              0.0231  
forward:               0.4000              0.0136              2.8678              0.0235  
forward:               0.4500             -0.0085              2.8594              0.0238  
forward:               0.5000             -0.0299              2.8295              0.0241  
forward:               0.5500             -0.1587              2.6707              0.0247  
forward:               0.6000             -0.4061              2.2646              0.0253  
forward:               0.6500             -0.6251              1.6396              0.0260  
forward:               0.7000             -0.8327              0.8068              0.0269  
forward:               0.7500             -0.9348             -0.1280              0.0276  
forward:               0.8000             -0.9894             -1.1174              0.0280  
forward:               0.8500             -0.9945             -2.1119              0.0284  
forward:               0.9000             -0.9819             -3.0938              0.0288  
forward:               0.9500             -0.9490             -4.0427              0.0291  
forward:               1.0000             -0.9244             -4.9672              0.0294  
backward:              1.0000              0.0000             -4.9672              0.0000  
backward:              0.9500              0.9270             -4.0401              0.0057  
backward:              0.9000              0.9524             -3.0878              0.0087  
backward:              0.8500              0.9749             -2.1129              0.0106  
backward:              0.8000              0.9968             -1.1161              0.0117  
backward:              0.7500              0.9848             -0.1313              0.0134  
backward:              0.7000              0.9498              0.8184              0.0154  
backward:              0.6500              0.8113              1.6298              0.0167  
backward:              0.6000              0.6419              2.2716              0.0180  
backward:              0.5500              0.3920              2.6636              0.0199  
backward:              0.5000              0.1730              2.8366              0.0209  
backward:              0.4500              0.0177              2.8543              0.0214  
backward:              0.4000              0.0098              2.8641              0.0218  
backward:              0.3500             -0.0162              2.8479              0.0224  
backward:              0.3000             -0.0648              2.7831              0.0254  
backward:              0.2500             -0.0950              2.6881              0.0261  
backward:              0.2000             -0.1480              2.5401              0.0281  
backward:              0.1500             -0.2447              2.2954              0.0299  
backward:              0.1000             -0.4145              1.8809              0.0344  
backward:              0.0500             -0.7672              1.1137              0.0516  
backward:              0.0000             -1.2340             -0.1203              0.0567  
Inaccuracy estimation
======================================================================================================
                   i        i+δi          P0_overlap_P1   δε(forward)/ε   δε(backward)/ε
======================================================================================================
inaccuracy:  0.00000        0.05000           45.82           -0.03            0.99
inaccuracy:  0.05000        0.10000           52.38           -0.03            0.76
inaccuracy:  0.10000        0.15000           60.88           -0.01            0.40
inaccuracy:  0.15000        0.20000           67.87           -0.02            0.26
inaccuracy:  0.20000        0.25000           70.19           -0.01            0.18
inaccuracy:  0.25000        0.30000           74.20           -0.01            0.14
inaccuracy:  0.30000        0.35000           74.38           -0.01            0.11
inaccuracy:  0.35000        0.40000           75.62           -0.01            0.10
inaccuracy:  0.40000        0.45000           75.55           -0.01            0.09
inaccuracy:  0.45000        0.50000           77.90           -0.01            0.09
inaccuracy:  0.50000        0.55000           65.81           -0.08            0.15
inaccuracy:  0.55000        0.60000           67.53           -0.10            0.09
inaccuracy:  0.60000        0.65000           65.09           -0.13            0.07
inaccuracy:  0.65000        0.70000           67.34           -0.12            0.05
inaccuracy:  0.70000        0.75000           65.39           -0.13            0.05
inaccuracy:  0.75000        0.80000           67.40           -0.11            0.04
inaccuracy:  0.80000        0.85000           66.73           -0.10            0.05
inaccuracy:  0.85000        0.90000           66.62           -0.09            0.06
inaccuracy:  0.90000        0.95000           65.09           -0.11            0.07
inaccuracy:  0.95000        1.00000           65.34           -0.11            0.08
===================================================================================================================================
                BAR        
-----------------------------------------------------------------------------------------------------------------------------------
BAR-estimator:         λ             λ+δλ          ΔΔA             ΔA            C               Δδe            δe       
                          
-----------------------------------------------------------------------------------------------------------------------------------
BAR-estimator:      0.00000        0.05000        1.2059         1.2059         1.2059         0.0075         0.0075 
BAR-estimator:      0.05000        0.10000        0.7307         1.9365         0.7307         0.0073         0.0105 
BAR-estimator:      0.10000        0.15000        0.4041         2.3407         0.4041         0.0064         0.0123 
BAR-estimator:      0.15000        0.20000        0.2450         2.5857         0.2450         0.0050         0.0133 
BAR-estimator:      0.20000        0.25000        0.1433         2.7289         0.1433         0.0038         0.0138 
BAR-estimator:      0.25000        0.30000        0.0897         2.8186         0.0897         0.0039         0.0144 
BAR-estimator:      0.30000        0.35000        0.0472         2.8658         0.0472         0.0028         0.0146 
BAR-estimator:      0.35000        0.40000        0.0142         2.8801         0.0142         0.0032         0.0150 
BAR-estimator:      0.40000        0.45000       -0.0090         2.8711        -0.0090         0.0028         0.0152 
BAR-estimator:      0.45000        0.50000       -0.0254         2.8457        -0.0254         0.0028         0.0155 
BAR-estimator:      0.50000        0.55000       -0.1607         2.6850        -0.1607         0.0034         0.0158 
BAR-estimator:      0.55000        0.60000       -0.4012         2.2839        -0.4012         0.0034         0.0162 
BAR-estimator:      0.60000        0.65000       -0.6290         1.6548        -0.6290         0.0036         0.0166 
BAR-estimator:      0.65000        0.70000       -0.8212         0.8336        -0.8212         0.0041         0.0171 
BAR-estimator:      0.70000        0.75000       -0.9425        -0.1089        -0.9425         0.0039         0.0175 
BAR-estimator:      0.75000        0.80000       -0.9908        -1.0997        -0.9908         0.0033         0.0178 
BAR-estimator:      0.80000        0.85000       -0.9964        -2.0961        -0.9964         0.0035         0.0182 
BAR-estimator:      0.85000        0.90000       -0.9795        -3.0756        -0.9795         0.0034         0.0185 
BAR-estimator:      0.90000        0.95000       -0.9537        -4.0293        -0.9537         0.0038         0.0189 
BAR-estimator:      0.95000        1.00000       -0.9231        -4.9523        -0.9231         0.0040         0.0193 
BAR-estimator: total free energy change is -4.952333525784304 , total error is 0.019297576764401626
