#========================================================================================
#                     Free energy perturbation    
#----------------------------------------------------------------------------------------
#forward/backward          λ              ΔΔA                 ΔA                  δε   
#                                                 
#----------------------------------------------------------------------------------------
forward:               0.0000              0.0000              0.0000              0.0000  
forward:               0.0500              1.5450              1.5450              0.0208  
forward:               0.1000              0.8898              2.4348              0.0279  
forward:               0.1500              0.4974              2.9322              0.0299  
forward:               0.2000              0.2363              3.1686              0.0311  
forward:               0.2500              0.1483              3.3169              0.0318  
forward:               0.3000              0.0643              3.3812              0.0323  
forward:               0.3500              0.0260              3.4073              0.0328  
forward:               0.4000             -0.0197              3.3875              0.0332  
forward:               0.4500             -0.0406              3.3469              0.0335  
forward:               0.5000             -0.0733              3.2736              0.0338  
forward:               0.5500             -0.1675              3.1061              0.0342  
forward:               0.6000             -0.3393              2.7668              0.0346  
forward:               0.6500             -0.4679              2.2989              0.0350  
forward:               0.7000             -0.5516              1.7472              0.0356  
forward:               0.7500             -0.6185              1.1287              0.0360  
forward:               0.8000             -0.6600              0.4688              0.0364  
forward:               0.8500             -0.6661             -0.1973              0.0367  
forward:               0.9000             -0.6549             -0.8523              0.0369  
forward:               0.9500             -0.6353             -1.4876              0.0371  
forward:               1.0000             -0.6317             -2.1193              0.0373  
backward:              1.0000              0.0000             -2.1193              0.0000  
backward:              0.9500              0.6352             -1.4841              0.0057  
backward:              0.9000              0.6400             -0.8441              0.0076  
backward:              0.8500              0.6401             -0.2040              0.0095  
backward:              0.8000              0.6585              0.4545              0.0114  
backward:              0.7500              0.6561              1.1107              0.0127  
backward:              0.7000              0.6194              1.7301              0.0138  
backward:              0.6500              0.5548              2.2849              0.0154  
backward:              0.6000              0.4611              2.7460              0.0166  
backward:              0.5500              0.3310              3.0770              0.0177  
backward:              0.5000              0.1690              3.2460              0.0188  
backward:              0.4500              0.0730              3.3190              0.0194  
backward:              0.4000              0.0540              3.3729              0.0201  
backward:              0.3500              0.0164              3.3894              0.0208  
backward:              0.3000             -0.0194              3.3699              0.0217  
backward:              0.2500             -0.0439              3.3260              0.0227  
backward:              0.2000             -0.1426              3.1834              0.0238  
backward:              0.1500             -0.2503              2.9331              0.0261  
backward:              0.1000             -0.4945              2.4386              0.0316  
backward:              0.0500             -0.8555              1.5831              0.0384  
backward:              0.0000             -1.7512             -0.1681              0.1935  
Inaccuracy estimation
======================================================================================================
                   i        i+δi          P0_overlap_P1   δε(forward)/ε   δε(backward)/ε
======================================================================================================
inaccuracy:  0.00000        0.05000           38.65           -0.03            1.55
inaccuracy:  0.05000        0.10000           47.26           -0.03            0.97
inaccuracy:  0.10000        0.15000           57.64           -0.02            0.48
inaccuracy:  0.15000        0.20000           66.15           -0.02            0.27
inaccuracy:  0.20000        0.25000           69.84           -0.02            0.20
inaccuracy:  0.25000        0.30000           70.50           -0.01            0.15
inaccuracy:  0.30000        0.35000           72.30           -0.02            0.13
inaccuracy:  0.35000        0.40000           74.44           -0.02            0.10
inaccuracy:  0.40000        0.45000           73.94           -0.01            0.10
inaccuracy:  0.45000        0.50000           75.54           -0.01            0.08
inaccuracy:  0.50000        0.55000           68.63           -0.05            0.14
inaccuracy:  0.55000        0.60000           70.67           -0.06            0.08
inaccuracy:  0.60000        0.65000           71.27           -0.06            0.07
inaccuracy:  0.65000        0.70000           70.60           -0.07            0.06
inaccuracy:  0.70000        0.75000           70.17           -0.07            0.05
inaccuracy:  0.75000        0.80000           71.14           -0.06            0.06
inaccuracy:  0.80000        0.85000           71.22           -0.06            0.06
inaccuracy:  0.85000        0.90000           71.80           -0.05            0.06
inaccuracy:  0.90000        0.95000           69.91           -0.06            0.07
inaccuracy:  0.95000        1.00000           69.56           -0.07            0.07
===================================================================================================================================
                BAR        
-----------------------------------------------------------------------------------------------------------------------------------
BAR-estimator:         λ             λ+δλ          ΔΔA             ΔA            C               Δδe            δe       
                          
-----------------------------------------------------------------------------------------------------------------------------------
BAR-estimator:      0.00000        0.05000        1.5491         1.5491         1.5491         0.0105         0.0105 
BAR-estimator:      0.05000        0.10000        0.8890         2.4381         0.8890         0.0105         0.0148 
BAR-estimator:      0.10000        0.15000        0.4889         2.9271         0.4889         0.0072         0.0165 
BAR-estimator:      0.15000        0.20000        0.2426         3.1696         0.2426         0.0056         0.0174 
BAR-estimator:      0.20000        0.25000        0.1487         3.3184         0.1487         0.0047         0.0180 
BAR-estimator:      0.25000        0.30000        0.0569         3.3753         0.0569         0.0044         0.0186 
BAR-estimator:      0.30000        0.35000        0.0219         3.3972         0.0219         0.0035         0.0189 
BAR-estimator:      0.35000        0.40000       -0.0198         3.3774        -0.0198         0.0036         0.0193 
BAR-estimator:      0.40000        0.45000       -0.0455         3.3319        -0.0455         0.0030         0.0195 
BAR-estimator:      0.45000        0.50000       -0.0738         3.2582        -0.0738         0.0031         0.0197 
BAR-estimator:      0.50000        0.55000       -0.1687         3.0895        -0.1687         0.0036         0.0201 
BAR-estimator:      0.55000        0.60000       -0.3351         2.7544        -0.3351         0.0034         0.0203 
BAR-estimator:      0.60000        0.65000       -0.4638         2.2906        -0.4638         0.0037         0.0207 
BAR-estimator:      0.65000        0.70000       -0.5525         1.7381        -0.5525         0.0037         0.0210 
BAR-estimator:      0.70000        0.75000       -0.6215         1.1166        -0.6215         0.0035         0.0213 
BAR-estimator:      0.75000        0.80000       -0.6579         0.4587        -0.6579         0.0035         0.0216 
BAR-estimator:      0.80000        0.85000       -0.6626        -0.2039        -0.6626         0.0039         0.0219 
BAR-estimator:      0.85000        0.90000       -0.6496        -0.8535        -0.6496         0.0037         0.0222 
BAR-estimator:      0.90000        0.95000       -0.6376        -1.4911        -0.6376         0.0034         0.0225 
BAR-estimator:      0.95000        1.00000       -0.6360        -2.1271        -0.6360         0.0033         0.0227 
BAR-estimator: total free energy change is -2.1270607158072687 , total error is 0.022734638915516876
