#========================================================================================
#                     Free energy perturbation    
#----------------------------------------------------------------------------------------
#forward/backward          λ              ΔΔA                 ΔA                  δε   
#                                                 
#----------------------------------------------------------------------------------------
forward:               0.0000              0.0000              0.0000              0.0000  
forward:               0.0500              1.5450              1.5450              0.0180  
forward:               0.1000              0.9273              2.4724              0.0218  
forward:               0.1500              0.4877              2.9600              0.0241  
forward:               0.2000              0.2553              3.2153              0.0252  
forward:               0.2500              0.1506              3.3659              0.0260  
forward:               0.3000              0.0623              3.4282              0.0265  
forward:               0.3500              0.0199              3.4481              0.0269  
forward:               0.4000             -0.0246              3.4235              0.0274  
forward:               0.4500             -0.0379              3.3856              0.0276  
forward:               0.5000             -0.0678              3.3179              0.0278  
forward:               0.5500             -0.1648              3.1530              0.0280  
forward:               0.6000             -0.3369              2.8161              0.0282  
forward:               0.6500             -0.4597              2.3564              0.0286  
forward:               0.7000             -0.5647              1.7917              0.0290  
forward:               0.7500             -0.6416              1.1501              0.0295  
forward:               0.8000             -0.6870              0.4631              0.0305  
forward:               0.8500             -0.7068             -0.2437              0.0313  
forward:               0.9000             -0.7078             -0.9515              0.0326  
forward:               0.9500             -0.7202             -1.6717              0.0352  
forward:               1.0000             -0.8406             -2.5123              0.0517  
backward:              1.0000              0.0000             -2.5123              0.0000  
backward:              0.9500              0.8064             -1.7059              0.0064  
backward:              0.9000              0.7458             -0.9601              0.0155  
backward:              0.8500              0.7170             -0.2432              0.0197  
backward:              0.8000              0.6986              0.4554              0.0205  
backward:              0.7500              0.6807              1.1361              0.0213  
backward:              0.7000              0.6415              1.7776              0.0221  
backward:              0.6500              0.5526              2.3303              0.0227  
backward:              0.6000              0.4569              2.7871              0.0233  
backward:              0.5500              0.3201              3.1072              0.0240  
backward:              0.5000              0.1587              3.2660              0.0248  
backward:              0.4500              0.0690              3.3350              0.0252  
backward:              0.4000              0.0416              3.3766              0.0256  
backward:              0.3500              0.0078              3.3844              0.0261  
backward:              0.3000             -0.0259              3.3585              0.0270  
backward:              0.2500             -0.0629              3.2956              0.0277  
backward:              0.2000             -0.1426              3.1530              0.0294  
backward:              0.1500             -0.2647              2.8883              0.0307  
backward:              0.1000             -0.4660              2.4223              0.0368  
backward:              0.0500             -0.8950              1.5273              0.0428  
backward:              0.0000             -1.5635             -0.0362              0.0507  
Inaccuracy estimation
======================================================================================================
                   i        i+δi          P0_overlap_P1   δε(forward)/ε   δε(backward)/ε
======================================================================================================
inaccuracy:  0.00000        0.05000           39.31           -0.03            1.57
inaccuracy:  0.05000        0.10000           46.96           -0.03            1.04
inaccuracy:  0.10000        0.15000           56.61           -0.03            0.53
inaccuracy:  0.15000        0.20000           66.42           -0.02            0.30
inaccuracy:  0.20000        0.25000           68.22           -0.01            0.19
inaccuracy:  0.25000        0.30000           71.98           -0.01            0.15
inaccuracy:  0.30000        0.35000           73.27           -0.01            0.13
inaccuracy:  0.35000        0.40000           76.11           -0.01            0.10
inaccuracy:  0.40000        0.45000           74.78           -0.01            0.10
inaccuracy:  0.45000        0.50000           75.77           -0.01            0.09
inaccuracy:  0.50000        0.55000           69.16           -0.05            0.12
inaccuracy:  0.55000        0.60000           71.62           -0.07            0.08
inaccuracy:  0.60000        0.65000           70.89           -0.07            0.07
inaccuracy:  0.65000        0.70000           72.03           -0.08            0.06
inaccuracy:  0.70000        0.75000           70.60           -0.07            0.06
inaccuracy:  0.75000        0.80000           70.59           -0.08            0.06
inaccuracy:  0.80000        0.85000           70.29           -0.07            0.06
inaccuracy:  0.85000        0.90000           68.22           -0.10            0.07
inaccuracy:  0.90000        0.95000           66.92           -0.15            0.07
inaccuracy:  0.95000        1.00000           65.62           -0.14            0.07
===================================================================================================================================
                BAR        
-----------------------------------------------------------------------------------------------------------------------------------
BAR-estimator:         λ             λ+δλ          ΔΔA             ΔA            C               Δδe            δe       
                          
-----------------------------------------------------------------------------------------------------------------------------------
BAR-estimator:      0.00000        0.05000        1.5692         1.5692         1.5692         0.0230         0.0230 
BAR-estimator:      0.05000        0.10000        0.9199         2.4891         0.9199         0.0134         0.0266 
BAR-estimator:      0.10000        0.15000        0.4800         2.9690         0.4800         0.0097         0.0283 
BAR-estimator:      0.15000        0.20000        0.2620         3.2310         0.2620         0.0068         0.0291 
BAR-estimator:      0.20000        0.25000        0.1455         3.3765         0.1455         0.0044         0.0294 
BAR-estimator:      0.25000        0.30000        0.0630         3.4395         0.0630         0.0038         0.0297 
BAR-estimator:      0.30000        0.35000        0.0198         3.4593         0.0198         0.0033         0.0299 
BAR-estimator:      0.35000        0.40000       -0.0160         3.4433        -0.0160         0.0034         0.0301 
BAR-estimator:      0.40000        0.45000       -0.0390         3.4043        -0.0390         0.0028         0.0302 
BAR-estimator:      0.45000        0.50000       -0.0686         3.3357        -0.0686         0.0032         0.0304 
BAR-estimator:      0.50000        0.55000       -0.1639         3.1719        -0.1639         0.0032         0.0305 
BAR-estimator:      0.55000        0.60000       -0.3298         2.8421        -0.3298         0.0030         0.0307 
BAR-estimator:      0.60000        0.65000       -0.4579         2.3841        -0.4579         0.0025         0.0308 
BAR-estimator:      0.65000        0.70000       -0.5593         1.8248        -0.5593         0.0026         0.0309 
BAR-estimator:      0.70000        0.75000       -0.6403         1.1845        -0.6403         0.0033         0.0311 
BAR-estimator:      0.75000        0.80000       -0.6824         0.5021        -0.6824         0.0042         0.0313 
BAR-estimator:      0.80000        0.85000       -0.7003        -0.1982        -0.7003         0.0039         0.0316 
BAR-estimator:      0.85000        0.90000       -0.7141        -0.9122        -0.7141         0.0045         0.0319 
BAR-estimator:      0.90000        0.95000       -0.7346        -1.6468        -0.7346         0.0061         0.0325 
BAR-estimator:      0.95000        1.00000       -0.8238        -2.4706        -0.8238         0.0156         0.0360 
BAR-estimator: total free energy change is -2.470610470769947 , total error is 0.036010059400027175
