#========================================================================================
#                     Free energy perturbation    
#----------------------------------------------------------------------------------------
#forward/backward          λ              ΔΔA                 ΔA                  δε   
#                                                 
#----------------------------------------------------------------------------------------
forward:               0.0000              0.0000              0.0000              0.0000  
forward:               0.0500              1.6688              1.6688              0.0267  
forward:               0.1000              0.8098              2.4785              0.0313  
forward:               0.1500              0.4046              2.8831              0.0329  
forward:               0.2000              0.2364              3.1195              0.0337  
forward:               0.2500              0.1286              3.2480              0.0343  
forward:               0.3000              0.0554              3.3034              0.0346  
forward:               0.3500              0.0137              3.3170              0.0349  
forward:               0.4000             -0.0153              3.3017              0.0352  
forward:               0.4500             -0.0470              3.2547              0.0355  
forward:               0.5000             -0.0677              3.1870              0.0356  
forward:               0.5500             -0.0882              3.0989              0.0358  
forward:               0.6000             -0.1128              2.9861              0.0360  
forward:               0.6500             -0.1298              2.8563              0.0361  
forward:               0.7000             -0.1494              2.7069              0.0363  
forward:               0.7500             -0.1469              2.5600              0.0364  
forward:               0.8000             -0.1628              2.3972              0.0365  
forward:               0.8500             -0.1685              2.2287              0.0367  
forward:               0.9000             -0.1836              2.0451              0.0368  
forward:               0.9500             -0.1849              1.8602              0.0369  
forward:               1.0000             -0.1956              1.6646              0.0370  
backward:              1.0000              0.0000              1.6646              0.0000  
backward:              0.9500              0.1998              1.8645              0.0034  
backward:              0.9000              0.1850              2.0494              0.0046  
backward:              0.8500              0.1836              2.2330              0.0057  
backward:              0.8000              0.1666              2.3996              0.0066  
backward:              0.7500              0.1611              2.5608              0.0074  
backward:              0.7000              0.1452              2.7059              0.0082  
backward:              0.6500              0.1468              2.8527              0.0088  
backward:              0.6000              0.1261              2.9788              0.0095  
backward:              0.5500              0.1144              3.0932              0.0102  
backward:              0.5000              0.0985              3.1917              0.0109  
backward:              0.4500              0.0751              3.2668              0.0114  
backward:              0.4000              0.0451              3.3119              0.0121  
backward:              0.3500              0.0227              3.3346              0.0130  
backward:              0.3000             -0.0157              3.3190              0.0144  
backward:              0.2500             -0.0500              3.2690              0.0156  
backward:              0.2000             -0.1210              3.1479              0.0171  
backward:              0.1500             -0.2233              2.9247              0.0196  
backward:              0.1000             -0.4282              2.4965              0.0294  
backward:              0.0500             -0.7901              1.7063              0.0422  
backward:              0.0000             -1.6204              0.0860              0.0619  
Inaccuracy estimation
======================================================================================================
                   i        i+δi          P0_overlap_P1   δε(forward)/ε   δε(backward)/ε
======================================================================================================
inaccuracy:  0.00000        0.05000           34.42           -0.03            2.14
inaccuracy:  0.05000        0.10000           49.00           -0.02            0.92
inaccuracy:  0.10000        0.15000           62.55           -0.01            0.40
inaccuracy:  0.15000        0.20000           67.24           -0.01            0.22
inaccuracy:  0.20000        0.25000           71.76           -0.01            0.15
inaccuracy:  0.25000        0.30000           74.74           -0.01            0.11
inaccuracy:  0.30000        0.35000           76.15           -0.01            0.09
inaccuracy:  0.35000        0.40000           76.61           -0.01            0.07
inaccuracy:  0.40000        0.45000           78.70           -0.01            0.07
inaccuracy:  0.45000        0.50000           78.19           -0.01            0.07
inaccuracy:  0.50000        0.55000           78.16           -0.01            0.06
inaccuracy:  0.55000        0.60000           79.74           -0.01            0.06
inaccuracy:  0.60000        0.65000           81.12           -0.01            0.05
inaccuracy:  0.65000        0.70000           80.46           -0.01            0.05
inaccuracy:  0.70000        0.75000           80.04           -0.01            0.05
inaccuracy:  0.75000        0.80000           80.70           -0.01            0.05
inaccuracy:  0.80000        0.85000           80.69           -0.01            0.05
inaccuracy:  0.85000        0.90000           80.54           -0.01            0.05
inaccuracy:  0.90000        0.95000           79.85           -0.01            0.04
inaccuracy:  0.95000        1.00000           79.90           -0.01            0.05
===================================================================================================================================
                BAR        
-----------------------------------------------------------------------------------------------------------------------------------
BAR-estimator:         λ             λ+δλ          ΔΔA             ΔA            C               Δδe            δe       
                          
-----------------------------------------------------------------------------------------------------------------------------------
BAR-estimator:      0.00000        0.05000        1.6419         1.6419         1.6419         0.0133         0.0133 
BAR-estimator:      0.05000        0.10000        0.8042         2.4461         0.8042         0.0104         0.0168 
BAR-estimator:      0.10000        0.15000        0.4096         2.8557         0.4096         0.0069         0.0182 
BAR-estimator:      0.15000        0.20000        0.2303         3.0860         0.2303         0.0048         0.0188 
BAR-estimator:      0.20000        0.25000        0.1247         3.2106         0.1247         0.0041         0.0192 
BAR-estimator:      0.25000        0.30000        0.0534         3.2640         0.0534         0.0034         0.0195 
BAR-estimator:      0.30000        0.35000        0.0125         3.2765         0.0125         0.0032         0.0198 
BAR-estimator:      0.35000        0.40000       -0.0200         3.2565        -0.0200         0.0030         0.0200 
BAR-estimator:      0.40000        0.45000       -0.0465         3.2100        -0.0465         0.0029         0.0202 
BAR-estimator:      0.45000        0.50000       -0.0705         3.1396        -0.0705         0.0025         0.0204 
BAR-estimator:      0.50000        0.55000       -0.0932         3.0464        -0.0932         0.0026         0.0206 
BAR-estimator:      0.55000        0.60000       -0.1135         2.9329        -0.1135         0.0024         0.0207 
BAR-estimator:      0.60000        0.65000       -0.1274         2.8055        -0.1274         0.0023         0.0208 
BAR-estimator:      0.65000        0.70000       -0.1479         2.6576        -0.1479         0.0026         0.0210 
BAR-estimator:      0.70000        0.75000       -0.1465         2.5111        -0.1465         0.0024         0.0211 
BAR-estimator:      0.75000        0.80000       -0.1624         2.3488        -0.1624         0.0022         0.0212 
BAR-estimator:      0.80000        0.85000       -0.1667         2.1820        -0.1667         0.0024         0.0214 
BAR-estimator:      0.85000        0.90000       -0.1830         1.9990        -0.1830         0.0026         0.0215 
BAR-estimator:      0.90000        0.95000       -0.1843         1.8147        -0.1843         0.0025         0.0217 
BAR-estimator:      0.95000        1.00000       -0.1969         1.6178        -0.1969         0.0027         0.0218 
BAR-estimator: total free energy change is 1.6177853130626416 , total error is 0.021845834782842327
