#========================================================================================
#                     Free energy perturbation    
#----------------------------------------------------------------------------------------
#forward/backward          λ              ΔΔA                 ΔA                  δε   
#                                                 
#----------------------------------------------------------------------------------------
forward:               0.0000              0.0000              0.0000              0.0000  
forward:               0.0500              1.6195              1.6195              0.0198  
forward:               0.1000              0.8385              2.4580              0.0238  
forward:               0.1500              0.4182              2.8762              0.0256  
forward:               0.2000              0.2391              3.1153              0.0265  
forward:               0.2500              0.1268              3.2421              0.0271  
forward:               0.3000              0.0642              3.3063              0.0275  
forward:               0.3500              0.0232              3.3295              0.0282  
forward:               0.4000             -0.0130              3.3164              0.0285  
forward:               0.4500             -0.0468              3.2696              0.0288  
forward:               0.5000             -0.0588              3.2108              0.0290  
forward:               0.5500             -0.0944              3.1164              0.0291  
forward:               0.6000             -0.1046              3.0118              0.0293  
forward:               0.6500             -0.1175              2.8943              0.0295  
forward:               0.7000             -0.1352              2.7591              0.0296  
forward:               0.7500             -0.1450              2.6141              0.0297  
forward:               0.8000             -0.1554              2.4587              0.0299  
forward:               0.8500             -0.1668              2.2918              0.0300  
forward:               0.9000             -0.1694              2.1224              0.0302  
forward:               0.9500             -0.1833              1.9391              0.0303  
forward:               1.0000             -0.1932              1.7459              0.0304  
backward:              1.0000              0.0000              1.7459              0.0000  
backward:              0.9500              0.1919              1.9378              0.0032  
backward:              0.9000              0.1821              2.1199              0.0049  
backward:              0.8500              0.1783              2.2983              0.0060  
backward:              0.8000              0.1666              2.4648              0.0069  
backward:              0.7500              0.1603              2.6251              0.0079  
backward:              0.7000              0.1469              2.7720              0.0086  
backward:              0.6500              0.1335              2.9056              0.0094  
backward:              0.6000              0.1200              3.0255              0.0100  
backward:              0.5500              0.1122              3.1377              0.0106  
backward:              0.5000              0.0834              3.2210              0.0113  
backward:              0.4500              0.0579              3.2789              0.0119  
backward:              0.4000              0.0395              3.3184              0.0127  
backward:              0.3500              0.0130              3.3314              0.0135  
backward:              0.3000             -0.0222              3.3092              0.0143  
backward:              0.2500             -0.0661              3.2432              0.0157  
backward:              0.2000             -0.1326              3.1105              0.0170  
backward:              0.1500             -0.2267              2.8838              0.0195  
backward:              0.1000             -0.4432              2.4406              0.0318  
backward:              0.0500             -0.8262              1.6144              0.0387  
backward:              0.0000             -1.5967              0.0177              0.0541  
Inaccuracy estimation
======================================================================================================
                   i        i+δi          P0_overlap_P1   δε(forward)/ε   δε(backward)/ε
======================================================================================================
inaccuracy:  0.00000        0.05000           35.23           -0.03            2.09
inaccuracy:  0.05000        0.10000           49.42           -0.02            0.91
inaccuracy:  0.10000        0.15000           62.32           -0.01            0.41
inaccuracy:  0.15000        0.20000           68.24           -0.01            0.23
inaccuracy:  0.20000        0.25000           73.11           -0.01            0.15
inaccuracy:  0.25000        0.30000           74.81           -0.01            0.11
inaccuracy:  0.30000        0.35000           76.01           -0.01            0.09
inaccuracy:  0.35000        0.40000           77.23           -0.01            0.08
inaccuracy:  0.40000        0.45000           79.01           -0.01            0.07
inaccuracy:  0.45000        0.50000           78.98           -0.01            0.06
inaccuracy:  0.50000        0.55000           80.68           -0.01            0.06
inaccuracy:  0.55000        0.60000           78.38           -0.01            0.06
inaccuracy:  0.60000        0.65000           79.15           -0.01            0.06
inaccuracy:  0.65000        0.70000           79.55           -0.01            0.05
inaccuracy:  0.70000        0.75000           79.94           -0.01            0.05
inaccuracy:  0.75000        0.80000           79.82           -0.01            0.05
inaccuracy:  0.80000        0.85000           79.82           -0.01            0.04
inaccuracy:  0.85000        0.90000           78.91           -0.01            0.05
inaccuracy:  0.90000        0.95000           80.65           -0.02            0.04
inaccuracy:  0.95000        1.00000           80.41           -0.01            0.04
===================================================================================================================================
                BAR        
-----------------------------------------------------------------------------------------------------------------------------------
BAR-estimator:         λ             λ+δλ          ΔΔA             ΔA            C               Δδe            δe       
                          
-----------------------------------------------------------------------------------------------------------------------------------
BAR-estimator:      0.00000        0.05000        1.6121         1.6121         1.6121         0.0101         0.0101 
BAR-estimator:      0.05000        0.10000        0.8382         2.4503         0.8382         0.0083         0.0131 
BAR-estimator:      0.10000        0.15000        0.4200         2.8703         0.4200         0.0062         0.0145 
BAR-estimator:      0.15000        0.20000        0.2360         3.1063         0.2360         0.0053         0.0154 
BAR-estimator:      0.20000        0.25000        0.1301         3.2363         0.1301         0.0038         0.0159 
BAR-estimator:      0.25000        0.30000        0.0637         3.3000         0.0637         0.0033         0.0162 
BAR-estimator:      0.30000        0.35000        0.0214         3.3214         0.0214         0.0032         0.0165 
BAR-estimator:      0.35000        0.40000       -0.0131         3.3083        -0.0131         0.0027         0.0168 
BAR-estimator:      0.40000        0.45000       -0.0439         3.2644        -0.0439         0.0027         0.0170 
BAR-estimator:      0.45000        0.50000       -0.0589         3.2056        -0.0589         0.0024         0.0171 
BAR-estimator:      0.50000        0.55000       -0.0897         3.1159        -0.0897         0.0023         0.0173 
BAR-estimator:      0.55000        0.60000       -0.1075         3.0084        -0.1075         0.0021         0.0174 
BAR-estimator:      0.60000        0.65000       -0.1177         2.8907        -0.1177         0.0023         0.0176 
BAR-estimator:      0.65000        0.70000       -0.1352         2.7555        -0.1352         0.0023         0.0177 
BAR-estimator:      0.70000        0.75000       -0.1455         2.6100        -0.1455         0.0024         0.0179 
BAR-estimator:      0.75000        0.80000       -0.1570         2.4530        -0.1570         0.0023         0.0180 
BAR-estimator:      0.80000        0.85000       -0.1665         2.2865        -0.1665         0.0022         0.0182 
BAR-estimator:      0.85000        0.90000       -0.1727         2.1137        -0.1727         0.0026         0.0183 
BAR-estimator:      0.90000        0.95000       -0.1828         1.9309        -0.1828         0.0024         0.0185 
BAR-estimator:      0.95000        1.00000       -0.1929         1.7380        -0.1929         0.0022         0.0186 
BAR-estimator: total free energy change is 1.7380358095850639 , total error is 0.01862428506005979
