#========================================================================================
#                     Free energy perturbation    
#----------------------------------------------------------------------------------------
#forward/backward          λ              ΔΔA                 ΔA                  δε   
#                                                 
#----------------------------------------------------------------------------------------
forward:               0.0000              0.0000              0.0000              0.0000  
forward:               0.0500              0.6214              0.6214              0.0087  
forward:               0.1000              0.3632              0.9846              0.0107  
forward:               0.1500              0.2463              1.2309              0.0119  
forward:               0.2000              0.1699              1.4009              0.0128  
forward:               0.2500              0.1230              1.5239              0.0134  
forward:               0.3000              0.1004              1.6243              0.0140  
forward:               0.3500              0.0706              1.6949              0.0144  
forward:               0.4000              0.0581              1.7531              0.0150  
forward:               0.4500              0.0415              1.7945              0.0154  
forward:               0.5000              0.0283              1.8228              0.0157  
forward:               0.5500             -0.0488              1.7740              0.0162  
forward:               0.6000             -0.1696              1.6044              0.0166  
forward:               0.6500             -0.2644              1.3400              0.0170  
forward:               0.7000             -0.3623              0.9777              0.0176  
forward:               0.7500             -0.4284              0.5493              0.0180  
forward:               0.8000             -0.4925              0.0569              0.0184  
forward:               0.8500             -0.5409             -0.4841              0.0187  
forward:               0.9000             -0.5835             -1.0676              0.0190  
forward:               0.9500             -0.6045             -1.6721              0.0194  
forward:               1.0000             -0.6363             -2.3084              0.0197  
backward:              1.0000              0.0000             -2.3084              0.0000  
backward:              0.9500              0.6407             -1.6677              0.0037  
backward:              0.9000              0.6048             -1.0629              0.0055  
backward:              0.8500              0.5802             -0.4827              0.0065  
backward:              0.8000              0.5432              0.0606              0.0077  
backward:              0.7500              0.4913              0.5518              0.0090  
backward:              0.7000              0.4261              0.9779              0.0099  
backward:              0.6500              0.3567              1.3345              0.0106  
backward:              0.6000              0.2585              1.5931              0.0125  
backward:              0.5500              0.1774              1.7704              0.0131  
backward:              0.5000              0.0368              1.8073              0.0139  
backward:              0.4500             -0.0337              1.7736              0.0145  
backward:              0.4000             -0.0443              1.7293              0.0151  
backward:              0.3500             -0.0594              1.6699              0.0156  
backward:              0.3000             -0.0735              1.5964              0.0162  
backward:              0.2500             -0.0925              1.5038              0.0169  
backward:              0.2000             -0.1234              1.3804              0.0176  
backward:              0.1500             -0.1736              1.2068              0.0189  
backward:              0.1000             -0.2316              0.9752              0.0202  
backward:              0.0500             -0.3493              0.6259              0.0236  
backward:              0.0000             -0.6607             -0.0348              0.0536  
Inaccuracy estimation
======================================================================================================
                   i        i+δi          P0_overlap_P1   δε(forward)/ε   δε(backward)/ε
======================================================================================================
inaccuracy:  0.00000        0.05000           48.09           -0.02            0.88
inaccuracy:  0.05000        0.10000           66.88           -0.00            0.33
inaccuracy:  0.10000        0.15000           68.30           -0.01            0.22
inaccuracy:  0.15000        0.20000           76.27           -0.00            0.14
inaccuracy:  0.20000        0.25000           75.62           -0.00            0.12
inaccuracy:  0.25000        0.30000           78.16           -0.00            0.10
inaccuracy:  0.30000        0.35000           79.19           -0.00            0.08
inaccuracy:  0.35000        0.40000           80.85           -0.00            0.07
inaccuracy:  0.40000        0.45000           79.90           -0.00            0.07
inaccuracy:  0.45000        0.50000           81.37           -0.00            0.06
inaccuracy:  0.50000        0.55000           62.78           -0.07            0.12
inaccuracy:  0.55000        0.60000           75.13           -0.03            0.07
inaccuracy:  0.60000        0.65000           66.64           -0.06            0.07
inaccuracy:  0.65000        0.70000           77.12           -0.03            0.05
inaccuracy:  0.70000        0.75000           68.88           -0.06            0.05
inaccuracy:  0.75000        0.80000           76.56           -0.04            0.04
inaccuracy:  0.80000        0.85000           72.30           -0.05            0.04
inaccuracy:  0.85000        0.90000           76.57           -0.04            0.04
inaccuracy:  0.90000        0.95000           72.00           -0.05            0.04
inaccuracy:  0.95000        1.00000           75.97           -0.05            0.03
===================================================================================================================================
            	   BAR        
-----------------------------------------------------------------------------------------------------------------------------------
BAR-estimator:         λ             λ+δλ          ΔΔA             ΔA            C               Δδe            δe       
                          
-----------------------------------------------------------------------------------------------------------------------------------
BAR-estimator:      0.00000        0.05000        0.5494         0.5494         0.5494         0.0059         0.0059 
BAR-estimator:      0.05000        0.10000        0.3607         0.9101         0.3607         0.0043         0.0073 
BAR-estimator:      0.10000        0.15000        0.2230         1.1331         0.2230         0.0038         0.0082 
BAR-estimator:      0.15000        0.20000        0.1726         1.3057         0.1726         0.0032         0.0088 
BAR-estimator:      0.20000        0.25000        0.1124         1.4181         0.1124         0.0030         0.0093 
BAR-estimator:      0.25000        0.30000        0.0973         1.5154         0.0973         0.0031         0.0098 
BAR-estimator:      0.30000        0.35000        0.0665         1.5819         0.0665         0.0025         0.0101 
BAR-estimator:      0.35000        0.40000        0.0586         1.6406         0.0586         0.0027         0.0105 
BAR-estimator:      0.40000        0.45000        0.0365         1.6771         0.0365         0.0023         0.0107 
BAR-estimator:      0.45000        0.50000        0.0295         1.7066         0.0295         0.0023         0.0110 
BAR-estimator:      0.50000        0.55000       -0.1078         1.5987        -0.1078         0.0029         0.0114 
BAR-estimator:      0.55000        0.60000       -0.1710         1.4277        -0.1710         0.0028         0.0117 
BAR-estimator:      0.60000        0.65000       -0.3074         1.1203        -0.3074         0.0027         0.0120 
BAR-estimator:      0.65000        0.70000       -0.3580         0.7622        -0.3580         0.0030         0.0124 
BAR-estimator:      0.70000        0.75000       -0.4597         0.3026        -0.4597         0.0030         0.0127 
BAR-estimator:      0.75000        0.80000       -0.4915        -0.1889        -0.4915         0.0030         0.0131 
BAR-estimator:      0.80000        0.85000       -0.5605        -0.7494        -0.5605         0.0028         0.0134 
BAR-estimator:      0.85000        0.90000       -0.5803        -1.3297        -0.5803         0.0027         0.0137 
BAR-estimator:      0.90000        0.95000       -0.6227        -1.9524        -0.6227         0.0032         0.0140 
BAR-estimator:      0.95000        1.00000       -0.6389        -2.5913        -0.6389         0.0026         0.0143 
BAR-estimator: total free energy change is -2.5913042406972746 , total error is 0.014269865126449512
