#========================================================================================
#                     Free energy perturbation    
#----------------------------------------------------------------------------------------
#forward/backward          λ              ΔΔA                 ΔA                  δε   
#                                                 
#----------------------------------------------------------------------------------------
forward:               0.0000              0.0000              0.0000              0.0000  
forward:               0.0500              0.6220              0.6220              0.0165  
forward:               0.1000              0.3622              0.9842              0.0175  
forward:               0.1500              0.2389              1.2230              0.0188  
forward:               0.2000              0.1543              1.3773              0.0197  
forward:               0.2500              0.1167              1.4940              0.0203  
forward:               0.3000              0.0822              1.5762              0.0209  
forward:               0.3500              0.0746              1.6507              0.0213  
forward:               0.4000              0.0503              1.7011              0.0216  
forward:               0.4500              0.0441              1.7452              0.0220  
forward:               0.5000              0.0223              1.7674              0.0224  
forward:               0.5500             -0.0477              1.7197              0.0229  
forward:               0.6000             -0.1729              1.5468              0.0232  
forward:               0.6500             -0.2582              1.2886              0.0236  
forward:               0.7000             -0.3450              0.9437              0.0240  
forward:               0.7500             -0.4205              0.5231              0.0245  
forward:               0.8000             -0.4766              0.0465              0.0248  
forward:               0.8500             -0.5205             -0.4740              0.0251  
forward:               0.9000             -0.5677             -1.0417              0.0254  
forward:               0.9500             -0.5883             -1.6300              0.0256  
forward:               1.0000             -0.6199             -2.2499              0.0259  
backward:              1.0000              0.0000             -2.2499              0.0000  
backward:              0.9500              0.6146             -1.6353              0.0040  
backward:              0.9000              0.5887             -1.0466              0.0056  
backward:              0.8500              0.5571             -0.4895              0.0072  
backward:              0.8000              0.5224              0.0329              0.0083  
backward:              0.7500              0.4733              0.5062              0.0092  
backward:              0.7000              0.4107              0.9169              0.0102  
backward:              0.6500              0.3404              1.2573              0.0117  
backward:              0.6000              0.2556              1.5130              0.0123  
backward:              0.5500              0.1743              1.6873              0.0134  
backward:              0.5000              0.0378              1.7250              0.0143  
backward:              0.4500             -0.0261              1.6990              0.0148  
backward:              0.4000             -0.0476              1.6514              0.0156  
backward:              0.3500             -0.0523              1.5991              0.0163  
backward:              0.3000             -0.0809              1.5182              0.0176  
backward:              0.2500             -0.0943              1.4239              0.0185  
backward:              0.2000             -0.1221              1.3018              0.0193  
backward:              0.1500             -0.1523              1.1495              0.0205  
backward:              0.1000             -0.2761              0.8734              0.0406  
backward:              0.0500             -0.3434              0.5300              0.0420  
backward:              0.0000             -0.6003             -0.0703              0.0474  
Inaccuracy estimation
======================================================================================================
                   i        i+δi          P0_overlap_P1   δε(forward)/ε   δε(backward)/ε
======================================================================================================
inaccuracy:  0.00000        0.05000           47.56           -0.02            0.87
inaccuracy:  0.05000        0.10000           66.33           -0.00            0.33
inaccuracy:  0.10000        0.15000           66.44           -0.01            0.21
inaccuracy:  0.15000        0.20000           75.74           -0.00            0.13
inaccuracy:  0.20000        0.25000           76.15           -0.01            0.11
inaccuracy:  0.25000        0.30000           80.75           -0.00            0.08
inaccuracy:  0.30000        0.35000           77.94           -0.01            0.09
inaccuracy:  0.35000        0.40000           80.89           -0.00            0.07
inaccuracy:  0.40000        0.45000           78.59           -0.00            0.07
inaccuracy:  0.45000        0.50000           81.68           -0.00            0.06
inaccuracy:  0.50000        0.55000           62.58           -0.07            0.11
inaccuracy:  0.55000        0.60000           74.90           -0.03            0.06
inaccuracy:  0.60000        0.65000           66.61           -0.07            0.07
inaccuracy:  0.65000        0.70000           76.08           -0.04            0.05
inaccuracy:  0.70000        0.75000           70.37           -0.05            0.05
inaccuracy:  0.75000        0.80000           77.01           -0.03            0.04
inaccuracy:  0.80000        0.85000           71.49           -0.05            0.04
inaccuracy:  0.85000        0.90000           76.97           -0.03            0.04
inaccuracy:  0.90000        0.95000           72.78           -0.05            0.04
inaccuracy:  0.95000        1.00000           76.02           -0.04            0.04
===================================================================================================================================
            	   BAR        
-----------------------------------------------------------------------------------------------------------------------------------
BAR-estimator:         λ             λ+δλ          ΔΔA             ΔA            C               Δδe            δe       
                          
-----------------------------------------------------------------------------------------------------------------------------------
BAR-estimator:      0.00000        0.05000        0.5466         0.5466         0.5466         0.0110         0.0110 
BAR-estimator:      0.05000        0.10000        0.3571         0.9037         0.3571         0.0059         0.0125 
BAR-estimator:      0.10000        0.15000        0.2081         1.1118         0.2081         0.0043         0.0132 
BAR-estimator:      0.15000        0.20000        0.1531         1.2648         0.1531         0.0038         0.0137 
BAR-estimator:      0.20000        0.25000        0.1084         1.3732         0.1084         0.0033         0.0141 
BAR-estimator:      0.25000        0.30000        0.0865         1.4597         0.0865         0.0034         0.0145 
BAR-estimator:      0.30000        0.35000        0.0653         1.5250         0.0653         0.0029         0.0148 
BAR-estimator:      0.35000        0.40000        0.0509         1.5759         0.0509         0.0026         0.0150 
BAR-estimator:      0.40000        0.45000        0.0367         1.6126         0.0367         0.0028         0.0153 
BAR-estimator:      0.45000        0.50000        0.0239         1.6364         0.0239         0.0027         0.0155 
BAR-estimator:      0.50000        0.55000       -0.1086         1.5278        -0.1086         0.0034         0.0159 
BAR-estimator:      0.55000        0.60000       -0.1738         1.3539        -0.1738         0.0030         0.0162 
BAR-estimator:      0.60000        0.65000       -0.3019         1.0520        -0.3019         0.0033         0.0165 
BAR-estimator:      0.65000        0.70000       -0.3463         0.7057        -0.3463         0.0027         0.0167 
BAR-estimator:      0.70000        0.75000       -0.4471         0.2586        -0.4471         0.0035         0.0171 
BAR-estimator:      0.75000        0.80000       -0.4745        -0.2160        -0.4745         0.0031         0.0174 
BAR-estimator:      0.80000        0.85000       -0.5418        -0.7577        -0.5418         0.0033         0.0177 
BAR-estimator:      0.85000        0.90000       -0.5652        -1.3229        -0.5652         0.0026         0.0179 
BAR-estimator:      0.90000        0.95000       -0.6022        -1.9251        -0.6022         0.0030         0.0181 
BAR-estimator:      0.95000        1.00000       -0.6166        -2.5417        -0.6166         0.0035         0.0185 
BAR-estimator: total free energy change is -2.5416900174926966 , total error is 0.018458233600175945
