#========================================================================================
#                     Free energy perturbation    
#----------------------------------------------------------------------------------------
#forward/backward          λ              ΔΔA                 ΔA                  δε   
#                                                 
#----------------------------------------------------------------------------------------
forward:               0.0000              0.0000              0.0000              0.0000  
forward:               0.0500              2.0575              2.0575              0.0275  
forward:               0.1000              0.9966              3.0541              0.0331  
forward:               0.1500              0.5069              3.5610              0.0353  
forward:               0.2000              0.2402              3.8012              0.0365  
forward:               0.2500              0.0948              3.8960              0.0371  
forward:               0.3000              0.0116              3.9075              0.0377  
forward:               0.3500             -0.0424              3.8652              0.0381  
forward:               0.4000             -0.0900              3.7752              0.0384  
forward:               0.4500             -0.1241              3.6510              0.0387  
forward:               0.5000             -0.1454              3.5056              0.0390  
forward:               0.5500             -0.1964              3.3093              0.0392  
forward:               0.6000             -0.2801              3.0292              0.0395  
forward:               0.6500             -0.3494              2.6798              0.0397  
forward:               0.7000             -0.3983              2.2815              0.0399  
forward:               0.7500             -0.4301              1.8514              0.0401  
forward:               0.8000             -0.4614              1.3900              0.0402  
forward:               0.8500             -0.4846              0.9054              0.0404  
forward:               0.9000             -0.5077              0.3977              0.0406  
forward:               0.9500             -0.5201             -0.1224              0.0408  
forward:               1.0000             -0.5407             -0.6631              0.0409  
backward:              1.0000              0.0000             -0.6631              0.0000  
backward:              0.9500              0.5401             -0.1231              0.0038  
backward:              0.9000              0.5204              0.3973              0.0055  
backward:              0.8500              0.5033              0.9006              0.0069  
backward:              0.8000              0.4843              1.3849              0.0081  
backward:              0.7500              0.4633              1.8481              0.0095  
backward:              0.7000              0.4279              2.2760              0.0106  
backward:              0.6500              0.3970              2.6730              0.0119  
backward:              0.6000              0.3464              3.0194              0.0128  
backward:              0.5500              0.2871              3.3065              0.0137  
backward:              0.5000              0.1981              3.5046              0.0154  
backward:              0.4500              0.1445              3.6491              0.0162  
backward:              0.4000              0.1300              3.7791              0.0170  
backward:              0.3500              0.0987              3.8779              0.0179  
backward:              0.3000              0.0329              3.9108              0.0189  
backward:              0.2500             -0.0166              3.8941              0.0203  
backward:              0.2000             -0.1055              3.7887              0.0223  
backward:              0.1500             -0.2447              3.5440              0.0253  
backward:              0.1000             -0.5328              3.0112              0.0351  
backward:              0.0500             -1.0366              1.9746              0.0450  
backward:              0.0000             -2.1948             -0.2202              0.2063  
Inaccuracy estimation
======================================================================================================
                   i        i+δi          P0_overlap_P1   δε(forward)/ε   δε(backward)/ε
======================================================================================================
inaccuracy:  0.00000        0.05000           28.21           -0.01            3.25
inaccuracy:  0.05000        0.10000           44.55           -0.04            1.18
inaccuracy:  0.10000        0.15000           55.00           -0.03            0.61
inaccuracy:  0.15000        0.20000           63.69           -0.02            0.32
inaccuracy:  0.20000        0.25000           68.73           -0.01            0.19
inaccuracy:  0.25000        0.30000           71.42           -0.01            0.15
inaccuracy:  0.30000        0.35000           73.00           -0.02            0.13
inaccuracy:  0.35000        0.40000           72.87           -0.02            0.11
inaccuracy:  0.40000        0.45000           73.92           -0.01            0.09
inaccuracy:  0.45000        0.50000           75.24           -0.02            0.08
inaccuracy:  0.50000        0.55000           70.95           -0.04            0.10
inaccuracy:  0.55000        0.60000           72.97           -0.04            0.08
inaccuracy:  0.60000        0.65000           74.08           -0.04            0.07
inaccuracy:  0.65000        0.70000           74.01           -0.04            0.06
inaccuracy:  0.70000        0.75000           74.78           -0.04            0.06
inaccuracy:  0.75000        0.80000           74.36           -0.03            0.06
inaccuracy:  0.80000        0.85000           74.43           -0.03            0.05
inaccuracy:  0.85000        0.90000           75.12           -0.04            0.05
inaccuracy:  0.90000        0.95000           74.47           -0.03            0.05
inaccuracy:  0.95000        1.00000           74.62           -0.04            0.05
===================================================================================================================================
                BAR        
-----------------------------------------------------------------------------------------------------------------------------------
BAR-estimator:         λ             λ+δλ          ΔΔA             ΔA            C               Δδe            δe       
                          
-----------------------------------------------------------------------------------------------------------------------------------
BAR-estimator:      0.00000        0.05000        2.0403         2.0403         2.0403         0.0145         0.0145 
BAR-estimator:      0.05000        0.10000        1.0153         3.0556         1.0153         0.0153         0.0211 
BAR-estimator:      0.10000        0.15000        0.5119         3.5675         0.5119         0.0079         0.0225 
BAR-estimator:      0.15000        0.20000        0.2443         3.8119         0.2443         0.0058         0.0233 
BAR-estimator:      0.20000        0.25000        0.0949         3.9067         0.0949         0.0046         0.0237 
BAR-estimator:      0.25000        0.30000        0.0151         3.9218         0.0151         0.0043         0.0241 
BAR-estimator:      0.30000        0.35000       -0.0364         3.8854        -0.0364         0.0037         0.0244 
BAR-estimator:      0.35000        0.40000       -0.0932         3.7922        -0.0932         0.0035         0.0246 
BAR-estimator:      0.40000        0.45000       -0.1252         3.6670        -0.1252         0.0033         0.0249 
BAR-estimator:      0.45000        0.50000       -0.1446         3.5225        -0.1446         0.0031         0.0251 
BAR-estimator:      0.50000        0.55000       -0.2004         3.3221        -0.2004         0.0032         0.0253 
BAR-estimator:      0.55000        0.60000       -0.2803         3.0418        -0.2803         0.0033         0.0255 
BAR-estimator:      0.60000        0.65000       -0.3490         2.6928        -0.3490         0.0029         0.0256 
BAR-estimator:      0.65000        0.70000       -0.3983         2.2945        -0.3983         0.0031         0.0258 
BAR-estimator:      0.70000        0.75000       -0.4296         1.8649        -0.4296         0.0027         0.0260 
BAR-estimator:      0.75000        0.80000       -0.4617         1.4031        -0.4617         0.0029         0.0261 
BAR-estimator:      0.80000        0.85000       -0.4841         0.9190        -0.4841         0.0031         0.0263 
BAR-estimator:      0.85000        0.90000       -0.5061         0.4129        -0.5061         0.0030         0.0265 
BAR-estimator:      0.90000        0.95000       -0.5195        -0.1066        -0.5195         0.0031         0.0267 
BAR-estimator:      0.95000        1.00000       -0.5397        -0.6463        -0.5397         0.0025         0.0268 
BAR-estimator: total free energy change is -0.6462912907052325 , total error is 0.026792640636745746
