#========================================================================================
#                     Free energy perturbation    
#----------------------------------------------------------------------------------------
#forward/backward          λ              ΔΔA                 ΔA                  δε   
#                                                 
#----------------------------------------------------------------------------------------
forward:               0.0000              0.0000              0.0000              0.0000  
forward:               0.0500              2.0657              2.0657              0.0291  
forward:               0.1000              1.0541              3.1198              0.0334  
forward:               0.1500              0.5239              3.6437              0.0356  
forward:               0.2000              0.2548              3.8985              0.0366  
forward:               0.2500              0.1062              4.0047              0.0370  
forward:               0.3000              0.0249              4.0296              0.0374  
forward:               0.3500             -0.0457              3.9839              0.0377  
forward:               0.4000             -0.0880              3.8960              0.0380  
forward:               0.4500             -0.1099              3.7860              0.0382  
forward:               0.5000             -0.1452              3.6408              0.0384  
forward:               0.5500             -0.1941              3.4467              0.0387  
forward:               0.6000             -0.2866              3.1601              0.0389  
forward:               0.6500             -0.3419              2.8182              0.0390  
forward:               0.7000             -0.3917              2.4265              0.0392  
forward:               0.7500             -0.4323              1.9942              0.0394  
forward:               0.8000             -0.4539              1.5402              0.0395  
forward:               0.8500             -0.4829              1.0573              0.0397  
forward:               0.9000             -0.5048              0.5525              0.0398  
forward:               0.9500             -0.5177              0.0348              0.0400  
forward:               1.0000             -0.5324             -0.4976              0.0401  
backward:              1.0000              0.0000             -0.4976              0.0000  
backward:              0.9500              0.5286              0.0310              0.0041  
backward:              0.9000              0.5027              0.5337              0.0060  
backward:              0.8500              0.5014              1.0351              0.0077  
backward:              0.8000              0.4786              1.5137              0.0086  
backward:              0.7500              0.4573              1.9710              0.0096  
backward:              0.7000              0.4303              2.4013              0.0104  
backward:              0.6500              0.3886              2.7899              0.0113  
backward:              0.6000              0.3402              3.1301              0.0121  
backward:              0.5500              0.2759              3.4060              0.0130  
backward:              0.5000              0.1876              3.5936              0.0142  
backward:              0.4500              0.1419              3.7355              0.0151  
backward:              0.4000              0.1224              3.8580              0.0159  
backward:              0.3500              0.0851              3.9430              0.0168  
backward:              0.3000              0.0383              3.9813              0.0176  
backward:              0.2500             -0.0280              3.9534              0.0193  
backward:              0.2000             -0.1093              3.8441              0.0207  
backward:              0.1500             -0.2628              3.5813              0.0250  
backward:              0.1000             -0.5232              3.0581              0.0311  
backward:              0.0500             -1.0458              2.0123              0.0469  
backward:              0.0000             -1.9202              0.0921              0.0592  
Inaccuracy estimation
======================================================================================================
                   i        i+δi          P0_overlap_P1   δε(forward)/ε   δε(backward)/ε
======================================================================================================
inaccuracy:  0.00000        0.05000           29.03           -0.01            3.23
inaccuracy:  0.05000        0.10000           43.37           -0.04            1.26
inaccuracy:  0.10000        0.15000           54.91           -0.03            0.56
inaccuracy:  0.15000        0.20000           63.17           -0.03            0.34
inaccuracy:  0.20000        0.25000           67.79           -0.02            0.21
inaccuracy:  0.25000        0.30000           70.04           -0.02            0.14
inaccuracy:  0.30000        0.35000           73.44           -0.01            0.12
inaccuracy:  0.35000        0.40000           73.70           -0.01            0.11
inaccuracy:  0.40000        0.45000           73.52           -0.02            0.10
inaccuracy:  0.45000        0.50000           74.90           -0.02            0.08
inaccuracy:  0.50000        0.55000           72.27           -0.03            0.09
inaccuracy:  0.55000        0.60000           73.94           -0.03            0.08
inaccuracy:  0.60000        0.65000           73.90           -0.03            0.07
inaccuracy:  0.65000        0.70000           73.87           -0.03            0.06
inaccuracy:  0.70000        0.75000           75.23           -0.03            0.06
inaccuracy:  0.75000        0.80000           74.36           -0.04            0.06
inaccuracy:  0.80000        0.85000           75.12           -0.04            0.05
inaccuracy:  0.85000        0.90000           74.98           -0.03            0.05
inaccuracy:  0.90000        0.95000           74.59           -0.04            0.05
inaccuracy:  0.95000        1.00000           74.19           -0.04            0.05
===================================================================================================================================
                BAR        
-----------------------------------------------------------------------------------------------------------------------------------
BAR-estimator:         λ             λ+δλ          ΔΔA             ΔA            C               Δδe            δe       
                          
-----------------------------------------------------------------------------------------------------------------------------------
BAR-estimator:      0.00000        0.05000        2.0537         2.0537         2.0537         0.0115         0.0115 
BAR-estimator:      0.05000        0.10000        1.0452         3.0988         1.0452         0.0098         0.0151 
BAR-estimator:      0.10000        0.15000        0.5259         3.6247         0.5259         0.0074         0.0169 
BAR-estimator:      0.15000        0.20000        0.2588         3.8835         0.2588         0.0056         0.0178 
BAR-estimator:      0.20000        0.25000        0.1104         3.9939         0.1104         0.0038         0.0182 
BAR-estimator:      0.25000        0.30000        0.0225         4.0164         0.0225         0.0038         0.0186 
BAR-estimator:      0.30000        0.35000       -0.0401         3.9763        -0.0401         0.0032         0.0189 
BAR-estimator:      0.35000        0.40000       -0.0876         3.8887        -0.0876         0.0029         0.0191 
BAR-estimator:      0.40000        0.45000       -0.1150         3.7736        -0.1150         0.0028         0.0193 
BAR-estimator:      0.45000        0.50000       -0.1443         3.6293        -0.1443         0.0032         0.0195 
BAR-estimator:      0.50000        0.55000       -0.1939         3.4354        -0.1939         0.0031         0.0198 
BAR-estimator:      0.55000        0.60000       -0.2840         3.1514        -0.2840         0.0026         0.0200 
BAR-estimator:      0.60000        0.65000       -0.3415         2.8099        -0.3415         0.0027         0.0201 
BAR-estimator:      0.65000        0.70000       -0.3898         2.4201        -0.3898         0.0031         0.0204 
BAR-estimator:      0.70000        0.75000       -0.4309         1.9892        -0.4309         0.0029         0.0206 
BAR-estimator:      0.75000        0.80000       -0.4548         1.5343        -0.4548         0.0026         0.0207 
BAR-estimator:      0.80000        0.85000       -0.4813         1.0531        -0.4813         0.0028         0.0209 
BAR-estimator:      0.85000        0.90000       -0.5037         0.5494        -0.5037         0.0030         0.0211 
BAR-estimator:      0.90000        0.95000       -0.5140         0.0354        -0.5140         0.0029         0.0213 
BAR-estimator:      0.95000        1.00000       -0.5322        -0.4968        -0.5322         0.0027         0.0215 
BAR-estimator: total free energy change is -0.49682207133986145 , total error is 0.0215098911625283
