#========================================================================================
#                     Free energy perturbation    
#----------------------------------------------------------------------------------------
#forward/backward          λ              ΔΔA                 ΔA                  δε   
#                                                 
#----------------------------------------------------------------------------------------
forward:               0.0000              0.0000              0.0000              0.0000  
forward:               0.0500              1.3612              1.3612              0.0174  
forward:               0.1000              0.6273              1.9885              0.0208  
forward:               0.1500              0.2661              2.2546              0.0222  
forward:               0.2000              0.0843              2.3389              0.0229  
forward:               0.2500             -0.0180              2.3210              0.0234  
forward:               0.3000             -0.0949              2.2261              0.0238  
forward:               0.3500             -0.1266              2.0995              0.0242  
forward:               0.4000             -0.1642              1.9353              0.0244  
forward:               0.4500             -0.1972              1.7381              0.0246  
forward:               0.5000             -0.2149              1.5232              0.0248  
forward:               0.5500             -0.6919              0.8313              0.0256  
forward:               0.6000             -1.3721             -0.5408              0.0266  
forward:               0.6500             -1.9931             -2.5339              0.0280  
forward:               0.7000             -2.4750             -5.0089              0.0293  
forward:               0.7500             -2.7606             -7.7695              0.0304  
forward:               0.8000             -2.8350            -10.6045              0.0312  
forward:               0.8500             -2.7573            -13.3618              0.0318  
forward:               0.9000             -2.6450            -16.0068              0.0323  
forward:               0.9500             -2.4980            -18.5048              0.0327  
forward:               1.0000             -2.3622            -20.8671              0.0331  
backward:              1.0000              0.0000            -20.8671              0.0000  
backward:              0.9500              2.3746            -18.4925              0.0070  
backward:              0.9000              2.4927            -15.9998              0.0118  
backward:              0.8500              2.6336            -13.3662              0.0140  
backward:              0.8000              2.7711            -10.5950              0.0161  
backward:              0.7500              2.8216             -7.7734              0.0179  
backward:              0.7000              2.7525             -5.0209              0.0196  
backward:              0.6500              2.4842             -2.5366              0.0215  
backward:              0.6000              1.9627             -0.5739              0.0232  
backward:              0.5500              1.3664              0.7925              0.0246  
backward:              0.5000              0.6908              1.4833              0.0259  
backward:              0.4500              0.2192              1.7025              0.0261  
backward:              0.4000              0.1949              1.8974              0.0264  
backward:              0.3500              0.1624              2.0598              0.0267  
backward:              0.3000              0.1220              2.1818              0.0269  
backward:              0.2500              0.0880              2.2698              0.0273  
backward:              0.2000              0.0041              2.2739              0.0280  
backward:              0.1500             -0.0919              2.1820              0.0295  
backward:              0.1000             -0.2791              1.9029              0.0319  
backward:              0.0500             -0.6458              1.2571              0.0357  
backward:              0.0000             -1.3143             -0.0571              0.0438  
Inaccuracy estimation
======================================================================================================
                   i        i+δi          P0_overlap_P1   δε(forward)/ε   δε(backward)/ε
======================================================================================================
inaccuracy:  0.00000        0.05000           36.84           -0.05            1.47
inaccuracy:  0.05000        0.10000           50.53           -0.03            0.82
inaccuracy:  0.10000        0.15000           61.85           -0.02            0.39
inaccuracy:  0.15000        0.20000           67.58           -0.02            0.23
inaccuracy:  0.20000        0.25000           71.55           -0.01            0.15
inaccuracy:  0.25000        0.30000           74.39           -0.01            0.12
inaccuracy:  0.30000        0.35000           75.27           -0.01            0.10
inaccuracy:  0.35000        0.40000           75.15           -0.02            0.09
inaccuracy:  0.40000        0.45000           76.68           -0.01            0.07
inaccuracy:  0.45000        0.50000           76.20           -0.01            0.07
inaccuracy:  0.50000        0.55000           53.81           -0.31            0.22
inaccuracy:  0.55000        0.60000           54.81           -0.39            0.05
inaccuracy:  0.60000        0.65000           55.14           -0.46           -0.05
inaccuracy:  0.65000        0.70000           53.55           -0.56           -0.12
inaccuracy:  0.70000        0.75000           55.47           -0.47           -0.17
inaccuracy:  0.75000        0.80000           56.14           -0.43           -0.17
inaccuracy:  0.80000        0.85000           54.25           -0.45           -0.17
inaccuracy:  0.85000        0.90000           53.86           -0.44           -0.12
inaccuracy:  0.90000        0.95000           52.07           -0.45           -0.10
inaccuracy:  0.95000        1.00000           50.64           -0.46           -0.06
===================================================================================================================================
                BAR        
-----------------------------------------------------------------------------------------------------------------------------------
BAR-estimator:         λ             λ+δλ          ΔΔA             ΔA            C               Δδe            δe       
                          
-----------------------------------------------------------------------------------------------------------------------------------
BAR-estimator:      0.00000        0.05000        1.3423         1.3423         1.3423         0.0086         0.0086 
BAR-estimator:      0.05000        0.10000        0.6354         1.9776         0.6354         0.0069         0.0111 
BAR-estimator:      0.10000        0.15000        0.2722         2.2498         0.2722         0.0049         0.0121 
BAR-estimator:      0.15000        0.20000        0.0840         2.3339         0.0840         0.0040         0.0127 
BAR-estimator:      0.20000        0.25000       -0.0160         2.3178        -0.0160         0.0034         0.0132 
BAR-estimator:      0.25000        0.30000       -0.0885         2.2293        -0.0885         0.0031         0.0135 
BAR-estimator:      0.30000        0.35000       -0.1242         2.1050        -0.1242         0.0032         0.0139 
BAR-estimator:      0.35000        0.40000       -0.1651         1.9399        -0.1651         0.0026         0.0141 
BAR-estimator:      0.40000        0.45000       -0.1959         1.7440        -0.1959         0.0023         0.0143 
BAR-estimator:      0.45000        0.50000       -0.2169         1.5271        -0.2169         0.0022         0.0145 
BAR-estimator:      0.50000        0.55000       -0.6895         0.8376        -0.6895         0.0039         0.0150 
BAR-estimator:      0.55000        0.60000       -1.3704        -0.5327        -1.3704         0.0039         0.0155 
BAR-estimator:      0.60000        0.65000       -1.9727        -2.5054        -1.9727         0.0043         0.0161 
BAR-estimator:      0.65000        0.70000       -2.4788        -4.9842        -2.4788         0.0052         0.0169 
BAR-estimator:      0.70000        0.75000       -2.7525        -7.7366        -2.7525         0.0046         0.0175 
BAR-estimator:      0.75000        0.80000       -2.8289       -10.5656        -2.8289         0.0045         0.0181 
BAR-estimator:      0.80000        0.85000       -2.7611       -13.3267        -2.7611         0.0039         0.0185 
BAR-estimator:      0.85000        0.90000       -2.6402       -15.9669        -2.6402         0.0041         0.0190 
BAR-estimator:      0.90000        0.95000       -2.4958       -18.4626        -2.4958         0.0042         0.0194 
BAR-estimator:      0.95000        1.00000       -2.3604       -20.8230        -2.3604         0.0047         0.0200 
BAR-estimator: total free energy change is -20.823016556177187 , total error is 0.019998689733930472
