#========================================================================================
#                     Free energy perturbation    
#----------------------------------------------------------------------------------------
#forward/backward          λ              ΔΔA                 ΔA                  δε   
#                                                 
#----------------------------------------------------------------------------------------
forward:               0.0000              0.0000              0.0000              0.0000  
forward:               0.0500              1.4381              1.4381              0.0228  
forward:               0.1000              0.7435              2.1816              0.0279  
forward:               0.1500              0.3785              2.5601              0.0296  
forward:               0.2000              0.2087              2.7688              0.0306  
forward:               0.2500              0.1200              2.8888              0.0313  
forward:               0.3000              0.0573              2.9461              0.0318  
forward:               0.3500              0.0187              2.9647              0.0323  
forward:               0.4000             -0.0154              2.9493              0.0328  
forward:               0.4500             -0.0256              2.9237              0.0330  
forward:               0.5000             -0.0478              2.8759              0.0333  
forward:               0.5500             -0.0811              2.7948              0.0337  
forward:               0.6000             -0.1330              2.6617              0.0339  
forward:               0.6500             -0.1705              2.4912              0.0342  
forward:               0.7000             -0.2136              2.2776              0.0344  
forward:               0.7500             -0.2370              2.0406              0.0346  
forward:               0.8000             -0.2713              1.7693              0.0348  
forward:               0.8500             -0.2933              1.4761              0.0350  
forward:               0.9000             -0.3127              1.1634              0.0352  
forward:               0.9500             -0.3327              0.8306              0.0353  
forward:               1.0000             -0.3537              0.4769              0.0355  
backward:              1.0000              0.0000              0.4769              0.0000  
backward:              0.9500              0.3565              0.8335              0.0038  
backward:              0.9000              0.3348              1.1683              0.0052  
backward:              0.8500              0.3149              1.4833              0.0069  
backward:              0.8000              0.2941              1.7773              0.0080  
backward:              0.7500              0.2755              2.0528              0.0089  
backward:              0.7000              0.2281              2.2809              0.0101  
backward:              0.6500              0.2104              2.4913              0.0110  
backward:              0.6000              0.1680              2.6593              0.0125  
backward:              0.5500              0.1312              2.7906              0.0141  
backward:              0.5000              0.0746              2.8652              0.0149  
backward:              0.4500              0.0465              2.9117              0.0156  
backward:              0.4000              0.0289              2.9406              0.0163  
backward:              0.3500              0.0122              2.9528              0.0172  
backward:              0.3000             -0.0209              2.9319              0.0182  
backward:              0.2500             -0.0617              2.8702              0.0197  
backward:              0.2000             -0.1272              2.7430              0.0213  
backward:              0.1500             -0.2238              2.5192              0.0236  
backward:              0.1000             -0.3929              2.1263              0.0304  
backward:              0.0500             -0.7256              1.4007              0.0370  
backward:              0.0000             -1.3923              0.0084              0.0544  
Inaccuracy estimation
======================================================================================================
                   i        i+δi          P0_overlap_P1   δε(forward)/ε   δε(backward)/ε
======================================================================================================
inaccuracy:  0.00000        0.05000           37.25           -0.04            1.86
inaccuracy:  0.05000        0.10000           48.97           -0.03            0.83
inaccuracy:  0.10000        0.15000           60.57           -0.02            0.42
inaccuracy:  0.15000        0.20000           67.98           -0.01            0.23
inaccuracy:  0.20000        0.25000           71.34           -0.01            0.17
inaccuracy:  0.25000        0.30000           72.57           -0.01            0.14
inaccuracy:  0.30000        0.35000           74.10           -0.01            0.12
inaccuracy:  0.35000        0.40000           74.86           -0.01            0.11
inaccuracy:  0.40000        0.45000           75.36           -0.01            0.09
inaccuracy:  0.45000        0.50000           75.96           -0.01            0.09
inaccuracy:  0.50000        0.55000           74.51           -0.02            0.10
inaccuracy:  0.55000        0.60000           74.67           -0.02            0.09
inaccuracy:  0.60000        0.65000           74.62           -0.02            0.08
inaccuracy:  0.65000        0.70000           75.62           -0.02            0.08
inaccuracy:  0.70000        0.75000           76.38           -0.02            0.08
inaccuracy:  0.75000        0.80000           75.53           -0.02            0.07
inaccuracy:  0.80000        0.85000           74.84           -0.02            0.07
inaccuracy:  0.85000        0.90000           75.38           -0.03            0.07
inaccuracy:  0.90000        0.95000           74.68           -0.03            0.07
inaccuracy:  0.95000        1.00000           75.06           -0.03            0.07
===================================================================================================================================
                BAR        
-----------------------------------------------------------------------------------------------------------------------------------
BAR-estimator:         λ             λ+δλ          ΔΔA             ΔA            C               Δδe            δe       
                          
-----------------------------------------------------------------------------------------------------------------------------------
BAR-estimator:      0.00000        0.05000        1.4406         1.4406         1.4406         0.0117         0.0117 
BAR-estimator:      0.05000        0.10000        0.7341         2.1747         0.7341         0.0097         0.0153 
BAR-estimator:      0.10000        0.15000        0.3802         2.5549         0.3802         0.0069         0.0168 
BAR-estimator:      0.15000        0.20000        0.2129         2.7678         0.2129         0.0051         0.0175 
BAR-estimator:      0.20000        0.25000        0.1224         2.8902         0.1224         0.0043         0.0180 
BAR-estimator:      0.25000        0.30000        0.0591         2.9493         0.0591         0.0038         0.0184 
BAR-estimator:      0.30000        0.35000        0.0210         2.9703         0.0210         0.0037         0.0188 
BAR-estimator:      0.35000        0.40000       -0.0142         2.9561        -0.0142         0.0037         0.0191 
BAR-estimator:      0.40000        0.45000       -0.0279         2.9282        -0.0279         0.0030         0.0194 
BAR-estimator:      0.45000        0.50000       -0.0477         2.8805        -0.0477         0.0031         0.0196 
BAR-estimator:      0.50000        0.55000       -0.0766         2.8039        -0.0766         0.0030         0.0199 
BAR-estimator:      0.55000        0.60000       -0.1339         2.6699        -0.1339         0.0031         0.0201 
BAR-estimator:      0.60000        0.65000       -0.1714         2.4985        -0.1714         0.0030         0.0203 
BAR-estimator:      0.65000        0.70000       -0.2118         2.2867        -0.2118         0.0028         0.0205 
BAR-estimator:      0.70000        0.75000       -0.2334         2.0533        -0.2334         0.0030         0.0207 
BAR-estimator:      0.75000        0.80000       -0.2730         1.7802        -0.2730         0.0031         0.0210 
BAR-estimator:      0.80000        0.85000       -0.2923         1.4879        -0.2923         0.0030         0.0212 
BAR-estimator:      0.85000        0.90000       -0.3136         1.1743        -0.3136         0.0028         0.0214 
BAR-estimator:      0.90000        0.95000       -0.3335         0.8408        -0.3335         0.0031         0.0216 
BAR-estimator:      0.95000        1.00000       -0.3538         0.4870        -0.3538         0.0032         0.0218 
BAR-estimator: total free energy change is 0.4870027622194574 , total error is 0.021830138039385515
