#========================================================================================
#                     Free energy perturbation    
#----------------------------------------------------------------------------------------
#forward/backward          λ              ΔΔA                 ΔA                  δε   
#                                                 
#----------------------------------------------------------------------------------------
forward:               0.0000              0.0000              0.0000              0.0000  
forward:               0.0500              1.4248              1.4248              0.0186  
forward:               0.1000              0.7626              2.1874              0.0229  
forward:               0.1500              0.4007              2.5882              0.0248  
forward:               0.2000              0.2253              2.8135              0.0265  
forward:               0.2500              0.1296              2.9431              0.0271  
forward:               0.3000              0.0767              3.0198              0.0278  
forward:               0.3500              0.0264              3.0462              0.0282  
forward:               0.4000             -0.0018              3.0444              0.0286  
forward:               0.4500             -0.0282              3.0162              0.0288  
forward:               0.5000             -0.0463              2.9699              0.0291  
forward:               0.5500             -0.0622              2.9077              0.0294  
forward:               0.6000             -0.1386              2.7691              0.0297  
forward:               0.6500             -0.1752              2.5939              0.0299  
forward:               0.7000             -0.2121              2.3818              0.0302  
forward:               0.7500             -0.2427              2.1391              0.0306  
forward:               0.8000             -0.2718              1.8673              0.0307  
forward:               0.8500             -0.2937              1.5735              0.0309  
forward:               0.9000             -0.3211              1.2525              0.0311  
forward:               0.9500             -0.3335              0.9189              0.0313  
forward:               1.0000             -0.3526              0.5664              0.0314  
backward:              1.0000              0.0000              0.5664              0.0000  
backward:              0.9500              0.3473              0.9136              0.0041  
backward:              0.9000              0.3331              1.2467              0.0057  
backward:              0.8500              0.3110              1.5577              0.0070  
backward:              0.8000              0.3014              1.8592              0.0084  
backward:              0.7500              0.2755              2.1346              0.0093  
backward:              0.7000              0.2384              2.3731              0.0102  
backward:              0.6500              0.2028              2.5759              0.0111  
backward:              0.6000              0.1695              2.7455              0.0122  
backward:              0.5500              0.1187              2.8642              0.0131  
backward:              0.5000              0.0742              2.9383              0.0148  
backward:              0.4500              0.0460              2.9844              0.0154  
backward:              0.4000              0.0337              3.0181              0.0162  
backward:              0.3500             -0.0022              3.0159              0.0171  
backward:              0.3000             -0.0407              2.9752              0.0182  
backward:              0.2500             -0.0767              2.8986              0.0193  
backward:              0.2000             -0.1409              2.7576              0.0211  
backward:              0.1500             -0.2248              2.5328              0.0237  
backward:              0.1000             -0.4419              2.0909              0.0300  
backward:              0.0500             -0.7370              1.3540              0.0342  
backward:              0.0000             -1.5228             -0.1688              0.1153  
Inaccuracy estimation
======================================================================================================
                   i        i+δi          P0_overlap_P1   δε(forward)/ε   δε(backward)/ε
======================================================================================================
inaccuracy:  0.00000        0.05000           37.81           -0.04            1.81
inaccuracy:  0.05000        0.10000           50.71           -0.02            0.82
inaccuracy:  0.10000        0.15000           61.68           -0.01            0.39
inaccuracy:  0.15000        0.20000           66.48           -0.01            0.25
inaccuracy:  0.20000        0.25000           69.76           -0.02            0.18
inaccuracy:  0.25000        0.30000           72.65           -0.01            0.14
inaccuracy:  0.30000        0.35000           74.28           -0.01            0.12
inaccuracy:  0.35000        0.40000           75.14           -0.01            0.11
inaccuracy:  0.40000        0.45000           74.80           -0.02            0.10
inaccuracy:  0.45000        0.50000           75.90           -0.01            0.09
inaccuracy:  0.50000        0.55000           72.75           -0.02            0.10
inaccuracy:  0.55000        0.60000           76.17           -0.02            0.08
inaccuracy:  0.60000        0.65000           75.11           -0.02            0.08
inaccuracy:  0.65000        0.70000           75.72           -0.03            0.08
inaccuracy:  0.70000        0.75000           75.53           -0.03            0.07
inaccuracy:  0.75000        0.80000           75.25           -0.02            0.07
inaccuracy:  0.80000        0.85000           74.37           -0.02            0.07
inaccuracy:  0.85000        0.90000           76.19           -0.03            0.06
inaccuracy:  0.90000        0.95000           75.04           -0.02            0.07
inaccuracy:  0.95000        1.00000           75.31           -0.03            0.07
===================================================================================================================================
                BAR        
-----------------------------------------------------------------------------------------------------------------------------------
BAR-estimator:         λ             λ+δλ          ΔΔA             ΔA            C               Δδe            δe       
                          
-----------------------------------------------------------------------------------------------------------------------------------
BAR-estimator:      0.00000        0.05000        1.4185         1.4185         1.4185         0.0098         0.0098 
BAR-estimator:      0.05000        0.10000        0.7573         2.1758         0.7573         0.0082         0.0128 
BAR-estimator:      0.10000        0.15000        0.4085         2.5843         0.4085         0.0061         0.0141 
BAR-estimator:      0.15000        0.20000        0.2225         2.8068         0.2225         0.0060         0.0153 
BAR-estimator:      0.20000        0.25000        0.1300         2.9368         0.1300         0.0039         0.0158 
BAR-estimator:      0.25000        0.30000        0.0772         3.0140         0.0772         0.0040         0.0163 
BAR-estimator:      0.30000        0.35000        0.0295         3.0435         0.0295         0.0033         0.0167 
BAR-estimator:      0.35000        0.40000       -0.0007         3.0428        -0.0007         0.0033         0.0170 
BAR-estimator:      0.40000        0.45000       -0.0302         3.0126        -0.0302         0.0022         0.0171 
BAR-estimator:      0.45000        0.50000       -0.0460         2.9666        -0.0460         0.0029         0.0174 
BAR-estimator:      0.50000        0.55000       -0.0685         2.8981        -0.0685         0.0029         0.0176 
BAR-estimator:      0.55000        0.60000       -0.1307         2.7674        -0.1307         0.0029         0.0178 
BAR-estimator:      0.60000        0.65000       -0.1731         2.5944        -0.1731         0.0027         0.0180 
BAR-estimator:      0.65000        0.70000       -0.2074         2.3870        -0.2074         0.0032         0.0183 
BAR-estimator:      0.70000        0.75000       -0.2407         2.1462        -0.2407         0.0032         0.0186 
BAR-estimator:      0.75000        0.80000       -0.2722         1.8740        -0.2722         0.0027         0.0188 
BAR-estimator:      0.80000        0.85000       -0.2953         1.5787        -0.2953         0.0029         0.0190 
BAR-estimator:      0.85000        0.90000       -0.3166         1.2621        -0.3166         0.0032         0.0193 
BAR-estimator:      0.90000        0.95000       -0.3325         0.9296        -0.3325         0.0028         0.0195 
BAR-estimator:      0.95000        1.00000       -0.3505         0.5791        -0.3505         0.0024         0.0196 
BAR-estimator: total free energy change is 0.5791187004907377 , total error is 0.019643170155431256
