#========================================================================================
#                     Free energy perturbation    
#----------------------------------------------------------------------------------------
#forward/backward          λ              ΔΔA                 ΔA                  δε   
#                                                 
#----------------------------------------------------------------------------------------
forward:               0.0000              0.0000              0.0000              0.0000  
forward:               0.0625             -1.4725             -1.4725              0.0978  
forward:               0.1250             -1.7304             -3.2030              0.1214  
forward:               0.1875             -1.3942             -4.5971              0.1296  
forward:               0.2500             -1.3956             -5.9927              0.1541  
forward:               0.3125             -1.3621             -7.3548              0.1734  
forward:               0.3750             -0.8788             -8.2335              0.1861  
forward:               0.4375             -1.6489             -9.8824              0.3059  
forward:               0.5000             -1.3932            -11.2755              0.3106  
forward:               0.5625              1.2735            -10.0021              0.3824  
forward:               0.6250              1.5806             -8.4215              0.4198  
forward:               0.6875              1.4053             -7.0162              0.4271  
forward:               0.7500              1.2551             -5.7610              0.4285  
forward:               0.8125              1.2419             -4.5191              0.4385  
forward:               0.8750              1.4849             -3.0342              0.4657  
forward:               0.9375              1.4361             -1.5981              0.4679  
forward:               1.0000              1.5370             -0.0610              0.4896  
backward:              1.0000              0.0000             -0.0610              0.0000  
backward:              0.9375             -1.5119             -1.5730              0.1094  
backward:              0.8750             -1.7854             -3.3584              0.1949  
backward:              0.8125             -1.4836             -4.8420              0.2138  
backward:              0.7500             -1.1568             -5.9988              0.2251  
backward:              0.6875             -1.3328             -7.3315              0.2310  
backward:              0.6250             -1.3325             -8.6640              0.2415  
backward:              0.5625             -1.0437             -9.7078              0.2500  
backward:              0.5000             -1.3993            -11.1070              0.2626  
backward:              0.4375              1.2801             -9.8270              0.2751  
backward:              0.3750              1.2849             -8.5421              0.2871  
backward:              0.3125              1.3670             -7.1751              0.2932  
backward:              0.2500              1.5606             -5.6145              0.3254  
backward:              0.1875              1.2004             -4.4140              0.3390  
backward:              0.1250              1.3259             -3.0882              0.3437  
backward:              0.0625              1.5496             -1.5386              0.3492  
backward:              0.0000              1.3632             -0.1755              0.3532  
Inaccuracy estimation
======================================================================================================
                   i        i+δi          P0_overlap_P1   δε(forward)/ε   δε(backward)/ε
======================================================================================================
inaccuracy:  0.00000        0.06250           68.29           -0.12           -0.63
inaccuracy:  0.06250        0.12500           92.68            0.00           -0.21
inaccuracy:  0.12500        0.18750           75.61           -0.20           -0.24
inaccuracy:  0.18750        0.25000           68.29           -0.13            0.00
inaccuracy:  0.25000        0.31250           60.98           -0.35           -0.48
inaccuracy:  0.31250        0.37500           51.22           -0.87           -0.55
inaccuracy:  0.37500        0.43750           82.93            0.00           -0.02
inaccuracy:  0.43750        0.50000           78.05            0.00           -0.05
inaccuracy:  0.50000        0.56250           51.22            0.00            1.70
inaccuracy:  0.56250        0.62500           43.90            0.22            1.27
inaccuracy:  0.62500        0.68750           63.41            0.04            0.65
inaccuracy:  0.68750        0.75000           90.24            0.00            0.05
inaccuracy:  0.75000        0.81250           78.05            0.00            0.68
inaccuracy:  0.81250        0.87500           82.93            0.00            0.68
inaccuracy:  0.87500        0.93750           70.73            0.00            0.08
inaccuracy:  0.93750        1.00000           75.61            0.00            0.56
===================================================================================================================================
            	   BAR        
-----------------------------------------------------------------------------------------------------------------------------------
BAR-estimator:         λ             λ+δλ          ΔΔA             ΔA            C               Δδe            δe       
                          
-----------------------------------------------------------------------------------------------------------------------------------
BAR-estimator:      0.00000        0.06250       -1.5043        -1.5043        -1.5043         0.0688         0.0688 
BAR-estimator:      0.06250        0.12500       -1.6216        -3.1259        -1.6216         0.0409         0.0801 
BAR-estimator:      0.12500        0.18750       -1.3726        -4.4985        -1.3726         0.0635         0.1022 
BAR-estimator:      0.18750        0.25000       -1.3150        -5.8136        -1.3150         0.0677         0.1226 
BAR-estimator:      0.25000        0.31250       -1.4655        -7.2791        -1.4655         0.0608         0.1368 
BAR-estimator:      0.31250        0.37500       -1.1171        -8.3962        -1.1171         0.0713         0.1543 
BAR-estimator:      0.37500        0.43750       -1.3798        -9.7760        -1.3798         0.0683         0.1687 
BAR-estimator:      0.43750        0.50000       -1.2906       -11.0666        -1.2906         0.0739         0.1842 
BAR-estimator:      0.50000        0.56250        1.2608        -9.8058         1.2608         0.1116         0.2153 
BAR-estimator:      0.56250        0.62500        1.3134        -8.4924         1.3134         0.1296         0.2513 
BAR-estimator:      0.62500        0.68750        1.3585        -7.1339         1.3585         0.0518         0.2566 
BAR-estimator:      0.68750        0.75000        1.2898        -5.8441         1.2898         0.0528         0.2620 
BAR-estimator:      0.75000        0.81250        1.2436        -4.6004         1.2436         0.0741         0.2723 
BAR-estimator:      0.81250        0.87500        1.5280        -3.0724         1.5280         0.1185         0.2969 
BAR-estimator:      0.87500        0.93750        1.4947        -1.5777         1.4947         0.0610         0.3031 
BAR-estimator:      0.93750        1.00000        1.5434        -0.0344         1.5434         0.0748         0.3122 
BAR-estimator: total free energy change is -0.034362443595362224 , total error is 0.3122381414167086
