Charm++: standalone mode (not using charmrun)
Charm++> Running in Multicore mode: 12 threads (PEs)
Charm++> Using recursive bisection (scheme 3) for topology aware partitions
Converse/Charm++ Commit ID: 
CharmLB> Load balancer assumes all CPUs are same.
Charm++> Running on 1 hosts (2 sockets x 6 cores x 1 PUs = 12-way SMP)
Charm++> cpu topology info is gathered in 0.000 seconds.
Info: Built with CUDA version 11080
Pe 2 physical rank 2 will use CUDA device of pe 8
Did not find +devices i,j,k,... argument, using all
Pe 9 physical rank 9 will use CUDA device of pe 8
Pe 11 physical rank 11 will use CUDA device of pe 8
Pe 6 physical rank 6 will use CUDA device of pe 8
Pe 4 physical rank 4 will use CUDA device of pe 8
Pe 5 physical rank 5 will use CUDA device of pe 8
Pe 3 physical rank 3 will use CUDA device of pe 8
Pe 0 physical rank 0 will use CUDA device of pe 8
Pe 7 physical rank 7 will use CUDA device of pe 8
Pe 10 physical rank 10 will use CUDA device of pe 8
Pe 1 physical rank 1 will use CUDA device of pe 8
Pe 8 physical rank 8 binding to CUDA device 0 on k172: 'NVIDIA L40S'  Mem: 45709MB  Rev: 8.9  PCI: 0:4a:0
CharmLB> Load balancing instrumentation for communication is off.
Info: NAMD 3.0.1 for Linux-x86_64-multicore-CUDA
Info: 
Info: Please visit http://www.ks.uiuc.edu/Research/namd/
Info: for updates, documentation, and support information.
Info: 
Info: Please cite Phillips et al., J. Chem. Phys. 153:044130 (2020) doi:10.1063/5.0014475
Info: in all publications reporting results obtained with NAMD.
Info: 
Info: Based on Charm++/Converse 80000 for multicore-linux-x86_64-gcc
Info: Built Mon Oct 14 10:33:44 CDT 2024 by dhardy on athine.ks.uiuc.edu
Info: 1 NAMD  3.0.1  Linux-x86_64-multicore-CUDA  12    k172  z5382435
Info: Running on 12 processors, 1 nodes, 1 physical nodes.
Info: CPU topology information available.
Info: Charm++/Converse parallel runtime startup completed at 0.0906742 s
CkLoopLib is used in SMP with simple dynamic scheduling (converse-level notification)
Info: 0 MB of memory in use based on /proc/self/stat
Info: Configuration file is prod.namd
Info: Working in the current directory /srv/scratch/z5382435/.temp/3323117/32
TCL: Running FEP window   1: Lambda1 0.40   Lambda2 0.35000000000000003 [dLambda -0.04999999999999999]
TCL: Suspending until startup complete.
Warning: The following variables were set in the
Warning: configuration file but will be ignored:
Warning:    switchdist (switching)
Warning: Option "1-4scaling" has been deprecated. Instead use "oneFourScaling".
Info: EXTENDED SYSTEM FILE   mobley_3323117_equil.xsc
Info: Tuning parameters to improve GPU-resident performance
Warning: Keeping margin at user-specified value 2
Warning: Performance might be improved by increasing margin size to >= 4
Warning: Disabling lonepair support due to incompatability with GPU-resident.
Info: Running with GPU-resident mode
Warning: Always using force tables for GPU nonbonded kernel due to unsupported config parameters.
Info: SIMULATION PARAMETERS:
Info: TIMESTEP               2
Info: NUMBER OF STEPS        0
Info: STEPS PER CYCLE        10
Info: PERIODIC CELL BASIS 1  31.0069 0 0
Info: PERIODIC CELL BASIS 2  0 31.7097 0
Info: PERIODIC CELL BASIS 3  0 0 31.6601
Info: PERIODIC CELL CENTER   0 0 0
Info: WRAPPING WATERS AROUND PERIODIC BOUNDARIES ON OUTPUT.
Info: WRAPPING ALL CLUSTERS AROUND PERIODIC BOUNDARIES ON OUTPUT.
Info: LOAD BALANCER  Centralized
Info: LOAD BALANCING STRATEGY  New Load Balancers -- DEFAULT
Info: LDB PERIOD             2000 steps
Info: FIRST LDB TIMESTEP     50
Info: LAST LDB TIMESTEP     -1
Info: LDB BACKGROUND SCALING 1
Info: HOM BACKGROUND SCALING 1
Info: PME BACKGROUND SCALING 1
Info: MIN ATOMS PER PATCH    40
Info: EMPTY PATCH LOAD       40 ATOMS
Info: VELOCITY FILE          mobley_3323117_equil.vel
Info: CENTER OF MASS MOVING INITIALLY? NO
Info: DIELECTRIC             1
Info: EXCLUDE                SCALED ONE-FOUR
Info: 1-4 ELECTROSTATICS SCALED BY 0.833333
Info: MODIFIED 1-4 VDW PARAMETERS WILL BE USED
Info: DCD FILENAME           mobley_3323117_prod.dcd
Info: DCD FREQUENCY          100000
Info: DCD FIRST STEP         100000
Info: DCD FILE WILL CONTAIN UNIT CELL DATA
Info: XST FILENAME           mobley_3323117_prod.xst
Info: XST FREQUENCY          100000
Info: NO VELOCITY DCD OUTPUT
Info: NO FORCE DCD OUTPUT
Info: OUTPUT FILENAME        mobley_3323117_prod
Info: BINARY OUTPUT FILES WILL BE USED
Info: RESTART FILENAME       mobley_3323117_prod.restart
Info: RESTART FREQUENCY      100000
Info: BINARY RESTART FILES WILL BE USED
Info: CUTOFF                 9
Info: PAIRLIST DISTANCE      11
Info: PAIRLIST SHRINK RATE   0.01
Info: PAIRLIST GROW RATE     0.01
Info: PAIRLIST TRIGGER       0.3
Info: PAIRLISTS PER CYCLE    2
Info: PAIRLISTS ENABLED
Info: MARGIN                 2
Info: HYDROGEN GROUP CUTOFF  2.5
Info: PATCH DIMENSION        15.5
Info: ENERGY OUTPUT STEPS    100000
Warning: The period of outputting energies relating to alchemical transformations (alchOutFreq = 50) is not a multiple of the period of computing energies (computeEnergies = 100000). If alchOutFreq is smaller than outputEnergies and computeEnergies is not defined, a better solution is to set computeEnergies explicitly and keep it the same as alchOutFreq. The simulation will use the greatest common divisor of computeEnergies and alchOutFreq as the period of energy evaluation.
Info: ENERGY EVALUATION STEPS    100000
Info: OUTPUT ENERGY PRECISION 4
Info: CROSSTERM ENERGY INCLUDED IN DIHEDRAL
Info: TIMING OUTPUT STEPS    1000000
Info: PRESSURE OUTPUT STEPS  100000
Info: ALCHEMICAL FEP ON
Info: FEP CURRENT LAMBDA VALUE     0.4
Info: FEP COMPARISON LAMBDA VALUE  0.35
Info: FEP INTRA-ALCHEMICAL NON-BONDED INTERACTIONS WILL BE RETAINED
Info: FEP INTRA-ALCHEMICAL BONDED INTERACTIONS WILL BE RETAINED
Info: FEP VDW SHIFTING COEFFICIENT 5
Info: FEP ELEC. ACTIVE FOR ANNIHILATED PARTICLES BETWEEN LAMBDA = 0 AND LAMBDA = 0.5
Info: FEP ELEC. ACTIVE FOR EXNIHILATED PARTICLES BETWEEN LAMBDA = 0.5 AND LAMBDA = 1
Info: FEP VDW ACTIVE FOR ANNIHILATED PARTICLES BETWEEN LAMBDA = 0 AND LAMBDA = 1
Info: FEP VDW ACTIVE FOR EXNIHILATED PARTICLES BETWEEN LAMBDA = 0 AND LAMBDA = 1
Info: FEP BOND ACTIVE FOR ANNIHILATED PARTICLES BETWEEN LAMBDA = 1 AND LAMBDA = 1
Info: FEP BOND ACTIVE FOR EXNIHILATED PARTICLES BETWEEN LAMBDA = 0 AND LAMBDA = 0
Info: LANGEVIN DYNAMICS ACTIVE
Info: LANGEVIN TEMPERATURE   300
Info: LANGEVIN USING BBK INTEGRATOR
Info: LANGEVIN DAMPING COEFFICIENT IS 1 INVERSE PS
Info: LANGEVIN DYNAMICS APPLIED TO HYDROGENS
Info: LANGEVIN PISTON PRESSURE CONTROL ACTIVE
Info:        TARGET PRESSURE IS 1.01325 BAR
Info:     OSCILLATION PERIOD IS 50 FS
Info:             DECAY TIME IS 25 FS
Info:     PISTON TEMPERATURE IS 300 K
Info:       PRESSURE CONTROL IS GROUP-BASED
Info:    INITIAL STRAIN RATE IS 9.40233e-05 9.40233e-05 9.40233e-05
Info:       CELL FLUCTUATION IS ISOTROPIC
Info: PARTICLE MESH EWALD (PME) ACTIVE
Info: PME TOLERANCE               1e-06
Info: PME EWALD COEFFICIENT       0.348832
Info: PME INTERPOLATION ORDER     4
Info: PME GRID DIMENSIONS         32 32 32
Info: PME MAXIMUM GRID SPACING    1
Info: PME CALCULATION WILL BE PERFORMED ON GPU
Info: FULL ELECTROSTATIC EVALUATION FREQUENCY      2
Info: USING VERLET I (r-RESPA) MTS SCHEME.
Info: C1 SPLITTING OF LONG RANGE ELECTROSTATICS
Info: PLACING ATOMS IN PATCHES BY HYDROGEN GROUPS
Info: RIGID BONDS TO HYDROGEN : ALL
Info:         ERROR TOLERANCE : 1e-08
Info:          MAX ITERATIONS : 100
Info: RIGID WATER USING SETTLE ALGORITHM
Info: RANDOM NUMBER SEED     1742778755
Info: USE HYDROGEN BONDS?    NO
Info: Using AMBER format force field!
Info: AMBER PARM FILE        mobley_3323117.prmtop
Info: COORDINATE PDB         mobley_3323117.pdb
Info: Exclusions will be read from PARM file!
Info: SCNB (VDW SCALING)     2
Info: USING ARITHMETIC MEAN TO COMBINE L-J SIGMA PARAMETERS
Info: BINARY COORDINATES     mobley_3323117_equil.coor
Info: === Start reading AMBER parm7 format file mobley_3323117.prmtop ===
Info: Complete reading ATOM_NAME with 2994 fields.
Info: Complete reading CHARGE with 2994 fields.
Info: Complete reading ATOMIC_NUMBER with 2994 fields.
Info: Complete reading MASS with 2994 fields.
Info: Complete reading ATOM_TYPE_INDEX with 2994 fields.
Info: Complete reading NUMBER_EXCLUDED_ATOMS with 2994 fields.
Info: Complete reading NONBONDED_PARM_INDEX with 49 fields.
Info: Complete reading RESIDUE_LABEL with 994 fields.
Info: Complete reading RESIDUE_POINTER with 994 fields.
Info: Complete reading BOND_FORCE_CONSTANT with 7 fields.
Info: Complete reading BOND_EQUIL_VALUE with 7 fields.
Info: Complete reading ANGLE_FORCE_CONSTANT with 10 fields.
Info: Complete reading ANGLE_EQUIL_VALUE with 10 fields.
Info: Complete reading DIHEDRAL_FORCE_CONSTANT with 7 fields.
Info: Complete reading DIHEDRAL_PERIODICITY with 7 fields.
Info: Complete reading DIHEDRAL_PHASE with 7 fields.
Info: Complete reading SCEE_SCALE_FACTOR with 7 fields.
Info: Complete reading SCNB_SCALE_FACTOR with 7 fields.
Info: Complete reading LENNARD_JONES_ACOEF with 28 fields.
Info: Complete reading LENNARD_JONES_BCOEF with 28 fields.
Info: Complete reading BONDS_INC_HYDROGEN with 8961 fields.
Info: Complete reading BONDS_WITHOUT_HYDROGEN with 21 fields.
Info: Complete reading ANGLES_INC_HYDROGEN with 80 fields.
Info: Complete reading ANGLES_WITHOUT_HYDROGEN with 40 fields.
Info: Complete reading DIHEDRALS_INC_HYDROGEN with 180 fields.
Info: Complete reading DIHEDRALS_WITHOUT_HYDROGEN with 55 fields.
Info: Complete reading EXCLUDED_ATOMS_LIST with 4059 fields.
Info: Complete reading HBOND_ACOEF with 0 fields.
Info: Complete reading HBOND_BCOEF with 0 fields.
Info: Complete reading AMBER_ATOM_TYPE with 2994 fields.
Info: Complete reading TREE_CHAIN_CLASSIFICATION with 2994 fields.
Info: Complete reading ATOMS_PER_MOLECULE with 994 fields.
Info: Complete reading BOX_DIMENSIONS with 4 fields.
Info: Complete reading RADIUS_SET with 1 fields.
Info: Complete reading RADII with 2994 fields.
Info: Complete reading SCREEN with 2994 fields.
Info: === Finish reading AMBER parm7 format file. ===
Warning: Found 993 H-H bonds.
Info: SUMMARY OF PARAMETERS:
Info: 7 BONDS
Info: 10 ANGLES
Info:   10 HARMONIC
Info:   0 COSINE-BASED
Info: 7 DIHEDRAL
Info: 0 IMPROPER
Info: 0 CROSSTERM
Info: 0 VDW
Info: 28 VDW_PAIRS
Info: 0 NBTHOLE_PAIRS
Info: Reading pdb file mobley_3323117.pdb
Info: TIME FOR READING PDB FILE: 0.0239346
Info: 
Info: To read alchdata from file: mobley_3323117.pdb
Info: To read alchflag data from column: 5
Info: ****************************
Info: STRUCTURE SUMMARY:
Info: 2994 ATOMS
Info: 2994 BONDS
Info: 30 ANGLES
Info: 47 DIHEDRALS
Info: 0 IMPROPERS
Info: 0 CROSSTERMS
Info: 3064 EXCLUSIONS
Info: 2987 RIGID BONDS
Info: ALCH: 0 ATOMS TO DISAPPEAR IN FINAL STATE
Info: ALCH: 15 ATOMS TO APPEAR IN FINAL STATE
Info: 5995 DEGREES OF FREEDOM
Info: 1000 HYDROGEN GROUPS
Info: 3 ATOMS IN LARGEST HYDROGEN GROUP
Info: 1000 MIGRATION GROUPS
Info: 3 ATOMS IN LARGEST MIGRATION GROUP
Info: TOTAL MASS = 18010.1 amu
Info: TOTAL CHARGE = 9.9957e-05 e
Info: MASS DENSITY = 0.96075 g/cm^3
Info: ATOM DENSITY = 0.0961807 atoms/A^3
Info: *****************************
Info: Reading from binary file mobley_3323117_equil.coor
Info: 
Info: Entering startup at 0.303518 s, 0 MB of memory in use
Info: Startup phase 0 took 6.9054e-05 s, 0 MB of memory in use
Info: ADDED 0 IMPLICIT EXCLUSIONS
Info: Startup phase 1 took 0.00106325 s, 0 MB of memory in use
Info: NONBONDED TABLE R-SQUARED SPACING: 0.0625
Info: NONBONDED TABLE SIZE: 705 POINTS
Info: INCONSISTENCY IN FAST TABLE ENERGY VS FORCE: 0.000290481 AT 0.251946
Info: INCONSISTENCY IN SCOR TABLE ENERGY VS FORCE: 0.000238233 AT 8.9687
Info: ABSOLUTE IMPRECISION IN VDWA TABLE ENERGY: 1.21169e-27 AT 8.99653
Info: ABSOLUTE IMPRECISION IN VDWA TABLE FORCE: 2.57484e-27 AT 8.99653
Info: INCONSISTENCY IN VDWA TABLE ENERGY VS FORCE: 0.0040507 AT 0.251946
Info: INCONSISTENCY IN VDWB TABLE ENERGY VS FORCE: 0.00150189 AT 0.251946
Info: Startup phase 2 took 0.000205736 s, 0 MB of memory in use
Info: Startup phase 3 took 5.2167e-05 s, 0 MB of memory in use
Info: Startup phase 4 took 0.000254673 s, 0 MB of memory in use
Info: Startup phase 5 took 0.000206158 s, 0 MB of memory in use
Info: REDUCING NUMBER OF PATCHES TO IMPROVE LOAD BALANCE
Info: PATCH GRID IS 3 (PERIODIC) BY 2 (PERIODIC) BY 2 (PERIODIC)
Info: PATCH GRID IS 2-AWAY BY 1-AWAY BY 1-AWAY
Info: Reading from binary file mobley_3323117_equil.vel
Info: REMOVING COM VELOCITY 0.0559764 0.00205532 0.0317657
Info: LARGEST PATCH (1) HAS 264 ATOMS
Info: TORUS A SIZE 1 USING 0
Info: TORUS B SIZE 1 USING 0
Info: TORUS C SIZE 1 USING 0
Info: TORUS MINIMAL MESH SIZE IS 1 BY 1 BY 1
Info: Placed 100% of base nodes on same physical node as patch
Info: Startup phase 6 took 0.00458313 s, 0 MB of memory in use
Info: Use 3D box decompostion in PME FFT.
Info: PME using 1 x 1 x 1 pencil grid for FFT and reciprocal sum.
Info: Startup phase 7 took 0.000191651 s, 0 MB of memory in use
Info: Updated CUDA force table with 4096 elements.
Info: Updated CUDA LJ table with 7 x 7 elements.
Info: Startup phase 8 took 0.000624664 s, 0 MB of memory in use
Info: Startup phase 9 took 6.844e-05 s, 0 MB of memory in use
Info: Startup phase 10 took 5.9648e-05 s, 0 MB of memory in use
Info: Startup phase 11 took 0.00181778 s, 0 MB of memory in use
LDB: Central LB being created...
Info: Startup phase 12 took 0.00367242 s, 0 MB of memory in use
Info: CREATING 456 COMPUTE OBJECTS
Info: Found 18 unique exclusion lists needing 40 bytes
Info: useSync: 0 useProxySync: 0
Info: Startup phase 13 took 0.0138841 s, 0 MB of memory in use
Info: Startup phase 14 took 8.6481e-05 s, 0 MB of memory in use
Info: Startup phase 15 took 5.528e-05 s, 0 MB of memory in use
Info: Finished startup at 0.330412 s, 0 MB of memory in use

TCL: Running for 2500000 steps
FEP: RESETTING FOR NEW FEP WINDOW LAMBDA SET TO 0.4 LAMBDA2 0.35
FEP: WINDOW TO HAVE 100000 STEPS OF EQUILIBRATION PRIOR TO FEP DATA COLLECTION.
FEP: USING CONSTANT TEMPERATURE OF 300 K FOR FEP CALCULATION
PRESSURE: 0 -911.501 -216.418 332.992 -216.421 -448.416 52.8948 332.994 52.8935 -1301.63
GPRESSURE: 0 -1010.47 -355.64 211.44 -141.508 -201.394 214.295 163.335 -63.3781 -1177.69
ETITLE:      TS           BOND          ANGLE          DIHED          IMPRP               ELECT            VDW       BOUNDARY           MISC        KINETIC               TOTAL           TEMP      POTENTIAL       TOTALAVG        TEMPAVG            PRESSURE      GPRESSURE         VOLUME       PRESSAVG      GPRESSAVG
FEPTITLE:    TS          BOND2         ELECT2           VDW2

ENERGY:       0         1.7296         5.6258        10.5895         0.0000         -10759.4989      1357.4375         0.0000         0.0000      1800.9405          -7583.1760       302.3434     -9384.1164     -7583.1760       302.3434           -887.1821      -796.5180     31128.9190      -887.1821      -796.5180
FEP:          0        17.9449    -10759.4989      1357.9037

OPENING FEP ENERGY OUTPUT FILE
OPENING EXTENDED SYSTEM TRAJECTORY FILE
Info: Initial time: 12 CPUs 0.000590063 s/step 292.85 ns/day 0 MB memory
Info: Initial time: 12 CPUs 0.000314658 s/step 549.167 ns/day 0 MB memory
Info: Initial time: 12 CPUs 0.000316616 s/step 545.771 ns/day 0 MB memory
Info: Benchmark time: 12 CPUs 0.000336883 s/step 512.938 ns/day 0 MB memory
Info: Benchmark time: 12 CPUs 0.000310068 s/step 557.297 ns/day 0 MB memory
Info: Benchmark time: 12 CPUs 0.000319444 s/step 540.94 ns/day 0 MB memory
Info: Benchmark time: 12 CPUs 0.000315381 s/step 547.908 ns/day 0 MB memory
Info: Benchmark time: 12 CPUs 0.000315399 s/step 547.877 ns/day 0 MB memory
Info: Benchmark time: 12 CPUs 0.000323091 s/step 534.833 ns/day 0 MB memory
PRESSURE: 100000 -1246.48 291.26 -34.6829 291.256 -81.8766 -99.5885 -34.681 -99.5881 -528.372
GPRESSURE: 100000 -936.35 -55.1454 -233.449 320.155 -154.456 -31.0812 359.101 -337.636 -610.815
PRESSAVG: 100000 -1078.99 37.4176 149.156 37.4176 -265.146 -23.3473 149.156 -23.3473 -915.001
GPRESSAVG: 100000 -973.41 -205.393 -11.0049 89.3235 -177.925 91.6071 261.218 -200.507 -894.252
ENERGY:  100000         0.7038         9.4871         7.7926         0.0000         -10782.6083      1380.6651         0.0000         0.0000      1725.6084          -7658.3514       289.6966     -9383.9597     -7620.7637       296.0200           -618.9082      -567.2070     30767.8336      -753.0452      -681.8625
FEP:     100000        17.9835    -10782.6083      1381.2580

WRITING EXTENDED SYSTEM TO RESTART FILE AT STEP 100000
OPENING COORDINATE DCD FILE
WRITING COORDINATES TO DCD FILE mobley_3323117_prod.dcd AT STEP 100000
WRITING COORDINATES TO RESTART FILE AT STEP 100000
FINISHED WRITING RESTART COORDINATES
The last position output (seq=100000) takes 0.014 seconds, 0.000 MB of memory in use
WRITING VELOCITIES TO RESTART FILE AT STEP 100000
FINISHED WRITING RESTART VELOCITIES
The last velocity output (seq=100000) takes 0.007 seconds, 0.000 MB of memory in use
PRESSURE: 200000 307.408 185.437 -595.579 185.438 701.646 -199.567 -595.572 -199.567 1059.01
GPRESSURE: 200000 318.648 -121.765 -841.505 334.899 891.281 -368.571 -365.995 -99.5887 1184.98
PRESSAVG: 200000 -616.856 86.7578 -99.0864 86.7578 57.1177 -82.0873 -99.0864 -82.0873 -256.996
GPRESSAVG: 200000 -542.724 -177.517 -287.838 171.182 178.477 -61.7855 52.1472 -166.868 -201.175
ENERGY:  200000         0.6284        10.8911         7.9783         0.0000         -11065.1669      1591.8764         0.0000         0.0000      1778.9896          -7674.8032       298.6583     -9453.7928     -7638.7768       296.8995            689.3556       798.3025     30884.6757      -272.2449      -188.4741
FEP:     200000        19.4977    -11065.1669      1591.4301

WRITING EXTENDED SYSTEM TO RESTART FILE AT STEP 200000
WRITING COORDINATES TO DCD FILE mobley_3323117_prod.dcd AT STEP 200000
WRITING COORDINATES TO RESTART FILE AT STEP 200000
FINISHED WRITING RESTART COORDINATES
The last position output (seq=200000) takes 0.017 seconds, 0.000 MB of memory in use
WRITING VELOCITIES TO RESTART FILE AT STEP 200000
FINISHED WRITING RESTART VELOCITIES
The last velocity output (seq=200000) takes 0.013 seconds, 0.000 MB of memory in use
PRESSURE: 300000 -29.975 -248.059 113.707 -248.058 35.5371 343.349 113.706 343.347 -459.715
GPRESSURE: 300000 33.9997 -141.529 -96.6335 -226.153 108.632 292.523 -6.48341 483.924 -344.466
PRESSAVG: 300000 -470.136 3.05378 -45.8884 3.05378 51.7226 24.2713 -45.8884 24.2713 -307.676
GPRESSAVG: 300000 -398.543 -168.52 -240.037 71.8483 161.016 26.7917 37.4895 -4.16962 -236.998
ENERGY:  300000         1.9854        10.6599         8.5931         0.0000         -10824.5805      1459.2205         0.0000         0.0000      1798.3076          -7545.8139       301.9014     -9344.1215     -7615.5361       298.1500           -151.3841       -67.2782     31163.4955      -242.0297      -158.1752
FEP:     300000        21.2385    -10824.5805      1458.2988

WRITING EXTENDED SYSTEM TO RESTART FILE AT STEP 300000
WRITING COORDINATES TO DCD FILE mobley_3323117_prod.dcd AT STEP 300000
WRITING COORDINATES TO RESTART FILE AT STEP 300000
FINISHED WRITING RESTART COORDINATES
The last position output (seq=300000) takes 0.018 seconds, 0.000 MB of memory in use
WRITING VELOCITIES TO RESTART FILE AT STEP 300000
FINISHED WRITING RESTART VELOCITIES
The last velocity output (seq=300000) takes 0.019 seconds, 0.000 MB of memory in use
PRESSURE: 400000 200.328 -132.759 246.507 -132.765 -603.476 -232.754 246.504 -232.751 -798.019
GPRESSURE: 400000 635.304 -249.839 152.514 -53.114 -599.839 -124.9 132.182 -417.209 -823.607
PRESSAVG: 400000 -336.043 -24.11 12.5902 -24.11 -79.3172 -27.1332 12.5902 -27.1332 -405.744
GPRESSAVG: 400000 -191.774 -184.784 -161.527 46.8558 8.84476 -3.54662 56.4281 -86.7775 -354.32
ENERGY:  400000         1.0012         6.4072         7.8755         0.0000         -10805.8392      1418.7012         0.0000         0.0000      1811.2641          -7560.5901       304.0766     -9371.8542     -7604.5469       299.3353           -400.3892      -262.7139     31014.9856      -273.7016      -179.0829
FEP:     400000        15.2839    -10805.8392      1419.1983

WRITING EXTENDED SYSTEM TO RESTART FILE AT STEP 400000
WRITING COORDINATES TO DCD FILE mobley_3323117_prod.dcd AT STEP 400000
WRITING COORDINATES TO RESTART FILE AT STEP 400000
FINISHED WRITING RESTART COORDINATES
The last position output (seq=400000) takes 0.019 seconds, 0.000 MB of memory in use
WRITING VELOCITIES TO RESTART FILE AT STEP 400000
FINISHED WRITING RESTART VELOCITIES
The last velocity output (seq=400000) takes 0.018 seconds, 0.000 MB of memory in use
PRESSURE: 500000 141.38 -50.0558 -216.87 -50.0589 -805.785 -326.775 -216.87 -326.774 -974.183
GPRESSURE: 500000 157.213 -36.7104 -370.796 -11.1032 -778.202 -437.826 -182.91 -381.468 -970.082
PRESSAVG: 500000 -256.473 -28.4348 -25.6532 -28.4348 -200.395 -77.0734 -25.6532 -77.0734 -500.484
GPRESSAVG: 500000 -133.609 -160.105 -196.405 37.196 -122.33 -75.9265 16.5383 -135.893 -456.947
ENERGY:  500000         2.0345        10.6252         6.6158         0.0000         -10785.4431      1388.0859         0.0000         0.0000      1759.0097          -7619.0719       295.3041     -9378.0816     -7606.9677       298.6634           -546.1961      -530.3569     31273.2147      -319.1174      -237.6286
FEP:     500000        19.2755    -10785.4431      1388.2833

WRITING EXTENDED SYSTEM TO RESTART FILE AT STEP 500000
WRITING COORDINATES TO DCD FILE mobley_3323117_prod.dcd AT STEP 500000
WRITING COORDINATES TO RESTART FILE AT STEP 500000
FINISHED WRITING RESTART COORDINATES
The last position output (seq=500000) takes 0.023 seconds, 0.000 MB of memory in use
WRITING VELOCITIES TO RESTART FILE AT STEP 500000
FINISHED WRITING RESTART VELOCITIES
The last velocity output (seq=500000) takes 0.023 seconds, 0.000 MB of memory in use
PRESSURE: 600000 -570.592 272.255 257.609 272.253 179.026 76.4291 257.608 76.4319 -287.411
GPRESSURE: 600000 -510.393 103.996 -216.19 414.03 269.485 130.075 438.444 119.534 -197.382
PRESSAVG: 600000 -301.347 14.5206 14.8127 14.5206 -146.192 -55.144 14.8127 -55.144 -470.045
GPRESSAVG: 600000 -187.435 -122.376 -199.231 91.0294 -66.3562 -46.4978 76.8106 -99.403 -419.866
ENERGY:  600000         2.3978        10.1607         5.7442         0.0000         -10900.0230      1453.1991         0.0000         0.0000      1754.9137          -7673.6075       294.6164     -9428.5212     -7616.4877       298.0853           -226.3256      -146.0965     30648.8491      -305.8614      -224.5526
FEP:     600000        18.3027    -10900.0230      1453.6120

WRITING EXTENDED SYSTEM TO RESTART FILE AT STEP 600000
WRITING COORDINATES TO DCD FILE mobley_3323117_prod.dcd AT STEP 600000
WRITING COORDINATES TO RESTART FILE AT STEP 600000
FINISHED WRITING RESTART COORDINATES
The last position output (seq=600000) takes 0.017 seconds, 0.000 MB of memory in use
WRITING VELOCITIES TO RESTART FILE AT STEP 600000
FINISHED WRITING RESTART VELOCITIES
PRESSURE: 700000 554.868 747.286 -752.592 747.285 149.657 -850.977 -752.591 -850.979 -1183.48
GPRESSURE: 700000 567.023 874.094 -336.974 667.506 101.608 -765.316 -1088.29 -1215.79 -897.207
PRESSAVG: 700000 -194.32 106.116 -81.1128 106.116 -109.211 -154.623 -81.1128 -154.623 -559.225
GPRESSAVG: 700000 -93.1281 2.18263 -216.449 163.089 -45.3606 -136.35 -68.827 -238.951 -479.534
ENERGY:  700000         2.2268        11.7347         8.0838         0.0000         -10813.9394      1444.4184         0.0000         0.0000      1820.3450          -7527.1306       305.6011     -9347.4756     -7605.3181       299.0247           -159.6534       -76.1918     30972.6738      -287.5854      -206.0075
FEP:     700000        22.0454    -10813.9394      1444.6938

WRITING EXTENDED SYSTEM TO RESTART FILE AT STEP 700000
WRITING COORDINATES TO DCD FILE mobley_3323117_prod.dcd AT STEP 700000
WRITING COORDINATES TO RESTART FILE AT STEP 700000
FINISHED WRITING RESTART COORDINATES
The last position output (seq=700000) takes 0.022 seconds, 0.000 MB of memory in use
WRITING VELOCITIES TO RESTART FILE AT STEP 700000
FINISHED WRITING RESTART VELOCITIES
PRESSURE: 800000 510.384 -172.943 -186.184 -172.944 -222.188 -51.7074 -186.183 -51.7049 507.868
GPRESSURE: 800000 458.215 -102.112 -3.12497 -682.692 -87.5782 -193.871 -180.195 60.9791 471.793
PRESSAVG: 800000 -116.02 75.1094 -92.7873 75.1094 -121.764 -143.188 -92.7873 -143.188 -440.659
GPRESSAVG: 800000 -31.8677 -9.40565 -192.747 69.1133 -50.0515 -142.741 -81.2012 -205.626 -373.831
ENERGY:  800000         1.7665         6.1618         7.7476         0.0000         -10969.3926      1485.5499         0.0000         0.0000      1775.7947          -7692.3721       298.1219     -9468.1668     -7614.9907       298.9244            265.3547       280.8100     30551.4402      -226.1476      -151.9166
FEP:     800000        15.6759    -10969.3926      1484.8258

WRITING EXTENDED SYSTEM TO RESTART FILE AT STEP 800000
WRITING COORDINATES TO DCD FILE mobley_3323117_prod.dcd AT STEP 800000
WRITING COORDINATES TO RESTART FILE AT STEP 800000
FINISHED WRITING RESTART COORDINATES
The last position output (seq=800000) takes 0.017 seconds, 0.000 MB of memory in use
WRITING VELOCITIES TO RESTART FILE AT STEP 800000
FINISHED WRITING RESTART VELOCITIES
PRESSURE: 900000 1157.56 -330.304 -704.573 -330.305 473.969 231.401 -704.572 231.402 -29.7006
GPRESSURE: 900000 1047.45 -216.622 -400.979 -457.788 395.867 163.136 -1054.23 36.1264 258.155
PRESSAVG: 900000 11.3388 34.5679 -153.966 34.5679 -62.1907 -105.729 -153.966 -105.729 -399.563
GPRESSAVG: 900000 76.0642 -30.1273 -213.57 16.4232 -5.45966 -112.154 -178.504 -181.45 -310.632
ENERGY:  900000         1.3992         9.3603         8.0589         0.0000         -10894.5254      1498.0145         0.0000         0.0000      1777.1178          -7600.5747       298.3441     -9377.6925     -7613.5491       298.8664            533.9443       567.1577     30456.7858      -150.1384       -80.0092
FEP:     900000        18.8184    -10894.5254      1497.5413

WRITING EXTENDED SYSTEM TO RESTART FILE AT STEP 900000
WRITING COORDINATES TO DCD FILE mobley_3323117_prod.dcd AT STEP 900000
WRITING COORDINATES TO RESTART FILE AT STEP 900000
FINISHED WRITING RESTART COORDINATES
The last position output (seq=900000) takes 0.018 seconds, 0.000 MB of memory in use
WRITING VELOCITIES TO RESTART FILE AT STEP 900000
FINISHED WRITING RESTART VELOCITIES
PRESSURE: 1000000 -25.6249 -181.904 -203.119 -181.899 -329.721 -6.29971 -203.122 -6.3025 -299.72
GPRESSURE: 1000000 -121.207 -254.367 -352.261 -206.547 -70.458 -242.102 -262.835 220.892 -292.538
PRESSAVG: 1000000 7.97843 14.8891 -158.434 14.8891 -86.5116 -96.6903 -158.434 -96.6903 -390.487
GPRESSAVG: 1000000 58.1305 -50.5127 -226.178 -3.84685 -11.3686 -123.967 -186.171 -144.874 -308.987
TIMING: 1000000  CPU: 314.548, 0.000314317/step  Wall: 316.406, 0.000316383/step, 546.174 ns/days, 0.131826 hours remaining, 0.000000 MB of memory in use.
PERFORMANCE: 1000000  averaging 546.174 ns/day, 0.000316383 sec/step with standard deviation 0
ETITLE:      TS           BOND          ANGLE          DIHED          IMPRP               ELECT            VDW       BOUNDARY           MISC        KINETIC               TOTAL           TEMP      POTENTIAL       TOTALAVG        TEMPAVG            PRESSURE      GPRESSURE         VOLUME       PRESSAVG      GPRESSAVG
FEPTITLE:    TS          BOND2         ELECT2           VDW2

ENERGY: 1000000         0.8801        12.6551         6.8789         0.0000         -10922.6447      1468.9022         0.0000         0.0000      1763.0638          -7670.2646       295.9847     -9433.3284     -7618.7051       298.6044           -218.3551      -161.4009     31114.2741      -156.3399       -87.4085
FEP:    1000000        20.4141    -10922.6447      1469.2895

WRITING EXTENDED SYSTEM TO RESTART FILE AT STEP 1000000
WRITING COORDINATES TO DCD FILE mobley_3323117_prod.dcd AT STEP 1000000
WRITING COORDINATES TO RESTART FILE AT STEP 1000000
FINISHED WRITING RESTART COORDINATES
The last position output (seq=1000000) takes 0.020 seconds, 0.000 MB of memory in use
WRITING VELOCITIES TO RESTART FILE AT STEP 1000000
FINISHED WRITING RESTART VELOCITIES
PRESSURE: 1100000 -100.411 -632.889 208.826 -632.889 -250.323 40.9984 208.826 40.9943 678.595
GPRESSURE: 1100000 -238.59 -850.461 -161.669 -519.355 -132.029 337.475 106.439 217.16 765.035
PRESSAVG: 1100000 -1.054 -39.0924 -127.829 -39.0924 -100.163 -85.2165 -127.829 -85.2165 -301.397
GPRESSAVG: 1100000 33.4038 -117.175 -220.802 -46.8059 -21.4237 -85.5136 -161.786 -114.704 -219.485
ENERGY: 1100000         2.6622        13.4931         7.5262         0.0000         -11056.7019      1513.5958         0.0000         0.0000      1815.7323          -7703.6923       304.8267     -9519.4246     -7625.7874       299.1229            109.2870       131.4719     30517.3650      -134.2043       -69.1684
FEP:    1100000        23.6814    -11056.7019      1513.7157

WRITING EXTENDED SYSTEM TO RESTART FILE AT STEP 1100000
WRITING COORDINATES TO DCD FILE mobley_3323117_prod.dcd AT STEP 1100000
WRITING COORDINATES TO RESTART FILE AT STEP 1100000
FINISHED WRITING RESTART COORDINATES
WRITING VELOCITIES TO RESTART FILE AT STEP 1100000
FINISHED WRITING RESTART VELOCITIES
PRESSURE: 1200000 481.08 -73.7078 -468.938 -73.7065 35.6773 -132.143 -468.933 -132.14 -951.837
GPRESSURE: 1200000 531.295 -34.1553 -114.979 -16.8389 215.216 -318.926 -681.906 -150.514 -903.098
PRESSAVG: 1200000 36.0332 -41.755 -154.068 -41.755 -89.7133 -88.8261 -154.068 -88.8261 -351.43
GPRESSAVG: 1200000 71.7031 -110.789 -212.662 -44.5007 -3.22064 -103.468 -201.796 -117.459 -272.071
ENERGY: 1200000         3.2807         6.2253         9.0980         0.0000         -10851.7020      1470.4226         0.0000         0.0000      1738.2020          -7624.4734       291.8108     -9362.6754     -7625.6863       298.5605           -145.0266       -52.1960     31093.7558      -135.0368       -67.8629
FEP:    1200000        18.6041    -10851.7020      1470.8589

WRITING EXTENDED SYSTEM TO RESTART FILE AT STEP 1200000
WRITING COORDINATES TO DCD FILE mobley_3323117_prod.dcd AT STEP 1200000
WRITING COORDINATES TO RESTART FILE AT STEP 1200000
FINISHED WRITING RESTART COORDINATES
WRITING VELOCITIES TO RESTART FILE AT STEP 1200000
FINISHED WRITING RESTART VELOCITIES
PRESSURE: 1300000 1085.42 -243.81 -419.576 -243.811 770.868 -228.289 -419.575 -228.288 -135.285
GPRESSURE: 1300000 1049.88 -397.887 -566.807 -165.535 772.833 -1.91896 -145.745 -366.945 122.147
PRESSAVG: 1300000 110.99 -56.1876 -173.033 -56.1876 -28.2433 -98.7876 -173.033 -98.7876 -335.991
GPRESSAVG: 1300000 141.573 -131.296 -237.958 -53.1461 52.2118 -96.2148 -197.792 -135.279 -243.913
ENERGY: 1300000         3.9896         8.6201         7.0173         0.0000         -11129.1065      1576.6431         0.0000         0.0000      1826.0025          -7706.8339       306.5509     -9532.8364     -7631.4825       299.1312            573.6690       648.2851     30708.1268       -84.4150       -16.7094
FEP:    1300000        19.6270    -11129.1065      1576.8595

WRITING EXTENDED SYSTEM TO RESTART FILE AT STEP 1300000
WRITING COORDINATES TO DCD FILE mobley_3323117_prod.dcd AT STEP 1300000
WRITING COORDINATES TO RESTART FILE AT STEP 1300000
FINISHED WRITING RESTART COORDINATES
WRITING VELOCITIES TO RESTART FILE AT STEP 1300000
FINISHED WRITING RESTART VELOCITIES
PRESSURE: 1400000 604.674 430.567 -36.104 430.567 -319.249 -494.653 -36.1005 -494.651 -413.188
GPRESSURE: 1400000 703.343 447.733 61.6773 397.842 -363.543 -458.715 139.463 -596.087 -323.611
PRESSAVG: 1400000 143.902 -23.7373 -163.904 -23.7373 -47.6436 -125.178 -163.904 -125.178 -341.138
GPRESSAVG: 1400000 179.024 -92.6941 -217.983 -23.0802 24.4948 -120.381 -175.308 -166 -249.226
ENERGY: 1400000         4.1958         9.8265         6.8689         0.0000         -10884.4210      1433.8362         0.0000         0.0000      1768.5496          -7661.1441       296.9056     -9429.6937     -7633.4600       298.9829            -42.5875         5.3964     30313.2284       -81.6265       -15.2357
FEP:    1400000        20.8911    -10884.4210      1434.3705

WRITING EXTENDED SYSTEM TO RESTART FILE AT STEP 1400000
WRITING COORDINATES TO DCD FILE mobley_3323117_prod.dcd AT STEP 1400000
WRITING COORDINATES TO RESTART FILE AT STEP 1400000
FINISHED WRITING RESTART COORDINATES
WRITING VELOCITIES TO RESTART FILE AT STEP 1400000
FINISHED WRITING RESTART VELOCITIES
PRESSURE: 1500000 83.4943 -89.2835 307.352 -89.2882 262.458 -171.353 307.35 -171.356 -1158.18
GPRESSURE: 1500000 -10.5932 51.7792 132.353 -99.6019 319.315 78.9661 208.356 -348.842 -1104.19
PRESSAVG: 1500000 140.127 -27.8342 -134.451 -27.8342 -28.2623 -128.065 -134.451 -128.065 -392.203
GPRESSAVG: 1500000 167.173 -83.6645 -196.087 -27.8628 42.9211 -107.922 -151.329 -177.428 -302.661
ENERGY: 1500000         0.9541        10.3021         7.2694         0.0000         -10776.3869      1426.7910         0.0000         0.0000      1768.9867          -7562.0835       296.9790     -9331.0702     -7628.9989       298.8576           -270.7435      -265.1562     31531.4392       -93.4463       -30.8557
FEP:    1500000        18.5257    -10776.3869      1426.6407

WRITING EXTENDED SYSTEM TO RESTART FILE AT STEP 1500000
WRITING COORDINATES TO DCD FILE mobley_3323117_prod.dcd AT STEP 1500000
WRITING COORDINATES TO RESTART FILE AT STEP 1500000
FINISHED WRITING RESTART COORDINATES
WRITING VELOCITIES TO RESTART FILE AT STEP 1500000
FINISHED WRITING RESTART VELOCITIES
PRESSURE: 1600000 -361.305 -365.069 117.816 -365.068 -523.325 564.013 117.815 564.015 360.715
GPRESSURE: 1600000 -172.505 -708.568 454.946 -103.596 -408.767 238.056 -299.8 951.232 257.386
PRESSAVG: 1600000 110.631 -47.6715 -119.612 -47.6715 -57.3836 -87.354 -119.612 -87.354 -347.914
GPRESSAVG: 1600000 147.192 -120.424 -157.791 -32.3176 16.3512 -87.5706 -160.063 -111.036 -269.717
ENERGY: 1600000         0.7170         9.8373         8.5071         0.0000         -10873.5049      1450.2121         0.0000         0.0000      1745.6180          -7658.6134       293.0559     -9404.2314     -7630.7410       298.5163           -174.6384      -107.9620     30957.8287       -98.2223       -35.3914
FEP:    1600000        19.0614    -10873.5049      1450.5092

WRITING EXTENDED SYSTEM TO RESTART FILE AT STEP 1600000
WRITING COORDINATES TO DCD FILE mobley_3323117_prod.dcd AT STEP 1600000
WRITING COORDINATES TO RESTART FILE AT STEP 1600000
FINISHED WRITING RESTART COORDINATES
WRITING VELOCITIES TO RESTART FILE AT STEP 1600000
FINISHED WRITING RESTART VELOCITIES
PRESSURE: 1700000 -604.741 -90.9992 29.1663 -90.9959 -463.882 124.925 29.1702 124.922 -402.967
GPRESSURE: 1700000 -507.089 -311.702 -83.8532 -72.5466 -548.256 -217.948 115.823 261.693 -240.878
PRESSAVG: 1700000 70.8878 -50.0784 -111.346 -50.0784 -79.9669 -75.5609 -111.346 -75.5609 -350.972
GPRESSAVG: 1700000 110.843 -131.05 -153.683 -34.5526 -15.0159 -94.8138 -144.736 -90.3287 -268.115
ENERGY: 1700000         0.8583         7.8339        10.6001         0.0000         -10826.2746      1420.9646         0.0000         0.0000      1769.7958          -7616.2219       297.1148     -9386.0177     -7629.9344       298.4385           -490.5302      -432.0746     31351.6618      -120.0172       -57.4294
FEP:    1700000        19.2924    -10826.2746      1421.3859

WRITING EXTENDED SYSTEM TO RESTART FILE AT STEP 1700000
WRITING COORDINATES TO DCD FILE mobley_3323117_prod.dcd AT STEP 1700000
WRITING COORDINATES TO RESTART FILE AT STEP 1700000
FINISHED WRITING RESTART COORDINATES
WRITING VELOCITIES TO RESTART FILE AT STEP 1700000
FINISHED WRITING RESTART VELOCITIES
PRESSURE: 1800000 -450.533 -330.421 470.56 -330.422 263.934 322.843 470.559 322.841 -58.2154
GPRESSURE: 1800000 -631.066 -681.805 591.89 -276.834 413.85 375.39 443.155 196.462 66.8635
PRESSAVG: 1800000 43.4445 -64.8333 -80.7194 -64.8333 -61.8668 -54.5924 -80.7194 -54.5924 -335.564
GPRESSAVG: 1800000 71.795 -160.037 -114.442 -47.3042 7.55602 -70.0662 -113.794 -75.2345 -250.485
ENERGY: 1800000         3.4735         8.4799         8.4978         0.0000         -10874.8367      1447.2293         0.0000         0.0000      1816.3112          -7590.8449       304.9239     -9407.1561     -7627.8770       298.7798            -81.6047       -50.1176     30897.5479      -117.9955       -57.0445
FEP:    1800000        20.4512    -10874.8367      1447.4711

WRITING EXTENDED SYSTEM TO RESTART FILE AT STEP 1800000
WRITING COORDINATES TO DCD FILE mobley_3323117_prod.dcd AT STEP 1800000
WRITING COORDINATES TO RESTART FILE AT STEP 1800000
FINISHED WRITING RESTART COORDINATES
WRITING VELOCITIES TO RESTART FILE AT STEP 1800000
FINISHED WRITING RESTART VELOCITIES
PRESSURE: 1900000 478.374 -289.969 241.561 -289.972 1045.99 221.424 241.562 221.426 210.288
GPRESSURE: 1900000 247.059 -168.134 615.116 -50.5048 952.463 146.704 154.157 259.428 463.306
PRESSAVG: 1900000 65.191 -76.0903 -64.6053 -76.0903 -6.47404 -40.7915 -64.6053 -40.7915 -308.272
GPRESSAVG: 1900000 80.5582 -160.442 -77.9644 -47.4643 54.8014 -59.2277 -100.397 -58.5013 -214.795
ENERGY: 1900000         3.3367         9.8141         8.2770         0.0000         -10937.4121      1524.2075         0.0000         0.0000      1816.5376          -7575.2392       304.9619     -9391.7768     -7625.2451       299.0889            578.2171       554.2757     30867.3824       -83.1848       -26.4785
FEP:    1900000        21.4278    -10937.4121      1524.5004

WRITING EXTENDED SYSTEM TO RESTART FILE AT STEP 1900000
WRITING COORDINATES TO DCD FILE mobley_3323117_prod.dcd AT STEP 1900000
WRITING COORDINATES TO RESTART FILE AT STEP 1900000
FINISHED WRITING RESTART COORDINATES
WRITING VELOCITIES TO RESTART FILE AT STEP 1900000
FINISHED WRITING RESTART VELOCITIES
PRESSURE: 2000000 90.9268 791.688 -155.153 791.687 -136.575 453.785 -155.154 453.785 -548.06
GPRESSURE: 2000000 -62.8101 671.657 -222.616 888.409 59.6487 607.243 -215.451 234.106 -522.524
PRESSAVG: 2000000 115.312 -25.6849 -89.0127 -25.6849 9.118 -20.7469 -89.0127 -20.7469 -270.593
GPRESSAVG: 2000000 127.941 -109.077 -99.6671 4.03157 67.8535 -39.5803 -119.336 -43.6271 -182.037
TIMING: 2000000  CPU: 628.916, 0.000314368/step  Wall: 632.485, 0.000316079/step, 546.698 ns/days, 0.0438999 hours remaining, 0.000000 MB of memory in use.
PERFORMANCE: 2000000  averaging 546.436 ns/day, 0.000316231 sec/step with standard deviation 2.1471e-07
ETITLE:      TS           BOND          ANGLE          DIHED          IMPRP               ELECT            VDW       BOUNDARY           MISC        KINETIC               TOTAL           TEMP      POTENTIAL       TOTALAVG        TEMPAVG            PRESSURE      GPRESSURE         VOLUME       PRESSAVG      GPRESSAVG
FEPTITLE:    TS          BOND2         ELECT2           VDW2

ENERGY: 2000000         0.4783        11.6173         7.0327         0.0000         -10880.8985      1448.2304         0.0000         0.0000      1756.3301          -7657.2096       294.8542     -9413.5398     -7628.9468       298.7145           -197.9029      -175.2286     30847.4586       -48.7209         4.5860
FEP:    2000000        19.1283    -10880.8985      1448.4697

WRITING EXTENDED SYSTEM TO RESTART FILE AT STEP 2000000
WRITING COORDINATES TO DCD FILE mobley_3323117_prod.dcd AT STEP 2000000
WRITING COORDINATES TO RESTART FILE AT STEP 2000000
FINISHED WRITING RESTART COORDINATES
WRITING VELOCITIES TO RESTART FILE AT STEP 2000000
FINISHED WRITING RESTART VELOCITIES
PRESSURE: 2100000 621.69 541.715 350.182 541.715 -564.422 -320.285 350.18 -320.282 1060.86
GPRESSURE: 2100000 645.848 359.313 359.658 507.327 -443.568 -82.9865 298.276 -492.217 1101.06
PRESSAVG: 2100000 208.721 -13.1619 -69.7697 -13.1619 -15.0093 -31.7815 -69.7697 -31.7815 -191.132
GPRESSAVG: 2100000 207.051 -88.3543 -70.0118 13.3902 53.3979 -42.1756 -122.377 -51.3562 -96.4431
ENERGY: 2100000         4.0127        11.4749         6.4841         0.0000         -10960.0679      1502.7921         0.0000         0.0000      1805.5786          -7629.7255       303.1221     -9435.3041     -7627.5155       299.3857            372.7081       434.4466     30677.2043         0.8599        54.6686
FEP:    2100000        21.9717    -10960.0679      1503.3797

WRITING EXTENDED SYSTEM TO RESTART FILE AT STEP 2100000
WRITING COORDINATES TO DCD FILE mobley_3323117_prod.dcd AT STEP 2100000
WRITING COORDINATES TO RESTART FILE AT STEP 2100000
FINISHED WRITING RESTART COORDINATES
WRITING VELOCITIES TO RESTART FILE AT STEP 2100000
FINISHED WRITING RESTART VELOCITIES
PRESSURE: 2200000 118.782 -355.241 -180.662 -355.242 142.022 258.015 -180.66 258.015 -610.618
GPRESSURE: 2200000 35.9824 -315.345 -261.492 -210.786 384.491 287.712 -122.157 -36.3535 -655.581
PRESSAVG: 2200000 199.289 -40.196 -49.024 -40.196 -42.9905 -8.90245 -49.024 -8.90245 -274.613
GPRESSAVG: 2200000 192.918 -98.0333 -41.0111 -13.8941 28.0584 -9.36141 -110.185 -48.1944 -188.471
ENERGY: 2200000         3.5269         9.6400         8.4408         0.0000         -10861.9738      1437.4604         0.0000         0.0000      1752.7151          -7650.1905       294.2473     -9402.9056     -7626.2849       299.1652           -116.6045       -78.3695     30913.8657       -39.4381        10.8350
FEP:    2200000        21.6077    -10861.9738      1437.7111

WRITING EXTENDED SYSTEM TO RESTART FILE AT STEP 2200000
WRITING COORDINATES TO DCD FILE mobley_3323117_prod.dcd AT STEP 2200000
WRITING COORDINATES TO RESTART FILE AT STEP 2200000
FINISHED WRITING RESTART COORDINATES
WRITING VELOCITIES TO RESTART FILE AT STEP 2200000
FINISHED WRITING RESTART VELOCITIES
PRESSURE: 2300000 -796.95 -220.441 145.404 -220.442 -641.951 465.789 145.399 465.792 -559.617
GPRESSURE: 2300000 -648.976 -464.042 227.662 -122.084 -851.32 327.089 323.712 208.718 -348.63
PRESSAVG: 2300000 160.941 -38.8151 -47.4394 -38.8151 -76.8649 -2.78022 -47.4394 -2.78022 -279.608
GPRESSAVG: 2300000 158.769 -114.159 -24.7964 -8.69063 -19.9392 -7.63313 -93.6756 -61.9547 -188.679
ENERGY: 2300000         2.1950         8.2907        10.9267         0.0000         -10847.2597      1385.5656         0.0000         0.0000      1774.0363          -7666.2454       297.8267     -9440.2817     -7632.3065       298.9614           -666.1729      -616.3090     30904.6344       -65.1775       -16.6165
FEP:    2300000        21.4124    -10847.2597      1385.9593

WRITING EXTENDED SYSTEM TO RESTART FILE AT STEP 2300000
WRITING COORDINATES TO DCD FILE mobley_3323117_prod.dcd AT STEP 2300000
WRITING COORDINATES TO RESTART FILE AT STEP 2300000
FINISHED WRITING RESTART COORDINATES
WRITING VELOCITIES TO RESTART FILE AT STEP 2300000
FINISHED WRITING RESTART VELOCITIES
PRESSURE: 2400000 630.083 -107.864 620.972 -107.864 578.585 -503.027 620.972 -503.024 -436.59
GPRESSURE: 2400000 764.37 -75.3383 798.363 -4.17266 569.756 -394.717 344.211 -642.584 -312.927
PRESSAVG: 2400000 182.428 -37.5701 -28.716 -37.5701 -17.7618 -16.2939 -28.716 -16.2939 -261.537
GPRESSAVG: 2400000 165.222 -105.434 7.49606 -6.24356 38.5405 -21.124 -83.0742 -73.2234 -163.145
ENERGY: 2400000         0.9798        10.2333         8.5022         0.0000         -10858.5582      1452.0438         0.0000         0.0000      1820.4708          -7566.3283       305.6222     -9386.7991     -7632.5934       299.0387            257.3595       340.3998     30320.2859       -32.2901        13.5392
FEP:    2400000        19.7153    -10858.5582      1452.4852

WRITING EXTENDED SYSTEM TO RESTART FILE AT STEP 2400000
WRITING COORDINATES TO DCD FILE mobley_3323117_prod.dcd AT STEP 2400000
WRITING COORDINATES TO RESTART FILE AT STEP 2400000
FINISHED WRITING RESTART COORDINATES
WRITING VELOCITIES TO RESTART FILE AT STEP 2400000
FINISHED WRITING RESTART VELOCITIES
PRESSURE: 2500000 -64.4383 99.4452 -179.594 99.4482 168.485 140.312 -179.596 140.316 118.986
GPRESSURE: 2500000 -24.4571 9.33867 -68.4059 -157.14 199.321 156.827 -208.857 121.296 236.438
PRESSAVG: 2500000 172.137 -30.0947 -26.8523 -30.0947 30.9517 7.06063 -26.8523 7.06063 -206.878
GPRESSAVG: 2500000 156.139 -103.131 22.6156 -13.5454 87.4167 8.60865 -84.3715 -48.0852 -102.819
ENERGY: 2500000         1.3248         8.6462         7.2759         0.0000         -10800.8214      1428.1983         0.0000         0.0000      1802.5744          -7552.8018       302.6177     -9355.3762     -7629.2799       299.4044             74.3440       137.1005     30532.4629        -1.2631        46.9121
FEP:    2500000        17.2469    -10800.8214      1428.0378

WRITING EXTENDED SYSTEM TO RESTART FILE AT STEP 2500000
WRITING COORDINATES TO DCD FILE mobley_3323117_prod.dcd AT STEP 2500000
WRITING COORDINATES TO RESTART FILE AT STEP 2500000
FINISHED WRITING RESTART COORDINATES
WRITING VELOCITIES TO RESTART FILE AT STEP 2500000
FINISHED WRITING RESTART VELOCITIES
TCL: Exiting due to exit command.
WRITING EXTENDED SYSTEM TO OUTPUT FILE AT STEP 2500000
CLOSING EXTENDED SYSTEM TRAJECTORY FILE
WRITING COORDINATES TO OUTPUT FILE AT STEP 2500000
CLOSING COORDINATE DCD FILE mobley_3323117_prod.dcd
WRITING VELOCITIES TO OUTPUT FILE AT STEP 2500000
====================================================

WallClock: 790.489502  CPUTime: 787.732117  Memory: 0.000000 MB
[Partition 0][Node 0] End of program
