#========================================================================================
#                     Free energy perturbation    
#----------------------------------------------------------------------------------------
#forward/backward          λ              ΔΔA                 ΔA                  δε   
#                                                 
#----------------------------------------------------------------------------------------
forward:               0.0000              0.0000              0.0000              0.0000  
forward:               0.0500              1.5373              1.5373              0.0229  
forward:               0.1000              0.9524              2.4897              0.0287  
forward:               0.1500              0.5027              2.9924              0.0326  
forward:               0.2000              0.2798              3.2721              0.0338  
forward:               0.2500              0.1496              3.4218              0.0346  
forward:               0.3000              0.0765              3.4983              0.0352  
forward:               0.3500              0.0349              3.5332              0.0357  
forward:               0.4000             -0.0127              3.5205              0.0360  
forward:               0.4500             -0.0415              3.4790              0.0364  
forward:               0.5000             -0.0597              3.4193              0.0367  
forward:               0.5500             -0.1386              3.2807              0.0371  
forward:               0.6000             -0.2649              3.0158              0.0374  
forward:               0.6500             -0.3417              2.6741              0.0377  
forward:               0.7000             -0.4028              2.2713              0.0379  
forward:               0.7500             -0.4375              1.8338              0.0382  
forward:               0.8000             -0.4931              1.3408              0.0384  
forward:               0.8500             -0.5254              0.8154              0.0386  
forward:               0.9000             -0.5548              0.2605              0.0388  
forward:               0.9500             -0.5655             -0.3050              0.0390  
forward:               1.0000             -0.5894             -0.8944              0.0392  
backward:              1.0000              0.0000             -0.8944              0.0000  
backward:              0.9500              0.5898             -0.3046              0.0042  
backward:              0.9000              0.5657              0.2611              0.0067  
backward:              0.8500              0.5463              0.8075              0.0084  
backward:              0.8000              0.5331              1.3405              0.0096  
backward:              0.7500              0.4900              1.8305              0.0107  
backward:              0.7000              0.4377              2.2682              0.0121  
backward:              0.6500              0.3991              2.6674              0.0135  
backward:              0.6000              0.3321              2.9995              0.0143  
backward:              0.5500              0.2531              3.2526              0.0154  
backward:              0.5000              0.1294              3.3820              0.0168  
backward:              0.4500              0.0591              3.4410              0.0179  
backward:              0.4000              0.0335              3.4745              0.0187  
backward:              0.3500              0.0111              3.4856              0.0196  
backward:              0.3000             -0.0365              3.4491              0.0213  
backward:              0.2500             -0.0822              3.3669              0.0231  
backward:              0.2000             -0.1482              3.2187              0.0253  
backward:              0.1500             -0.3002              2.9186              0.0284  
backward:              0.1000             -0.4844              2.4341              0.0326  
backward:              0.0500             -0.9337              1.5004              0.0412  
backward:              0.0000             -1.5089             -0.0085              0.0493  
Inaccuracy estimation
======================================================================================================
                   i        i+δi          P0_overlap_P1   δε(forward)/ε   δε(backward)/ε
======================================================================================================
inaccuracy:  0.00000        0.05000           39.03           -0.03            1.39
inaccuracy:  0.05000        0.10000           45.78           -0.04            1.09
inaccuracy:  0.10000        0.15000           55.83           -0.03            0.55
inaccuracy:  0.15000        0.20000           63.54           -0.02            0.31
inaccuracy:  0.20000        0.25000           67.40           -0.02            0.23
inaccuracy:  0.25000        0.30000           70.90           -0.01            0.17
inaccuracy:  0.30000        0.35000           71.63           -0.02            0.14
inaccuracy:  0.35000        0.40000           72.97           -0.02            0.12
inaccuracy:  0.40000        0.45000           74.05           -0.01            0.11
inaccuracy:  0.45000        0.50000           74.02           -0.02            0.10
inaccuracy:  0.50000        0.55000           69.66           -0.04            0.13
inaccuracy:  0.55000        0.60000           71.39           -0.04            0.09
inaccuracy:  0.60000        0.65000           72.60           -0.04            0.08
inaccuracy:  0.65000        0.70000           71.80           -0.04            0.07
inaccuracy:  0.70000        0.75000           71.25           -0.05            0.07
inaccuracy:  0.75000        0.80000           71.95           -0.05            0.06
inaccuracy:  0.80000        0.85000           72.34           -0.05            0.06
inaccuracy:  0.85000        0.90000           72.45           -0.04            0.06
inaccuracy:  0.90000        0.95000           71.51           -0.05            0.06
inaccuracy:  0.95000        1.00000           71.28           -0.06            0.06
===================================================================================================================================
                BAR        
-----------------------------------------------------------------------------------------------------------------------------------
BAR-estimator:         λ             λ+δλ          ΔΔA             ΔA            C               Δδe            δe       
                          
-----------------------------------------------------------------------------------------------------------------------------------
BAR-estimator:      0.00000        0.05000        1.5388         1.5388         1.5388         0.0109         0.0109 
BAR-estimator:      0.05000        0.10000        0.9507         2.4895         0.9507         0.0102         0.0149 
BAR-estimator:      0.10000        0.15000        0.5055         2.9949         0.5055         0.0093         0.0176 
BAR-estimator:      0.15000        0.20000        0.2804         3.2754         0.2804         0.0059         0.0186 
BAR-estimator:      0.20000        0.25000        0.1509         3.4263         0.1509         0.0049         0.0192 
BAR-estimator:      0.25000        0.30000        0.0789         3.5051         0.0789         0.0044         0.0197 
BAR-estimator:      0.30000        0.35000        0.0363         3.5415         0.0363         0.0038         0.0201 
BAR-estimator:      0.35000        0.40000       -0.0123         3.5292        -0.0123         0.0034         0.0204 
BAR-estimator:      0.40000        0.45000       -0.0386         3.4905        -0.0386         0.0037         0.0207 
BAR-estimator:      0.45000        0.50000       -0.0618         3.4287        -0.0618         0.0033         0.0210 
BAR-estimator:      0.50000        0.55000       -0.1356         3.2931        -0.1356         0.0038         0.0213 
BAR-estimator:      0.55000        0.60000       -0.2593         3.0338        -0.2593         0.0033         0.0216 
BAR-estimator:      0.60000        0.65000       -0.3370         2.6969        -0.3370         0.0033         0.0218 
BAR-estimator:      0.65000        0.70000       -0.4011         2.2958        -0.4011         0.0033         0.0221 
BAR-estimator:      0.70000        0.75000       -0.4390         1.8567        -0.4390         0.0033         0.0223 
BAR-estimator:      0.75000        0.80000       -0.4937         1.3630        -0.4937         0.0038         0.0226 
BAR-estimator:      0.80000        0.85000       -0.5282         0.8348        -0.5282         0.0034         0.0229 
BAR-estimator:      0.85000        0.90000       -0.5516         0.2833        -0.5516         0.0036         0.0232 
BAR-estimator:      0.90000        0.95000       -0.5685        -0.2852        -0.5685         0.0038         0.0235 
BAR-estimator:      0.95000        1.00000       -0.5906        -0.8758        -0.5906         0.0037         0.0237 
BAR-estimator: total free energy change is -0.8757972242823091 , total error is 0.02374503325853471
