#========================================================================================
#                     Free energy perturbation    
#----------------------------------------------------------------------------------------
#forward/backward          λ              ΔΔA                 ΔA                  δε   
#                                                 
#----------------------------------------------------------------------------------------
forward:               0.0000              0.0000              0.0000              0.0000  
forward:               0.0500              1.5354              1.5354              0.0179  
forward:               0.1000              0.9108              2.4462              0.0235  
forward:               0.1500              0.5093              2.9555              0.0260  
forward:               0.2000              0.2900              3.2455              0.0273  
forward:               0.2500              0.1516              3.3970              0.0280  
forward:               0.3000              0.0858              3.4828              0.0285  
forward:               0.3500              0.0356              3.5184              0.0290  
forward:               0.4000             -0.0033              3.5151              0.0294  
forward:               0.4500             -0.0325              3.4825              0.0297  
forward:               0.5000             -0.0546              3.4280              0.0300  
forward:               0.5500             -0.1294              3.2986              0.0304  
forward:               0.6000             -0.2476              3.0510              0.0307  
forward:               0.6500             -0.3387              2.7122              0.0309  
forward:               0.7000             -0.3971              2.3152              0.0311  
forward:               0.7500             -0.4621              1.8531              0.0314  
forward:               0.8000             -0.4899              1.3632              0.0317  
forward:               0.8500             -0.5294              0.8337              0.0319  
forward:               0.9000             -0.5567              0.2770              0.0321  
forward:               0.9500             -0.5761             -0.2991              0.0323  
forward:               1.0000             -0.5961             -0.8952              0.0325  
backward:              1.0000              0.0000             -0.8952              0.0000  
backward:              0.9500              0.5905             -0.3047              0.0046  
backward:              0.9000              0.5719              0.2671              0.0071  
backward:              0.8500              0.5552              0.8223              0.0085  
backward:              0.8000              0.5282              1.3505              0.0095  
backward:              0.7500              0.4868              1.8373              0.0110  
backward:              0.7000              0.4552              2.2925              0.0118  
backward:              0.6500              0.4014              2.6939              0.0128  
backward:              0.6000              0.3413              3.0352              0.0138  
backward:              0.5500              0.2432              3.2785              0.0150  
backward:              0.5000              0.1158              3.3943              0.0174  
backward:              0.4500              0.0517              3.4459              0.0181  
backward:              0.4000              0.0361              3.4821              0.0193  
backward:              0.3500              0.0060              3.4880              0.0201  
backward:              0.3000             -0.0407              3.4474              0.0211  
backward:              0.2500             -0.0845              3.3628              0.0223  
backward:              0.2000             -0.1766              3.1863              0.0243  
backward:              0.1500             -0.2914              2.8949              0.0261  
backward:              0.1000             -0.5712              2.3237              0.0469  
backward:              0.0500             -0.9199              1.4038              0.0512  
backward:              0.0000             -1.6263             -0.2225              0.0677  
Inaccuracy estimation
======================================================================================================
                   i        i+δi          P0_overlap_P1   δε(forward)/ε   δε(backward)/ε
======================================================================================================
inaccuracy:  0.00000        0.05000           40.12           -0.03            1.31
inaccuracy:  0.05000        0.10000           47.64           -0.04            1.01
inaccuracy:  0.10000        0.15000           56.49           -0.02            0.55
inaccuracy:  0.15000        0.20000           63.77           -0.02            0.31
inaccuracy:  0.20000        0.25000           68.93           -0.02            0.21
inaccuracy:  0.25000        0.30000           69.98           -0.01            0.17
inaccuracy:  0.30000        0.35000           71.94           -0.01            0.14
inaccuracy:  0.35000        0.40000           72.88           -0.01            0.12
inaccuracy:  0.40000        0.45000           72.54           -0.01            0.11
inaccuracy:  0.45000        0.50000           74.15           -0.02            0.10
inaccuracy:  0.50000        0.55000           69.20           -0.04            0.12
inaccuracy:  0.55000        0.60000           70.95           -0.05            0.10
inaccuracy:  0.60000        0.65000           71.36           -0.04            0.09
inaccuracy:  0.65000        0.70000           71.26           -0.05            0.08
inaccuracy:  0.70000        0.75000           72.97           -0.05            0.07
inaccuracy:  0.75000        0.80000           71.88           -0.05            0.07
inaccuracy:  0.80000        0.85000           72.53           -0.05            0.07
inaccuracy:  0.85000        0.90000           72.18           -0.05            0.06
inaccuracy:  0.90000        0.95000           71.51           -0.05            0.07
inaccuracy:  0.95000        1.00000           71.35           -0.05            0.06
===================================================================================================================================
                BAR        
-----------------------------------------------------------------------------------------------------------------------------------
BAR-estimator:         λ             λ+δλ          ΔΔA             ΔA            C               Δδe            δe       
                          
-----------------------------------------------------------------------------------------------------------------------------------
BAR-estimator:      0.00000        0.05000        1.5349         1.5349         1.5349         0.0091         0.0091 
BAR-estimator:      0.05000        0.10000        0.9295         2.4644         0.9295         0.0098         0.0133 
BAR-estimator:      0.10000        0.15000        0.5148         2.9792         0.5148         0.0056         0.0145 
BAR-estimator:      0.15000        0.20000        0.2929         3.2721         0.2929         0.0054         0.0155 
BAR-estimator:      0.20000        0.25000        0.1584         3.4305         0.1584         0.0041         0.0160 
BAR-estimator:      0.25000        0.30000        0.0865         3.5170         0.0865         0.0036         0.0164 
BAR-estimator:      0.30000        0.35000        0.0370         3.5541         0.0370         0.0037         0.0168 
BAR-estimator:      0.35000        0.40000       -0.0043         3.5498        -0.0043         0.0031         0.0171 
BAR-estimator:      0.40000        0.45000       -0.0354         3.5144        -0.0354         0.0032         0.0174 
BAR-estimator:      0.45000        0.50000       -0.0542         3.4602        -0.0542         0.0029         0.0176 
BAR-estimator:      0.50000        0.55000       -0.1313         3.3289        -0.1313         0.0032         0.0179 
BAR-estimator:      0.55000        0.60000       -0.2470         3.0819        -0.2470         0.0034         0.0183 
BAR-estimator:      0.60000        0.65000       -0.3401         2.7418        -0.3401         0.0029         0.0185 
BAR-estimator:      0.65000        0.70000       -0.3990         2.3428        -0.3990         0.0029         0.0187 
BAR-estimator:      0.70000        0.75000       -0.4583         1.8844        -0.4583         0.0035         0.0190 
BAR-estimator:      0.75000        0.80000       -0.4921         1.3923        -0.4921         0.0031         0.0193 
BAR-estimator:      0.80000        0.85000       -0.5269         0.8654        -0.5269         0.0030         0.0195 
BAR-estimator:      0.85000        0.90000       -0.5572         0.3082        -0.5572         0.0029         0.0197 
BAR-estimator:      0.90000        0.95000       -0.5753        -0.2671        -0.5753         0.0032         0.0200 
BAR-estimator:      0.95000        1.00000       -0.5944        -0.8615        -0.5944         0.0029         0.0202 
BAR-estimator: total free energy change is -0.8615279362950264 , total error is 0.02019885488154091
