#========================================================================================
#                     Free energy perturbation    
#----------------------------------------------------------------------------------------
#forward/backward          λ              ΔΔA                 ΔA                  δε   
#                                                 
#----------------------------------------------------------------------------------------
forward:               0.0000              0.0000              0.0000              0.0000  
forward:               0.0500              1.7142              1.7142              0.0290  
forward:               0.1000              0.9374              2.6516              0.0324  
forward:               0.1500              0.5086              3.1602              0.0352  
forward:               0.2000              0.2863              3.4465              0.0366  
forward:               0.2500              0.1400              3.5864              0.0372  
forward:               0.3000              0.0616              3.6481              0.0377  
forward:               0.3500             -0.0067              3.6414              0.0381  
forward:               0.4000             -0.0368              3.6046              0.0385  
forward:               0.4500             -0.0615              3.5431              0.0387  
forward:               0.5000             -0.0983              3.4448              0.0390  
forward:               0.5500             -0.1463              3.2985              0.0393  
forward:               0.6000             -0.2203              3.0782              0.0395  
forward:               0.6500             -0.2761              2.8021              0.0397  
forward:               0.7000             -0.3225              2.4797              0.0399  
forward:               0.7500             -0.3496              2.1300              0.0401  
forward:               0.8000             -0.3871              1.7429              0.0402  
forward:               0.8500             -0.3989              1.3440              0.0404  
forward:               0.9000             -0.4216              0.9224              0.0406  
forward:               0.9500             -0.4237              0.4987              0.0407  
forward:               1.0000             -0.4483              0.0504              0.0409  
backward:              1.0000              0.0000              0.0504              0.0000  
backward:              0.9500              0.4523              0.5027              0.0039  
backward:              0.9000              0.4282              0.9309              0.0059  
backward:              0.8500              0.4189              1.3497              0.0088  
backward:              0.8000              0.4010              1.7507              0.0098  
backward:              0.7500              0.3736              2.1243              0.0111  
backward:              0.7000              0.3455              2.4697              0.0121  
backward:              0.6500              0.3222              2.7920              0.0128  
backward:              0.6000              0.2726              3.0646              0.0137  
backward:              0.5500              0.2256              3.2902              0.0147  
backward:              0.5000              0.1265              3.4167              0.0160  
backward:              0.4500              0.0966              3.5132              0.0169  
backward:              0.4000              0.0647              3.5780              0.0178  
backward:              0.3500              0.0417              3.6196              0.0185  
backward:              0.3000             -0.0063              3.6133              0.0195  
backward:              0.2500             -0.0456              3.5677              0.0210  
backward:              0.2000             -0.1409              3.4268              0.0229  
backward:              0.1500             -0.2557              3.1711              0.0251  
backward:              0.1000             -0.4836              2.6875              0.0304  
backward:              0.0500             -1.0209              1.6666              0.0637  
backward:              0.0000             -1.6535              0.0131              0.0697  
Inaccuracy estimation
======================================================================================================
                   i        i+δi          P0_overlap_P1   δε(forward)/ε   δε(backward)/ε
======================================================================================================
inaccuracy:  0.00000        0.05000           35.17           -0.03            2.06
inaccuracy:  0.05000        0.10000           45.82           -0.04            1.04
inaccuracy:  0.10000        0.15000           55.43           -0.02            0.57
inaccuracy:  0.15000        0.20000           62.20           -0.02            0.33
inaccuracy:  0.20000        0.25000           68.53           -0.02            0.20
inaccuracy:  0.25000        0.30000           70.25           -0.01            0.16
inaccuracy:  0.30000        0.35000           74.35           -0.01            0.12
inaccuracy:  0.35000        0.40000           73.26           -0.01            0.11
inaccuracy:  0.40000        0.45000           74.01           -0.01            0.10
inaccuracy:  0.45000        0.50000           74.95           -0.02            0.09
inaccuracy:  0.50000        0.55000           73.52           -0.03            0.09
inaccuracy:  0.55000        0.60000           73.83           -0.03            0.08
inaccuracy:  0.60000        0.65000           74.85           -0.03            0.07
inaccuracy:  0.65000        0.70000           74.48           -0.02            0.07
inaccuracy:  0.70000        0.75000           74.87           -0.03            0.06
inaccuracy:  0.75000        0.80000           75.23           -0.03            0.05
inaccuracy:  0.80000        0.85000           74.11           -0.03            0.06
inaccuracy:  0.85000        0.90000           75.03           -0.03            0.06
inaccuracy:  0.90000        0.95000           73.45           -0.03            0.06
inaccuracy:  0.95000        1.00000           74.10           -0.03            0.06
===================================================================================================================================
                BAR        
-----------------------------------------------------------------------------------------------------------------------------------
BAR-estimator:         λ             λ+δλ          ΔΔA             ΔA            C               Δδe            δe       
                          
-----------------------------------------------------------------------------------------------------------------------------------
BAR-estimator:      0.00000        0.05000        1.7344         1.7344         1.7344         0.0132         0.0132 
BAR-estimator:      0.05000        0.10000        0.9404         2.6748         0.9404         0.0086         0.0158 
BAR-estimator:      0.10000        0.15000        0.5003         3.1752         0.5003         0.0088         0.0181 
BAR-estimator:      0.15000        0.20000        0.2730         3.4482         0.2730         0.0066         0.0192 
BAR-estimator:      0.20000        0.25000        0.1396         3.5878         0.1396         0.0042         0.0197 
BAR-estimator:      0.25000        0.30000        0.0573         3.6450         0.0573         0.0054         0.0204 
BAR-estimator:      0.30000        0.35000       -0.0011         3.6439        -0.0011         0.0034         0.0207 
BAR-estimator:      0.35000        0.40000       -0.0369         3.6070        -0.0369         0.0038         0.0211 
BAR-estimator:      0.40000        0.45000       -0.0629         3.5441        -0.0629         0.0033         0.0213 
BAR-estimator:      0.45000        0.50000       -0.0977         3.4464        -0.0977         0.0031         0.0215 
BAR-estimator:      0.50000        0.55000       -0.1382         3.3082        -0.1382         0.0034         0.0218 
BAR-estimator:      0.55000        0.60000       -0.2226         3.0856        -0.2226         0.0029         0.0220 
BAR-estimator:      0.60000        0.65000       -0.2760         2.8096        -0.2760         0.0029         0.0222 
BAR-estimator:      0.65000        0.70000       -0.3231         2.4864        -0.3231         0.0027         0.0224 
BAR-estimator:      0.70000        0.75000       -0.3494         2.1370        -0.3494         0.0029         0.0225 
BAR-estimator:      0.75000        0.80000       -0.3846         1.7524        -0.3846         0.0030         0.0227 
BAR-estimator:      0.80000        0.85000       -0.4004         1.3520        -0.4004         0.0030         0.0229 
BAR-estimator:      0.85000        0.90000       -0.4197         0.9323        -0.4197         0.0032         0.0232 
BAR-estimator:      0.90000        0.95000       -0.4267         0.5056        -0.4267         0.0029         0.0233 
BAR-estimator:      0.95000        1.00000       -0.4480         0.0576        -0.4480         0.0029         0.0235 
BAR-estimator: total free energy change is 0.057625974490464305 , total error is 0.023530203908790646
