#========================================================================================
#                     Free energy perturbation    
#----------------------------------------------------------------------------------------
#forward/backward          λ              ΔΔA                 ΔA                  δε   
#                                                 
#----------------------------------------------------------------------------------------
forward:               0.0000              0.0000              0.0000              0.0000  
forward:               0.0500              1.7997              1.7997              0.0233  
forward:               0.1000              0.9660              2.7657              0.0280  
forward:               0.1500              0.5166              3.2823              0.0296  
forward:               0.2000              0.2757              3.5580              0.0305  
forward:               0.2500              0.1445              3.7025              0.0311  
forward:               0.3000              0.0555              3.7579              0.0315  
forward:               0.3500              0.0084              3.7663              0.0319  
forward:               0.4000             -0.0333              3.7330              0.0322  
forward:               0.4500             -0.0717              3.6613              0.0324  
forward:               0.5000             -0.0896              3.5716              0.0326  
forward:               0.5500             -0.1261              3.4455              0.0329  
forward:               0.6000             -0.2172              3.2283              0.0331  
forward:               0.6500             -0.2743              2.9540              0.0333  
forward:               0.7000             -0.3156              2.6384              0.0335  
forward:               0.7500             -0.3563              2.2821              0.0337  
forward:               0.8000             -0.3696              1.9125              0.0339  
forward:               0.8500             -0.3973              1.5152              0.0341  
forward:               0.9000             -0.4186              1.0966              0.0342  
forward:               0.9500             -0.4339              0.6627              0.0344  
forward:               1.0000             -0.4453              0.2174              0.0345  
backward:              1.0000              0.0000              0.2174              0.0000  
backward:              0.9500              0.4406              0.6580              0.0042  
backward:              0.9000              0.4277              1.0858              0.0059  
backward:              0.8500              0.4125              1.4982              0.0078  
backward:              0.8000              0.3938              1.8920              0.0087  
backward:              0.7500              0.3847              2.2767              0.0097  
backward:              0.7000              0.3423              2.6190              0.0106  
backward:              0.6500              0.3151              2.9341              0.0115  
backward:              0.6000              0.2679              3.2021              0.0125  
backward:              0.5500              0.2220              3.4241              0.0132  
backward:              0.5000              0.1352              3.5593              0.0142  
backward:              0.4500              0.0902              3.6495              0.0149  
backward:              0.4000              0.0649              3.7145              0.0159  
backward:              0.3500              0.0340              3.7484              0.0166  
backward:              0.3000              0.0025              3.7510              0.0177  
backward:              0.2500             -0.0687              3.6823              0.0191  
backward:              0.2000             -0.1578              3.5245              0.0243  
backward:              0.1500             -0.2810              3.2435              0.0265  
backward:              0.1000             -0.5155              2.7280              0.0330  
backward:              0.0500             -0.9370              1.7909              0.0407  
backward:              0.0000             -1.8438             -0.0529              0.0796  
Inaccuracy estimation
======================================================================================================
                   i        i+δi          P0_overlap_P1   δε(forward)/ε   δε(backward)/ε
======================================================================================================
inaccuracy:  0.00000        0.05000           33.13           -0.03            2.16
inaccuracy:  0.05000        0.10000           45.63           -0.04            1.11
inaccuracy:  0.10000        0.15000           55.77           -0.02            0.56
inaccuracy:  0.15000        0.20000           63.82           -0.02            0.31
inaccuracy:  0.20000        0.25000           68.39           -0.02            0.20
inaccuracy:  0.25000        0.30000           71.73           -0.01            0.15
inaccuracy:  0.30000        0.35000           72.18           -0.01            0.13
inaccuracy:  0.35000        0.40000           73.84           -0.02            0.11
inaccuracy:  0.40000        0.45000           75.77           -0.01            0.10
inaccuracy:  0.45000        0.50000           74.99           -0.01            0.09
inaccuracy:  0.50000        0.55000           71.64           -0.03            0.11
inaccuracy:  0.55000        0.60000           73.58           -0.03            0.09
inaccuracy:  0.60000        0.65000           74.50           -0.03            0.07
inaccuracy:  0.65000        0.70000           74.85           -0.03            0.07
inaccuracy:  0.70000        0.75000           75.56           -0.03            0.06
inaccuracy:  0.75000        0.80000           73.91           -0.04            0.07
inaccuracy:  0.80000        0.85000           74.65           -0.04            0.06
inaccuracy:  0.85000        0.90000           74.94           -0.03            0.06
inaccuracy:  0.90000        0.95000           74.95           -0.03            0.06
inaccuracy:  0.95000        1.00000           74.44           -0.04            0.06
===================================================================================================================================
                BAR        
-----------------------------------------------------------------------------------------------------------------------------------
BAR-estimator:         λ             λ+δλ          ΔΔA             ΔA            C               Δδe            δe       
                          
-----------------------------------------------------------------------------------------------------------------------------------
BAR-estimator:      0.00000        0.05000        1.7641         1.7641         1.7641         0.0088         0.0088 
BAR-estimator:      0.05000        0.10000        0.9791         2.7433         0.9791         0.0089         0.0125 
BAR-estimator:      0.10000        0.15000        0.5138         3.2571         0.5138         0.0063         0.0141 
BAR-estimator:      0.15000        0.20000        0.2750         3.5320         0.2750         0.0050         0.0149 
BAR-estimator:      0.20000        0.25000        0.1440         3.6760         0.1440         0.0040         0.0154 
BAR-estimator:      0.25000        0.30000        0.0606         3.7366         0.0606         0.0035         0.0158 
BAR-estimator:      0.30000        0.35000        0.0059         3.7425         0.0059         0.0032         0.0162 
BAR-estimator:      0.35000        0.40000       -0.0327         3.7098        -0.0327         0.0031         0.0164 
BAR-estimator:      0.40000        0.45000       -0.0669         3.6428        -0.0669         0.0036         0.0168 
BAR-estimator:      0.45000        0.50000       -0.0901         3.5527        -0.0901         0.0026         0.0171 
BAR-estimator:      0.50000        0.55000       -0.1309         3.4218        -0.1309         0.0031         0.0173 
BAR-estimator:      0.55000        0.60000       -0.2161         3.2057        -0.2161         0.0029         0.0176 
BAR-estimator:      0.60000        0.65000       -0.2739         2.9318        -0.2739         0.0024         0.0177 
BAR-estimator:      0.65000        0.70000       -0.3154         2.6164        -0.3154         0.0028         0.0180 
BAR-estimator:      0.70000        0.75000       -0.3514         2.2650        -0.3514         0.0027         0.0182 
BAR-estimator:      0.75000        0.80000       -0.3766         1.8884        -0.3766         0.0027         0.0184 
BAR-estimator:      0.80000        0.85000       -0.3957         1.4927        -0.3957         0.0030         0.0186 
BAR-estimator:      0.85000        0.90000       -0.4170         1.0757        -0.4170         0.0028         0.0188 
BAR-estimator:      0.90000        0.95000       -0.4325         0.6432        -0.4325         0.0032         0.0191 
BAR-estimator:      0.95000        1.00000       -0.4448         0.1984        -0.4448         0.0024         0.0192 
BAR-estimator: total free energy change is 0.19841224521037915 , total error is 0.019235417114367867
