#========================================================================================
#                     Free energy perturbation    
#----------------------------------------------------------------------------------------
#forward/backward          λ              ΔΔA                 ΔA                  δε   
#                                                 
#----------------------------------------------------------------------------------------
forward:               0.0000              0.0000              0.0000              0.0000  
forward:               0.0500              0.5512              0.5512              0.0127  
forward:               0.1000              0.3199              0.8711              0.0151  
forward:               0.1500              0.2316              1.1027              0.0162  
forward:               0.2000              0.1461              1.2488              0.0170  
forward:               0.2500              0.1287              1.3775              0.0177  
forward:               0.3000              0.1003              1.4777              0.0183  
forward:               0.3500              0.0778              1.5555              0.0188  
forward:               0.4000              0.0606              1.6161              0.0191  
forward:               0.4500              0.0570              1.6731              0.0195  
forward:               0.5000              0.0421              1.7152              0.0198  
forward:               0.5500              0.0216              1.7368              0.0201  
forward:               0.6000             -0.0284              1.7085              0.0204  
forward:               0.6500             -0.0569              1.6516              0.0207  
forward:               0.7000             -0.0872              1.5644              0.0210  
forward:               0.7500             -0.1068              1.4576              0.0212  
forward:               0.8000             -0.1286              1.3290              0.0215  
forward:               0.8500             -0.1427              1.1863              0.0217  
forward:               0.9000             -0.1520              1.0343              0.0219  
forward:               0.9500             -0.1649              0.8694              0.0221  
forward:               1.0000             -0.1803              0.6891              0.0223  
backward:              1.0000              0.0000              0.6891              0.0000  
backward:              0.9500              0.1764              0.8655              0.0032  
backward:              0.9000              0.1657              1.0311              0.0045  
backward:              0.8500              0.1553              1.1864              0.0059  
backward:              0.8000              0.1376              1.3241              0.0069  
backward:              0.7500              0.1238              1.4479              0.0079  
backward:              0.7000              0.0995              1.5474              0.0088  
backward:              0.6500              0.0895              1.6369              0.0098  
backward:              0.6000              0.0494              1.6863              0.0106  
backward:              0.5500              0.0263              1.7126              0.0114  
backward:              0.5000             -0.0196              1.6930              0.0122  
backward:              0.4500             -0.0474              1.6456              0.0129  
backward:              0.4000             -0.0540              1.5916              0.0135  
backward:              0.3500             -0.0690              1.5226              0.0141  
backward:              0.3000             -0.0819              1.4407              0.0149  
backward:              0.2500             -0.0966              1.3441              0.0156  
backward:              0.2000             -0.1289              1.2151              0.0162  
backward:              0.1500             -0.1635              1.0517              0.0175  
backward:              0.1000             -0.2194              0.8323              0.0182  
backward:              0.0500             -0.3089              0.5233              0.0200  
backward:              0.0000             -0.5978             -0.0744              0.0703  
Inaccuracy estimation
======================================================================================================
                   i        i+δi          P0_overlap_P1   δε(forward)/ε   δε(backward)/ε
======================================================================================================
inaccuracy:  0.00000        0.05000           49.83           -0.01            0.70
inaccuracy:  0.05000        0.10000           69.09           -0.00            0.26
inaccuracy:  0.10000        0.15000           69.94           -0.01            0.20
inaccuracy:  0.15000        0.20000           79.62           -0.00            0.11
inaccuracy:  0.20000        0.25000           76.84           -0.01            0.11
inaccuracy:  0.25000        0.30000           79.90           -0.00            0.08
inaccuracy:  0.30000        0.35000           80.37           -0.01            0.08
inaccuracy:  0.35000        0.40000           82.72           -0.00            0.06
inaccuracy:  0.40000        0.45000           81.23           -0.01            0.06
inaccuracy:  0.45000        0.50000           83.01           -0.00            0.05
inaccuracy:  0.50000        0.55000           73.47           -0.02            0.08
inaccuracy:  0.55000        0.60000           79.85           -0.01            0.05
inaccuracy:  0.60000        0.65000           75.96           -0.01            0.06
inaccuracy:  0.65000        0.70000           80.31           -0.01            0.05
inaccuracy:  0.70000        0.75000           78.89           -0.02            0.05
inaccuracy:  0.75000        0.80000           81.96           -0.01            0.05
inaccuracy:  0.80000        0.85000           79.44           -0.02            0.05
inaccuracy:  0.85000        0.90000           80.42           -0.02            0.05
inaccuracy:  0.90000        0.95000           79.64           -0.02            0.05
inaccuracy:  0.95000        1.00000           81.64           -0.01            0.05
===================================================================================================================================
            	   BAR        
-----------------------------------------------------------------------------------------------------------------------------------
BAR-estimator:         λ             λ+δλ          ΔΔA             ΔA            C               Δδe            δe       
                          
-----------------------------------------------------------------------------------------------------------------------------------
BAR-estimator:      0.00000        0.05000        0.4799         0.4799         0.4799         0.0090         0.0090 
BAR-estimator:      0.05000        0.10000        0.3133         0.7932         0.3133         0.0054         0.0105 
BAR-estimator:      0.10000        0.15000        0.2102         1.0033         0.2102         0.0041         0.0113 
BAR-estimator:      0.15000        0.20000        0.1548         1.1581         0.1548         0.0035         0.0118 
BAR-estimator:      0.20000        0.25000        0.1176         1.2757         0.1176         0.0032         0.0123 
BAR-estimator:      0.25000        0.30000        0.1003         1.3760         0.1003         0.0031         0.0126 
BAR-estimator:      0.30000        0.35000        0.0738         1.4498         0.0738         0.0031         0.0130 
BAR-estimator:      0.35000        0.40000        0.0637         1.5135         0.0637         0.0026         0.0133 
BAR-estimator:      0.40000        0.45000        0.0530         1.5666         0.0530         0.0025         0.0135 
BAR-estimator:      0.45000        0.50000        0.0444         1.6109         0.0444         0.0017         0.0136 
BAR-estimator:      0.50000        0.55000       -0.0027         1.6083        -0.0027         0.0029         0.0139 
BAR-estimator:      0.55000        0.60000       -0.0297         1.5786        -0.0297         0.0026         0.0141 
BAR-estimator:      0.60000        0.65000       -0.0740         1.5046        -0.0740         0.0025         0.0144 
BAR-estimator:      0.65000        0.70000       -0.0893         1.4153        -0.0893         0.0025         0.0146 
BAR-estimator:      0.70000        0.75000       -0.1153         1.3000        -0.1153         0.0025         0.0148 
BAR-estimator:      0.75000        0.80000       -0.1262         1.1738        -0.1262         0.0023         0.0150 
BAR-estimator:      0.80000        0.85000       -0.1497         1.0241        -0.1497         0.0025         0.0152 
BAR-estimator:      0.85000        0.90000       -0.1540         0.8701        -0.1540         0.0025         0.0154 
BAR-estimator:      0.90000        0.95000       -0.1707         0.6994        -0.1707         0.0022         0.0155 
BAR-estimator:      0.95000        1.00000       -0.1784         0.5210        -0.1784         0.0026         0.0158 
BAR-estimator: total free energy change is 0.5210022830400796 , total error is 0.01575983078112051
