#========================================================================================
#                     Free energy perturbation    
#----------------------------------------------------------------------------------------
#forward/backward          λ              ΔΔA                 ΔA                  δε   
#                                                 
#----------------------------------------------------------------------------------------
forward:               0.0000              0.0000              0.0000              0.0000  
forward:               0.0500              0.5460              0.5460              0.0088  
forward:               0.1000              0.3233              0.8693              0.0111  
forward:               0.1500              0.2361              1.1054              0.0123  
forward:               0.2000              0.1697              1.2752              0.0129  
forward:               0.2500              0.1338              1.4090              0.0136  
forward:               0.3000              0.1034              1.5124              0.0140  
forward:               0.3500              0.0851              1.5974              0.0144  
forward:               0.4000              0.0668              1.6642              0.0148  
forward:               0.4500              0.0650              1.7292              0.0153  
forward:               0.5000              0.0483              1.7776              0.0156  
forward:               0.5500              0.0237              1.8013              0.0159  
forward:               0.6000             -0.0277              1.7736              0.0162  
forward:               0.6500             -0.0543              1.7193              0.0165  
forward:               0.7000             -0.0891              1.6302              0.0166  
forward:               0.7500             -0.1066              1.5237              0.0168  
forward:               0.8000             -0.1269              1.3968              0.0171  
forward:               0.8500             -0.1424              1.2544              0.0173  
forward:               0.9000             -0.1621              1.0923              0.0175  
forward:               0.9500             -0.1658              0.9266              0.0177  
forward:               1.0000             -0.1827              0.7438              0.0179  
backward:              1.0000              0.0000              0.7438              0.0000  
backward:              0.9500              0.1859              0.9297              0.0031  
backward:              0.9000              0.1590              1.0887              0.0045  
backward:              0.8500              0.1563              1.2449              0.0056  
backward:              0.8000              0.1443              1.3892              0.0065  
backward:              0.7500              0.1303              1.5195              0.0073  
backward:              0.7000              0.1064              1.6259              0.0080  
backward:              0.6500              0.0884              1.7143              0.0086  
backward:              0.6000              0.0519              1.7662              0.0094  
backward:              0.5500              0.0237              1.7899              0.0101  
backward:              0.5000             -0.0248              1.7651              0.0109  
backward:              0.4500             -0.0491              1.7160              0.0116  
backward:              0.4000             -0.0639              1.6521              0.0122  
backward:              0.3500             -0.0678              1.5843              0.0129  
backward:              0.3000             -0.0895              1.4948              0.0137  
backward:              0.2500             -0.1075              1.3873              0.0144  
backward:              0.2000             -0.1330              1.2543              0.0153  
backward:              0.1500             -0.1640              1.0903              0.0166  
backward:              0.1000             -0.2325              0.8578              0.0179  
backward:              0.0500             -0.3344              0.5235              0.0201  
backward:              0.0000             -0.5294             -0.0059              0.0239  
Inaccuracy estimation
======================================================================================================
                   i        i+δi          P0_overlap_P1   δε(forward)/ε   δε(backward)/ε
======================================================================================================
inaccuracy:  0.00000        0.05000           52.22           -0.01            0.70
inaccuracy:  0.05000        0.10000           70.41           -0.00            0.25
inaccuracy:  0.10000        0.15000           68.91           -0.01            0.19
inaccuracy:  0.15000        0.20000           76.71           -0.00            0.12
inaccuracy:  0.20000        0.25000           76.82           -0.01            0.10
inaccuracy:  0.25000        0.30000           81.12           -0.00            0.08
inaccuracy:  0.30000        0.35000           79.04           -0.01            0.08
inaccuracy:  0.35000        0.40000           81.58           -0.00            0.07
inaccuracy:  0.40000        0.45000           79.47           -0.01            0.06
inaccuracy:  0.45000        0.50000           82.16           -0.00            0.06
inaccuracy:  0.50000        0.55000           73.70           -0.02            0.08
inaccuracy:  0.55000        0.60000           80.64           -0.01            0.06
inaccuracy:  0.60000        0.65000           76.43           -0.01            0.06
inaccuracy:  0.65000        0.70000           81.28           -0.01            0.05
inaccuracy:  0.70000        0.75000           77.55           -0.02            0.05
inaccuracy:  0.75000        0.80000           80.42           -0.01            0.05
inaccuracy:  0.80000        0.85000           78.81           -0.02            0.05
inaccuracy:  0.85000        0.90000           81.86           -0.01            0.05
inaccuracy:  0.90000        0.95000           78.57           -0.02            0.05
inaccuracy:  0.95000        1.00000           80.45           -0.01            0.05
===================================================================================================================================
            	   BAR        
-----------------------------------------------------------------------------------------------------------------------------------
BAR-estimator:         λ             λ+δλ          ΔΔA             ΔA            C               Δδe            δe       
                          
-----------------------------------------------------------------------------------------------------------------------------------
BAR-estimator:      0.00000        0.05000        0.4911         0.4911         0.4911         0.0061         0.0061 
BAR-estimator:      0.05000        0.10000        0.3272         0.8183         0.3272         0.0040         0.0073 
BAR-estimator:      0.10000        0.15000        0.2112         1.0295         0.2112         0.0034         0.0081 
BAR-estimator:      0.15000        0.20000        0.1665         1.1960         0.1665         0.0029         0.0086 
BAR-estimator:      0.20000        0.25000        0.1243         1.3203         0.1243         0.0028         0.0090 
BAR-estimator:      0.25000        0.30000        0.1060         1.4263         0.1060         0.0025         0.0094 
BAR-estimator:      0.30000        0.35000        0.0777         1.5039         0.0777         0.0023         0.0097 
BAR-estimator:      0.35000        0.40000        0.0672         1.5711         0.0672         0.0026         0.0100 
BAR-estimator:      0.40000        0.45000        0.0567         1.6278         0.0567         0.0025         0.0103 
BAR-estimator:      0.45000        0.50000        0.0477         1.6755         0.0477         0.0021         0.0105 
BAR-estimator:      0.50000        0.55000        0.0020         1.6775         0.0020         0.0024         0.0108 
BAR-estimator:      0.55000        0.60000       -0.0262         1.6513        -0.0262         0.0024         0.0111 
BAR-estimator:      0.60000        0.65000       -0.0700         1.5814        -0.0700         0.0022         0.0113 
BAR-estimator:      0.65000        0.70000       -0.0880         1.4934        -0.0880         0.0022         0.0115 
BAR-estimator:      0.70000        0.75000       -0.1186         1.3748        -0.1186         0.0022         0.0117 
BAR-estimator:      0.75000        0.80000       -0.1282         1.2466        -0.1282         0.0033         0.0122 
BAR-estimator:      0.80000        0.85000       -0.1504         1.0962        -0.1504         0.0025         0.0124 
BAR-estimator:      0.85000        0.90000       -0.1594         0.9368        -0.1594         0.0021         0.0126 
BAR-estimator:      0.90000        0.95000       -0.1751         0.7617        -0.1751         0.0021         0.0128 
BAR-estimator:      0.95000        1.00000       -0.1835         0.5782        -0.1835         0.0021         0.0129 
BAR-estimator: total free energy change is 0.5782113789237111 , total error is 0.012943555241726466
