#========================================================================================
#                     Free energy perturbation    
#----------------------------------------------------------------------------------------
#forward/backward          λ              ΔΔA                 ΔA                  δε   
#                                                 
#----------------------------------------------------------------------------------------
forward:               0.0000              0.0000              0.0000              0.0000  
forward:               0.0500              0.8444              0.8444              0.0169  
forward:               0.1000              0.4767              1.3211              0.0194  
forward:               0.1500              0.2471              1.5682              0.0211  
forward:               0.2000              0.1386              1.7068              0.0227  
forward:               0.2500              0.0902              1.7970              0.0232  
forward:               0.3000              0.0474              1.8444              0.0237  
forward:               0.3500              0.0230              1.8674              0.0242  
forward:               0.4000             -0.0023              1.8651              0.0245  
forward:               0.4500             -0.0170              1.8481              0.0249  
forward:               0.5000             -0.0330              1.8151              0.0251  
forward:               0.5500             -0.1047              1.7104              0.0257  
forward:               0.6000             -0.2982              1.4122              0.0263  
forward:               0.6500             -0.4472              0.9650              0.0268  
forward:               0.7000             -0.5779              0.3870              0.0274  
forward:               0.7500             -0.6808             -0.2937              0.0281  
forward:               0.8000             -0.7657             -1.0594              0.0292  
forward:               0.8500             -0.8161             -1.8755              0.0297  
forward:               0.9000             -0.8387             -2.7142              0.0301  
forward:               0.9500             -0.8411             -3.5553              0.0305  
forward:               1.0000             -0.8447             -4.4000              0.0308  
backward:              1.0000              0.0000             -4.4000              0.0000  
backward:              0.9500              0.8379             -3.5622              0.0051  
backward:              0.9000              0.8445             -2.7176              0.0074  
backward:              0.8500              0.8306             -1.8870              0.0099  
backward:              0.8000              0.8112             -1.0758              0.0115  
backward:              0.7500              0.7580             -0.3177              0.0133  
backward:              0.7000              0.6894              0.3717              0.0154  
backward:              0.6500              0.5705              0.9422              0.0166  
backward:              0.6000              0.4346              1.3768              0.0180  
backward:              0.5500              0.2871              1.6639              0.0192  
backward:              0.5000              0.1085              1.7724              0.0203  
backward:              0.4500              0.0283              1.8007              0.0207  
backward:              0.4000              0.0093              1.8100              0.0213  
backward:              0.3500             -0.0014              1.8086              0.0222  
backward:              0.3000             -0.0324              1.7762              0.0228  
backward:              0.2500             -0.0523              1.7240              0.0237  
backward:              0.2000             -0.0938              1.6301              0.0246  
backward:              0.1500             -0.1425              1.4876              0.0257  
backward:              0.1000             -0.2520              1.2356              0.0276  
backward:              0.0500             -0.4620              0.7736              0.0320  
backward:              0.0000             -0.8756             -0.1020              0.0404  
Inaccuracy estimation
======================================================================================================
                   i        i+δi          P0_overlap_P1   δε(forward)/ε   δε(backward)/ε
======================================================================================================
inaccuracy:  0.00000        0.05000           49.46           -0.02            0.73
inaccuracy:  0.05000        0.10000           60.14           -0.01            0.49
inaccuracy:  0.10000        0.15000           68.13           -0.01            0.25
inaccuracy:  0.15000        0.20000           73.32           -0.01            0.15
inaccuracy:  0.20000        0.25000           75.33           -0.01            0.13
inaccuracy:  0.25000        0.30000           76.72           -0.01            0.10
inaccuracy:  0.30000        0.35000           78.50           -0.00            0.09
inaccuracy:  0.35000        0.40000           78.08           -0.01            0.08
inaccuracy:  0.40000        0.45000           79.10           -0.01            0.08
inaccuracy:  0.45000        0.50000           79.45           -0.01            0.07
inaccuracy:  0.50000        0.55000           68.80           -0.06            0.12
inaccuracy:  0.55000        0.60000           72.04           -0.07            0.08
inaccuracy:  0.60000        0.65000           72.39           -0.07            0.06
inaccuracy:  0.65000        0.70000           71.62           -0.07            0.05
inaccuracy:  0.70000        0.75000           71.00           -0.09            0.04
inaccuracy:  0.75000        0.80000           72.10           -0.07            0.04
inaccuracy:  0.80000        0.85000           72.13           -0.07            0.04
inaccuracy:  0.85000        0.90000           71.75           -0.07            0.04
inaccuracy:  0.90000        0.95000           70.65           -0.07            0.05
inaccuracy:  0.95000        1.00000           71.62           -0.05            0.05
===================================================================================================================================
                BAR        
-----------------------------------------------------------------------------------------------------------------------------------
BAR-estimator:         λ             λ+δλ          ΔΔA             ΔA            C               Δδe            δe       
                          
-----------------------------------------------------------------------------------------------------------------------------------
BAR-estimator:      0.00000        0.05000        0.8585         0.8585         0.8585         0.0102         0.0102 
BAR-estimator:      0.05000        0.10000        0.4725         1.3310         0.4725         0.0065         0.0120 
BAR-estimator:      0.10000        0.15000        0.2513         1.5824         0.2513         0.0057         0.0133 
BAR-estimator:      0.15000        0.20000        0.1407         1.7231         0.1407         0.0058         0.0146 
BAR-estimator:      0.20000        0.25000        0.0926         1.8156         0.0926         0.0036         0.0150 
BAR-estimator:      0.25000        0.30000        0.0486         1.8642         0.0486         0.0039         0.0155 
BAR-estimator:      0.30000        0.35000        0.0262         1.8905         0.0262         0.0030         0.0158 
BAR-estimator:      0.35000        0.40000       -0.0023         1.8882        -0.0023         0.0030         0.0161 
BAR-estimator:      0.40000        0.45000       -0.0150         1.8732        -0.0150         0.0029         0.0163 
BAR-estimator:      0.45000        0.50000       -0.0304         1.8427        -0.0304         0.0027         0.0165 
BAR-estimator:      0.50000        0.55000       -0.1068         1.7359        -0.1068         0.0037         0.0169 
BAR-estimator:      0.55000        0.60000       -0.2935         1.4424        -0.2935         0.0038         0.0174 
BAR-estimator:      0.60000        0.65000       -0.4434         0.9990        -0.4434         0.0034         0.0177 
BAR-estimator:      0.65000        0.70000       -0.5752         0.4238        -0.5752         0.0036         0.0180 
BAR-estimator:      0.70000        0.75000       -0.6857        -0.2619        -0.6857         0.0041         0.0185 
BAR-estimator:      0.75000        0.80000       -0.7626        -1.0245        -0.7626         0.0046         0.0191 
BAR-estimator:      0.80000        0.85000       -0.8139        -1.8384        -0.8139         0.0040         0.0195 
BAR-estimator:      0.85000        0.90000       -0.8358        -2.6741        -0.8358         0.0038         0.0198 
BAR-estimator:      0.90000        0.95000       -0.8448        -3.5189        -0.8448         0.0037         0.0202 
BAR-estimator:      0.95000        1.00000       -0.8415        -4.3604        -0.8415         0.0045         0.0207 
BAR-estimator: total free energy change is -4.36040973036273 , total error is 0.020661624279177435
