#========================================================================================
#                     Free energy perturbation    
#----------------------------------------------------------------------------------------
#forward/backward          λ              ΔΔA                 ΔA                  δε   
#                                                 
#----------------------------------------------------------------------------------------
forward:               0.0000              0.0000              0.0000              0.0000  
forward:               0.0500              0.8254              0.8254              0.0121  
forward:               0.1000              0.4606              1.2859              0.0152  
forward:               0.1500              0.2546              1.5406              0.0167  
forward:               0.2000              0.1444              1.6850              0.0174  
forward:               0.2500              0.0918              1.7768              0.0178  
forward:               0.3000              0.0537              1.8305              0.0182  
forward:               0.3500              0.0239              1.8544              0.0186  
forward:               0.4000              0.0019              1.8563              0.0189  
forward:               0.4500             -0.0176              1.8387              0.0192  
forward:               0.5000             -0.0288              1.8099              0.0195  
forward:               0.5500             -0.1085              1.7014              0.0200  
forward:               0.6000             -0.2856              1.4158              0.0205  
forward:               0.6500             -0.4370              0.9788              0.0211  
forward:               0.7000             -0.5620              0.4168              0.0216  
forward:               0.7500             -0.6719             -0.2551              0.0222  
forward:               0.8000             -0.7539             -1.0090              0.0228  
forward:               0.8500             -0.7925             -1.8015              0.0233  
forward:               0.9000             -0.8224             -2.6238              0.0236  
forward:               0.9500             -0.8326             -3.4565              0.0242  
forward:               1.0000             -0.8289             -4.2854              0.0245  
backward:              1.0000              0.0000             -4.2854              0.0000  
backward:              0.9500              0.8192             -3.4662              0.0047  
backward:              0.9000              0.8198             -2.6464              0.0067  
backward:              0.8500              0.8214             -1.8249              0.0089  
backward:              0.8000              0.7969             -1.0280              0.0102  
backward:              0.7500              0.7378             -0.2902              0.0112  
backward:              0.7000              0.6704              0.3802              0.0124  
backward:              0.6500              0.5651              0.9452              0.0136  
backward:              0.6000              0.4406              1.3859              0.0153  
backward:              0.5500              0.2916              1.6775              0.0160  
backward:              0.5000              0.1144              1.7919              0.0164  
backward:              0.4500              0.0335              1.8254              0.0168  
backward:              0.4000              0.0213              1.8467              0.0173  
backward:              0.3500             -0.0009              1.8458              0.0182  
backward:              0.3000             -0.0287              1.8171              0.0188  
backward:              0.2500             -0.0471              1.7701              0.0190  
backward:              0.2000             -0.0929              1.6772              0.0198  
backward:              0.1500             -0.1562              1.5210              0.0207  
backward:              0.1000             -0.2447              1.2763              0.0224  
backward:              0.0500             -0.4651              0.8112              0.0271  
backward:              0.0000             -0.8458             -0.0346              0.0318  
Inaccuracy estimation
======================================================================================================
                   i        i+δi          P0_overlap_P1   δε(forward)/ε   δε(backward)/ε
======================================================================================================
inaccuracy:  0.00000        0.05000           50.79           -0.02            0.73
inaccuracy:  0.05000        0.10000           60.66           -0.01            0.48
inaccuracy:  0.10000        0.15000           68.03           -0.00            0.26
inaccuracy:  0.15000        0.20000           73.66           -0.00            0.17
inaccuracy:  0.20000        0.25000           75.13           -0.01            0.13
inaccuracy:  0.25000        0.30000           74.94           -0.01            0.10
inaccuracy:  0.30000        0.35000           77.87           -0.00            0.09
inaccuracy:  0.35000        0.40000           78.16           -0.01            0.08
inaccuracy:  0.40000        0.45000           78.07           -0.01            0.07
inaccuracy:  0.45000        0.50000           78.43           -0.01            0.08
inaccuracy:  0.50000        0.55000           69.22           -0.05            0.11
inaccuracy:  0.55000        0.60000           71.22           -0.07            0.08
inaccuracy:  0.60000        0.65000           71.19           -0.06            0.07
inaccuracy:  0.65000        0.70000           70.96           -0.08            0.05
inaccuracy:  0.70000        0.75000           71.31           -0.06            0.05
inaccuracy:  0.75000        0.80000           72.62           -0.07            0.04
inaccuracy:  0.80000        0.85000           71.35           -0.07            0.04
inaccuracy:  0.85000        0.90000           71.48           -0.06            0.04
inaccuracy:  0.90000        0.95000           71.88           -0.06            0.04
inaccuracy:  0.95000        1.00000           71.50           -0.06            0.05
===================================================================================================================================
                BAR        
-----------------------------------------------------------------------------------------------------------------------------------
BAR-estimator:         λ             λ+δλ          ΔΔA             ΔA            C               Δδe            δe       
                          
-----------------------------------------------------------------------------------------------------------------------------------
BAR-estimator:      0.00000        0.05000        0.8376         0.8376         0.8376         0.0069         0.0069 
BAR-estimator:      0.05000        0.10000        0.4611         1.2987         0.4611         0.0062         0.0092 
BAR-estimator:      0.10000        0.15000        0.2525         1.5511         0.2525         0.0048         0.0104 
BAR-estimator:      0.15000        0.20000        0.1501         1.7013         0.1501         0.0036         0.0110 
BAR-estimator:      0.20000        0.25000        0.0926         1.7938         0.0926         0.0034         0.0115 
BAR-estimator:      0.25000        0.30000        0.0512         1.8450         0.0512         0.0030         0.0119 
BAR-estimator:      0.30000        0.35000        0.0257         1.8707         0.0257         0.0027         0.0122 
BAR-estimator:      0.35000        0.40000        0.0018         1.8725         0.0018         0.0029         0.0126 
BAR-estimator:      0.40000        0.45000       -0.0188         1.8537        -0.0188         0.0025         0.0128 
BAR-estimator:      0.45000        0.50000       -0.0305         1.8232        -0.0305         0.0023         0.0130 
BAR-estimator:      0.50000        0.55000       -0.1123         1.7109        -0.1123         0.0031         0.0134 
BAR-estimator:      0.55000        0.60000       -0.2885         1.4224        -0.2885         0.0030         0.0137 
BAR-estimator:      0.60000        0.65000       -0.4369         0.9855        -0.4369         0.0030         0.0141 
BAR-estimator:      0.65000        0.70000       -0.5636         0.4219        -0.5636         0.0030         0.0144 
BAR-estimator:      0.70000        0.75000       -0.6706        -0.2486        -0.6706         0.0031         0.0147 
BAR-estimator:      0.75000        0.80000       -0.7483        -0.9969        -0.7483         0.0035         0.0151 
BAR-estimator:      0.80000        0.85000       -0.7947        -1.7916        -0.7947         0.0033         0.0155 
BAR-estimator:      0.85000        0.90000       -0.8198        -2.6114        -0.8198         0.0030         0.0158 
BAR-estimator:      0.90000        0.95000       -0.8290        -3.4404        -0.8290         0.0037         0.0162 
BAR-estimator:      0.95000        1.00000       -0.8247        -4.2651        -0.8247         0.0030         0.0165 
BAR-estimator: total free energy change is -4.265093706774271 , total error is 0.016487326648823276
