#========================================================================================
#                     Free energy perturbation    
#----------------------------------------------------------------------------------------
#forward/backward          λ              ΔΔA                 ΔA                  δε   
#                                                 
#----------------------------------------------------------------------------------------
forward:               0.0000              0.0000              0.0000              0.0000  
forward:               0.0500              1.4471              1.4471              0.0231  
forward:               0.1000              0.7969              2.2440              0.0276  
forward:               0.1500              0.4123              2.6563              0.0292  
forward:               0.2000              0.2104              2.8667              0.0301  
forward:               0.2500              0.1218              2.9885              0.0308  
forward:               0.3000              0.0523              3.0407              0.0312  
forward:               0.3500              0.0138              3.0545              0.0315  
forward:               0.4000             -0.0199              3.0347              0.0318  
forward:               0.4500             -0.0400              2.9946              0.0321  
forward:               0.5000             -0.0654              2.9293              0.0326  
forward:               0.5500             -0.1338              2.7955              0.0329  
forward:               0.6000             -0.2996              2.4959              0.0333  
forward:               0.6500             -0.4395              2.0564              0.0338  
forward:               0.7000             -0.5600              1.4964              0.0344  
forward:               0.7500             -0.6528              0.8436              0.0350  
forward:               0.8000             -0.7114              0.1322              0.0354  
forward:               0.8500             -0.7607             -0.6285              0.0357  
forward:               0.9000             -0.7995             -1.4280              0.0359  
forward:               0.9500             -0.8151             -2.2431              0.0362  
forward:               1.0000             -0.8308             -3.0739              0.0364  
backward:              1.0000              0.0000             -3.0739              0.0000  
backward:              0.9500              0.8257             -2.2482              0.0056  
backward:              0.9000              0.8144             -1.4338              0.0073  
backward:              0.8500              0.7976             -0.6362              0.0087  
backward:              0.8000              0.7627              0.1264              0.0100  
backward:              0.7500              0.7163              0.8428              0.0113  
backward:              0.7000              0.6413              1.4841              0.0129  
backward:              0.6500              0.5499              2.0340              0.0138  
backward:              0.6000              0.4355              2.4695              0.0148  
backward:              0.5500              0.2992              2.7686              0.0157  
backward:              0.5000              0.1391              2.9077              0.0170  
backward:              0.4500              0.0602              2.9678              0.0177  
backward:              0.4000              0.0460              3.0138              0.0183  
backward:              0.3500              0.0154              3.0292              0.0195  
backward:              0.3000             -0.0105              3.0187              0.0205  
backward:              0.2500             -0.0392              2.9795              0.0213  
backward:              0.2000             -0.1246              2.8549              0.0224  
backward:              0.1500             -0.2085              2.6464              0.0237  
backward:              0.1000             -0.4051              2.2413              0.0269  
backward:              0.0500             -0.7603              1.4810              0.0386  
backward:              0.0000             -1.4283              0.0527              0.0531  
Inaccuracy estimation
======================================================================================================
                   i        i+δi          P0_overlap_P1   δε(forward)/ε   δε(backward)/ε
======================================================================================================
inaccuracy:  0.00000        0.05000           38.30           -0.04            1.51
inaccuracy:  0.05000        0.10000           48.43           -0.02            0.87
inaccuracy:  0.10000        0.15000           60.34           -0.01            0.44
inaccuracy:  0.15000        0.20000           67.66           -0.01            0.24
inaccuracy:  0.20000        0.25000           70.93           -0.01            0.17
inaccuracy:  0.25000        0.30000           72.50           -0.02            0.14
inaccuracy:  0.30000        0.35000           74.05           -0.01            0.11
inaccuracy:  0.35000        0.40000           75.62           -0.01            0.10
inaccuracy:  0.40000        0.45000           76.07           -0.01            0.09
inaccuracy:  0.45000        0.50000           77.10           -0.01            0.08
inaccuracy:  0.50000        0.55000           69.02           -0.05            0.11
inaccuracy:  0.55000        0.60000           71.42           -0.07            0.08
inaccuracy:  0.60000        0.65000           72.42           -0.06            0.07
inaccuracy:  0.65000        0.70000           71.52           -0.06            0.06
inaccuracy:  0.70000        0.75000           72.20           -0.06            0.05
inaccuracy:  0.75000        0.80000           71.29           -0.07            0.05
inaccuracy:  0.80000        0.85000           71.73           -0.07            0.04
inaccuracy:  0.85000        0.90000           72.24           -0.06            0.04
inaccuracy:  0.90000        0.95000           71.80           -0.07            0.04
inaccuracy:  0.95000        1.00000           71.04           -0.06            0.04
===================================================================================================================================
                BAR        
-----------------------------------------------------------------------------------------------------------------------------------
BAR-estimator:         λ             λ+δλ          ΔΔA             ΔA            C               Δδe            δe       
                          
-----------------------------------------------------------------------------------------------------------------------------------
BAR-estimator:      0.00000        0.05000        1.4446         1.4446         1.4446         0.0119         0.0119 
BAR-estimator:      0.05000        0.10000        0.7749         2.2196         0.7749         0.0096         0.0153 
BAR-estimator:      0.10000        0.15000        0.4179         2.6375         0.4179         0.0063         0.0166 
BAR-estimator:      0.15000        0.20000        0.2104         2.8479         0.2104         0.0050         0.0173 
BAR-estimator:      0.20000        0.25000        0.1244         2.9723         0.1244         0.0040         0.0178 
BAR-estimator:      0.25000        0.30000        0.0489         3.0212         0.0489         0.0037         0.0181 
BAR-estimator:      0.30000        0.35000        0.0101         3.0314         0.0101         0.0033         0.0184 
BAR-estimator:      0.35000        0.40000       -0.0193         3.0121        -0.0193         0.0032         0.0187 
BAR-estimator:      0.40000        0.45000       -0.0405         2.9716        -0.0405         0.0031         0.0190 
BAR-estimator:      0.45000        0.50000       -0.0629         2.9086        -0.0629         0.0038         0.0193 
BAR-estimator:      0.50000        0.55000       -0.1385         2.7701        -0.1385         0.0034         0.0196 
BAR-estimator:      0.55000        0.60000       -0.3007         2.4694        -0.3007         0.0036         0.0200 
BAR-estimator:      0.60000        0.65000       -0.4361         2.0333        -0.4361         0.0035         0.0203 
BAR-estimator:      0.65000        0.70000       -0.5547         1.4786        -0.5547         0.0037         0.0206 
BAR-estimator:      0.70000        0.75000       -0.6474         0.8312        -0.6474         0.0035         0.0209 
BAR-estimator:      0.75000        0.80000       -0.7145         0.1168        -0.7145         0.0035         0.0212 
BAR-estimator:      0.80000        0.85000       -0.7605        -0.6437        -0.7605         0.0035         0.0215 
BAR-estimator:      0.85000        0.90000       -0.7988        -1.4425        -0.7988         0.0034         0.0217 
BAR-estimator:      0.90000        0.95000       -0.8148        -2.2573        -0.8148         0.0033         0.0220 
BAR-estimator:      0.95000        1.00000       -0.8312        -3.0885        -0.8312         0.0042         0.0224 
BAR-estimator: total free energy change is -3.088458078035374 , total error is 0.022392538352734213
