#========================================================================================
#                     Free energy perturbation    
#----------------------------------------------------------------------------------------
#forward/backward          λ              ΔΔA                 ΔA                  δε   
#                                                 
#----------------------------------------------------------------------------------------
forward:               0.0000              0.0000              0.0000              0.0000  
forward:               0.0500              1.4463              1.4463              0.0214  
forward:               0.1000              0.7901              2.2364              0.0246  
forward:               0.1500              0.4213              2.6577              0.0263  
forward:               0.2000              0.2273              2.8850              0.0271  
forward:               0.2500              0.1259              3.0109              0.0277  
forward:               0.3000              0.0638              3.0747              0.0281  
forward:               0.3500              0.0189              3.0937              0.0284  
forward:               0.4000             -0.0151              3.0786              0.0288  
forward:               0.4500             -0.0397              3.0389              0.0290  
forward:               0.5000             -0.0596              2.9793              0.0292  
forward:               0.5500             -0.1403              2.8389              0.0296  
forward:               0.6000             -0.2963              2.5426              0.0299  
forward:               0.6500             -0.4302              2.1124              0.0302  
forward:               0.7000             -0.5489              1.5635              0.0306  
forward:               0.7500             -0.6619              0.9016              0.0310  
forward:               0.8000             -0.7330              0.1686              0.0313  
forward:               0.8500             -0.7726             -0.6040              0.0316  
forward:               0.9000             -0.7984             -1.4024              0.0318  
forward:               0.9500             -0.8247             -2.2271              0.0320  
forward:               1.0000             -0.8501             -3.0772              0.0322  
backward:              1.0000              0.0000             -3.0772              0.0000  
backward:              0.9500              0.8425             -2.2348              0.0051  
backward:              0.9000              0.8336             -1.4011              0.0066  
backward:              0.8500              0.8044             -0.5968              0.0083  
backward:              0.8000              0.7801              0.1833              0.0097  
backward:              0.7500              0.7309              0.9142              0.0109  
backward:              0.7000              0.6612              1.5754              0.0121  
backward:              0.6500              0.5592              2.1346              0.0132  
backward:              0.6000              0.4490              2.5836              0.0141  
backward:              0.5500              0.2980              2.8815              0.0150  
backward:              0.5000              0.1307              3.0122              0.0163  
backward:              0.4500              0.0595              3.0718              0.0170  
backward:              0.4000              0.0408              3.1126              0.0176  
backward:              0.3500              0.0089              3.1215              0.0185  
backward:              0.3000             -0.0202              3.1014              0.0194  
backward:              0.2500             -0.0556              3.0457              0.0203  
backward:              0.2000             -0.1276              2.9181              0.0214  
backward:              0.1500             -0.2252              2.6929              0.0232  
backward:              0.1000             -0.3986              2.2943              0.0265  
backward:              0.0500             -0.8076              1.4867              0.0374  
backward:              0.0000             -1.4002              0.0865              0.0461  
Inaccuracy estimation
======================================================================================================
                   i        i+δi          P0_overlap_P1   δε(forward)/ε   δε(backward)/ε
======================================================================================================
inaccuracy:  0.00000        0.05000           38.85           -0.03            1.49
inaccuracy:  0.05000        0.10000           50.41           -0.03            0.83
inaccuracy:  0.10000        0.15000           59.72           -0.02            0.43
inaccuracy:  0.15000        0.20000           66.45           -0.01            0.24
inaccuracy:  0.20000        0.25000           70.92           -0.01            0.17
inaccuracy:  0.25000        0.30000           72.38           -0.01            0.14
inaccuracy:  0.30000        0.35000           74.25           -0.01            0.12
inaccuracy:  0.35000        0.40000           76.12           -0.01            0.10
inaccuracy:  0.40000        0.45000           76.05           -0.01            0.09
inaccuracy:  0.45000        0.50000           76.53           -0.01            0.08
inaccuracy:  0.50000        0.55000           70.56           -0.05            0.11
inaccuracy:  0.55000        0.60000           70.74           -0.06            0.09
inaccuracy:  0.60000        0.65000           69.43           -0.07            0.07
inaccuracy:  0.65000        0.70000           70.34           -0.07            0.05
inaccuracy:  0.70000        0.75000           71.28           -0.07            0.05
inaccuracy:  0.75000        0.80000           71.42           -0.07            0.04
inaccuracy:  0.80000        0.85000           71.03           -0.07            0.04
inaccuracy:  0.85000        0.90000           71.06           -0.07            0.04
inaccuracy:  0.90000        0.95000           70.07           -0.06            0.04
inaccuracy:  0.95000        1.00000           71.72           -0.07            0.04
===================================================================================================================================
                BAR        
-----------------------------------------------------------------------------------------------------------------------------------
BAR-estimator:         λ             λ+δλ          ΔΔA             ΔA            C               Δδe            δe       
                          
-----------------------------------------------------------------------------------------------------------------------------------
BAR-estimator:      0.00000        0.05000        1.4354         1.4354         1.4354         0.0093         0.0093 
BAR-estimator:      0.05000        0.10000        0.7874         2.2227         0.7874         0.0077         0.0121 
BAR-estimator:      0.10000        0.15000        0.4117         2.6344         0.4117         0.0061         0.0136 
BAR-estimator:      0.15000        0.20000        0.2232         2.8576         0.2232         0.0045         0.0143 
BAR-estimator:      0.20000        0.25000        0.1269         2.9845         0.1269         0.0038         0.0148 
BAR-estimator:      0.25000        0.30000        0.0616         3.0462         0.0616         0.0034         0.0152 
BAR-estimator:      0.30000        0.35000        0.0203         3.0665         0.0203         0.0031         0.0155 
BAR-estimator:      0.35000        0.40000       -0.0113         3.0552        -0.0113         0.0031         0.0158 
BAR-estimator:      0.40000        0.45000       -0.0402         3.0150        -0.0402         0.0025         0.0160 
BAR-estimator:      0.45000        0.50000       -0.0601         2.9548        -0.0601         0.0026         0.0162 
BAR-estimator:      0.50000        0.55000       -0.1391         2.8157        -0.1391         0.0034         0.0165 
BAR-estimator:      0.55000        0.60000       -0.2984         2.5173        -0.2984         0.0030         0.0168 
BAR-estimator:      0.60000        0.65000       -0.4383         2.0790        -0.4383         0.0031         0.0171 
BAR-estimator:      0.65000        0.70000       -0.5562         1.5228        -0.5562         0.0031         0.0174 
BAR-estimator:      0.70000        0.75000       -0.6616         0.8613        -0.6616         0.0034         0.0177 
BAR-estimator:      0.75000        0.80000       -0.7326         0.1286        -0.7326         0.0032         0.0180 
BAR-estimator:      0.80000        0.85000       -0.7761        -0.6475        -0.7761         0.0029         0.0182 
BAR-estimator:      0.85000        0.90000       -0.8012        -1.4487        -0.8012         0.0030         0.0185 
BAR-estimator:      0.90000        0.95000       -0.8260        -2.2747        -0.8260         0.0032         0.0188 
BAR-estimator:      0.95000        1.00000       -0.8464        -3.1211        -0.8464         0.0030         0.0190 
BAR-estimator: total free energy change is -3.1211058534372773 , total error is 0.01899550825985225
