#========================================================================================
#                     Free energy perturbation    
#----------------------------------------------------------------------------------------
#forward/backward          λ              ΔΔA                 ΔA                  δε   
#                                                 
#----------------------------------------------------------------------------------------
forward:               0.0000              0.0000              0.0000              0.0000  
forward:               0.0500              0.2921              0.2921              0.0071  
forward:               0.1000              0.2153              0.5074              0.0090  
forward:               0.1500              0.1736              0.6810              0.0104  
forward:               0.2000              0.1546              0.8356              0.0114  
forward:               0.2500              0.1366              0.9723              0.0121  
forward:               0.3000              0.1179              1.0902              0.0126  
forward:               0.3500              0.1118              1.2020              0.0132  
forward:               0.4000              0.1064              1.3084              0.0137  
forward:               0.4500              0.0932              1.4016              0.0141  
forward:               0.5000              0.0837              1.4853              0.0144  
forward:               0.5500              0.0459              1.5312              0.0148  
forward:               0.6000             -0.0108              1.5203              0.0151  
forward:               0.6500             -0.0499              1.4705              0.0155  
forward:               0.7000             -0.0844              1.3861              0.0156  
forward:               0.7500             -0.1119              1.2742              0.0159  
forward:               0.8000             -0.1355              1.1387              0.0161  
forward:               0.8500             -0.1452              0.9935              0.0165  
forward:               0.9000             -0.1669              0.8266              0.0167  
forward:               0.9500             -0.1656              0.6610              0.0170  
forward:               1.0000             -0.1749              0.4861              0.0172  
backward:              1.0000              0.0000              0.4861              0.0000  
backward:              0.9500              0.1760              0.6621              0.0033  
backward:              0.9000              0.1677              0.8298              0.0045  
backward:              0.8500              0.1578              0.9876              0.0058  
backward:              0.8000              0.1412              1.1288              0.0066  
backward:              0.7500              0.1315              1.2603              0.0074  
backward:              0.7000              0.1139              1.3743              0.0081  
backward:              0.6500              0.0905              1.4648              0.0088  
backward:              0.6000              0.0511              1.5159              0.0095  
backward:              0.5500              0.0038              1.5197              0.0102  
backward:              0.5000             -0.0537              1.4660              0.0110  
backward:              0.4500             -0.0810              1.3849              0.0115  
backward:              0.4000             -0.0873              1.2977              0.0120  
backward:              0.3500             -0.1022              1.1954              0.0130  
backward:              0.3000             -0.1157              1.0798              0.0135  
backward:              0.2500             -0.1236              0.9561              0.0142  
backward:              0.2000             -0.1255              0.8306              0.0149  
backward:              0.1500             -0.1545              0.6762              0.0157  
backward:              0.1000             -0.1936              0.4826              0.0168  
backward:              0.0500             -0.2335              0.2491              0.0193  
backward:              0.0000             -0.2875             -0.0383              0.0216  
Inaccuracy estimation
======================================================================================================
                   i        i+δi          P0_overlap_P1   δε(forward)/ε   δε(backward)/ε
======================================================================================================
inaccuracy:  0.00000        0.05000           72.69           -0.00            0.21
inaccuracy:  0.05000        0.10000           77.99           -0.00            0.16
inaccuracy:  0.10000        0.15000           81.19           -0.00            0.11
inaccuracy:  0.15000        0.20000           79.58           -0.00            0.09
inaccuracy:  0.20000        0.25000           79.82           -0.00            0.09
inaccuracy:  0.25000        0.30000           81.95           -0.00            0.07
inaccuracy:  0.30000        0.35000           82.65           -0.00            0.07
inaccuracy:  0.35000        0.40000           81.39           -0.00            0.07
inaccuracy:  0.40000        0.45000           82.26           -0.00            0.07
inaccuracy:  0.45000        0.50000           82.16           -0.00            0.06
inaccuracy:  0.50000        0.55000           80.13           -0.01            0.07
inaccuracy:  0.55000        0.60000           80.85           -0.01            0.06
inaccuracy:  0.60000        0.65000           80.18           -0.02            0.05
inaccuracy:  0.65000        0.70000           80.13           -0.01            0.05
inaccuracy:  0.70000        0.75000           80.89           -0.02            0.05
inaccuracy:  0.75000        0.80000           81.30           -0.02            0.05
inaccuracy:  0.80000        0.85000           80.61           -0.02            0.04
inaccuracy:  0.85000        0.90000           81.26           -0.01            0.05
inaccuracy:  0.90000        0.95000           79.54           -0.01            0.05
inaccuracy:  0.95000        1.00000           80.06           -0.02            0.05
===================================================================================================================================
                BAR        
-----------------------------------------------------------------------------------------------------------------------------------
BAR-estimator:         λ             λ+δλ          ΔΔA             ΔA            C               Δδe            δe       
                          
-----------------------------------------------------------------------------------------------------------------------------------
BAR-estimator:      0.00000        0.05000        0.2908         0.2908         0.2908         0.0051         0.0051 
BAR-estimator:      0.05000        0.10000        0.2207         0.5115         0.2207         0.0038         0.0064 
BAR-estimator:      0.10000        0.15000        0.1810         0.6926         0.1810         0.0035         0.0073 
BAR-estimator:      0.15000        0.20000        0.1535         0.8461         0.1535         0.0028         0.0078 
BAR-estimator:      0.20000        0.25000        0.1334         0.9794         0.1334         0.0027         0.0083 
BAR-estimator:      0.25000        0.30000        0.1192         1.0987         0.1192         0.0025         0.0086 
BAR-estimator:      0.30000        0.35000        0.1138         1.2125         0.1138         0.0027         0.0090 
BAR-estimator:      0.35000        0.40000        0.1039         1.3164         0.1039         0.0024         0.0093 
BAR-estimator:      0.40000        0.45000        0.0910         1.4075         0.0910         0.0024         0.0097 
BAR-estimator:      0.45000        0.50000        0.0821         1.4895         0.0821         0.0021         0.0099 
BAR-estimator:      0.50000        0.55000        0.0482         1.5378         0.0482         0.0025         0.0102 
BAR-estimator:      0.55000        0.60000       -0.0080         1.5298        -0.0080         0.0021         0.0104 
BAR-estimator:      0.60000        0.65000       -0.0506         1.4792        -0.0506         0.0027         0.0107 
BAR-estimator:      0.65000        0.70000       -0.0862         1.3931        -0.0862         0.0020         0.0109 
BAR-estimator:      0.70000        0.75000       -0.1124         1.2807        -0.1124         0.0024         0.0112 
BAR-estimator:      0.75000        0.80000       -0.1338         1.1469        -0.1338         0.0018         0.0113 
BAR-estimator:      0.80000        0.85000       -0.1444         1.0025        -0.1444         0.0025         0.0116 
BAR-estimator:      0.85000        0.90000       -0.1631         0.8394        -0.1631         0.0023         0.0118 
BAR-estimator:      0.90000        0.95000       -0.1660         0.6734        -0.1660         0.0023         0.0121 
BAR-estimator:      0.95000        1.00000       -0.1754         0.4980        -0.1754         0.0024         0.0123 
BAR-estimator: total free energy change is 0.4980355443376694 , total error is 0.012282768031089237
