#========================================================================================
#                     Free energy perturbation    
#----------------------------------------------------------------------------------------
#forward/backward          λ              ΔΔA                 ΔA                  δε   
#                                                 
#----------------------------------------------------------------------------------------
forward:               0.0000              0.0000              0.0000              0.0000  
forward:               0.0500              0.2866              0.2866              0.0043  
forward:               0.1000              0.2146              0.5012              0.0061  
forward:               0.1500              0.1782              0.6794              0.0069  
forward:               0.2000              0.1585              0.8379              0.0077  
forward:               0.2500              0.1333              0.9712              0.0083  
forward:               0.3000              0.1163              1.0876              0.0090  
forward:               0.3500              0.1074              1.1950              0.0096  
forward:               0.4000              0.0972              1.2921              0.0102  
forward:               0.4500              0.0892              1.3814              0.0105  
forward:               0.5000              0.0881              1.4694              0.0109  
forward:               0.5500              0.0431              1.5126              0.0112  
forward:               0.6000             -0.0057              1.5069              0.0115  
forward:               0.6500             -0.0482              1.4587              0.0121  
forward:               0.7000             -0.0818              1.3769              0.0123  
forward:               0.7500             -0.1085              1.2684              0.0126  
forward:               0.8000             -0.1296              1.1389              0.0128  
forward:               0.8500             -0.1441              0.9948              0.0131  
forward:               0.9000             -0.1537              0.8411              0.0134  
forward:               0.9500             -0.1586              0.6825              0.0137  
forward:               1.0000             -0.1666              0.5160              0.0138  
backward:              1.0000              0.0000              0.5160              0.0000  
backward:              0.9500              0.1654              0.6813              0.0029  
backward:              0.9000              0.1667              0.8481              0.0040  
backward:              0.8500              0.1552              1.0033              0.0051  
backward:              0.8000              0.1443              1.1476              0.0058  
backward:              0.7500              0.1221              1.2697              0.0069  
backward:              0.7000              0.1117              1.3815              0.0075  
backward:              0.6500              0.0804              1.4619              0.0081  
backward:              0.6000              0.0499              1.5117              0.0087  
backward:              0.5500              0.0049              1.5166              0.0092  
backward:              0.5000             -0.0460              1.4706              0.0100  
backward:              0.4500             -0.0912              1.3794              0.0105  
backward:              0.4000             -0.0923              1.2871              0.0110  
backward:              0.3500             -0.0994              1.1877              0.0115  
backward:              0.3000             -0.1056              1.0820              0.0120  
backward:              0.2500             -0.1201              0.9619              0.0132  
backward:              0.2000             -0.1279              0.8340              0.0138  
backward:              0.1500             -0.1619              0.6721              0.0144  
backward:              0.1000             -0.1866              0.4856              0.0151  
backward:              0.0500             -0.2181              0.2674              0.0158  
backward:              0.0000             -0.2870             -0.0196              0.0172  
Inaccuracy estimation
======================================================================================================
                   i        i+δi          P0_overlap_P1   δε(forward)/ε   δε(backward)/ε
======================================================================================================
inaccuracy:  0.00000        0.05000           73.06           -0.00            0.21
inaccuracy:  0.05000        0.10000           77.43           -0.00            0.15
inaccuracy:  0.10000        0.15000           79.58           -0.00            0.10
inaccuracy:  0.15000        0.20000           80.67           -0.00            0.09
inaccuracy:  0.20000        0.25000           80.91           -0.00            0.09
inaccuracy:  0.25000        0.30000           82.46           -0.00            0.07
inaccuracy:  0.30000        0.35000           82.37           -0.00            0.07
inaccuracy:  0.35000        0.40000           83.26           -0.00            0.06
inaccuracy:  0.40000        0.45000           83.45           -0.00            0.06
inaccuracy:  0.45000        0.50000           83.25           -0.00            0.06
inaccuracy:  0.50000        0.55000           80.31           -0.01            0.06
inaccuracy:  0.55000        0.60000           80.55           -0.02            0.06
inaccuracy:  0.60000        0.65000           80.42           -0.01            0.05
inaccuracy:  0.65000        0.70000           80.95           -0.01            0.05
inaccuracy:  0.70000        0.75000           80.54           -0.02            0.05
inaccuracy:  0.75000        0.80000           82.02           -0.02            0.05
inaccuracy:  0.80000        0.85000           81.29           -0.02            0.05
inaccuracy:  0.85000        0.90000           79.89           -0.02            0.05
inaccuracy:  0.90000        0.95000           79.72           -0.02            0.05
inaccuracy:  0.95000        1.00000           80.08           -0.01            0.05
===================================================================================================================================
                BAR        
-----------------------------------------------------------------------------------------------------------------------------------
BAR-estimator:         λ             λ+δλ          ΔΔA             ΔA            C               Δδe            δe       
                          
-----------------------------------------------------------------------------------------------------------------------------------
BAR-estimator:      0.00000        0.05000        0.2867         0.2867         0.2867         0.0031         0.0031 
BAR-estimator:      0.05000        0.10000        0.2168         0.5035         0.2168         0.0031         0.0044 
BAR-estimator:      0.10000        0.15000        0.1797         0.6832         0.1797         0.0024         0.0050 
BAR-estimator:      0.15000        0.20000        0.1599         0.8431         0.1599         0.0022         0.0054 
BAR-estimator:      0.20000        0.25000        0.1316         0.9747         0.1316         0.0022         0.0059 
BAR-estimator:      0.25000        0.30000        0.1182         1.0930         0.1182         0.0023         0.0063 
BAR-estimator:      0.30000        0.35000        0.1075         1.2005         0.1075         0.0024         0.0067 
BAR-estimator:      0.35000        0.40000        0.0988         1.2993         0.0988         0.0022         0.0071 
BAR-estimator:      0.40000        0.45000        0.0908         1.3901         0.0908         0.0020         0.0074 
BAR-estimator:      0.45000        0.50000        0.0893         1.4794         0.0893         0.0020         0.0076 
BAR-estimator:      0.50000        0.55000        0.0444         1.5237         0.0444         0.0021         0.0079 
BAR-estimator:      0.55000        0.60000       -0.0045         1.5192        -0.0045         0.0019         0.0081 
BAR-estimator:      0.60000        0.65000       -0.0486         1.4706        -0.0486         0.0024         0.0085 
BAR-estimator:      0.65000        0.70000       -0.0811         1.3896        -0.0811         0.0020         0.0087 
BAR-estimator:      0.70000        0.75000       -0.1097         1.2799        -0.1097         0.0019         0.0089 
BAR-estimator:      0.75000        0.80000       -0.1269         1.1530        -0.1269         0.0020         0.0091 
BAR-estimator:      0.80000        0.85000       -0.1434         1.0096        -0.1434         0.0022         0.0094 
BAR-estimator:      0.85000        0.90000       -0.1549         0.8547        -0.1549         0.0019         0.0096 
BAR-estimator:      0.90000        0.95000       -0.1603         0.6944        -0.1603         0.0020         0.0098 
BAR-estimator:      0.95000        1.00000       -0.1664         0.5279        -0.1664         0.0018         0.0100 
BAR-estimator: total free energy change is 0.5279041971337443 , total error is 0.009971253205721153
