#========================================================================================
#                     Free energy perturbation    
#----------------------------------------------------------------------------------------
#forward/backward          λ              ΔΔA                 ΔA                  δε   
#                                                 
#----------------------------------------------------------------------------------------
forward:               0.0000              0.0000              0.0000              0.0000  
forward:               0.0500              1.1503              1.1503              0.0198  
forward:               0.1000              0.7082              1.8584              0.0244  
forward:               0.1500              0.4077              2.2661              0.0266  
forward:               0.2000              0.2380              2.5041              0.0280  
forward:               0.2500              0.1497              2.6537              0.0289  
forward:               0.3000              0.0956              2.7493              0.0295  
forward:               0.3500              0.0605              2.8098              0.0300  
forward:               0.4000              0.0315              2.8413              0.0305  
forward:               0.4500              0.0094              2.8507              0.0309  
forward:               0.5000             -0.0141              2.8367              0.0313  
forward:               0.5500             -0.0101              2.8265              0.0316  
forward:               0.6000             -0.0297              2.7969              0.0318  
forward:               0.6500             -0.0411              2.7558              0.0321  
forward:               0.7000             -0.0471              2.7087              0.0328  
forward:               0.7500             -0.0498              2.6588              0.0330  
forward:               0.8000             -0.0646              2.5942              0.0332  
forward:               0.8500             -0.0668              2.5274              0.0334  
forward:               0.9000             -0.0772              2.4502              0.0336  
forward:               0.9500             -0.0783              2.3719              0.0338  
forward:               1.0000             -0.0848              2.2870              0.0339  
backward:              1.0000              0.0000              2.2870              0.0000  
backward:              0.9500              0.0856              2.3726              0.0042  
backward:              0.9000              0.0665              2.4391              0.0063  
backward:              0.8500              0.0711              2.5103              0.0068  
backward:              0.8000              0.0636              2.5738              0.0079  
backward:              0.7500              0.0581              2.6319              0.0092  
backward:              0.7000              0.0535              2.6854              0.0102  
backward:              0.6500              0.0395              2.7249              0.0114  
backward:              0.6000              0.0408              2.7657              0.0124  
backward:              0.5500              0.0340              2.7998              0.0134  
backward:              0.5000              0.0168              2.8165              0.0141  
backward:              0.4500              0.0019              2.8185              0.0148  
backward:              0.4000             -0.0182              2.8003              0.0157  
backward:              0.3500             -0.0257              2.7746              0.0171  
backward:              0.3000             -0.0797              2.6949              0.0203  
backward:              0.2500             -0.1032              2.5917              0.0211  
backward:              0.2000             -0.1681              2.4236              0.0227  
backward:              0.1500             -0.2293              2.1943              0.0249  
backward:              0.1000             -0.4197              1.7746              0.0293  
backward:              0.0500             -0.7342              1.0404              0.0458  
backward:              0.0000             -1.1668             -0.1263              0.0518  
Inaccuracy estimation
======================================================================================================
                   i        i+δi          P0_overlap_P1   δε(forward)/ε   δε(backward)/ε
======================================================================================================
inaccuracy:  0.00000        0.05000           45.23           -0.03            0.99
inaccuracy:  0.05000        0.10000           51.92           -0.02            0.73
inaccuracy:  0.10000        0.15000           61.11           -0.01            0.40
inaccuracy:  0.15000        0.20000           66.89           -0.01            0.25
inaccuracy:  0.20000        0.25000           71.28           -0.00            0.20
inaccuracy:  0.25000        0.30000           72.37           -0.01            0.15
inaccuracy:  0.30000        0.35000           73.61           -0.01            0.13
inaccuracy:  0.35000        0.40000           72.93           -0.01            0.12
inaccuracy:  0.40000        0.45000           74.92           -0.01            0.10
inaccuracy:  0.45000        0.50000           76.09           -0.01            0.10
inaccuracy:  0.50000        0.55000           74.81           -0.01            0.10
inaccuracy:  0.55000        0.60000           75.83           -0.01            0.10
inaccuracy:  0.60000        0.65000           75.32           -0.01            0.10
inaccuracy:  0.65000        0.70000           76.05           -0.01            0.09
inaccuracy:  0.70000        0.75000           75.05           -0.01            0.09
inaccuracy:  0.75000        0.80000           76.30           -0.01            0.09
inaccuracy:  0.80000        0.85000           76.47           -0.02            0.09
inaccuracy:  0.85000        0.90000           76.36           -0.01            0.08
inaccuracy:  0.90000        0.95000           76.69           -0.01            0.09
inaccuracy:  0.95000        1.00000           75.71           -0.02            0.08
===================================================================================================================================
                BAR        
-----------------------------------------------------------------------------------------------------------------------------------
BAR-estimator:         λ             λ+δλ          ΔΔA             ΔA            C               Δδe            δe       
                          
-----------------------------------------------------------------------------------------------------------------------------------
BAR-estimator:      0.00000        0.05000        1.1586         1.1586         1.1586         0.0105         0.0105 
BAR-estimator:      0.05000        0.10000        0.7091         1.8677         0.7091         0.0088         0.0138 
BAR-estimator:      0.10000        0.15000        0.4082         2.2759         0.4082         0.0069         0.0154 
BAR-estimator:      0.15000        0.20000        0.2374         2.5132         0.2374         0.0055         0.0163 
BAR-estimator:      0.20000        0.25000        0.1562         2.6695         0.1562         0.0049         0.0171 
BAR-estimator:      0.25000        0.30000        0.0976         2.7671         0.0976         0.0041         0.0176 
BAR-estimator:      0.30000        0.35000        0.0636         2.8307         0.0636         0.0037         0.0179 
BAR-estimator:      0.35000        0.40000        0.0301         2.8608         0.0301         0.0036         0.0183 
BAR-estimator:      0.40000        0.45000        0.0113         2.8721         0.0113         0.0034         0.0186 
BAR-estimator:      0.45000        0.50000       -0.0078         2.8643        -0.0078         0.0033         0.0189 
BAR-estimator:      0.50000        0.55000       -0.0121         2.8522        -0.0121         0.0031         0.0191 
BAR-estimator:      0.55000        0.60000       -0.0307         2.8214        -0.0307         0.0028         0.0193 
BAR-estimator:      0.60000        0.65000       -0.0404         2.7810        -0.0404         0.0029         0.0196 
BAR-estimator:      0.65000        0.70000       -0.0458         2.7353        -0.0458         0.0033         0.0198 
BAR-estimator:      0.70000        0.75000       -0.0512         2.6840        -0.0512         0.0032         0.0201 
BAR-estimator:      0.75000        0.80000       -0.0635         2.6206        -0.0635         0.0029         0.0203 
BAR-estimator:      0.80000        0.85000       -0.0649         2.5557        -0.0649         0.0030         0.0205 
BAR-estimator:      0.85000        0.90000       -0.0751         2.4806        -0.0751         0.0030         0.0207 
BAR-estimator:      0.90000        0.95000       -0.0753         2.4053        -0.0753         0.0031         0.0210 
BAR-estimator:      0.95000        1.00000       -0.0852         2.3202        -0.0852         0.0030         0.0212 
BAR-estimator: total free energy change is 2.320150040168701 , total error is 0.021201718355033008
