#========================================================================================
#                     Free energy perturbation    
#----------------------------------------------------------------------------------------
#forward/backward          λ              ΔΔA                 ΔA                  δε   
#                                                 
#----------------------------------------------------------------------------------------
forward:               0.0000              0.0000              0.0000              0.0000  
forward:               0.0500              1.1200              1.1200              0.0205  
forward:               0.1000              0.7005              1.8205              0.0252  
forward:               0.1500              0.4053              2.2258              0.0269  
forward:               0.2000              0.2496              2.4754              0.0277  
forward:               0.2500              0.1456              2.6210              0.0284  
forward:               0.3000              0.0883              2.7094              0.0289  
forward:               0.3500              0.0561              2.7655              0.0293  
forward:               0.4000              0.0299              2.7954              0.0297  
forward:               0.4500              0.0100              2.8054              0.0302  
forward:               0.5000             -0.0019              2.8035              0.0305  
forward:               0.5500             -0.0042              2.7993              0.0307  
forward:               0.6000             -0.0262              2.7731              0.0309  
forward:               0.6500             -0.0305              2.7426              0.0312  
forward:               0.7000             -0.0449              2.6976              0.0314  
forward:               0.7500             -0.0568              2.6408              0.0316  
forward:               0.8000             -0.0637              2.5771              0.0317  
forward:               0.8500             -0.0718              2.5053              0.0319  
forward:               0.9000             -0.0659              2.4394              0.0322  
forward:               0.9500             -0.0790              2.3604              0.0324  
forward:               1.0000             -0.0811              2.2793              0.0325  
backward:              1.0000              0.0000              2.2793              0.0000  
backward:              0.9500              0.0798              2.3592              0.0039  
backward:              0.9000              0.0745              2.4336              0.0060  
backward:              0.8500              0.0693              2.5029              0.0071  
backward:              0.8000              0.0643              2.5672              0.0083  
backward:              0.7500              0.0572              2.6244              0.0083  
backward:              0.7000              0.0575              2.6819              0.0094  
backward:              0.6500              0.0525              2.7344              0.0103  
backward:              0.6000              0.0311              2.7655              0.0113  
backward:              0.5500              0.0219              2.7873              0.0123  
backward:              0.5000              0.0027              2.7900              0.0135  
backward:              0.4500              0.0058              2.7959              0.0145  
backward:              0.4000             -0.0165              2.7794              0.0155  
backward:              0.3500             -0.0436              2.7357              0.0170  
backward:              0.3000             -0.0731              2.6626              0.0182  
backward:              0.2500             -0.0879              2.5748              0.0193  
backward:              0.2000             -0.1526              2.4222              0.0210  
backward:              0.1500             -0.2707              2.1515              0.0239  
backward:              0.1000             -0.3941              1.7573              0.0281  
backward:              0.0500             -0.6943              1.0630              0.0386  
backward:              0.0000             -1.1615             -0.0985              0.0447  
Inaccuracy estimation
======================================================================================================
                   i        i+δi          P0_overlap_P1   δε(forward)/ε   δε(backward)/ε
======================================================================================================
inaccuracy:  0.00000        0.05000           45.64           -0.03            0.94
inaccuracy:  0.05000        0.10000           52.46           -0.02            0.72
inaccuracy:  0.10000        0.15000           60.60           -0.01            0.42
inaccuracy:  0.15000        0.20000           67.05           -0.01            0.26
inaccuracy:  0.20000        0.25000           70.54           -0.01            0.19
inaccuracy:  0.25000        0.30000           72.37           -0.01            0.15
inaccuracy:  0.30000        0.35000           74.13           -0.01            0.13
inaccuracy:  0.35000        0.40000           74.77           -0.01            0.12
inaccuracy:  0.40000        0.45000           74.82           -0.01            0.11
inaccuracy:  0.45000        0.50000           73.86           -0.01            0.10
inaccuracy:  0.50000        0.55000           74.46           -0.01            0.10
inaccuracy:  0.55000        0.60000           76.24           -0.01            0.10
inaccuracy:  0.60000        0.65000           74.67           -0.02            0.09
inaccuracy:  0.65000        0.70000           75.13           -0.01            0.10
inaccuracy:  0.70000        0.75000           76.12           -0.02            0.09
inaccuracy:  0.75000        0.80000           76.59           -0.01            0.09
inaccuracy:  0.80000        0.85000           76.82           -0.01            0.09
inaccuracy:  0.85000        0.90000           75.24           -0.01            0.09
inaccuracy:  0.90000        0.95000           75.63           -0.01            0.08
inaccuracy:  0.95000        1.00000           75.74           -0.01            0.09
===================================================================================================================================
                BAR        
-----------------------------------------------------------------------------------------------------------------------------------
BAR-estimator:         λ             λ+δλ          ΔΔA             ΔA            C               Δδe            δe       
                          
-----------------------------------------------------------------------------------------------------------------------------------
BAR-estimator:      0.00000        0.05000        1.1350         1.1350         1.1350         0.0083         0.0083 
BAR-estimator:      0.05000        0.10000        0.6957         1.8307         0.6957         0.0082         0.0117 
BAR-estimator:      0.10000        0.15000        0.4037         2.2344         0.4037         0.0060         0.0131 
BAR-estimator:      0.15000        0.20000        0.2533         2.4877         0.2533         0.0047         0.0139 
BAR-estimator:      0.20000        0.25000        0.1479         2.6356         0.1479         0.0040         0.0145 
BAR-estimator:      0.25000        0.30000        0.0888         2.7244         0.0888         0.0037         0.0150 
BAR-estimator:      0.30000        0.35000        0.0610         2.7854         0.0610         0.0035         0.0154 
BAR-estimator:      0.35000        0.40000        0.0335         2.8189         0.0335         0.0031         0.0157 
BAR-estimator:      0.40000        0.45000        0.0116         2.8305         0.0116         0.0036         0.0161 
BAR-estimator:      0.45000        0.50000       -0.0051         2.8254        -0.0051         0.0029         0.0163 
BAR-estimator:      0.50000        0.55000       -0.0056         2.8199        -0.0056         0.0028         0.0166 
BAR-estimator:      0.55000        0.60000       -0.0248         2.7950        -0.0248         0.0036         0.0170 
BAR-estimator:      0.60000        0.65000       -0.0318         2.7633        -0.0318         0.0028         0.0172 
BAR-estimator:      0.65000        0.70000       -0.0470         2.7162        -0.0470         0.0026         0.0174 
BAR-estimator:      0.70000        0.75000       -0.0566         2.6596        -0.0566         0.0026         0.0176 
BAR-estimator:      0.75000        0.80000       -0.0609         2.5987        -0.0609         0.0028         0.0178 
BAR-estimator:      0.80000        0.85000       -0.0683         2.5305        -0.0683         0.0027         0.0180 
BAR-estimator:      0.85000        0.90000       -0.0675         2.4630        -0.0675         0.0029         0.0182 
BAR-estimator:      0.90000        0.95000       -0.0782         2.3848        -0.0782         0.0029         0.0185 
BAR-estimator:      0.95000        1.00000       -0.0806         2.3042        -0.0806         0.0027         0.0186 
BAR-estimator: total free energy change is 2.3041893293700153 , total error is 0.018648516819350466
