#========================================================================================
#                     Free energy perturbation    
#----------------------------------------------------------------------------------------
#forward/backward          λ              ΔΔA                 ΔA                  δε   
#                                                 
#----------------------------------------------------------------------------------------
forward:               0.0000              0.0000              0.0000              0.0000  
forward:               0.0500              1.7532              1.7532              0.0268  
forward:               0.1000              0.9147              2.6678              0.0318  
forward:               0.1500              0.4575              3.1253              0.0340  
forward:               0.2000              0.2399              3.3652              0.0355  
forward:               0.2500              0.1387              3.5039              0.0362  
forward:               0.3000              0.0595              3.5634              0.0366  
forward:               0.3500              0.0089              3.5723              0.0370  
forward:               0.4000             -0.0332              3.5392              0.0374  
forward:               0.4500             -0.0541              3.4851              0.0377  
forward:               0.5000             -0.0877              3.3974              0.0377  
forward:               0.5500             -0.1221              3.2752              0.0379  
forward:               0.6000             -0.1426              3.1326              0.0381  
forward:               0.6500             -0.1616              2.9710              0.0384  
forward:               0.7000             -0.1742              2.7968              0.0385  
forward:               0.7500             -0.1803              2.6165              0.0387  
forward:               0.8000             -0.1943              2.4222              0.0388  
forward:               0.8500             -0.1979              2.2243              0.0390  
forward:               0.9000             -0.2062              2.0181              0.0391  
forward:               0.9500             -0.2136              1.8045              0.0392  
forward:               1.0000             -0.2208              1.5837              0.0393  
backward:              1.0000              0.0000              1.5837              0.0000  
backward:              0.9500              0.2230              1.8067              0.0040  
backward:              0.9000              0.2110              2.0177              0.0054  
backward:              0.8500              0.2101              2.2278              0.0063  
backward:              0.8000              0.1988              2.4266              0.0072  
backward:              0.7500              0.1852              2.6118              0.0081  
backward:              0.7000              0.1805              2.7924              0.0090  
backward:              0.6500              0.1731              2.9655              0.0098  
backward:              0.6000              0.1573              3.1228              0.0113  
backward:              0.5500              0.1385              3.2613              0.0121  
backward:              0.5000              0.1194              3.3806              0.0129  
backward:              0.4500              0.0784              3.4591              0.0137  
backward:              0.4000              0.0615              3.5206              0.0145  
backward:              0.3500              0.0240              3.5446              0.0155  
backward:              0.3000             -0.0183              3.5263              0.0166  
backward:              0.2500             -0.0537              3.4725              0.0176  
backward:              0.2000             -0.1287              3.3438              0.0182  
backward:              0.1500             -0.2404              3.1034              0.0207  
backward:              0.1000             -0.4491              2.6543              0.0253  
backward:              0.0500             -0.9102              1.7441              0.0391  
backward:              0.0000             -1.7260              0.0181              0.0553  
Inaccuracy estimation
======================================================================================================
                   i        i+δi          P0_overlap_P1   δε(forward)/ε   δε(backward)/ε
======================================================================================================
inaccuracy:  0.00000        0.05000           35.17           -0.03            2.08
inaccuracy:  0.05000        0.10000           45.30           -0.03            1.08
inaccuracy:  0.10000        0.15000           58.19           -0.02            0.49
inaccuracy:  0.15000        0.20000           65.69           -0.01            0.27
inaccuracy:  0.20000        0.25000           68.82           -0.02            0.19
inaccuracy:  0.25000        0.30000           72.57           -0.01            0.13
inaccuracy:  0.30000        0.35000           74.69           -0.01            0.10
inaccuracy:  0.35000        0.40000           76.18           -0.01            0.09
inaccuracy:  0.40000        0.45000           75.85           -0.01            0.09
inaccuracy:  0.45000        0.50000           78.22           -0.01            0.07
inaccuracy:  0.50000        0.55000           77.53           -0.01            0.07
inaccuracy:  0.55000        0.60000           77.28           -0.02            0.06
inaccuracy:  0.60000        0.65000           78.23           -0.01            0.06
inaccuracy:  0.65000        0.70000           77.65           -0.01            0.06
inaccuracy:  0.70000        0.75000           78.31           -0.01            0.06
inaccuracy:  0.75000        0.80000           78.91           -0.01            0.05
inaccuracy:  0.80000        0.85000           78.28           -0.02            0.05
inaccuracy:  0.85000        0.90000           77.92           -0.01            0.06
inaccuracy:  0.90000        0.95000           78.55           -0.02            0.06
inaccuracy:  0.95000        1.00000           77.78           -0.02            0.05
===================================================================================================================================
                BAR        
-----------------------------------------------------------------------------------------------------------------------------------
BAR-estimator:         λ             λ+δλ          ΔΔA             ΔA            C               Δδe            δe       
                          
-----------------------------------------------------------------------------------------------------------------------------------
BAR-estimator:      0.00000        0.05000        1.7481         1.7481         1.7481         0.0125         0.0125 
BAR-estimator:      0.05000        0.10000        0.9232         2.6713         0.9232         0.0114         0.0169 
BAR-estimator:      0.10000        0.15000        0.4573         3.1285         0.4573         0.0075         0.0185 
BAR-estimator:      0.15000        0.20000        0.2418         3.3703         0.2418         0.0068         0.0197 
BAR-estimator:      0.20000        0.25000        0.1350         3.5053         0.1350         0.0046         0.0202 
BAR-estimator:      0.25000        0.30000        0.0562         3.5615         0.0562         0.0038         0.0206 
BAR-estimator:      0.30000        0.35000        0.0114         3.5729         0.0114         0.0037         0.0209 
BAR-estimator:      0.35000        0.40000       -0.0298         3.5432        -0.0298         0.0036         0.0212 
BAR-estimator:      0.40000        0.45000       -0.0571         3.4861        -0.0571         0.0029         0.0214 
BAR-estimator:      0.45000        0.50000       -0.0838         3.4023        -0.0838         0.0030         0.0216 
BAR-estimator:      0.50000        0.55000       -0.1206         3.2816        -0.1206         0.0030         0.0218 
BAR-estimator:      0.55000        0.60000       -0.1422         3.1395        -0.1422         0.0027         0.0220 
BAR-estimator:      0.60000        0.65000       -0.1614         2.9781        -0.1614         0.0026         0.0221 
BAR-estimator:      0.65000        0.70000       -0.1742         2.8039        -0.1742         0.0026         0.0223 
BAR-estimator:      0.70000        0.75000       -0.1792         2.6247        -0.1792         0.0028         0.0225 
BAR-estimator:      0.75000        0.80000       -0.1915         2.4332        -0.1915         0.0026         0.0226 
BAR-estimator:      0.80000        0.85000       -0.1975         2.2357        -0.1975         0.0025         0.0228 
BAR-estimator:      0.85000        0.90000       -0.2074         2.0284        -0.2074         0.0027         0.0229 
BAR-estimator:      0.90000        0.95000       -0.2121         1.8162        -0.2121         0.0028         0.0231 
BAR-estimator:      0.95000        1.00000       -0.2222         1.5940        -0.2222         0.0027         0.0232 
BAR-estimator: total free energy change is 1.5940131431649296 , total error is 0.023243413011637095
