#========================================================================================
#                     Free energy perturbation    
#----------------------------------------------------------------------------------------
#forward/backward          λ              ΔΔA                 ΔA                  δε   
#                                                 
#----------------------------------------------------------------------------------------
forward:               0.0000              0.0000              0.0000              0.0000  
forward:               0.0500              1.7388              1.7388              0.0207  
forward:               0.1000              0.9675              2.7063              0.0267  
forward:               0.1500              0.5057              3.2120              0.0289  
forward:               0.2000              0.2757              3.4878              0.0303  
forward:               0.2500              0.1495              3.6373              0.0309  
forward:               0.3000              0.0640              3.7013              0.0313  
forward:               0.3500              0.0205              3.7218              0.0318  
forward:               0.4000             -0.0195              3.7022              0.0321  
forward:               0.4500             -0.0430              3.6592              0.0322  
forward:               0.5000             -0.0641              3.5952              0.0324  
forward:               0.5500             -0.1192              3.4759              0.0327  
forward:               0.6000             -0.1361              3.3399              0.0328  
forward:               0.6500             -0.1524              3.1875              0.0330  
forward:               0.7000             -0.1658              3.0217              0.0331  
forward:               0.7500             -0.1775              2.8442              0.0333  
forward:               0.8000             -0.1885              2.6557              0.0334  
forward:               0.8500             -0.1902              2.4655              0.0336  
forward:               0.9000             -0.1975              2.2680              0.0337  
forward:               0.9500             -0.2084              2.0596              0.0338  
forward:               1.0000             -0.2128              1.8468              0.0340  
backward:              1.0000              0.0000              1.8468              0.0000  
backward:              0.9500              0.2134              2.0601              0.0033  
backward:              0.9000              0.2034              2.2635              0.0050  
backward:              0.8500              0.1966              2.4601              0.0061  
backward:              0.8000              0.1898              2.6499              0.0071  
backward:              0.7500              0.1778              2.8276              0.0080  
backward:              0.7000              0.1844              3.0120              0.0087  
backward:              0.6500              0.1594              3.1714              0.0094  
backward:              0.6000              0.1524              3.3238              0.0102  
backward:              0.5500              0.1337              3.4575              0.0109  
backward:              0.5000              0.1122              3.5697              0.0118  
backward:              0.4500              0.0739              3.6436              0.0124  
backward:              0.4000              0.0430              3.6866              0.0135  
backward:              0.3500              0.0180              3.7046              0.0152  
backward:              0.3000             -0.0112              3.6934              0.0162  
backward:              0.2500             -0.0620              3.6314              0.0175  
backward:              0.2000             -0.1177              3.5137              0.0194  
backward:              0.1500             -0.2712              3.2425              0.0208  
backward:              0.1000             -0.4801              2.7625              0.0278  
backward:              0.0500             -0.9195              1.8430              0.0361  
backward:              0.0000             -1.7344              0.1086              0.0460  
Inaccuracy estimation
======================================================================================================
                   i        i+δi          P0_overlap_P1   δε(forward)/ε   δε(backward)/ε
======================================================================================================
inaccuracy:  0.00000        0.05000           35.74           -0.02            2.11
inaccuracy:  0.05000        0.10000           43.95           -0.03            1.10
inaccuracy:  0.10000        0.15000           56.71           -0.01            0.54
inaccuracy:  0.15000        0.20000           65.57           -0.01            0.27
inaccuracy:  0.20000        0.25000           67.77           -0.01            0.20
inaccuracy:  0.25000        0.30000           73.25           -0.01            0.14
inaccuracy:  0.30000        0.35000           73.47           -0.01            0.12
inaccuracy:  0.35000        0.40000           74.57           -0.02            0.10
inaccuracy:  0.40000        0.45000           76.38           -0.01            0.09
inaccuracy:  0.45000        0.50000           76.03           -0.01            0.08
inaccuracy:  0.50000        0.55000           77.62           -0.02            0.07
inaccuracy:  0.55000        0.60000           77.40           -0.02            0.07
inaccuracy:  0.60000        0.65000           77.49           -0.01            0.07
inaccuracy:  0.65000        0.70000           78.07           -0.02            0.06
inaccuracy:  0.70000        0.75000           77.80           -0.02            0.06
inaccuracy:  0.75000        0.80000           79.12           -0.02            0.05
inaccuracy:  0.80000        0.85000           77.62           -0.01            0.06
inaccuracy:  0.85000        0.90000           77.83           -0.01            0.05
inaccuracy:  0.90000        0.95000           78.52           -0.01            0.05
inaccuracy:  0.95000        1.00000           78.13           -0.02            0.06
===================================================================================================================================
                BAR        
-----------------------------------------------------------------------------------------------------------------------------------
BAR-estimator:         λ             λ+δλ          ΔΔA             ΔA            C               Δδe            δe       
                          
-----------------------------------------------------------------------------------------------------------------------------------
BAR-estimator:      0.00000        0.05000        1.7636         1.7636         1.7636         0.0107         0.0107 
BAR-estimator:      0.05000        0.10000        0.9574         2.7210         0.9574         0.0100         0.0146 
BAR-estimator:      0.10000        0.15000        0.4961         3.2171         0.4961         0.0073         0.0163 
BAR-estimator:      0.15000        0.20000        0.2746         3.4917         0.2746         0.0052         0.0171 
BAR-estimator:      0.20000        0.25000        0.1408         3.6326         0.1408         0.0039         0.0176 
BAR-estimator:      0.25000        0.30000        0.0649         3.6974         0.0649         0.0034         0.0179 
BAR-estimator:      0.30000        0.35000        0.0166         3.7141         0.0166         0.0032         0.0182 
BAR-estimator:      0.35000        0.40000       -0.0219         3.6922        -0.0219         0.0030         0.0184 
BAR-estimator:      0.40000        0.45000       -0.0438         3.6483        -0.0438         0.0028         0.0186 
BAR-estimator:      0.45000        0.50000       -0.0675         3.5808        -0.0675         0.0026         0.0188 
BAR-estimator:      0.50000        0.55000       -0.1178         3.4630        -0.1178         0.0027         0.0190 
BAR-estimator:      0.55000        0.60000       -0.1364         3.3267        -0.1364         0.0025         0.0192 
BAR-estimator:      0.60000        0.65000       -0.1523         3.1744        -0.1523         0.0025         0.0193 
BAR-estimator:      0.65000        0.70000       -0.1637         3.0107        -0.1637         0.0023         0.0195 
BAR-estimator:      0.70000        0.75000       -0.1792         2.8315        -0.1792         0.0025         0.0196 
BAR-estimator:      0.75000        0.80000       -0.1845         2.6470        -0.1845         0.0025         0.0198 
BAR-estimator:      0.80000        0.85000       -0.1898         2.4572        -0.1898         0.0025         0.0200 
BAR-estimator:      0.85000        0.90000       -0.1977         2.2595        -0.1977         0.0026         0.0201 
BAR-estimator:      0.90000        0.95000       -0.2065         2.0530        -0.2065         0.0026         0.0203 
BAR-estimator:      0.95000        1.00000       -0.2120         1.8410        -0.2120         0.0028         0.0205 
BAR-estimator: total free energy change is 1.8409955092417498 , total error is 0.02049031665960899
