#========================================================================================
#                     Free energy perturbation    
#----------------------------------------------------------------------------------------
#forward/backward          λ              ΔΔA                 ΔA                  δε   
#                                                 
#----------------------------------------------------------------------------------------
forward:               0.0000              0.0000              0.0000              0.0000  
forward:               0.0500              0.8430              0.8430              0.0141  
forward:               0.1000              0.5152              1.3582              0.0176  
forward:               0.1500              0.3289              1.6871              0.0213  
forward:               0.2000              0.2152              1.9023              0.0225  
forward:               0.2500              0.1513              2.0536              0.0232  
forward:               0.3000              0.0879              2.1415              0.0238  
forward:               0.3500              0.0499              2.1915              0.0242  
forward:               0.4000              0.0332              2.2247              0.0246  
forward:               0.4500              0.0115              2.2362              0.0250  
forward:               0.5000             -0.0102              2.2261              0.0254  
forward:               0.5500             -0.1788              2.0473              0.0260  
forward:               0.6000             -0.4613              1.5860              0.0268  
forward:               0.6500             -0.7355              0.8505              0.0276  
forward:               0.7000             -0.9693             -0.1188              0.0283  
forward:               0.7500             -1.1318             -1.2506              0.0290  
forward:               0.8000             -1.2356             -2.4862              0.0297  
forward:               0.8500             -1.2650             -3.7512              0.0302  
forward:               0.9000             -1.3147             -5.0659              0.0307  
forward:               0.9500             -1.3026             -6.3685              0.0310  
forward:               1.0000             -1.3186             -7.6871              0.0315  
backward:              1.0000              0.0000             -7.6871              0.0000  
backward:              0.9500              1.3133             -6.3738              0.0066  
backward:              0.9000              1.3152             -5.0587              0.0095  
backward:              0.8500              1.3064             -3.7523              0.0113  
backward:              0.8000              1.2807             -2.4715              0.0129  
backward:              0.7500              1.2132             -1.2584              0.0145  
backward:              0.7000              1.1294             -0.1290              0.0163  
backward:              0.6500              0.9756              0.8466              0.0179  
backward:              0.6000              0.7326              1.5792              0.0193  
backward:              0.5500              0.4698              2.0490              0.0203  
backward:              0.5000              0.1716              2.2206              0.0214  
backward:              0.4500              0.0071              2.2277              0.0227  
backward:              0.4000             -0.0155              2.2122              0.0232  
backward:              0.3500             -0.0258              2.1864              0.0239  
backward:              0.3000             -0.0536              2.1328              0.0245  
backward:              0.2500             -0.0929              2.0399              0.0252  
backward:              0.2000             -0.1403              1.8996              0.0260  
backward:              0.1500             -0.2086              1.6910              0.0273  
backward:              0.1000             -0.3455              1.3455              0.0292  
backward:              0.0500             -0.5377              0.8078              0.0339  
backward:              0.0000             -0.8522             -0.0444              0.0378  
Inaccuracy estimation
======================================================================================================
                   i        i+δi          P0_overlap_P1   δε(forward)/ε   δε(backward)/ε
======================================================================================================
inaccuracy:  0.00000        0.05000           52.37           -0.02            0.69
inaccuracy:  0.05000        0.10000           59.89           -0.01            0.49
inaccuracy:  0.10000        0.15000           66.37           -0.01            0.32
inaccuracy:  0.15000        0.20000           68.78           -0.01            0.22
inaccuracy:  0.20000        0.25000           71.14           -0.01            0.16
inaccuracy:  0.25000        0.30000           74.74           -0.01            0.13
inaccuracy:  0.30000        0.35000           75.77           -0.01            0.11
inaccuracy:  0.35000        0.40000           75.03           -0.01            0.10
inaccuracy:  0.40000        0.45000           76.90           -0.01            0.09
inaccuracy:  0.45000        0.50000           76.85           -0.01            0.09
inaccuracy:  0.50000        0.55000           66.43           -0.10            0.15
inaccuracy:  0.55000        0.60000           64.88           -0.13            0.09
inaccuracy:  0.60000        0.65000           64.41           -0.13            0.06
inaccuracy:  0.65000        0.70000           64.42           -0.13            0.04
inaccuracy:  0.70000        0.75000           66.04           -0.13            0.03
inaccuracy:  0.75000        0.80000           67.82           -0.11            0.02
inaccuracy:  0.80000        0.85000           64.91           -0.14            0.02
inaccuracy:  0.85000        0.90000           66.35           -0.12            0.02
inaccuracy:  0.90000        0.95000           64.25           -0.16            0.03
inaccuracy:  0.95000        1.00000           65.24           -0.13            0.03
===================================================================================================================================
                BAR        
-----------------------------------------------------------------------------------------------------------------------------------
BAR-estimator:         λ             λ+δλ          ΔΔA             ΔA            C               Δδe            δe       
                          
-----------------------------------------------------------------------------------------------------------------------------------
BAR-estimator:      0.00000        0.05000        0.8494         0.8494         0.8494         0.0084         0.0084 
BAR-estimator:      0.05000        0.10000        0.5235         1.3729         0.5235         0.0069         0.0108 
BAR-estimator:      0.10000        0.15000        0.3400         1.7129         0.3400         0.0067         0.0127 
BAR-estimator:      0.15000        0.20000        0.2143         1.9273         0.2143         0.0049         0.0136 
BAR-estimator:      0.20000        0.25000        0.1467         2.0739         0.1467         0.0041         0.0143 
BAR-estimator:      0.25000        0.30000        0.0901         2.1641         0.0901         0.0038         0.0148 
BAR-estimator:      0.30000        0.35000        0.0533         2.2174         0.0533         0.0037         0.0152 
BAR-estimator:      0.35000        0.40000        0.0309         2.2483         0.0309         0.0032         0.0156 
BAR-estimator:      0.40000        0.45000        0.0123         2.2606         0.0123         0.0029         0.0158 
BAR-estimator:      0.45000        0.50000       -0.0096         2.2509        -0.0096         0.0033         0.0162 
BAR-estimator:      0.50000        0.55000       -0.1745         2.0764        -0.1745         0.0038         0.0166 
BAR-estimator:      0.55000        0.60000       -0.4633         1.6131        -0.4633         0.0042         0.0171 
BAR-estimator:      0.60000        0.65000       -0.7378         0.8753        -0.7378         0.0046         0.0177 
BAR-estimator:      0.65000        0.70000       -0.9725        -0.0973        -0.9725         0.0042         0.0182 
BAR-estimator:      0.70000        0.75000       -1.1312        -1.2285        -1.1312         0.0043         0.0187 
BAR-estimator:      0.75000        0.80000       -1.2239        -2.4524        -1.2239         0.0043         0.0192 
BAR-estimator:      0.80000        0.85000       -1.2701        -3.7225        -1.2701         0.0039         0.0196 
BAR-estimator:      0.85000        0.90000       -1.3082        -5.0306        -1.3082         0.0040         0.0200 
BAR-estimator:      0.90000        0.95000       -1.3120        -6.3427        -1.3120         0.0044         0.0205 
BAR-estimator:      0.95000        1.00000       -1.3122        -7.6548        -1.3122         0.0043         0.0209 
BAR-estimator: total free energy change is -7.65483447288776 , total error is 0.020931106085032784
