#========================================================================================
#                     Free energy perturbation    
#----------------------------------------------------------------------------------------
#forward/backward          λ              ΔΔA                 ΔA                  δε   
#                                                 
#----------------------------------------------------------------------------------------
forward:               0.0000              0.0000              0.0000              0.0000  
forward:               0.0500              0.8504              0.8504              0.0106  
forward:               0.1000              0.5358              1.3863              0.0138  
forward:               0.1500              0.3367              1.7230              0.0155  
forward:               0.2000              0.2277              1.9507              0.0167  
forward:               0.2500              0.1451              2.0958              0.0176  
forward:               0.3000              0.0974              2.1931              0.0183  
forward:               0.3500              0.0491              2.2422              0.0187  
forward:               0.4000              0.0277              2.2699              0.0192  
forward:               0.4500              0.0108              2.2807              0.0196  
forward:               0.5000             -0.0030              2.2777              0.0200  
forward:               0.5500             -0.1749              2.1028              0.0207  
forward:               0.6000             -0.4491              1.6536              0.0214  
forward:               0.6500             -0.7364              0.9172              0.0222  
forward:               0.7000             -0.9778             -0.0605              0.0228  
forward:               0.7500             -1.1266             -1.1871              0.0234  
forward:               0.8000             -1.2380             -2.4251              0.0240  
forward:               0.8500             -1.2847             -3.7098              0.0245  
forward:               0.9000             -1.3232             -5.0330              0.0250  
forward:               0.9500             -1.3375             -6.3705              0.0255  
forward:               1.0000             -1.3373             -7.7078              0.0259  
backward:              1.0000              0.0000             -7.7078              0.0000  
backward:              0.9500              1.3453             -6.3624              0.0061  
backward:              0.9000              1.3313             -5.0311              0.0089  
backward:              0.8500              1.3303             -3.7008              0.0106  
backward:              0.8000              1.2917             -2.4091              0.0123  
backward:              0.7500              1.2319             -1.1772              0.0137  
backward:              0.7000              1.1376             -0.0396              0.0145  
backward:              0.6500              0.9803              0.9407              0.0158  
backward:              0.6000              0.7412              1.6820              0.0173  
backward:              0.5500              0.4604              2.1424              0.0184  
backward:              0.5000              0.1805              2.3229              0.0194  
backward:              0.4500              0.0041              2.3269              0.0200  
backward:              0.4000             -0.0096              2.3174              0.0206  
backward:              0.3500             -0.0323              2.2851              0.0212  
backward:              0.3000             -0.0646              2.2206              0.0219  
backward:              0.2500             -0.0877              2.1329              0.0225  
backward:              0.2000             -0.1592              1.9737              0.0269  
backward:              0.1500             -0.2054              1.7683              0.0279  
backward:              0.1000             -0.3415              1.4268              0.0302  
backward:              0.0500             -0.5766              0.8503              0.0407  
backward:              0.0000             -0.8356              0.0147              0.0420  
Inaccuracy estimation
======================================================================================================
                   i        i+δi          P0_overlap_P1   δε(forward)/ε   δε(backward)/ε
======================================================================================================
inaccuracy:  0.00000        0.05000           51.09           -0.02            0.74
inaccuracy:  0.05000        0.10000           59.57           -0.02            0.49
inaccuracy:  0.10000        0.15000           64.65           -0.01            0.31
inaccuracy:  0.15000        0.20000           67.49           -0.01            0.22
inaccuracy:  0.20000        0.25000           72.11           -0.01            0.16
inaccuracy:  0.25000        0.30000           73.33           -0.01            0.13
inaccuracy:  0.30000        0.35000           76.01           -0.01            0.11
inaccuracy:  0.35000        0.40000           76.12           -0.01            0.10
inaccuracy:  0.40000        0.45000           76.40           -0.01            0.09
inaccuracy:  0.45000        0.50000           76.47           -0.01            0.09
inaccuracy:  0.50000        0.55000           65.77           -0.10            0.14
inaccuracy:  0.55000        0.60000           64.47           -0.14            0.10
inaccuracy:  0.60000        0.65000           64.33           -0.13            0.07
inaccuracy:  0.65000        0.70000           65.64           -0.12            0.04
inaccuracy:  0.70000        0.75000           65.81           -0.12            0.03
inaccuracy:  0.75000        0.80000           66.64           -0.12            0.02
inaccuracy:  0.80000        0.85000           65.17           -0.13            0.02
inaccuracy:  0.85000        0.90000           65.13           -0.12            0.02
inaccuracy:  0.90000        0.95000           65.15           -0.15            0.02
inaccuracy:  0.95000        1.00000           64.27           -0.16            0.03
===================================================================================================================================
                BAR        
-----------------------------------------------------------------------------------------------------------------------------------
BAR-estimator:         λ             λ+δλ          ΔΔA             ΔA            C               Δδe            δe       
                          
-----------------------------------------------------------------------------------------------------------------------------------
BAR-estimator:      0.00000        0.05000        0.8534         0.8534         0.8534         0.0063         0.0063 
BAR-estimator:      0.05000        0.10000        0.5448         1.3982         0.5448         0.0057         0.0085 
BAR-estimator:      0.10000        0.15000        0.3379         1.7361         0.3379         0.0050         0.0099 
BAR-estimator:      0.15000        0.20000        0.2207         1.9568         0.2207         0.0041         0.0107 
BAR-estimator:      0.20000        0.25000        0.1464         2.1032         0.1464         0.0038         0.0113 
BAR-estimator:      0.25000        0.30000        0.0947         2.1979         0.0947         0.0036         0.0119 
BAR-estimator:      0.30000        0.35000        0.0530         2.2509         0.0530         0.0029         0.0122 
BAR-estimator:      0.35000        0.40000        0.0282         2.2791         0.0282         0.0029         0.0126 
BAR-estimator:      0.40000        0.45000        0.0110         2.2902         0.0110         0.0028         0.0129 
BAR-estimator:      0.45000        0.50000       -0.0046         2.2856        -0.0046         0.0026         0.0131 
BAR-estimator:      0.50000        0.55000       -0.1763         2.1093        -0.1763         0.0035         0.0136 
BAR-estimator:      0.55000        0.60000       -0.4592         1.6501        -0.4592         0.0039         0.0141 
BAR-estimator:      0.60000        0.65000       -0.7403         0.9098        -0.7403         0.0038         0.0146 
BAR-estimator:      0.65000        0.70000       -0.9761        -0.0663        -0.9761         0.0037         0.0151 
BAR-estimator:      0.70000        0.75000       -1.1300        -1.1963        -1.1300         0.0038         0.0156 
BAR-estimator:      0.75000        0.80000       -1.2352        -2.4316        -1.2352         0.0037         0.0160 
BAR-estimator:      0.80000        0.85000       -1.2889        -3.7204        -1.2889         0.0034         0.0164 
BAR-estimator:      0.85000        0.90000       -1.3262        -5.0466        -1.3262         0.0039         0.0168 
BAR-estimator:      0.90000        0.95000       -1.3395        -6.3861        -1.3395         0.0039         0.0173 
BAR-estimator:      0.95000        1.00000       -1.3422        -7.7283        -1.3422         0.0036         0.0177 
BAR-estimator: total free energy change is -7.728278373230719 , total error is 0.017668947427094708
