#========================================================================================
#                     Free energy perturbation    
#----------------------------------------------------------------------------------------
#forward/backward          λ              ΔΔA                 ΔA                  δε   
#                                                 
#----------------------------------------------------------------------------------------
forward:               0.0000              0.0000              0.0000              0.0000  
forward:               0.0500              1.5578              1.5578              0.0082  
forward:               0.1000              0.9186              2.4764              0.0188  
forward:               0.1500              0.4871              2.9636              0.0234  
forward:               0.2000              0.2671              3.2306              0.0251  
forward:               0.2500              0.1550              3.3857              0.0260  
forward:               0.3000              0.0609              3.4465              0.0266  
forward:               0.3500              0.0299              3.4764              0.0270  
forward:               0.4000             -0.0200              3.4564              0.0274  
forward:               0.4500             -0.0422              3.4142              0.0277  
forward:               0.5000             -0.0680              3.3462              0.0283  
forward:               0.5500             -0.2030              3.1431              0.0289  
forward:               0.6000             -0.4465              2.6966              0.0300  
forward:               0.6500             -0.6622              2.0344              0.0311  
forward:               0.7000             -0.8361              1.1983              0.0323  
forward:               0.7500             -0.9519              0.2464              0.0330  
forward:               0.8000             -0.9851             -0.7387              0.0334  
forward:               0.8500             -0.9656             -1.7043              0.0338  
forward:               0.9000             -0.9480             -2.6523              0.0341  
forward:               0.9500             -0.9039             -3.5563              0.0344  
forward:               1.0000             -0.8807             -4.4370              0.0346  
backward:              1.0000              0.0000             -4.4370              0.0000  
backward:              0.9500              0.8847             -3.5523              0.0062  
backward:              0.9000              0.9014             -2.6509              0.0096  
backward:              0.8500              0.9439             -1.7070              0.0117  
backward:              0.8000              0.9635             -0.7435              0.0131  
backward:              0.7500              0.9836              0.2401              0.0146  
backward:              0.7000              0.9463              1.1864              0.0170  
backward:              0.6500              0.8428              2.0292              0.0204  
backward:              0.6000              0.6548              2.6840              0.0223  
backward:              0.5500              0.4572              3.1412              0.0237  
backward:              0.5000              0.2090              3.3502              0.0248  
backward:              0.4500              0.0689              3.4191              0.0253  
backward:              0.4000              0.0335              3.4526              0.0257  
backward:              0.3500              0.0227              3.4753              0.0262  
backward:              0.3000             -0.0298              3.4455              0.0269  
backward:              0.2500             -0.0735              3.3720              0.0279  
backward:              0.2000             -0.1490              3.2231              0.0289  
backward:              0.1500             -0.2709              2.9521              0.0306  
backward:              0.1000             -0.4818              2.4703              0.0348  
backward:              0.0500             -0.9155              1.5548              0.0522  
backward:              0.0000             -1.5203              0.0345              0.0600  
Inaccuracy estimation
======================================================================================================
                   i        i+δi          P0_overlap_P1   δε(forward)/ε   δε(backward)/ε
======================================================================================================
inaccuracy:  0.00000        0.05000           37.88           -0.03            1.56
inaccuracy:  0.05000        0.10000           46.76           -0.04            0.99
inaccuracy:  0.10000        0.15000           57.53           -0.01            0.50
inaccuracy:  0.15000        0.20000           65.54           -0.01            0.28
inaccuracy:  0.20000        0.25000           69.05           -0.02            0.20
inaccuracy:  0.25000        0.30000           72.87           -0.01            0.14
inaccuracy:  0.30000        0.35000           72.82           -0.01            0.12
inaccuracy:  0.35000        0.40000           74.52           -0.01            0.11
inaccuracy:  0.40000        0.45000           76.45           -0.01            0.09
inaccuracy:  0.45000        0.50000           75.95           -0.01            0.09
inaccuracy:  0.50000        0.55000           65.89           -0.09            0.15
inaccuracy:  0.55000        0.60000           66.13           -0.12            0.09
inaccuracy:  0.60000        0.65000           66.43           -0.12            0.07
inaccuracy:  0.65000        0.70000           66.10           -0.12            0.05
inaccuracy:  0.70000        0.75000           66.98           -0.10            0.04
inaccuracy:  0.75000        0.80000           67.31           -0.11            0.04
inaccuracy:  0.80000        0.85000           66.98           -0.09            0.05
inaccuracy:  0.85000        0.90000           66.65           -0.09            0.06
inaccuracy:  0.90000        0.95000           65.68           -0.11            0.07
inaccuracy:  0.95000        1.00000           65.77           -0.09            0.08
===================================================================================================================================
                BAR        
-----------------------------------------------------------------------------------------------------------------------------------
BAR-estimator:         λ             λ+δλ          ΔΔA             ΔA            C               Δδe            δe       
                          
-----------------------------------------------------------------------------------------------------------------------------------
BAR-estimator:      0.00000        0.05000        1.5528         1.5528         1.5528         0.0126         0.0126 
BAR-estimator:      0.05000        0.10000        0.9080         2.4608         0.9080         0.0071         0.0145 
BAR-estimator:      0.10000        0.15000        0.4837         2.9445         0.4837         0.0083         0.0167 
BAR-estimator:      0.15000        0.20000        0.2689         3.2134         0.2689         0.0060         0.0177 
BAR-estimator:      0.20000        0.25000        0.1540         3.3674         0.1540         0.0049         0.0184 
BAR-estimator:      0.25000        0.30000        0.0666         3.4340         0.0666         0.0045         0.0189 
BAR-estimator:      0.30000        0.35000        0.0276         3.4616         0.0276         0.0043         0.0194 
BAR-estimator:      0.35000        0.40000       -0.0198         3.4418        -0.0198         0.0040         0.0198 
BAR-estimator:      0.40000        0.45000       -0.0391         3.4027        -0.0391         0.0033         0.0201 
BAR-estimator:      0.45000        0.50000       -0.0668         3.3359        -0.0668         0.0038         0.0205 
BAR-estimator:      0.50000        0.55000       -0.2052         3.1307        -0.2052         0.0041         0.0209 
BAR-estimator:      0.55000        0.60000       -0.4511         2.6796        -0.4511         0.0040         0.0212 
BAR-estimator:      0.60000        0.65000       -0.6580         2.0216        -0.6580         0.0049         0.0218 
BAR-estimator:      0.65000        0.70000       -0.8394         1.1822        -0.8394         0.0047         0.0223 
BAR-estimator:      0.70000        0.75000       -0.9481         0.2341        -0.9481         0.0041         0.0227 
BAR-estimator:      0.75000        0.80000       -0.9842        -0.7501        -0.9842         0.0039         0.0230 
BAR-estimator:      0.80000        0.85000       -0.9652        -1.7153        -0.9652         0.0035         0.0233 
BAR-estimator:      0.85000        0.90000       -0.9453        -2.6606        -0.9453         0.0039         0.0236 
BAR-estimator:      0.90000        0.95000       -0.9090        -3.5696        -0.9090         0.0040         0.0239 
BAR-estimator:      0.95000        1.00000       -0.8828        -4.4525        -0.8828         0.0039         0.0243 
BAR-estimator: total free energy change is -4.452451218450793 , total error is 0.024250404875925242
