#========================================================================================
#                     Free energy perturbation    
#----------------------------------------------------------------------------------------
#forward/backward          λ              ΔΔA                 ΔA                  δε   
#                                                 
#----------------------------------------------------------------------------------------
forward:               0.0000              0.0000              0.0000              0.0000  
forward:               0.0500              1.5632              1.5632              0.0173  
forward:               0.1000              0.9182              2.4814              0.0220  
forward:               0.1500              0.4944              2.9757              0.0243  
forward:               0.2000              0.2718              3.2475              0.0251  
forward:               0.2500              0.1486              3.3961              0.0259  
forward:               0.3000              0.0801              3.4763              0.0262  
forward:               0.3500              0.0194              3.4956              0.0267  
forward:               0.4000             -0.0157              3.4799              0.0272  
forward:               0.4500             -0.0473              3.4326              0.0274  
forward:               0.5000             -0.0679              3.3648              0.0276  
forward:               0.5500             -0.2012              3.1636              0.0280  
forward:               0.6000             -0.4431              2.7205              0.0285  
forward:               0.6500             -0.6627              2.0578              0.0291  
forward:               0.7000             -0.8352              1.2226              0.0299  
forward:               0.7500             -0.9520              0.2705              0.0305  
forward:               0.8000             -0.9780             -0.7075              0.0309  
forward:               0.8500             -0.9757             -1.6832              0.0313  
forward:               0.9000             -0.9371             -2.6203              0.0316  
forward:               0.9500             -0.9213             -3.5416              0.0319  
forward:               1.0000             -0.8920             -4.4336              0.0321  
backward:              1.0000              0.0000             -4.4336              0.0000  
backward:              0.9500              0.8843             -3.5493              0.0056  
backward:              0.9000              0.9076             -2.6417              0.0079  
backward:              0.8500              0.9387             -1.7030              0.0104  
backward:              0.8000              0.9614             -0.7416              0.0117  
backward:              0.7500              0.9696              0.2280              0.0133  
backward:              0.7000              0.9537              1.1817              0.0149  
backward:              0.6500              0.8311              2.0127              0.0165  
backward:              0.6000              0.6657              2.6784              0.0175  
backward:              0.5500              0.4497              3.1281              0.0183  
backward:              0.5000              0.2155              3.3436              0.0193  
backward:              0.4500              0.0591              3.4027              0.0198  
backward:              0.4000              0.0383              3.4410              0.0204  
backward:              0.3500              0.0135              3.4545              0.0212  
backward:              0.3000             -0.0323              3.4222              0.0220  
backward:              0.2500             -0.0828              3.3394              0.0230  
backward:              0.2000             -0.1528              3.1865              0.0247  
backward:              0.1500             -0.2742              2.9123              0.0275  
backward:              0.1000             -0.4794              2.4329              0.0316  
backward:              0.0500             -0.8873              1.5456              0.0402  
backward:              0.0000             -1.5575             -0.0119              0.0520  
Inaccuracy estimation
======================================================================================================
                   i        i+δi          P0_overlap_P1   δε(forward)/ε   δε(backward)/ε
======================================================================================================
inaccuracy:  0.00000        0.05000           38.58           -0.03            1.60
inaccuracy:  0.05000        0.10000           47.07           -0.03            1.04
inaccuracy:  0.10000        0.15000           56.54           -0.02            0.51
inaccuracy:  0.15000        0.20000           64.57           -0.02            0.30
inaccuracy:  0.20000        0.25000           69.38           -0.01            0.20
inaccuracy:  0.25000        0.30000           71.18           -0.01            0.15
inaccuracy:  0.30000        0.35000           73.84           -0.01            0.11
inaccuracy:  0.35000        0.40000           74.91           -0.01            0.11
inaccuracy:  0.40000        0.45000           76.02           -0.01            0.10
inaccuracy:  0.45000        0.50000           76.52           -0.01            0.09
inaccuracy:  0.50000        0.55000           64.86           -0.09            0.14
inaccuracy:  0.55000        0.60000           67.44           -0.12            0.09
inaccuracy:  0.60000        0.65000           66.71           -0.14            0.07
inaccuracy:  0.65000        0.70000           66.74           -0.13            0.05
inaccuracy:  0.70000        0.75000           67.00           -0.10            0.04
inaccuracy:  0.75000        0.80000           68.21           -0.09            0.04
inaccuracy:  0.80000        0.85000           68.22           -0.08            0.06
inaccuracy:  0.85000        0.90000           66.10           -0.10            0.06
inaccuracy:  0.90000        0.95000           67.08           -0.09            0.07
inaccuracy:  0.95000        1.00000           66.45           -0.10            0.08
===================================================================================================================================
                BAR        
-----------------------------------------------------------------------------------------------------------------------------------
BAR-estimator:         λ             λ+δλ          ΔΔA             ΔA            C               Δδe            δe       
                          
-----------------------------------------------------------------------------------------------------------------------------------
BAR-estimator:      0.00000        0.05000        1.5587         1.5587         1.5587         0.0089         0.0089 
BAR-estimator:      0.05000        0.10000        0.9141         2.4728         0.9141         0.0080         0.0120 
BAR-estimator:      0.10000        0.15000        0.4882         2.9610         0.4882         0.0066         0.0137 
BAR-estimator:      0.15000        0.20000        0.2714         3.2324         0.2714         0.0043         0.0144 
BAR-estimator:      0.20000        0.25000        0.1494         3.3818         0.1494         0.0042         0.0150 
BAR-estimator:      0.25000        0.30000        0.0795         3.4613         0.0795         0.0038         0.0154 
BAR-estimator:      0.30000        0.35000        0.0231         3.4843         0.0231         0.0038         0.0159 
BAR-estimator:      0.35000        0.40000       -0.0136         3.4707        -0.0136         0.0036         0.0163 
BAR-estimator:      0.40000        0.45000       -0.0441         3.4266        -0.0441         0.0025         0.0165 
BAR-estimator:      0.45000        0.50000       -0.0649         3.3617        -0.0649         0.0025         0.0167 
BAR-estimator:      0.50000        0.55000       -0.2075         3.1542        -0.2075         0.0037         0.0171 
BAR-estimator:      0.55000        0.60000       -0.4443         2.7099        -0.4443         0.0033         0.0174 
BAR-estimator:      0.60000        0.65000       -0.6644         2.0456        -0.6644         0.0041         0.0179 
BAR-estimator:      0.65000        0.70000       -0.8310         1.2145        -0.8310         0.0036         0.0182 
BAR-estimator:      0.70000        0.75000       -0.9511         0.2634        -0.9511         0.0039         0.0186 
BAR-estimator:      0.75000        0.80000       -0.9757        -0.7123        -0.9757         0.0046         0.0192 
BAR-estimator:      0.80000        0.85000       -0.9689        -1.6812        -0.9689         0.0035         0.0195 
BAR-estimator:      0.85000        0.90000       -0.9369        -2.6181        -0.9369         0.0040         0.0199 
BAR-estimator:      0.90000        0.95000       -0.9150        -3.5332        -0.9150         0.0038         0.0203 
BAR-estimator:      0.95000        1.00000       -0.8882        -4.4213        -0.8882         0.0034         0.0206 
BAR-estimator: total free energy change is -4.421349884593847 , total error is 0.020577509912343257
