#========================================================================================
#                     Free energy perturbation    
#----------------------------------------------------------------------------------------
#forward/backward          λ              ΔΔA                 ΔA                  δε   
#                                                 
#----------------------------------------------------------------------------------------
forward:               0.0000              0.0000              0.0000              0.0000  
forward:               0.0500              1.1078              1.1078              0.0184  
forward:               0.1000              0.5868              1.6945              0.0217  
forward:               0.1500              0.3231              2.0176              0.0237  
forward:               0.2000              0.1692              2.1868              0.0248  
forward:               0.2500              0.1008              2.2877              0.0256  
forward:               0.3000              0.0515              2.3392              0.0261  
forward:               0.3500              0.0056              2.3448              0.0265  
forward:               0.4000             -0.0188              2.3260              0.0269  
forward:               0.4500             -0.0338              2.2922              0.0272  
forward:               0.5000             -0.0579              2.2343              0.0274  
forward:               0.5500             -0.1891              2.0452              0.0280  
forward:               0.6000             -0.4716              1.5736              0.0286  
forward:               0.6500             -0.7296              0.8440              0.0294  
forward:               0.7000             -0.9525             -0.1085              0.0302  
forward:               0.7500             -1.1000             -1.2085              0.0308  
forward:               0.8000             -1.2033             -2.4118              0.0317  
forward:               0.8500             -1.2575             -3.6692              0.0322  
forward:               0.9000             -1.3002             -4.9695              0.0326  
forward:               0.9500             -1.2955             -6.2650              0.0331  
forward:               1.0000             -1.3012             -7.5662              0.0334  
backward:              1.0000              0.0000             -7.5662              0.0000  
backward:              0.9500              1.2831             -6.2831              0.0074  
backward:              0.9000              1.3021             -4.9811              0.0097  
backward:              0.8500              1.2903             -3.6907              0.0116  
backward:              0.8000              1.2598             -2.4310              0.0134  
backward:              0.7500              1.2147             -1.2162              0.0155  
backward:              0.7000              1.1029             -0.1134              0.0172  
backward:              0.6500              0.9380              0.8246              0.0189  
backward:              0.6000              0.7127              1.5373              0.0202  
backward:              0.5500              0.4717              2.0090              0.0221  
backward:              0.5000              0.1803              2.1893              0.0238  
backward:              0.4500              0.0512              2.2405              0.0243  
backward:              0.4000              0.0339              2.2744              0.0248  
backward:              0.3500              0.0126              2.2869              0.0253  
backward:              0.3000             -0.0303              2.2566              0.0268  
backward:              0.2500             -0.0531              2.2036              0.0277  
backward:              0.2000             -0.1042              2.0994              0.0289  
backward:              0.1500             -0.1811              1.9182              0.0303  
backward:              0.1000             -0.3305              1.5877              0.0328  
backward:              0.0500             -0.5872              1.0006              0.0399  
backward:              0.0000             -1.0973             -0.0967              0.0486  
Inaccuracy estimation
======================================================================================================
                   i        i+δi          P0_overlap_P1   δε(forward)/ε   δε(backward)/ε
======================================================================================================
inaccuracy:  0.00000        0.05000           43.93           -0.04            1.03
inaccuracy:  0.05000        0.10000           55.32           -0.02            0.60
inaccuracy:  0.10000        0.15000           64.06           -0.01            0.31
inaccuracy:  0.15000        0.20000           70.26           -0.01            0.20
inaccuracy:  0.20000        0.25000           72.22           -0.01            0.15
inaccuracy:  0.25000        0.30000           74.72           -0.01            0.12
inaccuracy:  0.30000        0.35000           77.61           -0.01            0.10
inaccuracy:  0.35000        0.40000           77.06           -0.01            0.09
inaccuracy:  0.40000        0.45000           77.07           -0.01            0.08
inaccuracy:  0.45000        0.50000           78.14           -0.01            0.08
inaccuracy:  0.50000        0.55000           65.85           -0.08            0.15
inaccuracy:  0.55000        0.60000           66.69           -0.11            0.09
inaccuracy:  0.60000        0.65000           66.98           -0.12            0.06
inaccuracy:  0.65000        0.70000           67.39           -0.13            0.04
inaccuracy:  0.70000        0.75000           67.15           -0.13            0.03
inaccuracy:  0.75000        0.80000           66.77           -0.12            0.02
inaccuracy:  0.80000        0.85000           66.99           -0.12            0.02
inaccuracy:  0.85000        0.90000           68.04           -0.10            0.02
inaccuracy:  0.90000        0.95000           66.64           -0.12            0.02
inaccuracy:  0.95000        1.00000           66.32           -0.10            0.02
===================================================================================================================================
                BAR        
-----------------------------------------------------------------------------------------------------------------------------------
BAR-estimator:         λ             λ+δλ          ΔΔA             ΔA            C               Δδe            δe       
                          
-----------------------------------------------------------------------------------------------------------------------------------
BAR-estimator:      0.00000        0.05000        1.0948         1.0948         1.0948         0.0103         0.0103 
BAR-estimator:      0.05000        0.10000        0.5809         1.6757         0.5809         0.0076         0.0128 
BAR-estimator:      0.10000        0.15000        0.3234         1.9990         0.3234         0.0062         0.0142 
BAR-estimator:      0.15000        0.20000        0.1721         2.1712         0.1721         0.0052         0.0152 
BAR-estimator:      0.20000        0.25000        0.1016         2.2727         0.1016         0.0042         0.0157 
BAR-estimator:      0.25000        0.30000        0.0516         2.3244         0.0516         0.0039         0.0162 
BAR-estimator:      0.30000        0.35000        0.0138         2.3382         0.0138         0.0033         0.0165 
BAR-estimator:      0.35000        0.40000       -0.0172         2.3209        -0.0172         0.0034         0.0169 
BAR-estimator:      0.40000        0.45000       -0.0322         2.2887        -0.0322         0.0033         0.0172 
BAR-estimator:      0.45000        0.50000       -0.0555         2.2332        -0.0555         0.0030         0.0175 
BAR-estimator:      0.50000        0.55000       -0.1852         2.0480        -0.1852         0.0044         0.0180 
BAR-estimator:      0.55000        0.60000       -0.4697         1.5783        -0.4697         0.0038         0.0184 
BAR-estimator:      0.60000        0.65000       -0.7223         0.8561        -0.7223         0.0041         0.0188 
BAR-estimator:      0.65000        0.70000       -0.9444        -0.0883        -0.9444         0.0041         0.0193 
BAR-estimator:      0.70000        0.75000       -1.1024        -1.1907        -1.1024         0.0044         0.0198 
BAR-estimator:      0.75000        0.80000       -1.2110        -2.4017        -1.2110         0.0042         0.0202 
BAR-estimator:      0.80000        0.85000       -1.2593        -3.6610        -1.2593         0.0041         0.0207 
BAR-estimator:      0.85000        0.90000       -1.2953        -4.9564        -1.2953         0.0041         0.0211 
BAR-estimator:      0.90000        0.95000       -1.2984        -6.2547        -1.2984         0.0044         0.0215 
BAR-estimator:      0.95000        1.00000       -1.2947        -7.5495        -1.2947         0.0041         0.0219 
BAR-estimator: total free energy change is -7.549459131913299 , total error is 0.021910658816675404
