#========================================================================================
#                     Free energy perturbation    
#----------------------------------------------------------------------------------------
#forward/backward          λ              ΔΔA                 ΔA                  δε   
#                                                 
#----------------------------------------------------------------------------------------
forward:               0.0000              0.0000              0.0000              0.0000  
forward:               0.0500              1.0799              1.0799              0.0141  
forward:               0.1000              0.5938              1.6737              0.0176  
forward:               0.1500              0.3031              1.9769              0.0190  
forward:               0.2000              0.1901              2.1669              0.0199  
forward:               0.2500              0.1074              2.2744              0.0209  
forward:               0.3000              0.0551              2.3295              0.0213  
forward:               0.3500              0.0044              2.3339              0.0217  
forward:               0.4000             -0.0156              2.3184              0.0222  
forward:               0.4500             -0.0389              2.2795              0.0225  
forward:               0.5000             -0.0480              2.2314              0.0229  
forward:               0.5500             -0.1976              2.0338              0.0234  
forward:               0.6000             -0.4586              1.5752              0.0240  
forward:               0.6500             -0.7088              0.8664              0.0247  
forward:               0.7000             -0.9312             -0.0648              0.0254  
forward:               0.7500             -1.0968             -1.1617              0.0260  
forward:               0.8000             -1.1985             -2.3602              0.0265  
forward:               0.8500             -1.2593             -3.6195              0.0271  
forward:               0.9000             -1.2835             -4.9030              0.0275  
forward:               0.9500             -1.3013             -6.2044              0.0279  
forward:               1.0000             -1.2951             -7.4995              0.0282  
backward:              1.0000              0.0000             -7.4995              0.0000  
backward:              0.9500              1.2788             -6.2207              0.0067  
backward:              0.9000              1.2768             -4.9438              0.0110  
backward:              0.8500              1.2818             -3.6621              0.0127  
backward:              0.8000              1.2558             -2.4063              0.0142  
backward:              0.7500              1.2013             -1.2050              0.0157  
backward:              0.7000              1.0975             -0.1074              0.0169  
backward:              0.6500              0.9252              0.8178              0.0181  
backward:              0.6000              0.7030              1.5208              0.0190  
backward:              0.5500              0.4604              1.9812              0.0199  
backward:              0.5000              0.1875              2.1688              0.0212  
backward:              0.4500              0.0539              2.2227              0.0217  
backward:              0.4000              0.0355              2.2582              0.0221  
backward:              0.3500              0.0149              2.2730              0.0226  
backward:              0.3000             -0.0076              2.2654              0.0234  
backward:              0.2500             -0.0500              2.2154              0.0243  
backward:              0.2000             -0.1098              2.1056              0.0263  
backward:              0.1500             -0.1921              1.9136              0.0274  
backward:              0.1000             -0.2963              1.6173              0.0289  
backward:              0.0500             -0.5902              1.0271              0.0328  
backward:              0.0000             -1.0474             -0.0203              0.0366  
Inaccuracy estimation
======================================================================================================
                   i        i+δi          P0_overlap_P1   δε(forward)/ε   δε(backward)/ε
======================================================================================================
inaccuracy:  0.00000        0.05000           43.33           -0.03            1.07
inaccuracy:  0.05000        0.10000           54.88           -0.02            0.64
inaccuracy:  0.10000        0.15000           64.89           -0.02            0.33
inaccuracy:  0.15000        0.20000           69.12           -0.01            0.19
inaccuracy:  0.20000        0.25000           71.73           -0.00            0.16
inaccuracy:  0.25000        0.30000           73.20           -0.01            0.12
inaccuracy:  0.30000        0.35000           76.21           -0.01            0.11
inaccuracy:  0.35000        0.40000           76.26           -0.01            0.10
inaccuracy:  0.40000        0.45000           77.47           -0.01            0.08
inaccuracy:  0.45000        0.50000           75.65           -0.01            0.09
inaccuracy:  0.50000        0.55000           67.10           -0.09            0.14
inaccuracy:  0.55000        0.60000           66.27           -0.12            0.09
inaccuracy:  0.60000        0.65000           65.97           -0.12            0.06
inaccuracy:  0.65000        0.70000           66.27           -0.12            0.04
inaccuracy:  0.70000        0.75000           67.03           -0.12            0.03
inaccuracy:  0.75000        0.80000           66.80           -0.11            0.02
inaccuracy:  0.80000        0.85000           67.80           -0.13            0.01
inaccuracy:  0.85000        0.90000           66.77           -0.13            0.02
inaccuracy:  0.90000        0.95000           67.41           -0.11            0.02
inaccuracy:  0.95000        1.00000           66.43           -0.13            0.02
===================================================================================================================================
                BAR        
-----------------------------------------------------------------------------------------------------------------------------------
BAR-estimator:         λ             λ+δλ          ΔΔA             ΔA            C               Δδe            δe       
                          
-----------------------------------------------------------------------------------------------------------------------------------
BAR-estimator:      0.00000        0.05000        1.0763         1.0763         1.0763         0.0081         0.0081 
BAR-estimator:      0.05000        0.10000        0.5944         1.6708         0.5944         0.0067         0.0105 
BAR-estimator:      0.10000        0.15000        0.3045         1.9752         0.3045         0.0057         0.0120 
BAR-estimator:      0.15000        0.20000        0.1871         2.1623         0.1871         0.0040         0.0126 
BAR-estimator:      0.20000        0.25000        0.1058         2.2681         0.1058         0.0037         0.0131 
BAR-estimator:      0.25000        0.30000        0.0519         2.3200         0.0519         0.0031         0.0135 
BAR-estimator:      0.30000        0.35000        0.0070         2.3270         0.0070         0.0029         0.0138 
BAR-estimator:      0.35000        0.40000       -0.0152         2.3118        -0.0152         0.0033         0.0142 
BAR-estimator:      0.40000        0.45000       -0.0376         2.2742        -0.0376         0.0027         0.0145 
BAR-estimator:      0.45000        0.50000       -0.0526         2.2216        -0.0526         0.0026         0.0147 
BAR-estimator:      0.50000        0.55000       -0.1917         2.0298        -0.1917         0.0034         0.0151 
BAR-estimator:      0.55000        0.60000       -0.4597         1.5701        -0.4597         0.0037         0.0155 
BAR-estimator:      0.60000        0.65000       -0.7045         0.8656        -0.7045         0.0036         0.0159 
BAR-estimator:      0.65000        0.70000       -0.9289        -0.0633        -0.9289         0.0040         0.0164 
BAR-estimator:      0.70000        0.75000       -1.0972        -1.1605        -1.0972         0.0036         0.0168 
BAR-estimator:      0.75000        0.80000       -1.1986        -2.3590        -1.1986         0.0035         0.0172 
BAR-estimator:      0.80000        0.85000       -1.2557        -3.6148        -1.2557         0.0036         0.0175 
BAR-estimator:      0.85000        0.90000       -1.2850        -4.8998        -1.2850         0.0036         0.0179 
BAR-estimator:      0.90000        0.95000       -1.2954        -6.1951        -1.2954         0.0037         0.0183 
BAR-estimator:      0.95000        1.00000       -1.2944        -7.4895        -1.2944         0.0035         0.0186 
BAR-estimator: total free energy change is -7.489538444520333 , total error is 0.018632578519101124
