#========================================================================================
#                     Free energy perturbation    
#----------------------------------------------------------------------------------------
#forward/backward          λ              ΔΔA                 ΔA                  δε   
#                                                 
#----------------------------------------------------------------------------------------
forward:               0.0000              0.0000              0.0000              0.0000  
forward:               0.0500              2.4262              2.4262              0.0417  
forward:               0.1000              1.2938              3.7200              0.0494  
forward:               0.1500              0.6072              4.3271              0.0514  
forward:               0.2000              0.2721              4.5992              0.0522  
forward:               0.2500              0.1088              4.7080              0.0528  
forward:               0.3000              0.0009              4.7089              0.0531  
forward:               0.3500             -0.0624              4.6465              0.0534  
forward:               0.4000             -0.1141              4.5323              0.0537  
forward:               0.4500             -0.1599              4.3724              0.0538  
forward:               0.5000             -0.1880              4.1844              0.0541  
forward:               0.5500             -0.2305              3.9539              0.0543  
forward:               0.6000             -0.2981              3.6558              0.0544  
forward:               0.6500             -0.3412              3.3146              0.0545  
forward:               0.7000             -0.3875              2.9270              0.0546  
forward:               0.7500             -0.4098              2.5172              0.0547  
forward:               0.8000             -0.4518              2.0654              0.0549  
forward:               0.8500             -0.4673              1.5981              0.0550  
forward:               0.9000             -0.4896              1.1085              0.0551  
forward:               0.9500             -0.5084              0.6001              0.0552  
forward:               1.0000             -0.5228              0.0773              0.0553  
backward:              1.0000              0.0000              0.0773              0.0000  
backward:              0.9500              0.5270              0.6043              0.0048  
backward:              0.9000              0.5115              1.1157              0.0062  
backward:              0.8500              0.4876              1.6033              0.0072  
backward:              0.8000              0.4623              2.0656              0.0083  
backward:              0.7500              0.4496              2.5152              0.0093  
backward:              0.7000              0.4063              2.9215              0.0102  
backward:              0.6500              0.3863              3.3079              0.0111  
backward:              0.6000              0.3366              3.6445              0.0118  
backward:              0.5500              0.2986              3.9431              0.0128  
backward:              0.5000              0.2217              4.1648              0.0137  
backward:              0.4500              0.2015              4.3662              0.0145  
backward:              0.4000              0.1458              4.5120              0.0155  
backward:              0.3500              0.1167              4.6288              0.0164  
backward:              0.3000              0.0625              4.6913              0.0196  
backward:              0.2500             -0.0064              4.6849              0.0212  
backward:              0.2000             -0.0952              4.5897              0.0238  
backward:              0.1500             -0.2928              4.2968              0.0284  
backward:              0.1000             -0.6289              3.6679              0.0339  
backward:              0.0500             -1.3683              2.2995              0.0466  
backward:              0.0000             -2.5154             -0.2159              0.0999  
Inaccuracy estimation
======================================================================================================
                   i        i+δi          P0_overlap_P1   δε(forward)/ε   δε(backward)/ε
======================================================================================================
inaccuracy:  0.00000        0.05000           27.02            0.05            3.34
inaccuracy:  0.05000        0.10000           39.61           -0.04            1.58
inaccuracy:  0.10000        0.15000           51.87           -0.03            0.76
inaccuracy:  0.15000        0.20000           61.37           -0.02            0.36
inaccuracy:  0.20000        0.25000           65.06           -0.02            0.24
inaccuracy:  0.25000        0.30000           69.91           -0.01            0.16
inaccuracy:  0.30000        0.35000           71.37           -0.02            0.13
inaccuracy:  0.35000        0.40000           72.92           -0.02            0.11
inaccuracy:  0.40000        0.45000           75.57           -0.01            0.09
inaccuracy:  0.45000        0.50000           73.81           -0.02            0.09
inaccuracy:  0.50000        0.55000           73.13           -0.04            0.09
inaccuracy:  0.55000        0.60000           73.19           -0.03            0.07
inaccuracy:  0.60000        0.65000           75.04           -0.03            0.07
inaccuracy:  0.65000        0.70000           74.72           -0.03            0.06
inaccuracy:  0.70000        0.75000           74.87           -0.03            0.06
inaccuracy:  0.75000        0.80000           74.85           -0.04            0.05
inaccuracy:  0.80000        0.85000           75.10           -0.03            0.05
inaccuracy:  0.85000        0.90000           74.90           -0.04            0.05
inaccuracy:  0.90000        0.95000           74.67           -0.04            0.05
inaccuracy:  0.95000        1.00000           74.21           -0.04            0.05
===================================================================================================================================
                BAR        
-----------------------------------------------------------------------------------------------------------------------------------
BAR-estimator:         λ             λ+δλ          ΔΔA             ΔA            C               Δδe            δe       
                          
-----------------------------------------------------------------------------------------------------------------------------------
BAR-estimator:      0.00000        0.05000        2.4643         2.4643         2.4643         0.0155         0.0155 
BAR-estimator:      0.05000        0.10000        1.3488         3.8131         1.3488         0.0134         0.0205 
BAR-estimator:      0.10000        0.15000        0.6195         4.4326         0.6195         0.0090         0.0224 
BAR-estimator:      0.15000        0.20000        0.2791         4.7117         0.2791         0.0065         0.0233 
BAR-estimator:      0.20000        0.25000        0.1035         4.8152         0.1035         0.0049         0.0238 
BAR-estimator:      0.25000        0.30000        0.0024         4.8176         0.0024         0.0040         0.0241 
BAR-estimator:      0.30000        0.35000       -0.0620         4.7556        -0.0620         0.0037         0.0244 
BAR-estimator:      0.35000        0.40000       -0.1141         4.6416        -0.1141         0.0038         0.0247 
BAR-estimator:      0.40000        0.45000       -0.1542         4.4873        -0.1542         0.0031         0.0249 
BAR-estimator:      0.45000        0.50000       -0.1921         4.2952        -0.1921         0.0034         0.0251 
BAR-estimator:      0.50000        0.55000       -0.2280         4.0672        -0.2280         0.0033         0.0253 
BAR-estimator:      0.55000        0.60000       -0.2987         3.7686        -0.2987         0.0029         0.0255 
BAR-estimator:      0.60000        0.65000       -0.3394         3.4291        -0.3394         0.0032         0.0257 
BAR-estimator:      0.65000        0.70000       -0.3866         3.0426        -0.3866         0.0026         0.0258 
BAR-estimator:      0.70000        0.75000       -0.4084         2.6342        -0.4084         0.0031         0.0260 
BAR-estimator:      0.75000        0.80000       -0.4513         2.1829        -0.4513         0.0030         0.0262 
BAR-estimator:      0.80000        0.85000       -0.4668         1.7161        -0.4668         0.0031         0.0264 
BAR-estimator:      0.85000        0.90000       -0.4882         1.2279        -0.4882         0.0031         0.0266 
BAR-estimator:      0.90000        0.95000       -0.5097         0.7182        -0.5097         0.0032         0.0268 
BAR-estimator:      0.95000        1.00000       -0.5248         0.1934        -0.5248         0.0030         0.0269 
BAR-estimator: total free energy change is 0.19343664594867727 , total error is 0.02692330156638144
