#========================================================================================
#                     Free energy perturbation    
#----------------------------------------------------------------------------------------
#forward/backward          λ              ΔΔA                 ΔA                  δε   
#                                                 
#----------------------------------------------------------------------------------------
forward:               0.0000              0.0000              0.0000              0.0000  
forward:               0.0500              2.5064              2.5064              0.0311  
forward:               0.1000              1.3148              3.8212              0.0388  
forward:               0.1500              0.6680              4.4891              0.0422  
forward:               0.2000              0.2837              4.7729              0.0431  
forward:               0.2500              0.1104              4.8832              0.0438  
forward:               0.3000              0.0109              4.8941              0.0442  
forward:               0.3500             -0.0643              4.8298              0.0445  
forward:               0.4000             -0.1059              4.7239              0.0450  
forward:               0.4500             -0.1442              4.5798              0.0452  
forward:               0.5000             -0.1756              4.4042              0.0454  
forward:               0.5500             -0.2283              4.1759              0.0456  
forward:               0.6000             -0.2881              3.8877              0.0458  
forward:               0.6500             -0.3385              3.5492              0.0459  
forward:               0.7000             -0.3790              3.1703              0.0461  
forward:               0.7500             -0.4141              2.7561              0.0462  
forward:               0.8000             -0.4360              2.3202              0.0463  
forward:               0.8500             -0.4603              1.8598              0.0465  
forward:               0.9000             -0.4821              1.3778              0.0466  
forward:               0.9500             -0.5132              0.8646              0.0467  
forward:               1.0000             -0.5278              0.3368              0.0468  
backward:              1.0000              0.0000              0.3368              0.0000  
backward:              0.9500              0.5232              0.8600              0.0041  
backward:              0.9000              0.5014              1.3614              0.0058  
backward:              0.8500              0.4851              1.8465              0.0072  
backward:              0.8000              0.4633              2.3098              0.0079  
backward:              0.7500              0.4417              2.7515              0.0089  
backward:              0.7000              0.4122              3.1638              0.0098  
backward:              0.6500              0.3757              3.5395              0.0108  
backward:              0.6000              0.3349              3.8744              0.0118  
backward:              0.5500              0.2872              4.1616              0.0128  
backward:              0.5000              0.2263              4.3879              0.0138  
backward:              0.4500              0.1789              4.5668              0.0147  
backward:              0.4000              0.1466              4.7133              0.0156  
backward:              0.3500              0.1004              4.8138              0.0165  
backward:              0.3000              0.0621              4.8759              0.0175  
backward:              0.2500             -0.0009              4.8750              0.0188  
backward:              0.2000             -0.1249              4.7502              0.0207  
backward:              0.1500             -0.2994              4.4508              0.0251  
backward:              0.1000             -0.6490              3.8018              0.0306  
backward:              0.0500             -1.3974              2.4043              0.0513  
backward:              0.0000             -2.4245             -0.0201              0.0847  
Inaccuracy estimation
======================================================================================================
                   i        i+δi          P0_overlap_P1   δε(forward)/ε   δε(backward)/ε
======================================================================================================
inaccuracy:  0.00000        0.05000           26.26            0.10            3.41
inaccuracy:  0.05000        0.10000           39.39           -0.05            1.63
inaccuracy:  0.10000        0.15000           50.08           -0.04            0.78
inaccuracy:  0.15000        0.20000           60.91           -0.03            0.38
inaccuracy:  0.20000        0.25000           66.74           -0.02            0.23
inaccuracy:  0.25000        0.30000           69.48           -0.03            0.17
inaccuracy:  0.30000        0.35000           71.96           -0.02            0.13
inaccuracy:  0.35000        0.40000           73.22           -0.02            0.11
inaccuracy:  0.40000        0.45000           73.27           -0.02            0.09
inaccuracy:  0.45000        0.50000           73.87           -0.02            0.09
inaccuracy:  0.50000        0.55000           73.04           -0.03            0.09
inaccuracy:  0.55000        0.60000           73.76           -0.03            0.08
inaccuracy:  0.60000        0.65000           74.23           -0.03            0.07
inaccuracy:  0.65000        0.70000           74.69           -0.03            0.06
inaccuracy:  0.70000        0.75000           74.88           -0.03            0.06
inaccuracy:  0.75000        0.80000           74.42           -0.03            0.05
inaccuracy:  0.80000        0.85000           74.42           -0.03            0.05
inaccuracy:  0.85000        0.90000           74.70           -0.04            0.05
inaccuracy:  0.90000        0.95000           74.83           -0.03            0.05
inaccuracy:  0.95000        1.00000           74.96           -0.03            0.05
===================================================================================================================================
                BAR        
-----------------------------------------------------------------------------------------------------------------------------------
BAR-estimator:         λ             λ+δλ          ΔΔA             ΔA            C               Δδe            δe       
                          
-----------------------------------------------------------------------------------------------------------------------------------
BAR-estimator:      0.00000        0.05000        2.4879         2.4879         2.4879         0.0126         0.0126 
BAR-estimator:      0.05000        0.10000        1.3606         3.8484         1.3606         0.0115         0.0171 
BAR-estimator:      0.10000        0.15000        0.6623         4.5107         0.6623         0.0105         0.0200 
BAR-estimator:      0.15000        0.20000        0.2841         4.7947         0.2841         0.0054         0.0208 
BAR-estimator:      0.20000        0.25000        0.1153         4.9101         0.1153         0.0050         0.0213 
BAR-estimator:      0.25000        0.30000        0.0084         4.9185         0.0084         0.0040         0.0217 
BAR-estimator:      0.30000        0.35000       -0.0636         4.8549        -0.0636         0.0034         0.0220 
BAR-estimator:      0.35000        0.40000       -0.1043         4.7506        -0.1043         0.0043         0.0224 
BAR-estimator:      0.40000        0.45000       -0.1456         4.6050        -0.1456         0.0027         0.0226 
BAR-estimator:      0.45000        0.50000       -0.1759         4.4291        -0.1759         0.0029         0.0228 
BAR-estimator:      0.50000        0.55000       -0.2271         4.2020        -0.2271         0.0031         0.0230 
BAR-estimator:      0.55000        0.60000       -0.2866         3.9153        -0.2866         0.0028         0.0231 
BAR-estimator:      0.60000        0.65000       -0.3376         3.5777        -0.3376         0.0027         0.0233 
BAR-estimator:      0.65000        0.70000       -0.3784         3.1993        -0.3784         0.0028         0.0234 
BAR-estimator:      0.70000        0.75000       -0.4130         2.7863        -0.4130         0.0027         0.0236 
BAR-estimator:      0.75000        0.80000       -0.4377         2.3486        -0.4377         0.0028         0.0238 
BAR-estimator:      0.80000        0.85000       -0.4624         1.8862        -0.4624         0.0025         0.0239 
BAR-estimator:      0.85000        0.90000       -0.4829         1.4033        -0.4829         0.0030         0.0241 
BAR-estimator:      0.90000        0.95000       -0.5089         0.8944        -0.5089         0.0030         0.0243 
BAR-estimator:      0.95000        1.00000       -0.5259         0.3685        -0.5259         0.0028         0.0244 
BAR-estimator: total free energy change is 0.36854942459750983 , total error is 0.02441574890729251
