#========================================================================================
#                     Free energy perturbation    
#----------------------------------------------------------------------------------------
#forward/backward          λ              ΔΔA                 ΔA                  δε   
#                                                 
#----------------------------------------------------------------------------------------
forward:               0.0000              0.0000              0.0000              0.0000  
forward:               0.0500              1.5148              1.5148              0.0260  
forward:               0.1000              0.7514              2.2662              0.0304  
forward:               0.1500              0.4081              2.6743              0.0326  
forward:               0.2000              0.2143              2.8886              0.0333  
forward:               0.2500              0.1189              3.0074              0.0340  
forward:               0.3000              0.0633              3.0707              0.0344  
forward:               0.3500              0.0213              3.0920              0.0349  
forward:               0.4000             -0.0116              3.0804              0.0352  
forward:               0.4500             -0.0292              3.0511              0.0352  
forward:               0.5000             -0.0533              2.9978              0.0355  
forward:               0.5500             -0.0893              2.9085              0.0357  
forward:               0.6000             -0.1446              2.7639              0.0358  
forward:               0.6500             -0.1762              2.5878              0.0361  
forward:               0.7000             -0.2097              2.3780              0.0362  
forward:               0.7500             -0.2275              2.1506              0.0364  
forward:               0.8000             -0.2535              1.8971              0.0366  
forward:               0.8500             -0.2717              1.6253              0.0367  
forward:               0.9000             -0.2912              1.3341              0.0368  
forward:               0.9500             -0.3051              1.0290              0.0370  
forward:               1.0000             -0.3105              0.7185              0.0371  
backward:              1.0000              0.0000              0.7185              0.0000  
backward:              0.9500              0.3099              1.0284              0.0034  
backward:              0.9000              0.2947              1.3231              0.0050  
backward:              0.8500              0.2911              1.6142              0.0062  
backward:              0.8000              0.2696              1.8837              0.0074  
backward:              0.7500              0.2536              2.1373              0.0081  
backward:              0.7000              0.2287              2.3660              0.0090  
backward:              0.6500              0.2092              2.5752              0.0096  
backward:              0.6000              0.1770              2.7522              0.0103  
backward:              0.5500              0.1367              2.8889              0.0114  
backward:              0.5000              0.0874              2.9763              0.0124  
backward:              0.4500              0.0460              3.0223              0.0131  
backward:              0.4000              0.0246              3.0469              0.0139  
backward:              0.3500              0.0131              3.0600              0.0147  
backward:              0.3000             -0.0243              3.0357              0.0158  
backward:              0.2500             -0.0570              2.9787              0.0164  
backward:              0.2000             -0.1367              2.8420              0.0181  
backward:              0.1500             -0.2175              2.6245              0.0206  
backward:              0.1000             -0.4155              2.2090              0.0291  
backward:              0.0500             -0.8138              1.3952              0.0491  
backward:              0.0000             -1.5197             -0.1245              0.0612  
Inaccuracy estimation
======================================================================================================
                   i        i+δi          P0_overlap_P1   δε(forward)/ε   δε(backward)/ε
======================================================================================================
inaccuracy:  0.00000        0.05000           36.18           -0.03            1.93
inaccuracy:  0.05000        0.10000           51.85           -0.02            0.81
inaccuracy:  0.10000        0.15000           61.35           -0.01            0.41
inaccuracy:  0.15000        0.20000           69.23           -0.01            0.23
inaccuracy:  0.20000        0.25000           73.07           -0.01            0.15
inaccuracy:  0.25000        0.30000           73.91           -0.01            0.13
inaccuracy:  0.30000        0.35000           76.25           -0.01            0.11
inaccuracy:  0.35000        0.40000           76.36           -0.01            0.09
inaccuracy:  0.40000        0.45000           77.39           -0.01            0.08
inaccuracy:  0.45000        0.50000           78.40           -0.01            0.07
inaccuracy:  0.50000        0.55000           76.37           -0.02            0.08
inaccuracy:  0.55000        0.60000           77.50           -0.02            0.07
inaccuracy:  0.60000        0.65000           77.50           -0.02            0.06
inaccuracy:  0.65000        0.70000           78.03           -0.02            0.06
inaccuracy:  0.70000        0.75000           77.65           -0.02            0.06
inaccuracy:  0.75000        0.80000           78.38           -0.02            0.06
inaccuracy:  0.80000        0.85000           77.98           -0.01            0.05
inaccuracy:  0.85000        0.90000           77.64           -0.02            0.05
inaccuracy:  0.90000        0.95000           78.85           -0.02            0.04
inaccuracy:  0.95000        1.00000           77.66           -0.02            0.05
===================================================================================================================================
                BAR        
-----------------------------------------------------------------------------------------------------------------------------------
BAR-estimator:         λ             λ+δλ          ΔΔA             ΔA            C               Δδe            δe       
                          
-----------------------------------------------------------------------------------------------------------------------------------
BAR-estimator:      0.00000        0.05000        1.5188         1.5188         1.5188         0.0131         0.0131 
BAR-estimator:      0.05000        0.10000        0.7669         2.2857         0.7669         0.0095         0.0162 
BAR-estimator:      0.10000        0.15000        0.4059         2.6916         0.4059         0.0074         0.0178 
BAR-estimator:      0.15000        0.20000        0.2179         2.9094         0.2179         0.0049         0.0185 
BAR-estimator:      0.20000        0.25000        0.1248         3.0342         0.1248         0.0042         0.0189 
BAR-estimator:      0.25000        0.30000        0.0625         3.0967         0.0625         0.0036         0.0193 
BAR-estimator:      0.30000        0.35000        0.0233         3.1200         0.0233         0.0036         0.0196 
BAR-estimator:      0.35000        0.40000       -0.0127         3.1073        -0.0127         0.0023         0.0197 
BAR-estimator:      0.40000        0.45000       -0.0285         3.0787        -0.0285         0.0028         0.0199 
BAR-estimator:      0.45000        0.50000       -0.0509         3.0278        -0.0509         0.0028         0.0201 
BAR-estimator:      0.50000        0.55000       -0.0877         2.9400        -0.0877         0.0026         0.0203 
BAR-estimator:      0.55000        0.60000       -0.1423         2.7977        -0.1423         0.0026         0.0205 
BAR-estimator:      0.60000        0.65000       -0.1746         2.6231        -0.1746         0.0028         0.0207 
BAR-estimator:      0.65000        0.70000       -0.2089         2.4142        -0.2089         0.0024         0.0208 
BAR-estimator:      0.70000        0.75000       -0.2273         2.1868        -0.2273         0.0025         0.0210 
BAR-estimator:      0.75000        0.80000       -0.2526         1.9343        -0.2526         0.0027         0.0211 
BAR-estimator:      0.80000        0.85000       -0.2709         1.6634        -0.2709         0.0026         0.0213 
BAR-estimator:      0.85000        0.90000       -0.2921         1.3713        -0.2921         0.0026         0.0214 
BAR-estimator:      0.90000        0.95000       -0.3008         1.0705        -0.3008         0.0028         0.0216 
BAR-estimator:      0.95000        1.00000       -0.3104         0.7601        -0.3104         0.0027         0.0218 
BAR-estimator: total free energy change is 0.7601086901295622 , total error is 0.021791954906209835
