#========================================================================================
#                     Free energy perturbation    
#----------------------------------------------------------------------------------------
#forward/backward          λ              ΔΔA                 ΔA                  δε   
#                                                 
#----------------------------------------------------------------------------------------
forward:               0.0000              0.0000              0.0000              0.0000  
forward:               0.0500              1.5326              1.5326              0.0203  
forward:               0.1000              0.7822              2.3148              0.0245  
forward:               0.1500              0.4235              2.7383              0.0266  
forward:               0.2000              0.2294              2.9678              0.0274  
forward:               0.2500              0.1321              3.0999              0.0280  
forward:               0.3000              0.0811              3.1810              0.0284  
forward:               0.3500              0.0270              3.2080              0.0287  
forward:               0.4000             -0.0074              3.2007              0.0290  
forward:               0.4500             -0.0239              3.1768              0.0293  
forward:               0.5000             -0.0500              3.1268              0.0299  
forward:               0.5500             -0.0833              3.0435              0.0302  
forward:               0.6000             -0.1327              2.9108              0.0304  
forward:               0.6500             -0.1736              2.7371              0.0306  
forward:               0.7000             -0.2052              2.5320              0.0307  
forward:               0.7500             -0.2358              2.2962              0.0309  
forward:               0.8000             -0.2505              2.0457              0.0310  
forward:               0.8500             -0.2696              1.7762              0.0311  
forward:               0.9000             -0.2904              1.4857              0.0313  
forward:               0.9500             -0.3061              1.1796              0.0314  
forward:               1.0000             -0.3145              0.8651              0.0315  
backward:              1.0000              0.0000              0.8651              0.0000  
backward:              0.9500              0.3162              1.1813              0.0035  
backward:              0.9000              0.3054              1.4867              0.0049  
backward:              0.8500              0.2851              1.7717              0.0062  
backward:              0.8000              0.2731              2.0448              0.0072  
backward:              0.7500              0.2481              2.2929              0.0080  
backward:              0.7000              0.2334              2.5262              0.0090  
backward:              0.6500              0.1969              2.7231              0.0097  
backward:              0.6000              0.1796              2.9028              0.0105  
backward:              0.5500              0.1331              3.0359              0.0113  
backward:              0.5000              0.0805              3.1164              0.0121  
backward:              0.4500              0.0427              3.1591              0.0129  
backward:              0.4000              0.0217              3.1808              0.0138  
backward:              0.3500              0.0032              3.1840              0.0147  
backward:              0.3000             -0.0320              3.1520              0.0156  
backward:              0.2500             -0.0746              3.0774              0.0169  
backward:              0.2000             -0.1269              2.9505              0.0190  
backward:              0.1500             -0.2165              2.7339              0.0204  
backward:              0.1000             -0.4147              2.3192              0.0245  
backward:              0.0500             -0.8635              1.4558              0.0495  
backward:              0.0000             -1.4522              0.0036              0.0774  
Inaccuracy estimation
======================================================================================================
                   i        i+δi          P0_overlap_P1   δε(forward)/ε   δε(backward)/ε
======================================================================================================
inaccuracy:  0.00000        0.05000           36.34           -0.03            1.94
inaccuracy:  0.05000        0.10000           51.22           -0.02            0.79
inaccuracy:  0.10000        0.15000           60.56           -0.01            0.43
inaccuracy:  0.15000        0.20000           68.02           -0.01            0.24
inaccuracy:  0.20000        0.25000           71.06           -0.01            0.16
inaccuracy:  0.25000        0.30000           73.14           -0.01            0.13
inaccuracy:  0.30000        0.35000           76.28           -0.01            0.10
inaccuracy:  0.35000        0.40000           76.75           -0.01            0.09
inaccuracy:  0.40000        0.45000           77.24           -0.01            0.09
inaccuracy:  0.45000        0.50000           78.21           -0.01            0.07
inaccuracy:  0.50000        0.55000           76.29           -0.02            0.07
inaccuracy:  0.55000        0.60000           76.40           -0.02            0.07
inaccuracy:  0.60000        0.65000           76.79           -0.02            0.06
inaccuracy:  0.65000        0.70000           78.42           -0.02            0.06
inaccuracy:  0.70000        0.75000           77.88           -0.02            0.05
inaccuracy:  0.75000        0.80000           77.82           -0.02            0.05
inaccuracy:  0.80000        0.85000           77.17           -0.02            0.05
inaccuracy:  0.85000        0.90000           78.12           -0.02            0.05
inaccuracy:  0.90000        0.95000           78.13           -0.02            0.05
inaccuracy:  0.95000        1.00000           77.20           -0.02            0.05
===================================================================================================================================
                BAR        
-----------------------------------------------------------------------------------------------------------------------------------
BAR-estimator:         λ             λ+δλ          ΔΔA             ΔA            C               Δδe            δe       
                          
-----------------------------------------------------------------------------------------------------------------------------------
BAR-estimator:      0.00000        0.05000        1.5139         1.5139         1.5139         0.0101         0.0101 
BAR-estimator:      0.05000        0.10000        0.7981         2.3120         0.7981         0.0083         0.0131 
BAR-estimator:      0.10000        0.15000        0.4200         2.7320         0.4200         0.0065         0.0146 
BAR-estimator:      0.15000        0.20000        0.2273         2.9592         0.2273         0.0042         0.0152 
BAR-estimator:      0.20000        0.25000        0.1291         3.0883         0.1291         0.0037         0.0156 
BAR-estimator:      0.25000        0.30000        0.0771         3.1654         0.0771         0.0038         0.0161 
BAR-estimator:      0.30000        0.35000        0.0305         3.1959         0.0305         0.0029         0.0164 
BAR-estimator:      0.35000        0.40000       -0.0051         3.1908        -0.0051         0.0027         0.0166 
BAR-estimator:      0.40000        0.45000       -0.0244         3.1664        -0.0244         0.0029         0.0168 
BAR-estimator:      0.45000        0.50000       -0.0480         3.1184        -0.0480         0.0043         0.0174 
BAR-estimator:      0.50000        0.55000       -0.0828         3.0356        -0.0828         0.0028         0.0176 
BAR-estimator:      0.55000        0.60000       -0.1324         2.9031        -0.1324         0.0030         0.0179 
BAR-estimator:      0.60000        0.65000       -0.1759         2.7273        -0.1759         0.0024         0.0180 
BAR-estimator:      0.65000        0.70000       -0.2018         2.5255        -0.2018         0.0024         0.0182 
BAR-estimator:      0.70000        0.75000       -0.2351         2.2904        -0.2351         0.0024         0.0184 
BAR-estimator:      0.75000        0.80000       -0.2489         2.0415        -0.2489         0.0024         0.0185 
BAR-estimator:      0.80000        0.85000       -0.2723         1.7692        -0.2723         0.0024         0.0187 
BAR-estimator:      0.85000        0.90000       -0.2894         1.4799        -0.2894         0.0026         0.0188 
BAR-estimator:      0.90000        0.95000       -0.3048         1.1751        -0.3048         0.0024         0.0190 
BAR-estimator:      0.95000        1.00000       -0.3155         0.8596        -0.3155         0.0023         0.0191 
BAR-estimator: total free energy change is 0.8595772556519568 , total error is 0.019142808833625718
