#========================================================================================
#                     Free energy perturbation    
#----------------------------------------------------------------------------------------
#forward/backward          λ              ΔΔA                 ΔA                  δε   
#                                                 
#----------------------------------------------------------------------------------------
forward:               0.0000              0.0000              0.0000              0.0000  
forward:               0.0500              1.3137              1.3137              0.0212  
forward:               0.1000              0.6417              1.9554              0.0282  
forward:               0.1500              0.2822              2.2376              0.0297  
forward:               0.2000              0.0908              2.3284              0.0306  
forward:               0.2500             -0.0221              2.3063              0.0312  
forward:               0.3000             -0.0861              2.2202              0.0316  
forward:               0.3500             -0.1253              2.0949              0.0320  
forward:               0.4000             -0.1663              1.9287              0.0323  
forward:               0.4500             -0.1863              1.7423              0.0325  
forward:               0.5000             -0.2226              1.5197              0.0327  
forward:               0.5500             -0.7082              0.8115              0.0339  
forward:               0.6000             -1.3823             -0.5708              0.0355  
forward:               0.6500             -2.0070             -2.5779              0.0379  
forward:               0.7000             -2.4726             -5.0504              0.0410  
forward:               0.7500             -2.7455             -7.7959              0.0422  
forward:               0.8000             -2.8335            -10.6294              0.0430  
forward:               0.8500             -2.7540            -13.3834              0.0438  
forward:               0.9000             -2.6494            -16.0328              0.0441  
forward:               0.9500             -2.4965            -18.5293              0.0445  
forward:               1.0000             -2.3562            -20.8855              0.0450  
backward:              1.0000              0.0000            -20.8855              0.0000  
backward:              0.9500              2.3472            -18.5383              0.0107  
backward:              0.9000              2.4877            -16.0506              0.0158  
backward:              0.8500              2.6452            -13.4055              0.0207  
backward:              0.8000              2.7517            -10.6537              0.0243  
backward:              0.7500              2.8269             -7.8268              0.0261  
backward:              0.7000              2.7565             -5.0703              0.0302  
backward:              0.6500              2.4783             -2.5920              0.0326  
backward:              0.6000              2.0044             -0.5876              0.0345  
backward:              0.5500              1.3816              0.7940              0.0358  
backward:              0.5000              0.6784              1.4724              0.0389  
backward:              0.4500              0.2189              1.6913              0.0391  
backward:              0.4000              0.1934              1.8847              0.0394  
backward:              0.3500              0.1616              2.0463              0.0397  
backward:              0.3000              0.1252              2.1714              0.0402  
backward:              0.2500              0.0830              2.2544              0.0408  
backward:              0.2000              0.0151              2.2695              0.0414  
backward:              0.1500             -0.0612              2.2083              0.0434  
backward:              0.1000             -0.2738              1.9345              0.0478  
backward:              0.0500             -0.6854              1.2491              0.0605  
backward:              0.0000             -1.3142             -0.0652              0.0722  
Inaccuracy estimation
======================================================================================================
                   i        i+δi          P0_overlap_P1   δε(forward)/ε   δε(backward)/ε
======================================================================================================
inaccuracy:  0.00000        0.05000           37.37           -0.06            1.48
inaccuracy:  0.05000        0.10000           50.59           -0.03            0.86
inaccuracy:  0.10000        0.15000           60.09           -0.02            0.42
inaccuracy:  0.15000        0.20000           66.06           -0.01            0.23
inaccuracy:  0.20000        0.25000           71.86           -0.01            0.16
inaccuracy:  0.25000        0.30000           72.90           -0.01            0.12
inaccuracy:  0.30000        0.35000           74.75           -0.01            0.09
inaccuracy:  0.35000        0.40000           76.02           -0.02            0.08
inaccuracy:  0.40000        0.45000           75.49           -0.01            0.08
inaccuracy:  0.45000        0.50000           77.04           -0.01            0.07
inaccuracy:  0.50000        0.55000           54.41           -0.26            0.22
inaccuracy:  0.55000        0.60000           54.84           -0.41            0.05
inaccuracy:  0.60000        0.65000           52.93           -0.51           -0.05
inaccuracy:  0.65000        0.70000           53.86           -0.52           -0.13
inaccuracy:  0.70000        0.75000           54.86           -0.53           -0.16
inaccuracy:  0.75000        0.80000           55.63           -0.39           -0.17
inaccuracy:  0.80000        0.85000           54.28           -0.42           -0.14
inaccuracy:  0.85000        0.90000           53.74           -0.40           -0.13
inaccuracy:  0.90000        0.95000           52.74           -0.46           -0.09
inaccuracy:  0.95000        1.00000           50.86           -0.43           -0.06
===================================================================================================================================
                BAR        
-----------------------------------------------------------------------------------------------------------------------------------
BAR-estimator:         λ             λ+δλ          ΔΔA             ΔA            C               Δδe            δe       
                          
-----------------------------------------------------------------------------------------------------------------------------------
BAR-estimator:      0.00000        0.05000        1.3179         1.3179         1.3179         0.0116         0.0116 
BAR-estimator:      0.05000        0.10000        0.6563         1.9742         0.6563         0.0112         0.0161 
BAR-estimator:      0.10000        0.15000        0.2769         2.2511         0.2769         0.0063         0.0172 
BAR-estimator:      0.15000        0.20000        0.0810         2.3321         0.0810         0.0049         0.0179 
BAR-estimator:      0.20000        0.25000       -0.0178         2.3143        -0.0178         0.0043         0.0184 
BAR-estimator:      0.25000        0.30000       -0.0874         2.2269        -0.0874         0.0041         0.0189 
BAR-estimator:      0.30000        0.35000       -0.1268         2.1001        -0.1268         0.0038         0.0193 
BAR-estimator:      0.35000        0.40000       -0.1664         1.9337        -0.1664         0.0033         0.0195 
BAR-estimator:      0.40000        0.45000       -0.1888         1.7449        -0.1888         0.0026         0.0197 
BAR-estimator:      0.45000        0.50000       -0.2206         1.5243        -0.2206         0.0026         0.0199 
BAR-estimator:      0.50000        0.55000       -0.6944         0.8300        -0.6944         0.0074         0.0212 
BAR-estimator:      0.55000        0.60000       -1.3793        -0.5494        -1.3793         0.0051         0.0218 
BAR-estimator:      0.60000        0.65000       -1.9986        -2.5480        -1.9986         0.0061         0.0226 
BAR-estimator:      0.65000        0.70000       -2.4760        -5.0241        -2.4760         0.0065         0.0236 
BAR-estimator:      0.70000        0.75000       -2.7541        -7.7782        -2.7541         0.0058         0.0243 
BAR-estimator:      0.75000        0.80000       -2.8228       -10.6010        -2.8228         0.0047         0.0247 
BAR-estimator:      0.80000        0.85000       -2.7572       -13.3581        -2.7572         0.0052         0.0253 
BAR-estimator:      0.85000        0.90000       -2.6474       -16.0055        -2.6474         0.0050         0.0258 
BAR-estimator:      0.90000        0.95000       -2.4944       -18.4999        -2.4944         0.0054         0.0263 
BAR-estimator:      0.95000        1.00000       -2.3550       -20.8550        -2.3550         0.0066         0.0272 
BAR-estimator: total free energy change is -20.85496622329782 , total error is 0.02716875942794996
