#========================================================================================
#                     Free energy perturbation    
#----------------------------------------------------------------------------------------
#forward/backward          λ              ΔΔA                 ΔA                  δε   
#                                                 
#----------------------------------------------------------------------------------------
forward:               0.0000              0.0000              0.0000              0.0000  
forward:               0.0500              0.1930              0.1930              0.0051  
forward:               0.1000              0.1645              0.3575              0.0065  
forward:               0.1500              0.1541              0.5116              0.0074  
forward:               0.2000              0.1386              0.6502              0.0081  
forward:               0.2500              0.1372              0.7874              0.0086  
forward:               0.3000              0.1297              0.9171              0.0091  
forward:               0.3500              0.1291              1.0462              0.0096  
forward:               0.4000              0.1188              1.1649              0.0099  
forward:               0.4500              0.1239              1.2889              0.0103  
forward:               0.5000              0.1174              1.4062              0.0106  
forward:               0.5500             -0.0013              1.4050              0.0114  
forward:               0.6000             -0.1990              1.2059              0.0125  
forward:               0.6500             -0.3732              0.8327              0.0129  
forward:               0.7000             -0.5435              0.2892              0.0147  
forward:               0.7500             -0.6312             -0.3420              0.0157  
forward:               0.8000             -0.6173             -0.9593              0.0162  
forward:               0.8500             -0.5696             -1.5289              0.0166  
forward:               0.9000             -0.5136             -2.0425              0.0170  
forward:               0.9500             -0.4568             -2.4992              0.0173  
forward:               1.0000             -0.4294             -2.9286              0.0175  
backward:              1.0000              0.0000             -2.9286              0.0000  
backward:              0.9500              0.4195             -2.5091              0.0044  
backward:              0.9000              0.4521             -2.0570              0.0059  
backward:              0.8500              0.5158             -1.5412              0.0071  
backward:              0.8000              0.5575             -0.9837              0.0083  
backward:              0.7500              0.6114             -0.3723              0.0095  
backward:              0.7000              0.6199              0.2477              0.0110  
backward:              0.6500              0.5442              0.7919              0.0130  
backward:              0.6000              0.3962              1.1881              0.0145  
backward:              0.5500              0.1998              1.3879              0.0154  
backward:              0.5000              0.0006              1.3885              0.0166  
backward:              0.4500             -0.1101              1.2784              0.0168  
backward:              0.4000             -0.1241              1.1544              0.0170  
backward:              0.3500             -0.1245              1.0299              0.0172  
backward:              0.3000             -0.1291              0.9008              0.0175  
backward:              0.2500             -0.1328              0.7680              0.0177  
backward:              0.2000             -0.1384              0.6296              0.0181  
backward:              0.1500             -0.1384              0.4912              0.0184  
backward:              0.1000             -0.1483              0.3429              0.0188  
backward:              0.0500             -0.1575              0.1854              0.0192  
backward:              0.0000             -0.1943             -0.0088              0.0202  
Inaccuracy estimation
======================================================================================================
                   i        i+δi          P0_overlap_P1   δε(forward)/ε   δε(backward)/ε
======================================================================================================
inaccuracy:  0.00000        0.05000           81.85           -0.00            0.12
inaccuracy:  0.05000        0.10000           83.28            0.00            0.09
inaccuracy:  0.10000        0.15000           84.41            0.00            0.06
inaccuracy:  0.15000        0.20000           86.21            0.00            0.06
inaccuracy:  0.20000        0.25000           86.54           -0.00            0.05
inaccuracy:  0.25000        0.30000           86.85           -0.00            0.05
inaccuracy:  0.30000        0.35000           86.66           -0.00            0.05
inaccuracy:  0.35000        0.40000           87.66           -0.00            0.04
inaccuracy:  0.40000        0.45000           86.49           -0.00            0.04
inaccuracy:  0.45000        0.50000           85.58           -0.00            0.04
inaccuracy:  0.50000        0.55000           74.69           -0.06            0.10
inaccuracy:  0.55000        0.60000           74.47           -0.07            0.05
inaccuracy:  0.60000        0.65000           69.77           -0.09            0.04
inaccuracy:  0.65000        0.70000           71.67           -0.08            0.03
inaccuracy:  0.70000        0.75000           75.12           -0.05            0.03
inaccuracy:  0.75000        0.80000           76.25           -0.05            0.04
inaccuracy:  0.80000        0.85000           76.14           -0.05            0.05
inaccuracy:  0.85000        0.90000           74.05           -0.05            0.06
inaccuracy:  0.90000        0.95000           74.00           -0.05            0.08
inaccuracy:  0.95000        1.00000           73.89           -0.04            0.08
===================================================================================================================================
                BAR        
-----------------------------------------------------------------------------------------------------------------------------------
BAR-estimator:         λ             λ+δλ          ΔΔA             ΔA            C               Δδe            δe       
                          
-----------------------------------------------------------------------------------------------------------------------------------
BAR-estimator:      0.00000        0.05000        0.1932         0.1932         0.1932         0.0038         0.0038 
BAR-estimator:      0.05000        0.10000        0.1634         0.3567         0.1634         0.0029         0.0048 
BAR-estimator:      0.10000        0.15000        0.1522         0.5089         0.1522         0.0023         0.0053 
BAR-estimator:      0.15000        0.20000        0.1388         0.6477         0.1388         0.0023         0.0058 
BAR-estimator:      0.20000        0.25000        0.1378         0.7855         0.1378         0.0012         0.0059 
BAR-estimator:      0.25000        0.30000        0.1313         0.9169         0.1313         0.0013         0.0061 
BAR-estimator:      0.30000        0.35000        0.1288         1.0457         0.1288         0.0025         0.0066 
BAR-estimator:      0.35000        0.40000        0.1207         1.1665         0.1207         0.0021         0.0069 
BAR-estimator:      0.40000        0.45000        0.1234         1.2898         0.1234         0.0021         0.0072 
BAR-estimator:      0.45000        0.50000        0.1147         1.4046         0.1147         0.0018         0.0074 
BAR-estimator:      0.50000        0.55000       -0.0016         1.4029        -0.0016         0.0037         0.0083 
BAR-estimator:      0.55000        0.60000       -0.1987         1.2043        -0.1987         0.0029         0.0088 
BAR-estimator:      0.60000        0.65000       -0.3862         0.8181        -0.3862         0.0036         0.0095 
BAR-estimator:      0.65000        0.70000       -0.5457         0.2724        -0.5457         0.0042         0.0104 
BAR-estimator:      0.70000        0.75000       -0.6255        -0.3531        -0.6255         0.0037         0.0110 
BAR-estimator:      0.75000        0.80000       -0.6142        -0.9673        -0.6142         0.0026         0.0113 
BAR-estimator:      0.80000        0.85000       -0.5646        -1.5319        -0.5646         0.0029         0.0117 
BAR-estimator:      0.85000        0.90000       -0.5141        -2.0460        -0.5141         0.0030         0.0121 
BAR-estimator:      0.90000        0.95000       -0.4561        -2.5021        -0.4561         0.0027         0.0124 
BAR-estimator:      0.95000        1.00000       -0.4249        -2.9270        -0.4249         0.0028         0.0127 
BAR-estimator: total free energy change is -2.9270249450668318 , total error is 0.012660882363748955
