#========================================================================================
#                     Free energy perturbation    
#----------------------------------------------------------------------------------------
#forward/backward          λ              ΔΔA                 ΔA                  δε   
#                                                 
#----------------------------------------------------------------------------------------
forward:               0.0000              0.0000              0.0000              0.0000  
forward:               0.0500              0.1925              0.1925              0.0027  
forward:               0.1000              0.1596              0.3521              0.0038  
forward:               0.1500              0.1458              0.4979              0.0045  
forward:               0.2000              0.1393              0.6372              0.0050  
forward:               0.2500              0.1364              0.7736              0.0056  
forward:               0.3000              0.1306              0.9042              0.0061  
forward:               0.3500              0.1243              1.0285              0.0065  
forward:               0.4000              0.1213              1.1499              0.0068  
forward:               0.4500              0.1190              1.2688              0.0071  
forward:               0.5000              0.1154              1.3842              0.0073  
forward:               0.5500             -0.0302              1.3540              0.0117  
forward:               0.6000             -0.2136              1.1404              0.0123  
forward:               0.6500             -0.4237              0.7168              0.0133  
forward:               0.7000             -0.6099              0.1069              0.0144  
forward:               0.7500             -0.6919             -0.5851              0.0148  
forward:               0.8000             -0.6934             -1.2785              0.0152  
forward:               0.8500             -0.6616             -1.9400              0.0155  
forward:               0.9000             -0.6265             -2.5666              0.0159  
forward:               0.9500             -0.5921             -3.1587              0.0162  
forward:               1.0000             -0.5629             -3.7216              0.0164  
backward:              1.0000              0.0000             -3.7216              0.0000  
backward:              0.9500              0.5601             -3.1615              0.0049  
backward:              0.9000              0.5804             -2.5811              0.0072  
backward:              0.8500              0.6078             -1.9733              0.0087  
backward:              0.8000              0.6628             -1.3104              0.0095  
backward:              0.7500              0.6974             -0.6131              0.0104  
backward:              0.7000              0.6948              0.0817              0.0115  
backward:              0.6500              0.6024              0.6841              0.0125  
backward:              0.6000              0.4247              1.1088              0.0135  
backward:              0.5500              0.2123              1.3211              0.0140  
backward:              0.5000              0.0194              1.3405              0.0144  
backward:              0.4500             -0.1215              1.2190              0.0147  
backward:              0.4000             -0.1171              1.1019              0.0148  
backward:              0.3500             -0.1246              0.9773              0.0151  
backward:              0.3000             -0.1322              0.8450              0.0153  
backward:              0.2500             -0.1272              0.7178              0.0155  
backward:              0.2000             -0.1307              0.5871              0.0157  
backward:              0.1500             -0.1409              0.4462              0.0160  
backward:              0.1000             -0.1550              0.2912              0.0167  
backward:              0.0500             -0.1672              0.1241              0.0175  
backward:              0.0000             -0.1925             -0.0684              0.0179  
Inaccuracy estimation
======================================================================================================
                   i        i+δi          P0_overlap_P1   δε(forward)/ε   δε(backward)/ε
======================================================================================================
inaccuracy:  0.00000        0.05000           81.36           -0.00            0.12
inaccuracy:  0.05000        0.10000           84.44            0.00            0.08
inaccuracy:  0.10000        0.15000           86.04           -0.00            0.06
inaccuracy:  0.15000        0.20000           85.94           -0.00            0.06
inaccuracy:  0.20000        0.25000           85.32           -0.00            0.05
inaccuracy:  0.25000        0.30000           86.49           -0.00            0.05
inaccuracy:  0.30000        0.35000           87.38           -0.00            0.04
inaccuracy:  0.35000        0.40000           87.74           -0.00            0.04
inaccuracy:  0.40000        0.45000           86.70           -0.00            0.04
inaccuracy:  0.45000        0.50000           88.08           -0.00            0.04
inaccuracy:  0.50000        0.55000           75.05           -0.05            0.08
inaccuracy:  0.55000        0.60000           73.92           -0.09            0.05
inaccuracy:  0.60000        0.65000           70.12           -0.10            0.04
inaccuracy:  0.65000        0.70000           70.97           -0.08            0.03
inaccuracy:  0.70000        0.75000           72.23           -0.06            0.03
inaccuracy:  0.75000        0.80000           73.72           -0.06            0.04
inaccuracy:  0.80000        0.85000           73.07           -0.06            0.05
inaccuracy:  0.85000        0.90000           73.43           -0.06            0.06
inaccuracy:  0.90000        0.95000           72.35           -0.06            0.07
inaccuracy:  0.95000        1.00000           70.92           -0.06            0.08
===================================================================================================================================
                BAR        
-----------------------------------------------------------------------------------------------------------------------------------
BAR-estimator:         λ             λ+δλ          ΔΔA             ΔA            C               Δδe            δe       
                          
-----------------------------------------------------------------------------------------------------------------------------------
BAR-estimator:      0.00000        0.05000        0.1922         0.1922         0.1922         0.0020         0.0020 
BAR-estimator:      0.05000        0.10000        0.1604         0.3526         0.1604         0.0017         0.0026 
BAR-estimator:      0.10000        0.15000        0.1477         0.5003         0.1477         0.0018         0.0032 
BAR-estimator:      0.15000        0.20000        0.1398         0.6401         0.1398         0.0016         0.0035 
BAR-estimator:      0.20000        0.25000        0.1344         0.7745         0.1344         0.0011         0.0037 
BAR-estimator:      0.25000        0.30000        0.1300         0.9045         0.1300         0.0012         0.0039 
BAR-estimator:      0.30000        0.35000        0.1267         1.0312         0.1267         0.0017         0.0042 
BAR-estimator:      0.35000        0.40000        0.1228         1.1540         0.1228         0.0016         0.0045 
BAR-estimator:      0.40000        0.45000        0.1180         1.2720         0.1180         0.0015         0.0048 
BAR-estimator:      0.45000        0.50000        0.1177         1.3897         0.1177         0.0013         0.0050 
BAR-estimator:      0.50000        0.55000       -0.0174         1.3723        -0.0174         0.0023         0.0055 
BAR-estimator:      0.55000        0.60000       -0.2150         1.1573        -0.2150         0.0025         0.0060 
BAR-estimator:      0.60000        0.65000       -0.4261         0.7312        -0.4261         0.0030         0.0067 
BAR-estimator:      0.65000        0.70000       -0.6070         0.1242        -0.6070         0.0030         0.0074 
BAR-estimator:      0.70000        0.75000       -0.6933        -0.5690        -0.6933         0.0027         0.0078 
BAR-estimator:      0.75000        0.80000       -0.6953        -1.2643        -0.6953         0.0026         0.0083 
BAR-estimator:      0.80000        0.85000       -0.6612        -1.9256        -0.6612         0.0022         0.0086 
BAR-estimator:      0.85000        0.90000       -0.6220        -2.5476        -0.6220         0.0024         0.0089 
BAR-estimator:      0.90000        0.95000       -0.5870        -3.1345        -0.5870         0.0024         0.0092 
BAR-estimator:      0.95000        1.00000       -0.5635        -3.6980        -0.5635         0.0022         0.0095 
BAR-estimator: total free energy change is -3.6980463067005367 , total error is 0.009466616445817623
