#========================================================================================
#                     Free energy perturbation    
#----------------------------------------------------------------------------------------
#forward/backward          λ              ΔΔA                 ΔA                  δε   
#                                                 
#----------------------------------------------------------------------------------------
forward:               0.0000              0.0000              0.0000              0.0000  
forward:               0.0500              1.8528              1.8528              0.0279  
forward:               0.1000              0.8936              2.7464              0.0333  
forward:               0.1500              0.4339              3.1803              0.0356  
forward:               0.2000              0.2295              3.4098              0.0367  
forward:               0.2500              0.1171              3.5269              0.0380  
forward:               0.3000              0.0381              3.5650              0.0384  
forward:               0.3500              0.0024              3.5674              0.0388  
forward:               0.4000             -0.0492              3.5182              0.0390  
forward:               0.4500             -0.0679              3.4503              0.0393  
forward:               0.5000             -0.0964              3.3539              0.0394  
forward:               0.5500             -0.1457              3.2082              0.0397  
forward:               0.6000             -0.2146              2.9935              0.0399  
forward:               0.6500             -0.2574              2.7362              0.0401  
forward:               0.7000             -0.2909              2.4453              0.0402  
forward:               0.7500             -0.3119              2.1334              0.0403  
forward:               0.8000             -0.3455              1.7878              0.0404  
forward:               0.8500             -0.3578              1.4300              0.0405  
forward:               0.9000             -0.3766              1.0534              0.0407  
forward:               0.9500             -0.3906              0.6628              0.0408  
forward:               1.0000             -0.3987              0.2641              0.0409  
backward:              1.0000              0.0000              0.2641              0.0000  
backward:              0.9500              0.3952              0.6593              0.0050  
backward:              0.9000              0.3782              1.0375              0.0062  
backward:              0.8500              0.3675              1.4050              0.0072  
backward:              0.8000              0.3443              1.7493              0.0083  
backward:              0.7500              0.3371              2.0864              0.0093  
backward:              0.7000              0.3137              2.4001              0.0107  
backward:              0.6500              0.2863              2.6864              0.0115  
backward:              0.6000              0.2486              2.9350              0.0124  
backward:              0.5500              0.2090              3.1440              0.0130  
backward:              0.5000              0.1496              3.2936              0.0138  
backward:              0.4500              0.0972              3.3908              0.0150  
backward:              0.4000              0.0719              3.4627              0.0158  
backward:              0.3500              0.0484              3.5111              0.0165  
backward:              0.3000              0.0099              3.5211              0.0174  
backward:              0.2500             -0.0334              3.4877              0.0189  
backward:              0.2000             -0.1209              3.3668              0.0204  
backward:              0.1500             -0.2265              3.1403              0.0227  
backward:              0.1000             -0.4484              2.6919              0.0279  
backward:              0.0500             -0.9300              1.7619              0.0386  
backward:              0.0000             -1.8034             -0.0415              0.0530  
Inaccuracy estimation
======================================================================================================
                   i        i+δi          P0_overlap_P1   δε(forward)/ε   δε(backward)/ε
======================================================================================================
inaccuracy:  0.00000        0.05000           31.75           -0.02            2.53
inaccuracy:  0.05000        0.10000           46.92           -0.03            1.05
inaccuracy:  0.10000        0.15000           60.22           -0.02            0.49
inaccuracy:  0.15000        0.20000           66.77           -0.02            0.28
inaccuracy:  0.20000        0.25000           70.39           -0.01            0.17
inaccuracy:  0.25000        0.30000           73.23           -0.01            0.13
inaccuracy:  0.30000        0.35000           73.55           -0.01            0.11
inaccuracy:  0.35000        0.40000           76.33           -0.01            0.09
inaccuracy:  0.40000        0.45000           76.48           -0.01            0.08
inaccuracy:  0.45000        0.50000           77.63           -0.01            0.07
inaccuracy:  0.50000        0.55000           74.59           -0.02            0.08
inaccuracy:  0.55000        0.60000           77.04           -0.02            0.07
inaccuracy:  0.60000        0.65000           77.21           -0.02            0.06
inaccuracy:  0.65000        0.70000           77.03           -0.02            0.05
inaccuracy:  0.70000        0.75000           76.72           -0.03            0.05
inaccuracy:  0.75000        0.80000           78.42           -0.02            0.05
inaccuracy:  0.80000        0.85000           77.87           -0.02            0.05
inaccuracy:  0.85000        0.90000           78.15           -0.02            0.04
inaccuracy:  0.90000        0.95000           77.72           -0.02            0.05
inaccuracy:  0.95000        1.00000           77.05           -0.02            0.05
===================================================================================================================================
                BAR        
-----------------------------------------------------------------------------------------------------------------------------------
BAR-estimator:         λ             λ+δλ          ΔΔA             ΔA            C               Δδe            δe       
                          
-----------------------------------------------------------------------------------------------------------------------------------
BAR-estimator:      0.00000        0.05000        1.8371         1.8371         1.8371         0.0061         0.0061 
BAR-estimator:      0.05000        0.10000        0.9114         2.7485         0.9114         0.0107         0.0123 
BAR-estimator:      0.10000        0.15000        0.4432         3.1917         0.4432         0.0082         0.0148 
BAR-estimator:      0.15000        0.20000        0.2320         3.4237         0.2320         0.0058         0.0159 
BAR-estimator:      0.20000        0.25000        0.1189         3.5426         0.1189         0.0044         0.0165 
BAR-estimator:      0.25000        0.30000        0.0382         3.5808         0.0382         0.0036         0.0169 
BAR-estimator:      0.30000        0.35000       -0.0003         3.5806        -0.0003         0.0035         0.0172 
BAR-estimator:      0.35000        0.40000       -0.0478         3.5328        -0.0478         0.0031         0.0175 
BAR-estimator:      0.40000        0.45000       -0.0691         3.4637        -0.0691         0.0030         0.0178 
BAR-estimator:      0.45000        0.50000       -0.0959         3.3678        -0.0959         0.0027         0.0180 
BAR-estimator:      0.50000        0.55000       -0.1472         3.2206        -0.1472         0.0038         0.0183 
BAR-estimator:      0.55000        0.60000       -0.2125         3.0080        -0.2125         0.0027         0.0185 
BAR-estimator:      0.60000        0.65000       -0.2539         2.7541        -0.2539         0.0028         0.0188 
BAR-estimator:      0.65000        0.70000       -0.2896         2.4645        -0.2896         0.0027         0.0189 
BAR-estimator:      0.70000        0.75000       -0.3138         2.1507        -0.3138         0.0026         0.0191 
BAR-estimator:      0.75000        0.80000       -0.3415         1.8091        -0.3415         0.0027         0.0193 
BAR-estimator:      0.80000        0.85000       -0.3535         1.4556        -0.3535         0.0024         0.0195 
BAR-estimator:      0.85000        0.90000       -0.3719         1.0838        -0.3719         0.0032         0.0197 
BAR-estimator:      0.90000        0.95000       -0.3855         0.6983        -0.3855         0.0030         0.0199 
BAR-estimator:      0.95000        1.00000       -0.3975         0.3008        -0.3975         0.0029         0.0202 
BAR-estimator: total free energy change is 0.3008063358250909 , total error is 0.02015283125158479
