#========================================================================================
#                     Free energy perturbation    
#----------------------------------------------------------------------------------------
#forward/backward          λ              ΔΔA                 ΔA                  δε   
#                                                 
#----------------------------------------------------------------------------------------
forward:               0.0000              0.0000              0.0000              0.0000  
forward:               0.0500              1.8348              1.8348              0.0223  
forward:               0.1000              0.9662              2.8009              0.0300  
forward:               0.1500              0.4644              3.2653              0.0325  
forward:               0.2000              0.2528              3.5181              0.0333  
forward:               0.2500              0.1184              3.6365              0.0338  
forward:               0.3000              0.0476              3.6840              0.0341  
forward:               0.3500              0.0037              3.6877              0.0346  
forward:               0.4000             -0.0345              3.6532              0.0348  
forward:               0.4500             -0.0636              3.5896              0.0351  
forward:               0.5000             -0.0862              3.5034              0.0353  
forward:               0.5500             -0.1482              3.3551              0.0355  
forward:               0.6000             -0.2162              3.1390              0.0356  
forward:               0.6500             -0.2532              2.8858              0.0358  
forward:               0.7000             -0.2921              2.5936              0.0359  
forward:               0.7500             -0.3185              2.2751              0.0361  
forward:               0.8000             -0.3444              1.9308              0.0362  
forward:               0.8500             -0.3613              1.5695              0.0363  
forward:               0.9000             -0.3822              1.1873              0.0364  
forward:               0.9500             -0.3964              0.7908              0.0366  
forward:               1.0000             -0.4130              0.3778              0.0367  
backward:              1.0000              0.0000              0.3778              0.0000  
backward:              0.9500              0.4105              0.7883              0.0033  
backward:              0.9000              0.3995              1.1878              0.0049  
backward:              0.8500              0.3798              1.5677              0.0062  
backward:              0.8000              0.3570              1.9246              0.0073  
backward:              0.7500              0.3416              2.2662              0.0082  
backward:              0.7000              0.3245              2.5907              0.0090  
backward:              0.6500              0.2936              2.8843              0.0098  
backward:              0.6000              0.2587              3.1431              0.0107  
backward:              0.5500              0.2197              3.3627              0.0113  
backward:              0.5000              0.1438              3.5065              0.0122  
backward:              0.4500              0.0929              3.5994              0.0128  
backward:              0.4000              0.0573              3.6567              0.0140  
backward:              0.3500              0.0408              3.6976              0.0143  
backward:              0.3000             -0.0074              3.6902              0.0155  
backward:              0.2500             -0.0624              3.6278              0.0170  
backward:              0.2000             -0.1242              3.5036              0.0186  
backward:              0.1500             -0.2418              3.2618              0.0213  
backward:              0.1000             -0.4872              2.7747              0.0262  
backward:              0.0500             -0.9173              1.8574              0.0367  
backward:              0.0000             -1.9382             -0.0807              0.0966  
Inaccuracy estimation
======================================================================================================
                   i        i+δi          P0_overlap_P1   δε(forward)/ε   δε(backward)/ε
======================================================================================================
inaccuracy:  0.00000        0.05000           32.98           -0.02            2.46
inaccuracy:  0.05000        0.10000           44.36           -0.03            1.16
inaccuracy:  0.10000        0.15000           59.27           -0.01            0.50
inaccuracy:  0.15000        0.20000           65.34           -0.01            0.28
inaccuracy:  0.20000        0.25000           70.93           -0.01            0.16
inaccuracy:  0.25000        0.30000           73.51           -0.01            0.13
inaccuracy:  0.30000        0.35000           75.24           -0.01            0.11
inaccuracy:  0.35000        0.40000           75.10           -0.01            0.09
inaccuracy:  0.40000        0.45000           77.23           -0.01            0.08
inaccuracy:  0.45000        0.50000           76.82           -0.01            0.08
inaccuracy:  0.50000        0.55000           75.09           -0.03            0.08
inaccuracy:  0.55000        0.60000           75.99           -0.03            0.07
inaccuracy:  0.60000        0.65000           75.50           -0.03            0.06
inaccuracy:  0.65000        0.70000           76.91           -0.02            0.06
inaccuracy:  0.70000        0.75000           76.34           -0.03            0.05
inaccuracy:  0.75000        0.80000           77.58           -0.02            0.05
inaccuracy:  0.80000        0.85000           76.94           -0.03            0.05
inaccuracy:  0.85000        0.90000           77.37           -0.03            0.05
inaccuracy:  0.90000        0.95000           76.43           -0.03            0.05
inaccuracy:  0.95000        1.00000           76.73           -0.03            0.05
===================================================================================================================================
                BAR        
-----------------------------------------------------------------------------------------------------------------------------------
BAR-estimator:         λ             λ+δλ          ΔΔA             ΔA            C               Δδe            δe       
                          
-----------------------------------------------------------------------------------------------------------------------------------
BAR-estimator:      0.00000        0.05000        1.8422         1.8422         1.8422         0.0059         0.0059 
BAR-estimator:      0.05000        0.10000        0.9593         2.8016         0.9593         0.0110         0.0125 
BAR-estimator:      0.10000        0.15000        0.4751         3.2767         0.4751         0.0067         0.0141 
BAR-estimator:      0.15000        0.20000        0.2506         3.5274         0.2506         0.0054         0.0152 
BAR-estimator:      0.20000        0.25000        0.1214         3.6488         0.1214         0.0050         0.0160 
BAR-estimator:      0.25000        0.30000        0.0517         3.7004         0.0517         0.0034         0.0163 
BAR-estimator:      0.30000        0.35000        0.0072         3.7077         0.0072         0.0036         0.0167 
BAR-estimator:      0.35000        0.40000       -0.0372         3.6705        -0.0372         0.0029         0.0170 
BAR-estimator:      0.40000        0.45000       -0.0617         3.6088        -0.0617         0.0029         0.0172 
BAR-estimator:      0.45000        0.50000       -0.0881         3.5208        -0.0881         0.0027         0.0174 
BAR-estimator:      0.50000        0.55000       -0.1467         3.3741        -0.1467         0.0028         0.0176 
BAR-estimator:      0.55000        0.60000       -0.2160         3.1581        -0.2160         0.0029         0.0179 
BAR-estimator:      0.60000        0.65000       -0.2550         2.9031        -0.2550         0.0023         0.0180 
BAR-estimator:      0.65000        0.70000       -0.2914         2.6117        -0.2914         0.0026         0.0182 
BAR-estimator:      0.70000        0.75000       -0.3214         2.2903        -0.3214         0.0024         0.0184 
BAR-estimator:      0.75000        0.80000       -0.3432         1.9471        -0.3432         0.0027         0.0186 
BAR-estimator:      0.80000        0.85000       -0.3609         1.5862        -0.3609         0.0026         0.0187 
BAR-estimator:      0.85000        0.90000       -0.3807         1.2055        -0.3807         0.0025         0.0189 
BAR-estimator:      0.90000        0.95000       -0.3983         0.8072        -0.3983         0.0027         0.0191 
BAR-estimator:      0.95000        1.00000       -0.4115         0.3958        -0.4115         0.0024         0.0193 
BAR-estimator: total free energy change is 0.39578314646871 , total error is 0.019254461206185063
