#========================================================================================
#                     Free energy perturbation    
#----------------------------------------------------------------------------------------
#forward/backward          λ              ΔΔA                 ΔA                  δε   
#                                                 
#----------------------------------------------------------------------------------------
forward:               0.0000              0.0000              0.0000              0.0000  
forward:               0.0500              1.7120              1.7120              0.0301  
forward:               0.1000              0.9458              2.6578              0.0338  
forward:               0.1500              0.5062              3.1640              0.0356  
forward:               0.2000              0.2663              3.4303              0.0364  
forward:               0.2500              0.1492              3.5795              0.0371  
forward:               0.3000              0.0507              3.6302              0.0375  
forward:               0.3500              0.0093              3.6394              0.0378  
forward:               0.4000             -0.0386              3.6008              0.0381  
forward:               0.4500             -0.0632              3.5377              0.0383  
forward:               0.5000             -0.0841              3.4536              0.0385  
forward:               0.5500             -0.1066              3.3470              0.0388  
forward:               0.6000             -0.1333              3.2137              0.0389  
forward:               0.6500             -0.1497              3.0640              0.0391  
forward:               0.7000             -0.1642              2.8998              0.0392  
forward:               0.7500             -0.1733              2.7265              0.0393  
forward:               0.8000             -0.1860              2.5405              0.0394  
forward:               0.8500             -0.2006              2.3399              0.0396  
forward:               0.9000             -0.2204              2.1195              0.0397  
forward:               0.9500             -0.2214              1.8981              0.0398  
forward:               1.0000             -0.2274              1.6707              0.0399  
backward:              1.0000              0.0000              1.6707              0.0000  
backward:              0.9500              0.2303              1.9010              0.0034  
backward:              0.9000              0.2227              2.1237              0.0047  
backward:              0.8500              0.2067              2.3303              0.0060  
backward:              0.8000              0.1961              2.5265              0.0070  
backward:              0.7500              0.1918              2.7183              0.0077  
backward:              0.7000              0.1791              2.8974              0.0087  
backward:              0.6500              0.1687              3.0660              0.0094  
backward:              0.6000              0.1471              3.2131              0.0100  
backward:              0.5500              0.1378              3.3509              0.0109  
backward:              0.5000              0.1121              3.4629              0.0116  
backward:              0.4500              0.0913              3.5542              0.0124  
backward:              0.4000              0.0559              3.6101              0.0132  
backward:              0.3500              0.0317              3.6418              0.0138  
backward:              0.3000             -0.0082              3.6337              0.0148  
backward:              0.2500             -0.0623              3.5714              0.0170  
backward:              0.2000             -0.1346              3.4368              0.0190  
backward:              0.1500             -0.2605              3.1763              0.0209  
backward:              0.1000             -0.4920              2.6844              0.0272  
backward:              0.0500             -0.9236              1.7607              0.0334  
backward:              0.0000             -1.8031             -0.0424              0.0848  
Inaccuracy estimation
======================================================================================================
                   i        i+δi          P0_overlap_P1   δε(forward)/ε   δε(backward)/ε
======================================================================================================
inaccuracy:  0.00000        0.05000           33.73           -0.02            2.32
inaccuracy:  0.05000        0.10000           47.50           -0.03            0.98
inaccuracy:  0.10000        0.15000           58.09           -0.02            0.51
inaccuracy:  0.15000        0.20000           66.87           -0.01            0.28
inaccuracy:  0.20000        0.25000           69.59           -0.02            0.19
inaccuracy:  0.25000        0.30000           74.18           -0.02            0.13
inaccuracy:  0.30000        0.35000           75.05           -0.01            0.10
inaccuracy:  0.35000        0.40000           77.60           -0.01            0.08
inaccuracy:  0.40000        0.45000           77.99           -0.01            0.07
inaccuracy:  0.45000        0.50000           76.95           -0.01            0.07
inaccuracy:  0.50000        0.55000           77.49           -0.01            0.07
inaccuracy:  0.55000        0.60000           78.45           -0.01            0.06
inaccuracy:  0.60000        0.65000           79.85           -0.01            0.06
inaccuracy:  0.65000        0.70000           78.55           -0.01            0.06
inaccuracy:  0.70000        0.75000           78.88           -0.01            0.05
inaccuracy:  0.75000        0.80000           78.42           -0.02            0.05
inaccuracy:  0.80000        0.85000           79.59           -0.01            0.05
inaccuracy:  0.85000        0.90000           81.02           -0.01            0.05
inaccuracy:  0.90000        0.95000           79.72           -0.02            0.05
inaccuracy:  0.95000        1.00000           79.29           -0.01            0.05
===================================================================================================================================
                BAR        
-----------------------------------------------------------------------------------------------------------------------------------
BAR-estimator:         λ             λ+δλ          ΔΔA             ΔA            C               Δδe            δe       
                          
-----------------------------------------------------------------------------------------------------------------------------------
BAR-estimator:      0.00000        0.05000        1.7434         1.7434         1.7434         0.0138         0.0138 
BAR-estimator:      0.05000        0.10000        0.9444         2.6878         0.9444         0.0100         0.0170 
BAR-estimator:      0.10000        0.15000        0.5021         3.1899         0.5021         0.0073         0.0185 
BAR-estimator:      0.15000        0.20000        0.2673         3.4572         0.2673         0.0049         0.0191 
BAR-estimator:      0.20000        0.25000        0.1443         3.6015         0.1443         0.0047         0.0197 
BAR-estimator:      0.25000        0.30000        0.0530         3.6545         0.0530         0.0037         0.0200 
BAR-estimator:      0.30000        0.35000        0.0103         3.6648         0.0103         0.0033         0.0203 
BAR-estimator:      0.35000        0.40000       -0.0350         3.6298        -0.0350         0.0032         0.0205 
BAR-estimator:      0.40000        0.45000       -0.0609         3.5689        -0.0609         0.0027         0.0207 
BAR-estimator:      0.45000        0.50000       -0.0873         3.4815        -0.0873         0.0028         0.0209 
BAR-estimator:      0.50000        0.55000       -0.1088         3.3727        -0.1088         0.0031         0.0211 
BAR-estimator:      0.55000        0.60000       -0.1340         3.2387        -0.1340         0.0025         0.0213 
BAR-estimator:      0.60000        0.65000       -0.1472         3.0916        -0.1472         0.0024         0.0214 
BAR-estimator:      0.65000        0.70000       -0.1661         2.9254        -0.1661         0.0024         0.0216 
BAR-estimator:      0.70000        0.75000       -0.1745         2.7509        -0.1745         0.0023         0.0217 
BAR-estimator:      0.75000        0.80000       -0.1874         2.5635        -0.1874         0.0024         0.0218 
BAR-estimator:      0.80000        0.85000       -0.1998         2.3637        -0.1998         0.0019         0.0219 
BAR-estimator:      0.85000        0.90000       -0.2146         2.1491        -0.2146         0.0025         0.0221 
BAR-estimator:      0.90000        0.95000       -0.2209         1.9281        -0.2209         0.0025         0.0222 
BAR-estimator:      0.95000        1.00000       -0.2281         1.7000        -0.2281         0.0025         0.0223 
BAR-estimator: total free energy change is 1.7000466143303785 , total error is 0.022338976358383063
