#========================================================================================
#                     Free energy perturbation    
#----------------------------------------------------------------------------------------
#forward/backward          λ              ΔΔA                 ΔA                  δε   
#                                                 
#----------------------------------------------------------------------------------------
forward:               0.0000              0.0000              0.0000              0.0000  
forward:               0.0500              1.7581              1.7581              0.0193  
forward:               0.1000              0.9418              2.6999              0.0271  
forward:               0.1500              0.5141              3.2139              0.0290  
forward:               0.2000              0.2737              3.4876              0.0303  
forward:               0.2500              0.1451              3.6327              0.0308  
forward:               0.3000              0.0711              3.7038              0.0312  
forward:               0.3500              0.0080              3.7118              0.0315  
forward:               0.4000             -0.0318              3.6801              0.0318  
forward:               0.4500             -0.0536              3.6265              0.0320  
forward:               0.5000             -0.0821              3.5444              0.0321  
forward:               0.5500             -0.1067              3.4377              0.0322  
forward:               0.6000             -0.1271              3.3106              0.0324  
forward:               0.6500             -0.1442              3.1664              0.0325  
forward:               0.7000             -0.1619              3.0045              0.0326  
forward:               0.7500             -0.1708              2.8337              0.0328  
forward:               0.8000             -0.1833              2.6504              0.0329  
forward:               0.8500             -0.2012              2.4491              0.0330  
forward:               0.9000             -0.2065              2.2426              0.0331  
forward:               0.9500             -0.2151              2.0276              0.0331  
forward:               1.0000             -0.2283              1.7992              0.0332  
backward:              1.0000              0.0000              1.7992              0.0000  
backward:              0.9500              0.2253              2.0246              0.0035  
backward:              0.9000              0.2165              2.2410              0.0048  
backward:              0.8500              0.2062              2.4473              0.0060  
backward:              0.8000              0.1972              2.6445              0.0070  
backward:              0.7500              0.1864              2.8308              0.0078  
backward:              0.7000              0.1673              2.9981              0.0088  
backward:              0.6500              0.1583              3.1565              0.0094  
backward:              0.6000              0.1430              3.2995              0.0100  
backward:              0.5500              0.1187              3.4182              0.0107  
backward:              0.5000              0.1111              3.5293              0.0114  
backward:              0.4500              0.0817              3.6111              0.0122  
backward:              0.4000              0.0566              3.6677              0.0130  
backward:              0.3500              0.0200              3.6877              0.0138  
backward:              0.3000             -0.0195              3.6682              0.0150  
backward:              0.2500             -0.0807              3.5875              0.0167  
backward:              0.2000             -0.1445              3.4430              0.0182  
backward:              0.1500             -0.2742              3.1687              0.0211  
backward:              0.1000             -0.5198              2.6490              0.0252  
backward:              0.0500             -0.9549              1.6941              0.0335  
backward:              0.0000             -1.7834             -0.0893              0.0731  
Inaccuracy estimation
======================================================================================================
                   i        i+δi          P0_overlap_P1   δε(forward)/ε   δε(backward)/ε
======================================================================================================
inaccuracy:  0.00000        0.05000           34.03           -0.02            2.40
inaccuracy:  0.05000        0.10000           48.35           -0.02            0.98
inaccuracy:  0.10000        0.15000           57.86           -0.01            0.48
inaccuracy:  0.15000        0.20000           66.04           -0.02            0.26
inaccuracy:  0.20000        0.25000           71.06           -0.02            0.18
inaccuracy:  0.25000        0.30000           73.37           -0.01            0.12
inaccuracy:  0.30000        0.35000           76.36           -0.01            0.10
inaccuracy:  0.35000        0.40000           77.54           -0.01            0.08
inaccuracy:  0.40000        0.45000           76.86           -0.01            0.08
inaccuracy:  0.45000        0.50000           77.63           -0.01            0.07
inaccuracy:  0.50000        0.55000           78.25           -0.01            0.07
inaccuracy:  0.55000        0.60000           79.65           -0.01            0.05
inaccuracy:  0.60000        0.65000           79.27           -0.01            0.05
inaccuracy:  0.65000        0.70000           79.35           -0.01            0.05
inaccuracy:  0.70000        0.75000           79.37           -0.02            0.05
inaccuracy:  0.75000        0.80000           79.07           -0.02            0.05
inaccuracy:  0.80000        0.85000           79.52           -0.01            0.05
inaccuracy:  0.85000        0.90000           79.38           -0.01            0.05
inaccuracy:  0.90000        0.95000           79.27           -0.01            0.05
inaccuracy:  0.95000        1.00000           79.22           -0.01            0.04
===================================================================================================================================
                BAR        
-----------------------------------------------------------------------------------------------------------------------------------
BAR-estimator:         λ             λ+δλ          ΔΔA             ΔA            C               Δδe            δe       
                          
-----------------------------------------------------------------------------------------------------------------------------------
BAR-estimator:      0.00000        0.05000        1.7486         1.7486         1.7486         0.0100         0.0100 
BAR-estimator:      0.05000        0.10000        0.9528         2.7014         0.9528         0.0105         0.0145 
BAR-estimator:      0.10000        0.15000        0.5176         3.2190         0.5176         0.0069         0.0161 
BAR-estimator:      0.15000        0.20000        0.2722         3.4912         0.2722         0.0053         0.0169 
BAR-estimator:      0.20000        0.25000        0.1454         3.6366         0.1454         0.0040         0.0174 
BAR-estimator:      0.25000        0.30000        0.0718         3.7083         0.0718         0.0033         0.0177 
BAR-estimator:      0.30000        0.35000        0.0134         3.7218         0.0134         0.0031         0.0180 
BAR-estimator:      0.35000        0.40000       -0.0284         3.6934        -0.0284         0.0027         0.0182 
BAR-estimator:      0.40000        0.45000       -0.0544         3.6390        -0.0544         0.0027         0.0184 
BAR-estimator:      0.45000        0.50000       -0.0828         3.5563        -0.0828         0.0026         0.0186 
BAR-estimator:      0.50000        0.55000       -0.1080         3.4483        -0.1080         0.0024         0.0187 
BAR-estimator:      0.55000        0.60000       -0.1241         3.3242        -0.1241         0.0022         0.0189 
BAR-estimator:      0.60000        0.65000       -0.1441         3.1801        -0.1441         0.0022         0.0190 
BAR-estimator:      0.65000        0.70000       -0.1603         3.0198        -0.1603         0.0023         0.0191 
BAR-estimator:      0.70000        0.75000       -0.1696         2.8501        -0.1696         0.0023         0.0193 
BAR-estimator:      0.75000        0.80000       -0.1839         2.6663        -0.1839         0.0022         0.0194 
BAR-estimator:      0.80000        0.85000       -0.2005         2.4658        -0.2005         0.0022         0.0195 
BAR-estimator:      0.85000        0.90000       -0.2069         2.2590        -0.2069         0.0024         0.0197 
BAR-estimator:      0.90000        0.95000       -0.2156         2.0434        -0.2156         0.0022         0.0198 
BAR-estimator:      0.95000        1.00000       -0.2270         1.8163        -0.2270         0.0022         0.0199 
BAR-estimator: total free energy change is 1.8163304650289875 , total error is 0.019893078025651108
