#========================================================================================
#                     Free energy perturbation    
#----------------------------------------------------------------------------------------
#forward/backward          λ              ΔΔA                 ΔA                  δε   
#                                                 
#----------------------------------------------------------------------------------------
forward:               0.0000              0.0000              0.0000              0.0000  
forward:               0.0500              0.2648              0.2648              0.0077  
forward:               0.1000              0.2240              0.4888              0.0098  
forward:               0.1500              0.1780              0.6669              0.0113  
forward:               0.2000              0.1579              0.8248              0.0122  
forward:               0.2500              0.1374              0.9622              0.0130  
forward:               0.3000              0.1191              1.0813              0.0137  
forward:               0.3500              0.1075              1.1888              0.0142  
forward:               0.4000              0.0951              1.2839              0.0148  
forward:               0.4500              0.0944              1.3783              0.0153  
forward:               0.5000              0.0822              1.4604              0.0158  
forward:               0.5500              0.0453              1.5057              0.0164  
forward:               0.6000             -0.0081              1.4977              0.0168  
forward:               0.6500             -0.0511              1.4465              0.0171  
forward:               0.7000             -0.0868              1.3597              0.0175  
forward:               0.7500             -0.1037              1.2560              0.0177  
forward:               0.8000             -0.1336              1.1223              0.0182  
forward:               0.8500             -0.1393              0.9830              0.0184  
forward:               0.9000             -0.1542              0.8288              0.0187  
forward:               0.9500             -0.1632              0.6656              0.0190  
forward:               1.0000             -0.1695              0.4961              0.0193  
backward:              1.0000              0.0000              0.4961              0.0000  
backward:              0.9500              0.1748              0.6709              0.0037  
backward:              0.9000              0.1655              0.8364              0.0051  
backward:              0.8500              0.1596              0.9960              0.0060  
backward:              0.8000              0.1375              1.1335              0.0069  
backward:              0.7500              0.1311              1.2646              0.0077  
backward:              0.7000              0.1083              1.3728              0.0086  
backward:              0.6500              0.0830              1.4558              0.0094  
backward:              0.6000              0.0437              1.4995              0.0101  
backward:              0.5500              0.0040              1.5035              0.0109  
backward:              0.5000             -0.0461              1.4574              0.0119  
backward:              0.4500             -0.0848              1.3726              0.0125  
backward:              0.4000             -0.0898              1.2829              0.0132  
backward:              0.3500             -0.1034              1.1795              0.0141  
backward:              0.3000             -0.1155              1.0640              0.0148  
backward:              0.2500             -0.1224              0.9416              0.0158  
backward:              0.2000             -0.1295              0.8122              0.0165  
backward:              0.1500             -0.1555              0.6567              0.0175  
backward:              0.1000             -0.1843              0.4723              0.0185  
backward:              0.0500             -0.2319              0.2405              0.0201  
backward:              0.0000             -0.2977             -0.0573              0.0227  
Inaccuracy estimation
======================================================================================================
                   i        i+δi          P0_overlap_P1   δε(forward)/ε   δε(backward)/ε
======================================================================================================
inaccuracy:  0.00000        0.05000           72.24           -0.00            0.21
inaccuracy:  0.05000        0.10000           76.80           -0.00            0.16
inaccuracy:  0.10000        0.15000           77.53           -0.00            0.12
inaccuracy:  0.15000        0.20000           79.38           -0.00            0.09
inaccuracy:  0.20000        0.25000           79.74           -0.00            0.09
inaccuracy:  0.25000        0.30000           82.11           -0.00            0.07
inaccuracy:  0.30000        0.35000           82.54           -0.00            0.07
inaccuracy:  0.35000        0.40000           83.95           -0.00            0.06
inaccuracy:  0.40000        0.45000           81.80           -0.01            0.06
inaccuracy:  0.45000        0.50000           83.68           -0.00            0.06
inaccuracy:  0.50000        0.55000           73.37           -0.02            0.07
inaccuracy:  0.55000        0.60000           80.00           -0.02            0.06
inaccuracy:  0.60000        0.65000           76.37           -0.02            0.06
inaccuracy:  0.65000        0.70000           81.13           -0.01            0.05
inaccuracy:  0.70000        0.75000           77.23           -0.02            0.05
inaccuracy:  0.75000        0.80000           81.75           -0.01            0.05
inaccuracy:  0.80000        0.85000           77.62           -0.02            0.05
inaccuracy:  0.85000        0.90000           79.01           -0.01            0.05
inaccuracy:  0.90000        0.95000           78.02           -0.02            0.05
inaccuracy:  0.95000        1.00000           78.72           -0.02            0.05
===================================================================================================================================
            	   BAR        
-----------------------------------------------------------------------------------------------------------------------------------
BAR-estimator:         λ             λ+δλ          ΔΔA             ΔA            C               Δδe            δe       
                          
-----------------------------------------------------------------------------------------------------------------------------------
BAR-estimator:      0.00000        0.05000        0.2563         0.2563         0.2563         0.0047         0.0047 
BAR-estimator:      0.05000        0.10000        0.2264         0.4827         0.2264         0.0042         0.0063 
BAR-estimator:      0.10000        0.15000        0.1709         0.6536         0.1709         0.0038         0.0074 
BAR-estimator:      0.15000        0.20000        0.1555         0.8091         0.1555         0.0032         0.0080 
BAR-estimator:      0.20000        0.25000        0.1322         0.9413         0.1322         0.0028         0.0085 
BAR-estimator:      0.25000        0.30000        0.1209         1.0622         0.1209         0.0030         0.0090 
BAR-estimator:      0.30000        0.35000        0.1065         1.1687         0.1065         0.0025         0.0094 
BAR-estimator:      0.35000        0.40000        0.0989         1.2676         0.0989         0.0029         0.0098 
BAR-estimator:      0.40000        0.45000        0.0901         1.3577         0.0901         0.0026         0.0102 
BAR-estimator:      0.45000        0.50000        0.0836         1.4413         0.0836         0.0027         0.0105 
BAR-estimator:      0.50000        0.55000        0.0211         1.4625         0.0211         0.0031         0.0110 
BAR-estimator:      0.55000        0.60000       -0.0066         1.4559        -0.0066         0.0026         0.0113 
BAR-estimator:      0.60000        0.65000       -0.0666         1.3893        -0.0666         0.0028         0.0116 
BAR-estimator:      0.65000        0.70000       -0.0846         1.3047        -0.0846         0.0027         0.0119 
BAR-estimator:      0.70000        0.75000       -0.1175         1.1872        -0.1175         0.0024         0.0122 
BAR-estimator:      0.75000        0.80000       -0.1317         1.0556        -0.1317         0.0029         0.0125 
BAR-estimator:      0.80000        0.85000       -0.1501         0.9055        -0.1501         0.0024         0.0128 
BAR-estimator:      0.85000        0.90000       -0.1576         0.7479        -0.1576         0.0031         0.0131 
BAR-estimator:      0.90000        0.95000       -0.1703         0.5776        -0.1703         0.0026         0.0134 
BAR-estimator:      0.95000        1.00000       -0.1730         0.4046        -0.1730         0.0029         0.0137 
BAR-estimator: total free energy change is 0.4046045304512138 , total error is 0.013674928380408605
