#========================================================================================
#                     Free energy perturbation    
#----------------------------------------------------------------------------------------
#forward/backward          λ              ΔΔA                 ΔA                  δε   
#                                                 
#----------------------------------------------------------------------------------------
forward:               0.0000              0.0000              0.0000              0.0000  
forward:               0.0500              0.2936              0.2936              0.0047  
forward:               0.1000              0.2125              0.5061              0.0064  
forward:               0.1500              0.1773              0.6834              0.0074  
forward:               0.2000              0.1581              0.8415              0.0082  
forward:               0.2500              0.1294              0.9708              0.0089  
forward:               0.3000              0.1117              1.0825              0.0093  
forward:               0.3500              0.1057              1.1882              0.0098  
forward:               0.4000              0.1018              1.2901              0.0103  
forward:               0.4500              0.0933              1.3834              0.0107  
forward:               0.5000              0.0861              1.4695              0.0111  
forward:               0.5500              0.0494              1.5189              0.0115  
forward:               0.6000             -0.0067              1.5121              0.0119  
forward:               0.6500             -0.0458              1.4663              0.0122  
forward:               0.7000             -0.0876              1.3787              0.0125  
forward:               0.7500             -0.1012              1.2775              0.0128  
forward:               0.8000             -0.1257              1.1518              0.0133  
forward:               0.8500             -0.1399              1.0119              0.0136  
forward:               0.9000             -0.1526              0.8593              0.0139  
forward:               0.9500             -0.1577              0.7016              0.0141  
forward:               1.0000             -0.1743              0.5273              0.0144  
backward:              1.0000              0.0000              0.5273              0.0000  
backward:              0.9500              0.1679              0.6952              0.0034  
backward:              0.9000              0.1592              0.8544              0.0048  
backward:              0.8500              0.1550              1.0094              0.0060  
backward:              0.8000              0.1392              1.1487              0.0069  
backward:              0.7500              0.1231              1.2718              0.0081  
backward:              0.7000              0.0988              1.3706              0.0094  
backward:              0.6500              0.0857              1.4564              0.0099  
backward:              0.6000              0.0415              1.4979              0.0105  
backward:              0.5500              0.0142              1.5121              0.0112  
backward:              0.5000             -0.0508              1.4613              0.0120  
backward:              0.4500             -0.0844              1.3769              0.0126  
backward:              0.4000             -0.0936              1.2833              0.0131  
backward:              0.3500             -0.0951              1.1882              0.0136  
backward:              0.3000             -0.1111              1.0771              0.0142  
backward:              0.2500             -0.1233              0.9538              0.0147  
backward:              0.2000             -0.1374              0.8164              0.0154  
backward:              0.1500             -0.1590              0.6574              0.0160  
backward:              0.1000             -0.1805              0.4769              0.0180  
backward:              0.0500             -0.2057              0.2711              0.0186  
backward:              0.0000             -0.2850             -0.0139              0.0201  
Inaccuracy estimation
======================================================================================================
                   i        i+δi          P0_overlap_P1   δε(forward)/ε   δε(backward)/ε
======================================================================================================
inaccuracy:  0.00000        0.05000           68.38           -0.01            0.27
inaccuracy:  0.05000        0.10000           77.21           -0.00            0.16
inaccuracy:  0.10000        0.15000           78.02           -0.00            0.12
inaccuracy:  0.15000        0.20000           80.16           -0.00            0.09
inaccuracy:  0.20000        0.25000           81.53           -0.00            0.08
inaccuracy:  0.25000        0.30000           84.19           -0.00            0.07
inaccuracy:  0.30000        0.35000           81.03           -0.00            0.07
inaccuracy:  0.35000        0.40000           81.83           -0.00            0.07
inaccuracy:  0.40000        0.45000           81.47           -0.01            0.06
inaccuracy:  0.45000        0.50000           82.17           -0.00            0.06
inaccuracy:  0.50000        0.55000           72.44           -0.03            0.08
inaccuracy:  0.55000        0.60000           78.90           -0.01            0.06
inaccuracy:  0.60000        0.65000           75.20           -0.02            0.06
inaccuracy:  0.65000        0.70000           81.41           -0.01            0.05
inaccuracy:  0.70000        0.75000           77.99           -0.02            0.06
inaccuracy:  0.75000        0.80000           81.33           -0.02            0.05
inaccuracy:  0.80000        0.85000           77.80           -0.02            0.05
inaccuracy:  0.85000        0.90000           79.93           -0.01            0.05
inaccuracy:  0.90000        0.95000           78.18           -0.02            0.05
inaccuracy:  0.95000        1.00000           80.76           -0.01            0.05
===================================================================================================================================
            	   BAR        
-----------------------------------------------------------------------------------------------------------------------------------
BAR-estimator:         λ             λ+δλ          ΔΔA             ΔA            C               Δδe            δe       
                          
-----------------------------------------------------------------------------------------------------------------------------------
BAR-estimator:      0.00000        0.05000        0.2704         0.2704         0.2704         0.0034         0.0034 
BAR-estimator:      0.05000        0.10000        0.2120         0.4824         0.2120         0.0030         0.0045 
BAR-estimator:      0.10000        0.15000        0.1725         0.6549         0.1725         0.0027         0.0053 
BAR-estimator:      0.15000        0.20000        0.1586         0.8135         0.1586         0.0025         0.0058 
BAR-estimator:      0.20000        0.25000        0.1277         0.9411         0.1277         0.0024         0.0063 
BAR-estimator:      0.25000        0.30000        0.1168         1.0580         0.1168         0.0021         0.0067 
BAR-estimator:      0.30000        0.35000        0.1013         1.1593         0.1013         0.0022         0.0070 
BAR-estimator:      0.35000        0.40000        0.0998         1.2591         0.0998         0.0022         0.0073 
BAR-estimator:      0.40000        0.45000        0.0877         1.3468         0.0877         0.0021         0.0076 
BAR-estimator:      0.45000        0.50000        0.0838         1.4306         0.0838         0.0021         0.0079 
BAR-estimator:      0.50000        0.55000        0.0208         1.4514         0.0208         0.0023         0.0082 
BAR-estimator:      0.55000        0.60000       -0.0095         1.4420        -0.0095         0.0023         0.0086 
BAR-estimator:      0.60000        0.65000       -0.0645         1.3775        -0.0645         0.0023         0.0089 
BAR-estimator:      0.65000        0.70000       -0.0869         1.2906        -0.0869         0.0022         0.0091 
BAR-estimator:      0.70000        0.75000       -0.1123         1.1783        -0.1123         0.0020         0.0094 
BAR-estimator:      0.75000        0.80000       -0.1248         1.0535        -0.1248         0.0023         0.0096 
BAR-estimator:      0.80000        0.85000       -0.1485         0.9050        -0.1485         0.0022         0.0099 
BAR-estimator:      0.85000        0.90000       -0.1543         0.7507        -0.1543         0.0021         0.0101 
BAR-estimator:      0.90000        0.95000       -0.1650         0.5857        -0.1650         0.0020         0.0103 
BAR-estimator:      0.95000        1.00000       -0.1722         0.4135        -0.1722         0.0021         0.0105 
BAR-estimator: total free energy change is 0.413517721793082 , total error is 0.010511420993966665
