#========================================================================================
#                     Free energy perturbation    
#----------------------------------------------------------------------------------------
#forward/backward          λ              ΔΔA                 ΔA                  δε   
#                                                 
#----------------------------------------------------------------------------------------
forward:               0.0000              0.0000              0.0000              0.0000  
forward:               0.0500              1.2584              1.2584              0.0237  
forward:               0.1000              0.7189              1.9774              0.0280  
forward:               0.1500              0.3750              2.3524              0.0300  
forward:               0.2000              0.1892              2.5416              0.0312  
forward:               0.2500              0.0728              2.6144              0.0318  
forward:               0.3000              0.0133              2.6277              0.0323  
forward:               0.3500             -0.0391              2.5886              0.0327  
forward:               0.4000             -0.0762              2.5124              0.0330  
forward:               0.4500             -0.1031              2.4092              0.0333  
forward:               0.5000             -0.1266              2.2826              0.0335  
forward:               0.5500             -0.4835              1.7992              0.0344  
forward:               0.6000             -1.0491              0.7500              0.0355  
forward:               0.6500             -1.5247             -0.7747              0.0371  
forward:               0.7000             -1.9298             -2.7045              0.0387  
forward:               0.7500             -2.1628             -4.8673              0.0395  
forward:               0.8000             -2.2556             -7.1229              0.0399  
forward:               0.8500             -2.2827             -9.4056              0.0405  
forward:               0.9000             -2.2363            -11.6419              0.0410  
forward:               0.9500             -2.1966            -13.8385              0.0415  
forward:               1.0000             -2.1386            -15.9771              0.0418  
backward:              1.0000              0.0000            -15.9771              0.0000  
backward:              0.9500              2.1145            -13.8626              0.0129  
backward:              0.9000              2.1831            -11.6795              0.0158  
backward:              0.8500              2.2327             -9.4468              0.0175  
backward:              0.8000              2.2459             -7.2009              0.0206  
backward:              0.7500              2.2720             -4.9289              0.0227  
backward:              0.7000              2.1682             -2.7608              0.0242  
backward:              0.6500              1.9167             -0.8441              0.0272  
backward:              0.6000              1.5295              0.6854              0.0289  
backward:              0.5500              1.0430              1.7284              0.0303  
backward:              0.5000              0.4944              2.2229              0.0315  
backward:              0.4500              0.1289              2.3518              0.0317  
backward:              0.4000              0.0931              2.4449              0.0321  
backward:              0.3500              0.0646              2.5095              0.0326  
backward:              0.3000              0.0404              2.5500              0.0330  
backward:              0.2500             -0.0016              2.5484              0.0336  
backward:              0.2000             -0.0759              2.4724              0.0345  
backward:              0.1500             -0.2048              2.2677              0.0360  
backward:              0.1000             -0.3774              1.8903              0.0386  
backward:              0.0500             -0.7432              1.1470              0.0442  
backward:              0.0000             -1.2544             -0.1073              0.0537  
Inaccuracy estimation
======================================================================================================
                   i        i+δi          P0_overlap_P1   δε(forward)/ε   δε(backward)/ε
======================================================================================================
inaccuracy:  0.00000        0.05000           42.62           -0.04            1.15
inaccuracy:  0.05000        0.10000           51.89           -0.03            0.82
inaccuracy:  0.10000        0.15000           59.87           -0.02            0.42
inaccuracy:  0.15000        0.20000           66.61           -0.01            0.24
inaccuracy:  0.20000        0.25000           70.49           -0.01            0.17
inaccuracy:  0.25000        0.30000           71.59           -0.01            0.14
inaccuracy:  0.30000        0.35000           74.47           -0.01            0.11
inaccuracy:  0.35000        0.40000           75.85           -0.02            0.09
inaccuracy:  0.40000        0.45000           77.26           -0.01            0.09
inaccuracy:  0.45000        0.50000           76.75           -0.01            0.08
inaccuracy:  0.50000        0.55000           56.67           -0.21            0.21
inaccuracy:  0.55000        0.60000           58.50           -0.26            0.07
inaccuracy:  0.60000        0.65000           56.08           -0.35            0.01
inaccuracy:  0.65000        0.70000           58.00           -0.37           -0.04
inaccuracy:  0.70000        0.75000           58.61           -0.31           -0.07
inaccuracy:  0.75000        0.80000           57.97           -0.34           -0.10
inaccuracy:  0.80000        0.85000           59.29           -0.28           -0.07
inaccuracy:  0.85000        0.90000           57.51           -0.31           -0.07
inaccuracy:  0.90000        0.95000           57.08           -0.26           -0.06
inaccuracy:  0.95000        1.00000           55.82           -0.32           -0.03
===================================================================================================================================
                BAR        
-----------------------------------------------------------------------------------------------------------------------------------
BAR-estimator:         λ             λ+δλ          ΔΔA             ΔA            C               Δδe            δe       
                          
-----------------------------------------------------------------------------------------------------------------------------------
BAR-estimator:      0.00000        0.05000        1.2602         1.2602         1.2602         0.0099         0.0099 
BAR-estimator:      0.05000        0.10000        0.7308         1.9911         0.7308         0.0089         0.0133 
BAR-estimator:      0.10000        0.15000        0.3750         2.3660         0.3750         0.0070         0.0151 
BAR-estimator:      0.15000        0.20000        0.1890         2.5550         0.1890         0.0039         0.0155 
BAR-estimator:      0.20000        0.25000        0.0731         2.6281         0.0731         0.0050         0.0163 
BAR-estimator:      0.25000        0.30000        0.0085         2.6366         0.0085         0.0042         0.0169 
BAR-estimator:      0.30000        0.35000       -0.0405         2.5961        -0.0405         0.0039         0.0173 
BAR-estimator:      0.35000        0.40000       -0.0732         2.5229        -0.0732         0.0033         0.0176 
BAR-estimator:      0.40000        0.45000       -0.0991         2.4237        -0.0991         0.0032         0.0179 
BAR-estimator:      0.45000        0.50000       -0.1255         2.2982        -0.1255         0.0028         0.0181 
BAR-estimator:      0.50000        0.55000       -0.4868         1.8114        -0.4868         0.0050         0.0188 
BAR-estimator:      0.55000        0.60000       -1.0408         0.7707        -1.0408         0.0050         0.0195 
BAR-estimator:      0.60000        0.65000       -1.5273        -0.7566        -1.5273         0.0052         0.0201 
BAR-estimator:      0.65000        0.70000       -1.9199        -2.6765        -1.9199         0.0058         0.0209 
BAR-estimator:      0.70000        0.75000       -2.1630        -4.8395        -2.1630         0.0051         0.0216 
BAR-estimator:      0.75000        0.80000       -2.2613        -7.1008        -2.2613         0.0050         0.0221 
BAR-estimator:      0.80000        0.85000       -2.2674        -9.3682        -2.2674         0.0050         0.0227 
BAR-estimator:      0.85000        0.90000       -2.2309       -11.5990        -2.2309         0.0048         0.0232 
BAR-estimator:      0.90000        0.95000       -2.1861       -13.7851        -2.1861         0.0057         0.0239 
BAR-estimator:      0.95000        1.00000       -2.1336       -15.9188        -2.1336         0.0069         0.0249 
BAR-estimator: total free energy change is -15.918792979459232 , total error is 0.024858762142286103
