#========================================================================================
#                     Free energy perturbation    
#----------------------------------------------------------------------------------------
#forward/backward          λ              ΔΔA                 ΔA                  δε   
#                                                 
#----------------------------------------------------------------------------------------
forward:               0.0000              0.0000              0.0000              0.0000  
forward:               0.0500              1.2594              1.2594              0.0162  
forward:               0.1000              0.7438              2.0031              0.0203  
forward:               0.1500              0.3710              2.3741              0.0222  
forward:               0.2000              0.1692              2.5433              0.0232  
forward:               0.2500              0.0770              2.6202              0.0239  
forward:               0.3000              0.0105              2.6307              0.0245  
forward:               0.3500             -0.0460              2.5847              0.0249  
forward:               0.4000             -0.0766              2.5081              0.0252  
forward:               0.4500             -0.0978              2.4103              0.0255  
forward:               0.5000             -0.1246              2.2857              0.0257  
forward:               0.5500             -0.4864              1.7992              0.0267  
forward:               0.6000             -1.0163              0.7829              0.0277  
forward:               0.6500             -1.4967             -0.7138              0.0291  
forward:               0.7000             -1.8783             -2.5921              0.0302  
forward:               0.7500             -2.1391             -4.7313              0.0312  
forward:               0.8000             -2.2424             -6.9737              0.0319  
forward:               0.8500             -2.2581             -9.2318              0.0326  
forward:               0.9000             -2.2286            -11.4604              0.0331  
forward:               0.9500             -2.1743            -13.6347              0.0336  
forward:               1.0000             -2.1303            -15.7651              0.0341  
backward:              1.0000              0.0000            -15.7651              0.0000  
backward:              0.9500              2.1391            -13.6260              0.0088  
backward:              0.9000              2.1632            -11.4628              0.0132  
backward:              0.8500              2.2163             -9.2465              0.0179  
backward:              0.8000              2.2421             -7.0044              0.0210  
backward:              0.7500              2.2186             -4.7858              0.0228  
backward:              0.7000              2.1389             -2.6469              0.0244  
backward:              0.6500              1.9097             -0.7372              0.0258  
backward:              0.6000              1.4931              0.7559              0.0272  
backward:              0.5500              1.0292              1.7851              0.0282  
backward:              0.5000              0.4803              2.2654              0.0293  
backward:              0.4500              0.1174              2.3829              0.0296  
backward:              0.4000              0.1037              2.4866              0.0300  
backward:              0.3500              0.0788              2.5654              0.0304  
backward:              0.3000              0.0267              2.5921              0.0311  
backward:              0.2500             -0.0045              2.5877              0.0316  
backward:              0.2000             -0.0825              2.5051              0.0326  
backward:              0.1500             -0.1927              2.3125              0.0339  
backward:              0.1000             -0.3545              1.9579              0.0357  
backward:              0.0500             -0.7074              1.2505              0.0400  
backward:              0.0000             -1.2292              0.0213              0.0445  
Inaccuracy estimation
======================================================================================================
                   i        i+δi          P0_overlap_P1   δε(forward)/ε   δε(backward)/ε
======================================================================================================
inaccuracy:  0.00000        0.05000           42.68           -0.04            1.11
inaccuracy:  0.05000        0.10000           50.24           -0.03            0.86
inaccuracy:  0.10000        0.15000           59.87           -0.01            0.44
inaccuracy:  0.15000        0.20000           68.18           -0.01            0.24
inaccuracy:  0.20000        0.25000           70.23           -0.02            0.17
inaccuracy:  0.25000        0.30000           72.37           -0.01            0.14
inaccuracy:  0.30000        0.35000           75.64           -0.01            0.10
inaccuracy:  0.35000        0.40000           74.96           -0.01            0.09
inaccuracy:  0.40000        0.45000           75.36           -0.01            0.09
inaccuracy:  0.45000        0.50000           76.68           -0.01            0.07
inaccuracy:  0.50000        0.55000           57.52           -0.20            0.17
inaccuracy:  0.55000        0.60000           57.41           -0.28            0.08
inaccuracy:  0.60000        0.65000           57.60           -0.34            0.01
inaccuracy:  0.65000        0.70000           56.26           -0.37           -0.05
inaccuracy:  0.70000        0.75000           58.55           -0.32           -0.07
inaccuracy:  0.75000        0.80000           59.86           -0.28           -0.06
inaccuracy:  0.80000        0.85000           59.25           -0.29           -0.07
inaccuracy:  0.85000        0.90000           57.52           -0.31           -0.06
inaccuracy:  0.90000        0.95000           56.27           -0.28           -0.04
inaccuracy:  0.95000        1.00000           54.63           -0.34           -0.04
===================================================================================================================================
                BAR        
-----------------------------------------------------------------------------------------------------------------------------------
BAR-estimator:         λ             λ+δλ          ΔΔA             ΔA            C               Δδe            δe       
                          
-----------------------------------------------------------------------------------------------------------------------------------
BAR-estimator:      0.00000        0.05000        1.2620         1.2620         1.2620         0.0085         0.0085 
BAR-estimator:      0.05000        0.10000        0.7356         1.9975         0.7356         0.0088         0.0123 
BAR-estimator:      0.10000        0.15000        0.3702         2.3678         0.3702         0.0062         0.0137 
BAR-estimator:      0.15000        0.20000        0.1776         2.5454         0.1776         0.0046         0.0145 
BAR-estimator:      0.20000        0.25000        0.0766         2.6220         0.0766         0.0037         0.0150 
BAR-estimator:      0.25000        0.30000        0.0097         2.6317         0.0097         0.0038         0.0154 
BAR-estimator:      0.30000        0.35000       -0.0404         2.5912        -0.0404         0.0032         0.0157 
BAR-estimator:      0.35000        0.40000       -0.0770         2.5142        -0.0770         0.0030         0.0160 
BAR-estimator:      0.40000        0.45000       -0.1004         2.4138        -0.1004         0.0028         0.0163 
BAR-estimator:      0.45000        0.50000       -0.1227         2.2911        -0.1227         0.0023         0.0164 
BAR-estimator:      0.50000        0.55000       -0.4812         1.8098        -0.4812         0.0042         0.0170 
BAR-estimator:      0.55000        0.60000       -1.0206         0.7892        -1.0206         0.0041         0.0174 
BAR-estimator:      0.60000        0.65000       -1.4954        -0.7062        -1.4954         0.0048         0.0181 
BAR-estimator:      0.65000        0.70000       -1.8927        -2.5989        -1.8927         0.0052         0.0188 
BAR-estimator:      0.70000        0.75000       -2.1384        -4.7373        -2.1384         0.0049         0.0194 
BAR-estimator:      0.75000        0.80000       -2.2321        -6.9693        -2.2321         0.0043         0.0199 
BAR-estimator:      0.80000        0.85000       -2.2479        -9.2172        -2.2479         0.0046         0.0204 
BAR-estimator:      0.85000        0.90000       -2.2239       -11.4411        -2.2239         0.0047         0.0209 
BAR-estimator:      0.90000        0.95000       -2.1705       -13.6117        -2.1705         0.0050         0.0215 
BAR-estimator:      0.95000        1.00000       -2.1303       -15.7420        -2.1303         0.0047         0.0220 
BAR-estimator: total free energy change is -15.741960279296492 , total error is 0.022021281491685186
