#========================================================================================
#                     Free energy perturbation    
#----------------------------------------------------------------------------------------
#forward/backward          λ              ΔΔA                 ΔA                  δε   
#                                                 
#----------------------------------------------------------------------------------------
forward:               0.0000              0.0000              0.0000              0.0000  
forward:               0.0500              0.7145              0.7145              0.0091  
forward:               0.1000              0.4280              1.1425              0.0115  
forward:               0.1500              0.2992              1.4417              0.0129  
forward:               0.2000              0.2188              1.6604              0.0138  
forward:               0.2500              0.1649              1.8253              0.0147  
forward:               0.3000              0.1186              1.9439              0.0152  
forward:               0.3500              0.1006              2.0445              0.0159  
forward:               0.4000              0.0773              2.1218              0.0161  
forward:               0.4500              0.0626              2.1844              0.0164  
forward:               0.5000              0.0502              2.2346              0.0168  
forward:               0.5500              0.0328              2.2675              0.0173  
forward:               0.6000             -0.0287              2.2388              0.0177  
forward:               0.6500             -0.0538              2.1849              0.0180  
forward:               0.7000             -0.0883              2.0967              0.0184  
forward:               0.7500             -0.1067              1.9899              0.0186  
forward:               0.8000             -0.1282              1.8618              0.0189  
forward:               0.8500             -0.1393              1.7225              0.0191  
forward:               0.9000             -0.1539              1.5685              0.0193  
forward:               0.9500             -0.1626              1.4059              0.0195  
forward:               1.0000             -0.1780              1.2279              0.0197  
backward:              1.0000              0.0000              1.2279              0.0000  
backward:              0.9500              0.1784              1.4063              0.0033  
backward:              0.9000              0.1582              1.5644              0.0051  
backward:              0.8500              0.1533              1.7177              0.0064  
backward:              0.8000              0.1322              1.8500              0.0074  
backward:              0.7500              0.1248              1.9747              0.0082  
backward:              0.7000              0.1030              2.0777              0.0090  
backward:              0.6500              0.0921              2.1698              0.0097  
backward:              0.6000              0.0544              2.2242              0.0097  
backward:              0.5500              0.0254              2.2496              0.0107  
backward:              0.5000             -0.0217              2.2278              0.0115  
backward:              0.4500             -0.0409              2.1869              0.0121  
backward:              0.4000             -0.0741              2.1128              0.0131  
backward:              0.3500             -0.0741              2.0388              0.0138  
backward:              0.3000             -0.0995              1.9393              0.0149  
backward:              0.2500             -0.1258              1.8135              0.0158  
backward:              0.2000             -0.1714              1.6421              0.0169  
backward:              0.1500             -0.2204              1.4217              0.0182  
backward:              0.1000             -0.3048              1.1169              0.0244  
backward:              0.0500             -0.4450              0.6719              0.0275  
backward:              0.0000             -0.6682              0.0037              0.0310  
Inaccuracy estimation
======================================================================================================
                   i        i+δi          P0_overlap_P1   δε(forward)/ε   δε(backward)/ε
======================================================================================================
inaccuracy:  0.00000        0.05000           46.39           -0.01            0.88
inaccuracy:  0.05000        0.10000           66.47           -0.00            0.35
inaccuracy:  0.10000        0.15000           65.59           -0.01            0.25
inaccuracy:  0.15000        0.20000           73.88           -0.01            0.15
inaccuracy:  0.20000        0.25000           73.11           -0.01            0.13
inaccuracy:  0.25000        0.30000           78.59           -0.00            0.09
inaccuracy:  0.30000        0.35000           76.86           -0.01            0.10
inaccuracy:  0.35000        0.40000           79.79           -0.01            0.08
inaccuracy:  0.40000        0.45000           77.89           -0.01            0.08
inaccuracy:  0.45000        0.50000           79.48           -0.00            0.07
inaccuracy:  0.50000        0.55000           71.71           -0.02            0.10
inaccuracy:  0.55000        0.60000           79.46           -0.01            0.07
inaccuracy:  0.60000        0.65000           75.00           -0.02            0.07
inaccuracy:  0.65000        0.70000           79.44           -0.01            0.06
inaccuracy:  0.70000        0.75000           77.63           -0.02            0.06
inaccuracy:  0.75000        0.80000           80.14           -0.01            0.05
inaccuracy:  0.80000        0.85000           78.12           -0.02            0.05
inaccuracy:  0.85000        0.90000           80.01           -0.01            0.05
inaccuracy:  0.90000        0.95000           78.28           -0.01            0.05
inaccuracy:  0.95000        1.00000           80.00           -0.01            0.05
===================================================================================================================================
            	   BAR        
-----------------------------------------------------------------------------------------------------------------------------------
BAR-estimator:         λ             λ+δλ          ΔΔA             ΔA            C               Δδe            δe       
                          
-----------------------------------------------------------------------------------------------------------------------------------
BAR-estimator:      0.00000        0.05000        0.6306         0.6306         0.6306         0.0055         0.0055 
BAR-estimator:      0.05000        0.10000        0.4340         1.0645         0.4340         0.0047         0.0072 
BAR-estimator:      0.10000        0.15000        0.2733         1.3378         0.2733         0.0039         0.0082 
BAR-estimator:      0.15000        0.20000        0.2182         1.5560         0.2182         0.0034         0.0089 
BAR-estimator:      0.20000        0.25000        0.1509         1.7069         0.1509         0.0034         0.0095 
BAR-estimator:      0.25000        0.30000        0.1218         1.8287         0.1218         0.0027         0.0099 
BAR-estimator:      0.30000        0.35000        0.0914         1.9202         0.0914         0.0033         0.0104 
BAR-estimator:      0.35000        0.40000        0.0770         1.9972         0.0770         0.0028         0.0108 
BAR-estimator:      0.40000        0.45000        0.0547         2.0519         0.0547         0.0025         0.0111 
BAR-estimator:      0.45000        0.50000        0.0473         2.0992         0.0473         0.0024         0.0114 
BAR-estimator:      0.50000        0.55000        0.0088         2.1080         0.0088         0.0043         0.0121 
BAR-estimator:      0.55000        0.60000       -0.0276         2.0804        -0.0276         0.0026         0.0124 
BAR-estimator:      0.60000        0.65000       -0.0708         2.0096        -0.0708         0.0026         0.0127 
BAR-estimator:      0.65000        0.70000       -0.0891         1.9205        -0.0891         0.0025         0.0129 
BAR-estimator:      0.70000        0.75000       -0.1162         1.8042        -0.1162         0.0022         0.0131 
BAR-estimator:      0.75000        0.80000       -0.1261         1.6781        -0.1261         0.0024         0.0133 
BAR-estimator:      0.80000        0.85000       -0.1469         1.5312        -0.1469         0.0026         0.0136 
BAR-estimator:      0.85000        0.90000       -0.1541         1.3771        -0.1541         0.0023         0.0138 
BAR-estimator:      0.90000        0.95000       -0.1699         1.2072        -0.1699         0.0024         0.0140 
BAR-estimator:      0.95000        1.00000       -0.1778         1.0294        -0.1778         0.0022         0.0142 
BAR-estimator: total free energy change is 1.0294412050111683 , total error is 0.014164029796272787
