#========================================================================================
#                     Free energy perturbation    
#----------------------------------------------------------------------------------------
#forward/backward          λ              ΔΔA                 ΔA                  δε   
#                                                 
#----------------------------------------------------------------------------------------
forward:               0.0000              0.0000              0.0000              0.0000  
forward:               0.0500              0.6937              0.6937              0.0148  
forward:               0.1000              0.4383              1.1319              0.0174  
forward:               0.1500              0.2873              1.4192              0.0191  
forward:               0.2000              0.2130              1.6322              0.0201  
forward:               0.2500              0.1698              1.8020              0.0208  
forward:               0.3000              0.1212              1.9232              0.0214  
forward:               0.3500              0.0904              2.0137              0.0219  
forward:               0.4000              0.0748              2.0884              0.0231  
forward:               0.4500              0.0717              2.1602              0.0237  
forward:               0.5000              0.0462              2.2063              0.0241  
forward:               0.5500              0.0242              2.2306              0.0244  
forward:               0.6000             -0.0256              2.2050              0.0247  
forward:               0.6500             -0.0643              2.1407              0.0250  
forward:               0.7000             -0.0937              2.0470              0.0252  
forward:               0.7500             -0.1036              1.9433              0.0254  
forward:               0.8000             -0.1309              1.8124              0.0256  
forward:               0.8500             -0.1358              1.6766              0.0258  
forward:               0.9000             -0.1581              1.5185              0.0260  
forward:               0.9500             -0.1644              1.3540              0.0262  
forward:               1.0000             -0.1765              1.1775              0.0265  
backward:              1.0000              0.0000              1.1775              0.0000  
backward:              0.9500              0.1696              1.3471              0.0036  
backward:              0.9000              0.1531              1.5002              0.0051  
backward:              0.8500              0.1543              1.6545              0.0064  
backward:              0.8000              0.1332              1.7877              0.0082  
backward:              0.7500              0.1224              1.9101              0.0092  
backward:              0.7000              0.0996              2.0097              0.0099  
backward:              0.6500              0.0894              2.0991              0.0106  
backward:              0.6000              0.0592              2.1583              0.0113  
backward:              0.5500              0.0261              2.1844              0.0122  
backward:              0.5000             -0.0307              2.1537              0.0130  
backward:              0.4500             -0.0425              2.1112              0.0137  
backward:              0.4000             -0.0725              2.0387              0.0146  
backward:              0.3500             -0.0729              1.9658              0.0155  
backward:              0.3000             -0.1079              1.8579              0.0166  
backward:              0.2500             -0.1227              1.7352              0.0178  
backward:              0.2000             -0.1559              1.5794              0.0194  
backward:              0.1500             -0.1977              1.3817              0.0210  
backward:              0.1000             -0.2796              1.1021              0.0228  
backward:              0.0500             -0.4708              0.6313              0.0293  
backward:              0.0000             -0.6937             -0.0624              0.0349  
Inaccuracy estimation
======================================================================================================
                   i        i+δi          P0_overlap_P1   δε(forward)/ε   δε(backward)/ε
======================================================================================================
inaccuracy:  0.00000        0.05000           48.10           -0.01            0.87
inaccuracy:  0.05000        0.10000           66.93           -0.00            0.35
inaccuracy:  0.10000        0.15000           65.18           -0.01            0.24
inaccuracy:  0.15000        0.20000           72.85           -0.00            0.15
inaccuracy:  0.20000        0.25000           72.25           -0.01            0.15
inaccuracy:  0.25000        0.30000           78.01           -0.00            0.10
inaccuracy:  0.30000        0.35000           77.75           -0.00            0.09
inaccuracy:  0.35000        0.40000           79.33           -0.00            0.07
inaccuracy:  0.40000        0.45000           76.97           -0.01            0.08
inaccuracy:  0.45000        0.50000           80.59           -0.01            0.07
inaccuracy:  0.50000        0.55000           71.84           -0.02            0.09
inaccuracy:  0.55000        0.60000           78.58           -0.01            0.07
inaccuracy:  0.60000        0.65000           76.24           -0.02            0.06
inaccuracy:  0.65000        0.70000           79.97           -0.01            0.06
inaccuracy:  0.70000        0.75000           77.48           -0.02            0.06
inaccuracy:  0.75000        0.80000           81.07           -0.02            0.05
inaccuracy:  0.80000        0.85000           77.54           -0.02            0.06
inaccuracy:  0.85000        0.90000           80.61           -0.01            0.05
inaccuracy:  0.90000        0.95000           78.77           -0.02            0.05
inaccuracy:  0.95000        1.00000           79.79           -0.01            0.05
===================================================================================================================================
            	   BAR        
-----------------------------------------------------------------------------------------------------------------------------------
BAR-estimator:         λ             λ+δλ          ΔΔA             ΔA            C               Δδe            δe       
                          
-----------------------------------------------------------------------------------------------------------------------------------
BAR-estimator:      0.00000        0.05000        0.6302         0.6302         0.6302         0.0095         0.0095 
BAR-estimator:      0.05000        0.10000        0.4431         1.0732         0.4431         0.0062         0.0113 
BAR-estimator:      0.10000        0.15000        0.2581         1.3314         0.2581         0.0054         0.0125 
BAR-estimator:      0.15000        0.20000        0.2073         1.5387         0.2073         0.0045         0.0133 
BAR-estimator:      0.20000        0.25000        0.1522         1.6909         0.1522         0.0037         0.0138 
BAR-estimator:      0.25000        0.30000        0.1210         1.8119         0.1210         0.0033         0.0142 
BAR-estimator:      0.30000        0.35000        0.0832         1.8951         0.0832         0.0033         0.0146 
BAR-estimator:      0.35000        0.40000        0.0738         1.9688         0.0738         0.0028         0.0148 
BAR-estimator:      0.40000        0.45000        0.0596         2.0284         0.0596         0.0035         0.0152 
BAR-estimator:      0.45000        0.50000        0.0451         2.0735         0.0451         0.0029         0.0155 
BAR-estimator:      0.50000        0.55000        0.0014         2.0749         0.0014         0.0030         0.0158 
BAR-estimator:      0.55000        0.60000       -0.0274         2.0475        -0.0274         0.0030         0.0161 
BAR-estimator:      0.60000        0.65000       -0.0763         1.9712        -0.0763         0.0028         0.0163 
BAR-estimator:      0.65000        0.70000       -0.0912         1.8800        -0.0912         0.0028         0.0165 
BAR-estimator:      0.70000        0.75000       -0.1145         1.7655        -0.1145         0.0026         0.0167 
BAR-estimator:      0.75000        0.80000       -0.1275         1.6380        -0.1275         0.0029         0.0170 
BAR-estimator:      0.80000        0.85000       -0.1450         1.4930        -0.1450         0.0027         0.0172 
BAR-estimator:      0.85000        0.90000       -0.1560         1.3370        -0.1560         0.0027         0.0174 
BAR-estimator:      0.90000        0.95000       -0.1694         1.1676        -0.1694         0.0027         0.0176 
BAR-estimator:      0.95000        1.00000       -0.1745         0.9932        -0.1745         0.0028         0.0179 
BAR-estimator: total free energy change is 0.9931742221990519 , total error is 0.01785709336802461
