#========================================================================================
#                     Free energy perturbation    
#----------------------------------------------------------------------------------------
#forward/backward          λ              ΔΔA                 ΔA                  δε   
#                                                 
#----------------------------------------------------------------------------------------
forward:               0.0000              0.0000              0.0000              0.0000  
forward:               0.0500              1.2864              1.2864              0.0184  
forward:               0.1000              0.7098              1.9962              0.0223  
forward:               0.1500              0.4094              2.4056              0.0247  
forward:               0.2000              0.2396              2.6451              0.0269  
forward:               0.2500              0.1486              2.7938              0.0276  
forward:               0.3000              0.0951              2.8889              0.0285  
forward:               0.3500              0.0550              2.9438              0.0289  
forward:               0.4000              0.0187              2.9626              0.0294  
forward:               0.4500             -0.0071              2.9555              0.0297  
forward:               0.5000             -0.0348              2.9207              0.0300  
forward:               0.5500             -0.0568              2.8639              0.0304  
forward:               0.6000             -0.1148              2.7491              0.0307  
forward:               0.6500             -0.1500              2.5991              0.0310  
forward:               0.7000             -0.1915              2.4076              0.0312  
forward:               0.7500             -0.2226              2.1850              0.0314  
forward:               0.8000             -0.2568              1.9282              0.0316  
forward:               0.8500             -0.2704              1.6577              0.0318  
forward:               0.9000             -0.2952              1.3626              0.0320  
forward:               0.9500             -0.3071              1.0555              0.0322  
forward:               1.0000             -0.3223              0.7331              0.0324  
backward:              1.0000              0.0000              0.7331              0.0000  
backward:              0.9500              0.3348              1.0680              0.0039  
backward:              0.9000              0.3061              1.3740              0.0061  
backward:              0.8500              0.2911              1.6652              0.0078  
backward:              0.8000              0.2719              1.9371              0.0089  
backward:              0.7500              0.2492              2.1863              0.0104  
backward:              0.7000              0.2243              2.4106              0.0110  
backward:              0.6500              0.1881              2.5987              0.0120  
backward:              0.6000              0.1504              2.7491              0.0129  
backward:              0.5500              0.1134              2.8625              0.0136  
backward:              0.5000              0.0451              2.9077              0.0146  
backward:              0.4500              0.0210              2.9287              0.0162  
backward:              0.4000             -0.0070              2.9217              0.0173  
backward:              0.3500             -0.0011              2.9205              0.0182  
backward:              0.3000             -0.0591              2.8614              0.0193  
backward:              0.2500             -0.0860              2.7755              0.0206  
backward:              0.2000             -0.1572              2.6183              0.0229  
backward:              0.1500             -0.2198              2.3985              0.0243  
backward:              0.1000             -0.3987              1.9997              0.0300  
backward:              0.0500             -0.7219              1.2778              0.0364  
backward:              0.0000             -1.3315             -0.0538              0.0483  
Inaccuracy estimation
======================================================================================================
                   i        i+δi          P0_overlap_P1   δε(forward)/ε   δε(backward)/ε
======================================================================================================
inaccuracy:  0.00000        0.05000           42.18           -0.03            1.26
inaccuracy:  0.05000        0.10000           52.73           -0.03            0.76
inaccuracy:  0.10000        0.15000           60.64           -0.02            0.42
inaccuracy:  0.15000        0.20000           66.99           -0.01            0.28
inaccuracy:  0.20000        0.25000           70.98           -0.01            0.17
inaccuracy:  0.25000        0.30000           71.39           -0.01            0.15
inaccuracy:  0.30000        0.35000           74.22           -0.01            0.13
inaccuracy:  0.35000        0.40000           73.39           -0.01            0.12
inaccuracy:  0.40000        0.45000           76.15           -0.01            0.09
inaccuracy:  0.45000        0.50000           78.06           -0.01            0.09
inaccuracy:  0.50000        0.55000           75.50           -0.02            0.09
inaccuracy:  0.55000        0.60000           74.94           -0.02            0.09
inaccuracy:  0.60000        0.65000           74.24           -0.02            0.08
inaccuracy:  0.65000        0.70000           75.54           -0.03            0.08
inaccuracy:  0.70000        0.75000           75.53           -0.03            0.08
inaccuracy:  0.75000        0.80000           76.12           -0.02            0.07
inaccuracy:  0.80000        0.85000           75.44           -0.03            0.07
inaccuracy:  0.85000        0.90000           75.76           -0.03            0.07
inaccuracy:  0.90000        0.95000           74.50           -0.03            0.07
inaccuracy:  0.95000        1.00000           73.84           -0.03            0.07
===================================================================================================================================
                BAR        
-----------------------------------------------------------------------------------------------------------------------------------
BAR-estimator:         λ             λ+δλ          ΔΔA             ΔA            C               Δδe            δe       
                          
-----------------------------------------------------------------------------------------------------------------------------------
BAR-estimator:      0.00000        0.05000        1.2905         1.2905         1.2905         0.0099         0.0099 
BAR-estimator:      0.05000        0.10000        0.7233         2.0138         0.7233         0.0080         0.0127 
BAR-estimator:      0.10000        0.15000        0.4000         2.4139         0.4000         0.0069         0.0145 
BAR-estimator:      0.15000        0.20000        0.2389         2.6528         0.2389         0.0065         0.0159 
BAR-estimator:      0.20000        0.25000        0.1501         2.8029         0.1501         0.0040         0.0164 
BAR-estimator:      0.25000        0.30000        0.0918         2.8947         0.0918         0.0044         0.0170 
BAR-estimator:      0.30000        0.35000        0.0571         2.9518         0.0571         0.0035         0.0173 
BAR-estimator:      0.35000        0.40000        0.0127         2.9645         0.0127         0.0034         0.0176 
BAR-estimator:      0.40000        0.45000       -0.0054         2.9591        -0.0054         0.0031         0.0179 
BAR-estimator:      0.45000        0.50000       -0.0277         2.9313        -0.0277         0.0031         0.0182 
BAR-estimator:      0.50000        0.55000       -0.0513         2.8800        -0.0513         0.0032         0.0185 
BAR-estimator:      0.55000        0.60000       -0.1144         2.7656        -0.1144         0.0030         0.0187 
BAR-estimator:      0.60000        0.65000       -0.1506         2.6150        -0.1506         0.0031         0.0190 
BAR-estimator:      0.65000        0.70000       -0.1909         2.4241        -0.1909         0.0028         0.0192 
BAR-estimator:      0.70000        0.75000       -0.2215         2.2026        -0.2215         0.0034         0.0195 
BAR-estimator:      0.75000        0.80000       -0.2550         1.9476        -0.2550         0.0030         0.0197 
BAR-estimator:      0.80000        0.85000       -0.2709         1.6768        -0.2709         0.0030         0.0199 
BAR-estimator:      0.85000        0.90000       -0.2938         1.3830        -0.2938         0.0031         0.0202 
BAR-estimator:      0.90000        0.95000       -0.3078         1.0752        -0.3078         0.0033         0.0204 
BAR-estimator:      0.95000        1.00000       -0.3272         0.7479        -0.3272         0.0031         0.0207 
BAR-estimator: total free energy change is 0.7479482774112025 , total error is 0.020663427314189825
