#========================================================================================
#                     Free energy perturbation    
#----------------------------------------------------------------------------------------
#forward/backward          λ              ΔΔA                 ΔA                  δε   
#                                                 
#----------------------------------------------------------------------------------------
forward:               0.0000              0.0000              0.0000              0.0000  
forward:               0.0500              1.2441              1.2441              0.0182  
forward:               0.1000              0.7245              1.9686              0.0221  
forward:               0.1500              0.3986              2.3672              0.0241  
forward:               0.2000              0.2435              2.6107              0.0251  
forward:               0.2500              0.1518              2.7625              0.0259  
forward:               0.3000              0.0885              2.8509              0.0263  
forward:               0.3500              0.0553              2.9062              0.0267  
forward:               0.4000              0.0236              2.9298              0.0272  
forward:               0.4500             -0.0002              2.9296              0.0275  
forward:               0.5000             -0.0282              2.9014              0.0278  
forward:               0.5500             -0.0519              2.8495              0.0281  
forward:               0.6000             -0.1057              2.7437              0.0283  
forward:               0.6500             -0.1462              2.5975              0.0286  
forward:               0.7000             -0.1850              2.4126              0.0288  
forward:               0.7500             -0.2204              2.1922              0.0291  
forward:               0.8000             -0.2473              1.9449              0.0293  
forward:               0.8500             -0.2735              1.6714              0.0295  
forward:               0.9000             -0.2870              1.3844              0.0296  
forward:               0.9500             -0.3142              1.0701              0.0298  
forward:               1.0000             -0.3249              0.7452              0.0300  
backward:              1.0000              0.0000              0.7452              0.0000  
backward:              0.9500              0.3284              1.0736              0.0035  
backward:              0.9000              0.3070              1.3806              0.0053  
backward:              0.8500              0.2936              1.6742              0.0064  
backward:              0.8000              0.2682              1.9424              0.0076  
backward:              0.7500              0.2496              2.1920              0.0085  
backward:              0.7000              0.2124              2.4044              0.0096  
backward:              0.6500              0.1929              2.5972              0.0105  
backward:              0.6000              0.1425              2.7397              0.0114  
backward:              0.5500              0.1021              2.8418              0.0124  
backward:              0.5000              0.0536              2.8954              0.0132  
backward:              0.4500              0.0118              2.9072              0.0141  
backward:              0.4000              0.0030              2.9103              0.0149  
backward:              0.3500             -0.0230              2.8872              0.0158  
backward:              0.3000             -0.0527              2.8345              0.0173  
backward:              0.2500             -0.0885              2.7460              0.0184  
backward:              0.2000             -0.1501              2.5958              0.0198  
backward:              0.1500             -0.2427              2.3531              0.0232  
backward:              0.1000             -0.4174              1.9357              0.0274  
backward:              0.0500             -0.7065              1.2292              0.0325  
backward:              0.0000             -1.2649             -0.0357              0.0392  
Inaccuracy estimation
======================================================================================================
                   i        i+δi          P0_overlap_P1   δε(forward)/ε   δε(backward)/ε
======================================================================================================
inaccuracy:  0.00000        0.05000           43.51           -0.03            1.27
inaccuracy:  0.05000        0.10000           51.24           -0.02            0.77
inaccuracy:  0.10000        0.15000           61.33           -0.02            0.40
inaccuracy:  0.15000        0.20000           66.42           -0.01            0.25
inaccuracy:  0.20000        0.25000           69.73           -0.01            0.18
inaccuracy:  0.25000        0.30000           72.75           -0.01            0.15
inaccuracy:  0.30000        0.35000           73.43           -0.01            0.12
inaccuracy:  0.35000        0.40000           74.76           -0.01            0.11
inaccuracy:  0.40000        0.45000           75.69           -0.01            0.11
inaccuracy:  0.45000        0.50000           77.60           -0.01            0.09
inaccuracy:  0.50000        0.55000           74.25           -0.02            0.10
inaccuracy:  0.55000        0.60000           74.34           -0.02            0.09
inaccuracy:  0.60000        0.65000           74.78           -0.02            0.08
inaccuracy:  0.65000        0.70000           74.50           -0.03            0.09
inaccuracy:  0.70000        0.75000           75.87           -0.02            0.07
inaccuracy:  0.75000        0.80000           75.00           -0.02            0.07
inaccuracy:  0.80000        0.85000           75.68           -0.02            0.07
inaccuracy:  0.85000        0.90000           74.93           -0.02            0.07
inaccuracy:  0.90000        0.95000           75.97           -0.03            0.07
inaccuracy:  0.95000        1.00000           75.20           -0.02            0.07
===================================================================================================================================
                BAR        
-----------------------------------------------------------------------------------------------------------------------------------
BAR-estimator:         λ             λ+δλ          ΔΔA             ΔA            C               Δδe            δe       
                          
-----------------------------------------------------------------------------------------------------------------------------------
BAR-estimator:      0.00000        0.05000        1.2634         1.2634         1.2634         0.0086         0.0086 
BAR-estimator:      0.05000        0.10000        0.7202         1.9837         0.7202         0.0080         0.0118 
BAR-estimator:      0.10000        0.15000        0.3983         2.3820         0.3983         0.0064         0.0134 
BAR-estimator:      0.15000        0.20000        0.2417         2.6237         0.2417         0.0047         0.0142 
BAR-estimator:      0.20000        0.25000        0.1491         2.7729         0.1491         0.0038         0.0147 
BAR-estimator:      0.25000        0.30000        0.0885         2.8613         0.0885         0.0034         0.0151 
BAR-estimator:      0.30000        0.35000        0.0531         2.9145         0.0531         0.0033         0.0154 
BAR-estimator:      0.35000        0.40000        0.0241         2.9386         0.0241         0.0034         0.0158 
BAR-estimator:      0.40000        0.45000        0.0004         2.9390         0.0004         0.0030         0.0161 
BAR-estimator:      0.45000        0.50000       -0.0234         2.9156        -0.0234         0.0023         0.0162 
BAR-estimator:      0.50000        0.55000       -0.0507         2.8649        -0.0507         0.0028         0.0165 
BAR-estimator:      0.55000        0.60000       -0.1037         2.7612        -0.1037         0.0027         0.0167 
BAR-estimator:      0.60000        0.65000       -0.1446         2.6166        -0.1446         0.0029         0.0169 
BAR-estimator:      0.65000        0.70000       -0.1862         2.4305        -0.1862         0.0029         0.0172 
BAR-estimator:      0.70000        0.75000       -0.2177         2.2127        -0.2177         0.0028         0.0174 
BAR-estimator:      0.75000        0.80000       -0.2469         1.9659        -0.2469         0.0026         0.0176 
BAR-estimator:      0.80000        0.85000       -0.2718         1.6940        -0.2718         0.0026         0.0178 
BAR-estimator:      0.85000        0.90000       -0.2883         1.4057        -0.2883         0.0028         0.0180 
BAR-estimator:      0.90000        0.95000       -0.3116         1.0941        -0.3116         0.0028         0.0182 
BAR-estimator:      0.95000        1.00000       -0.3253         0.7688        -0.3253         0.0027         0.0184 
BAR-estimator: total free energy change is 0.7687795956136377 , total error is 0.018411934052995783
