#========================================================================================
#                     Free energy perturbation    
#----------------------------------------------------------------------------------------
#forward/backward          λ              ΔΔA                 ΔA                  δε   
#                                                 
#----------------------------------------------------------------------------------------
forward:               0.0000              0.0000              0.0000              0.0000  
forward:               0.0500              1.7136              1.7136              0.0258  
forward:               0.1000              0.9259              2.6395              0.0311  
forward:               0.1500              0.5074              3.1470              0.0331  
forward:               0.2000              0.2481              3.3951              0.0343  
forward:               0.2500              0.1230              3.5181              0.0349  
forward:               0.3000              0.0532              3.5712              0.0355  
forward:               0.3500              0.0024              3.5736              0.0359  
forward:               0.4000             -0.0424              3.5312              0.0363  
forward:               0.4500             -0.0724              3.4589              0.0366  
forward:               0.5000             -0.0951              3.3638              0.0368  
forward:               0.5500             -0.2301              3.1337              0.0373  
forward:               0.6000             -0.4826              2.6511              0.0380  
forward:               0.6500             -0.7127              1.9384              0.0390  
forward:               0.7000             -0.8986              1.0398              0.0398  
forward:               0.7500             -0.9995              0.0403              0.0406  
forward:               0.8000             -1.0182             -0.9779              0.0409  
forward:               0.8500             -1.0116             -1.9895              0.0413  
forward:               0.9000             -0.9806             -2.9700              0.0415  
forward:               0.9500             -0.9559             -3.9260              0.0417  
forward:               1.0000             -0.9240             -4.8500              0.0419  
backward:              1.0000              0.0000             -4.8500              0.0000  
backward:              0.9500              0.9186             -3.9314              0.0077  
backward:              0.9000              0.9544             -2.9770              0.0077  
backward:              0.8500              0.9731             -2.0039              0.0104  
backward:              0.8000              1.0169             -0.9870              0.0119  
backward:              0.7500              1.0156              0.0286              0.0138  
backward:              0.7000              0.9848              1.0134              0.0161  
backward:              0.6500              0.8857              1.8991              0.0189  
backward:              0.6000              0.6892              2.5883              0.0218  
backward:              0.5500              0.4842              3.0724              0.0233  
backward:              0.5000              0.2273              3.2998              0.0244  
backward:              0.4500              0.0980              3.3977              0.0249  
backward:              0.4000              0.0682              3.4659              0.0256  
backward:              0.3500              0.0399              3.5058              0.0264  
backward:              0.3000             -0.0132              3.4926              0.0273  
backward:              0.2500             -0.0508              3.4417              0.0281  
backward:              0.2000             -0.1187              3.3230              0.0291  
backward:              0.1500             -0.2504              3.0726              0.0333  
backward:              0.1000             -0.5160              2.5566              0.0386  
backward:              0.0500             -0.8701              1.6865              0.0441  
backward:              0.0000             -1.7034             -0.0170              0.0741  
Inaccuracy estimation
======================================================================================================
                   i        i+δi          P0_overlap_P1   δε(forward)/ε   δε(backward)/ε
======================================================================================================
inaccuracy:  0.00000        0.05000           34.45           -0.03            2.11
inaccuracy:  0.05000        0.10000           45.98           -0.03            1.11
inaccuracy:  0.10000        0.15000           55.84           -0.03            0.52
inaccuracy:  0.15000        0.20000           64.39           -0.02            0.30
inaccuracy:  0.20000        0.25000           69.54           -0.01            0.20
inaccuracy:  0.25000        0.30000           72.00           -0.02            0.15
inaccuracy:  0.30000        0.35000           73.15           -0.01            0.12
inaccuracy:  0.35000        0.40000           73.94           -0.01            0.11
inaccuracy:  0.40000        0.45000           75.54           -0.01            0.10
inaccuracy:  0.45000        0.50000           75.12           -0.02            0.09
inaccuracy:  0.50000        0.55000           65.70           -0.07            0.16
inaccuracy:  0.55000        0.60000           66.28           -0.12            0.10
inaccuracy:  0.60000        0.65000           67.65           -0.12            0.06
inaccuracy:  0.65000        0.70000           67.17           -0.11            0.04
inaccuracy:  0.70000        0.75000           67.99           -0.11            0.04
inaccuracy:  0.75000        0.80000           67.27           -0.10            0.04
inaccuracy:  0.80000        0.85000           66.70           -0.09            0.05
inaccuracy:  0.85000        0.90000           66.81           -0.10            0.06
inaccuracy:  0.90000        0.95000           65.85           -0.10            0.07
inaccuracy:  0.95000        1.00000           65.42           -0.11            0.08
===================================================================================================================================
                BAR        
-----------------------------------------------------------------------------------------------------------------------------------
BAR-estimator:         λ             λ+δλ          ΔΔA             ΔA            C               Δδe            δe       
                          
-----------------------------------------------------------------------------------------------------------------------------------
BAR-estimator:      0.00000        0.05000        1.6996         1.6996         1.6996         0.0101         0.0101 
BAR-estimator:      0.05000        0.10000        0.9223         2.6219         0.9223         0.0100         0.0142 
BAR-estimator:      0.10000        0.15000        0.4979         3.1199         0.4979         0.0073         0.0159 
BAR-estimator:      0.15000        0.20000        0.2490         3.3689         0.2490         0.0058         0.0170 
BAR-estimator:      0.20000        0.25000        0.1251         3.4941         0.1251         0.0043         0.0175 
BAR-estimator:      0.25000        0.30000        0.0531         3.5472         0.0531         0.0047         0.0181 
BAR-estimator:      0.30000        0.35000        0.0043         3.5515         0.0043         0.0044         0.0187 
BAR-estimator:      0.35000        0.40000       -0.0420         3.5095        -0.0420         0.0040         0.0191 
BAR-estimator:      0.40000        0.45000       -0.0708         3.4387        -0.0708         0.0036         0.0194 
BAR-estimator:      0.45000        0.50000       -0.0969         3.3418        -0.0969         0.0031         0.0197 
BAR-estimator:      0.50000        0.55000       -0.2313         3.1105        -0.2313         0.0041         0.0201 
BAR-estimator:      0.55000        0.60000       -0.4858         2.6248        -0.4858         0.0039         0.0205 
BAR-estimator:      0.60000        0.65000       -0.6987         1.9260        -0.6987         0.0064         0.0215 
BAR-estimator:      0.65000        0.70000       -0.8908         1.0353        -0.8908         0.0046         0.0219 
BAR-estimator:      0.70000        0.75000       -0.9913         0.0440        -0.9913         0.0048         0.0225 
BAR-estimator:      0.75000        0.80000       -1.0187        -0.9747        -1.0187         0.0038         0.0228 
BAR-estimator:      0.80000        0.85000       -1.0128        -1.9875        -1.0128         0.0039         0.0231 
BAR-estimator:      0.85000        0.90000       -0.9802        -2.9677        -0.9802         0.0034         0.0234 
BAR-estimator:      0.90000        0.95000       -0.9540        -3.9217        -0.9540         0.0042         0.0237 
BAR-estimator:      0.95000        1.00000       -0.9264        -4.8481        -0.9264         0.0039         0.0241 
BAR-estimator: total free energy change is -4.848093463925789 , total error is 0.024053784144137173
