#========================================================================================
#                     Free energy perturbation    
#----------------------------------------------------------------------------------------
#forward/backward          λ              ΔΔA                 ΔA                  δε   
#                                                 
#----------------------------------------------------------------------------------------
forward:               0.0000              0.0000              0.0000              0.0000  
forward:               0.0500              1.7561              1.7561              0.0221  
forward:               0.1000              0.9045              2.6606              0.0269  
forward:               0.1500              0.4921              3.1527              0.0291  
forward:               0.2000              0.2528              3.4055              0.0301  
forward:               0.2500              0.1403              3.5458              0.0304  
forward:               0.3000              0.0636              3.6093              0.0311  
forward:               0.3500              0.0039              3.6132              0.0314  
forward:               0.4000             -0.0377              3.5755              0.0317  
forward:               0.4500             -0.0674              3.5081              0.0319  
forward:               0.5000             -0.0865              3.4215              0.0322  
forward:               0.5500             -0.2403              3.1812              0.0326  
forward:               0.6000             -0.4696              2.7116              0.0332  
forward:               0.6500             -0.6943              2.0173              0.0339  
forward:               0.7000             -0.8796              1.1377              0.0345  
forward:               0.7500             -0.9887              0.1490              0.0350  
forward:               0.8000             -1.0237             -0.8747              0.0353  
forward:               0.8500             -1.0219             -1.8966              0.0356  
forward:               0.9000             -0.9805             -2.8771              0.0358  
forward:               0.9500             -0.9643             -3.8414              0.0361  
forward:               1.0000             -0.9315             -4.7729              0.0361  
backward:              1.0000              0.0000             -4.7729              0.0000  
backward:              0.9500              0.9174             -3.8555              0.0086  
backward:              0.9000              0.9550             -2.9005              0.0153  
backward:              0.8500              0.9795             -1.9210              0.0167  
backward:              0.8000              1.0131             -0.9079              0.0178  
backward:              0.7500              1.0353              0.1274              0.0188  
backward:              0.7000              0.9879              1.1153              0.0200  
backward:              0.6500              0.8869              2.0022              0.0209  
backward:              0.6000              0.6944              2.6966              0.0216  
backward:              0.5500              0.4831              3.1797              0.0225  
backward:              0.5000              0.2243              3.4040              0.0239  
backward:              0.4500              0.0881              3.4922              0.0244  
backward:              0.4000              0.0755              3.5677              0.0249  
backward:              0.3500              0.0386              3.6062              0.0255  
backward:              0.3000              0.0002              3.6065              0.0261  
backward:              0.2500             -0.0564              3.5501              0.0270  
backward:              0.2000             -0.1254              3.4247              0.0282  
backward:              0.1500             -0.2539              3.1708              0.0316  
backward:              0.1000             -0.4968              2.6739              0.0375  
backward:              0.0500             -1.0180              1.6560              0.0599  
backward:              0.0000             -1.6349              0.0211              0.0642  
Inaccuracy estimation
======================================================================================================
                   i        i+δi          P0_overlap_P1   δε(forward)/ε   δε(backward)/ε
======================================================================================================
inaccuracy:  0.00000        0.05000           34.03           -0.02            2.18
inaccuracy:  0.05000        0.10000           48.37           -0.04            1.02
inaccuracy:  0.10000        0.15000           56.58           -0.01            0.55
inaccuracy:  0.15000        0.20000           64.84           -0.02            0.31
inaccuracy:  0.20000        0.25000           68.15           -0.02            0.21
inaccuracy:  0.25000        0.30000           70.25           -0.01            0.15
inaccuracy:  0.30000        0.35000           72.94           -0.02            0.13
inaccuracy:  0.35000        0.40000           74.04           -0.01            0.10
inaccuracy:  0.40000        0.45000           74.36           -0.01            0.10
inaccuracy:  0.45000        0.50000           74.85           -0.02            0.09
inaccuracy:  0.50000        0.55000           66.40           -0.09            0.14
inaccuracy:  0.55000        0.60000           65.59           -0.12            0.09
inaccuracy:  0.60000        0.65000           65.84           -0.14            0.06
inaccuracy:  0.65000        0.70000           65.36           -0.13            0.05
inaccuracy:  0.70000        0.75000           66.99           -0.13            0.04
inaccuracy:  0.75000        0.80000           66.14           -0.10            0.04
inaccuracy:  0.80000        0.85000           67.84           -0.11            0.05
inaccuracy:  0.85000        0.90000           66.15           -0.10            0.06
inaccuracy:  0.90000        0.95000           66.17           -0.09            0.07
inaccuracy:  0.95000        1.00000           66.11           -0.10            0.08
===================================================================================================================================
                BAR        
-----------------------------------------------------------------------------------------------------------------------------------
BAR-estimator:         λ             λ+δλ          ΔΔA             ΔA            C               Δδe            δe       
                          
-----------------------------------------------------------------------------------------------------------------------------------
BAR-estimator:      0.00000        0.05000        1.7335         1.7335         1.7335         0.0105         0.0105 
BAR-estimator:      0.05000        0.10000        0.9252         2.6588         0.9252         0.0089         0.0137 
BAR-estimator:      0.10000        0.15000        0.4930         3.1517         0.4930         0.0071         0.0155 
BAR-estimator:      0.15000        0.20000        0.2568         3.4085         0.2568         0.0058         0.0165 
BAR-estimator:      0.20000        0.25000        0.1346         3.5431         0.1346         0.0028         0.0168 
BAR-estimator:      0.25000        0.30000        0.0599         3.6031         0.0599         0.0044         0.0174 
BAR-estimator:      0.30000        0.35000        0.0042         3.6073         0.0042         0.0037         0.0177 
BAR-estimator:      0.35000        0.40000       -0.0383         3.5690        -0.0383         0.0032         0.0180 
BAR-estimator:      0.40000        0.45000       -0.0701         3.4989        -0.0701         0.0028         0.0182 
BAR-estimator:      0.45000        0.50000       -0.0874         3.4115        -0.0874         0.0027         0.0184 
BAR-estimator:      0.50000        0.55000       -0.2383         3.1732        -0.2383         0.0034         0.0188 
BAR-estimator:      0.55000        0.60000       -0.4761         2.6971        -0.4761         0.0036         0.0191 
BAR-estimator:      0.60000        0.65000       -0.6946         2.0025        -0.6946         0.0039         0.0195 
BAR-estimator:      0.65000        0.70000       -0.8832         1.1192        -0.8832         0.0039         0.0199 
BAR-estimator:      0.70000        0.75000       -0.9921         0.1271        -0.9921         0.0038         0.0202 
BAR-estimator:      0.75000        0.80000       -1.0283        -0.9012        -1.0283         0.0036         0.0205 
BAR-estimator:      0.80000        0.85000       -1.0171        -1.9183        -1.0171         0.0036         0.0209 
BAR-estimator:      0.85000        0.90000       -0.9841        -2.9024        -0.9841         0.0036         0.0212 
BAR-estimator:      0.90000        0.95000       -0.9593        -3.8617        -0.9593         0.0035         0.0215 
BAR-estimator:      0.95000        1.00000       -0.9288        -4.7905        -0.9288         0.0034         0.0217 
BAR-estimator: total free energy change is -4.790549312566867 , total error is 0.02172733178802222
