#========================================================================================
#                     Free energy perturbation    
#----------------------------------------------------------------------------------------
#forward/backward          λ              ΔΔA                 ΔA                  δε   
#                                                 
#----------------------------------------------------------------------------------------
forward:               0.0000              0.0000              0.0000              0.0000  
forward:               0.0500              1.4722              1.4722              0.0190  
forward:               0.1000              0.6748              2.1470              0.0231  
forward:               0.1500              0.3087              2.4557              0.0250  
forward:               0.2000              0.1184              2.5741              0.0264  
forward:               0.2500              0.0473              2.6213              0.0270  
forward:               0.3000             -0.0114              2.6099              0.0275  
forward:               0.3500             -0.0641              2.5458              0.0279  
forward:               0.4000             -0.0762              2.4696              0.0282  
forward:               0.4500             -0.1075              2.3620              0.0285  
forward:               0.5000             -0.1219              2.2401              0.0288  
forward:               0.5500             -0.2997              1.9404              0.0294  
forward:               0.6000             -0.6012              1.3391              0.0300  
forward:               0.6500             -0.8766              0.4625              0.0305  
forward:               0.7000             -1.1152             -0.6527              0.0311  
forward:               0.7500             -1.2559             -1.9086              0.0316  
forward:               0.8000             -1.3598             -3.2684              0.0320  
forward:               0.8500             -1.4170             -4.6853              0.0324  
forward:               0.9000             -1.4297             -6.1150              0.0327  
forward:               0.9500             -1.4444             -7.5594              0.0331  
forward:               1.0000             -1.4635             -9.0229              0.0334  
backward:              1.0000              0.0000             -9.0229              0.0000  
backward:              0.9500              1.4466             -7.5763              0.0083  
backward:              0.9000              1.4526             -6.1236              0.0106  
backward:              0.8500              1.4325             -4.6911              0.0126  
backward:              0.8000              1.4112             -3.2799              0.0139  
backward:              0.7500              1.3526             -1.9273              0.0153  
backward:              0.7000              1.2595             -0.6679              0.0167  
backward:              0.6500              1.0922              0.4244              0.0181  
backward:              0.6000              0.8704              1.2947              0.0192  
backward:              0.5500              0.6017              1.8964              0.0202  
backward:              0.5000              0.2847              2.1811              0.0311  
backward:              0.4500              0.1173              2.2985              0.0316  
backward:              0.4000              0.1066              2.4050              0.0319  
backward:              0.3500              0.0785              2.4835              0.0325  
backward:              0.3000              0.0459              2.5294              0.0328  
backward:              0.2500              0.0184              2.5478              0.0333  
backward:              0.2000             -0.0464              2.5015              0.0345  
backward:              0.1500             -0.1268              2.3747              0.0358  
backward:              0.1000             -0.2907              2.0839              0.0377  
backward:              0.0500             -0.7992              1.2847              0.0939  
backward:              0.0000             -1.4700             -0.1853              0.1418  
Inaccuracy estimation
======================================================================================================
                   i        i+δi          P0_overlap_P1   δε(forward)/ε   δε(backward)/ε
======================================================================================================
inaccuracy:  0.00000        0.05000           34.77           -0.06            1.75
inaccuracy:  0.05000        0.10000           49.11           -0.03            0.90
inaccuracy:  0.10000        0.15000           59.92           -0.02            0.41
inaccuracy:  0.15000        0.20000           66.98           -0.01            0.22
inaccuracy:  0.20000        0.25000           69.35           -0.01            0.17
inaccuracy:  0.25000        0.30000           72.13           -0.01            0.15
inaccuracy:  0.30000        0.35000           75.24           -0.01            0.11
inaccuracy:  0.35000        0.40000           73.42           -0.01            0.10
inaccuracy:  0.40000        0.45000           75.15           -0.02            0.09
inaccuracy:  0.45000        0.50000           75.43           -0.01            0.09
inaccuracy:  0.50000        0.55000           63.89           -0.10            0.14
inaccuracy:  0.55000        0.60000           63.88           -0.14            0.09
inaccuracy:  0.60000        0.65000           63.92           -0.15            0.06
inaccuracy:  0.65000        0.70000           65.09           -0.15            0.04
inaccuracy:  0.70000        0.75000           64.17           -0.16            0.02
inaccuracy:  0.75000        0.80000           65.39           -0.15            0.01
inaccuracy:  0.80000        0.85000           64.72           -0.15            0.01
inaccuracy:  0.85000        0.90000           63.59           -0.16            0.02
inaccuracy:  0.90000        0.95000           62.99           -0.14            0.02
inaccuracy:  0.95000        1.00000           63.22           -0.14            0.02
===================================================================================================================================
                BAR        
-----------------------------------------------------------------------------------------------------------------------------------
BAR-estimator:         λ             λ+δλ          ΔΔA             ΔA            C               Δδe            δe       
                          
-----------------------------------------------------------------------------------------------------------------------------------
BAR-estimator:      0.00000        0.05000        1.4393         1.4393         1.4393         0.0106         0.0106 
BAR-estimator:      0.05000        0.10000        0.6737         2.1131         0.6737         0.0082         0.0134 
BAR-estimator:      0.10000        0.15000        0.3029         2.4160         0.3029         0.0065         0.0149 
BAR-estimator:      0.15000        0.20000        0.1210         2.5369         0.1210         0.0055         0.0159 
BAR-estimator:      0.20000        0.25000        0.0418         2.5787         0.0418         0.0048         0.0166 
BAR-estimator:      0.25000        0.30000       -0.0123         2.5664        -0.0123         0.0035         0.0169 
BAR-estimator:      0.30000        0.35000       -0.0580         2.5084        -0.0580         0.0034         0.0172 
BAR-estimator:      0.35000        0.40000       -0.0800         2.4284        -0.0800         0.0030         0.0175 
BAR-estimator:      0.40000        0.45000       -0.1065         2.3219        -0.1065         0.0028         0.0177 
BAR-estimator:      0.45000        0.50000       -0.1198         2.2020        -0.1198         0.0029         0.0180 
BAR-estimator:      0.50000        0.55000       -0.3022         1.8998        -0.3022         0.0038         0.0184 
BAR-estimator:      0.55000        0.60000       -0.6009         1.2989        -0.6009         0.0039         0.0188 
BAR-estimator:      0.60000        0.65000       -0.8750         0.4240        -0.8750         0.0038         0.0192 
BAR-estimator:      0.65000        0.70000       -1.1003        -0.6764        -1.1003         0.0038         0.0195 
BAR-estimator:      0.70000        0.75000       -1.2590        -1.9354        -1.2590         0.0054         0.0203 
BAR-estimator:      0.75000        0.80000       -1.3581        -3.2934        -1.3581         0.0038         0.0206 
BAR-estimator:      0.80000        0.85000       -1.4152        -4.7086        -1.4152         0.0037         0.0209 
BAR-estimator:      0.85000        0.90000       -1.4331        -6.1417        -1.4331         0.0038         0.0213 
BAR-estimator:      0.90000        0.95000       -1.4458        -7.5874        -1.4458         0.0043         0.0217 
BAR-estimator:      0.95000        1.00000       -1.4581        -9.0455        -1.4581         0.0037         0.0220 
BAR-estimator: total free energy change is -9.045535674645983 , total error is 0.02200050728717775
