hashcat (v6.2.6) starting in benchmark mode

Benchmarking uses hand-optimized kernel code by default.
You can use it in your cracking session by setting the -O option.
Note: Using optimized kernel code limits the maximum supported password length.
To disable the optimized kernel code in benchmark mode, use the -w option.

OpenCL API (OpenCL 3.0 ) - Platform #1 [Mesa/X.org]
===================================================
* Device #1: Mesa Intel(R) HD Graphics 630 (KBL GT2), 3936/7945 MB (512 MB allocatable), 3MCU
* Device #2: AMD Radeon Pro 580X (radeonsi, polaris10, LLVM 19.1.7, DRM 3.61, 6.12.17-1-lts), skipped

OpenCL API (OpenCL 2.1 AMD-APP (3380.4)) - Platform #2 [Advanced Micro Devices, Inc.]
=====================================================================================
* Device #3: AMD Radeon Pro 580X, skipped

OpenCL API (OpenCL 3.0 ) - Platform #3 [Intel(R) Corporation]
=============================================================
* Device #4: Intel(R) HD Graphics 630, skipped

Benchmark relevant options:
===========================
* --backend-devices=1
* --optimized-kernel-enable

-------------------
* Hash-Mode 0 (MD5)
-------------------

Speed.#1.........:   508.8 MH/s (0.00ms) @ Accel:4096 Loops:1024 Thr:64 Vec:1

----------------------
* Hash-Mode 100 (SHA1)
----------------------

Speed.#1.........:   686.5 GH/s (0.00ms) @ Accel:512 Loops:1024 Thr:512 Vec:1

---------------------------
* Hash-Mode 1400 (SHA2-256)
---------------------------

Your device driver installation is probably broken.
See also: https://hashcat.net/faq/wrongdriver

Speed.#1.........:   638.5 GH/s (0.00ms) @ Accel:8192 Loops:1024 Thr:32 Vec:1

---------------------------
* Hash-Mode 1700 (SHA2-512)
---------------------------

Your device driver installation is probably broken.
See also: https://hashcat.net/faq/wrongdriver

Speed.#1.........:   617.1 GH/s (0.00ms) @ Accel:8192 Loops:1024 Thr:32 Vec:1

-------------------------------------------------------------
* Hash-Mode 22000 (WPA-PBKDF2-PMKID+EAPOL) [Iterations: 4095]
-------------------------------------------------------------

