hashcat (v6.2.6) starting in benchmark mode

Benchmarking uses hand-optimized kernel code by default.
You can use it in your cracking session by setting the -O option.
Note: Using optimized kernel code limits the maximum supported password length.
To disable the optimized kernel code in benchmark mode, use the -w option.

OpenCL API (OpenCL 3.0 ) - Platform #1 [Mesa/X.org]
===================================================
* Device #1: Mesa Intel(R) HD Graphics 630 (KBL GT2), skipped
* Device #2: AMD Radeon Pro 580X (radeonsi, polaris10, LLVM 19.1.7, DRM 3.61, 6.12.17-1-lts), 8064/8192 MB (2048 MB allocatable), 36MCU

OpenCL API (OpenCL 2.1 AMD-APP (3380.4)) - Platform #2 [Advanced Micro Devices, Inc.]
=====================================================================================
* Device #3: AMD Radeon Pro 580X, skipped

OpenCL API (OpenCL 3.0 ) - Platform #3 [Intel(R) Corporation]
=============================================================
* Device #4: Intel(R) HD Graphics 630, skipped

Benchmark relevant options:
===========================
* --backend-devices=2
* --optimized-kernel-enable

-------------------
* Hash-Mode 0 (MD5)
-------------------

Speed.#2.........: 11029.8 MH/s (51.51ms) @ Accel:512 Loops:512 Thr:64 Vec:1

----------------------
* Hash-Mode 100 (SHA1)
----------------------

Speed.#2.........:  3708.4 MH/s (78.17ms) @ Accel:128 Loops:512 Thr:128 Vec:1

---------------------------
* Hash-Mode 1400 (SHA2-256)
---------------------------

Speed.#2.........:  1593.9 MH/s (91.23ms) @ Accel:256 Loops:256 Thr:64 Vec:1

---------------------------
* Hash-Mode 1700 (SHA2-512)
---------------------------

Speed.#2.........:   240.0 MH/s (75.42ms) @ Accel:32 Loops:256 Thr:64 Vec:1

-------------------------------------------------------------
* Hash-Mode 22000 (WPA-PBKDF2-PMKID+EAPOL) [Iterations: 4095]
-------------------------------------------------------------

Speed.#2.........:   171.7 kH/s (103.19ms) @ Accel:64 Loops:512 Thr:64 Vec:1

-----------------------
* Hash-Mode 1000 (NTLM)
-----------------------

Speed.#2.........: 21327.8 MH/s (53.46ms) @ Accel:1024 Loops:512 Thr:64 Vec:1

---------------------
* Hash-Mode 3000 (LM)
---------------------

Speed.#2.........:  1268.8 MH/s (55.17ms) @ Accel:4 Loops:1024 Thr:512 Vec:1

--------------------------------------------
* Hash-Mode 5500 (NetNTLMv1 / NetNTLMv1+ESS)
--------------------------------------------

Speed.#2.........: 11856.2 MH/s (47.58ms) @ Accel:512 Loops:256 Thr:128 Vec:1

----------------------------
* Hash-Mode 5600 (NetNTLMv2)
----------------------------

Speed.#2.........:   780.9 MH/s (92.74ms) @ Accel:256 Loops:32 Thr:256 Vec:1

--------------------------------------------------------
* Hash-Mode 1500 (descrypt, DES (Unix), Traditional DES)
--------------------------------------------------------

Speed.#2.........: 56911.4 kH/s (326.90ms) @ Accel:1 Loops:1024 Thr:512 Vec:1

------------------------------------------------------------------------------
* Hash-Mode 500 (md5crypt, MD5 (Unix), Cisco-IOS $1$ (MD5)) [Iterations: 1000]
------------------------------------------------------------------------------

Speed.#2.........:  3978.7 kH/s (59.89ms) @ Accel:256 Loops:500 Thr:64 Vec:1

----------------------------------------------------------------
* Hash-Mode 3200 (bcrypt $2*$, Blowfish (Unix)) [Iterations: 32]
----------------------------------------------------------------

Speed.#2.........:     7603 H/s (56.56ms) @ Accel:1 Loops:32 Thr:16 Vec:1

--------------------------------------------------------------------
* Hash-Mode 1800 (sha512crypt $6$, SHA512 (Unix)) [Iterations: 5000]
--------------------------------------------------------------------

Speed.#2.........:    29182 H/s (53.13ms) @ Accel:32 Loops:512 Thr:512 Vec:1

--------------------------------------------------------
* Hash-Mode 7500 (Kerberos 5, etype 23, AS-REQ Pre-Auth)
--------------------------------------------------------

Your device driver installation is probably broken.
See also: https://hashcat.net/faq/wrongdriver

Speed.#2.........: 31922.7 kH/s (70.76ms) @ Accel:128 Loops:64 Thr:8 Vec:1

-------------------------------------------------
* Hash-Mode 13100 (Kerberos 5, etype 23, TGS-REP)
-------------------------------------------------

Your device driver installation is probably broken.
See also: https://hashcat.net/faq/wrongdriver

Speed.#2.........: 26214.2 kH/s (86.97ms) @ Accel:128 Loops:64 Thr:8 Vec:1

---------------------------------------------------------------------------------
* Hash-Mode 15300 (DPAPI masterkey file v1 (context 1 and 2)) [Iterations: 23999]
---------------------------------------------------------------------------------

Speed.#2.........:    31945 H/s (96.34ms) @ Accel:64 Loops:256 Thr:128 Vec:1

---------------------------------------------------------------------------------
* Hash-Mode 15900 (DPAPI masterkey file v2 (context 1 and 2)) [Iterations: 12899]
---------------------------------------------------------------------------------

Speed.#2.........:     6221 H/s (56.95ms) @ Accel:2 Loops:128 Thr:512 Vec:1

------------------------------------------------------------------
* Hash-Mode 7100 (macOS v10.8+ (PBKDF2-SHA512)) [Iterations: 1023]
------------------------------------------------------------------

Speed.#2.........:    75307 H/s (49.21ms) @ Accel:2 Loops:127 Thr:512 Vec:1

---------------------------------------------
* Hash-Mode 11600 (7-Zip) [Iterations: 16384]
---------------------------------------------

Speed.#2.........:   174.5 kH/s (85.21ms) @ Accel:32 Loops:4096 Thr:64 Vec:1

------------------------------------------------
* Hash-Mode 12500 (RAR3-hp) [Iterations: 262144]
------------------------------------------------

Speed.#2.........:    22876 H/s (97.20ms) @ Accel:8 Loops:16384 Thr:128 Vec:1

--------------------------------------------
* Hash-Mode 13000 (RAR5) [Iterations: 32799]
--------------------------------------------

Speed.#2.........:    20072 H/s (55.57ms) @ Accel:8 Loops:256 Thr:512 Vec:1

--------------------------------------------------------------------------------
* Hash-Mode 6211 (TrueCrypt RIPEMD160 + XTS 512 bit (legacy)) [Iterations: 1999]
--------------------------------------------------------------------------------

Speed.#2.........:   113.9 kH/s (115.79ms) @ Accel:6 Loops:256 Thr:512 Vec:1

-----------------------------------------------------------------------------------
* Hash-Mode 13400 (KeePass 1 (AES/Twofish) and KeePass 2 (AES)) [Iterations: 24569]
-----------------------------------------------------------------------------------

Speed.#2.........:     8368 H/s (90.07ms) @ Accel:16 Loops:512 Thr:64 Vec:1

----------------------------------------------------------------
* Hash-Mode 6800 (LastPass + LastPass sniffed) [Iterations: 499]
----------------------------------------------------------------

Speed.#2.........:  1083.4 kH/s (35.18ms) @ Accel:64 Loops:249 Thr:64 Vec:1

--------------------------------------------------------------------
* Hash-Mode 11300 (Bitcoin/Litecoin wallet.dat) [Iterations: 200459]
--------------------------------------------------------------------

Speed.#2.........:     1121 H/s (82.16ms) @ Accel:8 Loops:512 Thr:128 Vec:1

Started: Mon Mar  3 13:12:51 2025
Stopped: Mon Mar  3 13:28:35 2025
