hashcat (v6.2.6) starting in benchmark mode

Benchmarking uses hand-optimized kernel code by default.
You can use it in your cracking session by setting the -O option.
Note: Using optimized kernel code limits the maximum supported password length.
To disable the optimized kernel code in benchmark mode, use the -w option.

OpenCL API (OpenCL 3.0 ) - Platform #1 [Mesa/X.org]
===================================================
* Device #1: Mesa Intel(R) HD Graphics 630 (KBL GT2), skipped
* Device #2: AMD Radeon Pro 580X (radeonsi, polaris10, LLVM 19.1.7, DRM 3.61, 6.12.17-1-lts), skipped

OpenCL API (OpenCL 2.1 AMD-APP (3380.4)) - Platform #2 [Advanced Micro Devices, Inc.]
=====================================================================================
* Device #3: AMD Radeon Pro 580X, 8064/8192 MB (6745 MB allocatable), 36MCU

Benchmark relevant options:
===========================
* --backend-devices=3
* --optimized-kernel-enable

-------------------
* Hash-Mode 0 (MD5)
-------------------

Speed.#3.........: 11545.7 MH/s (51.10ms) @ Accel:512 Loops:512 Thr:64 Vec:1

----------------------
* Hash-Mode 100 (SHA1)
----------------------

Speed.#3.........:  3793.4 MH/s (78.36ms) @ Accel:128 Loops:1024 Thr:64 Vec:1

---------------------------
* Hash-Mode 1400 (SHA2-256)
---------------------------

Speed.#3.........:  1635.7 MH/s (90.78ms) @ Accel:128 Loops:128 Thr:256 Vec:1

---------------------------
* Hash-Mode 1700 (SHA2-512)
---------------------------

Speed.#3.........:   403.7 MH/s (92.28ms) @ Accel:128 Loops:128 Thr:64 Vec:1

-------------------------------------------------------------
* Hash-Mode 22000 (WPA-PBKDF2-PMKID+EAPOL) [Iterations: 4095]
-------------------------------------------------------------

Speed.#3.........:   188.7 kH/s (95.98ms) @ Accel:256 Loops:128 Thr:64 Vec:1

-----------------------
* Hash-Mode 1000 (NTLM)
-----------------------

Speed.#3.........: 18154.5 MH/s (65.19ms) @ Accel:256 Loops:1024 Thr:128 Vec:1

---------------------
* Hash-Mode 3000 (LM)
---------------------

Speed.#3.........: 11291.9 MH/s (52.13ms) @ Accel:64 Loops:1024 Thr:256 Vec:1

--------------------------------------------
* Hash-Mode 5500 (NetNTLMv1 / NetNTLMv1+ESS)
--------------------------------------------

Speed.#3.........: 10771.6 MH/s (54.78ms) @ Accel:256 Loops:512 Thr:128 Vec:1

----------------------------
* Hash-Mode 5600 (NetNTLMv2)
----------------------------

Speed.#3.........:   785.3 MH/s (94.91ms) @ Accel:16 Loops:512 Thr:256 Vec:1

--------------------------------------------------------
* Hash-Mode 1500 (descrypt, DES (Unix), Traditional DES)
--------------------------------------------------------

Speed.#3.........:   430.4 MH/s (86.24ms) @ Accel:16 Loops:1024 Thr:64 Vec:1

------------------------------------------------------------------------------
* Hash-Mode 500 (md5crypt, MD5 (Unix), Cisco-IOS $1$ (MD5)) [Iterations: 1000]
------------------------------------------------------------------------------

Speed.#3.........:  4184.2 kH/s (62.60ms) @ Accel:256 Loops:250 Thr:128 Vec:1

----------------------------------------------------------------
* Hash-Mode 3200 (bcrypt $2*$, Blowfish (Unix)) [Iterations: 32]
----------------------------------------------------------------

Speed.#3.........:     7179 H/s (57.79ms) @ Accel:1 Loops:32 Thr:16 Vec:1

--------------------------------------------------------------------
* Hash-Mode 1800 (sha512crypt $6$, SHA512 (Unix)) [Iterations: 5000]
--------------------------------------------------------------------

Speed.#3.........:    51331 H/s (62.05ms) @ Accel:256 Loops:256 Thr:256 Vec:1

--------------------------------------------------------
* Hash-Mode 7500 (Kerberos 5, etype 23, AS-REQ Pre-Auth)
--------------------------------------------------------

Speed.#3.........:   151.7 MH/s (61.17ms) @ Accel:128 Loops:32 Thr:64 Vec:1

-------------------------------------------------
* Hash-Mode 13100 (Kerberos 5, etype 23, TGS-REP)
-------------------------------------------------

Speed.#3.........: 29486.0 kH/s (78.76ms) @ Accel:4 Loops:256 Thr:64 Vec:1

---------------------------------------------------------------------------------
* Hash-Mode 15300 (DPAPI masterkey file v1 (context 1 and 2)) [Iterations: 23999]
---------------------------------------------------------------------------------

Your device driver installation is probably broken.
See also: https://hashcat.net/faq/wrongdriver

Speed.#3.........:    31342 H/s (98.75ms) @ Accel:256 Loops:128 Thr:64 Vec:1

---------------------------------------------------------------------------------
* Hash-Mode 15900 (DPAPI masterkey file v2 (context 1 and 2)) [Iterations: 12899]
---------------------------------------------------------------------------------

Speed.#3.........:     9937 H/s (72.44ms) @ Accel:32 Loops:128 Thr:64 Vec:1

------------------------------------------------------------------
* Hash-Mode 7100 (macOS v10.8+ (PBKDF2-SHA512)) [Iterations: 1023]
------------------------------------------------------------------

Speed.#3.........:   119.4 kH/s (64.82ms) @ Accel:16 Loops:127 Thr:128 Vec:1

---------------------------------------------
* Hash-Mode 11600 (7-Zip) [Iterations: 16384]
---------------------------------------------

Speed.#3.........:   207.9 kH/s (81.25ms) @ Accel:32 Loops:4096 Thr:64 Vec:1

------------------------------------------------
* Hash-Mode 12500 (RAR3-hp) [Iterations: 262144]
------------------------------------------------

Speed.#3.........:    26069 H/s (86.13ms) @ Accel:16 Loops:16384 Thr:64 Vec:1

--------------------------------------------
* Hash-Mode 13000 (RAR5) [Iterations: 32799]
--------------------------------------------

Speed.#3.........:    20353 H/s (55.44ms) @ Accel:128 Loops:128 Thr:64 Vec:1

--------------------------------------------------------------------------------
* Hash-Mode 6211 (TrueCrypt RIPEMD160 + XTS 512 bit (legacy)) [Iterations: 1999]
--------------------------------------------------------------------------------

Speed.#3.........:   131.8 kH/s (59.89ms) @ Accel:4 Loops:512 Thr:256 Vec:1

-----------------------------------------------------------------------------------
* Hash-Mode 13400 (KeePass 1 (AES/Twofish) and KeePass 2 (AES)) [Iterations: 24569]
-----------------------------------------------------------------------------------

Speed.#3.........:    39118 H/s (77.42ms) @ Accel:8 Loops:1024 Thr:256 Vec:1

----------------------------------------------------------------
* Hash-Mode 6800 (LastPass + LastPass sniffed) [Iterations: 499]
----------------------------------------------------------------

Speed.#3.........:   927.0 kH/s (58.29ms) @ Accel:64 Loops:124 Thr:128 Vec:1

--------------------------------------------------------------------
* Hash-Mode 11300 (Bitcoin/Litecoin wallet.dat) [Iterations: 200459]
--------------------------------------------------------------------

Speed.#3.........:     2053 H/s (90.22ms) @ Accel:256 Loops:64 Thr:64 Vec:1

Started: Mon Mar  3 13:06:50 2025
Stopped: Mon Mar  3 13:10:30 2025
