#========================================================================================
#                     Free energy perturbation    
#----------------------------------------------------------------------------------------
#forward/backward          λ              ΔΔA                 ΔA                  δε   
#                                                 
#----------------------------------------------------------------------------------------
forward:               0.0000              0.0000              0.0000              0.0000  
forward:               0.0500              1.0246              1.0246              0.0204  
forward:               0.1000              0.5972              1.6219              0.0237  
forward:               0.1500              0.3632              1.9851              0.0251  
forward:               0.2000              0.2422              2.2273              0.0263  
forward:               0.2500              0.1594              2.3867              0.0270  
forward:               0.3000              0.0996              2.4863              0.0276  
forward:               0.3500              0.0586              2.5449              0.0281  
forward:               0.4000              0.0436              2.5884              0.0287  
forward:               0.4500              0.0173              2.6057              0.0290  
forward:               0.5000              0.0000              2.6057              0.0293  
forward:               0.5500             -0.0259              2.5798              0.0296  
forward:               0.6000             -0.0834              2.4964              0.0299  
forward:               0.6500             -0.1240              2.3724              0.0302  
forward:               0.7000             -0.1619              2.2106              0.0305  
forward:               0.7500             -0.1886              2.0220              0.0308  
forward:               0.8000             -0.2180              1.8040              0.0311  
forward:               0.8500             -0.2331              1.5709              0.0313  
forward:               0.9000             -0.2544              1.3165              0.0314  
forward:               0.9500             -0.2687              1.0478              0.0316  
forward:               1.0000             -0.2905              0.7574              0.0316  
backward:              1.0000              0.0000              0.7574              0.0000  
backward:              0.9500              0.2802              1.0375              0.0041  
backward:              0.9000              0.2704              1.3080              0.0056  
backward:              0.8500              0.2601              1.5681              0.0068  
backward:              0.8000              0.2389              1.8070              0.0078  
backward:              0.7500              0.2133              2.0203              0.0087  
backward:              0.7000              0.1902              2.2105              0.0096  
backward:              0.6500              0.1612              2.3717              0.0106  
backward:              0.6000              0.1266              2.4983              0.0114  
backward:              0.5500              0.0888              2.5871              0.0124  
backward:              0.5000              0.0355              2.6226              0.0128  
backward:              0.4500              0.0003              2.6229              0.0136  
backward:              0.4000             -0.0224              2.6004              0.0144  
backward:              0.3500             -0.0351              2.5654              0.0152  
backward:              0.3000             -0.0623              2.5031              0.0160  
backward:              0.2500             -0.0957              2.4073              0.0177  
backward:              0.2000             -0.1575              2.2498              0.0193  
backward:              0.1500             -0.2298              2.0200              0.0213  
backward:              0.1000             -0.3789              1.6411              0.0257  
backward:              0.0500             -0.5877              1.0535              0.0302  
backward:              0.0000             -1.0220              0.0315              0.0451  
Inaccuracy estimation
======================================================================================================
                   i        i+δi          P0_overlap_P1   δε(forward)/ε   δε(backward)/ε
======================================================================================================
inaccuracy:  0.00000        0.05000           46.64           -0.02            1.05
inaccuracy:  0.05000        0.10000           56.61           -0.01            0.55
inaccuracy:  0.10000        0.15000           64.83           -0.01            0.30
inaccuracy:  0.15000        0.20000           68.06           -0.01            0.23
inaccuracy:  0.20000        0.25000           72.27           -0.01            0.16
inaccuracy:  0.25000        0.30000           74.20           -0.01            0.13
inaccuracy:  0.30000        0.35000           76.20           -0.01            0.11
inaccuracy:  0.35000        0.40000           75.61           -0.01            0.10
inaccuracy:  0.40000        0.45000           77.52           -0.01            0.09
inaccuracy:  0.45000        0.50000           77.35           -0.01            0.09
inaccuracy:  0.50000        0.55000           74.76           -0.02            0.10
inaccuracy:  0.55000        0.60000           74.93           -0.02            0.08
inaccuracy:  0.60000        0.65000           76.22           -0.02            0.07
inaccuracy:  0.65000        0.70000           76.45           -0.02            0.07
inaccuracy:  0.70000        0.75000           76.05           -0.02            0.07
inaccuracy:  0.75000        0.80000           77.14           -0.03            0.07
inaccuracy:  0.80000        0.85000           75.99           -0.03            0.07
inaccuracy:  0.85000        0.90000           75.89           -0.02            0.07
inaccuracy:  0.90000        0.95000           76.15           -0.02            0.06
inaccuracy:  0.95000        1.00000           77.33           -0.02            0.06
===================================================================================================================================
                BAR        
-----------------------------------------------------------------------------------------------------------------------------------
BAR-estimator:         λ             λ+δλ          ΔΔA             ΔA            C               Δδe            δe       
                          
-----------------------------------------------------------------------------------------------------------------------------------
BAR-estimator:      0.00000        0.05000        1.0293         1.0293         1.0293         0.0115         0.0115 
BAR-estimator:      0.05000        0.10000        0.5914         1.6207         0.5914         0.0079         0.0140 
BAR-estimator:      0.10000        0.15000        0.3604         1.9811         0.3604         0.0056         0.0151 
BAR-estimator:      0.15000        0.20000        0.2375         2.2186         0.2375         0.0051         0.0159 
BAR-estimator:      0.20000        0.25000        0.1593         2.3779         0.1593         0.0041         0.0165 
BAR-estimator:      0.25000        0.30000        0.0974         2.4753         0.0974         0.0038         0.0169 
BAR-estimator:      0.30000        0.35000        0.0604         2.5357         0.0604         0.0036         0.0173 
BAR-estimator:      0.35000        0.40000        0.0409         2.5766         0.0409         0.0032         0.0176 
BAR-estimator:      0.40000        0.45000        0.0195         2.5961         0.0195         0.0028         0.0178 
BAR-estimator:      0.45000        0.50000        0.0010         2.5971         0.0010         0.0030         0.0180 
BAR-estimator:      0.50000        0.55000       -0.0285         2.5686        -0.0285         0.0031         0.0183 
BAR-estimator:      0.55000        0.60000       -0.0873         2.4813        -0.0873         0.0031         0.0186 
BAR-estimator:      0.60000        0.65000       -0.1249         2.3564        -0.1249         0.0029         0.0188 
BAR-estimator:      0.65000        0.70000       -0.1621         2.1943        -0.1621         0.0031         0.0190 
BAR-estimator:      0.70000        0.75000       -0.1893         2.0050        -0.1893         0.0028         0.0193 
BAR-estimator:      0.75000        0.80000       -0.2158         1.7893        -0.2158         0.0029         0.0195 
BAR-estimator:      0.80000        0.85000       -0.2358         1.5535        -0.2358         0.0030         0.0197 
BAR-estimator:      0.85000        0.90000       -0.2562         1.2973        -0.2562         0.0027         0.0199 
BAR-estimator:      0.90000        0.95000       -0.2707         1.0266        -0.2707         0.0030         0.0201 
BAR-estimator:      0.95000        1.00000       -0.2853         0.7412        -0.2853         0.0030         0.0203 
BAR-estimator: total free energy change is 0.7412409029434548 , total error is 0.020328411631545657
