#========================================================================================
#                     Free energy perturbation    
#----------------------------------------------------------------------------------------
#forward/backward          λ              ΔΔA                 ΔA                  δε   
#                                                 
#----------------------------------------------------------------------------------------
forward:               0.0000              0.0000              0.0000              0.0000  
forward:               0.0500              1.0333              1.0333              0.0123  
forward:               0.1000              0.6046              1.6379              0.0162  
forward:               0.1500              0.3613              1.9992              0.0181  
forward:               0.2000              0.2239              2.2231              0.0192  
forward:               0.2500              0.1632              2.3863              0.0199  
forward:               0.3000              0.1013              2.4876              0.0205  
forward:               0.3500              0.0647              2.5524              0.0209  
forward:               0.4000              0.0388              2.5912              0.0213  
forward:               0.4500              0.0174              2.6086              0.0217  
forward:               0.5000              0.0026              2.6111              0.0220  
forward:               0.5500             -0.0263              2.5848              0.0223  
forward:               0.6000             -0.0852              2.4996              0.0226  
forward:               0.6500             -0.1280              2.3716              0.0229  
forward:               0.7000             -0.1563              2.2153              0.0231  
forward:               0.7500             -0.1923              2.0231              0.0233  
forward:               0.8000             -0.2123              1.8108              0.0235  
forward:               0.8500             -0.2400              1.5708              0.0237  
forward:               0.9000             -0.2604              1.3105              0.0239  
forward:               0.9500             -0.2746              1.0359              0.0241  
forward:               1.0000             -0.2823              0.7536              0.0242  
backward:              1.0000              0.0000              0.7536              0.0000  
backward:              0.9500              0.2810              1.0347              0.0039  
backward:              0.9000              0.2692              1.3039              0.0054  
backward:              0.8500              0.2512              1.5551              0.0070  
backward:              0.8000              0.2327              1.7879              0.0080  
backward:              0.7500              0.2152              2.0030              0.0090  
backward:              0.7000              0.1936              2.1967              0.0097  
backward:              0.6500              0.1572              2.3539              0.0109  
backward:              0.6000              0.1230              2.4769              0.0118  
backward:              0.5500              0.0818              2.5587              0.0125  
backward:              0.5000              0.0288              2.5875              0.0134  
backward:              0.4500             -0.0060              2.5816              0.0141  
backward:              0.4000             -0.0290              2.5525              0.0149  
backward:              0.3500             -0.0417              2.5108              0.0157  
backward:              0.3000             -0.0617              2.4491              0.0171  
backward:              0.2500             -0.0898              2.3593              0.0179  
backward:              0.2000             -0.1544              2.2049              0.0193  
backward:              0.1500             -0.2454              1.9595              0.0211  
backward:              0.1000             -0.3575              1.6020              0.0233  
backward:              0.0500             -0.5808              1.0212              0.0279  
backward:              0.0000             -1.0148              0.0064              0.0429  
Inaccuracy estimation
======================================================================================================
                   i        i+δi          P0_overlap_P1   δε(forward)/ε   δε(backward)/ε
======================================================================================================
inaccuracy:  0.00000        0.05000           47.26           -0.03            1.04
inaccuracy:  0.05000        0.10000           56.90           -0.02            0.57
inaccuracy:  0.10000        0.15000           64.48           -0.01            0.30
inaccuracy:  0.15000        0.20000           70.82           -0.01            0.20
inaccuracy:  0.20000        0.25000           71.48           -0.01            0.17
inaccuracy:  0.25000        0.30000           74.09           -0.01            0.13
inaccuracy:  0.30000        0.35000           75.81           -0.01            0.11
inaccuracy:  0.35000        0.40000           76.42           -0.01            0.09
inaccuracy:  0.40000        0.45000           78.30           -0.01            0.09
inaccuracy:  0.45000        0.50000           77.98           -0.01            0.08
inaccuracy:  0.50000        0.55000           75.01           -0.02            0.09
inaccuracy:  0.55000        0.60000           76.16           -0.02            0.09
inaccuracy:  0.60000        0.65000           77.47           -0.02            0.08
inaccuracy:  0.65000        0.70000           75.74           -0.02            0.07
inaccuracy:  0.70000        0.75000           76.68           -0.02            0.07
inaccuracy:  0.75000        0.80000           76.23           -0.02            0.07
inaccuracy:  0.80000        0.85000           77.59           -0.02            0.06
inaccuracy:  0.85000        0.90000           77.33           -0.02            0.06
inaccuracy:  0.90000        0.95000           77.06           -0.03            0.06
inaccuracy:  0.95000        1.00000           76.34           -0.02            0.06
===================================================================================================================================
                BAR        
-----------------------------------------------------------------------------------------------------------------------------------
BAR-estimator:         λ             λ+δλ          ΔΔA             ΔA            C               Δδe            δe       
                          
-----------------------------------------------------------------------------------------------------------------------------------
BAR-estimator:      0.00000        0.05000        1.0338         1.0338         1.0338         0.0073         0.0073 
BAR-estimator:      0.05000        0.10000        0.6018         1.6355         0.6018         0.0062         0.0096 
BAR-estimator:      0.10000        0.15000        0.3582         1.9937         0.3582         0.0053         0.0110 
BAR-estimator:      0.15000        0.20000        0.2312         2.2249         0.2312         0.0044         0.0118 
BAR-estimator:      0.20000        0.25000        0.1584         2.3834         0.1584         0.0036         0.0124 
BAR-estimator:      0.25000        0.30000        0.0982         2.4815         0.0982         0.0032         0.0128 
BAR-estimator:      0.30000        0.35000        0.0646         2.5462         0.0646         0.0031         0.0132 
BAR-estimator:      0.35000        0.40000        0.0389         2.5850         0.0389         0.0029         0.0135 
BAR-estimator:      0.40000        0.45000        0.0225         2.6075         0.0225         0.0033         0.0139 
BAR-estimator:      0.45000        0.50000        0.0034         2.6110         0.0034         0.0026         0.0141 
BAR-estimator:      0.50000        0.55000       -0.0278         2.5832        -0.0278         0.0027         0.0144 
BAR-estimator:      0.55000        0.60000       -0.0806         2.5025        -0.0806         0.0027         0.0146 
BAR-estimator:      0.60000        0.65000       -0.1250         2.3775        -0.1250         0.0024         0.0148 
BAR-estimator:      0.65000        0.70000       -0.1592         2.2183        -0.1592         0.0030         0.0151 
BAR-estimator:      0.70000        0.75000       -0.1926         2.0257        -0.1926         0.0026         0.0153 
BAR-estimator:      0.75000        0.80000       -0.2133         1.8124        -0.2133         0.0025         0.0155 
BAR-estimator:      0.80000        0.85000       -0.2368         1.5756        -0.2368         0.0027         0.0158 
BAR-estimator:      0.85000        0.90000       -0.2568         1.3187        -0.2568         0.0025         0.0160 
BAR-estimator:      0.90000        0.95000       -0.2734         1.0454        -0.2734         0.0027         0.0162 
BAR-estimator:      0.95000        1.00000       -0.2809         0.7644        -0.2809         0.0026         0.0164 
BAR-estimator: total free energy change is 0.7644229988298532 , total error is 0.016395882171757657
