#========================================================================================
#                     Free energy perturbation    
#----------------------------------------------------------------------------------------
#forward/backward          λ              ΔΔA                 ΔA                  δε   
#                                                 
#----------------------------------------------------------------------------------------
forward:               0.0000              0.0000              0.0000              0.0000  
forward:               0.0500              1.4319              1.4319              0.0157  
forward:               0.1000              0.6717              2.1036              0.0188  
forward:               0.1500              0.2916              2.3952              0.0200  
forward:               0.2000              0.1356              2.5308              0.0207  
forward:               0.2500              0.0441              2.5749              0.0212  
forward:               0.3000             -0.0130              2.5620              0.0215  
forward:               0.3500             -0.0514              2.5106              0.0218  
forward:               0.4000             -0.0793              2.4313              0.0221  
forward:               0.4500             -0.0953              2.3360              0.0223  
forward:               0.5000             -0.1192              2.2168              0.0225  
forward:               0.5500             -0.3081              1.9086              0.0228  
forward:               0.6000             -0.6002              1.3084              0.0233  
forward:               0.6500             -0.8689              0.4395              0.0237  
forward:               0.7000             -1.0970             -0.6575              0.0241  
forward:               0.7500             -1.2675             -1.9250              0.0246  
forward:               0.8000             -1.3576             -3.2826              0.0248  
forward:               0.8500             -1.4138             -4.6964              0.0251  
forward:               0.9000             -1.4290             -6.1254              0.0254  
forward:               0.9500             -1.4531             -7.5785              0.0256  
forward:               1.0000             -1.4568             -9.0353              0.0259  
backward:              1.0000              0.0000             -9.0353              0.0000  
backward:              0.9500              1.4410             -7.5943              0.0054  
backward:              0.9000              1.4497             -6.1446              0.0075  
backward:              0.8500              1.4233             -4.7213              0.0093  
backward:              0.8000              1.4029             -3.3184              0.0104  
backward:              0.7500              1.3571             -1.9613              0.0114  
backward:              0.7000              1.2654             -0.6959              0.0130  
backward:              0.6500              1.1021              0.4062              0.0141  
backward:              0.6000              0.8596              1.2658              0.0149  
backward:              0.5500              0.6016              1.8674              0.0154  
backward:              0.5000              0.3054              2.1728              0.0162  
backward:              0.4500              0.1138              2.2867              0.0166  
backward:              0.4000              0.1038              2.3905              0.0169  
backward:              0.3500              0.0805              2.4711              0.0178  
backward:              0.3000              0.0501              2.5212              0.0184  
backward:              0.2500              0.0084              2.5296              0.0190  
backward:              0.2000             -0.0617              2.4678              0.0227  
backward:              0.1500             -0.1311              2.3368              0.0235  
backward:              0.1000             -0.2901              2.0467              0.0254  
backward:              0.0500             -0.6371              1.4095              0.0308  
backward:              0.0000             -1.4554             -0.0458              0.0493  
Inaccuracy estimation
======================================================================================================
                   i        i+δi          P0_overlap_P1   δε(forward)/ε   δε(backward)/ε
======================================================================================================
inaccuracy:  0.00000        0.05000           36.10           -0.05            1.77
inaccuracy:  0.05000        0.10000           48.21           -0.03            0.92
inaccuracy:  0.10000        0.15000           61.14           -0.01            0.41
inaccuracy:  0.15000        0.20000           66.48           -0.01            0.24
inaccuracy:  0.20000        0.25000           70.45           -0.02            0.17
inaccuracy:  0.25000        0.30000           72.78           -0.02            0.14
inaccuracy:  0.30000        0.35000           73.21           -0.01            0.12
inaccuracy:  0.35000        0.40000           73.99           -0.01            0.11
inaccuracy:  0.40000        0.45000           73.83           -0.01            0.10
inaccuracy:  0.45000        0.50000           75.59           -0.01            0.09
inaccuracy:  0.50000        0.55000           64.22           -0.11            0.14
inaccuracy:  0.55000        0.60000           64.05           -0.14            0.09
inaccuracy:  0.60000        0.65000           64.24           -0.16            0.06
inaccuracy:  0.65000        0.70000           63.39           -0.17            0.04
inaccuracy:  0.70000        0.75000           64.44           -0.14            0.02
inaccuracy:  0.75000        0.80000           65.42           -0.15            0.01
inaccuracy:  0.80000        0.85000           65.44           -0.14            0.01
inaccuracy:  0.85000        0.90000           63.74           -0.16            0.02
inaccuracy:  0.90000        0.95000           63.66           -0.16            0.02
inaccuracy:  0.95000        1.00000           63.30           -0.18            0.02
===================================================================================================================================
                BAR        
-----------------------------------------------------------------------------------------------------------------------------------
BAR-estimator:         λ             λ+δλ          ΔΔA             ΔA            C               Δδe            δe       
                          
-----------------------------------------------------------------------------------------------------------------------------------
BAR-estimator:      0.00000        0.05000        1.4399         1.4399         1.4399         0.0078         0.0078 
BAR-estimator:      0.05000        0.10000        0.6643         2.1043         0.6643         0.0066         0.0102 
BAR-estimator:      0.10000        0.15000        0.2945         2.3988         0.2945         0.0045         0.0112 
BAR-estimator:      0.15000        0.20000        0.1330         2.5318         0.1330         0.0037         0.0118 
BAR-estimator:      0.20000        0.25000        0.0442         2.5760         0.0442         0.0029         0.0121 
BAR-estimator:      0.25000        0.30000       -0.0104         2.5655        -0.0104         0.0028         0.0124 
BAR-estimator:      0.30000        0.35000       -0.0509         2.5146        -0.0509         0.0025         0.0127 
BAR-estimator:      0.35000        0.40000       -0.0795         2.4351        -0.0795         0.0023         0.0129 
BAR-estimator:      0.40000        0.45000       -0.0998         2.3354        -0.0998         0.0021         0.0131 
BAR-estimator:      0.45000        0.50000       -0.1175         2.2179        -0.1175         0.0020         0.0132 
BAR-estimator:      0.50000        0.55000       -0.3062         1.9116        -0.3062         0.0027         0.0135 
BAR-estimator:      0.55000        0.60000       -0.6006         1.3110        -0.6006         0.0027         0.0137 
BAR-estimator:      0.60000        0.65000       -0.8648         0.4462        -0.8648         0.0028         0.0140 
BAR-estimator:      0.65000        0.70000       -1.1009        -0.6547        -1.1009         0.0030         0.0143 
BAR-estimator:      0.70000        0.75000       -1.2651        -1.9198        -1.2651         0.0030         0.0147 
BAR-estimator:      0.75000        0.80000       -1.3568        -3.2766        -1.3568         0.0025         0.0149 
BAR-estimator:      0.80000        0.85000       -1.4081        -4.6847        -1.4081         0.0029         0.0152 
BAR-estimator:      0.85000        0.90000       -1.4318        -6.1165        -1.4318         0.0030         0.0155 
BAR-estimator:      0.90000        0.95000       -1.4510        -7.5675        -1.4510         0.0033         0.0158 
BAR-estimator:      0.95000        1.00000       -1.4533        -9.0208        -1.4533         0.0030         0.0161 
BAR-estimator: total free energy change is -9.020842961196916 , total error is 0.016072629101944947
