#========================================================================================
#                     Free energy perturbation    
#----------------------------------------------------------------------------------------
#forward/backward          λ              ΔΔA                 ΔA                  δε   
#                                                 
#----------------------------------------------------------------------------------------
forward:               0.0000              0.0000              0.0000              0.0000  
forward:               0.0500              0.8192              0.8192              0.0142  
forward:               0.1000              0.5320              1.3512              0.0179  
forward:               0.1500              0.3391              1.6903              0.0195  
forward:               0.2000              0.2274              1.9177              0.0207  
forward:               0.2500              0.1597              2.0774              0.0214  
forward:               0.3000              0.1230              2.2004              0.0219  
forward:               0.3500              0.0879              2.2883              0.0224  
forward:               0.4000              0.0682              2.3564              0.0228  
forward:               0.4500              0.0494              2.4058              0.0231  
forward:               0.5000              0.0228              2.4286              0.0236  
forward:               0.5500             -0.1281              2.3006              0.0242  
forward:               0.6000             -0.3583              1.9423              0.0249  
forward:               0.6500             -0.5602              1.3821              0.0256  
forward:               0.7000             -0.7516              0.6306              0.0269  
forward:               0.7500             -0.8387             -0.2081              0.0276  
forward:               0.8000             -0.8847             -1.0928              0.0282  
forward:               0.8500             -0.8901             -1.9829              0.0286  
forward:               0.9000             -0.8850             -2.8679              0.0288  
forward:               0.9500             -0.8705             -3.7383              0.0291  
forward:               1.0000             -0.8622             -4.6006              0.0294  
backward:              1.0000              0.0000             -4.6006              0.0000  
backward:              0.9500              0.8449             -3.7557              0.0056  
backward:              0.9000              0.8617             -2.8940              0.0072  
backward:              0.8500              0.8805             -2.0134              0.0090  
backward:              0.8000              0.8949             -1.1185              0.0107  
backward:              0.7500              0.8762             -0.2423              0.0124  
backward:              0.7000              0.8335              0.5912              0.0147  
backward:              0.6500              0.7322              1.3234              0.0166  
backward:              0.6000              0.5660              1.8893              0.0182  
backward:              0.5500              0.3693              2.2586              0.0191  
backward:              0.5000              0.1193              2.3779              0.0199  
backward:              0.4500             -0.0227              2.3552              0.0204  
backward:              0.4000             -0.0504              2.3047              0.0211  
backward:              0.3500             -0.0597              2.2451              0.0217  
backward:              0.3000             -0.0873              2.1578              0.0223  
backward:              0.2500             -0.1220              2.0358              0.0231  
backward:              0.2000             -0.1684              1.8674              0.0237  
backward:              0.1500             -0.2329              1.6345              0.0251  
backward:              0.1000             -0.3203              1.3142              0.0271  
backward:              0.0500             -0.5269              0.7873              0.0306  
backward:              0.0000             -0.8170             -0.0297              0.0364  
Inaccuracy estimation
======================================================================================================
                   i        i+δi          P0_overlap_P1   δε(forward)/ε   δε(backward)/ε
======================================================================================================
inaccuracy:  0.00000        0.05000           53.39           -0.02            0.58
inaccuracy:  0.05000        0.10000           60.03           -0.01            0.46
inaccuracy:  0.10000        0.15000           66.31           -0.01            0.29
inaccuracy:  0.15000        0.20000           71.82           -0.00            0.19
inaccuracy:  0.20000        0.25000           74.89           -0.01            0.14
inaccuracy:  0.25000        0.30000           75.14           -0.01            0.13
inaccuracy:  0.30000        0.35000           76.97           -0.01            0.11
inaccuracy:  0.35000        0.40000           76.74           -0.01            0.09
inaccuracy:  0.40000        0.45000           78.38           -0.00            0.09
inaccuracy:  0.45000        0.50000           78.75           -0.01            0.08
inaccuracy:  0.50000        0.55000           68.86           -0.06            0.16
inaccuracy:  0.55000        0.60000           68.99           -0.11            0.09
inaccuracy:  0.60000        0.65000           68.37           -0.10            0.06
inaccuracy:  0.65000        0.70000           69.74           -0.10            0.05
inaccuracy:  0.70000        0.75000           69.38           -0.09            0.04
inaccuracy:  0.75000        0.80000           69.81           -0.08            0.04
inaccuracy:  0.80000        0.85000           68.76           -0.09            0.05
inaccuracy:  0.85000        0.90000           68.85           -0.08            0.06
inaccuracy:  0.90000        0.95000           69.00           -0.07            0.06
inaccuracy:  0.95000        1.00000           68.82           -0.07            0.06
===================================================================================================================================
                BAR        
-----------------------------------------------------------------------------------------------------------------------------------
BAR-estimator:         λ             λ+δλ          ΔΔA             ΔA            C               Δδe            δe       
                          
-----------------------------------------------------------------------------------------------------------------------------------
BAR-estimator:      0.00000        0.05000        0.8199         0.8199         0.8199         0.0084         0.0084 
BAR-estimator:      0.05000        0.10000        0.5273         1.3472         0.5273         0.0068         0.0109 
BAR-estimator:      0.10000        0.15000        0.3319         1.6791         0.3319         0.0052         0.0121 
BAR-estimator:      0.15000        0.20000        0.2288         1.9080         0.2288         0.0048         0.0130 
BAR-estimator:      0.20000        0.25000        0.1631         2.0710         0.1631         0.0037         0.0135 
BAR-estimator:      0.25000        0.30000        0.1234         2.1945         0.1234         0.0038         0.0140 
BAR-estimator:      0.30000        0.35000        0.0893         2.2837         0.0893         0.0036         0.0144 
BAR-estimator:      0.35000        0.40000        0.0655         2.3492         0.0655         0.0032         0.0148 
BAR-estimator:      0.40000        0.45000        0.0498         2.3990         0.0498         0.0029         0.0151 
BAR-estimator:      0.45000        0.50000        0.0234         2.4224         0.0234         0.0031         0.0154 
BAR-estimator:      0.50000        0.55000       -0.1206         2.3018        -0.1206         0.0037         0.0158 
BAR-estimator:      0.55000        0.60000       -0.3649         1.9369        -0.3649         0.0041         0.0164 
BAR-estimator:      0.60000        0.65000       -0.5649         1.3721        -0.5649         0.0044         0.0170 
BAR-estimator:      0.65000        0.70000       -0.7398         0.6323        -0.7398         0.0046         0.0176 
BAR-estimator:      0.70000        0.75000       -0.8381        -0.2058        -0.8381         0.0041         0.0180 
BAR-estimator:      0.75000        0.80000       -0.8794        -1.0852        -0.8794         0.0038         0.0184 
BAR-estimator:      0.80000        0.85000       -0.8917        -1.9769        -0.8917         0.0035         0.0188 
BAR-estimator:      0.85000        0.90000       -0.8834        -2.8603        -0.8834         0.0040         0.0192 
BAR-estimator:      0.90000        0.95000       -0.8652        -3.7256        -0.8652         0.0041         0.0196 
BAR-estimator:      0.95000        1.00000       -0.8566        -4.5822        -0.8566         0.0031         0.0199 
BAR-estimator: total free energy change is -4.582203405455519 , total error is 0.019879442119561247
