#========================================================================================
#                     Free energy perturbation    
#----------------------------------------------------------------------------------------
#forward/backward          λ              ΔΔA                 ΔA                  δε   
#                                                 
#----------------------------------------------------------------------------------------
forward:               0.0000              0.0000              0.0000              0.0000  
forward:               0.0500              0.7984              0.7984              0.0105  
forward:               0.1000              0.5610              1.3594              0.0141  
forward:               0.1500              0.3630              1.7223              0.0160  
forward:               0.2000              0.2483              1.9706              0.0170  
forward:               0.2500              0.1831              2.1537              0.0179  
forward:               0.3000              0.1299              2.2836              0.0184  
forward:               0.3500              0.0946              2.3782              0.0189  
forward:               0.4000              0.0688              2.4470              0.0192  
forward:               0.4500              0.0597              2.5067              0.0195  
forward:               0.5000              0.0405              2.5472              0.0198  
forward:               0.5500             -0.1163              2.4309              0.0202  
forward:               0.6000             -0.3055              2.1254              0.0206  
forward:               0.6500             -0.4918              1.6337              0.0213  
forward:               0.7000             -0.6444              0.9893              0.0225  
forward:               0.7500             -0.7241              0.2652              0.0231  
forward:               0.8000             -0.7432             -0.4780              0.0235  
forward:               0.8500             -0.7416             -1.2196              0.0239  
forward:               0.9000             -0.7140             -1.9336              0.0244  
forward:               0.9500             -0.6918             -2.6254              0.0249  
forward:               1.0000             -0.6790             -3.3044              0.0256  
backward:              1.0000              0.0000             -3.3044              0.0000  
backward:              0.9500              0.6965             -2.6079              0.0051  
backward:              0.9000              0.6880             -1.9200              0.0081  
backward:              0.8500              0.7047             -1.2153              0.0101  
backward:              0.8000              0.7263             -0.4890              0.0117  
backward:              0.7500              0.7559              0.2669              0.0132  
backward:              0.7000              0.7236              0.9905              0.0147  
backward:              0.6500              0.6354              1.6258              0.0157  
backward:              0.6000              0.4754              2.1013              0.0166  
backward:              0.5500              0.3079              2.4092              0.0172  
backward:              0.5000              0.1289              2.5381              0.0178  
backward:              0.4500             -0.0416              2.4965              0.0183  
backward:              0.4000             -0.0599              2.4366              0.0189  
backward:              0.3500             -0.0724              2.3641              0.0194  
backward:              0.3000             -0.0928              2.2713              0.0199  
backward:              0.2500             -0.1196              2.1518              0.0207  
backward:              0.2000             -0.1834              1.9684              0.0217  
backward:              0.1500             -0.2465              1.7219              0.0232  
backward:              0.1000             -0.3623              1.3596              0.0250  
backward:              0.0500             -0.5466              0.8130              0.0290  
backward:              0.0000             -0.8210             -0.0080              0.0327  
Inaccuracy estimation
======================================================================================================
                   i        i+δi          P0_overlap_P1   δε(forward)/ε   δε(backward)/ε
======================================================================================================
inaccuracy:  0.00000        0.05000           55.29           -0.01            0.56
inaccuracy:  0.05000        0.10000           59.76           -0.01            0.48
inaccuracy:  0.10000        0.15000           66.17           -0.00            0.28
inaccuracy:  0.15000        0.20000           70.79           -0.01            0.21
inaccuracy:  0.20000        0.25000           73.43           -0.00            0.15
inaccuracy:  0.25000        0.30000           74.49           -0.01            0.13
inaccuracy:  0.30000        0.35000           76.88           -0.01            0.11
inaccuracy:  0.35000        0.40000           77.85           -0.01            0.09
inaccuracy:  0.40000        0.45000           77.25           -0.00            0.08
inaccuracy:  0.45000        0.50000           78.34           -0.01            0.08
inaccuracy:  0.50000        0.55000           69.55           -0.07            0.12
inaccuracy:  0.55000        0.60000           70.52           -0.08            0.08
inaccuracy:  0.60000        0.65000           70.19           -0.09            0.06
inaccuracy:  0.65000        0.70000           68.78           -0.11            0.05
inaccuracy:  0.70000        0.75000           68.25           -0.09            0.05
inaccuracy:  0.75000        0.80000           68.49           -0.09            0.06
inaccuracy:  0.80000        0.85000           69.38           -0.08            0.06
inaccuracy:  0.85000        0.90000           68.53           -0.08            0.08
inaccuracy:  0.90000        0.95000           67.30           -0.08            0.09
inaccuracy:  0.95000        1.00000           65.26           -0.09            0.09
===================================================================================================================================
                BAR        
-----------------------------------------------------------------------------------------------------------------------------------
BAR-estimator:         λ             λ+δλ          ΔΔA             ΔA            C               Δδe            δe       
                          
-----------------------------------------------------------------------------------------------------------------------------------
BAR-estimator:      0.00000        0.05000        0.8113         0.8113         0.8113         0.0064         0.0064 
BAR-estimator:      0.05000        0.10000        0.5591         1.3703         0.5591         0.0061         0.0089 
BAR-estimator:      0.10000        0.15000        0.3646         1.7350         0.3646         0.0050         0.0102 
BAR-estimator:      0.15000        0.20000        0.2500         1.9849         0.2500         0.0044         0.0111 
BAR-estimator:      0.20000        0.25000        0.1818         2.1667         0.1818         0.0037         0.0117 
BAR-estimator:      0.25000        0.30000        0.1272         2.2939         0.1272         0.0033         0.0122 
BAR-estimator:      0.30000        0.35000        0.0958         2.3897         0.0958         0.0026         0.0125 
BAR-estimator:      0.35000        0.40000        0.0704         2.4601         0.0704         0.0027         0.0128 
BAR-estimator:      0.40000        0.45000        0.0577         2.5178         0.0577         0.0025         0.0130 
BAR-estimator:      0.45000        0.50000        0.0400         2.5577         0.0400         0.0023         0.0132 
BAR-estimator:      0.50000        0.55000       -0.1197         2.4381        -0.1197         0.0029         0.0135 
BAR-estimator:      0.55000        0.60000       -0.3033         2.1348        -0.3033         0.0031         0.0139 
BAR-estimator:      0.60000        0.65000       -0.4821         1.6527        -0.4821         0.0032         0.0142 
BAR-estimator:      0.65000        0.70000       -0.6389         1.0138        -0.6389         0.0034         0.0146 
BAR-estimator:      0.70000        0.75000       -0.7238         0.2899        -0.7238         0.0036         0.0151 
BAR-estimator:      0.75000        0.80000       -0.7503        -0.4603        -0.7503         0.0034         0.0155 
BAR-estimator:      0.80000        0.85000       -0.7361        -1.1964        -0.7361         0.0035         0.0159 
BAR-estimator:      0.85000        0.90000       -0.7092        -1.9056        -0.7092         0.0035         0.0162 
BAR-estimator:      0.90000        0.95000       -0.6903        -2.5959        -0.6903         0.0036         0.0166 
BAR-estimator:      0.95000        1.00000       -0.6864        -3.2823        -0.6864         0.0041         0.0171 
BAR-estimator: total free energy change is -3.282288492423233 , total error is 0.017128020577015318
