#========================================================================================
#                     Free energy perturbation    
#----------------------------------------------------------------------------------------
#forward/backward          λ              ΔΔA                 ΔA                  δε   
#                                                 
#----------------------------------------------------------------------------------------
forward:               0.0000              0.0000              0.0000              0.0000  
forward:               0.0500              0.3649              0.3649              0.0079  
forward:               0.1000              0.2646              0.6295              0.0098  
forward:               0.1500              0.2293              0.8588              0.0109  
forward:               0.2000              0.1810              1.0398              0.0120  
forward:               0.2500              0.1614              1.2012              0.0127  
forward:               0.3000              0.1415              1.3427              0.0130  
forward:               0.3500              0.1276              1.4703              0.0137  
forward:               0.4000              0.1146              1.5849              0.0141  
forward:               0.4500              0.1147              1.6996              0.0145  
forward:               0.5000              0.1016              1.8012              0.0148  
forward:               0.5500             -0.0607              1.7405              0.0161  
forward:               0.6000             -0.3487              1.3918              0.0177  
forward:               0.6500             -0.6037              0.7881              0.0195  
forward:               0.7000             -0.8066             -0.0185              0.0208  
forward:               0.7500             -0.9154             -0.9339              0.0218  
forward:               0.8000             -0.9438             -1.8778              0.0227  
forward:               0.8500             -0.9313             -2.8090              0.0233  
forward:               0.9000             -0.8882             -3.6972              0.0239  
forward:               0.9500             -0.8270             -4.5242              0.0243  
forward:               1.0000             -0.7695             -5.2937              0.0247  
backward:              1.0000              0.0000             -5.2937              0.0000  
backward:              0.9500              0.7706             -4.5231              0.0052  
backward:              0.9000              0.8239             -3.6992              0.0071  
backward:              0.8500              0.8691             -2.8301              0.0108  
backward:              0.8000              0.9294             -1.9006              0.0129  
backward:              0.7500              0.9589             -0.9417              0.0150  
backward:              0.7000              0.9138             -0.0279              0.0167  
backward:              0.6500              0.8129              0.7850              0.0184  
backward:              0.6000              0.5932              1.3782              0.0201  
backward:              0.5500              0.3463              1.7245              0.0212  
backward:              0.5000              0.0573              1.7818              0.0222  
backward:              0.4500             -0.1011              1.6808              0.0224  
backward:              0.4000             -0.1114              1.5694              0.0227  
backward:              0.3500             -0.1168              1.4525              0.0231  
backward:              0.3000             -0.1263              1.3262              0.0233  
backward:              0.2500             -0.1455              1.1807              0.0238  
backward:              0.2000             -0.1645              1.0162              0.0243  
backward:              0.1500             -0.1783              0.8378              0.0249  
backward:              0.1000             -0.2206              0.6172              0.0258  
backward:              0.0500             -0.2878              0.3294              0.0314  
backward:              0.0000             -0.3734             -0.0440              0.0335  
Inaccuracy estimation
======================================================================================================
                   i        i+δi          P0_overlap_P1   δε(forward)/ε   δε(backward)/ε
======================================================================================================
inaccuracy:  0.00000        0.05000           66.51           -0.01            0.31
inaccuracy:  0.05000        0.10000           77.26           -0.00            0.16
inaccuracy:  0.10000        0.15000           73.65           -0.00            0.13
inaccuracy:  0.15000        0.20000           80.64           -0.00            0.09
inaccuracy:  0.20000        0.25000           80.53           -0.00            0.08
inaccuracy:  0.25000        0.30000           83.08           -0.00            0.06
inaccuracy:  0.30000        0.35000           82.05           -0.00            0.06
inaccuracy:  0.35000        0.40000           83.72           -0.00            0.05
inaccuracy:  0.40000        0.45000           82.27           -0.00            0.05
inaccuracy:  0.45000        0.50000           84.50           -0.00            0.05
inaccuracy:  0.50000        0.55000           49.53           -0.22            0.25
inaccuracy:  0.55000        0.60000           69.77           -0.10            0.07
inaccuracy:  0.60000        0.65000           51.81           -0.18            0.05
inaccuracy:  0.65000        0.70000           68.62           -0.11            0.03
inaccuracy:  0.70000        0.75000           66.55           -0.10            0.02
inaccuracy:  0.75000        0.80000           69.03           -0.08            0.03
inaccuracy:  0.80000        0.85000           74.10           -0.05            0.04
inaccuracy:  0.85000        0.90000           70.45           -0.07            0.05
inaccuracy:  0.90000        0.95000           73.04           -0.05            0.06
inaccuracy:  0.95000        1.00000           68.29           -0.07            0.08
===================================================================================================================================
            	   BAR        
-----------------------------------------------------------------------------------------------------------------------------------
BAR-estimator:         λ             λ+δλ          ΔΔA             ΔA            C               Δδe            δe       
                          
-----------------------------------------------------------------------------------------------------------------------------------
BAR-estimator:      0.00000        0.05000        0.3419         0.3419         0.3419         0.0054         0.0054 
BAR-estimator:      0.05000        0.10000        0.2694         0.6114         0.2694         0.0039         0.0067 
BAR-estimator:      0.10000        0.15000        0.2100         0.8214         0.2100         0.0034         0.0075 
BAR-estimator:      0.15000        0.20000        0.1807         1.0021         0.1807         0.0034         0.0082 
BAR-estimator:      0.20000        0.25000        0.1546         1.1567         0.1546         0.0031         0.0088 
BAR-estimator:      0.25000        0.30000        0.1429         1.2996         0.1429         0.0024         0.0091 
BAR-estimator:      0.30000        0.35000        0.1227         1.4224         0.1227         0.0028         0.0095 
BAR-estimator:      0.35000        0.40000        0.1145         1.5368         0.1145         0.0027         0.0099 
BAR-estimator:      0.40000        0.45000        0.1085         1.6453         0.1085         0.0023         0.0102 
BAR-estimator:      0.45000        0.50000        0.1008         1.7461         0.1008         0.0023         0.0104 
BAR-estimator:      0.50000        0.55000       -0.1984         1.5477        -0.1984         0.0055         0.0118 
BAR-estimator:      0.55000        0.60000       -0.3505         1.1972        -0.3505         0.0045         0.0126 
BAR-estimator:      0.60000        0.65000       -0.7063         0.4909        -0.7063         0.0053         0.0137 
BAR-estimator:      0.65000        0.70000       -0.8123        -0.3213        -0.8123         0.0046         0.0144 
BAR-estimator:      0.70000        0.75000       -0.9365        -1.2578        -0.9365         0.0042         0.0150 
BAR-estimator:      0.75000        0.80000       -0.9493        -2.2072        -0.9493         0.0045         0.0157 
BAR-estimator:      0.80000        0.85000       -0.9078        -3.1149        -0.9078         0.0039         0.0161 
BAR-estimator:      0.85000        0.90000       -0.8827        -3.9976        -0.8827         0.0036         0.0165 
BAR-estimator:      0.90000        0.95000       -0.8020        -4.7996        -0.8020         0.0038         0.0170 
BAR-estimator:      0.95000        1.00000       -0.7710        -5.5707        -0.7710         0.0043         0.0175 
BAR-estimator: total free energy change is -5.570664981743527 , total error is 0.01748785028549304
