#========================================================================================
#                     Free energy perturbation    
#----------------------------------------------------------------------------------------
#forward/backward          λ              ΔΔA                 ΔA                  δε   
#                                                 
#----------------------------------------------------------------------------------------
forward:               0.0000              0.0000              0.0000              0.0000  
forward:               0.0500              0.3724              0.3724              0.0058  
forward:               0.1000              0.2710              0.6435              0.0071  
forward:               0.1500              0.2271              0.8706              0.0081  
forward:               0.2000              0.1871              1.0577              0.0088  
forward:               0.2500              0.1624              1.2201              0.0093  
forward:               0.3000              0.1443              1.3644              0.0098  
forward:               0.3500              0.1330              1.4974              0.0102  
forward:               0.4000              0.1196              1.6169              0.0106  
forward:               0.4500              0.1161              1.7330              0.0110  
forward:               0.5000              0.1016              1.8346              0.0113  
forward:               0.5500             -0.0512              1.7834              0.0120  
forward:               0.6000             -0.3343              1.4491              0.0125  
forward:               0.6500             -0.5660              0.8831              0.0140  
forward:               0.7000             -0.7777              0.1054              0.0155  
forward:               0.7500             -0.8851             -0.7798              0.0164  
forward:               0.8000             -0.9431             -1.7228              0.0173  
forward:               0.8500             -0.9220             -2.6448              0.0182  
forward:               0.9000             -0.9011             -3.5459              0.0187  
forward:               0.9500             -0.8724             -4.4184              0.0192  
forward:               1.0000             -0.8358             -5.2541              0.0197  
backward:              1.0000              0.0000             -5.2541              0.0000  
backward:              0.9500              0.8443             -4.4098              0.0056  
backward:              0.9000              0.8508             -3.5591              0.0085  
backward:              0.8500              0.9050             -2.6541              0.0105  
backward:              0.8000              0.9314             -1.7227              0.0115  
backward:              0.7500              0.9326             -0.7901              0.0130  
backward:              0.7000              0.8851              0.0951              0.0146  
backward:              0.6500              0.7651              0.8601              0.0159  
backward:              0.6000              0.5689              1.4291              0.0171  
backward:              0.5500              0.3346              1.7637              0.0178  
backward:              0.5000              0.0531              1.8168              0.0188  
backward:              0.4500             -0.1016              1.7152              0.0192  
backward:              0.4000             -0.1087              1.6066              0.0194  
backward:              0.3500             -0.1135              1.4931              0.0201  
backward:              0.3000             -0.1326              1.3605              0.0205  
backward:              0.2500             -0.1397              1.2208              0.0209  
backward:              0.2000             -0.1646              1.0562              0.0213  
backward:              0.1500             -0.1904              0.8658              0.0219  
backward:              0.1000             -0.2241              0.6417              0.0230  
backward:              0.0500             -0.2836              0.3581              0.0245  
backward:              0.0000             -0.3667             -0.0086              0.0257  
Inaccuracy estimation
======================================================================================================
                   i        i+δi          P0_overlap_P1   δε(forward)/ε   δε(backward)/ε
======================================================================================================
inaccuracy:  0.00000        0.05000           65.92           -0.00            0.30
inaccuracy:  0.05000        0.10000           76.52            0.00            0.15
inaccuracy:  0.10000        0.15000           74.98           -0.00            0.14
inaccuracy:  0.15000        0.20000           79.99           -0.00            0.09
inaccuracy:  0.20000        0.25000           80.14           -0.00            0.09
inaccuracy:  0.25000        0.30000           82.13           -0.00            0.07
inaccuracy:  0.30000        0.35000           81.45           -0.00            0.06
inaccuracy:  0.35000        0.40000           83.40           -0.00            0.06
inaccuracy:  0.40000        0.45000           81.83           -0.00            0.05
inaccuracy:  0.45000        0.50000           83.98           -0.00            0.05
inaccuracy:  0.50000        0.55000           50.33           -0.22            0.24
inaccuracy:  0.55000        0.60000           70.65           -0.11            0.06
inaccuracy:  0.60000        0.65000           52.93           -0.19            0.06
inaccuracy:  0.65000        0.70000           69.94           -0.10            0.03
inaccuracy:  0.70000        0.75000           65.16           -0.12            0.03
inaccuracy:  0.75000        0.80000           70.68           -0.09            0.03
inaccuracy:  0.80000        0.85000           69.81           -0.08            0.04
inaccuracy:  0.85000        0.90000           68.42           -0.09            0.05
inaccuracy:  0.90000        0.95000           69.58           -0.08            0.06
inaccuracy:  0.95000        1.00000           66.74           -0.10            0.08
===================================================================================================================================
            	   BAR        
-----------------------------------------------------------------------------------------------------------------------------------
BAR-estimator:         λ             λ+δλ          ΔΔA             ΔA            C               Δδe            δe       
                          
-----------------------------------------------------------------------------------------------------------------------------------
BAR-estimator:      0.00000        0.05000        0.3453         0.3453         0.3453         0.0038         0.0038 
BAR-estimator:      0.05000        0.10000        0.2730         0.6184         0.2730         0.0035         0.0052 
BAR-estimator:      0.10000        0.15000        0.2121         0.8305         0.2121         0.0027         0.0059 
BAR-estimator:      0.15000        0.20000        0.1858         1.0163         0.1858         0.0025         0.0064 
BAR-estimator:      0.20000        0.25000        0.1553         1.1717         0.1553         0.0023         0.0068 
BAR-estimator:      0.25000        0.30000        0.1430         1.3146         0.1430         0.0022         0.0071 
BAR-estimator:      0.30000        0.35000        0.1254         1.4401         0.1254         0.0023         0.0075 
BAR-estimator:      0.35000        0.40000        0.1177         1.5577         0.1177         0.0021         0.0078 
BAR-estimator:      0.40000        0.45000        0.1088         1.6665         0.1088         0.0021         0.0080 
BAR-estimator:      0.45000        0.50000        0.1009         1.7674         0.1009         0.0018         0.0082 
BAR-estimator:      0.50000        0.55000       -0.1881         1.5793        -0.1881         0.0036         0.0090 
BAR-estimator:      0.55000        0.60000       -0.3349         1.2444        -0.3349         0.0032         0.0096 
BAR-estimator:      0.60000        0.65000       -0.6646         0.5797        -0.6646         0.0039         0.0103 
BAR-estimator:      0.65000        0.70000       -0.7694        -0.1896        -0.7694         0.0040         0.0111 
BAR-estimator:      0.70000        0.75000       -0.9096        -1.0992        -0.9096         0.0038         0.0117 
BAR-estimator:      0.75000        0.80000       -0.9371        -2.0363        -0.9371         0.0032         0.0121 
BAR-estimator:      0.80000        0.85000       -0.9162        -2.9525        -0.9162         0.0036         0.0126 
BAR-estimator:      0.85000        0.90000       -0.9012        -3.8537        -0.9012         0.0032         0.0130 
BAR-estimator:      0.90000        0.95000       -0.8594        -4.7131        -0.8594         0.0033         0.0135 
BAR-estimator:      0.95000        1.00000       -0.8357        -5.5488        -0.8357         0.0031         0.0138 
BAR-estimator: total free energy change is -5.548753468049375 , total error is 0.013808683664887977
