#========================================================================================
#                     Free energy perturbation    
#----------------------------------------------------------------------------------------
#forward/backward          λ              ΔΔA                 ΔA                  δε   
#                                                 
#----------------------------------------------------------------------------------------
forward:               0.0000              0.0000              0.0000              0.0000  
forward:               0.0500              1.1649              1.1649              0.0186  
forward:               0.1000              0.6218              1.7867              0.0228  
forward:               0.1500              0.3196              2.1062              0.0254  
forward:               0.2000              0.1916              2.2978              0.0267  
forward:               0.2500              0.1015              2.3993              0.0275  
forward:               0.3000              0.0553              2.4546              0.0281  
forward:               0.3500              0.0115              2.4661              0.0285  
forward:               0.4000             -0.0169              2.4492              0.0289  
forward:               0.4500             -0.0270              2.4223              0.0293  
forward:               0.5000             -0.0463              2.3759              0.0296  
forward:               0.5500             -0.1379              2.2381              0.0300  
forward:               0.6000             -0.2889              1.9492              0.0304  
forward:               0.6500             -0.4151              1.5341              0.0309  
forward:               0.7000             -0.5351              0.9990              0.0312  
forward:               0.7500             -0.6131              0.3859              0.0315  
forward:               0.8000             -0.6832             -0.2973              0.0319  
forward:               0.8500             -0.7194             -1.0166              0.0322  
forward:               0.9000             -0.7408             -1.7574              0.0326  
forward:               0.9500             -0.7453             -2.5027              0.0328  
forward:               1.0000             -0.7693             -3.2721              0.0330  
backward:              1.0000              0.0000             -3.2721              0.0000  
backward:              0.9500              0.7677             -2.5044              0.0056  
backward:              0.9000              0.7461             -1.7583              0.0078  
backward:              0.8500              0.7380             -1.0203              0.0107  
backward:              0.8000              0.7106             -0.3097              0.0123  
backward:              0.7500              0.6809              0.3712              0.0131  
backward:              0.7000              0.6301              1.0013              0.0143  
backward:              0.6500              0.5363              1.5376              0.0154  
backward:              0.6000              0.4188              1.9564              0.0165  
backward:              0.5500              0.2838              2.2402              0.0177  
backward:              0.5000              0.1450              2.3852              0.0184  
backward:              0.4500              0.0525              2.4377              0.0191  
backward:              0.4000              0.0305              2.4682              0.0199  
backward:              0.3500              0.0105              2.4787              0.0206  
backward:              0.3000             -0.0231              2.4556              0.0214  
backward:              0.2500             -0.0432              2.4124              0.0224  
backward:              0.2000             -0.1142              2.2982              0.0236  
backward:              0.1500             -0.2207              2.0775              0.0326  
backward:              0.1000             -0.3094              1.7681              0.0348  
backward:              0.0500             -0.6045              1.1636              0.0416  
backward:              0.0000             -1.1914             -0.0278              0.0524  
Inaccuracy estimation
======================================================================================================
                   i        i+δi          P0_overlap_P1   δε(forward)/ε   δε(backward)/ε
======================================================================================================
inaccuracy:  0.00000        0.05000           43.21           -0.04            1.06
inaccuracy:  0.05000        0.10000           53.05           -0.03            0.74
inaccuracy:  0.10000        0.15000           62.53           -0.02            0.36
inaccuracy:  0.15000        0.20000           67.90           -0.01            0.24
inaccuracy:  0.20000        0.25000           72.07           -0.00            0.17
inaccuracy:  0.25000        0.30000           72.00           -0.01            0.14
inaccuracy:  0.30000        0.35000           75.14           -0.01            0.11
inaccuracy:  0.35000        0.40000           76.08           -0.01            0.10
inaccuracy:  0.40000        0.45000           75.02           -0.01            0.10
inaccuracy:  0.45000        0.50000           75.42           -0.01            0.10
inaccuracy:  0.50000        0.55000           69.31           -0.05            0.12
inaccuracy:  0.55000        0.60000           70.78           -0.06            0.09
inaccuracy:  0.60000        0.65000           69.44           -0.08            0.08
inaccuracy:  0.65000        0.70000           69.80           -0.06            0.07
inaccuracy:  0.70000        0.75000           69.42           -0.07            0.06
inaccuracy:  0.75000        0.80000           71.32           -0.07            0.06
inaccuracy:  0.80000        0.85000           71.09           -0.06            0.06
inaccuracy:  0.85000        0.90000           69.97           -0.08            0.06
inaccuracy:  0.90000        0.95000           69.68           -0.07            0.06
inaccuracy:  0.95000        1.00000           70.22           -0.07            0.06
===================================================================================================================================
                BAR        
-----------------------------------------------------------------------------------------------------------------------------------
BAR-estimator:         λ             λ+δλ          ΔΔA             ΔA            C               Δδe            δe       
                          
-----------------------------------------------------------------------------------------------------------------------------------
BAR-estimator:      0.00000        0.05000        1.1665         1.1665         1.1665         0.0107         0.0107 
BAR-estimator:      0.05000        0.10000        0.6184         1.7849         0.6184         0.0085         0.0137 
BAR-estimator:      0.10000        0.15000        0.3144         2.0994         0.3144         0.0073         0.0155 
BAR-estimator:      0.15000        0.20000        0.1935         2.2929         0.1935         0.0055         0.0165 
BAR-estimator:      0.20000        0.25000        0.1068         2.3997         0.1068         0.0042         0.0170 
BAR-estimator:      0.25000        0.30000        0.0505         2.4502         0.0505         0.0041         0.0175 
BAR-estimator:      0.30000        0.35000        0.0172         2.4674         0.0172         0.0034         0.0178 
BAR-estimator:      0.35000        0.40000       -0.0126         2.4548        -0.0126         0.0034         0.0181 
BAR-estimator:      0.40000        0.45000       -0.0294         2.4254        -0.0294         0.0032         0.0184 
BAR-estimator:      0.45000        0.50000       -0.0480         2.3774        -0.0480         0.0028         0.0186 
BAR-estimator:      0.50000        0.55000       -0.1385         2.2389        -0.1385         0.0033         0.0189 
BAR-estimator:      0.55000        0.60000       -0.2851         1.9538        -0.2851         0.0042         0.0194 
BAR-estimator:      0.60000        0.65000       -0.4180         1.5358        -0.4180         0.0036         0.0197 
BAR-estimator:      0.65000        0.70000       -0.5364         0.9994        -0.5364         0.0035         0.0200 
BAR-estimator:      0.70000        0.75000       -0.6189         0.3805        -0.6189         0.0034         0.0203 
BAR-estimator:      0.75000        0.80000       -0.6828        -0.3023        -0.6828         0.0034         0.0206 
BAR-estimator:      0.80000        0.85000       -0.7159        -1.0182        -0.7159         0.0036         0.0209 
BAR-estimator:      0.85000        0.90000       -0.7409        -1.7591        -0.7409         0.0035         0.0212 
BAR-estimator:      0.90000        0.95000       -0.7468        -2.5059        -0.7468         0.0045         0.0216 
BAR-estimator:      0.95000        1.00000       -0.7701        -3.2760        -0.7701         0.0037         0.0220 
BAR-estimator: total free energy change is -3.275975480387225 , total error is 0.021960238901420195
