#========================================================================================
#                     Free energy perturbation    
#----------------------------------------------------------------------------------------
#forward/backward          λ              ΔΔA                 ΔA                  δε   
#                                                 
#----------------------------------------------------------------------------------------
forward:               0.0000              0.0000              0.0000              0.0000  
forward:               0.0500              1.1608              1.1608              0.0157  
forward:               0.1000              0.6469              1.8077              0.0191  
forward:               0.1500              0.3250              2.1327              0.0209  
forward:               0.2000              0.1775              2.3101              0.0219  
forward:               0.2500              0.1074              2.4175              0.0225  
forward:               0.3000              0.0534              2.4709              0.0230  
forward:               0.3500              0.0052              2.4761              0.0234  
forward:               0.4000             -0.0201              2.4560              0.0238  
forward:               0.4500             -0.0374              2.4186              0.0242  
forward:               0.5000             -0.0392              2.3794              0.0244  
forward:               0.5500             -0.1493              2.2301              0.0249  
forward:               0.6000             -0.3091              1.9210              0.0253  
forward:               0.6500             -0.4552              1.4658              0.0256  
forward:               0.7000             -0.5751              0.8907              0.0260  
forward:               0.7500             -0.6672              0.2234              0.0264  
forward:               0.8000             -0.7371             -0.5137              0.0266  
forward:               0.8500             -0.7708             -1.2845              0.0270  
forward:               0.9000             -0.8038             -2.0883              0.0272  
forward:               0.9500             -0.8183             -2.9066              0.0275  
forward:               1.0000             -0.8363             -3.7429              0.0278  
backward:              1.0000              0.0000             -3.7429              0.0000  
backward:              0.9500              0.8307             -2.9121              0.0055  
backward:              0.9000              0.8167             -2.0955              0.0074  
backward:              0.8500              0.8057             -1.2898              0.0089  
backward:              0.8000              0.7873             -0.5025              0.0100  
backward:              0.7500              0.7339              0.2314              0.0112  
backward:              0.7000              0.6729              0.9042              0.0122  
backward:              0.6500              0.5732              1.4774              0.0133  
backward:              0.6000              0.4507              1.9280              0.0142  
backward:              0.5500              0.3005              2.2285              0.0154  
backward:              0.5000              0.1402              2.3688              0.0166  
backward:              0.4500              0.0527              2.4214              0.0172  
backward:              0.4000              0.0241              2.4456              0.0177  
backward:              0.3500              0.0125              2.4581              0.0185  
backward:              0.3000             -0.0146              2.4435              0.0193  
backward:              0.2500             -0.0538              2.3896              0.0202  
backward:              0.2000             -0.0936              2.2960              0.0211  
backward:              0.1500             -0.1856              2.1104              0.0234  
backward:              0.1000             -0.3464              1.7640              0.0299  
backward:              0.0500             -0.5982              1.1658              0.0355  
backward:              0.0000             -1.1649              0.0008              0.0428  
Inaccuracy estimation
======================================================================================================
                   i        i+δi          P0_overlap_P1   δε(forward)/ε   δε(backward)/ε
======================================================================================================
inaccuracy:  0.00000        0.05000           43.04           -0.04            1.06
inaccuracy:  0.05000        0.10000           51.18           -0.03            0.75
inaccuracy:  0.10000        0.15000           62.47           -0.01            0.37
inaccuracy:  0.15000        0.20000           68.73           -0.01            0.23
inaccuracy:  0.20000        0.25000           70.26           -0.01            0.17
inaccuracy:  0.25000        0.30000           73.42           -0.01            0.14
inaccuracy:  0.30000        0.35000           74.98           -0.01            0.11
inaccuracy:  0.35000        0.40000           75.53           -0.01            0.10
inaccuracy:  0.40000        0.45000           77.26           -0.01            0.09
inaccuracy:  0.45000        0.50000           74.15           -0.01            0.09
inaccuracy:  0.50000        0.55000           69.59           -0.05            0.11
inaccuracy:  0.55000        0.60000           70.13           -0.07            0.09
inaccuracy:  0.60000        0.65000           70.44           -0.07            0.07
inaccuracy:  0.65000        0.70000           70.12           -0.08            0.06
inaccuracy:  0.70000        0.75000           69.37           -0.07            0.06
inaccuracy:  0.75000        0.80000           70.80           -0.08            0.05
inaccuracy:  0.80000        0.85000           69.20           -0.08            0.05
inaccuracy:  0.85000        0.90000           69.69           -0.08            0.05
inaccuracy:  0.90000        0.95000           69.55           -0.08            0.05
inaccuracy:  0.95000        1.00000           69.72           -0.07            0.06
===================================================================================================================================
                BAR        
-----------------------------------------------------------------------------------------------------------------------------------
BAR-estimator:         λ             λ+δλ          ΔΔA             ΔA            C               Δδe            δe       
                          
-----------------------------------------------------------------------------------------------------------------------------------
BAR-estimator:      0.00000        0.05000        1.1577         1.1577         1.1577         0.0087         0.0087 
BAR-estimator:      0.05000        0.10000        0.6326         1.7903         0.6326         0.0071         0.0112 
BAR-estimator:      0.10000        0.15000        0.3212         2.1115         0.3212         0.0058         0.0126 
BAR-estimator:      0.15000        0.20000        0.1800         2.2915         0.1800         0.0042         0.0133 
BAR-estimator:      0.20000        0.25000        0.1037         2.3952         0.1037         0.0036         0.0138 
BAR-estimator:      0.25000        0.30000        0.0549         2.4501         0.0549         0.0037         0.0143 
BAR-estimator:      0.30000        0.35000        0.0092         2.4593         0.0092         0.0031         0.0146 
BAR-estimator:      0.35000        0.40000       -0.0184         2.4410        -0.0184         0.0031         0.0149 
BAR-estimator:      0.40000        0.45000       -0.0311         2.4099        -0.0311         0.0029         0.0152 
BAR-estimator:      0.45000        0.50000       -0.0446         2.3653        -0.0446         0.0026         0.0154 
BAR-estimator:      0.50000        0.55000       -0.1468         2.2185        -0.1468         0.0035         0.0158 
BAR-estimator:      0.55000        0.60000       -0.3040         1.9146        -0.3040         0.0031         0.0161 
BAR-estimator:      0.60000        0.65000       -0.4536         1.4610        -0.4536         0.0031         0.0164 
BAR-estimator:      0.65000        0.70000       -0.5754         0.8856        -0.5754         0.0032         0.0167 
BAR-estimator:      0.70000        0.75000       -0.6676         0.2180        -0.6676         0.0032         0.0170 
BAR-estimator:      0.75000        0.80000       -0.7364        -0.5184        -0.7364         0.0029         0.0173 
BAR-estimator:      0.80000        0.85000       -0.7759        -1.2944        -0.7759         0.0033         0.0176 
BAR-estimator:      0.85000        0.90000       -0.8038        -2.0982        -0.8038         0.0032         0.0179 
BAR-estimator:      0.90000        0.95000       -0.8195        -2.9177        -0.8195         0.0028         0.0181 
BAR-estimator:      0.95000        1.00000       -0.8326        -3.7503        -0.8326         0.0033         0.0184 
BAR-estimator: total free energy change is -3.7503184761237356 , total error is 0.018403175425699827
