#========================================================================================
#                     Free energy perturbation    
#----------------------------------------------------------------------------------------
#forward/backward          λ              ΔΔA                 ΔA                  δε   
#                                                 
#----------------------------------------------------------------------------------------
forward:               0.0000              0.0000              0.0000              0.0000  
forward:               0.0500              0.9299              0.9299              0.0163  
forward:               0.1000              0.5769              1.5068              0.0203  
forward:               0.1500              0.3406              1.8474              0.0222  
forward:               0.2000              0.2201              2.0675              0.0233  
forward:               0.2500              0.1668              2.2344              0.0240  
forward:               0.3000              0.1159              2.3502              0.0246  
forward:               0.3500              0.0838              2.4341              0.0252  
forward:               0.4000              0.0486              2.4826              0.0257  
forward:               0.4500              0.0372              2.5199              0.0260  
forward:               0.5000              0.0140              2.5339              0.0264  
forward:               0.5500              0.0198              2.5537              0.0267  
forward:               0.6000              0.0048              2.5585              0.0269  
forward:               0.6500             -0.0065              2.5519              0.0272  
forward:               0.7000             -0.0188              2.5331              0.0275  
forward:               0.7500             -0.0155              2.5176              0.0277  
forward:               0.8000             -0.0359              2.4817              0.0279  
forward:               0.8500             -0.0348              2.4469              0.0281  
forward:               0.9000             -0.0412              2.4058              0.0283  
forward:               0.9500             -0.0427              2.3631              0.0285  
forward:               1.0000             -0.0527              2.3104              0.0286  
backward:              1.0000              0.0000              2.3104              0.0000  
backward:              0.9500              0.0505              2.3609              0.0039  
backward:              0.9000              0.0376              2.3985              0.0057  
backward:              0.8500              0.0403              2.4388              0.0066  
backward:              0.8000              0.0295              2.4683              0.0078  
backward:              0.7500              0.0331              2.5014              0.0087  
backward:              0.7000              0.0189              2.5203              0.0098  
backward:              0.6500              0.0204              2.5408              0.0106  
backward:              0.6000              0.0056              2.5464              0.0115  
backward:              0.5500              0.0004              2.5468              0.0125  
backward:              0.5000             -0.0148              2.5320              0.0132  
backward:              0.4500             -0.0148              2.5172              0.0140  
backward:              0.4000             -0.0378              2.4794              0.0149  
backward:              0.3500             -0.0512              2.4281              0.0160  
backward:              0.3000             -0.0860              2.3421              0.0170  
backward:              0.2500             -0.1041              2.2380              0.0183  
backward:              0.2000             -0.1690              2.0691              0.0199  
backward:              0.1500             -0.2282              1.8409              0.0217  
backward:              0.1000             -0.3599              1.4810              0.0266  
backward:              0.0500             -0.5863              0.8946              0.0320  
backward:              0.0000             -0.8860              0.0086              0.0370  
Inaccuracy estimation
======================================================================================================
                   i        i+δi          P0_overlap_P1   δε(forward)/ε   δε(backward)/ε
======================================================================================================
inaccuracy:  0.00000        0.05000           48.45           -0.03            0.84
inaccuracy:  0.05000        0.10000           57.18           -0.01            0.53
inaccuracy:  0.10000        0.15000           65.62           -0.01            0.32
inaccuracy:  0.15000        0.20000           70.21           -0.01            0.21
inaccuracy:  0.20000        0.25000           71.73           -0.01            0.16
inaccuracy:  0.25000        0.30000           72.87           -0.01            0.15
inaccuracy:  0.30000        0.35000           74.38           -0.01            0.12
inaccuracy:  0.35000        0.40000           76.53           -0.01            0.11
inaccuracy:  0.40000        0.45000           75.76           -0.01            0.10
inaccuracy:  0.45000        0.50000           76.24           -0.01            0.10
inaccuracy:  0.50000        0.55000           76.19           -0.01            0.09
inaccuracy:  0.55000        0.60000           76.84           -0.01            0.09
inaccuracy:  0.60000        0.65000           76.72           -0.01            0.09
inaccuracy:  0.65000        0.70000           76.85           -0.01            0.09
inaccuracy:  0.70000        0.75000           76.34           -0.01            0.08
inaccuracy:  0.75000        0.80000           77.05           -0.01            0.08
inaccuracy:  0.80000        0.85000           77.27           -0.01            0.08
inaccuracy:  0.85000        0.90000           76.64           -0.01            0.08
inaccuracy:  0.90000        0.95000           77.21           -0.01            0.08
inaccuracy:  0.95000        1.00000           77.39           -0.02            0.08
===================================================================================================================================
                BAR        
-----------------------------------------------------------------------------------------------------------------------------------
BAR-estimator:         λ             λ+δλ          ΔΔA             ΔA            C               Δδe            δe       
                          
-----------------------------------------------------------------------------------------------------------------------------------
BAR-estimator:      0.00000        0.05000        0.9209         0.9209         0.9209         0.0106         0.0106 
BAR-estimator:      0.05000        0.10000        0.5799         1.5008         0.5799         0.0073         0.0129 
BAR-estimator:      0.10000        0.15000        0.3467         1.8475         0.3467         0.0058         0.0141 
BAR-estimator:      0.15000        0.20000        0.2239         2.0714         0.2239         0.0045         0.0149 
BAR-estimator:      0.20000        0.25000        0.1666         2.2380         0.1666         0.0041         0.0154 
BAR-estimator:      0.25000        0.30000        0.1134         2.3514         0.1134         0.0038         0.0159 
BAR-estimator:      0.30000        0.35000        0.0837         2.4352         0.0837         0.0040         0.0163 
BAR-estimator:      0.35000        0.40000        0.0532         2.4884         0.0532         0.0034         0.0167 
BAR-estimator:      0.40000        0.45000        0.0371         2.5255         0.0371         0.0029         0.0169 
BAR-estimator:      0.45000        0.50000        0.0143         2.5398         0.0143         0.0031         0.0172 
BAR-estimator:      0.50000        0.55000        0.0165         2.5563         0.0165         0.0029         0.0175 
BAR-estimator:      0.55000        0.60000        0.0028         2.5590         0.0028         0.0028         0.0177 
BAR-estimator:      0.60000        0.65000       -0.0060         2.5530        -0.0060         0.0030         0.0180 
BAR-estimator:      0.65000        0.70000       -0.0190         2.5340        -0.0190         0.0027         0.0182 
BAR-estimator:      0.70000        0.75000       -0.0171         2.5169        -0.0171         0.0026         0.0183 
BAR-estimator:      0.75000        0.80000       -0.0344         2.4825        -0.0344         0.0027         0.0185 
BAR-estimator:      0.80000        0.85000       -0.0340         2.4485        -0.0340         0.0028         0.0188 
BAR-estimator:      0.85000        0.90000       -0.0416         2.4068        -0.0416         0.0028         0.0190 
BAR-estimator:      0.90000        0.95000       -0.0417         2.3651        -0.0417         0.0027         0.0192 
BAR-estimator:      0.95000        1.00000       -0.0510         2.3141        -0.0510         0.0028         0.0194 
BAR-estimator: total free energy change is 2.314078174525117 , total error is 0.019367241152543648
