#========================================================================================
#                     Free energy perturbation    
#----------------------------------------------------------------------------------------
#forward/backward          λ              ΔΔA                 ΔA                  δε   
#                                                 
#----------------------------------------------------------------------------------------
forward:               0.0000              0.0000              0.0000              0.0000  
forward:               0.0500              0.9187              0.9187              0.0107  
forward:               0.1000              0.5668              1.4855              0.0144  
forward:               0.1500              0.3595              1.8449              0.0162  
forward:               0.2000              0.2438              2.0887              0.0170  
forward:               0.2500              0.1636              2.2523              0.0180  
forward:               0.3000              0.1133              2.3656              0.0186  
forward:               0.3500              0.0883              2.4539              0.0191  
forward:               0.4000              0.0522              2.5062              0.0195  
forward:               0.4500              0.0337              2.5398              0.0199  
forward:               0.5000              0.0126              2.5525              0.0204  
forward:               0.5500              0.0204              2.5729              0.0207  
forward:               0.6000              0.0025              2.5754              0.0210  
forward:               0.6500             -0.0099              2.5654              0.0214  
forward:               0.7000             -0.0135              2.5519              0.0217  
forward:               0.7500             -0.0232              2.5287              0.0220  
forward:               0.8000             -0.0260              2.5026              0.0222  
forward:               0.8500             -0.0363              2.4663              0.0224  
forward:               0.9000             -0.0415              2.4249              0.0226  
forward:               0.9500             -0.0422              2.3826              0.0229  
forward:               1.0000             -0.0498              2.3328              0.0231  
backward:              1.0000              0.0000              2.3328              0.0000  
backward:              0.9500              0.0475              2.3804              0.0032  
backward:              0.9000              0.0371              2.4174              0.0052  
backward:              0.8500              0.0411              2.4585              0.0061  
backward:              0.8000              0.0389              2.4973              0.0073  
backward:              0.7500              0.0238              2.5212              0.0086  
backward:              0.7000              0.0155              2.5367              0.0103  
backward:              0.6500              0.0121              2.5488              0.0110  
backward:              0.6000              0.0046              2.5534              0.0120  
backward:              0.5500             -0.0059              2.5475              0.0126  
backward:              0.5000             -0.0155              2.5320              0.0134  
backward:              0.4500             -0.0262              2.5058              0.0142  
backward:              0.4000             -0.0449              2.4609              0.0150  
backward:              0.3500             -0.0608              2.4001              0.0159  
backward:              0.3000             -0.0821              2.3181              0.0169  
backward:              0.2500             -0.1085              2.2096              0.0179  
backward:              0.2000             -0.1636              2.0460              0.0193  
backward:              0.1500             -0.2445              1.8015              0.0211  
backward:              0.1000             -0.3590              1.4426              0.0249  
backward:              0.0500             -0.5678              0.8747              0.0296  
backward:              0.0000             -0.9232             -0.0485              0.0357  
Inaccuracy estimation
======================================================================================================
                   i        i+δi          P0_overlap_P1   δε(forward)/ε   δε(backward)/ε
======================================================================================================
inaccuracy:  0.00000        0.05000           49.76           -0.03            0.76
inaccuracy:  0.05000        0.10000           57.76           -0.01            0.53
inaccuracy:  0.10000        0.15000           64.23           -0.01            0.33
inaccuracy:  0.15000        0.20000           69.10           -0.01            0.22
inaccuracy:  0.20000        0.25000           71.38           -0.01            0.17
inaccuracy:  0.25000        0.30000           73.27           -0.00            0.14
inaccuracy:  0.30000        0.35000           74.03           -0.01            0.13
inaccuracy:  0.35000        0.40000           76.30           -0.01            0.11
inaccuracy:  0.40000        0.45000           76.78           -0.01            0.10
inaccuracy:  0.45000        0.50000           78.07           -0.00            0.09
inaccuracy:  0.50000        0.55000           75.78           -0.01            0.10
inaccuracy:  0.55000        0.60000           76.99           -0.01            0.08
inaccuracy:  0.60000        0.65000           76.81           -0.01            0.08
inaccuracy:  0.65000        0.70000           76.87           -0.01            0.09
inaccuracy:  0.70000        0.75000           77.17           -0.01            0.08
inaccuracy:  0.75000        0.80000           76.47           -0.01            0.08
inaccuracy:  0.80000        0.85000           76.54           -0.01            0.08
inaccuracy:  0.85000        0.90000           77.05           -0.01            0.08
inaccuracy:  0.90000        0.95000           77.24           -0.01            0.08
inaccuracy:  0.95000        1.00000           77.47           -0.01            0.08
===================================================================================================================================
                BAR        
-----------------------------------------------------------------------------------------------------------------------------------
BAR-estimator:         λ             λ+δλ          ΔΔA             ΔA            C               Δδe            δe       
                          
-----------------------------------------------------------------------------------------------------------------------------------
BAR-estimator:      0.00000        0.05000        0.9084         0.9084         0.9084         0.0066         0.0066 
BAR-estimator:      0.05000        0.10000        0.5659         1.4744         0.5659         0.0059         0.0089 
BAR-estimator:      0.10000        0.15000        0.3577         1.8320         0.3577         0.0048         0.0101 
BAR-estimator:      0.15000        0.20000        0.2423         2.0743         0.2423         0.0039         0.0108 
BAR-estimator:      0.20000        0.25000        0.1640         2.2382         0.1640         0.0041         0.0115 
BAR-estimator:      0.25000        0.30000        0.1119         2.3501         0.1119         0.0031         0.0120 
BAR-estimator:      0.30000        0.35000        0.0857         2.4358         0.0857         0.0030         0.0123 
BAR-estimator:      0.35000        0.40000        0.0554         2.4913         0.0554         0.0029         0.0127 
BAR-estimator:      0.40000        0.45000        0.0365         2.5277         0.0365         0.0027         0.0130 
BAR-estimator:      0.45000        0.50000        0.0184         2.5461         0.0184         0.0028         0.0133 
BAR-estimator:      0.50000        0.55000        0.0187         2.5648         0.0187         0.0027         0.0136 
BAR-estimator:      0.55000        0.60000        0.0035         2.5683         0.0035         0.0026         0.0138 
BAR-estimator:      0.60000        0.65000       -0.0090         2.5593        -0.0090         0.0025         0.0140 
BAR-estimator:      0.65000        0.70000       -0.0126         2.5468        -0.0126         0.0026         0.0143 
BAR-estimator:      0.70000        0.75000       -0.0216         2.5252        -0.0216         0.0026         0.0145 
BAR-estimator:      0.75000        0.80000       -0.0274         2.4977        -0.0274         0.0026         0.0147 
BAR-estimator:      0.80000        0.85000       -0.0387         2.4590        -0.0387         0.0027         0.0150 
BAR-estimator:      0.85000        0.90000       -0.0400         2.4191        -0.0400         0.0032         0.0153 
BAR-estimator:      0.90000        0.95000       -0.0393         2.3798        -0.0393         0.0030         0.0156 
BAR-estimator:      0.95000        1.00000       -0.0482         2.3316        -0.0482         0.0026         0.0158 
BAR-estimator: total free energy change is 2.3315965314360865 , total error is 0.01583202209963811
