#========================================================================================
#                     Free energy perturbation    
#----------------------------------------------------------------------------------------
#forward/backward          λ              ΔΔA                 ΔA                  δε   
#                                                 
#----------------------------------------------------------------------------------------
forward:               0.0000              0.0000              0.0000              0.0000  
forward:               0.0500              1.2226              1.2226              0.0216  
forward:               0.1000              0.6430              1.8656              0.0272  
forward:               0.1500              0.3065              2.1721              0.0288  
forward:               0.2000              0.1719              2.3440              0.0298  
forward:               0.2500              0.0826              2.4266              0.0304  
forward:               0.3000              0.0303              2.4569              0.0310  
forward:               0.3500              0.0029              2.4598              0.0314  
forward:               0.4000             -0.0296              2.4302              0.0318  
forward:               0.4500             -0.0417              2.3885              0.0323  
forward:               0.5000             -0.0522              2.3363              0.0325  
forward:               0.5500             -0.0964              2.2399              0.0329  
forward:               0.6000             -0.1981              2.0418              0.0332  
forward:               0.6500             -0.2830              1.7588              0.0336  
forward:               0.7000             -0.3561              1.4027              0.0340  
forward:               0.7500             -0.4144              0.9882              0.0343  
forward:               0.8000             -0.4695              0.5187              0.0347  
forward:               0.8500             -0.4790              0.0397              0.0351  
forward:               0.9000             -0.4956             -0.4558              0.0353  
forward:               0.9500             -0.4847             -0.9405              0.0355  
forward:               1.0000             -0.5011             -1.4416              0.0357  
backward:              1.0000              0.0000             -1.4416              0.0000  
backward:              0.9500              0.4859             -0.9557              0.0049  
backward:              0.9000              0.4893             -0.4664              0.0071  
backward:              0.8500              0.4874              0.0210              0.0089  
backward:              0.8000              0.4798              0.5009              0.0102  
backward:              0.7500              0.4481              0.9489              0.0119  
backward:              0.7000              0.4040              1.3529              0.0131  
backward:              0.6500              0.3565              1.7094              0.0143  
backward:              0.6000              0.2822              1.9917              0.0157  
backward:              0.5500              0.1951              2.1867              0.0166  
backward:              0.5000              0.0943              2.2810              0.0177  
backward:              0.4500              0.0596              2.3406              0.0183  
backward:              0.4000              0.0278              2.3684              0.0192  
backward:              0.3500              0.0264              2.3948              0.0200  
backward:              0.3000             -0.0058              2.3890              0.0209  
backward:              0.2500             -0.0317              2.3573              0.0212  
backward:              0.2000             -0.0838              2.2735              0.0228  
backward:              0.1500             -0.1507              2.1229              0.0240  
backward:              0.1000             -0.3069              1.8160              0.0279  
backward:              0.0500             -0.6590              1.1570              0.0432  
backward:              0.0000             -1.2242             -0.0673              0.0516  
Inaccuracy estimation
======================================================================================================
                   i        i+δi          P0_overlap_P1   δε(forward)/ε   δε(backward)/ε
======================================================================================================
inaccuracy:  0.00000        0.05000           42.94           -0.03            1.10
inaccuracy:  0.05000        0.10000           51.17           -0.02            0.80
inaccuracy:  0.10000        0.15000           62.91           -0.02            0.36
inaccuracy:  0.15000        0.20000           67.00           -0.02            0.24
inaccuracy:  0.20000        0.25000           70.80           -0.01            0.16
inaccuracy:  0.25000        0.30000           73.63           -0.01            0.14
inaccuracy:  0.30000        0.35000           74.44           -0.01            0.12
inaccuracy:  0.35000        0.40000           74.98           -0.01            0.10
inaccuracy:  0.40000        0.45000           76.43           -0.01            0.10
inaccuracy:  0.45000        0.50000           75.38           -0.01            0.10
inaccuracy:  0.50000        0.55000           72.27           -0.04            0.12
inaccuracy:  0.55000        0.60000           72.34           -0.05            0.10
inaccuracy:  0.60000        0.65000           72.24           -0.04            0.09
inaccuracy:  0.65000        0.70000           71.79           -0.05            0.07
inaccuracy:  0.70000        0.75000           72.75           -0.04            0.07
inaccuracy:  0.75000        0.80000           73.94           -0.05            0.07
inaccuracy:  0.80000        0.85000           72.27           -0.04            0.07
inaccuracy:  0.85000        0.90000           71.96           -0.04            0.07
inaccuracy:  0.90000        0.95000           71.50           -0.05            0.07
inaccuracy:  0.95000        1.00000           71.72           -0.04            0.07
===================================================================================================================================
                BAR        
-----------------------------------------------------------------------------------------------------------------------------------
BAR-estimator:         λ             λ+δλ          ΔΔA             ΔA            C               Δδe            δe       
                          
-----------------------------------------------------------------------------------------------------------------------------------
BAR-estimator:      0.00000        0.05000        1.2250         1.2250         1.2250         0.0111         0.0111 
BAR-estimator:      0.05000        0.10000        0.6527         1.8777         0.6527         0.0103         0.0151 
BAR-estimator:      0.10000        0.15000        0.3033         2.1810         0.3033         0.0064         0.0164 
BAR-estimator:      0.15000        0.20000        0.1661         2.3471         0.1661         0.0050         0.0172 
BAR-estimator:      0.20000        0.25000        0.0810         2.4282         0.0810         0.0056         0.0181 
BAR-estimator:      0.25000        0.30000        0.0327         2.4609         0.0327         0.0046         0.0186 
BAR-estimator:      0.30000        0.35000        0.0038         2.4647         0.0038         0.0038         0.0190 
BAR-estimator:      0.35000        0.40000       -0.0288         2.4359        -0.0288         0.0033         0.0193 
BAR-estimator:      0.40000        0.45000       -0.0362         2.3997        -0.0362         0.0031         0.0196 
BAR-estimator:      0.45000        0.50000       -0.0549         2.3448        -0.0549         0.0032         0.0198 
BAR-estimator:      0.50000        0.55000       -0.0942         2.2507        -0.0942         0.0032         0.0201 
BAR-estimator:      0.55000        0.60000       -0.1959         2.0548        -0.1959         0.0034         0.0204 
BAR-estimator:      0.60000        0.65000       -0.2810         1.7737        -0.2810         0.0038         0.0207 
BAR-estimator:      0.65000        0.70000       -0.3578         1.4160        -0.3578         0.0033         0.0210 
BAR-estimator:      0.70000        0.75000       -0.4106         1.0054        -0.4106         0.0029         0.0212 
BAR-estimator:      0.75000        0.80000       -0.4620         0.5434        -0.4620         0.0039         0.0215 
BAR-estimator:      0.80000        0.85000       -0.4783         0.0651        -0.4783         0.0034         0.0218 
BAR-estimator:      0.85000        0.90000       -0.4950        -0.4299        -0.4950         0.0034         0.0221 
BAR-estimator:      0.90000        0.95000       -0.4872        -0.9171        -0.4872         0.0037         0.0224 
BAR-estimator:      0.95000        1.00000       -0.4952        -1.4123        -0.4952         0.0037         0.0227 
BAR-estimator: total free energy change is -1.4123074949980545 , total error is 0.022681106748977217
