#========================================================================================
#                     Free energy perturbation    
#----------------------------------------------------------------------------------------
#forward/backward          λ              ΔΔA                 ΔA                  δε   
#                                                 
#----------------------------------------------------------------------------------------
forward:               0.0000              0.0000              0.0000              0.0000  
forward:               0.0500              1.2120              1.2120              0.0152  
forward:               0.1000              0.6651              1.8771              0.0200  
forward:               0.1500              0.3353              2.2124              0.0211  
forward:               0.2000              0.1719              2.3843              0.0221  
forward:               0.2500              0.0949              2.4791              0.0228  
forward:               0.3000              0.0359              2.5150              0.0235  
forward:               0.3500              0.0035              2.5185              0.0239  
forward:               0.4000             -0.0213              2.4972              0.0242  
forward:               0.4500             -0.0402              2.4571              0.0246  
forward:               0.5000             -0.0564              2.4007              0.0249  
forward:               0.5500             -0.0976              2.3031              0.0252  
forward:               0.6000             -0.1969              2.1061              0.0255  
forward:               0.6500             -0.2881              1.8180              0.0258  
forward:               0.7000             -0.3605              1.4575              0.0262  
forward:               0.7500             -0.4358              1.0217              0.0265  
forward:               0.8000             -0.4646              0.5571              0.0268  
forward:               0.8500             -0.4910              0.0661              0.0272  
forward:               0.9000             -0.4961             -0.4300              0.0274  
forward:               0.9500             -0.5070             -0.9370              0.0277  
forward:               1.0000             -0.4994             -1.4364              0.0279  
backward:              1.0000              0.0000             -1.4364              0.0000  
backward:              0.9500              0.4876             -0.9488              0.0135  
backward:              0.9000              0.5028             -0.4461              0.0144  
backward:              0.8500              0.5043              0.0583              0.0151  
backward:              0.8000              0.4887              0.5469              0.0158  
backward:              0.7500              0.4661              1.0131              0.0184  
backward:              0.7000              0.4290              1.4421              0.0191  
backward:              0.6500              0.3614              1.8035              0.0197  
backward:              0.6000              0.2809              2.0844              0.0204  
backward:              0.5500              0.1918              2.2762              0.0213  
backward:              0.5000              0.0935              2.3697              0.0219  
backward:              0.4500              0.0500              2.4197              0.0228  
backward:              0.4000              0.0405              2.4602              0.0234  
backward:              0.3500              0.0200              2.4802              0.0240  
backward:              0.3000             -0.0056              2.4746              0.0246  
backward:              0.2500             -0.0507              2.4239              0.0257  
backward:              0.2000             -0.0933              2.3307              0.0266  
backward:              0.1500             -0.1738              2.1568              0.0283  
backward:              0.1000             -0.3442              1.8126              0.0324  
backward:              0.0500             -0.6205              1.1921              0.0366  
backward:              0.0000             -1.2039             -0.0117              0.0467  
Inaccuracy estimation
======================================================================================================
                   i        i+δi          P0_overlap_P1   δε(forward)/ε   δε(backward)/ε
======================================================================================================
inaccuracy:  0.00000        0.05000           42.82           -0.04            1.09
inaccuracy:  0.05000        0.10000           50.32           -0.03            0.82
inaccuracy:  0.10000        0.15000           60.98           -0.01            0.38
inaccuracy:  0.15000        0.20000           67.62           -0.01            0.23
inaccuracy:  0.20000        0.25000           71.28           -0.01            0.16
inaccuracy:  0.25000        0.30000           74.01           -0.01            0.13
inaccuracy:  0.30000        0.35000           73.81           -0.01            0.11
inaccuracy:  0.35000        0.40000           75.39           -0.02            0.11
inaccuracy:  0.40000        0.45000           75.07           -0.01            0.10
inaccuracy:  0.45000        0.50000           75.94           -0.01            0.09
inaccuracy:  0.50000        0.55000           72.59           -0.04            0.11
inaccuracy:  0.55000        0.60000           72.82           -0.04            0.09
inaccuracy:  0.60000        0.65000           72.90           -0.05            0.09
inaccuracy:  0.65000        0.70000           71.55           -0.05            0.08
inaccuracy:  0.70000        0.75000           72.42           -0.05            0.07
inaccuracy:  0.75000        0.80000           71.14           -0.05            0.07
inaccuracy:  0.80000        0.85000           72.97           -0.04            0.07
inaccuracy:  0.85000        0.90000           71.22           -0.05            0.07
inaccuracy:  0.90000        0.95000           71.77           -0.05            0.07
inaccuracy:  0.95000        1.00000           70.60           -0.05            0.08
===================================================================================================================================
                BAR        
-----------------------------------------------------------------------------------------------------------------------------------
BAR-estimator:         λ             λ+δλ          ΔΔA             ΔA            C               Δδe            δe       
                          
-----------------------------------------------------------------------------------------------------------------------------------
BAR-estimator:      0.00000        0.05000        1.2065         1.2065         1.2065         0.0081         0.0081 
BAR-estimator:      0.05000        0.10000        0.6668         1.8733         0.6668         0.0082         0.0115 
BAR-estimator:      0.10000        0.15000        0.3338         2.2072         0.3338         0.0060         0.0130 
BAR-estimator:      0.15000        0.20000        0.1721         2.3792         0.1721         0.0044         0.0137 
BAR-estimator:      0.20000        0.25000        0.0942         2.4734         0.0942         0.0038         0.0142 
BAR-estimator:      0.25000        0.30000        0.0397         2.5131         0.0397         0.0038         0.0147 
BAR-estimator:      0.30000        0.35000        0.0045         2.5176         0.0045         0.0032         0.0151 
BAR-estimator:      0.35000        0.40000       -0.0208         2.4968        -0.0208         0.0029         0.0154 
BAR-estimator:      0.40000        0.45000       -0.0419         2.4549        -0.0419         0.0030         0.0156 
BAR-estimator:      0.45000        0.50000       -0.0549         2.4000        -0.0549         0.0028         0.0159 
BAR-estimator:      0.50000        0.55000       -0.0957         2.3043        -0.0957         0.0029         0.0162 
BAR-estimator:      0.55000        0.60000       -0.1962         2.1081        -0.1962         0.0031         0.0165 
BAR-estimator:      0.60000        0.65000       -0.2855         1.8227        -0.2855         0.0034         0.0168 
BAR-estimator:      0.65000        0.70000       -0.3617         1.4609        -0.3617         0.0031         0.0171 
BAR-estimator:      0.70000        0.75000       -0.4319         1.0290        -0.4319         0.0030         0.0174 
BAR-estimator:      0.75000        0.80000       -0.4681         0.5609        -0.4681         0.0030         0.0176 
BAR-estimator:      0.80000        0.85000       -0.4884         0.0725        -0.4884         0.0032         0.0179 
BAR-estimator:      0.85000        0.90000       -0.4984        -0.4259        -0.4984         0.0031         0.0182 
BAR-estimator:      0.90000        0.95000       -0.5058        -0.9317        -0.5058         0.0033         0.0185 
BAR-estimator:      0.95000        1.00000       -0.5017        -1.4334        -0.5017         0.0032         0.0187 
BAR-estimator: total free energy change is -1.4333988440507277 , total error is 0.018740451463339643
