Charm++: standalone mode (not using charmrun)
Charm++> Running in Multicore mode: 12 threads (PEs)
Charm++> Using recursive bisection (scheme 3) for topology aware partitions
Converse/Charm++ Commit ID: 
CharmLB> Load balancer assumes all CPUs are same.
Charm++> Running on 1 hosts (2 sockets x 6 cores x 1 PUs = 12-way SMP)
Charm++> cpu topology info is gathered in 0.000 seconds.
Info: Built with CUDA version 11080
Pe 10 physical rank 10 will use CUDA device of pe 8
Did not find +devices i,j,k,... argument, using all
Pe 11 physical rank 11 will use CUDA device of pe 8
Pe 2 physical rank 2 will use CUDA device of pe 8
Pe 5 physical rank 5 will use CUDA device of pe 8
Pe 8 physical rank 8 binding to CUDA device 0 on k172: 'NVIDIA L40S'  Mem: 45709MB  Rev: 8.9  PCI: 0:ca:0
Pe 4 physical rank 4 will use CUDA device of pe 8
Pe 6 physical rank 6 will use CUDA device of pe 8
Pe 1 physical rank 1 will use CUDA device of pe 8
Pe 7 physical rank 7 will use CUDA device of pe 8
Pe 9 physical rank 9 will use CUDA device of pe 8
Pe 3 physical rank 3 will use CUDA device of pe 8
Pe 0 physical rank 0 will use CUDA device of pe 8
CharmLB> Load balancing instrumentation for communication is off.
Info: NAMD 3.0.1 for Linux-x86_64-multicore-CUDA
Info: 
Info: Please visit http://www.ks.uiuc.edu/Research/namd/
Info: for updates, documentation, and support information.
Info: 
Info: Please cite Phillips et al., J. Chem. Phys. 153:044130 (2020) doi:10.1063/5.0014475
Info: in all publications reporting results obtained with NAMD.
Info: 
Info: Based on Charm++/Converse 80000 for multicore-linux-x86_64-gcc
Info: Built Mon Oct 14 10:33:44 CDT 2024 by dhardy on athine.ks.uiuc.edu
Info: 1 NAMD  3.0.1  Linux-x86_64-multicore-CUDA  12    k172  z5382435
Info: Running on 12 processors, 1 nodes, 1 physical nodes.
Info: CPU topology information available.
Info: Charm++/Converse parallel runtime startup completed at 0.0886229 s
CkLoopLib is used in SMP with simple dynamic scheduling (converse-level notification)
Info: 0 MB of memory in use based on /proc/self/stat
Info: Configuration file is prod.namd
Info: Working in the current directory /srv/scratch/z5382435/.temp/5.0/4039055/0
TCL: Running FEP window   1: Lambda1 0.00   Lambda2 0.05   [dLambda 0.05  ]
TCL: Suspending until startup complete.
Warning: The following variables were set in the
Warning: configuration file but will be ignored:
Warning:    switchdist (switching)
Warning: Option "1-4scaling" has been deprecated. Instead use "oneFourScaling".
Info: EXTENDED SYSTEM FILE   mobley_4039055_equil.xsc
Info: Tuning parameters to improve GPU-resident performance
Warning: Keeping margin at user-specified value 2
Warning: Performance might be improved by increasing margin size to >= 4
Warning: Disabling lonepair support due to incompatability with GPU-resident.
Info: Running with GPU-resident mode
Warning: Always using force tables for GPU nonbonded kernel due to unsupported config parameters.
Info: SIMULATION PARAMETERS:
Info: TIMESTEP               2
Info: NUMBER OF STEPS        0
Info: STEPS PER CYCLE        10
Info: PERIODIC CELL BASIS 1  30.3691 0 0
Info: PERIODIC CELL BASIS 2  0 31.438 0
Info: PERIODIC CELL BASIS 3  0 0 32.1376
Info: PERIODIC CELL CENTER   0 0 0
Info: WRAPPING WATERS AROUND PERIODIC BOUNDARIES ON OUTPUT.
Info: WRAPPING ALL CLUSTERS AROUND PERIODIC BOUNDARIES ON OUTPUT.
Info: LOAD BALANCER  Centralized
Info: LOAD BALANCING STRATEGY  New Load Balancers -- DEFAULT
Info: LDB PERIOD             2000 steps
Info: FIRST LDB TIMESTEP     50
Info: LAST LDB TIMESTEP     -1
Info: LDB BACKGROUND SCALING 1
Info: HOM BACKGROUND SCALING 1
Info: PME BACKGROUND SCALING 1
Info: MIN ATOMS PER PATCH    40
Info: EMPTY PATCH LOAD       40 ATOMS
Info: VELOCITY FILE          mobley_4039055_equil.vel
Info: CENTER OF MASS MOVING INITIALLY? NO
Info: DIELECTRIC             1
Info: EXCLUDE                SCALED ONE-FOUR
Info: 1-4 ELECTROSTATICS SCALED BY 0.833333
Info: MODIFIED 1-4 VDW PARAMETERS WILL BE USED
Info: DCD FILENAME           mobley_4039055_prod.dcd
Info: DCD FREQUENCY          100000
Info: DCD FIRST STEP         100000
Info: DCD FILE WILL CONTAIN UNIT CELL DATA
Info: XST FILENAME           mobley_4039055_prod.xst
Info: XST FREQUENCY          100000
Info: NO VELOCITY DCD OUTPUT
Info: NO FORCE DCD OUTPUT
Info: OUTPUT FILENAME        mobley_4039055_prod
Info: BINARY OUTPUT FILES WILL BE USED
Info: RESTART FILENAME       mobley_4039055_prod.restart
Info: RESTART FREQUENCY      100000
Info: BINARY RESTART FILES WILL BE USED
Info: CUTOFF                 9
Info: PAIRLIST DISTANCE      11
Info: PAIRLIST SHRINK RATE   0.01
Info: PAIRLIST GROW RATE     0.01
Info: PAIRLIST TRIGGER       0.3
Info: PAIRLISTS PER CYCLE    2
Info: PAIRLISTS ENABLED
Info: MARGIN                 2
Info: HYDROGEN GROUP CUTOFF  2.5
Info: PATCH DIMENSION        15.5
Info: ENERGY OUTPUT STEPS    100000
Warning: The period of outputting energies relating to alchemical transformations (alchOutFreq = 50) is not a multiple of the period of computing energies (computeEnergies = 100000). If alchOutFreq is smaller than outputEnergies and computeEnergies is not defined, a better solution is to set computeEnergies explicitly and keep it the same as alchOutFreq. The simulation will use the greatest common divisor of computeEnergies and alchOutFreq as the period of energy evaluation.
Info: ENERGY EVALUATION STEPS    100000
Info: OUTPUT ENERGY PRECISION 4
Info: CROSSTERM ENERGY INCLUDED IN DIHEDRAL
Info: TIMING OUTPUT STEPS    1000000
Info: PRESSURE OUTPUT STEPS  100000
Info: ALCHEMICAL FEP ON
Info: FEP CURRENT LAMBDA VALUE     0
Info: FEP COMPARISON LAMBDA VALUE  0.05
Info: FEP INTRA-ALCHEMICAL NON-BONDED INTERACTIONS WILL BE RETAINED
Info: FEP INTRA-ALCHEMICAL BONDED INTERACTIONS WILL BE RETAINED
Info: FEP VDW SHIFTING COEFFICIENT 5
Info: FEP ELEC. ACTIVE FOR ANNIHILATED PARTICLES BETWEEN LAMBDA = 0 AND LAMBDA = 0.5
Info: FEP ELEC. ACTIVE FOR EXNIHILATED PARTICLES BETWEEN LAMBDA = 0.5 AND LAMBDA = 1
Info: FEP VDW ACTIVE FOR ANNIHILATED PARTICLES BETWEEN LAMBDA = 0 AND LAMBDA = 1
Info: FEP VDW ACTIVE FOR EXNIHILATED PARTICLES BETWEEN LAMBDA = 0 AND LAMBDA = 1
Info: FEP BOND ACTIVE FOR ANNIHILATED PARTICLES BETWEEN LAMBDA = 1 AND LAMBDA = 1
Info: FEP BOND ACTIVE FOR EXNIHILATED PARTICLES BETWEEN LAMBDA = 0 AND LAMBDA = 0
Info: LANGEVIN DYNAMICS ACTIVE
Info: LANGEVIN TEMPERATURE   300
Info: LANGEVIN USING BBK INTEGRATOR
Info: LANGEVIN DAMPING COEFFICIENT IS 1 INVERSE PS
Info: LANGEVIN DYNAMICS APPLIED TO HYDROGENS
Info: LANGEVIN PISTON PRESSURE CONTROL ACTIVE
Info:        TARGET PRESSURE IS 1.01325 BAR
Info:     OSCILLATION PERIOD IS 50 FS
Info:             DECAY TIME IS 25 FS
Info:     PISTON TEMPERATURE IS 300 K
Info:       PRESSURE CONTROL IS GROUP-BASED
Info:    INITIAL STRAIN RATE IS 0.000227057 0.000227057 0.000227057
Info:       CELL FLUCTUATION IS ISOTROPIC
Info: PARTICLE MESH EWALD (PME) ACTIVE
Info: PME TOLERANCE               1e-06
Info: PME EWALD COEFFICIENT       0.348832
Info: PME INTERPOLATION ORDER     4
Info: PME GRID DIMENSIONS         32 32 36
Info: PME MAXIMUM GRID SPACING    1
Info: PME CALCULATION WILL BE PERFORMED ON GPU
Info: FULL ELECTROSTATIC EVALUATION FREQUENCY      2
Info: USING VERLET I (r-RESPA) MTS SCHEME.
Info: C1 SPLITTING OF LONG RANGE ELECTROSTATICS
Info: PLACING ATOMS IN PATCHES BY HYDROGEN GROUPS
Info: RIGID BONDS TO HYDROGEN : ALL
Info:         ERROR TOLERANCE : 1e-08
Info:          MAX ITERATIONS : 100
Info: RIGID WATER USING SETTLE ALGORITHM
Info: RANDOM NUMBER SEED     1742783881
Info: USE HYDROGEN BONDS?    NO
Info: Using AMBER format force field!
Info: AMBER PARM FILE        mobley_4039055.prmtop
Info: COORDINATE PDB         mobley_4039055.pdb
Info: Exclusions will be read from PARM file!
Info: SCNB (VDW SCALING)     2
Info: USING ARITHMETIC MEAN TO COMBINE L-J SIGMA PARAMETERS
Info: BINARY COORDINATES     mobley_4039055_equil.coor
Info: === Start reading AMBER parm7 format file mobley_4039055.prmtop ===
Info: Complete reading ATOM_NAME with 2964 fields.
Info: Complete reading CHARGE with 2964 fields.
Info: Complete reading ATOMIC_NUMBER with 2964 fields.
Info: Complete reading MASS with 2964 fields.
Info: Complete reading ATOM_TYPE_INDEX with 2964 fields.
Info: Complete reading NUMBER_EXCLUDED_ATOMS with 2964 fields.
Info: Complete reading NONBONDED_PARM_INDEX with 64 fields.
Info: Complete reading RESIDUE_LABEL with 985 fields.
Info: Complete reading RESIDUE_POINTER with 985 fields.
Info: Complete reading BOND_FORCE_CONSTANT with 10 fields.
Info: Complete reading BOND_EQUIL_VALUE with 10 fields.
Info: Complete reading ANGLE_FORCE_CONSTANT with 14 fields.
Info: Complete reading ANGLE_EQUIL_VALUE with 14 fields.
Info: Complete reading DIHEDRAL_FORCE_CONSTANT with 7 fields.
Info: Complete reading DIHEDRAL_PERIODICITY with 7 fields.
Info: Complete reading DIHEDRAL_PHASE with 7 fields.
Info: Complete reading SCEE_SCALE_FACTOR with 7 fields.
Info: Complete reading SCNB_SCALE_FACTOR with 7 fields.
Info: Complete reading LENNARD_JONES_ACOEF with 36 fields.
Info: Complete reading LENNARD_JONES_BCOEF with 36 fields.
Info: Complete reading BONDS_INC_HYDROGEN with 8865 fields.
Info: Complete reading BONDS_WITHOUT_HYDROGEN with 27 fields.
Info: Complete reading ANGLES_INC_HYDROGEN with 24 fields.
Info: Complete reading ANGLES_WITHOUT_HYDROGEN with 48 fields.
Info: Complete reading DIHEDRALS_INC_HYDROGEN with 80 fields.
Info: Complete reading DIHEDRALS_WITHOUT_HYDROGEN with 75 fields.
Info: Complete reading EXCLUDED_ATOMS_LIST with 3989 fields.
Info: Complete reading HBOND_ACOEF with 0 fields.
Info: Complete reading HBOND_BCOEF with 0 fields.
Info: Complete reading AMBER_ATOM_TYPE with 2964 fields.
Info: Complete reading TREE_CHAIN_CLASSIFICATION with 2964 fields.
Info: Complete reading ATOMS_PER_MOLECULE with 985 fields.
Info: Complete reading BOX_DIMENSIONS with 4 fields.
Info: Complete reading RADIUS_SET with 1 fields.
Info: Complete reading RADII with 2964 fields.
Info: Complete reading SCREEN with 2964 fields.
Info: === Finish reading AMBER parm7 format file. ===
Warning: Found 984 H-H bonds.
Info: SUMMARY OF PARAMETERS:
Info: 10 BONDS
Info: 14 ANGLES
Info:   14 HARMONIC
Info:   0 COSINE-BASED
Info: 7 DIHEDRAL
Info: 0 IMPROPER
Info: 0 CROSSTERM
Info: 0 VDW
Info: 36 VDW_PAIRS
Info: 0 NBTHOLE_PAIRS
Info: Reading pdb file mobley_4039055.pdb
Info: TIME FOR READING PDB FILE: 0.0326469
Info: 
Info: To read alchdata from file: mobley_4039055.pdb
Info: To read alchflag data from column: 5
Info: ****************************
Info: STRUCTURE SUMMARY:
Info: 2964 ATOMS
Info: 2964 BONDS
Info: 18 ANGLES
Info: 31 DIHEDRALS
Info: 0 IMPROPERS
Info: 0 CROSSTERMS
Info: 3003 EXCLUSIONS
Info: 2955 RIGID BONDS
Info: ALCH: 0 ATOMS TO DISAPPEAR IN FINAL STATE
Info: ALCH: 12 ATOMS TO APPEAR IN FINAL STATE
Info: 5937 DEGREES OF FREEDOM
Info: 993 HYDROGEN GROUPS
Info: 3 ATOMS IN LARGEST HYDROGEN GROUP
Info: 993 MIGRATION GROUPS
Info: 3 ATOMS IN LARGEST MIGRATION GROUP
Info: TOTAL MASS = 17918.7 amu
Info: TOTAL CHARGE = 4.19095e-08 e
Info: MASS DENSITY = 0.969763 g/cm^3
Info: ATOM DENSITY = 0.0966 atoms/A^3
Info: *****************************
Info: Reading from binary file mobley_4039055_equil.coor
Info: 
Info: Entering startup at 0.25534 s, 0 MB of memory in use
Info: Startup phase 0 took 7.3111e-05 s, 0 MB of memory in use
Info: ADDED 0 IMPLICIT EXCLUSIONS
Info: Startup phase 1 took 0.0010808 s, 0 MB of memory in use
Info: NONBONDED TABLE R-SQUARED SPACING: 0.0625
Info: NONBONDED TABLE SIZE: 705 POINTS
Info: INCONSISTENCY IN FAST TABLE ENERGY VS FORCE: 0.000290481 AT 0.251946
Info: INCONSISTENCY IN SCOR TABLE ENERGY VS FORCE: 0.000238233 AT 8.9687
Info: ABSOLUTE IMPRECISION IN VDWA TABLE ENERGY: 1.21169e-27 AT 8.99653
Info: ABSOLUTE IMPRECISION IN VDWA TABLE FORCE: 2.57484e-27 AT 8.99653
Info: INCONSISTENCY IN VDWA TABLE ENERGY VS FORCE: 0.0040507 AT 0.251946
Info: INCONSISTENCY IN VDWB TABLE ENERGY VS FORCE: 0.00150189 AT 0.251946
Info: Startup phase 2 took 0.000192273 s, 0 MB of memory in use
Info: Startup phase 3 took 6.2196e-05 s, 0 MB of memory in use
Info: Startup phase 4 took 9.8716e-05 s, 0 MB of memory in use
Info: Startup phase 5 took 5.5872e-05 s, 0 MB of memory in use
Info: PATCH GRID IS 3 (PERIODIC) BY 2 (PERIODIC) BY 2 (PERIODIC)
Info: PATCH GRID IS 2-AWAY BY 1-AWAY BY 1-AWAY
Info: Reading from binary file mobley_4039055_equil.vel
Info: REMOVING COM VELOCITY -0.079112 0.0829097 -0.07326
Info: LARGEST PATCH (2) HAS 273 ATOMS
Info: TORUS A SIZE 1 USING 0
Info: TORUS B SIZE 1 USING 0
Info: TORUS C SIZE 1 USING 0
Info: TORUS MINIMAL MESH SIZE IS 1 BY 1 BY 1
Info: Placed 100% of base nodes on same physical node as patch
Info: Startup phase 6 took 0.00770861 s, 0 MB of memory in use
Info: Use 3D box decompostion in PME FFT.
Info: PME using 1 x 1 x 1 pencil grid for FFT and reciprocal sum.
Info: Startup phase 7 took 0.000225379 s, 0 MB of memory in use
Info: Updated CUDA force table with 4096 elements.
Info: Updated CUDA LJ table with 8 x 8 elements.
Info: Startup phase 8 took 0.00061265 s, 0 MB of memory in use
Info: Startup phase 9 took 6.1728e-05 s, 0 MB of memory in use
Info: Startup phase 10 took 5.9395e-05 s, 0 MB of memory in use
Info: Startup phase 11 took 0.00139182 s, 0 MB of memory in use
LDB: Central LB being created...
Info: Startup phase 12 took 0.00377543 s, 0 MB of memory in use
Info: CREATING 456 COMPUTE OBJECTS
Info: Found 14 unique exclusion lists needing 24 bytes
Info: useSync: 0 useProxySync: 0
Info: Startup phase 13 took 0.012666 s, 0 MB of memory in use
Info: Startup phase 14 took 6.5883e-05 s, 0 MB of memory in use
Info: Startup phase 15 took 6.0001e-05 s, 0 MB of memory in use
Info: Finished startup at 0.28353 s, 0 MB of memory in use

TCL: Running for 2500000 steps
FEP: RESETTING FOR NEW FEP WINDOW LAMBDA SET TO 0 LAMBDA2 0.05
FEP: WINDOW TO HAVE 100000 STEPS OF EQUILIBRATION PRIOR TO FEP DATA COLLECTION.
FEP: USING CONSTANT TEMPERATURE OF 300 K FOR FEP CALCULATION
PRESSURE: 0 -497.276 280.504 -159.453 280.506 -968.616 272.537 -159.454 272.539 -583.814
GPRESSURE: 0 -419.979 209.831 -176.178 462.178 -924.249 398.806 -295.516 202.877 -440.94
ETITLE:      TS           BOND          ANGLE          DIHED          IMPRP               ELECT            VDW       BOUNDARY           MISC        KINETIC               TOTAL           TEMP      POTENTIAL       TOTALAVG        TEMPAVG            PRESSURE      GPRESSURE         VOLUME       PRESSAVG      GPRESSAVG
FEPTITLE:    TS          BOND2         ELECT2           VDW2

ENERGY:       0         2.8953         3.0878        12.9891         0.0000         -10875.8072      1383.4103         0.0000         0.0000      1810.0220          -7663.4028       306.8366     -9473.4247     -7663.4028       306.8366           -683.2353      -595.0560     30683.2255      -683.2353      -595.0560
FEP:          0        18.9722    -10875.8072      1382.9159

OPENING FEP ENERGY OUTPUT FILE
OPENING EXTENDED SYSTEM TRAJECTORY FILE
Info: Initial time: 12 CPUs 0.000590228 s/step 292.768 ns/day 0 MB memory
Info: Initial time: 12 CPUs 0.000310073 s/step 557.288 ns/day 0 MB memory
Info: Initial time: 12 CPUs 0.000315634 s/step 547.469 ns/day 0 MB memory
Info: Benchmark time: 12 CPUs 0.000310224 s/step 557.018 ns/day 0 MB memory
Info: Benchmark time: 12 CPUs 0.000308309 s/step 560.476 ns/day 0 MB memory
Info: Benchmark time: 12 CPUs 0.000310825 s/step 555.939 ns/day 0 MB memory
Info: Benchmark time: 12 CPUs 0.00030539 s/step 565.835 ns/day 0 MB memory
Info: Benchmark time: 12 CPUs 0.000311716 s/step 554.351 ns/day 0 MB memory
Info: Benchmark time: 12 CPUs 0.000315305 s/step 548.04 ns/day 0 MB memory
PRESSURE: 100000 983.11 778.378 -437.507 778.375 1071.21 -241.474 -437.506 -241.475 68.4659
GPRESSURE: 100000 1046.65 1000.89 -474.019 333.169 1046.54 -465.721 -454.921 -294.758 134.695
PRESSAVG: 100000 242.917 529.441 -298.48 529.441 51.298 15.5322 -298.48 15.5322 -257.674
GPRESSAVG: 100000 313.335 605.361 -325.099 397.673 61.1473 -33.4574 -375.218 -45.9407 -153.123
ENERGY:  100000         4.0902         3.0790        16.1308         0.0000         -10919.1843      1519.2615         0.0000         0.0000      1760.8889          -7615.7340       298.5075     -9376.6229     -7639.5684       302.6721            707.5959       742.6293     30330.8144        12.1803        73.7866
FEP:     100000        23.2999    -10919.1843      1520.6776

WRITING EXTENDED SYSTEM TO RESTART FILE AT STEP 100000
OPENING COORDINATE DCD FILE
WRITING COORDINATES TO DCD FILE mobley_4039055_prod.dcd AT STEP 100000
WRITING COORDINATES TO RESTART FILE AT STEP 100000
FINISHED WRITING RESTART COORDINATES
The last position output (seq=100000) takes 0.011 seconds, 0.000 MB of memory in use
WRITING VELOCITIES TO RESTART FILE AT STEP 100000
FINISHED WRITING RESTART VELOCITIES
The last velocity output (seq=100000) takes 0.007 seconds, 0.000 MB of memory in use
PRESSURE: 200000 955.178 -212.235 -496.844 -212.236 1070.35 381.897 -496.845 381.893 171.035
GPRESSURE: 200000 1171.06 -111.052 -183.873 -383.262 1147.52 294.88 -586.075 532.847 -12.0666
PRESSAVG: 200000 480.337 282.215 -364.602 282.215 390.98 137.653 -364.602 137.653 -114.771
GPRESSAVG: 200000 599.244 366.557 -278.024 137.362 423.271 75.9886 -445.504 146.988 -106.104
ENERGY:  200000         5.8576         3.6905        17.9101         0.0000         -10843.8933      1478.3233         0.0000         0.0000      1778.4320          -7559.6798       301.4814     -9338.1118     -7612.9388       302.2752            732.1859       768.8378     30150.2766       252.1822       305.4703
FEP:     200000        27.4582    -10843.8933      1482.6908

WRITING EXTENDED SYSTEM TO RESTART FILE AT STEP 200000
WRITING COORDINATES TO DCD FILE mobley_4039055_prod.dcd AT STEP 200000
WRITING COORDINATES TO RESTART FILE AT STEP 200000
FINISHED WRITING RESTART COORDINATES
The last position output (seq=200000) takes 0.015 seconds, 0.000 MB of memory in use
WRITING VELOCITIES TO RESTART FILE AT STEP 200000
FINISHED WRITING RESTART VELOCITIES
The last velocity output (seq=200000) takes 0.013 seconds, 0.000 MB of memory in use
PRESSURE: 300000 494.425 574.188 128.349 574.192 -163.321 -599.641 128.351 -599.644 -516.612
GPRESSURE: 300000 518.647 754.583 242.291 522.769 -200.988 -482.838 -18.495 -662.752 -228.559
PRESSAVG: 300000 483.859 355.21 -241.364 355.21 252.405 -46.6715 -241.364 -46.6715 -215.231
GPRESSAVG: 300000 579.095 463.563 -147.945 233.713 267.206 -63.7182 -338.752 -55.4467 -136.718
ENERGY:  300000         6.1038         7.4474        15.0544         0.0000         -10981.2155      1463.0447         0.0000         0.0000      1782.8854          -7706.6798       302.2364     -9489.5651     -7636.3741       302.2655            -61.8360        29.7000     30226.8276       173.6776       236.5277
FEP:     300000        28.6056    -10981.2155      1466.4133

WRITING EXTENDED SYSTEM TO RESTART FILE AT STEP 300000
WRITING COORDINATES TO DCD FILE mobley_4039055_prod.dcd AT STEP 300000
WRITING COORDINATES TO RESTART FILE AT STEP 300000
FINISHED WRITING RESTART COORDINATES
The last position output (seq=300000) takes 0.024 seconds, 0.000 MB of memory in use
WRITING VELOCITIES TO RESTART FILE AT STEP 300000
FINISHED WRITING RESTART VELOCITIES
The last velocity output (seq=300000) takes 0.018 seconds, 0.000 MB of memory in use
PRESSURE: 400000 -263.054 323.134 -142.28 323.136 -620.531 -364.637 -142.279 -364.635 -1268.91
GPRESSURE: 400000 -386.621 202.749 -33.9061 425.697 -551.576 -341.488 -561.241 -193.483 -1129.01
PRESSAVG: 400000 334.477 348.795 -221.547 348.795 77.8179 -110.264 -221.547 -110.264 -425.966
GPRESSAVG: 400000 385.951 411.401 -125.137 272.11 103.45 -119.272 -383.25 -83.054 -335.177
ENERGY:  400000         8.7150         8.0219        14.6047         0.0000         -10844.8981      1350.9177         0.0000         0.0000      1809.8578          -7652.7810       306.8088     -9462.6388     -7639.6554       303.1742           -717.4970      -689.0705     30607.0043        -4.5573        51.4081
FEP:     400000        31.3416    -10844.8981      1351.5768

WRITING EXTENDED SYSTEM TO RESTART FILE AT STEP 400000
WRITING COORDINATES TO DCD FILE mobley_4039055_prod.dcd AT STEP 400000
WRITING COORDINATES TO RESTART FILE AT STEP 400000
FINISHED WRITING RESTART COORDINATES
The last position output (seq=400000) takes 0.019 seconds, 0.000 MB of memory in use
WRITING VELOCITIES TO RESTART FILE AT STEP 400000
FINISHED WRITING RESTART VELOCITIES
The last velocity output (seq=400000) takes 0.025 seconds, 0.000 MB of memory in use
PRESSURE: 500000 -367.056 -404.435 -279.85 -404.437 165.595 -287.946 -279.845 -287.944 217.421
GPRESSURE: 500000 -435.992 -42.9796 -564.077 -390.803 211.083 -237.338 -233.563 -67.1544 206.736
PRESSAVG: 500000 217.554 223.256 -231.263 223.256 92.4474 -139.878 -231.263 -139.878 -318.735
GPRESSAVG: 500000 248.961 335.671 -198.294 161.625 121.389 -138.95 -358.302 -80.4041 -244.858
ENERGY:  500000         6.1285         6.6258        13.2352         0.0000         -10868.4319      1409.4047         0.0000         0.0000      1779.7723          -7653.2654       301.7087     -9433.0377     -7641.9238       302.9299              5.3202        -6.0575     30121.3875        -2.9111        41.8305
FEP:     500000        25.9895    -10868.4319      1415.8116

WRITING EXTENDED SYSTEM TO RESTART FILE AT STEP 500000
WRITING COORDINATES TO DCD FILE mobley_4039055_prod.dcd AT STEP 500000
WRITING COORDINATES TO RESTART FILE AT STEP 500000
FINISHED WRITING RESTART COORDINATES
The last position output (seq=500000) takes 0.024 seconds, 0.000 MB of memory in use
WRITING VELOCITIES TO RESTART FILE AT STEP 500000
FINISHED WRITING RESTART VELOCITIES
The last velocity output (seq=500000) takes 0.024 seconds, 0.000 MB of memory in use
PRESSURE: 600000 76.1912 -347.989 142.193 -347.989 826.099 267.604 142.188 267.603 427.18
GPRESSURE: 600000 218.652 -274.379 -115.609 -388.695 926.874 325.026 175.218 151.913 486.739
PRESSAVG: 600000 197.36 141.65 -177.913 141.65 197.255 -81.6662 -177.913 -81.6662 -212.176
GPRESSAVG: 600000 244.631 248.521 -186.482 83.0076 236.458 -72.6675 -282.085 -47.2159 -140.344
ENERGY:  600000         8.2837         7.7113        13.4767         0.0000         -10919.9746      1493.1136         0.0000         0.0000      1756.0386          -7641.3506       297.6853     -9397.3892     -7641.8419       302.1807            443.1570       544.0884     30654.3505        60.8130       113.5816
FEP:     600000        29.4717    -10919.9746      1495.8268

WRITING EXTENDED SYSTEM TO RESTART FILE AT STEP 600000
WRITING COORDINATES TO DCD FILE mobley_4039055_prod.dcd AT STEP 600000
WRITING COORDINATES TO RESTART FILE AT STEP 600000
FINISHED WRITING RESTART COORDINATES
The last position output (seq=600000) takes 0.028 seconds, 0.000 MB of memory in use
WRITING VELOCITIES TO RESTART FILE AT STEP 600000
FINISHED WRITING RESTART VELOCITIES
PRESSURE: 700000 -14.1724 -380.899 175.518 -380.895 1082.37 -509.56 175.522 -509.56 -114.779
GPRESSURE: 700000 118.28 -661.533 -392.342 -540.155 1076 -509.443 708.853 -481.695 -72.6572
PRESSAVG: 700000 170.918 76.3317 -133.733 76.3317 307.894 -135.153 -133.733 -135.153 -200.001
GPRESSAVG: 700000 228.837 134.764 -212.214 5.11222 341.401 -127.264 -158.217 -101.526 -131.883
ENERGY:  700000         4.9787         5.9044        13.6975         0.0000         -10882.8897      1474.2417         0.0000         0.0000      1805.5293          -7578.5380       306.0750     -9384.0673     -7633.9289       302.6675            317.8063       373.8752     30387.6680        92.9371       146.1183
FEP:     700000        24.5807    -10882.8897      1475.9280

WRITING EXTENDED SYSTEM TO RESTART FILE AT STEP 700000
WRITING COORDINATES TO DCD FILE mobley_4039055_prod.dcd AT STEP 700000
WRITING COORDINATES TO RESTART FILE AT STEP 700000
FINISHED WRITING RESTART COORDINATES
The last position output (seq=700000) takes 0.023 seconds, 0.000 MB of memory in use
WRITING VELOCITIES TO RESTART FILE AT STEP 700000
FINISHED WRITING RESTART VELOCITIES
PRESSURE: 800000 116.786 -233.106 143.788 -233.111 94.6927 124.281 143.79 124.279 980.585
GPRESSURE: 800000 290.106 -147.342 239.696 -107.866 131.582 -121.675 366.453 467.768 880.347
PRESSAVG: 800000 164.903 41.9492 -102.897 41.9492 284.205 -106.327 -102.897 -106.327 -68.8249
GPRESSAVG: 800000 235.645 103.419 -162.002 -7.44089 318.088 -126.643 -99.9208 -38.2709 -19.4134
ENERGY:  800000         4.1155         5.1260        16.4745         0.0000         -10943.1015      1495.9372         0.0000         0.0000      1816.3271          -7605.1212       307.9055     -9421.4484     -7630.7281       303.2495            397.3544       434.0116     30287.0916       126.7613       178.1065
FEP:     800000        25.7159    -10943.1015      1499.7574

WRITING EXTENDED SYSTEM TO RESTART FILE AT STEP 800000
WRITING COORDINATES TO DCD FILE mobley_4039055_prod.dcd AT STEP 800000
WRITING COORDINATES TO RESTART FILE AT STEP 800000
FINISHED WRITING RESTART COORDINATES
The last position output (seq=800000) takes 0.025 seconds, 0.000 MB of memory in use
WRITING VELOCITIES TO RESTART FILE AT STEP 800000
FINISHED WRITING RESTART VELOCITIES
PRESSURE: 900000 408.779 -491.173 -343.472 -491.176 877.633 116.135 -343.471 116.134 -526.45
GPRESSURE: 900000 288.974 -632.836 -150.563 -503.056 846.657 -153.872 -305.048 423.038 -417.821
PRESSAVG: 900000 189.291 -11.3634 -126.955 -11.3634 343.548 -84.081 -126.955 -84.081 -114.587
GPRESSAVG: 900000 240.978 29.7933 -160.858 -57.0024 370.945 -129.366 -120.433 7.85995 -59.2542
ENERGY:  900000         4.8804         2.1803        13.8186         0.0000         -10902.5964      1456.8732         0.0000         0.0000      1804.6515          -7620.1925       305.9262     -9424.8439     -7629.6745       303.5171            253.3209       239.2700     30282.6640       139.4172       184.2228
FEP:     900000        20.8793    -10902.5964      1460.5337

WRITING EXTENDED SYSTEM TO RESTART FILE AT STEP 900000
WRITING COORDINATES TO DCD FILE mobley_4039055_prod.dcd AT STEP 900000
WRITING COORDINATES TO RESTART FILE AT STEP 900000
FINISHED WRITING RESTART COORDINATES
The last position output (seq=900000) takes 0.026 seconds, 0.000 MB of memory in use
WRITING VELOCITIES TO RESTART FILE AT STEP 900000
FINISHED WRITING RESTART VELOCITIES
PRESSURE: 1000000 440.804 323.108 -514.291 323.104 1141.57 -34.837 -514.287 -34.8384 139.782
GPRESSURE: 1000000 476.573 465.455 -369.975 -205.819 1161.25 143.751 -661.54 -457.051 313.929
PRESSAVG: 1000000 212.156 19.0428 -162.167 19.0428 416.095 -79.6044 -162.167 -79.6044 -91.463
GPRESSAVG: 1000000 262.395 69.399 -179.869 -70.5312 442.791 -104.537 -169.625 -34.4047 -25.3284
TIMING: 1000000  CPU: 312.407, 0.000312219/step  Wall: 313.843, 0.000313821/step, 550.632 ns/days, 0.130759 hours remaining, 0.000000 MB of memory in use.
PERFORMANCE: 1000000  averaging 550.632 ns/day, 0.000313821 sec/step with standard deviation 0
ETITLE:      TS           BOND          ANGLE          DIHED          IMPRP               ELECT            VDW       BOUNDARY           MISC        KINETIC               TOTAL           TEMP      POTENTIAL       TOTALAVG        TEMPAVG            PRESSURE      GPRESSURE         VOLUME       PRESSAVG      GPRESSAVG
FEPTITLE:    TS          BOND2         ELECT2           VDW2

ENERGY: 1000000         3.3025         1.9149        14.6859         0.0000         -11005.1160      1502.6338         0.0000         0.0000      1777.7189          -7704.8601       301.3606     -9482.5789     -7636.5095       303.3211            574.0512       650.5848     30010.5581       178.9294       226.6194
FEP:    1000000        19.9032    -11005.1160      1506.9703

WRITING EXTENDED SYSTEM TO RESTART FILE AT STEP 1000000
WRITING COORDINATES TO DCD FILE mobley_4039055_prod.dcd AT STEP 1000000
WRITING COORDINATES TO RESTART FILE AT STEP 1000000
FINISHED WRITING RESTART COORDINATES
The last position output (seq=1000000) takes 0.024 seconds, 0.000 MB of memory in use
WRITING VELOCITIES TO RESTART FILE AT STEP 1000000
FINISHED WRITING RESTART VELOCITIES
PRESSURE: 1100000 1253.94 418.326 27.0377 418.327 466.79 -541.657 27.0398 -541.654 401.351
GPRESSURE: 1100000 1316.84 164.804 176.094 555.137 408.548 -329.132 -124.13 -785.036 630.879
PRESSAVG: 1100000 298.971 52.3164 -146.4 52.3164 420.32 -118.109 -146.4 -118.109 -50.3951
GPRESSAVG: 1100000 350.266 77.3494 -150.205 -18.3922 439.937 -123.254 -165.834 -96.9573 29.3555
ENERGY: 1100000         3.4033         6.7413        13.6298         0.0000         -10927.4194      1497.1557         0.0000         0.0000      1802.1048          -7604.3845       305.4945     -9406.4893     -7633.8325       303.5022            707.3598       785.4226     29818.7779       222.9653       273.1863
FEP:    1100000        23.7744    -10927.4194      1502.2814

WRITING EXTENDED SYSTEM TO RESTART FILE AT STEP 1100000
WRITING COORDINATES TO DCD FILE mobley_4039055_prod.dcd AT STEP 1100000
WRITING COORDINATES TO RESTART FILE AT STEP 1100000
FINISHED WRITING RESTART COORDINATES
WRITING VELOCITIES TO RESTART FILE AT STEP 1100000
FINISHED WRITING RESTART VELOCITIES
PRESSURE: 1200000 1081.77 -213.079 -413.918 -213.077 393.307 269.465 -413.914 269.467 887.446
GPRESSURE: 1200000 1158.14 13.7565 94.7006 64.9591 353.121 133.946 -668.113 111.29 1042.42
PRESSAVG: 1200000 359.187 31.9016 -166.978 31.9016 418.242 -88.295 -166.978 -88.295 21.7465
GPRESSAVG: 1200000 412.41 72.4577 -131.366 -11.9805 433.259 -103.469 -204.471 -80.9383 107.284
ENERGY: 1200000         5.2275         5.2915        13.1998         0.0000         -11043.2457      1547.7175         0.0000         0.0000      1803.1989          -7668.6104       305.6800     -9471.8093     -7636.5077       303.6697            787.5086       851.2273     30181.8232       266.3917       317.6510
FEP:    1200000        23.7189    -11043.2457      1549.9833

WRITING EXTENDED SYSTEM TO RESTART FILE AT STEP 1200000
WRITING COORDINATES TO DCD FILE mobley_4039055_prod.dcd AT STEP 1200000
WRITING COORDINATES TO RESTART FILE AT STEP 1200000
FINISHED WRITING RESTART COORDINATES
WRITING VELOCITIES TO RESTART FILE AT STEP 1200000
FINISHED WRITING RESTART VELOCITIES
PRESSURE: 1300000 -510.828 -245.029 448.995 -245.031 -1082.34 83.7855 448.994 83.7892 -751.168
GPRESSURE: 1300000 -349.438 -158.038 537.152 -262.031 -1014.55 206.685 219.257 -124.964 -787.367
PRESSAVG: 1300000 297.043 12.1207 -122.98 12.1207 311.057 -76.0033 -122.98 -76.0033 -33.4616
GPRESSAVG: 1300000 357.992 55.9937 -83.6149 -29.8413 329.845 -81.3152 -174.204 -84.083 43.38
ENERGY: 1300000         2.6802         4.7625        16.8936         0.0000         -10892.7434      1389.5976         0.0000         0.0000      1797.7529          -7681.0566       304.7567     -9478.8095     -7639.6898       303.7474           -781.4458      -717.1173     30719.2015       191.5461       243.7390
FEP:    1300000        24.3363    -10892.7434      1392.2110

WRITING EXTENDED SYSTEM TO RESTART FILE AT STEP 1300000
WRITING COORDINATES TO DCD FILE mobley_4039055_prod.dcd AT STEP 1300000
WRITING COORDINATES TO RESTART FILE AT STEP 1300000
FINISHED WRITING RESTART COORDINATES
WRITING VELOCITIES TO RESTART FILE AT STEP 1300000
FINISHED WRITING RESTART VELOCITIES
PRESSURE: 1400000 631.418 -363.922 157.06 -363.925 722.737 -24.2708 157.06 -24.2689 469.216
GPRESSURE: 1400000 789.809 -157.008 -75.9677 -510.079 812.085 -546.039 203.193 472.924 689.789
PRESSAVG: 1400000 319.334 -12.9491 -104.31 -12.9491 338.503 -72.5543 -104.31 -72.5543 0.0502043
GPRESSAVG: 1400000 386.78 41.7936 -83.1051 -61.8571 361.994 -112.297 -149.045 -46.9492 86.4739
ENERGY: 1400000         3.2983         4.1352        12.9081         0.0000         -11117.8765      1564.5829         0.0000         0.0000      1746.3410          -7786.6109       296.0414     -9532.9519     -7649.4845       303.2336            607.7905       763.8941     30304.5076       219.2958       278.4160
FEP:    1400000        20.3417    -11117.8765      1569.2751

WRITING EXTENDED SYSTEM TO RESTART FILE AT STEP 1400000
WRITING COORDINATES TO DCD FILE mobley_4039055_prod.dcd AT STEP 1400000
WRITING COORDINATES TO RESTART FILE AT STEP 1400000
FINISHED WRITING RESTART COORDINATES
WRITING VELOCITIES TO RESTART FILE AT STEP 1400000
FINISHED WRITING RESTART VELOCITIES
PRESSURE: 1500000 751.327 -362.63 -230.316 -362.629 -726.28 -288.01 -230.315 -288.011 257.832
GPRESSURE: 1500000 699.828 -358.721 -56.1402 -308.526 -585.137 -120.233 -207.682 -436.198 409.461
PRESSAVG: 1500000 346.334 -34.804 -112.186 -34.804 271.954 -86.0204 -112.186 -86.0204 16.1616
GPRESSAVG: 1500000 406.346 16.7614 -81.4197 -77.2739 302.798 -112.793 -152.709 -71.2772 106.661
ENERGY: 1500000         2.7147         5.7097        14.1208         0.0000         -11067.9065      1510.1855         0.0000         0.0000      1749.6011          -7785.5747       296.5940     -9535.1758     -7657.9901       302.8187             94.2930       174.7174     30235.8529       211.4831       271.9348
FEP:    1500000        22.5452    -11067.9065      1510.0921

WRITING EXTENDED SYSTEM TO RESTART FILE AT STEP 1500000
WRITING COORDINATES TO DCD FILE mobley_4039055_prod.dcd AT STEP 1500000
WRITING COORDINATES TO RESTART FILE AT STEP 1500000
FINISHED WRITING RESTART COORDINATES
WRITING VELOCITIES TO RESTART FILE AT STEP 1500000
FINISHED WRITING RESTART VELOCITIES
PRESSURE: 1600000 131 -236.619 -95.552 -236.614 -664.401 179.599 -95.558 179.599 790.467
GPRESSURE: 1600000 168.108 -511.842 45.5367 -84.3029 -611.125 -365.599 88.6155 284.276 779.263
PRESSAVG: 1600000 333.667 -46.6752 -111.208 -46.6752 216.874 -70.3958 -111.208 -70.3958 61.7089
GPRESSAVG: 1600000 392.332 -14.3329 -73.9517 -77.6874 249.038 -127.664 -138.514 -50.3624 146.225
ENERGY: 1600000         3.4340         5.9356        15.6622         0.0000         -11025.5055      1486.9957         0.0000         0.0000      1742.2215          -7771.2565       295.3430     -9513.4780     -7664.6529       302.3789             85.6885       112.0823     30321.3884       204.0834       262.5317
FEP:    1600000        25.0318    -11025.5055      1488.6470

WRITING EXTENDED SYSTEM TO RESTART FILE AT STEP 1600000
WRITING COORDINATES TO DCD FILE mobley_4039055_prod.dcd AT STEP 1600000
WRITING COORDINATES TO RESTART FILE AT STEP 1600000
FINISHED WRITING RESTART COORDINATES
WRITING VELOCITIES TO RESTART FILE AT STEP 1600000
FINISHED WRITING RESTART VELOCITIES
PRESSURE: 1700000 38.6116 -162.583 -161.45 -162.584 490.504 64.7445 -161.447 64.7419 836.048
GPRESSURE: 1700000 243.91 -499.483 -354.82 -65.7076 655.643 -84.9542 -74.9662 262.299 786.738
PRESSAVG: 1700000 317.275 -53.1146 -113.999 -53.1146 232.076 -62.8881 -113.999 -62.8881 104.728
GPRESSAVG: 1700000 384.086 -41.2857 -89.5555 -77.0218 271.627 -125.291 -134.983 -32.9923 181.809
ENERGY: 1700000         3.3521         3.4413        14.6987         0.0000         -10922.0529      1511.4294         0.0000         0.0000      1818.0869          -7571.0446       308.2038     -9389.1315     -7659.4524       302.7025            455.0545       562.0973     30341.4062       218.0263       279.1743
FEP:    1700000        21.4920    -10922.0529      1511.8791

WRITING EXTENDED SYSTEM TO RESTART FILE AT STEP 1700000
WRITING COORDINATES TO DCD FILE mobley_4039055_prod.dcd AT STEP 1700000
WRITING COORDINATES TO RESTART FILE AT STEP 1700000
FINISHED WRITING RESTART COORDINATES
WRITING VELOCITIES TO RESTART FILE AT STEP 1700000
FINISHED WRITING RESTART VELOCITIES
PRESSURE: 1800000 480.54 -698.742 -127.277 -698.74 -366.832 -160.672 -127.279 -160.675 377.902
GPRESSURE: 1800000 609.371 -824.16 -139.214 -587.869 -387.295 -294.051 -59.1552 31.6785 412.342
PRESSAVG: 1800000 325.868 -87.0949 -114.698 -87.0949 200.554 -68.0348 -114.698 -68.0348 119.105
GPRESSAVG: 1800000 395.943 -82.4897 -92.1691 -103.909 236.947 -134.173 -130.992 -29.5885 193.943
ENERGY: 1800000         2.3756         4.9361        15.5329         0.0000         -11055.7485      1516.0733         0.0000         0.0000      1712.9444          -7803.8861       290.3799     -9516.8306     -7667.0542       302.0540            163.8700       211.4725     30389.2458       215.1759       275.6110
FEP:    1800000        22.8446    -11055.7485      1516.6745

WRITING EXTENDED SYSTEM TO RESTART FILE AT STEP 1800000
WRITING COORDINATES TO DCD FILE mobley_4039055_prod.dcd AT STEP 1800000
WRITING COORDINATES TO RESTART FILE AT STEP 1800000
FINISHED WRITING RESTART COORDINATES
WRITING VELOCITIES TO RESTART FILE AT STEP 1800000
FINISHED WRITING RESTART VELOCITIES
PRESSURE: 1900000 -340.959 282.532 190.292 282.528 -1070.45 480.163 190.29 480.163 252.953
GPRESSURE: 1900000 -415.373 572.396 102.611 240.081 -960.373 673.947 33.5798 2.08147 403.66
PRESSAVG: 1900000 292.527 -68.6137 -99.4482 -68.6137 137.004 -40.6249 -99.4482 -40.6249 125.798
GPRESSAVG: 1900000 355.377 -49.7454 -82.4301 -86.7091 177.081 -93.7671 -122.764 -28.005 204.429
ENERGY: 1900000        10.7825         3.7330        16.5820         0.0000         -10776.5773      1366.7507         0.0000         0.0000      1743.2391          -7635.4900       295.5155     -9378.7291     -7665.4760       301.7270           -386.1503      -324.0284     30358.6387       185.1096       245.6290
FEP:    1900000        31.0974    -10776.5773      1374.2750

WRITING EXTENDED SYSTEM TO RESTART FILE AT STEP 1900000
WRITING COORDINATES TO DCD FILE mobley_4039055_prod.dcd AT STEP 1900000
WRITING COORDINATES TO RESTART FILE AT STEP 1900000
FINISHED WRITING RESTART COORDINATES
WRITING VELOCITIES TO RESTART FILE AT STEP 1900000
FINISHED WRITING RESTART VELOCITIES
PRESSURE: 2000000 698.427 197.86 -346.627 197.864 1016.11 228.447 -346.625 228.444 -134.239
GPRESSURE: 2000000 758.989 498.753 -543.557 261.749 989.377 172.645 -592.46 37.5969 61.5472
PRESSAVG: 2000000 352.312 -72.7458 -108.807 -72.7458 236.241 -42.8297 -108.807 -42.8297 148.277
GPRESSAVG: 2000000 414.326 -35.2993 -100.799 -96.7305 272.762 -105.075 -137.611 -36.269 229.553
TIMING: 2000000  CPU: 624.583, 0.000312176/step  Wall: 644.526, 0.000330682/step, 522.556 ns/days, 0.0459281 hours remaining, 0.000000 MB of memory in use.
PERFORMANCE: 2000000  averaging 536.227 ns/day, 0.000322252 sec/step with standard deviation 1.19228e-05
ETITLE:      TS           BOND          ANGLE          DIHED          IMPRP               ELECT            VDW       BOUNDARY           MISC        KINETIC               TOTAL           TEMP      POTENTIAL       TOTALAVG        TEMPAVG            PRESSURE      GPRESSURE         VOLUME       PRESSAVG      GPRESSAVG
FEPTITLE:    TS          BOND2         ELECT2           VDW2

ENERGY: 2000000         4.4061        11.6147        12.7796         0.0000         -10968.4936      1512.2167         0.0000         0.0000      1725.0269          -7702.4496       292.4282     -9427.4765     -7667.4283       301.0066            526.7667       603.3045     30202.4856       245.6097       305.5471
FEP:    2000000        28.8004    -10968.4936      1515.0358

WRITING EXTENDED SYSTEM TO RESTART FILE AT STEP 2000000
WRITING COORDINATES TO DCD FILE mobley_4039055_prod.dcd AT STEP 2000000
WRITING COORDINATES TO RESTART FILE AT STEP 2000000
FINISHED WRITING RESTART COORDINATES
WRITING VELOCITIES TO RESTART FILE AT STEP 2000000
FINISHED WRITING RESTART VELOCITIES
PRESSURE: 2100000 -603.687 -63.7385 230.997 -63.7429 -500.322 -866.214 230.996 -866.213 -551.649
GPRESSURE: 2100000 -529.337 -538.429 440.568 172.203 -175.169 -753.735 329.458 -823.058 -915.471
PRESSAVG: 2100000 272.972 -114.852 -75.3816 -114.852 157.664 -74.0666 -75.3816 -74.0666 117.271
GPRESSAVG: 2100000 335.526 -112.265 -55.0697 -104.779 211.677 -119.476 -98.3921 -62.684 177.045
ENERGY: 2100000         4.8107         4.7591        13.8009         0.0000         -10905.1541      1400.1996         0.0000         0.0000      1813.1736          -7668.4104       307.3709     -9481.5839     -7670.0621       301.4498           -551.8859      -539.9921     30524.4282       182.6356       241.4160
FEP:    2100000        23.3706    -10905.1541      1401.2832

WRITING EXTENDED SYSTEM TO RESTART FILE AT STEP 2100000
WRITING COORDINATES TO DCD FILE mobley_4039055_prod.dcd AT STEP 2100000
WRITING COORDINATES TO RESTART FILE AT STEP 2100000
FINISHED WRITING RESTART COORDINATES
WRITING VELOCITIES TO RESTART FILE AT STEP 2100000
FINISHED WRITING RESTART VELOCITIES
PRESSURE: 2200000 447.744 680.41 305.577 680.415 662.65 -132.552 305.576 -132.556 929.373
GPRESSURE: 2200000 487.723 603.448 407.793 811.971 758.329 -154.295 139.959 -41.539 1043.44
PRESSAVG: 2200000 247.6 -70.2192 -35.2606 -70.2192 137.279 -99.789 -35.2606 -99.789 155.188
GPRESSAVG: 2200000 301.36 -76.5403 -25.4864 -45.0171 192.217 -141.935 -62.0904 -91.4033 229.82
ENERGY: 2200000         4.1582         4.7250        15.3612         0.0000         -11148.3898      1577.2638         0.0000         0.0000      1771.2427          -7775.6389       300.2627     -9546.8816     -7680.8601       301.3888            679.9224       763.1631     30355.9297       180.0225       241.1323
FEP:    2200000        24.2445    -11148.3898      1580.3944

WRITING EXTENDED SYSTEM TO RESTART FILE AT STEP 2200000
WRITING COORDINATES TO DCD FILE mobley_4039055_prod.dcd AT STEP 2200000
WRITING COORDINATES TO RESTART FILE AT STEP 2200000
FINISHED WRITING RESTART COORDINATES
WRITING VELOCITIES TO RESTART FILE AT STEP 2200000
FINISHED WRITING RESTART VELOCITIES
PRESSURE: 2300000 326.206 79.8617 520.919 79.8617 221.702 146.964 520.922 146.967 -188.413
GPRESSURE: 2300000 480.974 -219.329 178.698 356.38 -67.2278 96.7239 745.671 -0.762017 -95.3658
PRESSAVG: 2300000 239.189 -94.9358 -15.6321 -94.9358 156.53 -62.4585 -15.6321 -62.4585 171.598
GPRESSAVG: 2300000 299.476 -125.236 -28.666 -53.3366 198.905 -112.956 -23.8821 -58.3038 236.48
ENERGY: 2300000         3.4824         4.0127        13.1500         0.0000         -10959.9120      1482.7847         0.0000         0.0000      1840.3144          -7616.1678       311.9718     -9456.4822     -7676.3345       301.8756            119.8317       106.1269     30508.9128       189.1058       244.9536
FEP:    2300000        20.6451    -10959.9120      1486.8329

WRITING EXTENDED SYSTEM TO RESTART FILE AT STEP 2300000
WRITING COORDINATES TO DCD FILE mobley_4039055_prod.dcd AT STEP 2300000
WRITING COORDINATES TO RESTART FILE AT STEP 2300000
FINISHED WRITING RESTART COORDINATES
WRITING VELOCITIES TO RESTART FILE AT STEP 2300000
FINISHED WRITING RESTART VELOCITIES
PRESSURE: 2400000 -790.328 -329.244 127.549 -329.245 -221.541 -260.532 127.551 -260.53 27.239
GPRESSURE: 2400000 -702.063 -262.953 -103.911 -332.031 -531.606 -342.472 183.7 72.5416 142.859
PRESSAVG: 2400000 212.826 -127.555 -2.14058 -127.555 176.48 -57.2532 -2.14058 -57.2532 236.405
GPRESSAVG: 2400000 283.704 -148.521 -32.1663 -91.223 199.904 -113.006 13.365 -45.0026 300.073
ENERGY: 2400000         2.8369         6.7389        15.1464         0.0000         -10893.1665      1412.3205         0.0000         0.0000      1774.3352          -7681.7886       300.7870     -9456.1238     -7677.7849       301.5745           -328.2100      -363.6031     30229.4403       208.5702       261.2270
FEP:    2400000        24.7222    -10893.1665      1414.0980

WRITING EXTENDED SYSTEM TO RESTART FILE AT STEP 2400000
WRITING COORDINATES TO DCD FILE mobley_4039055_prod.dcd AT STEP 2400000
WRITING COORDINATES TO RESTART FILE AT STEP 2400000
FINISHED WRITING RESTART COORDINATES
WRITING VELOCITIES TO RESTART FILE AT STEP 2400000
FINISHED WRITING RESTART VELOCITIES
PRESSURE: 2500000 992.532 -318.691 -276.807 -318.69 331.89 303.944 -276.809 303.948 -769.018
GPRESSURE: 2500000 1054.27 -320.364 -362.089 -317.455 545.763 169.951 -242.343 380.295 -659.269
PRESSAVG: 2500000 280.805 -123.267 -1.98877 -123.267 184.795 -27.6586 -1.98877 -27.6586 187.083
GPRESSAVG: 2500000 358.217 -162.39 -22.0669 -87.5556 216.638 -92.6412 12.9259 -22.6301 256.773
ENERGY: 2500000         4.7566         3.9505        17.5638         0.0000         -11000.1104      1489.1903         0.0000         0.0000      1780.6830          -7703.9663       301.8630     -9484.6493     -7680.3199       301.5822            185.1348       313.5869     30057.4797       217.5609       277.2092
FEP:    2500000        26.2708    -11000.1104      1492.8582

WRITING EXTENDED SYSTEM TO RESTART FILE AT STEP 2500000
WRITING COORDINATES TO DCD FILE mobley_4039055_prod.dcd AT STEP 2500000
WRITING COORDINATES TO RESTART FILE AT STEP 2500000
FINISHED WRITING RESTART COORDINATES
WRITING VELOCITIES TO RESTART FILE AT STEP 2500000
FINISHED WRITING RESTART VELOCITIES
TCL: Exiting due to exit command.
WRITING EXTENDED SYSTEM TO OUTPUT FILE AT STEP 2500000
CLOSING EXTENDED SYSTEM TRAJECTORY FILE
WRITING COORDINATES TO OUTPUT FILE AT STEP 2500000
CLOSING COORDINATE DCD FILE mobley_4039055_prod.dcd
WRITING VELOCITIES TO OUTPUT FILE AT STEP 2500000
====================================================

WallClock: 827.051819  CPUTime: 824.032288  Memory: 0.000000 MB
[Partition 0][Node 0] End of program
