#========================================================================================
#                     Free energy perturbation    
#----------------------------------------------------------------------------------------
#forward/backward          λ              ΔΔA                 ΔA                  δε   
#                                                 
#----------------------------------------------------------------------------------------
forward:               0.0000              0.0000              0.0000              0.0000  
forward:               0.0500              0.3615              0.3615              0.0050  
forward:               0.1000              0.2752              0.6366              0.0065  
forward:               0.1500              0.2145              0.8511              0.0072  
forward:               0.2000              0.1884              1.0395              0.0082  
forward:               0.2500              0.1602              1.1997              0.0086  
forward:               0.3000              0.1408              1.3405              0.0091  
forward:               0.3500              0.1329              1.4734              0.0095  
forward:               0.4000              0.1182              1.5915              0.0098  
forward:               0.4500              0.1144              1.7059              0.0102  
forward:               0.5000              0.1051              1.8110              0.0105  
forward:               0.5500             -0.0711              1.7399              0.0111  
forward:               0.6000             -0.3387              1.4012              0.0120  
forward:               0.6500             -0.5755              0.8257              0.0134  
forward:               0.7000             -0.7647              0.0610              0.0137  
forward:               0.7500             -0.8821             -0.8211              0.0148  
forward:               0.8000             -0.9297             -1.7508              0.0155  
forward:               0.8500             -0.9329             -2.6838              0.0162  
forward:               0.9000             -0.8976             -3.5814              0.0167  
forward:               0.9500             -0.8590             -4.4404              0.0169  
forward:               1.0000             -0.8245             -5.2649              0.0174  
backward:              1.0000              0.0000             -5.2649              0.0000  
backward:              0.9500              0.8300             -4.4349              0.0066  
backward:              0.9000              0.8659             -3.5690              0.0086  
backward:              0.8500              0.8958             -2.6732              0.0099  
backward:              0.8000              0.9278             -1.7454              0.0112  
backward:              0.7500              0.9307             -0.8146              0.0123  
backward:              0.7000              0.8786              0.0640              0.0139  
backward:              0.6500              0.7715              0.8355              0.0156  
backward:              0.6000              0.5566              1.3921              0.0164  
backward:              0.5500              0.3264              1.7185              0.0170  
backward:              0.5000              0.0751              1.7936              0.0176  
backward:              0.4500             -0.1083              1.6852              0.0178  
backward:              0.4000             -0.1063              1.5790              0.0180  
backward:              0.3500             -0.1218              1.4571              0.0183  
backward:              0.3000             -0.1308              1.3263              0.0186  
backward:              0.2500             -0.1444              1.1819              0.0189  
backward:              0.2000             -0.1623              1.0196              0.0193  
backward:              0.1500             -0.1847              0.8349              0.0201  
backward:              0.1000             -0.2334              0.6015              0.0207  
backward:              0.0500             -0.2760              0.3255              0.0223  
backward:              0.0000             -0.3648             -0.0393              0.0235  
Inaccuracy estimation
======================================================================================================
                   i        i+δi          P0_overlap_P1   δε(forward)/ε   δε(backward)/ε
======================================================================================================
inaccuracy:  0.00000        0.05000           66.97           -0.00            0.31
inaccuracy:  0.05000        0.10000           76.02           -0.00            0.18
inaccuracy:  0.10000        0.15000           76.58           -0.00            0.13
inaccuracy:  0.15000        0.20000           80.10           -0.00            0.09
inaccuracy:  0.20000        0.25000           80.75           -0.00            0.08
inaccuracy:  0.25000        0.30000           83.45           -0.00            0.06
inaccuracy:  0.30000        0.35000           82.50           -0.00            0.06
inaccuracy:  0.35000        0.40000           84.67           -0.00            0.06
inaccuracy:  0.40000        0.45000           83.22           -0.00            0.05
inaccuracy:  0.45000        0.50000           84.87           -0.00            0.05
inaccuracy:  0.50000        0.55000           51.62           -0.21            0.17
inaccuracy:  0.55000        0.60000           71.33           -0.09            0.06
inaccuracy:  0.60000        0.65000           53.12           -0.20            0.06
inaccuracy:  0.65000        0.70000           68.44           -0.11            0.03
inaccuracy:  0.70000        0.75000           64.68           -0.11            0.03
inaccuracy:  0.75000        0.80000           69.26           -0.10            0.03
inaccuracy:  0.80000        0.85000           71.33           -0.08            0.04
inaccuracy:  0.85000        0.90000           68.95           -0.10            0.05
inaccuracy:  0.90000        0.95000           68.35           -0.10            0.07
inaccuracy:  0.95000        1.00000           65.37           -0.11            0.07
===================================================================================================================================
            	   BAR        
-----------------------------------------------------------------------------------------------------------------------------------
BAR-estimator:         λ             λ+δλ          ΔΔA             ΔA            C               Δδe            δe       
                          
-----------------------------------------------------------------------------------------------------------------------------------
BAR-estimator:      0.00000        0.05000        0.3393         0.3393         0.3393         0.0036         0.0036 
BAR-estimator:      0.05000        0.10000        0.2766         0.6158         0.2766         0.0027         0.0045 
BAR-estimator:      0.10000        0.15000        0.2049         0.8207         0.2049         0.0026         0.0052 
BAR-estimator:      0.15000        0.20000        0.1860         1.0067         0.1860         0.0027         0.0059 
BAR-estimator:      0.20000        0.25000        0.1552         1.1619         0.1552         0.0021         0.0062 
BAR-estimator:      0.25000        0.30000        0.1421         1.3040         0.1421         0.0022         0.0066 
BAR-estimator:      0.30000        0.35000        0.1287         1.4327         0.1287         0.0022         0.0070 
BAR-estimator:      0.35000        0.40000        0.1200         1.5527         0.1200         0.0019         0.0072 
BAR-estimator:      0.40000        0.45000        0.1113         1.6640         0.1113         0.0018         0.0075 
BAR-estimator:      0.45000        0.50000        0.1058         1.7697         0.1058         0.0017         0.0076 
BAR-estimator:      0.50000        0.55000       -0.1967         1.5731        -0.1967         0.0031         0.0082 
BAR-estimator:      0.55000        0.60000       -0.3326         1.2405        -0.3326         0.0028         0.0087 
BAR-estimator:      0.60000        0.65000       -0.6712         0.5693        -0.6712         0.0035         0.0094 
BAR-estimator:      0.65000        0.70000       -0.7674        -0.1981        -0.7674         0.0034         0.0100 
BAR-estimator:      0.70000        0.75000       -0.9056        -1.1036        -0.9056         0.0034         0.0105 
BAR-estimator:      0.75000        0.80000       -0.9313        -2.0349        -0.9313         0.0032         0.0110 
BAR-estimator:      0.80000        0.85000       -0.9191        -2.9540        -0.9191         0.0034         0.0115 
BAR-estimator:      0.85000        0.90000       -0.8971        -3.8511        -0.8971         0.0032         0.0120 
BAR-estimator:      0.90000        0.95000       -0.8528        -4.7039        -0.8528         0.0029         0.0123 
BAR-estimator:      0.95000        1.00000       -0.8305        -5.5344        -0.8305         0.0030         0.0127 
BAR-estimator: total free energy change is -5.5344160291326485 , total error is 0.012683479932024748
