#========================================================================================
#                     Free energy perturbation    
#----------------------------------------------------------------------------------------
#forward/backward          λ              ΔΔA                 ΔA                  δε   
#                                                 
#----------------------------------------------------------------------------------------
forward:               0.0000              0.0000              0.0000              0.0000  
forward:               0.0500              0.5414              0.5414              0.0069  
forward:               0.1000              0.3667              0.9081              0.0093  
forward:               0.1500              0.2686              1.1766              0.0107  
forward:               0.2000              0.2001              1.3768              0.0117  
forward:               0.2500              0.1575              1.5343              0.0124  
forward:               0.3000              0.1295              1.6639              0.0130  
forward:               0.3500              0.1114              1.7753              0.0135  
forward:               0.4000              0.0791              1.8544              0.0138  
forward:               0.4500              0.0693              1.9237              0.0142  
forward:               0.5000              0.0526              1.9763              0.0146  
forward:               0.5500              0.0140              1.9903              0.0150  
forward:               0.6000             -0.0757              1.9146              0.0154  
forward:               0.6500             -0.1547              1.7599              0.0158  
forward:               0.7000             -0.2275              1.5324              0.0162  
forward:               0.7500             -0.2805              1.2519              0.0167  
forward:               0.8000             -0.3240              0.9279              0.0171  
forward:               0.8500             -0.3485              0.5793              0.0175  
forward:               0.9000             -0.3599              0.2194              0.0178  
forward:               0.9500             -0.3649             -0.1455              0.0181  
forward:               1.0000             -0.3666             -0.5121              0.0184  
backward:              1.0000              0.0000             -0.5121              0.0000  
backward:              0.9500              0.3583             -0.1538              0.0041  
backward:              0.9000              0.3630              0.2091              0.0056  
backward:              0.8500              0.3576              0.5668              0.0068  
backward:              0.8000              0.3480              0.9148              0.0082  
backward:              0.7500              0.3262              1.2410              0.0094  
backward:              0.7000              0.2807              1.5217              0.0104  
backward:              0.6500              0.2329              1.7545              0.0112  
backward:              0.6000              0.1533              1.9078              0.0119  
backward:              0.5500              0.0711              1.9789              0.0125  
backward:              0.5000             -0.0188              1.9601              0.0132  
backward:              0.4500             -0.0502              1.9099              0.0136  
backward:              0.4000             -0.0768              1.8331              0.0141  
backward:              0.3500             -0.0773              1.7558              0.0147  
backward:              0.3000             -0.0979              1.6579              0.0155  
backward:              0.2500             -0.1246              1.5334              0.0166  
backward:              0.2000             -0.1520              1.3814              0.0175  
backward:              0.1500             -0.2106              1.1708              0.0187  
backward:              0.1000             -0.2589              0.9119              0.0198  
backward:              0.0500             -0.3856              0.5263              0.0218  
backward:              0.0000             -0.5398             -0.0135              0.0246  
Inaccuracy estimation
======================================================================================================
                   i        i+δi          P0_overlap_P1   δε(forward)/ε   δε(backward)/ε
======================================================================================================
inaccuracy:  0.00000        0.05000           54.83           -0.01            0.50
inaccuracy:  0.05000        0.10000           68.74           -0.00            0.28
inaccuracy:  0.10000        0.15000           67.35           -0.01            0.23
inaccuracy:  0.15000        0.20000           74.28           -0.01            0.14
inaccuracy:  0.20000        0.25000           73.28           -0.00            0.13
inaccuracy:  0.25000        0.30000           76.76           -0.00            0.11
inaccuracy:  0.30000        0.35000           74.00           -0.01            0.10
inaccuracy:  0.35000        0.40000           78.32           -0.00            0.08
inaccuracy:  0.40000        0.45000           78.08           -0.01            0.09
inaccuracy:  0.45000        0.50000           80.09           -0.00            0.07
inaccuracy:  0.50000        0.55000           68.03           -0.06            0.11
inaccuracy:  0.55000        0.60000           76.91           -0.04            0.08
inaccuracy:  0.60000        0.65000           67.46           -0.05            0.09
inaccuracy:  0.65000        0.70000           75.80           -0.03            0.07
inaccuracy:  0.70000        0.75000           69.85           -0.04            0.07
inaccuracy:  0.75000        0.80000           75.71           -0.03            0.06
inaccuracy:  0.80000        0.85000           74.16           -0.03            0.06
inaccuracy:  0.85000        0.90000           75.54           -0.03            0.06
inaccuracy:  0.90000        0.95000           75.18           -0.03            0.06
inaccuracy:  0.95000        1.00000           75.18           -0.03            0.06
===================================================================================================================================
            	   BAR        
-----------------------------------------------------------------------------------------------------------------------------------
BAR-estimator:         λ             λ+δλ          ΔΔA             ΔA            C               Δδe            δe       
                          
-----------------------------------------------------------------------------------------------------------------------------------
BAR-estimator:      0.00000        0.05000        0.4896         0.4896         0.4896         0.0046         0.0046 
BAR-estimator:      0.05000        0.10000        0.3745         0.8641         0.3745         0.0042         0.0062 
BAR-estimator:      0.10000        0.15000        0.2477         1.1118         0.2477         0.0036         0.0072 
BAR-estimator:      0.15000        0.20000        0.1993         1.3111         0.1993         0.0034         0.0079 
BAR-estimator:      0.20000        0.25000        0.1451         1.4562         0.1451         0.0029         0.0084 
BAR-estimator:      0.25000        0.30000        0.1272         1.5834         0.1272         0.0028         0.0089 
BAR-estimator:      0.30000        0.35000        0.0974         1.6808         0.0974         0.0025         0.0092 
BAR-estimator:      0.35000        0.40000        0.0769         1.7577         0.0769         0.0022         0.0095 
BAR-estimator:      0.40000        0.45000        0.0622         1.8199         0.0622         0.0022         0.0098 
BAR-estimator:      0.45000        0.50000        0.0524         1.8723         0.0524         0.0024         0.0101 
BAR-estimator:      0.50000        0.55000       -0.0274         1.8450        -0.0274         0.0026         0.0104 
BAR-estimator:      0.55000        0.60000       -0.0729         1.7721        -0.0729         0.0026         0.0107 
BAR-estimator:      0.60000        0.65000       -0.1914         1.5807        -0.1914         0.0028         0.0111 
BAR-estimator:      0.65000        0.70000       -0.2287         1.3520        -0.2287         0.0026         0.0114 
BAR-estimator:      0.70000        0.75000       -0.3030         1.0489        -0.3030         0.0028         0.0117 
BAR-estimator:      0.75000        0.80000       -0.3259         0.7230        -0.3259         0.0026         0.0120 
BAR-estimator:      0.80000        0.85000       -0.3542         0.3688        -0.3542         0.0025         0.0123 
BAR-estimator:      0.85000        0.90000       -0.3590         0.0098        -0.3590         0.0027         0.0125 
BAR-estimator:      0.90000        0.95000       -0.3646        -0.3548        -0.3646         0.0023         0.0128 
BAR-estimator:      0.95000        1.00000       -0.3637        -0.7185        -0.3637         0.0025         0.0130 
BAR-estimator: total free energy change is -0.7185315475008656 , total error is 0.013000267185626775
