#========================================================================================
#                     Free energy perturbation    
#----------------------------------------------------------------------------------------
#forward/backward          λ              ΔΔA                 ΔA                  δε   
#                                                 
#----------------------------------------------------------------------------------------
forward:               0.0000              0.0000              0.0000              0.0000  
forward:               0.0500              0.6385              0.6385              0.0077  
forward:               0.1000              0.3563              0.9947              0.0099  
forward:               0.1500              0.2405              1.2353              0.0111  
forward:               0.2000              0.1756              1.4108              0.0118  
forward:               0.2500              0.1277              1.5385              0.0124  
forward:               0.3000              0.0952              1.6337              0.0130  
forward:               0.3500              0.0690              1.7027              0.0133  
forward:               0.4000              0.0607              1.7635              0.0136  
forward:               0.4500              0.0419              1.8054              0.0139  
forward:               0.5000              0.0294              1.8348              0.0143  
forward:               0.5500             -0.0471              1.7877              0.0148  
forward:               0.6000             -0.1671              1.6205              0.0151  
forward:               0.6500             -0.2736              1.3469              0.0155  
forward:               0.7000             -0.3519              0.9950              0.0158  
forward:               0.7500             -0.4284              0.5666              0.0161  
forward:               0.8000             -0.4926              0.0739              0.0165  
forward:               0.8500             -0.5378             -0.4639              0.0168  
forward:               0.9000             -0.5786             -1.0425              0.0171  
forward:               0.9500             -0.6122             -1.6547              0.0173  
forward:               1.0000             -0.6340             -2.2887              0.0175  
backward:              1.0000              0.0000             -2.2887              0.0000  
backward:              0.9500              0.6366             -1.6521              0.0033  
backward:              0.9000              0.6073             -1.0449              0.0048  
backward:              0.8500              0.5726             -0.4723              0.0060  
backward:              0.8000              0.5386              0.0663              0.0069  
backward:              0.7500              0.4927              0.5590              0.0079  
backward:              0.7000              0.4324              0.9914              0.0089  
backward:              0.6500              0.3579              1.3493              0.0096  
backward:              0.6000              0.2645              1.6138              0.0104  
backward:              0.5500              0.1659              1.7797              0.0112  
backward:              0.5000              0.0461              1.8258              0.0119  
backward:              0.4500             -0.0281              1.7977              0.0122  
backward:              0.4000             -0.0394              1.7583              0.0127  
backward:              0.3500             -0.0593              1.6990              0.0133  
backward:              0.3000             -0.0683              1.6307              0.0138  
backward:              0.2500             -0.0893              1.5414              0.0144  
backward:              0.2000             -0.1156              1.4258              0.0151  
backward:              0.1500             -0.1724              1.2534              0.0165  
backward:              0.1000             -0.2407              1.0127              0.0174  
backward:              0.0500             -0.3566              0.6561              0.0193  
backward:              0.0000             -0.6303              0.0259              0.0316  
Inaccuracy estimation
======================================================================================================
                   i        i+δi          P0_overlap_P1   δε(forward)/ε   δε(backward)/ε
======================================================================================================
inaccuracy:  0.00000        0.05000           56.29           -0.01            0.72
inaccuracy:  0.05000        0.10000           67.89           -0.00            0.29
inaccuracy:  0.10000        0.15000           73.23           -0.01            0.18
inaccuracy:  0.15000        0.20000           74.38           -0.00            0.13
inaccuracy:  0.20000        0.25000           76.44           -0.00            0.11
inaccuracy:  0.25000        0.30000           78.32           -0.01            0.09
inaccuracy:  0.30000        0.35000           80.29           -0.00            0.08
inaccuracy:  0.35000        0.40000           79.43           -0.00            0.07
inaccuracy:  0.40000        0.45000           80.59           -0.00            0.07
inaccuracy:  0.45000        0.50000           81.31           -0.01            0.06
inaccuracy:  0.50000        0.55000           74.38           -0.03            0.09
inaccuracy:  0.55000        0.60000           75.85           -0.04            0.07
inaccuracy:  0.60000        0.65000           77.04           -0.04            0.05
inaccuracy:  0.65000        0.70000           75.32           -0.04            0.05
inaccuracy:  0.70000        0.75000           75.42           -0.03            0.05
inaccuracy:  0.75000        0.80000           76.23           -0.04            0.04
inaccuracy:  0.80000        0.85000           75.95           -0.04            0.04
inaccuracy:  0.85000        0.90000           77.00           -0.03            0.04
inaccuracy:  0.90000        0.95000           76.85           -0.04            0.03
inaccuracy:  0.95000        1.00000           76.02           -0.04            0.04
===================================================================================================================================
                BAR        
-----------------------------------------------------------------------------------------------------------------------------------
BAR-estimator:         λ             λ+δλ          ΔΔA             ΔA            C               Δδe            δe       
                          
-----------------------------------------------------------------------------------------------------------------------------------
BAR-estimator:      0.00000        0.05000        0.6340         0.6340         0.6340         0.0056         0.0056 
BAR-estimator:      0.05000        0.10000        0.3609         0.9949         0.3609         0.0041         0.0069 
BAR-estimator:      0.10000        0.15000        0.2429         1.2378         0.2429         0.0031         0.0076 
BAR-estimator:      0.15000        0.20000        0.1734         1.4112         0.1734         0.0026         0.0080 
BAR-estimator:      0.20000        0.25000        0.1232         1.5344         0.1232         0.0027         0.0085 
BAR-estimator:      0.25000        0.30000        0.0923         1.6267         0.0923         0.0026         0.0089 
BAR-estimator:      0.30000        0.35000        0.0699         1.6965         0.0699         0.0022         0.0091 
BAR-estimator:      0.35000        0.40000        0.0596         1.7561         0.0596         0.0025         0.0094 
BAR-estimator:      0.40000        0.45000        0.0414         1.7975         0.0414         0.0022         0.0097 
BAR-estimator:      0.45000        0.50000        0.0291         1.8266         0.0291         0.0025         0.0100 
BAR-estimator:      0.50000        0.55000       -0.0457         1.7808        -0.0457         0.0024         0.0103 
BAR-estimator:      0.55000        0.60000       -0.1649         1.6160        -0.1649         0.0025         0.0106 
BAR-estimator:      0.60000        0.65000       -0.2685         1.3474        -0.2685         0.0024         0.0109 
BAR-estimator:      0.65000        0.70000       -0.3539         0.9936        -0.3539         0.0024         0.0111 
BAR-estimator:      0.70000        0.75000       -0.4298         0.5638        -0.4298         0.0025         0.0114 
BAR-estimator:      0.75000        0.80000       -0.4919         0.0719        -0.4919         0.0024         0.0116 
BAR-estimator:      0.80000        0.85000       -0.5375        -0.4656        -0.5375         0.0025         0.0119 
BAR-estimator:      0.85000        0.90000       -0.5755        -1.0411        -0.5755         0.0023         0.0121 
BAR-estimator:      0.90000        0.95000       -0.6098        -1.6509        -0.6098         0.0024         0.0123 
BAR-estimator:      0.95000        1.00000       -0.6332        -2.2841        -0.6332         0.0022         0.0126 
BAR-estimator: total free energy change is -2.284054359140384 , total error is 0.01255164716200462
