#========================================================================================
#                     Free energy perturbation    
#----------------------------------------------------------------------------------------
#forward/backward          λ              ΔΔA                 ΔA                  δε   
#                                                 
#----------------------------------------------------------------------------------------
forward:               0.0000              0.0000              0.0000              0.0000  
forward:               0.0500              0.2890              0.2890              0.0045  
forward:               0.1000              0.2246              0.5136              0.0059  
forward:               0.1500              0.1820              0.6956              0.0069  
forward:               0.2000              0.1443              0.8399              0.0076  
forward:               0.2500              0.1329              0.9728              0.0081  
forward:               0.3000              0.1252              1.0980              0.0087  
forward:               0.3500              0.1080              1.2060              0.0091  
forward:               0.4000              0.0932              1.2992              0.0093  
forward:               0.4500              0.0924              1.3916              0.0095  
forward:               0.5000              0.0873              1.4788              0.0098  
forward:               0.5500              0.0465              1.5254              0.0104  
forward:               0.6000             -0.0005              1.5248              0.0108  
forward:               0.6500             -0.0373              1.4876              0.0111  
forward:               0.7000             -0.0818              1.4057              0.0114  
forward:               0.7500             -0.1062              1.2996              0.0117  
forward:               0.8000             -0.1232              1.1763              0.0120  
forward:               0.8500             -0.1451              1.0313              0.0122  
forward:               0.9000             -0.1544              0.8769              0.0125  
forward:               0.9500             -0.1609              0.7160              0.0127  
forward:               1.0000             -0.1700              0.5460              0.0130  
backward:              1.0000              0.0000              0.5460              0.0000  
backward:              0.9500              0.1682              0.7143              0.0022  
backward:              0.9000              0.1613              0.8756              0.0037  
backward:              0.8500              0.1520              1.0275              0.0046  
backward:              0.8000              0.1401              1.1676              0.0055  
backward:              0.7500              0.1281              1.2957              0.0063  
backward:              0.7000              0.1060              1.4017              0.0069  
backward:              0.6500              0.0799              1.4816              0.0076  
backward:              0.6000              0.0486              1.5302              0.0081  
backward:              0.5500              0.0040              1.5342              0.0094  
backward:              0.5000             -0.0509              1.4834              0.0105  
backward:              0.4500             -0.0864              1.3970              0.0110  
backward:              0.4000             -0.0966              1.3003              0.0115  
backward:              0.3500             -0.0982              1.2021              0.0121  
backward:              0.3000             -0.1022              1.1000              0.0126  
backward:              0.2500             -0.1105              0.9895              0.0131  
backward:              0.2000             -0.1352              0.8543              0.0135  
backward:              0.1500             -0.1546              0.6998              0.0143  
backward:              0.1000             -0.1777              0.5221              0.0149  
backward:              0.0500             -0.2220              0.3001              0.0159  
backward:              0.0000             -0.2888              0.0113              0.0174  
Inaccuracy estimation
======================================================================================================
                   i        i+δi          P0_overlap_P1   δε(forward)/ε   δε(backward)/ε
======================================================================================================
inaccuracy:  0.00000        0.05000           69.29           -0.00            0.25
inaccuracy:  0.05000        0.10000           76.40           -0.00            0.16
inaccuracy:  0.10000        0.15000           76.50           -0.00            0.13
inaccuracy:  0.15000        0.20000           81.81           -0.00            0.09
inaccuracy:  0.20000        0.25000           78.97           -0.00            0.09
inaccuracy:  0.25000        0.30000           79.72           -0.00            0.08
inaccuracy:  0.30000        0.35000           81.61           -0.00            0.08
inaccuracy:  0.35000        0.40000           83.47           -0.00            0.06
inaccuracy:  0.40000        0.45000           82.68           -0.00            0.06
inaccuracy:  0.45000        0.50000           83.60           -0.00            0.06
inaccuracy:  0.50000        0.55000           73.00           -0.02            0.08
inaccuracy:  0.55000        0.60000           79.26           -0.01            0.06
inaccuracy:  0.60000        0.65000           74.74           -0.02            0.07
inaccuracy:  0.65000        0.70000           80.84           -0.02            0.05
inaccuracy:  0.70000        0.75000           77.32           -0.02            0.05
inaccuracy:  0.75000        0.80000           80.04           -0.01            0.05
inaccuracy:  0.80000        0.85000           79.66           -0.02            0.05
inaccuracy:  0.85000        0.90000           81.17           -0.02            0.05
inaccuracy:  0.90000        0.95000           79.10           -0.02            0.05
inaccuracy:  0.95000        1.00000           80.34           -0.01            0.05
===================================================================================================================================
            	   BAR        
-----------------------------------------------------------------------------------------------------------------------------------
BAR-estimator:         λ             λ+δλ          ΔΔA             ΔA            C               Δδe            δe       
                          
-----------------------------------------------------------------------------------------------------------------------------------
BAR-estimator:      0.00000        0.05000        0.2722         0.2722         0.2722         0.0034         0.0034 
BAR-estimator:      0.05000        0.10000        0.2250         0.4973         0.2250         0.0026         0.0043 
BAR-estimator:      0.10000        0.15000        0.1730         0.6703         0.1730         0.0025         0.0049 
BAR-estimator:      0.15000        0.20000        0.1474         0.8177         0.1474         0.0016         0.0052 
BAR-estimator:      0.20000        0.25000        0.1257         0.9434         0.1257         0.0021         0.0056 
BAR-estimator:      0.25000        0.30000        0.1206         1.0641         0.1206         0.0016         0.0058 
BAR-estimator:      0.30000        0.35000        0.1053         1.1693         0.1053         0.0020         0.0061 
BAR-estimator:      0.35000        0.40000        0.0951         1.2644         0.0951         0.0019         0.0064 
BAR-estimator:      0.40000        0.45000        0.0903         1.3547         0.0903         0.0018         0.0067 
BAR-estimator:      0.45000        0.50000        0.0875         1.4422         0.0875         0.0019         0.0069 
BAR-estimator:      0.50000        0.55000        0.0229         1.4651         0.0229         0.0022         0.0073 
BAR-estimator:      0.55000        0.60000       -0.0027         1.4625        -0.0027         0.0022         0.0076 
BAR-estimator:      0.60000        0.65000       -0.0578         1.4047        -0.0578         0.0024         0.0079 
BAR-estimator:      0.65000        0.70000       -0.0816         1.3230        -0.0816         0.0019         0.0082 
BAR-estimator:      0.70000        0.75000       -0.1174         1.2057        -0.1174         0.0021         0.0084 
BAR-estimator:      0.75000        0.80000       -0.1255         1.0802        -0.1255         0.0020         0.0087 
BAR-estimator:      0.80000        0.85000       -0.1490         0.9311        -0.1490         0.0019         0.0089 
BAR-estimator:      0.85000        0.90000       -0.1526         0.7785        -0.1526         0.0021         0.0091 
BAR-estimator:      0.90000        0.95000       -0.1647         0.6138        -0.1647         0.0020         0.0093 
BAR-estimator:      0.95000        1.00000       -0.1682         0.4456        -0.1682         0.0020         0.0095 
BAR-estimator: total free energy change is 0.4455762698859044 , total error is 0.00954364069627957
