#========================================================================================
#                     Free energy perturbation    
#----------------------------------------------------------------------------------------
#forward/backward          λ              ΔΔA                 ΔA                  δε   
#                                                 
#----------------------------------------------------------------------------------------
forward:               0.0000              0.0000              0.0000              0.0000  
forward:               0.0500              0.7411              0.7411              0.0095  
forward:               0.1000              0.3926              1.1337              0.0116  
forward:               0.1500              0.2412              1.3749              0.0128  
forward:               0.2000              0.1700              1.5449              0.0136  
forward:               0.2500              0.1154              1.6603              0.0142  
forward:               0.3000              0.0772              1.7375              0.0147  
forward:               0.3500              0.0528              1.7903              0.0151  
forward:               0.4000              0.0355              1.8258              0.0155  
forward:               0.4500              0.0209              1.8467              0.0158  
forward:               0.5000              0.0044              1.8511              0.0162  
forward:               0.5500             -0.0139              1.8372              0.0164  
forward:               0.6000             -0.0524              1.7848              0.0167  
forward:               0.6500             -0.0792              1.7056              0.0169  
forward:               0.7000             -0.1084              1.5972              0.0172  
forward:               0.7500             -0.1218              1.4754              0.0175  
forward:               0.8000             -0.1426              1.3328              0.0177  
forward:               0.8500             -0.1477              1.1851              0.0179  
forward:               0.9000             -0.1551              1.0300              0.0181  
forward:               0.9500             -0.1618              0.8682              0.0183  
forward:               1.0000             -0.1701              0.6981              0.0185  
backward:              1.0000              0.0000              0.6981              0.0000  
backward:              0.9500              0.1712              0.8694              0.0033  
backward:              0.9000              0.1652              1.0346              0.0044  
backward:              0.8500              0.1557              1.1903              0.0055  
backward:              0.8000              0.1470              1.3372              0.0065  
backward:              0.7500              0.1349              1.4721              0.0072  
backward:              0.7000              0.1261              1.5982              0.0080  
backward:              0.6500              0.1078              1.7061              0.0087  
backward:              0.6000              0.0783              1.7844              0.0093  
backward:              0.5500              0.0541              1.8384              0.0099  
backward:              0.5000              0.0036              1.8420              0.0106  
backward:              0.4500             -0.0087              1.8333              0.0112  
backward:              0.4000             -0.0257              1.8076              0.0122  
backward:              0.3500             -0.0419              1.7658              0.0124  
backward:              0.3000             -0.0541              1.7117              0.0131  
backward:              0.2500             -0.0807              1.6309              0.0147  
backward:              0.2000             -0.1100              1.5209              0.0155  
backward:              0.1500             -0.1592              1.3617              0.0164  
backward:              0.1000             -0.2502              1.1115              0.0182  
backward:              0.0500             -0.4000              0.7115              0.0221  
backward:              0.0000             -0.7388             -0.0273              0.0294  
Inaccuracy estimation
======================================================================================================
                   i        i+δi          P0_overlap_P1   δε(forward)/ε   δε(backward)/ε
======================================================================================================
inaccuracy:  0.00000        0.05000           42.16           -0.03            1.15
inaccuracy:  0.05000        0.10000           64.93           -0.01            0.35
inaccuracy:  0.10000        0.15000           67.02           -0.00            0.24
inaccuracy:  0.15000        0.20000           74.08           -0.00            0.15
inaccuracy:  0.20000        0.25000           74.25           -0.01            0.13
inaccuracy:  0.25000        0.30000           78.55           -0.01            0.10
inaccuracy:  0.30000        0.35000           77.97           -0.01            0.08
inaccuracy:  0.35000        0.40000           79.96           -0.00            0.07
inaccuracy:  0.40000        0.45000           79.42           -0.00            0.08
inaccuracy:  0.45000        0.50000           81.49           -0.01            0.07
inaccuracy:  0.50000        0.55000           74.94           -0.02            0.08
inaccuracy:  0.55000        0.60000           79.45           -0.02            0.07
inaccuracy:  0.60000        0.65000           76.18           -0.02            0.07
inaccuracy:  0.65000        0.70000           79.67           -0.01            0.06
inaccuracy:  0.70000        0.75000           77.73           -0.02            0.05
inaccuracy:  0.75000        0.80000           80.89           -0.02            0.05
inaccuracy:  0.80000        0.85000           78.07           -0.01            0.05
inaccuracy:  0.85000        0.90000           79.41           -0.02            0.06
inaccuracy:  0.90000        0.95000           77.91           -0.02            0.05
inaccuracy:  0.95000        1.00000           79.16           -0.02            0.06
===================================================================================================================================
            	   BAR        
-----------------------------------------------------------------------------------------------------------------------------------
BAR-estimator:         λ             λ+δλ          ΔΔA             ΔA            C               Δδe            δe       
                          
-----------------------------------------------------------------------------------------------------------------------------------
BAR-estimator:      0.00000        0.05000        0.6449         0.6449         0.6449         0.0074         0.0074 
BAR-estimator:      0.05000        0.10000        0.3906         1.0355         0.3906         0.0045         0.0087 
BAR-estimator:      0.10000        0.15000        0.2174         1.2529         0.2174         0.0038         0.0095 
BAR-estimator:      0.15000        0.20000        0.1673         1.4201         0.1673         0.0031         0.0100 
BAR-estimator:      0.20000        0.25000        0.1032         1.5233         0.1032         0.0025         0.0103 
BAR-estimator:      0.25000        0.30000        0.0784         1.6017         0.0784         0.0026         0.0106 
BAR-estimator:      0.30000        0.35000        0.0479         1.6496         0.0479         0.0025         0.0109 
BAR-estimator:      0.35000        0.40000        0.0372         1.6868         0.0372         0.0024         0.0111 
BAR-estimator:      0.40000        0.45000        0.0170         1.7038         0.0170         0.0022         0.0114 
BAR-estimator:      0.45000        0.50000        0.0071         1.7109         0.0071         0.0021         0.0116 
BAR-estimator:      0.50000        0.55000       -0.0299         1.6810        -0.0299         0.0023         0.0118 
BAR-estimator:      0.55000        0.60000       -0.0516         1.6295        -0.0516         0.0023         0.0120 
BAR-estimator:      0.60000        0.65000       -0.0928         1.5366        -0.0928         0.0020         0.0122 
BAR-estimator:      0.65000        0.70000       -0.1085         1.4281        -0.1085         0.0024         0.0124 
BAR-estimator:      0.70000        0.75000       -0.1292         1.2989        -0.1292         0.0024         0.0126 
BAR-estimator:      0.75000        0.80000       -0.1396         1.1593        -0.1396         0.0021         0.0128 
BAR-estimator:      0.80000        0.85000       -0.1527         1.0066        -0.1527         0.0022         0.0130 
BAR-estimator:      0.85000        0.90000       -0.1550         0.8516        -0.1550         0.0021         0.0132 
BAR-estimator:      0.90000        0.95000       -0.1673         0.6842        -0.1673         0.0020         0.0133 
BAR-estimator:      0.95000        1.00000       -0.1708         0.5134        -0.1708         0.0021         0.0135 
BAR-estimator: total free energy change is 0.513438296408052 , total error is 0.013479479325812215
