#========================================================================================
#                     Free energy perturbation    
#----------------------------------------------------------------------------------------
#forward/backward          λ              ΔΔA                 ΔA                  δε   
#                                                 
#----------------------------------------------------------------------------------------
forward:               0.0000              0.0000              0.0000              0.0000  
forward:               0.0500              0.2737              0.2737              0.0042  
forward:               0.1000              0.2033              0.4771              0.0055  
forward:               0.1500              0.1698              0.6469              0.0065  
forward:               0.2000              0.1448              0.7917              0.0072  
forward:               0.2500              0.1333              0.9250              0.0078  
forward:               0.3000              0.1149              1.0398              0.0083  
forward:               0.3500              0.1046              1.1444              0.0086  
forward:               0.4000              0.0931              1.2375              0.0090  
forward:               0.4500              0.0873              1.3249              0.0093  
forward:               0.5000              0.0793              1.4042              0.0097  
forward:               0.5500             -0.0140              1.3901              0.0103  
forward:               0.6000             -0.1687              1.2215              0.0108  
forward:               0.6500             -0.2928              0.9287              0.0113  
forward:               0.7000             -0.3997              0.5290              0.0119  
forward:               0.7500             -0.4838              0.0451              0.0123  
forward:               0.8000             -0.5404             -0.4953              0.0128  
forward:               0.8500             -0.5753             -1.0706              0.0132  
forward:               0.9000             -0.5986             -1.6692              0.0136  
forward:               0.9500             -0.6118             -2.2810              0.0139  
forward:               1.0000             -0.6110             -2.8920              0.0141  
backward:              1.0000              0.0000             -2.8920              0.0000  
backward:              0.9500              0.6083             -2.2837              0.0039  
backward:              0.9000              0.6062             -1.6774              0.0055  
backward:              0.8500              0.5882             -1.0892              0.0068  
backward:              0.8000              0.5705             -0.5186              0.0078  
backward:              0.7500              0.5403              0.0217              0.0086  
backward:              0.7000              0.4798              0.5014              0.0098  
backward:              0.6500              0.3984              0.8998              0.0109  
backward:              0.6000              0.2930              1.1929              0.0115  
backward:              0.5500              0.1566              1.3495              0.0120  
backward:              0.5000              0.0133              1.3628              0.0131  
backward:              0.4500             -0.0774              1.2854              0.0136  
backward:              0.4000             -0.0865              1.1989              0.0140  
backward:              0.3500             -0.0961              1.1028              0.0144  
backward:              0.3000             -0.1042              0.9985              0.0148  
backward:              0.2500             -0.1180              0.8805              0.0152  
backward:              0.2000             -0.1313              0.7492              0.0156  
backward:              0.1500             -0.1528              0.5964              0.0162  
backward:              0.1000             -0.1777              0.4187              0.0168  
backward:              0.0500             -0.2107              0.2079              0.0180  
backward:              0.0000             -0.2778             -0.0699              0.0191  
Inaccuracy estimation
======================================================================================================
                   i        i+δi          P0_overlap_P1   δε(forward)/ε   δε(backward)/ε
======================================================================================================
inaccuracy:  0.00000        0.05000           70.18           -0.00            0.24
inaccuracy:  0.05000        0.10000           77.97           -0.00            0.14
inaccuracy:  0.10000        0.15000           78.06           -0.00            0.11
inaccuracy:  0.15000        0.20000           81.61           -0.00            0.09
inaccuracy:  0.20000        0.25000           79.69           -0.00            0.08
inaccuracy:  0.25000        0.30000           82.13           -0.00            0.07
inaccuracy:  0.30000        0.35000           81.35           -0.00            0.07
inaccuracy:  0.35000        0.40000           83.15           -0.00            0.06
inaccuracy:  0.40000        0.45000           82.31           -0.00            0.06
inaccuracy:  0.45000        0.50000           83.41           -0.00            0.05
inaccuracy:  0.50000        0.55000           61.54           -0.09            0.11
inaccuracy:  0.55000        0.60000           76.84           -0.04            0.05
inaccuracy:  0.60000        0.65000           63.25           -0.07            0.06
inaccuracy:  0.65000        0.70000           74.95           -0.05            0.04
inaccuracy:  0.70000        0.75000           69.04           -0.06            0.04
inaccuracy:  0.75000        0.80000           75.66           -0.05            0.04
inaccuracy:  0.80000        0.85000           73.36           -0.05            0.04
inaccuracy:  0.85000        0.90000           76.42           -0.04            0.04
inaccuracy:  0.90000        0.95000           75.15           -0.05            0.04
inaccuracy:  0.95000        1.00000           75.23           -0.04            0.04
===================================================================================================================================
            	   BAR        
-----------------------------------------------------------------------------------------------------------------------------------
BAR-estimator:         λ             λ+δλ          ΔΔA             ΔA            C               Δδe            δe       
                          
-----------------------------------------------------------------------------------------------------------------------------------
BAR-estimator:      0.00000        0.05000        0.2567         0.2567         0.2567         0.0031         0.0031 
BAR-estimator:      0.05000        0.10000        0.2052         0.4619         0.2052         0.0025         0.0040 
BAR-estimator:      0.10000        0.15000        0.1637         0.6256         0.1637         0.0024         0.0046 
BAR-estimator:      0.15000        0.20000        0.1465         0.7720         0.1465         0.0022         0.0052 
BAR-estimator:      0.20000        0.25000        0.1271         0.8992         0.1271         0.0022         0.0056 
BAR-estimator:      0.25000        0.30000        0.1154         1.0145         0.1154         0.0022         0.0060 
BAR-estimator:      0.30000        0.35000        0.1002         1.1148         0.1002         0.0016         0.0062 
BAR-estimator:      0.35000        0.40000        0.0935         1.2082         0.0935         0.0018         0.0065 
BAR-estimator:      0.40000        0.45000        0.0828         1.2910         0.0828         0.0017         0.0067 
BAR-estimator:      0.45000        0.50000        0.0781         1.3691         0.0781         0.0019         0.0070 
BAR-estimator:      0.50000        0.55000       -0.0843         1.2848        -0.0843         0.0025         0.0074 
BAR-estimator:      0.55000        0.60000       -0.1648         1.1200        -0.1648         0.0025         0.0078 
BAR-estimator:      0.60000        0.65000       -0.3476         0.7724        -0.3476         0.0026         0.0082 
BAR-estimator:      0.65000        0.70000       -0.4016         0.3709        -0.4016         0.0026         0.0086 
BAR-estimator:      0.70000        0.75000       -0.5128        -0.1419        -0.5128         0.0024         0.0089 
BAR-estimator:      0.75000        0.80000       -0.5412        -0.6831        -0.5412         0.0024         0.0093 
BAR-estimator:      0.80000        0.85000       -0.5858        -1.2689        -0.5858         0.0022         0.0095 
BAR-estimator:      0.85000        0.90000       -0.5971        -1.8660        -0.5971         0.0024         0.0098 
BAR-estimator:      0.90000        0.95000       -0.6140        -2.4799        -0.6140         0.0022         0.0101 
BAR-estimator:      0.95000        1.00000       -0.6118        -3.0917        -0.6118         0.0024         0.0103 
BAR-estimator: total free energy change is -3.0916809544635213 , total error is 0.010342934496098624
