#========================================================================================
#                     Free energy perturbation    
#----------------------------------------------------------------------------------------
#forward/backward          λ              ΔΔA                 ΔA                  δε   
#                                                 
#----------------------------------------------------------------------------------------
forward:               0.0000              0.0000              0.0000              0.0000  
forward:               0.0500              0.6673              0.6673              0.0094  
forward:               0.1000              0.3564              1.0237              0.0115  
forward:               0.1500              0.2329              1.2566              0.0116  
forward:               0.2000              0.1610              1.4176              0.0126  
forward:               0.2500              0.1106              1.5282              0.0131  
forward:               0.3000              0.0714              1.5996              0.0135  
forward:               0.3500              0.0597              1.6593              0.0140  
forward:               0.4000              0.0480              1.7073              0.0144  
forward:               0.4500              0.0285              1.7358              0.0146  
forward:               0.5000              0.0223              1.7580              0.0149  
forward:               0.5500             -0.0060              1.7521              0.0153  
forward:               0.6000             -0.0469              1.7051              0.0155  
forward:               0.6500             -0.0830              1.6222              0.0158  
forward:               0.7000             -0.1075              1.5147              0.0160  
forward:               0.7500             -0.1247              1.3899              0.0162  
forward:               0.8000             -0.1424              1.2475              0.0164  
forward:               0.8500             -0.1624              1.0851              0.0166  
forward:               0.9000             -0.1794              0.9057              0.0168  
forward:               0.9500             -0.1886              0.7171              0.0170  
forward:               1.0000             -0.1991              0.5180              0.0172  
backward:              1.0000              0.0000              0.5180              0.0000  
backward:              0.9500              0.2017              0.7197              0.0031  
backward:              0.9000              0.1844              0.9041              0.0043  
backward:              0.8500              0.1782              1.0824              0.0052  
backward:              0.8000              0.1637              1.2461              0.0059  
backward:              0.7500              0.1472              1.3933              0.0066  
backward:              0.7000              0.1282              1.5215              0.0072  
backward:              0.6500              0.1076              1.6291              0.0078  
backward:              0.6000              0.0765              1.7056              0.0087  
backward:              0.5500              0.0463              1.7519              0.0094  
backward:              0.5000              0.0030              1.7548              0.0099  
backward:              0.4500             -0.0231              1.7317              0.0107  
backward:              0.4000             -0.0305              1.7012              0.0113  
backward:              0.3500             -0.0518              1.6494              0.0120  
backward:              0.3000             -0.0661              1.5832              0.0126  
backward:              0.2500             -0.0909              1.4924              0.0132  
backward:              0.2000             -0.1232              1.3691              0.0140  
backward:              0.1500             -0.1646              1.2045              0.0150  
backward:              0.1000             -0.2361              0.9684              0.0165  
backward:              0.0500             -0.3763              0.5921              0.0265  
backward:              0.0000             -0.6961             -0.1040              0.0409  
Inaccuracy estimation
======================================================================================================
                   i        i+δi          P0_overlap_P1   δε(forward)/ε   δε(backward)/ε
======================================================================================================
inaccuracy:  0.00000        0.05000           45.43           -0.01            1.17
inaccuracy:  0.05000        0.10000           68.01           -0.00            0.30
inaccuracy:  0.10000        0.15000           68.14           -0.00            0.21
inaccuracy:  0.15000        0.20000           75.92           -0.00            0.11
inaccuracy:  0.20000        0.25000           77.40           -0.00            0.11
inaccuracy:  0.25000        0.30000           82.35           -0.00            0.07
inaccuracy:  0.30000        0.35000           80.27           -0.00            0.07
inaccuracy:  0.35000        0.40000           81.40           -0.00            0.06
inaccuracy:  0.40000        0.45000           80.53           -0.01            0.06
inaccuracy:  0.45000        0.50000           81.34           -0.00            0.05
inaccuracy:  0.50000        0.55000           75.02           -0.02            0.07
inaccuracy:  0.55000        0.60000           79.84           -0.01            0.05
inaccuracy:  0.60000        0.65000           77.84           -0.02            0.06
inaccuracy:  0.65000        0.70000           81.24           -0.01            0.05
inaccuracy:  0.70000        0.75000           78.18           -0.02            0.05
inaccuracy:  0.75000        0.80000           80.55           -0.01            0.05
inaccuracy:  0.80000        0.85000           78.80           -0.02            0.05
inaccuracy:  0.85000        0.90000           81.06           -0.01            0.04
inaccuracy:  0.90000        0.95000           78.59           -0.02            0.05
inaccuracy:  0.95000        1.00000           80.35           -0.01            0.04
===================================================================================================================================
            	   BAR        
-----------------------------------------------------------------------------------------------------------------------------------
BAR-estimator:         λ             λ+δλ          ΔΔA             ΔA            C               Δδe            δe       
                          
-----------------------------------------------------------------------------------------------------------------------------------
BAR-estimator:      0.00000        0.05000        0.5958         0.5958         0.5958         0.0067         0.0067 
BAR-estimator:      0.05000        0.10000        0.3593         0.9551         0.3593         0.0044         0.0080 
BAR-estimator:      0.10000        0.15000        0.2094         1.1646         0.2094         0.0035         0.0087 
BAR-estimator:      0.15000        0.20000        0.1592         1.3238         0.1592         0.0026         0.0091 
BAR-estimator:      0.20000        0.25000        0.1045         1.4282         0.1045         0.0025         0.0094 
BAR-estimator:      0.25000        0.30000        0.0794         1.5077         0.0794         0.0023         0.0097 
BAR-estimator:      0.30000        0.35000        0.0567         1.5643         0.0567         0.0026         0.0101 
BAR-estimator:      0.35000        0.40000        0.0487         1.6131         0.0487         0.0022         0.0103 
BAR-estimator:      0.40000        0.45000        0.0253         1.6384         0.0253         0.0020         0.0105 
BAR-estimator:      0.45000        0.50000        0.0211         1.6595         0.0211         0.0021         0.0107 
BAR-estimator:      0.50000        0.55000       -0.0243         1.6352        -0.0243         0.0025         0.0110 
BAR-estimator:      0.55000        0.60000       -0.0468         1.5884        -0.0468         0.0021         0.0112 
BAR-estimator:      0.60000        0.65000       -0.0937         1.4947        -0.0937         0.0022         0.0114 
BAR-estimator:      0.65000        0.70000       -0.1068         1.3879        -0.1068         0.0021         0.0116 
BAR-estimator:      0.70000        0.75000       -0.1357         1.2522        -0.1357         0.0020         0.0117 
BAR-estimator:      0.75000        0.80000       -0.1439         1.1083        -0.1439         0.0020         0.0119 
BAR-estimator:      0.80000        0.85000       -0.1700         0.9383        -0.1700         0.0021         0.0121 
BAR-estimator:      0.85000        0.90000       -0.1789         0.7594        -0.1789         0.0022         0.0123 
BAR-estimator:      0.90000        0.95000       -0.1959         0.5635        -0.1959         0.0019         0.0124 
BAR-estimator:      0.95000        1.00000       -0.2009         0.3626        -0.2009         0.0018         0.0126 
BAR-estimator: total free energy change is 0.3625533706759713 , total error is 0.012575001509107762
