#========================================================================================
#                     Free energy perturbation    
#----------------------------------------------------------------------------------------
#forward/backward          λ              ΔΔA                 ΔA                  δε   
#                                                 
#----------------------------------------------------------------------------------------
forward:               0.0000              0.0000              0.0000              0.0000  
forward:               0.0500              0.3700              0.3700              0.0053  
forward:               0.1000              0.2764              0.6465              0.0068  
forward:               0.1500              0.2212              0.8677              0.0079  
forward:               0.2000              0.1819              1.0496              0.0087  
forward:               0.2500              0.1565              1.2061              0.0095  
forward:               0.3000              0.1383              1.3444              0.0100  
forward:               0.3500              0.1223              1.4667              0.0105  
forward:               0.4000              0.1154              1.5821              0.0109  
forward:               0.4500              0.1131              1.6952              0.0113  
forward:               0.5000              0.0994              1.7946              0.0116  
forward:               0.5500              0.0895              1.8841              0.0120  
forward:               0.6000              0.0665              1.9506              0.0123  
forward:               0.6500              0.0534              2.0041              0.0126  
forward:               0.7000              0.0438              2.0479              0.0129  
forward:               0.7500              0.0347              2.0825              0.0132  
forward:               0.8000              0.0304              2.1129              0.0135  
forward:               0.8500              0.0225              2.1354              0.0137  
forward:               0.9000              0.0173              2.1527              0.0139  
forward:               0.9500              0.0172              2.1699              0.0141  
forward:               1.0000              0.0148              2.1847              0.0143  
backward:              1.0000              0.0000              2.1847              0.0000  
backward:              0.9500             -0.0167              2.1680              0.0027  
backward:              0.9000             -0.0131              2.1549              0.0039  
backward:              0.8500             -0.0150              2.1399              0.0048  
backward:              0.8000             -0.0226              2.1173              0.0058  
backward:              0.7500             -0.0328              2.0845              0.0066  
backward:              0.7000             -0.0384              2.0461              0.0073  
backward:              0.6500             -0.0465              1.9996              0.0081  
backward:              0.6000             -0.0569              1.9427              0.0088  
backward:              0.5500             -0.0700              1.8727              0.0094  
backward:              0.5000             -0.0939              1.7788              0.0100  
backward:              0.4500             -0.1110              1.6678              0.0107  
backward:              0.4000             -0.1067              1.5611              0.0115  
backward:              0.3500             -0.1150              1.4461              0.0121  
backward:              0.3000             -0.1238              1.3223              0.0128  
backward:              0.2500             -0.1420              1.1804              0.0135  
backward:              0.2000             -0.1803              1.0001              0.0211  
backward:              0.1500             -0.1897              0.8104              0.0216  
backward:              0.1000             -0.2205              0.5899              0.0223  
backward:              0.0500             -0.2758              0.3141              0.0233  
backward:              0.0000             -0.3738             -0.0596              0.0246  
Inaccuracy estimation
======================================================================================================
                   i        i+δi          P0_overlap_P1   δε(forward)/ε   δε(backward)/ε
======================================================================================================
inaccuracy:  0.00000        0.05000           69.26           -0.00            0.26
inaccuracy:  0.05000        0.10000           74.59           -0.00            0.19
inaccuracy:  0.10000        0.15000           76.33           -0.00            0.13
inaccuracy:  0.15000        0.20000           79.74           -0.00            0.11
inaccuracy:  0.20000        0.25000           80.35           -0.00            0.09
inaccuracy:  0.25000        0.30000           80.63           -0.00            0.08
inaccuracy:  0.30000        0.35000           81.21           -0.00            0.07
inaccuracy:  0.35000        0.40000           81.70           -0.00            0.07
inaccuracy:  0.40000        0.45000           80.10           -0.00            0.08
inaccuracy:  0.45000        0.50000           82.97           -0.00            0.06
inaccuracy:  0.50000        0.55000           81.48           -0.01            0.07
inaccuracy:  0.55000        0.60000           81.74           -0.01            0.07
inaccuracy:  0.60000        0.65000           81.47           -0.01            0.06
inaccuracy:  0.65000        0.70000           81.42           -0.01            0.06
inaccuracy:  0.70000        0.75000           81.83           -0.01            0.06
inaccuracy:  0.75000        0.80000           81.93           -0.01            0.06
inaccuracy:  0.80000        0.85000           81.12           -0.01            0.06
inaccuracy:  0.85000        0.90000           81.58           -0.01            0.06
inaccuracy:  0.90000        0.95000           81.07           -0.01            0.06
inaccuracy:  0.95000        1.00000           81.88           -0.01            0.06
===================================================================================================================================
                BAR        
-----------------------------------------------------------------------------------------------------------------------------------
BAR-estimator:         λ             λ+δλ          ΔΔA             ΔA            C               Δδe            δe       
                          
-----------------------------------------------------------------------------------------------------------------------------------
BAR-estimator:      0.00000        0.05000        0.3707         0.3707         0.3707         0.0038         0.0038 
BAR-estimator:      0.05000        0.10000        0.2776         0.6482         0.2776         0.0030         0.0048 
BAR-estimator:      0.10000        0.15000        0.2208         0.8690         0.2208         0.0028         0.0056 
BAR-estimator:      0.15000        0.20000        0.1849         1.0540         0.1849         0.0026         0.0061 
BAR-estimator:      0.20000        0.25000        0.1595         1.2135         0.1595         0.0026         0.0067 
BAR-estimator:      0.25000        0.30000        0.1395         1.3530         0.1395         0.0023         0.0070 
BAR-estimator:      0.30000        0.35000        0.1229         1.4758         0.1229         0.0022         0.0074 
BAR-estimator:      0.35000        0.40000        0.1156         1.5914         0.1156         0.0021         0.0077 
BAR-estimator:      0.40000        0.45000        0.1096         1.7010         0.1096         0.0021         0.0080 
BAR-estimator:      0.45000        0.50000        0.1029         1.8040         0.1029         0.0020         0.0082 
BAR-estimator:      0.50000        0.55000        0.0914         1.8954         0.0914         0.0024         0.0086 
BAR-estimator:      0.55000        0.60000        0.0690         1.9644         0.0690         0.0021         0.0088 
BAR-estimator:      0.60000        0.65000        0.0536         2.0180         0.0536         0.0022         0.0091 
BAR-estimator:      0.65000        0.70000        0.0443         2.0623         0.0443         0.0022         0.0094 
BAR-estimator:      0.70000        0.75000        0.0360         2.0984         0.0360         0.0022         0.0096 
BAR-estimator:      0.75000        0.80000        0.0313         2.1297         0.0313         0.0014         0.0097 
BAR-estimator:      0.80000        0.85000        0.0215         2.1512         0.0215         0.0019         0.0099 
BAR-estimator:      0.85000        0.90000        0.0173         2.1685         0.0173         0.0019         0.0101 
BAR-estimator:      0.90000        0.95000        0.0162         2.1847         0.0162         0.0020         0.0103 
BAR-estimator:      0.95000        1.00000        0.0171         2.2017         0.0171         0.0019         0.0104 
BAR-estimator: total free energy change is 2.2017426689532518 , total error is 0.010439402820221735
