#========================================================================================
#                     Free energy perturbation    
#----------------------------------------------------------------------------------------
#forward/backward          λ              ΔΔA                 ΔA                  δε   
#                                                 
#----------------------------------------------------------------------------------------
forward:               0.0000              0.0000              0.0000              0.0000  
forward:               0.0500              0.5801              0.5801              0.0079  
forward:               0.1000              0.3923              0.9724              0.0107  
forward:               0.1500              0.2712              1.2436              0.0119  
forward:               0.2000              0.1918              1.4354              0.0128  
forward:               0.2500              0.1408              1.5761              0.0131  
forward:               0.3000              0.1150              1.6912              0.0137  
forward:               0.3500              0.0888              1.7800              0.0142  
forward:               0.4000              0.0792              1.8592              0.0146  
forward:               0.4500              0.0521              1.9113              0.0151  
forward:               0.5000              0.0521              1.9634              0.0154  
forward:               0.5500             -0.0321              1.9313              0.0160  
forward:               0.6000             -0.1872              1.7441              0.0165  
forward:               0.6500             -0.3601              1.3840              0.0177  
forward:               0.7000             -0.5273              0.8567              0.0185  
forward:               0.7500             -0.6390              0.2177              0.0192  
forward:               0.8000             -0.6617             -0.4441              0.0196  
forward:               0.8500             -0.6235             -1.0675              0.0199  
forward:               0.9000             -0.5902             -1.6577              0.0202  
forward:               0.9500             -0.5481             -2.2058              0.0205  
forward:               1.0000             -0.5202             -2.7260              0.0208  
backward:              1.0000              0.0000             -2.7260              0.0000  
backward:              0.9500              0.5203             -2.2057              0.0046  
backward:              0.9000              0.5506             -1.6551              0.0063  
backward:              0.8500              0.5873             -1.0678              0.0078  
backward:              0.8000              0.6272             -0.4407              0.0091  
backward:              0.7500              0.6567              0.2161              0.0115  
backward:              0.7000              0.6371              0.8532              0.0130  
backward:              0.6500              0.5423              1.3955              0.0146  
backward:              0.6000              0.3597              1.7552              0.0158  
backward:              0.5500              0.1795              1.9347              0.0166  
backward:              0.5000              0.0267              1.9613              0.0171  
backward:              0.4500             -0.0505              1.9108              0.0177  
backward:              0.4000             -0.0548              1.8560              0.0180  
backward:              0.3500             -0.0665              1.7895              0.0185  
backward:              0.3000             -0.0919              1.6977              0.0190  
backward:              0.2500             -0.1087              1.5890              0.0196  
backward:              0.2000             -0.1415              1.4475              0.0204  
backward:              0.1500             -0.2094              1.2381              0.0239  
backward:              0.1000             -0.2737              0.9644              0.0264  
backward:              0.0500             -0.3770              0.5874              0.0278  
backward:              0.0000             -0.5951             -0.0076              0.0305  
Inaccuracy estimation
======================================================================================================
                   i        i+δi          P0_overlap_P1   δε(forward)/ε   δε(backward)/ε
======================================================================================================
inaccuracy:  0.00000        0.05000           59.57           -0.01            0.48
inaccuracy:  0.05000        0.10000           65.87           -0.01            0.32
inaccuracy:  0.10000        0.15000           70.20           -0.00            0.19
inaccuracy:  0.15000        0.20000           74.82           -0.01            0.14
inaccuracy:  0.20000        0.25000           76.62           -0.00            0.12
inaccuracy:  0.25000        0.30000           76.66           -0.00            0.10
inaccuracy:  0.30000        0.35000           78.85           -0.01            0.09
inaccuracy:  0.35000        0.40000           77.62           -0.01            0.09
inaccuracy:  0.40000        0.45000           79.97           -0.00            0.07
inaccuracy:  0.45000        0.50000           78.71           -0.00            0.07
inaccuracy:  0.50000        0.55000           73.46           -0.05            0.10
inaccuracy:  0.55000        0.60000           73.20           -0.07            0.08
inaccuracy:  0.60000        0.65000           70.10           -0.09            0.07
inaccuracy:  0.65000        0.70000           67.35           -0.08            0.06
inaccuracy:  0.70000        0.75000           70.94           -0.06            0.05
inaccuracy:  0.75000        0.80000           72.47           -0.05            0.05
inaccuracy:  0.80000        0.85000           71.74           -0.05            0.06
inaccuracy:  0.85000        0.90000           72.33           -0.06            0.07
inaccuracy:  0.90000        0.95000           70.79           -0.05            0.08
inaccuracy:  0.95000        1.00000           70.51           -0.05            0.09
===================================================================================================================================
                BAR        
-----------------------------------------------------------------------------------------------------------------------------------
BAR-estimator:         λ             λ+δλ          ΔΔA             ΔA            C               Δδe            δe       
                          
-----------------------------------------------------------------------------------------------------------------------------------
BAR-estimator:      0.00000        0.05000        0.5920         0.5920         0.5920         0.0051         0.0051 
BAR-estimator:      0.05000        0.10000        0.3874         0.9794         0.3874         0.0039         0.0064 
BAR-estimator:      0.10000        0.15000        0.2669         1.2463         0.2669         0.0036         0.0074 
BAR-estimator:      0.15000        0.20000        0.1944         1.4406         0.1944         0.0031         0.0080 
BAR-estimator:      0.20000        0.25000        0.1417         1.5823         0.1417         0.0033         0.0087 
BAR-estimator:      0.25000        0.30000        0.1128         1.6951         0.1128         0.0030         0.0091 
BAR-estimator:      0.30000        0.35000        0.0895         1.7846         0.0895         0.0030         0.0096 
BAR-estimator:      0.35000        0.40000        0.0749         1.8596         0.0749         0.0026         0.0100 
BAR-estimator:      0.40000        0.45000        0.0535         1.9131         0.0535         0.0025         0.0103 
BAR-estimator:      0.45000        0.50000        0.0503         1.9634         0.0503         0.0023         0.0105 
BAR-estimator:      0.50000        0.55000       -0.0279         1.9355        -0.0279         0.0031         0.0110 
BAR-estimator:      0.55000        0.60000       -0.1826         1.7529        -0.1826         0.0030         0.0114 
BAR-estimator:      0.60000        0.65000       -0.3612         1.3916        -0.3612         0.0038         0.0120 
BAR-estimator:      0.65000        0.70000       -0.5382         0.8534        -0.5382         0.0035         0.0125 
BAR-estimator:      0.70000        0.75000       -0.6386         0.2148        -0.6386         0.0038         0.0131 
BAR-estimator:      0.75000        0.80000       -0.6607        -0.4459        -0.6607         0.0030         0.0134 
BAR-estimator:      0.80000        0.85000       -0.6238        -1.0697        -0.6238         0.0029         0.0137 
BAR-estimator:      0.85000        0.90000       -0.5877        -1.6574        -0.5877         0.0029         0.0140 
BAR-estimator:      0.90000        0.95000       -0.5488        -2.2062        -0.5488         0.0030         0.0144 
BAR-estimator:      0.95000        1.00000       -0.5182        -2.7244        -0.5182         0.0027         0.0146 
BAR-estimator: total free energy change is -2.724373907401338 , total error is 0.014606624102303501
