#========================================================================================
#                     Free energy perturbation    
#----------------------------------------------------------------------------------------
#forward/backward          λ              ΔΔA                 ΔA                  δε   
#                                                 
#----------------------------------------------------------------------------------------
forward:               0.0000              0.0000              0.0000              0.0000  
forward:               0.0500              0.8177              0.8177              0.0107  
forward:               0.1000              0.4566              1.2743              0.0133  
forward:               0.1500              0.2943              1.5687              0.0144  
forward:               0.2000              0.1948              1.7634              0.0154  
forward:               0.2500              0.1327              1.8961              0.0161  
forward:               0.3000              0.0971              1.9932              0.0166  
forward:               0.3500              0.0743              2.0676              0.0171  
forward:               0.4000              0.0559              2.1234              0.0175  
forward:               0.4500              0.0299              2.1534              0.0178  
forward:               0.5000              0.0190              2.1724              0.0181  
forward:               0.5500             -0.0110              2.1615              0.0184  
forward:               0.6000             -0.0747              2.0868              0.0187  
forward:               0.6500             -0.1254              1.9614              0.0189  
forward:               0.7000             -0.1696              1.7918              0.0192  
forward:               0.7500             -0.2041              1.5877              0.0195  
forward:               0.8000             -0.2314              1.3562              0.0197  
forward:               0.8500             -0.2575              1.0987              0.0199  
forward:               0.9000             -0.2782              0.8205              0.0201  
forward:               0.9500             -0.2924              0.5281              0.0203  
forward:               1.0000             -0.3067              0.2214              0.0205  
backward:              1.0000              0.0000              0.2214              0.0000  
backward:              0.9500              0.3111              0.5325              0.0038  
backward:              0.9000              0.2902              0.8227              0.0054  
backward:              0.8500              0.2753              1.0980              0.0065  
backward:              0.8000              0.2561              1.3541              0.0074  
backward:              0.7500              0.2338              1.5879              0.0085  
backward:              0.7000              0.2039              1.7918              0.0092  
backward:              0.6500              0.1668              1.9586              0.0100  
backward:              0.6000              0.1214              2.0800              0.0111  
backward:              0.5500              0.0724              2.1524              0.0117  
backward:              0.5000              0.0210              2.1734              0.0124  
backward:              0.4500             -0.0243              2.1491              0.0130  
backward:              0.4000             -0.0287              2.1204              0.0136  
backward:              0.3500             -0.0517              2.0687              0.0144  
backward:              0.3000             -0.0668              2.0019              0.0151  
backward:              0.2500             -0.1035              1.8984              0.0160  
backward:              0.2000             -0.1351              1.7632              0.0169  
backward:              0.1500             -0.1941              1.5691              0.0188  
backward:              0.1000             -0.3117              1.2574              0.0214  
backward:              0.0500             -0.4557              0.8017              0.0254  
backward:              0.0000             -0.8555             -0.0538              0.0495  
Inaccuracy estimation
======================================================================================================
                   i        i+δi          P0_overlap_P1   δε(forward)/ε   δε(backward)/ε
======================================================================================================
inaccuracy:  0.00000        0.05000           50.92           -0.01            0.89
inaccuracy:  0.05000        0.10000           62.87           -0.01            0.41
inaccuracy:  0.10000        0.15000           69.29           -0.00            0.23
inaccuracy:  0.15000        0.20000           72.66           -0.01            0.16
inaccuracy:  0.20000        0.25000           75.52           -0.00            0.13
inaccuracy:  0.25000        0.30000           77.08           -0.01            0.10
inaccuracy:  0.30000        0.35000           76.95           -0.00            0.10
inaccuracy:  0.35000        0.40000           77.33           -0.01            0.08
inaccuracy:  0.40000        0.45000           78.09           -0.00            0.08
inaccuracy:  0.45000        0.50000           78.68           -0.00            0.07
inaccuracy:  0.50000        0.55000           75.39           -0.02            0.08
inaccuracy:  0.55000        0.60000           76.95           -0.02            0.07
inaccuracy:  0.60000        0.65000           77.08           -0.02            0.07
inaccuracy:  0.65000        0.70000           77.50           -0.02            0.06
inaccuracy:  0.70000        0.75000           77.90           -0.02            0.06
inaccuracy:  0.75000        0.80000           76.71           -0.02            0.06
inaccuracy:  0.80000        0.85000           77.18           -0.02            0.06
inaccuracy:  0.85000        0.90000           77.35           -0.02            0.06
inaccuracy:  0.90000        0.95000           77.01           -0.02            0.06
inaccuracy:  0.95000        1.00000           76.75           -0.02            0.06
===================================================================================================================================
                BAR        
-----------------------------------------------------------------------------------------------------------------------------------
BAR-estimator:         λ             λ+δλ          ΔΔA             ΔA            C               Δδe            δe       
                          
-----------------------------------------------------------------------------------------------------------------------------------
BAR-estimator:      0.00000        0.05000        0.8101         0.8101         0.8101         0.0066         0.0066 
BAR-estimator:      0.05000        0.10000        0.4544         1.2645         0.4544         0.0052         0.0084 
BAR-estimator:      0.10000        0.15000        0.2973         1.5618         0.2973         0.0037         0.0092 
BAR-estimator:      0.15000        0.20000        0.1937         1.7555         0.1937         0.0036         0.0099 
BAR-estimator:      0.20000        0.25000        0.1355         1.8910         0.1355         0.0032         0.0104 
BAR-estimator:      0.25000        0.30000        0.0979         1.9889         0.0979         0.0028         0.0108 
BAR-estimator:      0.30000        0.35000        0.0726         2.0615         0.0726         0.0021         0.0110 
BAR-estimator:      0.35000        0.40000        0.0531         2.1145         0.0531         0.0030         0.0114 
BAR-estimator:      0.40000        0.45000        0.0296         2.1441         0.0296         0.0024         0.0116 
BAR-estimator:      0.45000        0.50000        0.0198         2.1639         0.0198         0.0023         0.0118 
BAR-estimator:      0.50000        0.55000       -0.0136         2.1503        -0.0136         0.0026         0.0121 
BAR-estimator:      0.55000        0.60000       -0.0748         2.0756        -0.0748         0.0023         0.0123 
BAR-estimator:      0.60000        0.65000       -0.1257         1.9499        -0.1257         0.0024         0.0126 
BAR-estimator:      0.65000        0.70000       -0.1678         1.7820        -0.1678         0.0024         0.0128 
BAR-estimator:      0.70000        0.75000       -0.2034         1.5786        -0.2034         0.0024         0.0130 
BAR-estimator:      0.75000        0.80000       -0.2327         1.3459        -0.2327         0.0022         0.0132 
BAR-estimator:      0.80000        0.85000       -0.2580         1.0879        -0.2580         0.0022         0.0134 
BAR-estimator:      0.85000        0.90000       -0.2768         0.8111        -0.2768         0.0023         0.0136 
BAR-estimator:      0.90000        0.95000       -0.2916         0.5195        -0.2916         0.0023         0.0138 
BAR-estimator:      0.95000        1.00000       -0.3077         0.2117        -0.3077         0.0024         0.0140 
BAR-estimator: total free energy change is 0.21174681128730233 , total error is 0.01397187338375209
