#========================================================================================
#                     Free energy perturbation    
#----------------------------------------------------------------------------------------
#forward/backward          λ              ΔΔA                 ΔA                  δε   
#                                                 
#----------------------------------------------------------------------------------------
forward:               0.0000              0.0000              0.0000              0.0000  
forward:               0.0500              0.5572              0.5572              0.0073  
forward:               0.1000              0.3243              0.8815              0.0093  
forward:               0.1500              0.2341              1.1156              0.0103  
forward:               0.2000              0.1671              1.2827              0.0112  
forward:               0.2500              0.1359              1.4186              0.0114  
forward:               0.3000              0.1079              1.5265              0.0119  
forward:               0.3500              0.0869              1.6134              0.0124  
forward:               0.4000              0.0728              1.6862              0.0127  
forward:               0.4500              0.0606              1.7467              0.0131  
forward:               0.5000              0.0506              1.7973              0.0134  
forward:               0.5500              0.0203              1.8176              0.0135  
forward:               0.6000             -0.0329              1.7847              0.0138  
forward:               0.6500             -0.0583              1.7264              0.0141  
forward:               0.7000             -0.0893              1.6371              0.0143  
forward:               0.7500             -0.1112              1.5259              0.0150  
forward:               0.8000             -0.1333              1.3926              0.0152  
forward:               0.8500             -0.1430              1.2496              0.0154  
forward:               0.9000             -0.1578              1.0918              0.0157  
forward:               0.9500             -0.1723              0.9194              0.0159  
forward:               1.0000             -0.1779              0.7415              0.0161  
backward:              1.0000              0.0000              0.7415              0.0000  
backward:              0.9500              0.1769              0.9184              0.0031  
backward:              0.9000              0.1715              1.0900              0.0045  
backward:              0.8500              0.1518              1.2418              0.0054  
backward:              0.8000              0.1432              1.3850              0.0063  
backward:              0.7500              0.1268              1.5118              0.0070  
backward:              0.7000              0.1095              1.6214              0.0076  
backward:              0.6500              0.0842              1.7056              0.0083  
backward:              0.6000              0.0599              1.7654              0.0090  
backward:              0.5500              0.0213              1.7867              0.0096  
backward:              0.5000             -0.0278              1.7589              0.0104  
backward:              0.4500             -0.0465              1.7123              0.0109  
backward:              0.4000             -0.0594              1.6529              0.0113  
backward:              0.3500             -0.0770              1.5759              0.0119  
backward:              0.3000             -0.0882              1.4877              0.0125  
backward:              0.2500             -0.1078              1.3799              0.0134  
backward:              0.2000             -0.1267              1.2533              0.0140  
backward:              0.1500             -0.1767              1.0766              0.0153  
backward:              0.1000             -0.2401              0.8365              0.0166  
backward:              0.0500             -0.3193              0.5172              0.0191  
backward:              0.0000             -0.5705             -0.0533              0.0288  
Inaccuracy estimation
======================================================================================================
                   i        i+δi          P0_overlap_P1   δε(forward)/ε   δε(backward)/ε
======================================================================================================
inaccuracy:  0.00000        0.05000           50.74           -0.01            0.75
inaccuracy:  0.05000        0.10000           69.40           -0.00            0.26
inaccuracy:  0.10000        0.15000           70.21           -0.00            0.19
inaccuracy:  0.15000        0.20000           78.14           -0.00            0.11
inaccuracy:  0.20000        0.25000           76.04           -0.00            0.10
inaccuracy:  0.25000        0.30000           79.88           -0.00            0.08
inaccuracy:  0.30000        0.35000           80.44           -0.00            0.07
inaccuracy:  0.35000        0.40000           82.41           -0.00            0.06
inaccuracy:  0.40000        0.45000           80.73           -0.01            0.07
inaccuracy:  0.45000        0.50000           81.98           -0.00            0.06
inaccuracy:  0.50000        0.55000           74.43           -0.02            0.07
inaccuracy:  0.55000        0.60000           81.52           -0.01            0.05
inaccuracy:  0.60000        0.65000           77.24           -0.01            0.06
inaccuracy:  0.65000        0.70000           81.22           -0.01            0.05
inaccuracy:  0.70000        0.75000           78.81           -0.02            0.05
inaccuracy:  0.75000        0.80000           81.78           -0.01            0.04
inaccuracy:  0.80000        0.85000           79.65           -0.02            0.05
inaccuracy:  0.85000        0.90000           81.53           -0.01            0.04
inaccuracy:  0.90000        0.95000           80.03           -0.02            0.04
inaccuracy:  0.95000        1.00000           81.16           -0.02            0.05
===================================================================================================================================
            	   BAR        
-----------------------------------------------------------------------------------------------------------------------------------
BAR-estimator:         λ             λ+δλ          ΔΔA             ΔA            C               Δδe            δe       
                          
-----------------------------------------------------------------------------------------------------------------------------------
BAR-estimator:      0.00000        0.05000        0.4944         0.4944         0.4944         0.0052         0.0052 
BAR-estimator:      0.05000        0.10000        0.3233         0.8177         0.3233         0.0039         0.0065 
BAR-estimator:      0.10000        0.15000        0.2161         1.0338         0.2161         0.0032         0.0072 
BAR-estimator:      0.15000        0.20000        0.1698         1.2036         0.1698         0.0028         0.0078 
BAR-estimator:      0.20000        0.25000        0.1250         1.3286         0.1250         0.0027         0.0082 
BAR-estimator:      0.25000        0.30000        0.1067         1.4353         0.1067         0.0024         0.0086 
BAR-estimator:      0.30000        0.35000        0.0826         1.5179         0.0826         0.0023         0.0089 
BAR-estimator:      0.35000        0.40000        0.0737         1.5916         0.0737         0.0021         0.0091 
BAR-estimator:      0.40000        0.45000        0.0553         1.6469         0.0553         0.0022         0.0094 
BAR-estimator:      0.45000        0.50000        0.0495         1.6964         0.0495         0.0021         0.0096 
BAR-estimator:      0.50000        0.55000        0.0006         1.6970         0.0006         0.0022         0.0098 
BAR-estimator:      0.55000        0.60000       -0.0279         1.6692        -0.0279         0.0019         0.0100 
BAR-estimator:      0.60000        0.65000       -0.0714         1.5977        -0.0714         0.0020         0.0102 
BAR-estimator:      0.65000        0.70000       -0.0876         1.5102        -0.0876         0.0021         0.0104 
BAR-estimator:      0.70000        0.75000       -0.1199         1.3903        -0.1199         0.0022         0.0107 
BAR-estimator:      0.75000        0.80000       -0.1312         1.2591        -0.1312         0.0019         0.0108 
BAR-estimator:      0.80000        0.85000       -0.1483         1.1108        -0.1483         0.0021         0.0110 
BAR-estimator:      0.85000        0.90000       -0.1558         0.9550        -0.1558         0.0021         0.0112 
BAR-estimator:      0.90000        0.95000       -0.1760         0.7789        -0.1760         0.0018         0.0114 
BAR-estimator:      0.95000        1.00000       -0.1768         0.6021        -0.1768         0.0021         0.0116 
BAR-estimator: total free energy change is 0.6021213701913044 , total error is 0.011581630323375218
