#========================================================================================
#                     Free energy perturbation    
#----------------------------------------------------------------------------------------
#forward/backward          λ              ΔΔA                 ΔA                  δε   
#                                                 
#----------------------------------------------------------------------------------------
forward:               0.0000              0.0000              0.0000              0.0000  
forward:               0.0500              0.9420              0.9420              0.0188  
forward:               0.1000              0.4199              1.3619              0.0203  
forward:               0.1500              0.2539              1.6158              0.0211  
forward:               0.2000              0.1623              1.7781              0.0216  
forward:               0.2500              0.1039              1.8821              0.0220  
forward:               0.3000              0.0629              1.9450              0.0223  
forward:               0.3500              0.0472              1.9921              0.0225  
forward:               0.4000              0.0226              2.0147              0.0228  
forward:               0.4500              0.0103              2.0250              0.0230  
forward:               0.5000              0.0002              2.0252              0.0232  
forward:               0.5500             -0.0468              1.9784              0.0234  
forward:               0.6000             -0.1192              1.8592              0.0236  
forward:               0.6500             -0.1761              1.6831              0.0238  
forward:               0.7000             -0.2233              1.4598              0.0241  
forward:               0.7500             -0.2605              1.1994              0.0242  
forward:               0.8000             -0.2987              0.9007              0.0244  
forward:               0.8500             -0.3290              0.5717              0.0245  
forward:               0.9000             -0.3489              0.2228              0.0246  
forward:               0.9500             -0.3753             -0.1525              0.0248  
forward:               1.0000             -0.3945             -0.5470              0.0249  
backward:              1.0000              0.0000             -0.5470              0.0000  
backward:              0.9500              0.3921             -0.1549              0.0031  
backward:              0.9000              0.3765              0.2217              0.0046  
backward:              0.8500              0.3471              0.5688              0.0056  
backward:              0.8000              0.3304              0.8991              0.0067  
backward:              0.7500              0.2984              1.1975              0.0075  
backward:              0.7000              0.2617              1.4592              0.0082  
backward:              0.6500              0.2289              1.6881              0.0088  
backward:              0.6000              0.1783              1.8664              0.0095  
backward:              0.5500              0.1157              1.9820              0.0101  
backward:              0.5000              0.0384              2.0205              0.0110  
backward:              0.4500              0.0003              2.0208              0.0116  
backward:              0.4000             -0.0051              2.0157              0.0121  
backward:              0.3500             -0.0284              1.9873              0.0127  
backward:              0.3000             -0.0451              1.9423              0.0132  
backward:              0.2500             -0.0704              1.8718              0.0140  
backward:              0.2000             -0.1078              1.7640              0.0146  
backward:              0.1500             -0.1667              1.5973              0.0157  
backward:              0.1000             -0.2551              1.3422              0.0175  
backward:              0.0500             -0.4091              0.9332              0.0195  
backward:              0.0000             -0.8578              0.0753              0.0317  
Inaccuracy estimation
======================================================================================================
                   i        i+δi          P0_overlap_P1   δε(forward)/ε   δε(backward)/ε
======================================================================================================
inaccuracy:  0.00000        0.05000           43.99           -0.02            1.95
inaccuracy:  0.05000        0.10000           64.86           -0.01            0.37
inaccuracy:  0.10000        0.15000           71.43           -0.01            0.19
inaccuracy:  0.15000        0.20000           75.77           -0.00            0.13
inaccuracy:  0.20000        0.25000           77.79           -0.00            0.10
inaccuracy:  0.25000        0.30000           80.43           -0.00            0.08
inaccuracy:  0.30000        0.35000           79.64           -0.00            0.07
inaccuracy:  0.35000        0.40000           81.58           -0.00            0.06
inaccuracy:  0.40000        0.45000           81.07           -0.01            0.06
inaccuracy:  0.45000        0.50000           81.13           -0.01            0.06
inaccuracy:  0.50000        0.55000           78.08           -0.02            0.06
inaccuracy:  0.55000        0.60000           79.02           -0.02            0.05
inaccuracy:  0.60000        0.65000           79.13           -0.02            0.05
inaccuracy:  0.65000        0.70000           78.99           -0.02            0.05
inaccuracy:  0.70000        0.75000           78.83           -0.02            0.04
inaccuracy:  0.75000        0.80000           80.00           -0.02            0.04
inaccuracy:  0.80000        0.85000           79.09           -0.02            0.04
inaccuracy:  0.85000        0.90000           79.68           -0.02            0.04
inaccuracy:  0.90000        0.95000           79.44           -0.02            0.04
inaccuracy:  0.95000        1.00000           79.09           -0.02            0.04
===================================================================================================================================
                BAR        
-----------------------------------------------------------------------------------------------------------------------------------
BAR-estimator:         λ             λ+δλ          ΔΔA             ΔA            C               Δδe            δe       
                          
-----------------------------------------------------------------------------------------------------------------------------------
BAR-estimator:      0.00000        0.05000        0.9454         0.9454         0.9454         0.0121         0.0121 
BAR-estimator:      0.05000        0.10000        0.4183         1.3637         0.4183         0.0052         0.0131 
BAR-estimator:      0.10000        0.15000        0.2523         1.6160         0.2523         0.0040         0.0137 
BAR-estimator:      0.15000        0.20000        0.1650         1.7809         0.1650         0.0031         0.0141 
BAR-estimator:      0.20000        0.25000        0.1049         1.8859         0.1049         0.0028         0.0144 
BAR-estimator:      0.25000        0.30000        0.0669         1.9527         0.0669         0.0026         0.0146 
BAR-estimator:      0.30000        0.35000        0.0464         1.9992         0.0464         0.0024         0.0148 
BAR-estimator:      0.35000        0.40000        0.0252         2.0244         0.0252         0.0023         0.0150 
BAR-estimator:      0.40000        0.45000        0.0087         2.0331         0.0087         0.0021         0.0151 
BAR-estimator:      0.45000        0.50000       -0.0010         2.0320        -0.0010         0.0024         0.0153 
BAR-estimator:      0.50000        0.55000       -0.0450         1.9871        -0.0450         0.0025         0.0155 
BAR-estimator:      0.55000        0.60000       -0.1177         1.8694        -0.1177         0.0024         0.0157 
BAR-estimator:      0.60000        0.65000       -0.1777         1.6917        -0.1777         0.0022         0.0159 
BAR-estimator:      0.65000        0.70000       -0.2250         1.4666        -0.2250         0.0021         0.0160 
BAR-estimator:      0.70000        0.75000       -0.2627         1.2040        -0.2627         0.0021         0.0161 
BAR-estimator:      0.75000        0.80000       -0.2985         0.9054        -0.2985         0.0022         0.0163 
BAR-estimator:      0.80000        0.85000       -0.3304         0.5751        -0.3304         0.0022         0.0164 
BAR-estimator:      0.85000        0.90000       -0.3480         0.2270        -0.3480         0.0022         0.0166 
BAR-estimator:      0.90000        0.95000       -0.3764        -0.1493        -0.3764         0.0021         0.0167 
BAR-estimator:      0.95000        1.00000       -0.3940        -0.5433        -0.3940         0.0021         0.0168 
BAR-estimator: total free energy change is -0.5433115567536333 , total error is 0.016819512174585095
