#========================================================================================
#                     Free energy perturbation    
#----------------------------------------------------------------------------------------
#forward/backward          λ              ΔΔA                 ΔA                  δε   
#                                                 
#----------------------------------------------------------------------------------------
forward:               0.0000              0.0000              0.0000              0.0000  
forward:               0.0500              0.6086              0.6086              0.0076  
forward:               0.1000              0.3478              0.9564              0.0090  
forward:               0.1500              0.2271              1.1835              0.0106  
forward:               0.2000              0.1700              1.3535              0.0111  
forward:               0.2500              0.1231              1.4766              0.0117  
forward:               0.3000              0.1017              1.5784              0.0122  
forward:               0.3500              0.0776              1.6560              0.0125  
forward:               0.4000              0.0612              1.7172              0.0128  
forward:               0.4500              0.0532              1.7704              0.0132  
forward:               0.5000              0.0397              1.8101              0.0136  
forward:               0.5500             -0.0120              1.7981              0.0141  
forward:               0.6000             -0.0982              1.6999              0.0143  
forward:               0.6500             -0.1598              1.5401              0.0145  
forward:               0.7000             -0.2079              1.3321              0.0148  
forward:               0.7500             -0.2479              1.0842              0.0151  
forward:               0.8000             -0.2754              0.8088              0.0154  
forward:               0.8500             -0.2930              0.5158              0.0156  
forward:               0.9000             -0.3040              0.2119              0.0158  
forward:               0.9500             -0.3180             -0.1061              0.0161  
forward:               1.0000             -0.3268             -0.4329              0.0163  
backward:              1.0000              0.0000             -0.4329              0.0000  
backward:              0.9500              0.3239             -0.1091              0.0036  
backward:              0.9000              0.3199              0.2108              0.0047  
backward:              0.8500              0.3108              0.5216              0.0059  
backward:              0.8000              0.2904              0.8120              0.0068  
backward:              0.7500              0.2695              1.0815              0.0079  
backward:              0.7000              0.2435              1.3250              0.0086  
backward:              0.6500              0.2062              1.5313              0.0092  
backward:              0.6000              0.1609              1.6921              0.0098  
backward:              0.5500              0.0994              1.7915              0.0104  
backward:              0.5000              0.0235              1.8150              0.0110  
backward:              0.4500             -0.0458              1.7692              0.0113  
backward:              0.4000             -0.0477              1.7215              0.0117  
backward:              0.3500             -0.0552              1.6663              0.0123  
backward:              0.3000             -0.0767              1.5895              0.0127  
backward:              0.2500             -0.1014              1.4882              0.0136  
backward:              0.2000             -0.1225              1.3656              0.0145  
backward:              0.1500             -0.1683              1.1973              0.0153  
backward:              0.1000             -0.2321              0.9652              0.0163  
backward:              0.0500             -0.3289              0.6363              0.0177  
backward:              0.0000             -0.6149              0.0215              0.0331  
Inaccuracy estimation
======================================================================================================
                   i        i+δi          P0_overlap_P1   δε(forward)/ε   δε(backward)/ε
======================================================================================================
inaccuracy:  0.00000        0.05000           48.11           -0.01            0.86
inaccuracy:  0.05000        0.10000           67.87           -0.00            0.29
inaccuracy:  0.10000        0.15000           70.11           -0.01            0.18
inaccuracy:  0.15000        0.20000           76.77           -0.00            0.12
inaccuracy:  0.20000        0.25000           77.06           -0.00            0.10
inaccuracy:  0.25000        0.30000           79.98           -0.00            0.08
inaccuracy:  0.30000        0.35000           78.75           -0.01            0.08
inaccuracy:  0.35000        0.40000           80.96           -0.01            0.07
inaccuracy:  0.40000        0.45000           80.74           -0.00            0.07
inaccuracy:  0.45000        0.50000           82.55           -0.00            0.06
inaccuracy:  0.50000        0.55000           67.85           -0.03            0.09
inaccuracy:  0.55000        0.60000           77.95           -0.03            0.05
inaccuracy:  0.60000        0.65000           72.30           -0.03            0.05
inaccuracy:  0.65000        0.70000           79.05           -0.03            0.05
inaccuracy:  0.70000        0.75000           75.82           -0.03            0.05
inaccuracy:  0.75000        0.80000           79.51           -0.03            0.05
inaccuracy:  0.80000        0.85000           75.90           -0.03            0.05
inaccuracy:  0.85000        0.90000           77.69           -0.03            0.05
inaccuracy:  0.90000        0.95000           77.17           -0.02            0.05
inaccuracy:  0.95000        1.00000           78.32           -0.03            0.05
===================================================================================================================================
            	   BAR        
-----------------------------------------------------------------------------------------------------------------------------------
BAR-estimator:         λ             λ+δλ          ΔΔA             ΔA            C               Δδe            δe       
                          
-----------------------------------------------------------------------------------------------------------------------------------
BAR-estimator:      0.00000        0.05000        0.5337         0.5337         0.5337         0.0052         0.0052 
BAR-estimator:      0.05000        0.10000        0.3423         0.8760         0.3423         0.0034         0.0062 
BAR-estimator:      0.10000        0.15000        0.2080         1.0839         0.2080         0.0037         0.0073 
BAR-estimator:      0.15000        0.20000        0.1693         1.2532         0.1693         0.0024         0.0076 
BAR-estimator:      0.20000        0.25000        0.1151         1.3683         0.1151         0.0024         0.0080 
BAR-estimator:      0.25000        0.30000        0.1009         1.4692         0.1009         0.0024         0.0084 
BAR-estimator:      0.30000        0.35000        0.0696         1.5387         0.0696         0.0024         0.0087 
BAR-estimator:      0.35000        0.40000        0.0591         1.5978         0.0591         0.0020         0.0089 
BAR-estimator:      0.40000        0.45000        0.0498         1.6476         0.0498         0.0022         0.0092 
BAR-estimator:      0.45000        0.50000        0.0418         1.6894         0.0418         0.0023         0.0095 
BAR-estimator:      0.50000        0.55000       -0.0511         1.6383        -0.0511         0.0027         0.0098 
BAR-estimator:      0.55000        0.60000       -0.0999         1.5384        -0.0999         0.0021         0.0101 
BAR-estimator:      0.60000        0.65000       -0.1832         1.3551        -0.1832         0.0021         0.0103 
BAR-estimator:      0.65000        0.70000       -0.2079         1.1472        -0.2079         0.0022         0.0105 
BAR-estimator:      0.70000        0.75000       -0.2605         0.8867        -0.2605         0.0023         0.0107 
BAR-estimator:      0.75000        0.80000       -0.2743         0.6124        -0.2743         0.0022         0.0110 
BAR-estimator:      0.80000        0.85000       -0.3039         0.3086        -0.3039         0.0022         0.0112 
BAR-estimator:      0.85000        0.90000       -0.3080         0.0006        -0.3080         0.0019         0.0114 
BAR-estimator:      0.90000        0.95000       -0.3233        -0.3227        -0.3233         0.0023         0.0116 
BAR-estimator:      0.95000        1.00000       -0.3266        -0.6492        -0.3266         0.0021         0.0118 
BAR-estimator: total free energy change is -0.64924893120636 , total error is 0.01177463570303798
