#========================================================================================
#                     Free energy perturbation    
#----------------------------------------------------------------------------------------
#forward/backward          λ              ΔΔA                 ΔA                  δε   
#                                                 
#----------------------------------------------------------------------------------------
forward:               0.0000              0.0000              0.0000              0.0000  
forward:               0.0500              0.7049              0.7049              0.0087  
forward:               0.1000              0.4372              1.1421              0.0101  
forward:               0.1500              0.2895              1.4316              0.0114  
forward:               0.2000              0.2288              1.6603              0.0122  
forward:               0.2500              0.1585              1.8189              0.0130  
forward:               0.3000              0.1170              1.9358              0.0136  
forward:               0.3500              0.1049              2.0407              0.0140  
forward:               0.4000              0.0807              2.1214              0.0145  
forward:               0.4500              0.0623              2.1836              0.0149  
forward:               0.5000              0.0584              2.2421              0.0153  
forward:               0.5500              0.0255              2.2676              0.0157  
forward:               0.6000             -0.0215              2.2460              0.0160  
forward:               0.6500             -0.0616              2.1844              0.0163  
forward:               0.7000             -0.0852              2.0992              0.0165  
forward:               0.7500             -0.1088              1.9904              0.0167  
forward:               0.8000             -0.1309              1.8595              0.0170  
forward:               0.8500             -0.1400              1.7196              0.0172  
forward:               0.9000             -0.1578              1.5618              0.0174  
forward:               0.9500             -0.1668              1.3950              0.0175  
forward:               1.0000             -0.1735              1.2215              0.0177  
backward:              1.0000              0.0000              1.2215              0.0000  
backward:              0.9500              0.1742              1.3957              0.0034  
backward:              0.9000              0.1602              1.5559              0.0050  
backward:              0.8500              0.1582              1.7141              0.0059  
backward:              0.8000              0.1356              1.8497              0.0069  
backward:              0.7500              0.1180              1.9677              0.0078  
backward:              0.7000              0.1075              2.0752              0.0085  
backward:              0.6500              0.0832              2.1584              0.0092  
backward:              0.6000              0.0559              2.2143              0.0099  
backward:              0.5500              0.0262              2.2405              0.0106  
backward:              0.5000             -0.0312              2.2093              0.0114  
backward:              0.4500             -0.0465              2.1628              0.0120  
backward:              0.4000             -0.0646              2.0982              0.0126  
backward:              0.3500             -0.0975              2.0007              0.0132  
backward:              0.3000             -0.0979              1.9028              0.0138  
backward:              0.2500             -0.1242              1.7786              0.0145  
backward:              0.2000             -0.1535              1.6250              0.0155  
backward:              0.1500             -0.2189              1.4061              0.0174  
backward:              0.1000             -0.2988              1.1073              0.0189  
backward:              0.0500             -0.4534              0.6540              0.0244  
backward:              0.0000             -0.7084             -0.0545              0.0317  
Inaccuracy estimation
======================================================================================================
                   i        i+δi          P0_overlap_P1   δε(forward)/ε   δε(backward)/ε
======================================================================================================
inaccuracy:  0.00000        0.05000           55.81           -0.01            0.69
inaccuracy:  0.05000        0.10000           66.15           -0.00            0.35
inaccuracy:  0.10000        0.15000           71.78           -0.00            0.20
inaccuracy:  0.15000        0.20000           72.98           -0.00            0.15
inaccuracy:  0.20000        0.25000           76.65           -0.00            0.12
inaccuracy:  0.25000        0.30000           79.60           -0.00            0.09
inaccuracy:  0.30000        0.35000           78.02           -0.00            0.09
inaccuracy:  0.35000        0.40000           81.26           -0.00            0.07
inaccuracy:  0.40000        0.45000           80.75           -0.00            0.07
inaccuracy:  0.45000        0.50000           79.34           -0.01            0.07
inaccuracy:  0.50000        0.55000           78.02           -0.01            0.07
inaccuracy:  0.55000        0.60000           78.23           -0.01            0.07
inaccuracy:  0.60000        0.65000           80.11           -0.01            0.06
inaccuracy:  0.65000        0.70000           79.95           -0.02            0.06
inaccuracy:  0.70000        0.75000           79.73           -0.01            0.05
inaccuracy:  0.75000        0.80000           80.90           -0.01            0.05
inaccuracy:  0.80000        0.85000           79.94           -0.01            0.05
inaccuracy:  0.85000        0.90000           80.30           -0.01            0.05
inaccuracy:  0.90000        0.95000           80.33           -0.01            0.05
inaccuracy:  0.95000        1.00000           79.40           -0.01            0.05
===================================================================================================================================
                BAR        
-----------------------------------------------------------------------------------------------------------------------------------
BAR-estimator:         λ             λ+δλ          ΔΔA             ΔA            C               Δδe            δe       
                          
-----------------------------------------------------------------------------------------------------------------------------------
BAR-estimator:      0.00000        0.05000        0.7036         0.7036         0.7036         0.0056         0.0056 
BAR-estimator:      0.05000        0.10000        0.4419         1.1455         0.4419         0.0042         0.0070 
BAR-estimator:      0.10000        0.15000        0.2938         1.4393         0.2938         0.0035         0.0079 
BAR-estimator:      0.15000        0.20000        0.2232         1.6625         0.2232         0.0033         0.0085 
BAR-estimator:      0.20000        0.25000        0.1589         1.8214         0.1589         0.0030         0.0091 
BAR-estimator:      0.25000        0.30000        0.1211         1.9425         0.1211         0.0025         0.0094 
BAR-estimator:      0.30000        0.35000        0.1023         2.0448         0.1023         0.0026         0.0097 
BAR-estimator:      0.35000        0.40000        0.0871         2.1319         0.0871         0.0025         0.0101 
BAR-estimator:      0.40000        0.45000        0.0637         2.1956         0.0637         0.0023         0.0103 
BAR-estimator:      0.45000        0.50000        0.0542         2.2498         0.0542         0.0023         0.0106 
BAR-estimator:      0.50000        0.55000        0.0273         2.2771         0.0273         0.0028         0.0110 
BAR-estimator:      0.55000        0.60000       -0.0239         2.2532        -0.0239         0.0023         0.0112 
BAR-estimator:      0.60000        0.65000       -0.0599         2.1932        -0.0599         0.0020         0.0114 
BAR-estimator:      0.65000        0.70000       -0.0849         2.1084        -0.0849         0.0021         0.0116 
BAR-estimator:      0.70000        0.75000       -0.1087         1.9997        -0.1087         0.0021         0.0118 
BAR-estimator:      0.75000        0.80000       -0.1270         1.8726        -0.1270         0.0022         0.0120 
BAR-estimator:      0.80000        0.85000       -0.1384         1.7342        -0.1384         0.0024         0.0122 
BAR-estimator:      0.85000        0.90000       -0.1578         1.5764        -0.1578         0.0021         0.0124 
BAR-estimator:      0.90000        0.95000       -0.1652         1.4112        -0.1652         0.0022         0.0126 
BAR-estimator:      0.95000        1.00000       -0.1750         1.2361        -0.1750         0.0019         0.0127 
BAR-estimator: total free energy change is 1.2361162217184771 , total error is 0.012741913829242568
