#========================================================================================
#                     Free energy perturbation    
#----------------------------------------------------------------------------------------
#forward/backward          λ              ΔΔA                 ΔA                  δε   
#                                                 
#----------------------------------------------------------------------------------------
forward:               0.0000              0.0000              0.0000              0.0000  
forward:               0.0500              0.3920              0.3920              0.0056  
forward:               0.1000              0.2639              0.6559              0.0071  
forward:               0.1500              0.2031              0.8590              0.0081  
forward:               0.2000              0.1663              1.0253              0.0088  
forward:               0.2500              0.1422              1.1675              0.0094  
forward:               0.3000              0.1213              1.2887              0.0098  
forward:               0.3500              0.1025              1.3912              0.0103  
forward:               0.4000              0.0965              1.4877              0.0107  
forward:               0.4500              0.0862              1.5739              0.0111  
forward:               0.5000              0.0803              1.6542              0.0115  
forward:               0.5500             -0.0338              1.6204              0.0121  
forward:               0.6000             -0.2148              1.4057              0.0128  
forward:               0.6500             -0.4090              0.9966              0.0138  
forward:               0.7000             -0.5979              0.3987              0.0150  
forward:               0.7500             -0.6940             -0.2953              0.0156  
forward:               0.8000             -0.6942             -0.9895              0.0160  
forward:               0.8500             -0.6607             -1.6502              0.0163  
forward:               0.9000             -0.6137             -2.2638              0.0167  
forward:               0.9500             -0.5795             -2.8433              0.0170  
forward:               1.0000             -0.5493             -3.3927              0.0173  
backward:              1.0000              0.0000             -3.3927              0.0000  
backward:              0.9500              0.5503             -2.8424              0.0049  
backward:              0.9000              0.5705             -2.2719              0.0069  
backward:              0.8500              0.6149             -1.6570              0.0083  
backward:              0.8000              0.6648             -0.9922              0.0094  
backward:              0.7500              0.6850             -0.3072              0.0103  
backward:              0.7000              0.6900              0.3828              0.0118  
backward:              0.6500              0.5909              0.9737              0.0132  
backward:              0.6000              0.3995              1.3733              0.0142  
backward:              0.5500              0.2117              1.5849              0.0149  
backward:              0.5000              0.0267              1.6116              0.0155  
backward:              0.4500             -0.0824              1.5292              0.0159  
backward:              0.4000             -0.0815              1.4477              0.0163  
backward:              0.3500             -0.0952              1.3525              0.0167  
backward:              0.3000             -0.1068              1.2457              0.0171  
backward:              0.2500             -0.1195              1.1262              0.0176  
backward:              0.2000             -0.1427              0.9835              0.0182  
backward:              0.1500             -0.1790              0.8045              0.0189  
backward:              0.1000             -0.1967              0.6078              0.0196  
backward:              0.0500             -0.2796              0.3282              0.0211  
backward:              0.0000             -0.3887             -0.0605              0.0229  
Inaccuracy estimation
======================================================================================================
                   i        i+δi          P0_overlap_P1   δε(forward)/ε   δε(backward)/ε
======================================================================================================
inaccuracy:  0.00000        0.05000           67.47           -0.00            0.30
inaccuracy:  0.05000        0.10000           75.78           -0.00            0.19
inaccuracy:  0.10000        0.15000           77.05           -0.00            0.14
inaccuracy:  0.15000        0.20000           79.92           -0.00            0.09
inaccuracy:  0.20000        0.25000           80.99           -0.00            0.09
inaccuracy:  0.25000        0.30000           81.38           -0.00            0.08
inaccuracy:  0.30000        0.35000           82.59           -0.00            0.06
inaccuracy:  0.35000        0.40000           82.23           -0.00            0.07
inaccuracy:  0.40000        0.45000           82.20           -0.00            0.06
inaccuracy:  0.45000        0.50000           82.77           -0.00            0.06
inaccuracy:  0.50000        0.55000           73.53           -0.06            0.08
inaccuracy:  0.55000        0.60000           73.18           -0.08            0.07
inaccuracy:  0.60000        0.65000           70.46           -0.10            0.05
inaccuracy:  0.65000        0.70000           69.11           -0.08            0.05
inaccuracy:  0.70000        0.75000           71.93           -0.06            0.04
inaccuracy:  0.75000        0.80000           73.46           -0.06            0.04
inaccuracy:  0.80000        0.85000           73.00           -0.07            0.06
inaccuracy:  0.85000        0.90000           71.62           -0.06            0.07
inaccuracy:  0.90000        0.95000           70.96           -0.07            0.07
inaccuracy:  0.95000        1.00000           70.04           -0.06            0.09
===================================================================================================================================
                BAR        
-----------------------------------------------------------------------------------------------------------------------------------
BAR-estimator:         λ             λ+δλ          ΔΔA             ΔA            C               Δδe            δe       
                          
-----------------------------------------------------------------------------------------------------------------------------------
BAR-estimator:      0.00000        0.05000        0.3892         0.3892         0.3892         0.0040         0.0040 
BAR-estimator:      0.05000        0.10000        0.2693         0.6585         0.2693         0.0030         0.0050 
BAR-estimator:      0.10000        0.15000        0.2035         0.8620         0.2035         0.0028         0.0057 
BAR-estimator:      0.15000        0.20000        0.1690         1.0310         0.1690         0.0025         0.0062 
BAR-estimator:      0.20000        0.25000        0.1434         1.1744         0.1434         0.0023         0.0066 
BAR-estimator:      0.25000        0.30000        0.1216         1.2961         0.1216         0.0022         0.0070 
BAR-estimator:      0.30000        0.35000        0.1038         1.3998         0.1038         0.0024         0.0074 
BAR-estimator:      0.35000        0.40000        0.0960         1.4959         0.0960         0.0022         0.0077 
BAR-estimator:      0.40000        0.45000        0.0849         1.5808         0.0849         0.0021         0.0080 
BAR-estimator:      0.45000        0.50000        0.0814         1.6621         0.0814         0.0020         0.0082 
BAR-estimator:      0.50000        0.55000       -0.0319         1.6302        -0.0319         0.0027         0.0086 
BAR-estimator:      0.55000        0.60000       -0.2115         1.4187        -0.2115         0.0028         0.0091 
BAR-estimator:      0.60000        0.65000       -0.4068         1.0119        -0.4068         0.0033         0.0097 
BAR-estimator:      0.65000        0.70000       -0.5947         0.4173        -0.5947         0.0037         0.0104 
BAR-estimator:      0.70000        0.75000       -0.6934        -0.2761        -0.6934         0.0032         0.0109 
BAR-estimator:      0.75000        0.80000       -0.6916        -0.9677        -0.6916         0.0028         0.0112 
BAR-estimator:      0.80000        0.85000       -0.6621        -1.6297        -0.6621         0.0026         0.0115 
BAR-estimator:      0.85000        0.90000       -0.6128        -2.2425        -0.6128         0.0026         0.0118 
BAR-estimator:      0.90000        0.95000       -0.5804        -2.8229        -0.5804         0.0028         0.0121 
BAR-estimator:      0.95000        1.00000       -0.5497        -3.3727        -0.5497         0.0025         0.0124 
BAR-estimator: total free energy change is -3.3726532859634677 , total error is 0.012388732095272874
