#========================================================================================
#                     Free energy perturbation    
#----------------------------------------------------------------------------------------
#forward/backward          λ              ΔΔA                 ΔA                  δε   
#                                                 
#----------------------------------------------------------------------------------------
forward:               0.0000              0.0000              0.0000              0.0000  
forward:               0.0500              0.3866              0.3866              0.0085  
forward:               0.1000              0.2701              0.6567              0.0109  
forward:               0.1500              0.2104              0.8671              0.0125  
forward:               0.2000              0.1761              1.0432              0.0134  
forward:               0.2500              0.1371              1.1803              0.0141  
forward:               0.3000              0.1164              1.2967              0.0147  
forward:               0.3500              0.1101              1.4068              0.0152  
forward:               0.4000              0.0908              1.4976              0.0157  
forward:               0.4500              0.0919              1.5895              0.0160  
forward:               0.5000              0.0772              1.6667              0.0164  
forward:               0.5500             -0.0117              1.6550              0.0171  
forward:               0.6000             -0.1957              1.4593              0.0180  
forward:               0.6500             -0.3973              1.0620              0.0193  
forward:               0.7000             -0.5755              0.4865              0.0211  
forward:               0.7500             -0.6354             -0.1490              0.0221  
forward:               0.8000             -0.6376             -0.7866              0.0225  
forward:               0.8500             -0.5943             -1.3809              0.0228  
forward:               0.9000             -0.5442             -1.9251              0.0231  
forward:               0.9500             -0.4855             -2.4106              0.0234  
forward:               1.0000             -0.4509             -2.8615              0.0236  
backward:              1.0000              0.0000             -2.8615              0.0000  
backward:              0.9500              0.4507             -2.4108              0.0042  
backward:              0.9000              0.4900             -1.9208              0.0082  
backward:              0.8500              0.5381             -1.3826              0.0096  
backward:              0.8000              0.5889             -0.7938              0.0108  
backward:              0.7500              0.6441             -0.1497              0.0120  
backward:              0.7000              0.6457              0.4961              0.0142  
backward:              0.6500              0.5467              1.0427              0.0166  
backward:              0.6000              0.3701              1.4129              0.0186  
backward:              0.5500              0.2019              1.6148              0.0194  
backward:              0.5000              0.0150              1.6297              0.0202  
backward:              0.4500             -0.0792              1.5505              0.0205  
backward:              0.4000             -0.0942              1.4563              0.0209  
backward:              0.3500             -0.0988              1.3575              0.0212  
backward:              0.3000             -0.1028              1.2547              0.0216  
backward:              0.2500             -0.1273              1.1275              0.0220  
backward:              0.2000             -0.1361              0.9914              0.0225  
backward:              0.1500             -0.1603              0.8311              0.0231  
backward:              0.1000             -0.2118              0.6193              0.0244  
backward:              0.0500             -0.2601              0.3592              0.0253  
backward:              0.0000             -0.3827             -0.0235              0.0280  
Inaccuracy estimation
======================================================================================================
                   i        i+δi          P0_overlap_P1   δε(forward)/ε   δε(backward)/ε
======================================================================================================
inaccuracy:  0.00000        0.05000           68.07           -0.00            0.29
inaccuracy:  0.05000        0.10000           73.45           -0.00            0.19
inaccuracy:  0.10000        0.15000           76.99           -0.00            0.13
inaccuracy:  0.15000        0.20000           77.25           -0.00            0.11
inaccuracy:  0.20000        0.25000           81.03           -0.00            0.09
inaccuracy:  0.25000        0.30000           82.62           -0.00            0.08
inaccuracy:  0.30000        0.35000           81.37           -0.00            0.07
inaccuracy:  0.35000        0.40000           83.16           -0.00            0.06
inaccuracy:  0.40000        0.45000           82.64           -0.00            0.06
inaccuracy:  0.45000        0.50000           82.98           -0.00            0.06
inaccuracy:  0.50000        0.55000           72.60           -0.05            0.12
inaccuracy:  0.55000        0.60000           72.95           -0.09            0.07
inaccuracy:  0.60000        0.65000           72.78           -0.07            0.06
inaccuracy:  0.65000        0.70000           72.49           -0.06            0.04
inaccuracy:  0.70000        0.75000           71.48           -0.06            0.05
inaccuracy:  0.75000        0.80000           73.64           -0.05            0.05
inaccuracy:  0.80000        0.85000           74.19           -0.04            0.06
inaccuracy:  0.85000        0.90000           73.27           -0.04            0.07
inaccuracy:  0.90000        0.95000           71.84           -0.04            0.08
inaccuracy:  0.95000        1.00000           72.01           -0.03            0.09
===================================================================================================================================
                BAR        
-----------------------------------------------------------------------------------------------------------------------------------
BAR-estimator:         λ             λ+δλ          ΔΔA             ΔA            C               Δδe            δe       
                          
-----------------------------------------------------------------------------------------------------------------------------------
BAR-estimator:      0.00000        0.05000        0.3865         0.3865         0.3865         0.0065         0.0065 
BAR-estimator:      0.05000        0.10000        0.2680         0.6544         0.2680         0.0046         0.0080 
BAR-estimator:      0.10000        0.15000        0.2102         0.8646         0.2102         0.0038         0.0088 
BAR-estimator:      0.15000        0.20000        0.1704         1.0350         0.1704         0.0033         0.0094 
BAR-estimator:      0.20000        0.25000        0.1371         1.1721         0.1371         0.0029         0.0099 
BAR-estimator:      0.25000        0.30000        0.1216         1.2937         0.1216         0.0032         0.0104 
BAR-estimator:      0.30000        0.35000        0.1077         1.4014         0.1077         0.0032         0.0108 
BAR-estimator:      0.35000        0.40000        0.0932         1.4947         0.0932         0.0028         0.0112 
BAR-estimator:      0.40000        0.45000        0.0918         1.5865         0.0918         0.0024         0.0115 
BAR-estimator:      0.45000        0.50000        0.0782         1.6647         0.0782         0.0024         0.0117 
BAR-estimator:      0.50000        0.55000       -0.0106         1.6540        -0.0106         0.0033         0.0122 
BAR-estimator:      0.55000        0.60000       -0.2004         1.4537        -0.2004         0.0035         0.0127 
BAR-estimator:      0.60000        0.65000       -0.3808         1.0728        -0.3808         0.0042         0.0133 
BAR-estimator:      0.65000        0.70000       -0.5607         0.5121        -0.5607         0.0049         0.0142 
BAR-estimator:      0.70000        0.75000       -0.6390        -0.1269        -0.6390         0.0040         0.0148 
BAR-estimator:      0.75000        0.80000       -0.6409        -0.7678        -0.6409         0.0032         0.0151 
BAR-estimator:      0.80000        0.85000       -0.5923        -1.3601        -0.5923         0.0032         0.0154 
BAR-estimator:      0.85000        0.90000       -0.5402        -1.9003        -0.5402         0.0031         0.0158 
BAR-estimator:      0.90000        0.95000       -0.4886        -2.3889        -0.4886         0.0031         0.0161 
BAR-estimator:      0.95000        1.00000       -0.4488        -2.8377        -0.4488         0.0030         0.0163 
BAR-estimator: total free energy change is -2.8377282124868093 , total error is 0.01634080629906457
