#========================================================================================
#                     Free energy perturbation    
#----------------------------------------------------------------------------------------
#forward/backward          λ              ΔΔA                 ΔA                  δε   
#                                                 
#----------------------------------------------------------------------------------------
forward:               0.0000              0.0000              0.0000              0.0000  
forward:               0.0500              0.3775              0.3775              0.0051  
forward:               0.1000              0.2791              0.6566              0.0066  
forward:               0.1500              0.2074              0.8640              0.0077  
forward:               0.2000              0.1732              1.0372              0.0084  
forward:               0.2500              0.1447              1.1819              0.0091  
forward:               0.3000              0.1272              1.3091              0.0096  
forward:               0.3500              0.1022              1.4113              0.0101  
forward:               0.4000              0.0986              1.5099              0.0107  
forward:               0.4500              0.0886              1.5985              0.0110  
forward:               0.5000              0.0780              1.6764              0.0113  
forward:               0.5500             -0.0309              1.6455              0.0119  
forward:               0.6000             -0.2131              1.4324              0.0126  
forward:               0.6500             -0.4082              1.0242              0.0137  
forward:               0.7000             -0.5913              0.4329              0.0146  
forward:               0.7500             -0.6903             -0.2574              0.0153  
forward:               0.8000             -0.6915             -0.9490              0.0158  
forward:               0.8500             -0.6590             -1.6079              0.0161  
forward:               0.9000             -0.6158             -2.2237              0.0164  
forward:               0.9500             -0.5828             -2.8065              0.0168  
forward:               1.0000             -0.5519             -3.3584              0.0170  
backward:              1.0000              0.0000             -3.3584              0.0000  
backward:              0.9500              0.5417             -2.8167              0.0051  
backward:              0.9000              0.5846             -2.2321              0.0081  
backward:              0.8500              0.6190             -1.6131              0.0092  
backward:              0.8000              0.6532             -0.9599              0.0109  
backward:              0.7500              0.7013             -0.2586              0.0119  
backward:              0.7000              0.6792              0.4205              0.0131  
backward:              0.6500              0.5962              1.0167              0.0143  
backward:              0.6000              0.4089              1.4257              0.0157  
backward:              0.5500              0.2128              1.6385              0.0162  
backward:              0.5000              0.0239              1.6624              0.0168  
backward:              0.4500             -0.0891              1.5733              0.0174  
backward:              0.4000             -0.0899              1.4834              0.0177  
backward:              0.3500             -0.0927              1.3907              0.0180  
backward:              0.3000             -0.1102              1.2805              0.0185  
backward:              0.2500             -0.1217              1.1588              0.0190  
backward:              0.2000             -0.1465              1.0124              0.0195  
backward:              0.1500             -0.1672              0.8452              0.0200  
backward:              0.1000             -0.2140              0.6312              0.0207  
backward:              0.0500             -0.2726              0.3587              0.0217  
backward:              0.0000             -0.3970             -0.0383              0.0233  
Inaccuracy estimation
======================================================================================================
                   i        i+δi          P0_overlap_P1   δε(forward)/ε   δε(backward)/ε
======================================================================================================
inaccuracy:  0.00000        0.05000           69.77           -0.01            0.28
inaccuracy:  0.05000        0.10000           73.38           -0.00            0.20
inaccuracy:  0.10000        0.15000           78.12           -0.00            0.13
inaccuracy:  0.15000        0.20000           78.71           -0.00            0.11
inaccuracy:  0.20000        0.25000           80.63           -0.00            0.09
inaccuracy:  0.25000        0.30000           80.29           -0.00            0.08
inaccuracy:  0.30000        0.35000           83.21           -0.00            0.06
inaccuracy:  0.35000        0.40000           81.48           -0.00            0.07
inaccuracy:  0.40000        0.45000           82.51           -0.00            0.06
inaccuracy:  0.45000        0.50000           82.83           -0.00            0.06
inaccuracy:  0.50000        0.55000           74.15           -0.05            0.09
inaccuracy:  0.55000        0.60000           73.82           -0.09            0.07
inaccuracy:  0.60000        0.65000           69.93           -0.10            0.06
inaccuracy:  0.65000        0.70000           68.95           -0.08            0.05
inaccuracy:  0.70000        0.75000           72.26           -0.06            0.04
inaccuracy:  0.75000        0.80000           71.91           -0.05            0.05
inaccuracy:  0.80000        0.85000           72.39           -0.06            0.06
inaccuracy:  0.85000        0.90000           70.83           -0.06            0.07
inaccuracy:  0.90000        0.95000           70.54           -0.06            0.08
inaccuracy:  0.95000        1.00000           71.04           -0.06            0.08
===================================================================================================================================
                BAR        
-----------------------------------------------------------------------------------------------------------------------------------
BAR-estimator:         λ             λ+δλ          ΔΔA             ΔA            C               Δδe            δe       
                          
-----------------------------------------------------------------------------------------------------------------------------------
BAR-estimator:      0.00000        0.05000        0.3827         0.3827         0.3827         0.0039         0.0039 
BAR-estimator:      0.05000        0.10000        0.2754         0.6581         0.2754         0.0033         0.0051 
BAR-estimator:      0.10000        0.15000        0.2112         0.8692         0.2112         0.0028         0.0058 
BAR-estimator:      0.15000        0.20000        0.1727         1.0419         0.1727         0.0023         0.0062 
BAR-estimator:      0.20000        0.25000        0.1464         1.1883         0.1464         0.0025         0.0067 
BAR-estimator:      0.25000        0.30000        0.1243         1.3126         0.1243         0.0023         0.0071 
BAR-estimator:      0.30000        0.35000        0.1044         1.4170         0.1044         0.0022         0.0075 
BAR-estimator:      0.35000        0.40000        0.0966         1.5136         0.0966         0.0022         0.0078 
BAR-estimator:      0.40000        0.45000        0.0885         1.6021         0.0885         0.0020         0.0080 
BAR-estimator:      0.45000        0.50000        0.0799         1.6820         0.0799         0.0018         0.0082 
BAR-estimator:      0.50000        0.55000       -0.0259         1.6561        -0.0259         0.0026         0.0086 
BAR-estimator:      0.55000        0.60000       -0.2113         1.4448        -0.2113         0.0028         0.0091 
BAR-estimator:      0.60000        0.65000       -0.4070         1.0378        -0.4070         0.0032         0.0096 
BAR-estimator:      0.65000        0.70000       -0.5917         0.4461        -0.5917         0.0035         0.0102 
BAR-estimator:      0.70000        0.75000       -0.6855        -0.2394        -0.6855         0.0032         0.0107 
BAR-estimator:      0.75000        0.80000       -0.6954        -0.9348        -0.6954         0.0029         0.0111 
BAR-estimator:      0.80000        0.85000       -0.6587        -1.5935        -0.6587         0.0025         0.0114 
BAR-estimator:      0.85000        0.90000       -0.6173        -2.2108        -0.6173         0.0026         0.0117 
BAR-estimator:      0.90000        0.95000       -0.5846        -2.7954        -0.5846         0.0028         0.0120 
BAR-estimator:      0.95000        1.00000       -0.5482        -3.3435        -0.5482         0.0029         0.0124 
BAR-estimator: total free energy change is -3.3435348706680967 , total error is 0.012367846396320747
