#========================================================================================
#                     Free energy perturbation    
#----------------------------------------------------------------------------------------
#forward/backward          λ              ΔΔA                 ΔA                  δε   
#                                                 
#----------------------------------------------------------------------------------------
forward:               0.0000              0.0000              0.0000              0.0000  
forward:               0.0500              0.5179              0.5179              0.0113  
forward:               0.1000              0.3295              0.8473              0.0132  
forward:               0.1500              0.2277              1.0750              0.0144  
forward:               0.2000              0.1585              1.2336              0.0151  
forward:               0.2500              0.1325              1.3660              0.0158  
forward:               0.3000              0.0960              1.4621              0.0163  
forward:               0.3500              0.0758              1.5378              0.0166  
forward:               0.4000              0.0727              1.6105              0.0170  
forward:               0.4500              0.0567              1.6672              0.0174  
forward:               0.5000              0.0464              1.7136              0.0177  
forward:               0.5500              0.0280              1.7416              0.0179  
forward:               0.6000             -0.0257              1.7159              0.0182  
forward:               0.6500             -0.0504              1.6655              0.0184  
forward:               0.7000             -0.0822              1.5833              0.0186  
forward:               0.7500             -0.1047              1.4786              0.0189  
forward:               0.8000             -0.1326              1.3459              0.0191  
forward:               0.8500             -0.1366              1.2093              0.0192  
forward:               0.9000             -0.1610              1.0483              0.0194  
forward:               0.9500             -0.1658              0.8824              0.0196  
forward:               1.0000             -0.1781              0.7044              0.0198  
backward:              1.0000              0.0000              0.7044              0.0000  
backward:              0.9500              0.1791              0.8835              0.0027  
backward:              0.9000              0.1616              1.0451              0.0042  
backward:              0.8500              0.1550              1.2000              0.0052  
backward:              0.8000              0.1379              1.3380              0.0062  
backward:              0.7500              0.1335              1.4715              0.0069  
backward:              0.7000              0.0981              1.5696              0.0077  
backward:              0.6500              0.0845              1.6540              0.0086  
backward:              0.6000              0.0589              1.7129              0.0093  
backward:              0.5500              0.0337              1.7466              0.0102  
backward:              0.5000             -0.0228              1.7238              0.0110  
backward:              0.4500             -0.0410              1.6828              0.0119  
backward:              0.4000             -0.0604              1.6223              0.0124  
backward:              0.3500             -0.0705              1.5519              0.0130  
backward:              0.3000             -0.0858              1.4660              0.0136  
backward:              0.2500             -0.1109              1.3551              0.0145  
backward:              0.2000             -0.1421              1.2130              0.0154  
backward:              0.1500             -0.1751              1.0380              0.0166  
backward:              0.1000             -0.2173              0.8207              0.0179  
backward:              0.0500             -0.3259              0.4948              0.0207  
backward:              0.0000             -0.5341             -0.0393              0.0274  
Inaccuracy estimation
======================================================================================================
                   i        i+δi          P0_overlap_P1   δε(forward)/ε   δε(backward)/ε
======================================================================================================
inaccuracy:  0.00000        0.05000           61.94           -0.00            0.56
inaccuracy:  0.05000        0.10000           70.04           -0.00            0.26
inaccuracy:  0.10000        0.15000           74.20           -0.00            0.16
inaccuracy:  0.15000        0.20000           78.52           -0.00            0.10
inaccuracy:  0.20000        0.25000           79.65           -0.00            0.09
inaccuracy:  0.25000        0.30000           81.56           -0.00            0.08
inaccuracy:  0.30000        0.35000           82.76           -0.00            0.07
inaccuracy:  0.35000        0.40000           81.34           -0.00            0.06
inaccuracy:  0.40000        0.45000           82.19           -0.00            0.06
inaccuracy:  0.45000        0.50000           81.60           -0.00            0.06
inaccuracy:  0.50000        0.55000           78.59           -0.01            0.07
inaccuracy:  0.55000        0.60000           79.27           -0.01            0.06
inaccuracy:  0.60000        0.65000           79.85           -0.01            0.06
inaccuracy:  0.65000        0.70000           80.25           -0.01            0.05
inaccuracy:  0.70000        0.75000           81.63           -0.01            0.05
inaccuracy:  0.75000        0.80000           81.44           -0.01            0.05
inaccuracy:  0.80000        0.85000           80.81           -0.01            0.05
inaccuracy:  0.85000        0.90000           81.88           -0.01            0.05
inaccuracy:  0.90000        0.95000           80.71           -0.02            0.04
inaccuracy:  0.95000        1.00000           80.75           -0.02            0.04
===================================================================================================================================
                BAR        
-----------------------------------------------------------------------------------------------------------------------------------
BAR-estimator:         λ             λ+δλ          ΔΔA             ΔA            C               Δδe            δe       
                          
-----------------------------------------------------------------------------------------------------------------------------------
BAR-estimator:      0.00000        0.05000        0.5270         0.5270         0.5270         0.0075         0.0075 
BAR-estimator:      0.05000        0.10000        0.3279         0.8549         0.3279         0.0047         0.0088 
BAR-estimator:      0.10000        0.15000        0.2249         1.0798         0.2249         0.0038         0.0096 
BAR-estimator:      0.15000        0.20000        0.1625         1.2423         0.1625         0.0031         0.0101 
BAR-estimator:      0.20000        0.25000        0.1349         1.3772         0.1349         0.0031         0.0106 
BAR-estimator:      0.25000        0.30000        0.1002         1.4774         0.1002         0.0028         0.0109 
BAR-estimator:      0.30000        0.35000        0.0798         1.5572         0.0798         0.0024         0.0112 
BAR-estimator:      0.35000        0.40000        0.0722         1.6293         0.0722         0.0024         0.0114 
BAR-estimator:      0.40000        0.45000        0.0589         1.6883         0.0589         0.0027         0.0117 
BAR-estimator:      0.45000        0.50000        0.0441         1.7324         0.0441         0.0022         0.0120 
BAR-estimator:      0.50000        0.55000        0.0255         1.7579         0.0255         0.0023         0.0122 
BAR-estimator:      0.55000        0.60000       -0.0287         1.7292        -0.0287         0.0024         0.0124 
BAR-estimator:      0.60000        0.65000       -0.0544         1.6748        -0.0544         0.0021         0.0126 
BAR-estimator:      0.65000        0.70000       -0.0845         1.5902        -0.0845         0.0023         0.0128 
BAR-estimator:      0.70000        0.75000       -0.1027         1.4875        -0.1027         0.0023         0.0130 
BAR-estimator:      0.75000        0.80000       -0.1328         1.3547        -0.1328         0.0021         0.0132 
BAR-estimator:      0.80000        0.85000       -0.1373         1.2175        -0.1373         0.0020         0.0133 
BAR-estimator:      0.85000        0.90000       -0.1584         1.0591        -0.1584         0.0023         0.0135 
BAR-estimator:      0.90000        0.95000       -0.1651         0.8940        -0.1651         0.0023         0.0137 
BAR-estimator:      0.95000        1.00000       -0.1786         0.7154        -0.1786         0.0024         0.0139 
BAR-estimator: total free energy change is 0.7153813361797469 , total error is 0.013925035191782625
