#========================================================================================
#                     Free energy perturbation    
#----------------------------------------------------------------------------------------
#forward/backward          λ              ΔΔA                 ΔA                  δε   
#                                                 
#----------------------------------------------------------------------------------------
forward:               0.0000              0.0000              0.0000              0.0000  
forward:               0.0500              0.5521              0.5521              0.0071  
forward:               0.1000              0.3287              0.8808              0.0088  
forward:               0.1500              0.2298              1.1106              0.0098  
forward:               0.2000              0.1637              1.2743              0.0107  
forward:               0.2500              0.1283              1.4027              0.0113  
forward:               0.3000              0.0995              1.5022              0.0118  
forward:               0.3500              0.0915              1.5937              0.0123  
forward:               0.4000              0.0703              1.6639              0.0126  
forward:               0.4500              0.0604              1.7243              0.0129  
forward:               0.5000              0.0504              1.7747              0.0132  
forward:               0.5500              0.0230              1.7977              0.0135  
forward:               0.6000             -0.0184              1.7793              0.0138  
forward:               0.6500             -0.0599              1.7195              0.0141  
forward:               0.7000             -0.0908              1.6287              0.0143  
forward:               0.7500             -0.1145              1.5142              0.0146  
forward:               0.8000             -0.1291              1.3851              0.0148  
forward:               0.8500             -0.1465              1.2386              0.0150  
forward:               0.9000             -0.1566              1.0820              0.0152  
forward:               0.9500             -0.1678              0.9142              0.0154  
forward:               1.0000             -0.1845              0.7297              0.0156  
backward:              1.0000              0.0000              0.7297              0.0000  
backward:              0.9500              0.1748              0.9046              0.0030  
backward:              0.9000              0.1733              1.0779              0.0042  
backward:              0.8500              0.1565              1.2344              0.0052  
backward:              0.8000              0.1411              1.3755              0.0058  
backward:              0.7500              0.1233              1.4988              0.0071  
backward:              0.7000              0.1129              1.6118              0.0076  
backward:              0.6500              0.0853              1.6971              0.0082  
backward:              0.6000              0.0598              1.7569              0.0088  
backward:              0.5500              0.0228              1.7796              0.0095  
backward:              0.5000             -0.0223              1.7574              0.0101  
backward:              0.4500             -0.0489              1.7085              0.0106  
backward:              0.4000             -0.0679              1.6406              0.0114  
backward:              0.3500             -0.0712              1.5694              0.0120  
backward:              0.3000             -0.0931              1.4763              0.0127  
backward:              0.2500             -0.1100              1.3663              0.0133  
backward:              0.2000             -0.1281              1.2382              0.0142  
backward:              0.1500             -0.1699              1.0683              0.0151  
backward:              0.1000             -0.2333              0.8349              0.0164  
backward:              0.0500             -0.3495              0.4855              0.0238  
backward:              0.0000             -0.5475             -0.0620              0.0278  
Inaccuracy estimation
======================================================================================================
                   i        i+δi          P0_overlap_P1   δε(forward)/ε   δε(backward)/ε
======================================================================================================
inaccuracy:  0.00000        0.05000           59.80           -0.01            0.60
inaccuracy:  0.05000        0.10000           70.38           -0.00            0.26
inaccuracy:  0.10000        0.15000           74.17           -0.00            0.15
inaccuracy:  0.15000        0.20000           78.62           -0.00            0.12
inaccuracy:  0.20000        0.25000           79.55           -0.00            0.09
inaccuracy:  0.25000        0.30000           81.15           -0.00            0.07
inaccuracy:  0.30000        0.35000           81.15           -0.00            0.08
inaccuracy:  0.35000        0.40000           81.33           -0.00            0.06
inaccuracy:  0.40000        0.45000           82.65           -0.00            0.06
inaccuracy:  0.45000        0.50000           81.82           -0.00            0.06
inaccuracy:  0.50000        0.55000           79.85           -0.01            0.07
inaccuracy:  0.55000        0.60000           79.25           -0.01            0.06
inaccuracy:  0.60000        0.65000           80.87           -0.01            0.06
inaccuracy:  0.65000        0.70000           82.20           -0.01            0.05
inaccuracy:  0.70000        0.75000           81.41           -0.01            0.05
inaccuracy:  0.75000        0.80000           81.53           -0.01            0.04
inaccuracy:  0.80000        0.85000           81.64           -0.01            0.05
inaccuracy:  0.85000        0.90000           80.54           -0.01            0.05
inaccuracy:  0.90000        0.95000           80.25           -0.01            0.05
inaccuracy:  0.95000        1.00000           81.17           -0.02            0.04
===================================================================================================================================
                BAR        
-----------------------------------------------------------------------------------------------------------------------------------
BAR-estimator:         λ             λ+δλ          ΔΔA             ΔA            C               Δδe            δe       
                          
-----------------------------------------------------------------------------------------------------------------------------------
BAR-estimator:      0.00000        0.05000        0.5486         0.5486         0.5486         0.0050         0.0050 
BAR-estimator:      0.05000        0.10000        0.3320         0.8806         0.3320         0.0039         0.0063 
BAR-estimator:      0.10000        0.15000        0.2298         1.1104         0.2298         0.0031         0.0070 
BAR-estimator:      0.15000        0.20000        0.1680         1.2784         0.1680         0.0029         0.0076 
BAR-estimator:      0.20000        0.25000        0.1289         1.4073         0.1289         0.0026         0.0080 
BAR-estimator:      0.25000        0.30000        0.1026         1.5100         0.1026         0.0024         0.0084 
BAR-estimator:      0.30000        0.35000        0.0923         1.6023         0.0923         0.0023         0.0087 
BAR-estimator:      0.35000        0.40000        0.0708         1.6731         0.0708         0.0022         0.0089 
BAR-estimator:      0.40000        0.45000        0.0620         1.7351         0.0620         0.0020         0.0092 
BAR-estimator:      0.45000        0.50000        0.0489         1.7840         0.0489         0.0020         0.0094 
BAR-estimator:      0.50000        0.55000        0.0233         1.8073         0.0233         0.0021         0.0096 
BAR-estimator:      0.55000        0.60000       -0.0206         1.7867        -0.0206         0.0021         0.0098 
BAR-estimator:      0.60000        0.65000       -0.0597         1.7270        -0.0597         0.0020         0.0100 
BAR-estimator:      0.65000        0.70000       -0.0882         1.6388        -0.0882         0.0021         0.0103 
BAR-estimator:      0.70000        0.75000       -0.1141         1.5248        -0.1141         0.0021         0.0105 
BAR-estimator:      0.75000        0.80000       -0.1279         1.3969        -0.1279         0.0022         0.0107 
BAR-estimator:      0.80000        0.85000       -0.1438         1.2531        -0.1438         0.0020         0.0109 
BAR-estimator:      0.85000        0.90000       -0.1571         1.0960        -0.1571         0.0019         0.0110 
BAR-estimator:      0.90000        0.95000       -0.1700         0.9259        -0.1700         0.0016         0.0112 
BAR-estimator:      0.95000        1.00000       -0.1820         0.7439        -0.1820         0.0020         0.0113 
BAR-estimator: total free energy change is 0.7438776340633215 , total error is 0.011327606935079216
