#========================================================================================
#                     Free energy perturbation    
#----------------------------------------------------------------------------------------
#forward/backward          λ              ΔΔA                 ΔA                  δε   
#                                                 
#----------------------------------------------------------------------------------------
forward:               0.0000              0.0000              0.0000              0.0000  
forward:               0.0500              0.6080              0.6080              0.0119  
forward:               0.1000              0.3859              0.9939              0.0142  
forward:               0.1500              0.2622              1.2561              0.0155  
forward:               0.2000              0.1840              1.4401              0.0165  
forward:               0.2500              0.1442              1.5843              0.0172  
forward:               0.3000              0.1119              1.6962              0.0180  
forward:               0.3500              0.0839              1.7801              0.0185  
forward:               0.4000              0.0648              1.8449              0.0189  
forward:               0.4500              0.0599              1.9048              0.0193  
forward:               0.5000              0.0411              1.9459              0.0196  
forward:               0.5500             -0.0278              1.9180              0.0202  
forward:               0.6000             -0.1866              1.7315              0.0210  
forward:               0.6500             -0.3605              1.3710              0.0225  
forward:               0.7000             -0.5332              0.8378              0.0238  
forward:               0.7500             -0.6315              0.2063              0.0245  
forward:               0.8000             -0.6316             -0.4253              0.0250  
forward:               0.8500             -0.5989             -1.0242              0.0253  
forward:               0.9000             -0.5563             -1.5805              0.0256  
forward:               0.9500             -0.5099             -2.0904              0.0258  
forward:               1.0000             -0.4759             -2.5664              0.0260  
backward:              1.0000              0.0000             -2.5664              0.0000  
backward:              0.9500              0.4703             -2.0960              0.0043  
backward:              0.9000              0.5046             -1.5914              0.0062  
backward:              0.8500              0.5539             -1.0375              0.0083  
backward:              0.8000              0.6013             -0.4363              0.0097  
backward:              0.7500              0.6338              0.1976              0.0115  
backward:              0.7000              0.6209              0.8185              0.0138  
backward:              0.6500              0.5363              1.3547              0.0165  
backward:              0.6000              0.3454              1.7001              0.0190  
backward:              0.5500              0.1806              1.8807              0.0197  
backward:              0.5000              0.0268              1.9076              0.0208  
backward:              0.4500             -0.0444              1.8632              0.0213  
backward:              0.4000             -0.0483              1.8149              0.0217  
backward:              0.3500             -0.0681              1.7468              0.0221  
backward:              0.3000             -0.0950              1.6518              0.0226  
backward:              0.2500             -0.1116              1.5402              0.0232  
backward:              0.2000             -0.1481              1.3921              0.0241  
backward:              0.1500             -0.1962              1.1959              0.0265  
backward:              0.1000             -0.2632              0.9327              0.0280  
backward:              0.0500             -0.3613              0.5713              0.0303  
backward:              0.0000             -0.6283             -0.0569              0.0549  
Inaccuracy estimation
======================================================================================================
                   i        i+δi          P0_overlap_P1   δε(forward)/ε   δε(backward)/ε
======================================================================================================
inaccuracy:  0.00000        0.05000           48.86           -0.02            0.69
inaccuracy:  0.05000        0.10000           64.93           -0.01            0.31
inaccuracy:  0.10000        0.15000           66.87           -0.01            0.24
inaccuracy:  0.15000        0.20000           74.99           -0.00            0.14
inaccuracy:  0.20000        0.25000           73.50           -0.01            0.13
inaccuracy:  0.25000        0.30000           77.52           -0.00            0.10
inaccuracy:  0.30000        0.35000           76.97           -0.01            0.09
inaccuracy:  0.35000        0.40000           79.52           -0.01            0.08
inaccuracy:  0.40000        0.45000           77.19           -0.01            0.08
inaccuracy:  0.45000        0.50000           79.74           -0.00            0.07
inaccuracy:  0.50000        0.55000           61.04           -0.14            0.15
inaccuracy:  0.55000        0.60000           73.32           -0.07            0.08
inaccuracy:  0.60000        0.65000           54.23           -0.12            0.09
inaccuracy:  0.65000        0.70000           69.01           -0.06            0.06
inaccuracy:  0.70000        0.75000           69.51           -0.03            0.05
inaccuracy:  0.75000        0.80000           71.46           -0.04            0.05
inaccuracy:  0.80000        0.85000           75.45           -0.03            0.05
inaccuracy:  0.85000        0.90000           72.07           -0.04            0.07
inaccuracy:  0.90000        0.95000           74.58           -0.03            0.07
inaccuracy:  0.95000        1.00000           71.69           -0.05            0.08
===================================================================================================================================
            	   BAR        
-----------------------------------------------------------------------------------------------------------------------------------
BAR-estimator:         λ             λ+δλ          ΔΔA             ΔA            C               Δδe            δe       
                          
-----------------------------------------------------------------------------------------------------------------------------------
BAR-estimator:      0.00000        0.05000        0.5324         0.5324         0.5324         0.0081         0.0081 
BAR-estimator:      0.05000        0.10000        0.3755         0.9079         0.3755         0.0052         0.0096 
BAR-estimator:      0.10000        0.15000        0.2391         1.1469         0.2391         0.0043         0.0105 
BAR-estimator:      0.15000        0.20000        0.1866         1.3335         0.1866         0.0038         0.0112 
BAR-estimator:      0.20000        0.25000        0.1336         1.4671         0.1336         0.0034         0.0117 
BAR-estimator:      0.25000        0.30000        0.1119         1.5790         0.1119         0.0037         0.0123 
BAR-estimator:      0.30000        0.35000        0.0785         1.6575         0.0785         0.0034         0.0127 
BAR-estimator:      0.35000        0.40000        0.0663         1.7238         0.0663         0.0031         0.0131 
BAR-estimator:      0.40000        0.45000        0.0532         1.7770         0.0532         0.0030         0.0134 
BAR-estimator:      0.45000        0.50000        0.0421         1.8191         0.0421         0.0024         0.0136 
BAR-estimator:      0.50000        0.55000       -0.1053         1.7138        -0.1053         0.0035         0.0141 
BAR-estimator:      0.55000        0.60000       -0.1799         1.5339        -0.1799         0.0048         0.0149 
BAR-estimator:      0.60000        0.65000       -0.4489         1.0850        -0.4489         0.0041         0.0154 
BAR-estimator:      0.65000        0.70000       -0.5340         0.5510        -0.5340         0.0044         0.0160 
BAR-estimator:      0.70000        0.75000       -0.6268        -0.0757        -0.6268         0.0040         0.0165 
BAR-estimator:      0.75000        0.80000       -0.6332        -0.7089        -0.6332         0.0036         0.0169 
BAR-estimator:      0.80000        0.85000       -0.5802        -1.2891        -0.5802         0.0031         0.0172 
BAR-estimator:      0.85000        0.90000       -0.5573        -1.8464        -0.5573         0.0032         0.0175 
BAR-estimator:      0.90000        0.95000       -0.4917        -2.3382        -0.4917         0.0033         0.0178 
BAR-estimator:      0.95000        1.00000       -0.4747        -2.8128        -0.4747         0.0039         0.0182 
BAR-estimator: total free energy change is -2.8128290882555564 , total error is 0.018246387143946743
