#========================================================================================
#                     Free energy perturbation    
#----------------------------------------------------------------------------------------
#forward/backward          λ              ΔΔA                 ΔA                  δε   
#                                                 
#----------------------------------------------------------------------------------------
forward:               0.0000              0.0000              0.0000              0.0000  
forward:               0.0500              0.8430              0.8430              0.0144  
forward:               0.1000              0.4466              1.2896              0.0174  
forward:               0.1500              0.2946              1.5842              0.0192  
forward:               0.2000              0.1886              1.7728              0.0202  
forward:               0.2500              0.1271              1.8999              0.0208  
forward:               0.3000              0.0879              1.9879              0.0214  
forward:               0.3500              0.0734              2.0612              0.0219  
forward:               0.4000              0.0457              2.1069              0.0223  
forward:               0.4500              0.0341              2.1411              0.0227  
forward:               0.5000              0.0163              2.1574              0.0230  
forward:               0.5500             -0.0124              2.1450              0.0236  
forward:               0.6000             -0.0761              2.0689              0.0240  
forward:               0.6500             -0.1307              1.9382              0.0243  
forward:               0.7000             -0.1712              1.7670              0.0246  
forward:               0.7500             -0.2009              1.5661              0.0248  
forward:               0.8000             -0.2375              1.3286              0.0250  
forward:               0.8500             -0.2490              1.0796              0.0253  
forward:               0.9000             -0.2765              0.8031              0.0255  
forward:               0.9500             -0.2915              0.5116              0.0257  
forward:               1.0000             -0.3070              0.2046              0.0259  
backward:              1.0000              0.0000              0.2046              0.0000  
backward:              0.9500              0.3037              0.5083              0.0047  
backward:              0.9000              0.2944              0.8027              0.0062  
backward:              0.8500              0.2783              1.0810              0.0072  
backward:              0.8000              0.2549              1.3359              0.0082  
backward:              0.7500              0.2361              1.5720              0.0092  
backward:              0.7000              0.1989              1.7709              0.0103  
backward:              0.6500              0.1673              1.9382              0.0110  
backward:              0.6000              0.1293              2.0676              0.0117  
backward:              0.5500              0.0917              2.1593              0.0125  
backward:              0.5000              0.0121              2.1714              0.0135  
backward:              0.4500             -0.0187              2.1527              0.0143  
backward:              0.4000             -0.0313              2.1215              0.0150  
backward:              0.3500             -0.0519              2.0696              0.0159  
backward:              0.3000             -0.0635              2.0061              0.0168  
backward:              0.2500             -0.0796              1.9265              0.0177  
backward:              0.2000             -0.1281              1.7984              0.0186  
backward:              0.1500             -0.1747              1.6237              0.0199  
backward:              0.1000             -0.2781              1.3456              0.0223  
backward:              0.0500             -0.4689              0.8766              0.0287  
backward:              0.0000             -0.7975              0.0791              0.0359  
Inaccuracy estimation
======================================================================================================
                   i        i+δi          P0_overlap_P1   δε(forward)/ε   δε(backward)/ε
======================================================================================================
inaccuracy:  0.00000        0.05000           39.71           -0.04            1.21
inaccuracy:  0.05000        0.10000           63.70           -0.01            0.41
inaccuracy:  0.10000        0.15000           61.70           -0.01            0.31
inaccuracy:  0.15000        0.20000           71.57           -0.01            0.15
inaccuracy:  0.20000        0.25000           71.45           -0.00            0.15
inaccuracy:  0.25000        0.30000           75.99           -0.00            0.11
inaccuracy:  0.30000        0.35000           75.25           -0.01            0.10
inaccuracy:  0.35000        0.40000           78.72           -0.01            0.07
inaccuracy:  0.40000        0.45000           77.36           -0.01            0.08
inaccuracy:  0.45000        0.50000           79.26           -0.01            0.08
inaccuracy:  0.50000        0.55000           68.79           -0.04            0.10
inaccuracy:  0.55000        0.60000           75.41           -0.02            0.08
inaccuracy:  0.60000        0.65000           72.47           -0.03            0.07
inaccuracy:  0.65000        0.70000           77.33           -0.02            0.06
inaccuracy:  0.70000        0.75000           72.98           -0.03            0.07
inaccuracy:  0.75000        0.80000           77.33           -0.02            0.06
inaccuracy:  0.80000        0.85000           74.62           -0.03            0.06
inaccuracy:  0.85000        0.90000           77.67           -0.02            0.06
inaccuracy:  0.90000        0.95000           75.22           -0.03            0.06
inaccuracy:  0.95000        1.00000           76.99           -0.02            0.06
===================================================================================================================================
            	   BAR        
-----------------------------------------------------------------------------------------------------------------------------------
BAR-estimator:         λ             λ+δλ          ΔΔA             ΔA            C               Δδe            δe       
                          
-----------------------------------------------------------------------------------------------------------------------------------
BAR-estimator:      0.00000        0.05000        0.7240         0.7240         0.7240         0.0091         0.0091 
BAR-estimator:      0.05000        0.10000        0.4543         1.1784         0.4543         0.0065         0.0112 
BAR-estimator:      0.10000        0.15000        0.2555         1.4339         0.2555         0.0054         0.0124 
BAR-estimator:      0.15000        0.20000        0.1831         1.6170         0.1831         0.0054         0.0135 
BAR-estimator:      0.20000        0.25000        0.1100         1.7270         0.1100         0.0036         0.0140 
BAR-estimator:      0.25000        0.30000        0.0847         1.8117         0.0847         0.0034         0.0144 
BAR-estimator:      0.30000        0.35000        0.0645         1.8763         0.0645         0.0031         0.0148 
BAR-estimator:      0.35000        0.40000        0.0464         1.9227         0.0464         0.0028         0.0150 
BAR-estimator:      0.40000        0.45000        0.0273         1.9500         0.0273         0.0030         0.0153 
BAR-estimator:      0.45000        0.50000        0.0178         1.9678         0.0178         0.0026         0.0155 
BAR-estimator:      0.50000        0.55000       -0.0477         1.9201        -0.0477         0.0030         0.0158 
BAR-estimator:      0.55000        0.60000       -0.0806         1.8395        -0.0806         0.0039         0.0163 
BAR-estimator:      0.60000        0.65000       -0.1487         1.6908        -0.1487         0.0029         0.0165 
BAR-estimator:      0.65000        0.70000       -0.1707         1.5201        -0.1707         0.0029         0.0168 
BAR-estimator:      0.70000        0.75000       -0.2184         1.3017        -0.2184         0.0028         0.0170 
BAR-estimator:      0.75000        0.80000       -0.2371         1.0646        -0.2371         0.0026         0.0172 
BAR-estimator:      0.80000        0.85000       -0.2629         0.8016        -0.2629         0.0028         0.0174 
BAR-estimator:      0.85000        0.90000       -0.2759         0.5258        -0.2759         0.0027         0.0177 
BAR-estimator:      0.90000        0.95000       -0.3002         0.2255        -0.3002         0.0030         0.0179 
BAR-estimator:      0.95000        1.00000       -0.3069        -0.0814        -0.3069         0.0028         0.0181 
BAR-estimator: total free energy change is -0.08137866475619365 , total error is 0.0181246443365027
