#========================================================================================
#                     Free energy perturbation    
#----------------------------------------------------------------------------------------
#forward/backward          λ              ΔΔA                 ΔA                  δε   
#                                                 
#----------------------------------------------------------------------------------------
forward:               0.0000              0.0000              0.0000              0.0000  
forward:               0.0500              0.6444              0.6444              0.0116  
forward:               0.1000              0.3755              1.0199              0.0137  
forward:               0.1500              0.2451              1.2651              0.0150  
forward:               0.2000              0.1613              1.4264              0.0161  
forward:               0.2500              0.1252              1.5516              0.0169  
forward:               0.3000              0.0909              1.6425              0.0174  
forward:               0.3500              0.0743              1.7168              0.0178  
forward:               0.4000              0.0516              1.7684              0.0182  
forward:               0.4500              0.0470              1.8154              0.0185  
forward:               0.5000              0.0312              1.8466              0.0188  
forward:               0.5500             -0.0423              1.8043              0.0193  
forward:               0.6000             -0.1626              1.6416              0.0197  
forward:               0.6500             -0.2722              1.3694              0.0201  
forward:               0.7000             -0.3548              1.0146              0.0204  
forward:               0.7500             -0.4275              0.5871              0.0208  
forward:               0.8000             -0.4900              0.0971              0.0210  
forward:               0.8500             -0.5387             -0.4416              0.0213  
forward:               0.9000             -0.5806             -1.0223              0.0216  
forward:               0.9500             -0.6063             -1.6286              0.0219  
forward:               1.0000             -0.6351             -2.2637              0.0221  
backward:              1.0000              0.0000             -2.2637              0.0000  
backward:              0.9500              0.6327             -1.6310              0.0039  
backward:              0.9000              0.5975             -1.0334              0.0057  
backward:              0.8500              0.5714             -0.4621              0.0071  
backward:              0.8000              0.5395              0.0774              0.0080  
backward:              0.7500              0.4813              0.5588              0.0117  
backward:              0.7000              0.4234              0.9822              0.0124  
backward:              0.6500              0.3642              1.3463              0.0131  
backward:              0.6000              0.2729              1.6192              0.0139  
backward:              0.5500              0.1700              1.7892              0.0145  
backward:              0.5000              0.0487              1.8379              0.0152  
backward:              0.4500             -0.0335              1.8044              0.0159  
backward:              0.4000             -0.0392              1.7652              0.0165  
backward:              0.3500             -0.0513              1.7140              0.0171  
backward:              0.3000             -0.0705              1.6434              0.0178  
backward:              0.2500             -0.0969              1.5466              0.0184  
backward:              0.2000             -0.1299              1.4167              0.0192  
backward:              0.1500             -0.1696              1.2470              0.0201  
backward:              0.1000             -0.2438              1.0032              0.0214  
backward:              0.0500             -0.3468              0.6564              0.0235  
backward:              0.0000             -0.5816              0.0748              0.0287  
Inaccuracy estimation
======================================================================================================
                   i        i+δi          P0_overlap_P1   δε(forward)/ε   δε(backward)/ε
======================================================================================================
inaccuracy:  0.00000        0.05000           55.37           -0.01            0.75
inaccuracy:  0.05000        0.10000           65.65           -0.01            0.31
inaccuracy:  0.10000        0.15000           72.69           -0.00            0.19
inaccuracy:  0.15000        0.20000           76.62           -0.00            0.13
inaccuracy:  0.20000        0.25000           78.09           -0.00            0.10
inaccuracy:  0.25000        0.30000           79.77           -0.00            0.08
inaccuracy:  0.30000        0.35000           79.28           -0.00            0.08
inaccuracy:  0.35000        0.40000           80.11           -0.00            0.07
inaccuracy:  0.40000        0.45000           79.65           -0.01            0.07
inaccuracy:  0.45000        0.50000           81.18           -0.01            0.06
inaccuracy:  0.50000        0.55000           73.96           -0.03            0.08
inaccuracy:  0.55000        0.60000           74.22           -0.03            0.07
inaccuracy:  0.60000        0.65000           75.04           -0.03            0.05
inaccuracy:  0.65000        0.70000           75.07           -0.04            0.05
inaccuracy:  0.70000        0.75000           76.19           -0.03            0.04
inaccuracy:  0.75000        0.80000           76.79           -0.04            0.04
inaccuracy:  0.80000        0.85000           76.13           -0.04            0.04
inaccuracy:  0.85000        0.90000           76.78           -0.04            0.04
inaccuracy:  0.90000        0.95000           76.50           -0.04            0.04
inaccuracy:  0.95000        1.00000           76.35           -0.04            0.04
===================================================================================================================================
                BAR        
-----------------------------------------------------------------------------------------------------------------------------------
BAR-estimator:         λ             λ+δλ          ΔΔA             ΔA            C               Δδe            δe       
                          
-----------------------------------------------------------------------------------------------------------------------------------
BAR-estimator:      0.00000        0.05000        0.6377         0.6377         0.6377         0.0083         0.0083 
BAR-estimator:      0.05000        0.10000        0.3633         1.0010         0.3633         0.0052         0.0098 
BAR-estimator:      0.10000        0.15000        0.2442         1.2452         0.2442         0.0043         0.0107 
BAR-estimator:      0.15000        0.20000        0.1653         1.4106         0.1653         0.0038         0.0113 
BAR-estimator:      0.20000        0.25000        0.1273         1.5379         0.1273         0.0034         0.0118 
BAR-estimator:      0.25000        0.30000        0.0933         1.6312         0.0933         0.0027         0.0121 
BAR-estimator:      0.30000        0.35000        0.0730         1.7042         0.0730         0.0026         0.0124 
BAR-estimator:      0.35000        0.40000        0.0515         1.7558         0.0515         0.0025         0.0127 
BAR-estimator:      0.40000        0.45000        0.0435         1.7992         0.0435         0.0024         0.0129 
BAR-estimator:      0.45000        0.50000        0.0316         1.8309         0.0316         0.0023         0.0131 
BAR-estimator:      0.50000        0.55000       -0.0441         1.7868        -0.0441         0.0033         0.0135 
BAR-estimator:      0.55000        0.60000       -0.1657         1.6210        -0.1657         0.0028         0.0138 
BAR-estimator:      0.60000        0.65000       -0.2709         1.3502        -0.2709         0.0030         0.0141 
BAR-estimator:      0.65000        0.70000       -0.3601         0.9901        -0.3601         0.0030         0.0144 
BAR-estimator:      0.70000        0.75000       -0.4259         0.5642        -0.4259         0.0027         0.0147 
BAR-estimator:      0.75000        0.80000       -0.4907         0.0735        -0.4907         0.0027         0.0149 
BAR-estimator:      0.80000        0.85000       -0.5384        -0.4648        -0.5384         0.0028         0.0152 
BAR-estimator:      0.85000        0.90000       -0.5773        -1.0421        -0.5773         0.0028         0.0154 
BAR-estimator:      0.90000        0.95000       -0.6032        -1.6453        -0.6032         0.0030         0.0157 
BAR-estimator:      0.95000        1.00000       -0.6336        -2.2789        -0.6336         0.0028         0.0160 
BAR-estimator: total free energy change is -2.2789111700121776 , total error is 0.01598583367306838
