#========================================================================================
#                     Free energy perturbation    
#----------------------------------------------------------------------------------------
#forward/backward          λ              ΔΔA                 ΔA                  δε   
#                                                 
#----------------------------------------------------------------------------------------
forward:               0.0000              0.0000              0.0000              0.0000  
forward:               0.0500              0.3646              0.3646              0.0078  
forward:               0.1000              0.2869              0.6514              0.0101  
forward:               0.1500              0.2260              0.8775              0.0120  
forward:               0.2000              0.1787              1.0561              0.0130  
forward:               0.2500              0.1616              1.2177              0.0140  
forward:               0.3000              0.1367              1.3545              0.0146  
forward:               0.3500              0.1291              1.4835              0.0151  
forward:               0.4000              0.1081              1.5916              0.0156  
forward:               0.4500              0.1113              1.7030              0.0159  
forward:               0.5000              0.0984              1.8013              0.0163  
forward:               0.5500              0.0870              1.8883              0.0167  
forward:               0.6000              0.0693              1.9576              0.0170  
forward:               0.6500              0.0550              2.0126              0.0173  
forward:               0.7000              0.0369              2.0496              0.0175  
forward:               0.7500              0.0358              2.0854              0.0178  
forward:               0.8000              0.0266              2.1120              0.0178  
forward:               0.8500              0.0312              2.1432              0.0181  
forward:               0.9000              0.0155              2.1587              0.0182  
forward:               0.9500              0.0184              2.1771              0.0185  
forward:               1.0000              0.0197              2.1968              0.0187  
backward:              1.0000              0.0000              2.1968              0.0000  
backward:              0.9500             -0.0201              2.1767              0.0032  
backward:              0.9000             -0.0197              2.1569              0.0045  
backward:              0.8500             -0.0142              2.1427              0.0055  
backward:              0.8000             -0.0238              2.1189              0.0065  
backward:              0.7500             -0.0234              2.0955              0.0073  
backward:              0.7000             -0.0394              2.0561              0.0082  
backward:              0.6500             -0.0394              2.0167              0.0090  
backward:              0.6000             -0.0569              1.9598              0.0096  
backward:              0.5500             -0.0722              1.8876              0.0103  
backward:              0.5000             -0.0895              1.7981              0.0113  
backward:              0.4500             -0.0970              1.7011              0.0121  
backward:              0.4000             -0.1023              1.5988              0.0126  
backward:              0.3500             -0.1138              1.4850              0.0140  
backward:              0.3000             -0.1305              1.3545              0.0146  
backward:              0.2500             -0.1434              1.2111              0.0155  
backward:              0.2000             -0.1614              1.0497              0.0162  
backward:              0.1500             -0.1868              0.8629              0.0174  
backward:              0.1000             -0.2231              0.6398              0.0185  
backward:              0.0500             -0.2977              0.3421              0.0204  
backward:              0.0000             -0.3661             -0.0240              0.0227  
Inaccuracy estimation
======================================================================================================
                   i        i+δi          P0_overlap_P1   δε(forward)/ε   δε(backward)/ε
======================================================================================================
inaccuracy:  0.00000        0.05000           66.67           -0.00            0.31
inaccuracy:  0.05000        0.10000           73.70           -0.00            0.18
inaccuracy:  0.10000        0.15000           73.20           -0.00            0.16
inaccuracy:  0.15000        0.20000           79.18           -0.00            0.11
inaccuracy:  0.20000        0.25000           77.86           -0.00            0.10
inaccuracy:  0.25000        0.30000           80.99           -0.00            0.09
inaccuracy:  0.30000        0.35000           78.83           -0.00            0.08
inaccuracy:  0.35000        0.40000           82.08           -0.00            0.07
inaccuracy:  0.40000        0.45000           79.42           -0.01            0.07
inaccuracy:  0.45000        0.50000           81.06           -0.00            0.07
inaccuracy:  0.50000        0.55000           79.04           -0.01            0.07
inaccuracy:  0.55000        0.60000           81.22           -0.01            0.06
inaccuracy:  0.60000        0.65000           79.53           -0.01            0.07
inaccuracy:  0.65000        0.70000           82.27           -0.01            0.06
inaccuracy:  0.70000        0.75000           79.97           -0.01            0.06
inaccuracy:  0.75000        0.80000           81.13           -0.01            0.06
inaccuracy:  0.80000        0.85000           79.35           -0.01            0.06
inaccuracy:  0.85000        0.90000           81.79           -0.01            0.06
inaccuracy:  0.90000        0.95000           82.04           -0.01            0.06
inaccuracy:  0.95000        1.00000           81.25           -0.01            0.06
===================================================================================================================================
            	   BAR        
-----------------------------------------------------------------------------------------------------------------------------------
BAR-estimator:         λ             λ+δλ          ΔΔA             ΔA            C               Δδe            δe       
                          
-----------------------------------------------------------------------------------------------------------------------------------
BAR-estimator:      0.00000        0.05000        0.3451         0.3451         0.3451         0.0053         0.0053 
BAR-estimator:      0.05000        0.10000        0.2873         0.6325         0.2873         0.0044         0.0069 
BAR-estimator:      0.10000        0.15000        0.2127         0.8452         0.2127         0.0042         0.0081 
BAR-estimator:      0.15000        0.20000        0.1807         1.0259         0.1807         0.0034         0.0088 
BAR-estimator:      0.20000        0.25000        0.1540         1.1799         0.1540         0.0035         0.0094 
BAR-estimator:      0.25000        0.30000        0.1385         1.3184         0.1385         0.0028         0.0098 
BAR-estimator:      0.30000        0.35000        0.1224         1.4408         0.1224         0.0027         0.0102 
BAR-estimator:      0.35000        0.40000        0.1100         1.5508         0.1100         0.0027         0.0105 
BAR-estimator:      0.40000        0.45000        0.1041         1.6549         0.1041         0.0024         0.0108 
BAR-estimator:      0.45000        0.50000        0.0968         1.7517         0.0968         0.0025         0.0111 
BAR-estimator:      0.50000        0.55000        0.0815         1.8332         0.0815         0.0025         0.0114 
BAR-estimator:      0.55000        0.60000        0.0707         1.9039         0.0707         0.0023         0.0116 
BAR-estimator:      0.60000        0.65000        0.0487         1.9526         0.0487         0.0027         0.0119 
BAR-estimator:      0.65000        0.70000        0.0383         1.9909         0.0383         0.0020         0.0121 
BAR-estimator:      0.70000        0.75000        0.0296         2.0205         0.0296         0.0023         0.0123 
BAR-estimator:      0.75000        0.80000        0.0252         2.0457         0.0252         0.0024         0.0125 
BAR-estimator:      0.80000        0.85000        0.0238         2.0695         0.0238         0.0022         0.0127 
BAR-estimator:      0.85000        0.90000        0.0156         2.0851         0.0156         0.0022         0.0129 
BAR-estimator:      0.90000        0.95000        0.0186         2.1037         0.0186         0.0024         0.0131 
BAR-estimator:      0.95000        1.00000        0.0206         2.1243         0.0206         0.0023         0.0133 
BAR-estimator: total free energy change is 2.124327029982339 , total error is 0.013331259931160381
