#========================================================================================
#                     Free energy perturbation    
#----------------------------------------------------------------------------------------
#forward/backward          λ              ΔΔA                 ΔA                  δε   
#                                                 
#----------------------------------------------------------------------------------------
forward:               0.0000              0.0000              0.0000              0.0000  
forward:               0.0500              0.3598              0.3598              0.0070  
forward:               0.1000              0.2639              0.6237              0.0088  
forward:               0.1500              0.2199              0.8437              0.0099  
forward:               0.2000              0.1763              1.0200              0.0107  
forward:               0.2500              0.1577              1.1776              0.0115  
forward:               0.3000              0.1392              1.3169              0.0121  
forward:               0.3500              0.1271              1.4440              0.0128  
forward:               0.4000              0.1187              1.5627              0.0132  
forward:               0.4500              0.1088              1.6715              0.0135  
forward:               0.5000              0.1014              1.7729              0.0138  
forward:               0.5500             -0.0627              1.7102              0.0151  
forward:               0.6000             -0.3447              1.3655              0.0164  
forward:               0.6500             -0.5731              0.7925              0.0177  
forward:               0.7000             -0.7685              0.0239              0.0190  
forward:               0.7500             -0.8761             -0.8521              0.0198  
forward:               0.8000             -0.9073             -1.7594              0.0205  
forward:               0.8500             -0.8792             -2.6386              0.0211  
forward:               0.9000             -0.8374             -3.4760              0.0214  
forward:               0.9500             -0.7839             -4.2599              0.0219  
forward:               1.0000             -0.7176             -4.9775              0.0221  
backward:              1.0000              0.0000             -4.9775              0.0000  
backward:              0.9500              0.7136             -4.2639              0.0055  
backward:              0.9000              0.7848             -3.4791              0.0078  
backward:              0.8500              0.8449             -2.6342              0.0097  
backward:              0.8000              0.8844             -1.7498              0.0122  
backward:              0.7500              0.9120             -0.8378              0.0135  
backward:              0.7000              0.8752              0.0374              0.0150  
backward:              0.6500              0.7660              0.8034              0.0170  
backward:              0.6000              0.5749              1.3783              0.0181  
backward:              0.5500              0.3453              1.7236              0.0192  
backward:              0.5000              0.0590              1.7826              0.0202  
backward:              0.4500             -0.0977              1.6849              0.0205  
backward:              0.4000             -0.1097              1.5753              0.0207  
backward:              0.3500             -0.1219              1.4534              0.0211  
backward:              0.3000             -0.1275              1.3259              0.0214  
backward:              0.2500             -0.1482              1.1777              0.0219  
backward:              0.2000             -0.1504              1.0273              0.0223  
backward:              0.1500             -0.1798              0.8475              0.0228  
backward:              0.1000             -0.2255              0.6220              0.0240  
backward:              0.0500             -0.2838              0.3382              0.0254  
backward:              0.0000             -0.3478             -0.0096              0.0272  
Inaccuracy estimation
======================================================================================================
                   i        i+δi          P0_overlap_P1   δε(forward)/ε   δε(backward)/ε
======================================================================================================
inaccuracy:  0.00000        0.05000           71.21           -0.00            0.25
inaccuracy:  0.05000        0.10000           77.43           -0.00            0.16
inaccuracy:  0.10000        0.15000           79.12           -0.00            0.12
inaccuracy:  0.15000        0.20000           81.33           -0.00            0.09
inaccuracy:  0.20000        0.25000           82.25           -0.00            0.08
inaccuracy:  0.25000        0.30000           84.23           -0.00            0.06
inaccuracy:  0.30000        0.35000           83.45           -0.00            0.05
inaccuracy:  0.35000        0.40000           84.70           -0.00            0.05
inaccuracy:  0.40000        0.45000           84.69           -0.00            0.05
inaccuracy:  0.45000        0.50000           84.12           -0.00            0.05
inaccuracy:  0.50000        0.55000           70.00           -0.07            0.13
inaccuracy:  0.55000        0.60000           69.81           -0.10            0.06
inaccuracy:  0.60000        0.65000           69.62           -0.11            0.04
inaccuracy:  0.65000        0.70000           69.52           -0.10            0.03
inaccuracy:  0.70000        0.75000           70.41           -0.08            0.02
inaccuracy:  0.75000        0.80000           70.84           -0.09            0.03
inaccuracy:  0.80000        0.85000           69.76           -0.09            0.04
inaccuracy:  0.85000        0.90000           70.03           -0.07            0.05
inaccuracy:  0.90000        0.95000           69.57           -0.06            0.07
inaccuracy:  0.95000        1.00000           68.84           -0.05            0.08
===================================================================================================================================
                BAR        
-----------------------------------------------------------------------------------------------------------------------------------
BAR-estimator:         λ             λ+δλ          ΔΔA             ΔA            C               Δδe            δe       
                          
-----------------------------------------------------------------------------------------------------------------------------------
BAR-estimator:      0.00000        0.05000        0.3578         0.3578         0.3578         0.0048         0.0048 
BAR-estimator:      0.05000        0.10000        0.2690         0.6268         0.2690         0.0038         0.0061 
BAR-estimator:      0.10000        0.15000        0.2217         0.8484         0.2217         0.0032         0.0069 
BAR-estimator:      0.15000        0.20000        0.1785         1.0269         0.1785         0.0029         0.0075 
BAR-estimator:      0.20000        0.25000        0.1571         1.1840         0.1571         0.0027         0.0079 
BAR-estimator:      0.25000        0.30000        0.1419         1.3259         0.1419         0.0026         0.0084 
BAR-estimator:      0.30000        0.35000        0.1264         1.4523         0.1264         0.0030         0.0089 
BAR-estimator:      0.35000        0.40000        0.1198         1.5721         0.1198         0.0024         0.0092 
BAR-estimator:      0.40000        0.45000        0.1089         1.6810         0.1089         0.0023         0.0095 
BAR-estimator:      0.45000        0.50000        0.0996         1.7806         0.0996         0.0018         0.0096 
BAR-estimator:      0.50000        0.55000       -0.0610         1.7196        -0.0610         0.0040         0.0104 
BAR-estimator:      0.55000        0.60000       -0.3459         1.3737        -0.3459         0.0035         0.0110 
BAR-estimator:      0.60000        0.65000       -0.5721         0.8015        -0.5721         0.0042         0.0118 
BAR-estimator:      0.65000        0.70000       -0.7648         0.0367        -0.7648         0.0041         0.0125 
BAR-estimator:      0.70000        0.75000       -0.8728        -0.8361        -0.8728         0.0039         0.0131 
BAR-estimator:      0.75000        0.80000       -0.9091        -1.7452        -0.9091         0.0036         0.0136 
BAR-estimator:      0.80000        0.85000       -0.8840        -2.6292        -0.8840         0.0041         0.0142 
BAR-estimator:      0.85000        0.90000       -0.8392        -3.4684        -0.8392         0.0033         0.0146 
BAR-estimator:      0.90000        0.95000       -0.7812        -4.2497        -0.7812         0.0036         0.0150 
BAR-estimator:      0.95000        1.00000       -0.7178        -4.9674        -0.7178         0.0034         0.0154 
BAR-estimator: total free energy change is -4.967442241187702 , total error is 0.015374750913260845
