#========================================================================================
#                     Free energy perturbation    
#----------------------------------------------------------------------------------------
#forward/backward          λ              ΔΔA                 ΔA                  δε   
#                                                 
#----------------------------------------------------------------------------------------
forward:               0.0000              0.0000              0.0000              0.0000  
forward:               0.0500              0.2627              0.2627              0.0072  
forward:               0.1000              0.2072              0.4699              0.0091  
forward:               0.1500              0.1701              0.6400              0.0103  
forward:               0.2000              0.1458              0.7858              0.0110  
forward:               0.2500              0.1304              0.9162              0.0114  
forward:               0.3000              0.1170              1.0332              0.0120  
forward:               0.3500              0.1028              1.1360              0.0124  
forward:               0.4000              0.0951              1.2312              0.0127  
forward:               0.4500              0.0890              1.3202              0.0131  
forward:               0.5000              0.0766              1.3968              0.0134  
forward:               0.5500             -0.0063              1.3905              0.0141  
forward:               0.6000             -0.1609              1.2296              0.0147  
forward:               0.6500             -0.2875              0.9421              0.0153  
forward:               0.7000             -0.3844              0.5577              0.0158  
forward:               0.7500             -0.4680              0.0898              0.0163  
forward:               0.8000             -0.5209             -0.4312              0.0167  
forward:               0.8500             -0.5555             -0.9867              0.0171  
forward:               0.9000             -0.5800             -1.5667              0.0174  
forward:               0.9500             -0.5868             -2.1535              0.0177  
forward:               1.0000             -0.6040             -2.7574              0.0182  
backward:              1.0000              0.0000             -2.7574              0.0000  
backward:              0.9500              0.5906             -2.1669              0.0038  
backward:              0.9000              0.5852             -1.5817              0.0054  
backward:              0.8500              0.5763             -1.0054              0.0067  
backward:              0.8000              0.5536             -0.4517              0.0080  
backward:              0.7500              0.5297              0.0780              0.0089  
backward:              0.7000              0.4585              0.5365              0.0101  
backward:              0.6500              0.3910              0.9275              0.0110  
backward:              0.6000              0.2794              1.2069              0.0121  
backward:              0.5500              0.1586              1.3655              0.0129  
backward:              0.5000              0.0158              1.3813              0.0138  
backward:              0.4500             -0.0767              1.3045              0.0143  
backward:              0.4000             -0.0840              1.2205              0.0147  
backward:              0.3500             -0.0909              1.1296              0.0151  
backward:              0.3000             -0.1073              1.0223              0.0156  
backward:              0.2500             -0.1177              0.9046              0.0162  
backward:              0.2000             -0.1265              0.7781              0.0167  
backward:              0.1500             -0.1406              0.6375              0.0173  
backward:              0.1000             -0.1660              0.4715              0.0181  
backward:              0.0500             -0.2334              0.2381              0.0206  
backward:              0.0000             -0.2843             -0.0462              0.0222  
Inaccuracy estimation
======================================================================================================
                   i        i+δi          P0_overlap_P1   δε(forward)/ε   δε(backward)/ε
======================================================================================================
inaccuracy:  0.00000        0.05000           72.77           -0.00            0.22
inaccuracy:  0.05000        0.10000           79.05           -0.00            0.14
inaccuracy:  0.10000        0.15000           77.38           -0.00            0.12
inaccuracy:  0.15000        0.20000           80.39           -0.00            0.09
inaccuracy:  0.20000        0.25000           80.70           -0.00            0.08
inaccuracy:  0.25000        0.30000           82.26           -0.00            0.07
inaccuracy:  0.30000        0.35000           81.76           -0.01            0.07
inaccuracy:  0.35000        0.40000           82.60           -0.00            0.06
inaccuracy:  0.40000        0.45000           82.16           -0.00            0.06
inaccuracy:  0.45000        0.50000           84.15           -0.00            0.06
inaccuracy:  0.50000        0.55000           60.54           -0.08            0.13
inaccuracy:  0.55000        0.60000           75.43           -0.04            0.06
inaccuracy:  0.60000        0.65000           64.45           -0.07            0.06
inaccuracy:  0.65000        0.70000           74.94           -0.05            0.04
inaccuracy:  0.70000        0.75000           68.80           -0.06            0.04
inaccuracy:  0.75000        0.80000           75.38           -0.04            0.04
inaccuracy:  0.80000        0.85000           73.93           -0.05            0.04
inaccuracy:  0.85000        0.90000           76.64           -0.04            0.04
inaccuracy:  0.90000        0.95000           74.42           -0.04            0.04
inaccuracy:  0.95000        1.00000           76.68           -0.04            0.04
===================================================================================================================================
            	   BAR        
-----------------------------------------------------------------------------------------------------------------------------------
BAR-estimator:         λ             λ+δλ          ΔΔA             ΔA            C               Δδe            δe       
                          
-----------------------------------------------------------------------------------------------------------------------------------
BAR-estimator:      0.00000        0.05000        0.2556         0.2556         0.2556         0.0050         0.0050 
BAR-estimator:      0.05000        0.10000        0.2140         0.4696         0.2140         0.0038         0.0063 
BAR-estimator:      0.10000        0.15000        0.1607         0.6303         0.1607         0.0033         0.0071 
BAR-estimator:      0.15000        0.20000        0.1445         0.7748         0.1445         0.0023         0.0075 
BAR-estimator:      0.20000        0.25000        0.1263         0.9011         0.1263         0.0022         0.0078 
BAR-estimator:      0.25000        0.30000        0.1178         1.0188         0.1178         0.0026         0.0083 
BAR-estimator:      0.30000        0.35000        0.0987         1.1175         0.0987         0.0023         0.0086 
BAR-estimator:      0.35000        0.40000        0.0934         1.2108         0.0934         0.0023         0.0089 
BAR-estimator:      0.40000        0.45000        0.0842         1.2950         0.0842         0.0021         0.0091 
BAR-estimator:      0.45000        0.50000        0.0773         1.3723         0.0773         0.0021         0.0094 
BAR-estimator:      0.50000        0.55000       -0.0782         1.2941        -0.0782         0.0025         0.0097 
BAR-estimator:      0.55000        0.60000       -0.1592         1.1350        -0.1592         0.0030         0.0101 
BAR-estimator:      0.60000        0.65000       -0.3400         0.7949        -0.3400         0.0030         0.0106 
BAR-estimator:      0.65000        0.70000       -0.3884         0.4065        -0.3884         0.0028         0.0109 
BAR-estimator:      0.70000        0.75000       -0.4975        -0.0910        -0.4975         0.0023         0.0112 
BAR-estimator:      0.75000        0.80000       -0.5249        -0.6159        -0.5249         0.0029         0.0115 
BAR-estimator:      0.80000        0.85000       -0.5679        -1.1838        -0.5679         0.0028         0.0119 
BAR-estimator:      0.85000        0.90000       -0.5783        -1.7621        -0.5783         0.0026         0.0122 
BAR-estimator:      0.90000        0.95000       -0.5915        -2.3536        -0.5915         0.0030         0.0126 
BAR-estimator:      0.95000        1.00000       -0.5990        -2.9526        -0.5990         0.0029         0.0129 
BAR-estimator: total free energy change is -2.952587823532144 , total error is 0.012888574295896738
