#========================================================================================
#                     Free energy perturbation    
#----------------------------------------------------------------------------------------
#forward/backward          λ              ΔΔA                 ΔA                  δε   
#                                                 
#----------------------------------------------------------------------------------------
forward:               0.0000              0.0000              0.0000              0.0000  
forward:               0.0500              0.5425              0.5425              0.0112  
forward:               0.1000              0.3140              0.8565              0.0136  
forward:               0.1500              0.2229              1.0795              0.0167  
forward:               0.2000              0.1616              1.2411              0.0179  
forward:               0.2500              0.1334              1.3745              0.0185  
forward:               0.3000              0.0914              1.4658              0.0189  
forward:               0.3500              0.0909              1.5567              0.0193  
forward:               0.4000              0.0648              1.6215              0.0198  
forward:               0.4500              0.0619              1.6834              0.0201  
forward:               0.5000              0.0462              1.7296              0.0204  
forward:               0.5500              0.0227              1.7524              0.0208  
forward:               0.6000             -0.0247              1.7277              0.0210  
forward:               0.6500             -0.0549              1.6727              0.0212  
forward:               0.7000             -0.0861              1.5866              0.0214  
forward:               0.7500             -0.1087              1.4779              0.0215  
forward:               0.8000             -0.1285              1.3493              0.0216  
forward:               0.8500             -0.1440              1.2053              0.0218  
forward:               0.9000             -0.1602              1.0451              0.0220  
forward:               0.9500             -0.1628              0.8823              0.0222  
forward:               1.0000             -0.1797              0.7026              0.0223  
backward:              1.0000              0.0000              0.7026              0.0000  
backward:              0.9500              0.1815              0.8840              0.0031  
backward:              0.9000              0.1707              1.0548              0.0043  
backward:              0.8500              0.1551              1.2098              0.0052  
backward:              0.8000              0.1480              1.3578              0.0060  
backward:              0.7500              0.1300              1.4878              0.0068  
backward:              0.7000              0.1084              1.5962              0.0075  
backward:              0.6500              0.0833              1.6795              0.0082  
backward:              0.6000              0.0594              1.7389              0.0088  
backward:              0.5500              0.0222              1.7611              0.0096  
backward:              0.5000             -0.0207              1.7404              0.0103  
backward:              0.4500             -0.0453              1.6951              0.0110  
backward:              0.4000             -0.0580              1.6371              0.0116  
backward:              0.3500             -0.0654              1.5717              0.0122  
backward:              0.3000             -0.0862              1.4854              0.0128  
backward:              0.2500             -0.1067              1.3787              0.0136  
backward:              0.2000             -0.1427              1.2360              0.0147  
backward:              0.1500             -0.1710              1.0650              0.0161  
backward:              0.1000             -0.2267              0.8383              0.0184  
backward:              0.0500             -0.3228              0.5155              0.0200  
backward:              0.0000             -0.5226             -0.0071              0.0278  
Inaccuracy estimation
======================================================================================================
                   i        i+δi          P0_overlap_P1   δε(forward)/ε   δε(backward)/ε
======================================================================================================
inaccuracy:  0.00000        0.05000           59.73           -0.00            0.60
inaccuracy:  0.05000        0.10000           71.58           -0.00            0.25
inaccuracy:  0.10000        0.15000           74.42           -0.00            0.15
inaccuracy:  0.15000        0.20000           77.94           -0.00            0.12
inaccuracy:  0.20000        0.25000           79.60           -0.00            0.09
inaccuracy:  0.25000        0.30000           82.47           -0.00            0.07
inaccuracy:  0.30000        0.35000           80.55           -0.00            0.07
inaccuracy:  0.35000        0.40000           81.97           -0.00            0.07
inaccuracy:  0.40000        0.45000           81.65           -0.00            0.06
inaccuracy:  0.45000        0.50000           81.93           -0.00            0.06
inaccuracy:  0.50000        0.55000           79.63           -0.01            0.07
inaccuracy:  0.55000        0.60000           80.60           -0.01            0.06
inaccuracy:  0.60000        0.65000           80.15           -0.01            0.06
inaccuracy:  0.65000        0.70000           81.45           -0.01            0.05
inaccuracy:  0.70000        0.75000           81.53           -0.01            0.05
inaccuracy:  0.75000        0.80000           81.12           -0.01            0.05
inaccuracy:  0.80000        0.85000           80.61           -0.01            0.05
inaccuracy:  0.85000        0.90000           81.88           -0.01            0.04
inaccuracy:  0.90000        0.95000           79.87           -0.01            0.05
inaccuracy:  0.95000        1.00000           80.38           -0.01            0.05
===================================================================================================================================
                BAR        
-----------------------------------------------------------------------------------------------------------------------------------
BAR-estimator:         λ             λ+δλ          ΔΔA             ΔA            C               Δδe            δe       
                          
-----------------------------------------------------------------------------------------------------------------------------------
BAR-estimator:      0.00000        0.05000        0.5411         0.5411         0.5411         0.0077         0.0077 
BAR-estimator:      0.05000        0.10000        0.3210         0.8621         0.3210         0.0058         0.0097 
BAR-estimator:      0.10000        0.15000        0.2206         1.0827         0.2206         0.0037         0.0103 
BAR-estimator:      0.15000        0.20000        0.1636         1.2462         0.1636         0.0040         0.0111 
BAR-estimator:      0.20000        0.25000        0.1360         1.3823         0.1360         0.0032         0.0116 
BAR-estimator:      0.25000        0.30000        0.0958         1.4781         0.0958         0.0026         0.0119 
BAR-estimator:      0.30000        0.35000        0.0901         1.5682         0.0901         0.0027         0.0122 
BAR-estimator:      0.35000        0.40000        0.0656         1.6338         0.0656         0.0027         0.0125 
BAR-estimator:      0.40000        0.45000        0.0610         1.6948         0.0610         0.0024         0.0127 
BAR-estimator:      0.45000        0.50000        0.0458         1.7406         0.0458         0.0024         0.0129 
BAR-estimator:      0.50000        0.55000        0.0237         1.7642         0.0237         0.0033         0.0133 
BAR-estimator:      0.55000        0.60000       -0.0231         1.7411        -0.0231         0.0025         0.0135 
BAR-estimator:      0.60000        0.65000       -0.0569         1.6842        -0.0569         0.0023         0.0137 
BAR-estimator:      0.65000        0.70000       -0.0848         1.5994        -0.0848         0.0021         0.0139 
BAR-estimator:      0.70000        0.75000       -0.1080         1.4915        -0.1080         0.0022         0.0141 
BAR-estimator:      0.75000        0.80000       -0.1286         1.3629        -0.1286         0.0023         0.0143 
BAR-estimator:      0.80000        0.85000       -0.1449         1.2180        -0.1449         0.0022         0.0144 
BAR-estimator:      0.85000        0.90000       -0.1584         1.0596        -0.1584         0.0023         0.0146 
BAR-estimator:      0.90000        0.95000       -0.1661         0.8936        -0.1661         0.0021         0.0147 
BAR-estimator:      0.95000        1.00000       -0.1806         0.7130        -0.1806         0.0023         0.0149 
BAR-estimator: total free energy change is 0.7129764907639322 , total error is 0.014931676984975238
