#========================================================================================
#                     Free energy perturbation    
#----------------------------------------------------------------------------------------
#forward/backward          λ              ΔΔA                 ΔA                  δε   
#                                                 
#----------------------------------------------------------------------------------------
forward:               0.0000              0.0000              0.0000              0.0000  
forward:               0.0500              0.5176              0.5176              0.0106  
forward:               0.1000              0.3690              0.8867              0.0130  
forward:               0.1500              0.2641              1.1507              0.0139  
forward:               0.2000              0.1857              1.3364              0.0154  
forward:               0.2500              0.1526              1.4890              0.0161  
forward:               0.3000              0.1166              1.6056              0.0167  
forward:               0.3500              0.1025              1.7080              0.0173  
forward:               0.4000              0.0757              1.7837              0.0177  
forward:               0.4500              0.0717              1.8555              0.0183  
forward:               0.5000              0.0475              1.9030              0.0187  
forward:               0.5500              0.0086              1.9116              0.0190  
forward:               0.6000             -0.0726              1.8390              0.0193  
forward:               0.6500             -0.1535              1.6855              0.0204  
forward:               0.7000             -0.2374              1.4481              0.0209  
forward:               0.7500             -0.2830              1.1651              0.0213  
forward:               0.8000             -0.3206              0.8445              0.0219  
forward:               0.8500             -0.3514              0.4932              0.0223  
forward:               0.9000             -0.3622              0.1310              0.0226  
forward:               0.9500             -0.3632             -0.2322              0.0229  
forward:               1.0000             -0.3699             -0.6021              0.0232  
backward:              1.0000              0.0000             -0.6021              0.0000  
backward:              0.9500              0.3603             -0.2419              0.0047  
backward:              0.9000              0.3622              0.1204              0.0066  
backward:              0.8500              0.3569              0.4773              0.0080  
backward:              0.8000              0.3389              0.8161              0.0092  
backward:              0.7500              0.3219              1.1381              0.0107  
backward:              0.7000              0.2828              1.4209              0.0117  
backward:              0.6500              0.2322              1.6531              0.0125  
backward:              0.6000              0.1529              1.8059              0.0135  
backward:              0.5500              0.0746              1.8805              0.0144  
backward:              0.5000             -0.0174              1.8630              0.0155  
backward:              0.4500             -0.0522              1.8109              0.0163  
backward:              0.4000             -0.0647              1.7461              0.0169  
backward:              0.3500             -0.0694              1.6767              0.0174  
backward:              0.3000             -0.1054              1.5714              0.0180  
backward:              0.2500             -0.1168              1.4546              0.0193  
backward:              0.2000             -0.1536              1.3010              0.0207  
backward:              0.1500             -0.1922              1.1089              0.0219  
backward:              0.1000             -0.2646              0.8442              0.0234  
backward:              0.0500             -0.3460              0.4982              0.0250  
backward:              0.0000             -0.5191             -0.0208              0.0293  
Inaccuracy estimation
======================================================================================================
                   i        i+δi          P0_overlap_P1   δε(forward)/ε   δε(backward)/ε
======================================================================================================
inaccuracy:  0.00000        0.05000           62.58           -0.01            0.37
inaccuracy:  0.05000        0.10000           67.23           -0.00            0.30
inaccuracy:  0.10000        0.15000           71.71           -0.00            0.20
inaccuracy:  0.15000        0.20000           75.59           -0.00            0.15
inaccuracy:  0.20000        0.25000           76.68           -0.00            0.12
inaccuracy:  0.25000        0.30000           77.18           -0.00            0.10
inaccuracy:  0.30000        0.35000           78.55           -0.00            0.10
inaccuracy:  0.35000        0.40000           79.28           -0.01            0.08
inaccuracy:  0.40000        0.45000           78.66           -0.01            0.08
inaccuracy:  0.45000        0.50000           80.81           -0.00            0.08
inaccuracy:  0.50000        0.55000           76.19           -0.03            0.08
inaccuracy:  0.55000        0.60000           75.73           -0.03            0.08
inaccuracy:  0.60000        0.65000           76.28           -0.03            0.07
inaccuracy:  0.65000        0.70000           76.57           -0.04            0.06
inaccuracy:  0.70000        0.75000           75.65           -0.04            0.06
inaccuracy:  0.75000        0.80000           75.21           -0.04            0.06
inaccuracy:  0.80000        0.85000           76.44           -0.03            0.06
inaccuracy:  0.85000        0.90000           76.40           -0.03            0.06
inaccuracy:  0.90000        0.95000           75.43           -0.03            0.06
inaccuracy:  0.95000        1.00000           75.95           -0.03            0.06
===================================================================================================================================
                BAR        
-----------------------------------------------------------------------------------------------------------------------------------
BAR-estimator:         λ             λ+δλ          ΔΔA             ΔA            C               Δδe            δe       
                          
-----------------------------------------------------------------------------------------------------------------------------------
BAR-estimator:      0.00000        0.05000        0.5143         0.5143         0.5143         0.0070         0.0070 
BAR-estimator:      0.05000        0.10000        0.3635         0.8779         0.3635         0.0053         0.0088 
BAR-estimator:      0.10000        0.15000        0.2641         1.1420         0.2641         0.0053         0.0102 
BAR-estimator:      0.15000        0.20000        0.1892         1.3312         0.1892         0.0045         0.0112 
BAR-estimator:      0.20000        0.25000        0.1523         1.4835         0.1523         0.0021         0.0113 
BAR-estimator:      0.25000        0.30000        0.1147         1.5982         0.1147         0.0031         0.0118 
BAR-estimator:      0.30000        0.35000        0.1043         1.7025         0.1043         0.0031         0.0122 
BAR-estimator:      0.35000        0.40000        0.0752         1.7777         0.0752         0.0029         0.0125 
BAR-estimator:      0.40000        0.45000        0.0692         1.8469         0.0692         0.0031         0.0129 
BAR-estimator:      0.45000        0.50000        0.0497         1.8966         0.0497         0.0031         0.0132 
BAR-estimator:      0.50000        0.55000        0.0106         1.9072         0.0106         0.0028         0.0135 
BAR-estimator:      0.55000        0.60000       -0.0729         1.8343        -0.0729         0.0025         0.0138 
BAR-estimator:      0.60000        0.65000       -0.1515         1.6828        -0.1515         0.0030         0.0141 
BAR-estimator:      0.65000        0.70000       -0.2350         1.4478        -0.2350         0.0029         0.0144 
BAR-estimator:      0.70000        0.75000       -0.2837         1.1641        -0.2837         0.0033         0.0148 
BAR-estimator:      0.75000        0.80000       -0.3228         0.8414        -0.3228         0.0030         0.0151 
BAR-estimator:      0.80000        0.85000       -0.3475         0.4938        -0.3475         0.0032         0.0154 
BAR-estimator:      0.85000        0.90000       -0.3602         0.1336        -0.3602         0.0030         0.0157 
BAR-estimator:      0.90000        0.95000       -0.3620        -0.2284        -0.3620         0.0030         0.0160 
BAR-estimator:      0.95000        1.00000       -0.3652        -0.5936        -0.3652         0.0032         0.0163 
BAR-estimator: total free energy change is -0.5936163020905694 , total error is 0.016323669848053078
