#========================================================================================
#                     Free energy perturbation    
#----------------------------------------------------------------------------------------
#forward/backward          λ              ΔΔA                 ΔA                  δε   
#                                                 
#----------------------------------------------------------------------------------------
forward:               0.0000              0.0000              0.0000              0.0000  
forward:               0.0500              0.6737              0.6737              0.0141  
forward:               0.1000              0.3589              1.0327              0.0161  
forward:               0.1500              0.2347              1.2673              0.0176  
forward:               0.2000              0.1533              1.4206              0.0184  
forward:               0.2500              0.1118              1.5325              0.0189  
forward:               0.3000              0.0886              1.6211              0.0194  
forward:               0.3500              0.0574              1.6785              0.0197  
forward:               0.4000              0.0399              1.7184              0.0200  
forward:               0.4500              0.0301              1.7485              0.0202  
forward:               0.5000              0.0169              1.7654              0.0205  
forward:               0.5500             -0.0123              1.7531              0.0208  
forward:               0.6000             -0.0475              1.7056              0.0210  
forward:               0.6500             -0.0792              1.6263              0.0212  
forward:               0.7000             -0.1035              1.5229              0.0214  
forward:               0.7500             -0.1276              1.3952              0.0216  
forward:               0.8000             -0.1480              1.2473              0.0218  
forward:               0.8500             -0.1557              1.0916              0.0219  
forward:               0.9000             -0.1760              0.9156              0.0221  
forward:               0.9500             -0.1913              0.7242              0.0222  
forward:               1.0000             -0.1981              0.5261              0.0224  
backward:              1.0000              0.0000              0.5261              0.0000  
backward:              0.9500              0.2008              0.7269              0.0041  
backward:              0.9000              0.1854              0.9123              0.0055  
backward:              0.8500              0.1760              1.0883              0.0063  
backward:              0.8000              0.1607              1.2490              0.0070  
backward:              0.7500              0.1495              1.3985              0.0078  
backward:              0.7000              0.1254              1.5239              0.0085  
backward:              0.6500              0.1044              1.6283              0.0091  
backward:              0.6000              0.0831              1.7114              0.0097  
backward:              0.5500              0.0461              1.7575              0.0104  
backward:              0.5000              0.0066              1.7640              0.0111  
backward:              0.4500             -0.0154              1.7487              0.0117  
backward:              0.4000             -0.0295              1.7191              0.0123  
backward:              0.3500             -0.0390              1.6801              0.0129  
backward:              0.3000             -0.0629              1.6172              0.0136  
backward:              0.2500             -0.0852              1.5320              0.0147  
backward:              0.2000             -0.1160              1.4160              0.0157  
backward:              0.1500             -0.1535              1.2625              0.0166  
backward:              0.1000             -0.2319              1.0306              0.0182  
backward:              0.0500             -0.3511              0.6795              0.0207  
backward:              0.0000             -0.6292              0.0503              0.0268  
Inaccuracy estimation
======================================================================================================
                   i        i+δi          P0_overlap_P1   δε(forward)/ε   δε(backward)/ε
======================================================================================================
inaccuracy:  0.00000        0.05000           54.23           -0.01            1.02
inaccuracy:  0.05000        0.10000           67.77           -0.01            0.32
inaccuracy:  0.10000        0.15000           73.27           -0.00            0.19
inaccuracy:  0.15000        0.20000           77.41           -0.00            0.13
inaccuracy:  0.20000        0.25000           79.11           -0.00            0.09
inaccuracy:  0.25000        0.30000           78.72           -0.00            0.08
inaccuracy:  0.30000        0.35000           81.24           -0.01            0.07
inaccuracy:  0.35000        0.40000           81.16           -0.00            0.07
inaccuracy:  0.40000        0.45000           82.11           -0.00            0.06
inaccuracy:  0.45000        0.50000           81.49           -0.00            0.05
inaccuracy:  0.50000        0.55000           80.20           -0.01            0.06
inaccuracy:  0.55000        0.60000           79.68           -0.01            0.05
inaccuracy:  0.60000        0.65000           80.68           -0.01            0.05
inaccuracy:  0.65000        0.70000           80.66           -0.01            0.05
inaccuracy:  0.70000        0.75000           81.28           -0.01            0.05
inaccuracy:  0.75000        0.80000           80.64           -0.01            0.05
inaccuracy:  0.80000        0.85000           80.27           -0.02            0.04
inaccuracy:  0.85000        0.90000           80.91           -0.01            0.05
inaccuracy:  0.90000        0.95000           81.45           -0.02            0.04
inaccuracy:  0.95000        1.00000           80.35           -0.01            0.04
===================================================================================================================================
                BAR        
-----------------------------------------------------------------------------------------------------------------------------------
BAR-estimator:         λ             λ+δλ          ΔΔA             ΔA            C               Δδe            δe       
                          
-----------------------------------------------------------------------------------------------------------------------------------
BAR-estimator:      0.00000        0.05000        0.6757         0.6757         0.6757         0.0098         0.0098 
BAR-estimator:      0.05000        0.10000        0.3574         1.0331         0.3574         0.0055         0.0112 
BAR-estimator:      0.10000        0.15000        0.2347         1.2678         0.2347         0.0047         0.0122 
BAR-estimator:      0.15000        0.20000        0.1558         1.4236         0.1558         0.0036         0.0127 
BAR-estimator:      0.20000        0.25000        0.1133         1.5369         0.1133         0.0029         0.0130 
BAR-estimator:      0.25000        0.30000        0.0868         1.6237         0.0868         0.0029         0.0133 
BAR-estimator:      0.30000        0.35000        0.0603         1.6839         0.0603         0.0026         0.0136 
BAR-estimator:      0.35000        0.40000        0.0406         1.7245         0.0406         0.0023         0.0138 
BAR-estimator:      0.40000        0.45000        0.0311         1.7556         0.0311         0.0022         0.0139 
BAR-estimator:      0.45000        0.50000        0.0154         1.7710         0.0154         0.0022         0.0141 
BAR-estimator:      0.50000        0.55000       -0.0107         1.7603        -0.0107         0.0025         0.0143 
BAR-estimator:      0.55000        0.60000       -0.0494         1.7109        -0.0494         0.0025         0.0146 
BAR-estimator:      0.60000        0.65000       -0.0806         1.6302        -0.0806         0.0023         0.0147 
BAR-estimator:      0.65000        0.70000       -0.1041         1.5261        -0.1041         0.0023         0.0149 
BAR-estimator:      0.70000        0.75000       -0.1266         1.3995        -0.1266         0.0026         0.0151 
BAR-estimator:      0.75000        0.80000       -0.1488         1.2507        -0.1488         0.0020         0.0153 
BAR-estimator:      0.80000        0.85000       -0.1583         1.0924        -0.1583         0.0022         0.0154 
BAR-estimator:      0.85000        0.90000       -0.1758         0.9167        -0.1758         0.0024         0.0156 
BAR-estimator:      0.90000        0.95000       -0.1899         0.7268        -0.1899         0.0020         0.0157 
BAR-estimator:      0.95000        1.00000       -0.1987         0.5281        -0.1987         0.0023         0.0159 
BAR-estimator: total free energy change is 0.5281082789736868 , total error is 0.01590554150913052
