#========================================================================================
#                     Free energy perturbation    
#----------------------------------------------------------------------------------------
#forward/backward          λ              ΔΔA                 ΔA                  δε   
#                                                 
#----------------------------------------------------------------------------------------
forward:               0.0000              0.0000              0.0000              0.0000  
forward:               0.0500              0.4006              0.4006              0.0090  
forward:               0.1000              0.2682              0.6688              0.0109  
forward:               0.1500              0.2141              0.8829              0.0122  
forward:               0.2000              0.1694              1.0523              0.0131  
forward:               0.2500              0.1367              1.1890              0.0137  
forward:               0.3000              0.1228              1.3117              0.0143  
forward:               0.3500              0.1120              1.4238              0.0147  
forward:               0.4000              0.1030              1.5268              0.0152  
forward:               0.4500              0.0922              1.6190              0.0155  
forward:               0.5000              0.0761              1.6951              0.0158  
forward:               0.5500             -0.0244              1.6707              0.0164  
forward:               0.6000             -0.1958              1.4749              0.0173  
forward:               0.6500             -0.3798              1.0951              0.0188  
forward:               0.7000             -0.5528              0.5423              0.0218  
forward:               0.7500             -0.6385             -0.0962              0.0226  
forward:               0.8000             -0.6358             -0.7320              0.0232  
forward:               0.8500             -0.5968             -1.3288              0.0234  
forward:               0.9000             -0.5389             -1.8677              0.0237  
forward:               0.9500             -0.4907             -2.3585              0.0240  
forward:               1.0000             -0.4562             -2.8146              0.0241  
backward:              1.0000              0.0000             -2.8146              0.0000  
backward:              0.9500              0.4377             -2.3769              0.0076  
backward:              0.9000              0.4799             -1.8970              0.0089  
backward:              0.8500              0.5474             -1.3496              0.0102  
backward:              0.8000              0.5971             -0.7524              0.0124  
backward:              0.7500              0.6299             -0.1226              0.0134  
backward:              0.7000              0.6339              0.5113              0.0152  
backward:              0.6500              0.5652              1.0766              0.0171  
backward:              0.6000              0.3777              1.4542              0.0186  
backward:              0.5500              0.2003              1.6545              0.0194  
backward:              0.5000              0.0133              1.6679              0.0201  
backward:              0.4500             -0.0777              1.5902              0.0204  
backward:              0.4000             -0.0843              1.5059              0.0208  
backward:              0.3500             -0.1027              1.4032              0.0212  
backward:              0.3000             -0.1091              1.2941              0.0217  
backward:              0.2500             -0.1153              1.1788              0.0221  
backward:              0.2000             -0.1508              1.0280              0.0227  
backward:              0.1500             -0.1630              0.8650              0.0232  
backward:              0.1000             -0.2074              0.6576              0.0240  
backward:              0.0500             -0.2616              0.3960              0.0252  
backward:              0.0000             -0.3817              0.0143              0.0292  
Inaccuracy estimation
======================================================================================================
                   i        i+δi          P0_overlap_P1   δε(forward)/ε   δε(backward)/ε
======================================================================================================
inaccuracy:  0.00000        0.05000           66.24           -0.00            0.32
inaccuracy:  0.05000        0.10000           74.23           -0.00            0.20
inaccuracy:  0.10000        0.15000           75.60           -0.00            0.13
inaccuracy:  0.15000        0.20000           78.67           -0.00            0.11
inaccuracy:  0.20000        0.25000           81.79           -0.00            0.08
inaccuracy:  0.25000        0.30000           80.46           -0.00            0.08
inaccuracy:  0.30000        0.35000           80.96           -0.00            0.07
inaccuracy:  0.35000        0.40000           82.11           -0.00            0.07
inaccuracy:  0.40000        0.45000           81.88           -0.00            0.06
inaccuracy:  0.45000        0.50000           82.87           -0.00            0.05
inaccuracy:  0.50000        0.55000           74.56           -0.05            0.11
inaccuracy:  0.55000        0.60000           72.98           -0.08            0.07
inaccuracy:  0.60000        0.65000           70.80           -0.08            0.05
inaccuracy:  0.65000        0.70000           68.32           -0.08            0.05
inaccuracy:  0.70000        0.75000           72.91           -0.06            0.04
inaccuracy:  0.75000        0.80000           73.77           -0.05            0.05
inaccuracy:  0.80000        0.85000           73.80           -0.04            0.06
inaccuracy:  0.85000        0.90000           71.71           -0.03            0.07
inaccuracy:  0.90000        0.95000           72.61           -0.04            0.08
inaccuracy:  0.95000        1.00000           72.22           -0.04            0.09
===================================================================================================================================
                BAR        
-----------------------------------------------------------------------------------------------------------------------------------
BAR-estimator:         λ             λ+δλ          ΔΔA             ΔA            C               Δδe            δe       
                          
-----------------------------------------------------------------------------------------------------------------------------------
BAR-estimator:      0.00000        0.05000        0.3945         0.3945         0.3945         0.0061         0.0061 
BAR-estimator:      0.05000        0.10000        0.2703         0.6649         0.2703         0.0043         0.0074 
BAR-estimator:      0.10000        0.15000        0.2104         0.8752         0.2104         0.0037         0.0083 
BAR-estimator:      0.15000        0.20000        0.1667         1.0419         0.1667         0.0032         0.0089 
BAR-estimator:      0.20000        0.25000        0.1415         1.1834         0.1415         0.0030         0.0094 
BAR-estimator:      0.25000        0.30000        0.1207         1.3041         0.1207         0.0029         0.0098 
BAR-estimator:      0.30000        0.35000        0.1106         1.4147         0.1106         0.0029         0.0102 
BAR-estimator:      0.35000        0.40000        0.1032         1.5179         0.1032         0.0028         0.0106 
BAR-estimator:      0.40000        0.45000        0.0895         1.6074         0.0895         0.0021         0.0108 
BAR-estimator:      0.45000        0.50000        0.0766         1.6840         0.0766         0.0023         0.0110 
BAR-estimator:      0.50000        0.55000       -0.0189         1.6651        -0.0189         0.0032         0.0115 
BAR-estimator:      0.55000        0.60000       -0.1984         1.4667        -0.1984         0.0043         0.0123 
BAR-estimator:      0.60000        0.65000       -0.3799         1.0868        -0.3799         0.0043         0.0130 
BAR-estimator:      0.65000        0.70000       -0.5585         0.5283        -0.5585         0.0056         0.0142 
BAR-estimator:      0.70000        0.75000       -0.6367        -0.1084        -0.6367         0.0036         0.0146 
BAR-estimator:      0.75000        0.80000       -0.6345        -0.7429        -0.6345         0.0034         0.0150 
BAR-estimator:      0.80000        0.85000       -0.5972        -1.3401        -0.5972         0.0030         0.0153 
BAR-estimator:      0.85000        0.90000       -0.5418        -1.8819        -0.5418         0.0030         0.0156 
BAR-estimator:      0.90000        0.95000       -0.4869        -2.3688        -0.4869         0.0031         0.0159 
BAR-estimator:      0.95000        1.00000       -0.4527        -2.8216        -0.4527         0.0032         0.0162 
BAR-estimator: total free energy change is -2.8215532110767363 , total error is 0.016231827790439385
