#========================================================================================
#                     Free energy perturbation    
#----------------------------------------------------------------------------------------
#forward/backward          λ              ΔΔA                 ΔA                  δε   
#                                                 
#----------------------------------------------------------------------------------------
forward:               0.0000              0.0000              0.0000              0.0000  
forward:               0.0500              0.7463              0.7463              0.0137  
forward:               0.1000              0.3857              1.1320              0.0162  
forward:               0.1500              0.2336              1.3655              0.0183  
forward:               0.2000              0.1563              1.5218              0.0192  
forward:               0.2500              0.1137              1.6355              0.0197  
forward:               0.3000              0.0796              1.7151              0.0203  
forward:               0.3500              0.0582              1.7733              0.0206  
forward:               0.4000              0.0281              1.8013              0.0210  
forward:               0.4500              0.0222              1.8235              0.0213  
forward:               0.5000              0.0075              1.8311              0.0216  
forward:               0.5500             -0.0088              1.8223              0.0219  
forward:               0.6000             -0.0520              1.7703              0.0222  
forward:               0.6500             -0.0816              1.6888              0.0226  
forward:               0.7000             -0.1108              1.5779              0.0228  
forward:               0.7500             -0.1194              1.4585              0.0230  
forward:               0.8000             -0.1408              1.3177              0.0232  
forward:               0.8500             -0.1529              1.1648              0.0235  
forward:               0.9000             -0.1564              1.0084              0.0237  
forward:               0.9500             -0.1753              0.8331              0.0238  
forward:               1.0000             -0.1666              0.6665              0.0240  
backward:              1.0000              0.0000              0.6665              0.0000  
backward:              0.9500              0.1770              0.8435              0.0032  
backward:              0.9000              0.1602              1.0037              0.0053  
backward:              0.8500              0.1562              1.1599              0.0079  
backward:              0.8000              0.1464              1.3063              0.0089  
backward:              0.7500              0.1422              1.4485              0.0096  
backward:              0.7000              0.1235              1.5720              0.0103  
backward:              0.6500              0.1021              1.6740              0.0109  
backward:              0.6000              0.0802              1.7542              0.0115  
backward:              0.5500              0.0484              1.8026              0.0122  
backward:              0.5000              0.0064              1.8090              0.0128  
backward:              0.4500             -0.0020              1.8070              0.0135  
backward:              0.4000             -0.0264              1.7806              0.0141  
backward:              0.3500             -0.0410              1.7396              0.0146  
backward:              0.3000             -0.0616              1.6780              0.0159  
backward:              0.2500             -0.0799              1.5981              0.0168  
backward:              0.2000             -0.1170              1.4811              0.0177  
backward:              0.1500             -0.1765              1.3046              0.0190  
backward:              0.1000             -0.2542              1.0505              0.0206  
backward:              0.0500             -0.4509              0.5996              0.0747  
backward:              0.0000             -0.7433             -0.1437              0.0827  
Inaccuracy estimation
======================================================================================================
                   i        i+δi          P0_overlap_P1   δε(forward)/ε   δε(backward)/ε
======================================================================================================
inaccuracy:  0.00000        0.05000           51.47           -0.01            1.01
inaccuracy:  0.05000        0.10000           65.27           -0.00            0.36
inaccuracy:  0.10000        0.15000           73.35           -0.00            0.19
inaccuracy:  0.15000        0.20000           76.20           -0.00            0.13
inaccuracy:  0.20000        0.25000           77.24           -0.01            0.11
inaccuracy:  0.25000        0.30000           78.18           -0.00            0.10
inaccuracy:  0.30000        0.35000           78.94           -0.00            0.09
inaccuracy:  0.35000        0.40000           81.78           -0.00            0.07
inaccuracy:  0.40000        0.45000           80.66           -0.00            0.07
inaccuracy:  0.45000        0.50000           79.75           -0.01            0.07
inaccuracy:  0.50000        0.55000           78.32           -0.01            0.07
inaccuracy:  0.55000        0.60000           79.43           -0.01            0.06
inaccuracy:  0.60000        0.65000           79.68           -0.01            0.06
inaccuracy:  0.65000        0.70000           80.60           -0.01            0.05
inaccuracy:  0.70000        0.75000           79.44           -0.02            0.06
inaccuracy:  0.75000        0.80000           79.47           -0.02            0.05
inaccuracy:  0.80000        0.85000           80.24           -0.01            0.05
inaccuracy:  0.85000        0.90000           78.98           -0.01            0.06
inaccuracy:  0.90000        0.95000           81.17           -0.01            0.05
inaccuracy:  0.95000        1.00000           77.92           -0.01            0.05
===================================================================================================================================
                BAR        
-----------------------------------------------------------------------------------------------------------------------------------
BAR-estimator:         λ             λ+δλ          ΔΔA             ΔA            C               Δδe            δe       
                          
-----------------------------------------------------------------------------------------------------------------------------------
BAR-estimator:      0.00000        0.05000        0.7506         0.7506         0.7506         0.0092         0.0092 
BAR-estimator:      0.05000        0.10000        0.3857         1.1363         0.3857         0.0060         0.0110 
BAR-estimator:      0.10000        0.15000        0.2430         1.3793         0.2430         0.0058         0.0124 
BAR-estimator:      0.15000        0.20000        0.1630         1.5422         0.1630         0.0039         0.0130 
BAR-estimator:      0.20000        0.25000        0.1149         1.6571         0.1149         0.0032         0.0134 
BAR-estimator:      0.25000        0.30000        0.0796         1.7367         0.0796         0.0029         0.0137 
BAR-estimator:      0.30000        0.35000        0.0592         1.7959         0.0592         0.0026         0.0139 
BAR-estimator:      0.35000        0.40000        0.0335         1.8293         0.0335         0.0027         0.0142 
BAR-estimator:      0.40000        0.45000        0.0244         1.8538         0.0244         0.0026         0.0144 
BAR-estimator:      0.45000        0.50000        0.0051         1.8589         0.0051         0.0025         0.0147 
BAR-estimator:      0.50000        0.55000       -0.0075         1.8514        -0.0075         0.0026         0.0149 
BAR-estimator:      0.55000        0.60000       -0.0508         1.8006        -0.0508         0.0024         0.0151 
BAR-estimator:      0.60000        0.65000       -0.0811         1.7194        -0.0811         0.0028         0.0153 
BAR-estimator:      0.65000        0.70000       -0.1078         1.6117        -0.1078         0.0024         0.0155 
BAR-estimator:      0.70000        0.75000       -0.1214         1.4903        -0.1214         0.0025         0.0157 
BAR-estimator:      0.75000        0.80000       -0.1425         1.3477        -0.1425         0.0023         0.0159 
BAR-estimator:      0.80000        0.85000       -0.1507         1.1970        -0.1507         0.0026         0.0161 
BAR-estimator:      0.85000        0.90000       -0.1580         1.0390        -0.1580         0.0023         0.0163 
BAR-estimator:      0.90000        0.95000       -0.1687         0.8703        -0.1687         0.0023         0.0164 
BAR-estimator:      0.95000        1.00000       -0.1707         0.6996        -0.1707         0.0024         0.0166 
BAR-estimator: total free energy change is 0.6995748444987672 , total error is 0.016577780902333132
