#========================================================================================
#                     Free energy perturbation    
#----------------------------------------------------------------------------------------
#forward/backward          λ              ΔΔA                 ΔA                  δε   
#                                                 
#----------------------------------------------------------------------------------------
forward:               0.0000              0.0000              0.0000              0.0000  
forward:               0.0500              0.2988              0.2988              0.0078  
forward:               0.1000              0.2199              0.5187              0.0096  
forward:               0.1500              0.1829              0.7016              0.0108  
forward:               0.2000              0.1588              0.8604              0.0116  
forward:               0.2500              0.1373              0.9977              0.0121  
forward:               0.3000              0.1197              1.1174              0.0129  
forward:               0.3500              0.1190              1.2364              0.0133  
forward:               0.4000              0.0964              1.3329              0.0137  
forward:               0.4500              0.0901              1.4230              0.0141  
forward:               0.5000              0.0851              1.5081              0.0144  
forward:               0.5500              0.0442              1.5522              0.0149  
forward:               0.6000             -0.0033              1.5489              0.0152  
forward:               0.6500             -0.0484              1.5005              0.0157  
forward:               0.7000             -0.0885              1.4121              0.0160  
forward:               0.7500             -0.1121              1.2999              0.0163  
forward:               0.8000             -0.1297              1.1702              0.0165  
forward:               0.8500             -0.1454              1.0248              0.0167  
forward:               0.9000             -0.1563              0.8685              0.0168  
forward:               0.9500             -0.1688              0.6997              0.0170  
forward:               1.0000             -0.1799              0.5199              0.0172  
backward:              1.0000              0.0000              0.5199              0.0000  
backward:              0.9500              0.1762              0.6961              0.0025  
backward:              0.9000              0.1638              0.8599              0.0041  
backward:              0.8500              0.1596              1.0195              0.0052  
backward:              0.8000              0.1444              1.1639              0.0058  
backward:              0.7500              0.1292              1.2931              0.0068  
backward:              0.7000              0.1071              1.4002              0.0078  
backward:              0.6500              0.0839              1.4840              0.0087  
backward:              0.6000              0.0512              1.5352              0.0093  
backward:              0.5500              0.0061              1.5413              0.0100  
backward:              0.5000             -0.0528              1.4885              0.0109  
backward:              0.4500             -0.0818              1.4067              0.0114  
backward:              0.4000             -0.0980              1.3087              0.0120  
backward:              0.3500             -0.0963              1.2124              0.0127  
backward:              0.3000             -0.1081              1.1043              0.0132  
backward:              0.2500             -0.1241              0.9801              0.0139  
backward:              0.2000             -0.1346              0.8456              0.0145  
backward:              0.1500             -0.1540              0.6916              0.0153  
backward:              0.1000             -0.1769              0.5146              0.0162  
backward:              0.0500             -0.2255              0.2891              0.0180  
backward:              0.0000             -0.2910             -0.0019              0.0208  
Inaccuracy estimation
======================================================================================================
                   i        i+δi          P0_overlap_P1   δε(forward)/ε   δε(backward)/ε
======================================================================================================
inaccuracy:  0.00000        0.05000           67.87           -0.00            0.25
inaccuracy:  0.05000        0.10000           76.48           -0.00            0.15
inaccuracy:  0.10000        0.15000           76.66           -0.00            0.12
inaccuracy:  0.15000        0.20000           79.50           -0.00            0.10
inaccuracy:  0.20000        0.25000           80.40           -0.00            0.09
inaccuracy:  0.25000        0.30000           82.34           -0.00            0.07
inaccuracy:  0.30000        0.35000           79.23           -0.00            0.08
inaccuracy:  0.35000        0.40000           82.38           -0.00            0.06
inaccuracy:  0.40000        0.45000           81.93           -0.01            0.06
inaccuracy:  0.45000        0.50000           82.65           -0.00            0.05
inaccuracy:  0.50000        0.55000           73.17           -0.02            0.08
inaccuracy:  0.55000        0.60000           79.43           -0.02            0.06
inaccuracy:  0.60000        0.65000           75.10           -0.02            0.06
inaccuracy:  0.65000        0.70000           80.65           -0.02            0.05
inaccuracy:  0.70000        0.75000           78.19           -0.02            0.05
inaccuracy:  0.75000        0.80000           80.55           -0.02            0.05
inaccuracy:  0.80000        0.85000           78.66           -0.02            0.05
inaccuracy:  0.85000        0.90000           80.08           -0.01            0.05
inaccuracy:  0.90000        0.95000           79.25           -0.02            0.05
inaccuracy:  0.95000        1.00000           80.84           -0.02            0.05
===================================================================================================================================
            	   BAR        
-----------------------------------------------------------------------------------------------------------------------------------
BAR-estimator:         λ             λ+δλ          ΔΔA             ΔA            C               Δδe            δe       
                          
-----------------------------------------------------------------------------------------------------------------------------------
BAR-estimator:      0.00000        0.05000        0.2757         0.2757         0.2757         0.0054         0.0054 
BAR-estimator:      0.05000        0.10000        0.2199         0.4956         0.2199         0.0039         0.0067 
BAR-estimator:      0.10000        0.15000        0.1738         0.6695         0.1738         0.0034         0.0075 
BAR-estimator:      0.15000        0.20000        0.1571         0.8265         0.1571         0.0028         0.0080 
BAR-estimator:      0.20000        0.25000        0.1335         0.9601         0.1335         0.0023         0.0083 
BAR-estimator:      0.25000        0.30000        0.1214         1.0815         0.1214         0.0028         0.0088 
BAR-estimator:      0.30000        0.35000        0.1097         1.1912         0.1097         0.0022         0.0090 
BAR-estimator:      0.35000        0.40000        0.0967         1.2879         0.0967         0.0024         0.0094 
BAR-estimator:      0.40000        0.45000        0.0875         1.3754         0.0875         0.0022         0.0096 
BAR-estimator:      0.45000        0.50000        0.0837         1.4591         0.0837         0.0021         0.0098 
BAR-estimator:      0.50000        0.55000        0.0207         1.4798         0.0207         0.0027         0.0102 
BAR-estimator:      0.55000        0.60000       -0.0044         1.4754        -0.0044         0.0025         0.0105 
BAR-estimator:      0.60000        0.65000       -0.0668         1.4086        -0.0668         0.0027         0.0108 
BAR-estimator:      0.65000        0.70000       -0.0883         1.3203        -0.0883         0.0022         0.0111 
BAR-estimator:      0.70000        0.75000       -0.1207         1.1996        -0.1207         0.0023         0.0113 
BAR-estimator:      0.75000        0.80000       -0.1293         1.0703        -0.1293         0.0021         0.0115 
BAR-estimator:      0.80000        0.85000       -0.1531         0.9172        -0.1531         0.0024         0.0117 
BAR-estimator:      0.85000        0.90000       -0.1571         0.7601        -0.1571         0.0024         0.0120 
BAR-estimator:      0.90000        0.95000       -0.1740         0.5861        -0.1740         0.0023         0.0122 
BAR-estimator:      0.95000        1.00000       -0.1786         0.4075        -0.1786         0.0027         0.0125 
BAR-estimator: total free energy change is 0.4075033381213169 , total error is 0.01249390839260437
