#========================================================================================
#                     Free energy perturbation    
#----------------------------------------------------------------------------------------
#forward/backward          λ              ΔΔA                 ΔA                  δε   
#                                                 
#----------------------------------------------------------------------------------------
forward:               0.0000              0.0000              0.0000              0.0000  
forward:               0.0500              0.7276              0.7276              0.0150  
forward:               0.1000              0.4331              1.1606              0.0168  
forward:               0.1500              0.2750              1.4357              0.0183  
forward:               0.2000              0.1998              1.6354              0.0192  
forward:               0.2500              0.1672              1.8026              0.0198  
forward:               0.3000              0.1243              1.9268              0.0203  
forward:               0.3500              0.1039              2.0307              0.0207  
forward:               0.4000              0.0763              2.1070              0.0211  
forward:               0.4500              0.0620              2.1690              0.0214  
forward:               0.5000              0.0454              2.2144              0.0217  
forward:               0.5500              0.0287              2.2432              0.0221  
forward:               0.6000             -0.0272              2.2160              0.0224  
forward:               0.6500             -0.0523              2.1637              0.0227  
forward:               0.7000             -0.0855              2.0782              0.0229  
forward:               0.7500             -0.1064              1.9719              0.0231  
forward:               0.8000             -0.1303              1.8416              0.0233  
forward:               0.8500             -0.1387              1.7028              0.0235  
forward:               0.9000             -0.1533              1.5496              0.0236  
forward:               0.9500             -0.1619              1.3876              0.0238  
forward:               1.0000             -0.1743              1.2134              0.0240  
backward:              1.0000              0.0000              1.2134              0.0000  
backward:              0.9500              0.1735              1.3869              0.0032  
backward:              0.9000              0.1645              1.5514              0.0044  
backward:              0.8500              0.1549              1.7062              0.0055  
backward:              0.8000              0.1418              1.8481              0.0063  
backward:              0.7500              0.1339              1.9819              0.0072  
backward:              0.7000              0.1087              2.0906              0.0079  
backward:              0.6500              0.0806              2.1712              0.0087  
backward:              0.6000              0.0588              2.2300              0.0095  
backward:              0.5500              0.0289              2.2589              0.0100  
backward:              0.5000             -0.0200              2.2389              0.0104  
backward:              0.4500             -0.0531              2.1858              0.0114  
backward:              0.4000             -0.0652              2.1205              0.0122  
backward:              0.3500             -0.0771              2.0434              0.0129  
backward:              0.3000             -0.1020              1.9415              0.0139  
backward:              0.2500             -0.1228              1.8186              0.0148  
backward:              0.2000             -0.1660              1.6527              0.0160  
backward:              0.1500             -0.2102              1.4425              0.0172  
backward:              0.1000             -0.3022              1.1403              0.0191  
backward:              0.0500             -0.4099              0.7304              0.0213  
backward:              0.0000             -0.6892              0.0412              0.0271  
Inaccuracy estimation
======================================================================================================
                   i        i+δi          P0_overlap_P1   δε(forward)/ε   δε(backward)/ε
======================================================================================================
inaccuracy:  0.00000        0.05000           54.01           -0.01            0.75
inaccuracy:  0.05000        0.10000           64.96           -0.01            0.34
inaccuracy:  0.10000        0.15000           73.32           -0.00            0.19
inaccuracy:  0.15000        0.20000           76.30           -0.00            0.14
inaccuracy:  0.20000        0.25000           76.48           -0.00            0.11
inaccuracy:  0.25000        0.30000           77.82           -0.01            0.10
inaccuracy:  0.30000        0.35000           78.29           -0.00            0.08
inaccuracy:  0.35000        0.40000           79.78           -0.00            0.08
inaccuracy:  0.40000        0.45000           80.86           -0.00            0.07
inaccuracy:  0.45000        0.50000           81.65           -0.00            0.06
inaccuracy:  0.50000        0.55000           77.56           -0.01            0.08
inaccuracy:  0.55000        0.60000           79.06           -0.01            0.07
inaccuracy:  0.60000        0.65000           78.86           -0.01            0.06
inaccuracy:  0.65000        0.70000           80.04           -0.01            0.05
inaccuracy:  0.70000        0.75000           79.41           -0.01            0.05
inaccuracy:  0.75000        0.80000           80.27           -0.02            0.06
inaccuracy:  0.80000        0.85000           79.28           -0.02            0.05
inaccuracy:  0.85000        0.90000           79.76           -0.02            0.05
inaccuracy:  0.90000        0.95000           79.27           -0.02            0.05
inaccuracy:  0.95000        1.00000           79.82           -0.02            0.05
===================================================================================================================================
                BAR        
-----------------------------------------------------------------------------------------------------------------------------------
BAR-estimator:         λ             λ+δλ          ΔΔA             ΔA            C               Δδe            δe       
                          
-----------------------------------------------------------------------------------------------------------------------------------
BAR-estimator:      0.00000        0.05000        0.7216         0.7216         0.7216         0.0100         0.0100 
BAR-estimator:      0.05000        0.10000        0.4254         1.1470         0.4254         0.0051         0.0112 
BAR-estimator:      0.10000        0.15000        0.2842         1.4312         0.2842         0.0044         0.0120 
BAR-estimator:      0.15000        0.20000        0.2043         1.6355         0.2043         0.0040         0.0127 
BAR-estimator:      0.20000        0.25000        0.1653         1.8008         0.1653         0.0033         0.0131 
BAR-estimator:      0.25000        0.30000        0.1243         1.9250         0.1243         0.0029         0.0134 
BAR-estimator:      0.30000        0.35000        0.1020         2.0271         0.1020         0.0031         0.0138 
BAR-estimator:      0.35000        0.40000        0.0774         2.1045         0.0774         0.0027         0.0140 
BAR-estimator:      0.40000        0.45000        0.0641         2.1685         0.0641         0.0025         0.0142 
BAR-estimator:      0.45000        0.50000        0.0481         2.2166         0.0481         0.0023         0.0144 
BAR-estimator:      0.50000        0.55000        0.0264         2.2430         0.0264         0.0029         0.0147 
BAR-estimator:      0.55000        0.60000       -0.0267         2.2163        -0.0267         0.0033         0.0151 
BAR-estimator:      0.60000        0.65000       -0.0553         2.1610        -0.0553         0.0024         0.0153 
BAR-estimator:      0.65000        0.70000       -0.0837         2.0773        -0.0837         0.0025         0.0155 
BAR-estimator:      0.70000        0.75000       -0.1067         1.9706        -0.1067         0.0025         0.0157 
BAR-estimator:      0.75000        0.80000       -0.1306         1.8400        -0.1306         0.0024         0.0159 
BAR-estimator:      0.80000        0.85000       -0.1404         1.6996        -0.1404         0.0023         0.0160 
BAR-estimator:      0.85000        0.90000       -0.1526         1.5469        -0.1526         0.0024         0.0162 
BAR-estimator:      0.90000        0.95000       -0.1628         1.3841        -0.1628         0.0024         0.0164 
BAR-estimator:      0.95000        1.00000       -0.1732         1.2109        -0.1732         0.0024         0.0166 
BAR-estimator: total free energy change is 1.2108568335518992 , total error is 0.01656244661894782
