#========================================================================================
#                     Free energy perturbation    
#----------------------------------------------------------------------------------------
#forward/backward          λ              ΔΔA                 ΔA                  δε   
#                                                 
#----------------------------------------------------------------------------------------
forward:               0.0000              0.0000              0.0000              0.0000  
forward:               0.0500              1.8006              1.8006              0.0261  
forward:               0.1000              0.8838              2.6844              0.0287  
forward:               0.1500              0.4539              3.1383              0.0306  
forward:               0.2000              0.2194              3.3577              0.0317  
forward:               0.2500              0.1101              3.4677              0.0323  
forward:               0.3000              0.0062              3.4739              0.0331  
forward:               0.3500             -0.0284              3.4455              0.0337  
forward:               0.4000             -0.0519              3.3937              0.0340  
forward:               0.4500             -0.0825              3.3111              0.0343  
forward:               0.5000             -0.1163              3.1948              0.0346  
forward:               0.5500             -0.1430              3.0519              0.0350  
forward:               0.6000             -0.2461              2.8058              0.0353  
forward:               0.6500             -0.3157              2.4901              0.0356  
forward:               0.7000             -0.3818              2.1083              0.0358  
forward:               0.7500             -0.4110              1.6973              0.0360  
forward:               0.8000             -0.4528              1.2445              0.0363  
forward:               0.8500             -0.4903              0.7542              0.0365  
forward:               0.9000             -0.5153              0.2388              0.0367  
forward:               0.9500             -0.5266             -0.2877              0.0369  
forward:               1.0000             -0.5539             -0.8416              0.0371  
backward:              1.0000              0.0000             -0.8416              0.0000  
backward:              0.9500              0.5545             -0.2871              0.0043  
backward:              0.9000              0.5300              0.2428              0.0063  
backward:              0.8500              0.5077              0.7505              0.0080  
backward:              0.8000              0.4849              1.2354              0.0095  
backward:              0.7500              0.4622              1.6977              0.0105  
backward:              0.7000              0.4189              2.1166              0.0113  
backward:              0.6500              0.3782              2.4947              0.0123  
backward:              0.6000              0.3156              2.8104              0.0132  
backward:              0.5500              0.2505              3.0609              0.0142  
backward:              0.5000              0.1487              3.2096              0.0156  
backward:              0.4500              0.1061              3.3157              0.0162  
backward:              0.4000              0.0909              3.4066              0.0170  
backward:              0.3500              0.0555              3.4621              0.0179  
backward:              0.3000              0.0113              3.4734              0.0191  
backward:              0.2500             -0.0397              3.4337              0.0204  
backward:              0.2000             -0.1057              3.3279              0.0218  
backward:              0.1500             -0.2251              3.1029              0.0241  
backward:              0.1000             -0.4759              2.6269              0.0304  
backward:              0.0500             -0.9036              1.7233              0.0588  
backward:              0.0000             -1.7174              0.0059              0.0741  
Inaccuracy estimation
======================================================================================================
                   i        i+δi          P0_overlap_P1   δε(forward)/ε   δε(backward)/ε
======================================================================================================
inaccuracy:  0.00000        0.05000           30.42           -0.04            3.11
inaccuracy:  0.05000        0.10000           46.14           -0.04            1.04
inaccuracy:  0.10000        0.15000           58.24           -0.02            0.48
inaccuracy:  0.15000        0.20000           65.82           -0.02            0.27
inaccuracy:  0.20000        0.25000           69.62           -0.01            0.19
inaccuracy:  0.25000        0.30000           75.27           -0.01            0.13
inaccuracy:  0.30000        0.35000           75.19           -0.01            0.10
inaccuracy:  0.35000        0.40000           73.67           -0.02            0.10
inaccuracy:  0.40000        0.45000           75.14           -0.01            0.10
inaccuracy:  0.45000        0.50000           77.31           -0.01            0.08
inaccuracy:  0.50000        0.55000           71.04           -0.04            0.11
inaccuracy:  0.55000        0.60000           72.97           -0.04            0.08
inaccuracy:  0.60000        0.65000           73.55           -0.04            0.07
inaccuracy:  0.65000        0.70000           74.47           -0.03            0.06
inaccuracy:  0.70000        0.75000           73.89           -0.04            0.06
inaccuracy:  0.75000        0.80000           74.05           -0.04            0.06
inaccuracy:  0.80000        0.85000           75.30           -0.04            0.05
inaccuracy:  0.85000        0.90000           74.69           -0.04            0.05
inaccuracy:  0.90000        0.95000           73.22           -0.04            0.05
inaccuracy:  0.95000        1.00000           73.60           -0.04            0.05
===================================================================================================================================
                BAR        
-----------------------------------------------------------------------------------------------------------------------------------
BAR-estimator:         λ             λ+δλ          ΔΔA             ΔA            C               Δδe            δe       
                          
-----------------------------------------------------------------------------------------------------------------------------------
BAR-estimator:      0.00000        0.05000        1.8040         1.8040         1.8040         0.0111         0.0111 
BAR-estimator:      0.05000        0.10000        0.8778         2.6819         0.8778         0.0080         0.0137 
BAR-estimator:      0.10000        0.15000        0.4561         3.1379         0.4561         0.0072         0.0155 
BAR-estimator:      0.15000        0.20000        0.2212         3.3592         0.2212         0.0057         0.0165 
BAR-estimator:      0.20000        0.25000        0.1127         3.4719         0.1127         0.0043         0.0170 
BAR-estimator:      0.25000        0.30000        0.0177         3.4896         0.0177         0.0048         0.0177 
BAR-estimator:      0.30000        0.35000       -0.0236         3.4660        -0.0236         0.0040         0.0181 
BAR-estimator:      0.35000        0.40000       -0.0536         3.4123        -0.0536         0.0032         0.0184 
BAR-estimator:      0.40000        0.45000       -0.0825         3.3299        -0.0825         0.0032         0.0187 
BAR-estimator:      0.45000        0.50000       -0.1095         3.2204        -0.1095         0.0031         0.0190 
BAR-estimator:      0.50000        0.55000       -0.1455         3.0749        -0.1455         0.0038         0.0193 
BAR-estimator:      0.55000        0.60000       -0.2478         2.8272        -0.2478         0.0032         0.0196 
BAR-estimator:      0.60000        0.65000       -0.3164         2.5108        -0.3164         0.0027         0.0198 
BAR-estimator:      0.65000        0.70000       -0.3789         2.1319        -0.3789         0.0029         0.0200 
BAR-estimator:      0.70000        0.75000       -0.4135         1.7184        -0.4135         0.0030         0.0202 
BAR-estimator:      0.75000        0.80000       -0.4551         1.2632        -0.4551         0.0035         0.0205 
BAR-estimator:      0.80000        0.85000       -0.4889         0.7743        -0.4889         0.0031         0.0208 
BAR-estimator:      0.85000        0.90000       -0.5126         0.2617        -0.5126         0.0033         0.0210 
BAR-estimator:      0.90000        0.95000       -0.5301        -0.2684        -0.5301         0.0033         0.0213 
BAR-estimator:      0.95000        1.00000       -0.5550        -0.8234        -0.5550         0.0033         0.0215 
BAR-estimator: total free energy change is -0.8234184537518787 , total error is 0.021527737190644845
