#========================================================================================
#                     Free energy perturbation    
#----------------------------------------------------------------------------------------
#forward/backward          λ              ΔΔA                 ΔA                  δε   
#                                                 
#----------------------------------------------------------------------------------------
forward:               0.0000              0.0000              0.0000              0.0000  
forward:               0.0500              1.7979              1.7979              0.0249  
forward:               0.1000              0.9147              2.7126              0.0284  
forward:               0.1500              0.4676              3.1802              0.0300  
forward:               0.2000              0.2354              3.4156              0.0309  
forward:               0.2500              0.1195              3.5351              0.0315  
forward:               0.3000              0.0317              3.5669              0.0320  
forward:               0.3500             -0.0115              3.5553              0.0323  
forward:               0.4000             -0.0549              3.5004              0.0325  
forward:               0.4500             -0.0733              3.4271              0.0328  
forward:               0.5000             -0.1042              3.3229              0.0330  
forward:               0.5500             -0.1469              3.1760              0.0333  
forward:               0.6000             -0.2417              2.9343              0.0336  
forward:               0.6500             -0.3142              2.6200              0.0338  
forward:               0.7000             -0.3714              2.2486              0.0340  
forward:               0.7500             -0.4175              1.8311              0.0341  
forward:               0.8000             -0.4559              1.3753              0.0343  
forward:               0.8500             -0.4842              0.8910              0.0345  
forward:               0.9000             -0.5079              0.3832              0.0347  
forward:               0.9500             -0.5259             -0.1427              0.0348  
forward:               1.0000             -0.5427             -0.6854              0.0350  
backward:              1.0000              0.0000             -0.6854              0.0000  
backward:              0.9500              0.5445             -0.1409              0.0040  
backward:              0.9000              0.5294              0.3885              0.0061  
backward:              0.8500              0.5029              0.8914              0.0076  
backward:              0.8000              0.4770              1.3684              0.0088  
backward:              0.7500              0.4540              1.8224              0.0097  
backward:              0.7000              0.4098              2.2322              0.0106  
backward:              0.6500              0.3740              2.6062              0.0114  
backward:              0.6000              0.3060              2.9122              0.0132  
backward:              0.5500              0.2351              3.1473              0.0139  
backward:              0.5000              0.1446              3.2919              0.0149  
backward:              0.4500              0.1041              3.3960              0.0157  
backward:              0.4000              0.0877              3.4838              0.0165  
backward:              0.3500              0.0359              3.5196              0.0173  
backward:              0.3000              0.0082              3.5278              0.0183  
backward:              0.2500             -0.0291              3.4987              0.0194  
backward:              0.2000             -0.1150              3.3837              0.0209  
backward:              0.1500             -0.2442              3.1395              0.0250  
backward:              0.1000             -0.4342              2.7053              0.0283  
backward:              0.0500             -0.9247              1.7806              0.0368  
backward:              0.0000             -1.7792              0.0014              0.0629  
Inaccuracy estimation
======================================================================================================
                   i        i+δi          P0_overlap_P1   δε(forward)/ε   δε(backward)/ε
======================================================================================================
inaccuracy:  0.00000        0.05000           31.68           -0.03            3.02
inaccuracy:  0.05000        0.10000           47.12           -0.03            1.02
inaccuracy:  0.10000        0.15000           56.90           -0.02            0.54
inaccuracy:  0.15000        0.20000           65.02           -0.02            0.29
inaccuracy:  0.20000        0.25000           68.98           -0.02            0.19
inaccuracy:  0.25000        0.30000           72.39           -0.02            0.15
inaccuracy:  0.30000        0.35000           72.88           -0.02            0.12
inaccuracy:  0.35000        0.40000           75.89           -0.01            0.10
inaccuracy:  0.40000        0.45000           73.92           -0.02            0.09
inaccuracy:  0.45000        0.50000           75.74           -0.01            0.09
inaccuracy:  0.50000        0.55000           72.19           -0.03            0.10
inaccuracy:  0.55000        0.60000           73.67           -0.03            0.08
inaccuracy:  0.60000        0.65000           74.36           -0.03            0.07
inaccuracy:  0.65000        0.70000           73.83           -0.04            0.06
inaccuracy:  0.70000        0.75000           74.81           -0.04            0.06
inaccuracy:  0.75000        0.80000           74.94           -0.03            0.06
inaccuracy:  0.80000        0.85000           75.35           -0.04            0.05
inaccuracy:  0.85000        0.90000           74.52           -0.03            0.05
inaccuracy:  0.90000        0.95000           73.70           -0.04            0.06
inaccuracy:  0.95000        1.00000           73.54           -0.04            0.05
===================================================================================================================================
                BAR        
-----------------------------------------------------------------------------------------------------------------------------------
BAR-estimator:         λ             λ+δλ          ΔΔA             ΔA            C               Δδe            δe       
                          
-----------------------------------------------------------------------------------------------------------------------------------
BAR-estimator:      0.00000        0.05000        1.8012         1.8012         1.8012         0.0116         0.0116 
BAR-estimator:      0.05000        0.10000        0.9199         2.7211         0.9199         0.0083         0.0143 
BAR-estimator:      0.10000        0.15000        0.4615         3.1826         0.4615         0.0064         0.0156 
BAR-estimator:      0.15000        0.20000        0.2378         3.4204         0.2378         0.0050         0.0164 
BAR-estimator:      0.20000        0.25000        0.1174         3.5378         0.1174         0.0042         0.0169 
BAR-estimator:      0.25000        0.30000        0.0346         3.5724         0.0346         0.0036         0.0173 
BAR-estimator:      0.30000        0.35000       -0.0109         3.5615        -0.0109         0.0036         0.0177 
BAR-estimator:      0.35000        0.40000       -0.0487         3.5128        -0.0487         0.0030         0.0179 
BAR-estimator:      0.40000        0.45000       -0.0794         3.4334        -0.0794         0.0028         0.0182 
BAR-estimator:      0.45000        0.50000       -0.1045         3.3289        -0.1045         0.0030         0.0184 
BAR-estimator:      0.50000        0.55000       -0.1466         3.1823        -0.1466         0.0032         0.0187 
BAR-estimator:      0.55000        0.60000       -0.2413         2.9411        -0.2413         0.0028         0.0189 
BAR-estimator:      0.60000        0.65000       -0.3122         2.6289        -0.3122         0.0027         0.0191 
BAR-estimator:      0.65000        0.70000       -0.3712         2.2577        -0.3712         0.0026         0.0192 
BAR-estimator:      0.70000        0.75000       -0.4148         1.8429        -0.4148         0.0029         0.0195 
BAR-estimator:      0.75000        0.80000       -0.4520         1.3909        -0.4520         0.0024         0.0196 
BAR-estimator:      0.80000        0.85000       -0.4815         0.9094        -0.4815         0.0028         0.0198 
BAR-estimator:      0.85000        0.90000       -0.5075         0.4019        -0.5075         0.0027         0.0200 
BAR-estimator:      0.90000        0.95000       -0.5283        -0.1264        -0.5283         0.0027         0.0202 
BAR-estimator:      0.95000        1.00000       -0.5441        -0.6705        -0.5441         0.0026         0.0203 
BAR-estimator: total free energy change is -0.6704949928194911 , total error is 0.0203297435691552
