#========================================================================================
#                     Free energy perturbation    
#----------------------------------------------------------------------------------------
#forward/backward          λ              ΔΔA                 ΔA                  δε   
#                                                 
#----------------------------------------------------------------------------------------
forward:               0.0000              0.0000              0.0000              0.0000  
forward:               0.0500              0.3644              0.3644              0.0090  
forward:               0.1000              0.2723              0.6367              0.0114  
forward:               0.1500              0.2131              0.8498              0.0126  
forward:               0.2000              0.1795              1.0293              0.0137  
forward:               0.2500              0.1638              1.1931              0.0145  
forward:               0.3000              0.1320              1.3251              0.0151  
forward:               0.3500              0.1293              1.4544              0.0155  
forward:               0.4000              0.1118              1.5662              0.0161  
forward:               0.4500              0.1048              1.6710              0.0165  
forward:               0.5000              0.0956              1.7666              0.0169  
forward:               0.5500              0.0941              1.8607              0.0174  
forward:               0.6000              0.0585              1.9192              0.0177  
forward:               0.6500              0.0546              1.9738              0.0183  
forward:               0.7000              0.0403              2.0141              0.0186  
forward:               0.7500              0.0345              2.0486              0.0189  
forward:               0.8000              0.0267              2.0753              0.0192  
forward:               0.8500              0.0285              2.1039              0.0195  
forward:               0.9000              0.0191              2.1229              0.0198  
forward:               0.9500              0.0250              2.1479              0.0201  
forward:               1.0000              0.0152              2.1631              0.0203  
backward:              1.0000              0.0000              2.1631              0.0000  
backward:              0.9500             -0.0112              2.1518              0.0034  
backward:              0.9000             -0.0132              2.1387              0.0049  
backward:              0.8500             -0.0201              2.1186              0.0061  
backward:              0.8000             -0.0310              2.0876              0.0071  
backward:              0.7500             -0.0246              2.0630              0.0082  
backward:              0.7000             -0.0384              2.0246              0.0090  
backward:              0.6500             -0.0340              1.9907              0.0097  
backward:              0.6000             -0.0492              1.9414              0.0107  
backward:              0.5500             -0.0586              1.8828              0.0114  
backward:              0.5000             -0.0896              1.7932              0.0122  
backward:              0.4500             -0.0915              1.7017              0.0129  
backward:              0.4000             -0.1024              1.5993              0.0135  
backward:              0.3500             -0.1124              1.4869              0.0142  
backward:              0.3000             -0.1312              1.3557              0.0150  
backward:              0.2500             -0.1344              1.2213              0.0158  
backward:              0.2000             -0.1730              1.0483              0.0180  
backward:              0.1500             -0.1822              0.8661              0.0191  
backward:              0.1000             -0.2100              0.6561              0.0204  
backward:              0.0500             -0.2647              0.3913              0.0226  
backward:              0.0000             -0.3686              0.0227              0.0268  
Inaccuracy estimation
======================================================================================================
                   i        i+δi          P0_overlap_P1   δε(forward)/ε   δε(backward)/ε
======================================================================================================
inaccuracy:  0.00000        0.05000           64.34           -0.00            0.33
inaccuracy:  0.05000        0.10000           73.32           -0.00            0.20
inaccuracy:  0.10000        0.15000           74.15           -0.00            0.16
inaccuracy:  0.15000        0.20000           78.62           -0.00            0.11
inaccuracy:  0.20000        0.25000           77.31           -0.01            0.11
inaccuracy:  0.25000        0.30000           81.11           -0.00            0.08
inaccuracy:  0.30000        0.35000           78.95           -0.00            0.08
inaccuracy:  0.35000        0.40000           81.04           -0.00            0.08
inaccuracy:  0.40000        0.45000           80.11           -0.00            0.07
inaccuracy:  0.45000        0.50000           81.37           -0.00            0.06
inaccuracy:  0.50000        0.55000           76.72           -0.01            0.07
inaccuracy:  0.55000        0.60000           81.86           -0.01            0.06
inaccuracy:  0.60000        0.65000           79.12           -0.01            0.07
inaccuracy:  0.65000        0.70000           80.97           -0.01            0.06
inaccuracy:  0.70000        0.75000           80.01           -0.01            0.06
inaccuracy:  0.75000        0.80000           81.20           -0.01            0.06
inaccuracy:  0.80000        0.85000           80.64           -0.01            0.05
inaccuracy:  0.85000        0.90000           81.58           -0.01            0.05
inaccuracy:  0.90000        0.95000           79.78           -0.01            0.06
inaccuracy:  0.95000        1.00000           80.67           -0.01            0.06
===================================================================================================================================
            	   BAR        
-----------------------------------------------------------------------------------------------------------------------------------
BAR-estimator:         λ             λ+δλ          ΔΔA             ΔA            C               Δδe            δe       
                          
-----------------------------------------------------------------------------------------------------------------------------------
BAR-estimator:      0.00000        0.05000        0.3378         0.3378         0.3378         0.0062         0.0062 
BAR-estimator:      0.05000        0.10000        0.2730         0.6108         0.2730         0.0047         0.0077 
BAR-estimator:      0.10000        0.15000        0.2040         0.8148         0.2040         0.0039         0.0087 
BAR-estimator:      0.15000        0.20000        0.1792         0.9940         0.1792         0.0034         0.0093 
BAR-estimator:      0.20000        0.25000        0.1529         1.1469         0.1529         0.0034         0.0099 
BAR-estimator:      0.25000        0.30000        0.1331         1.2800         0.1331         0.0030         0.0104 
BAR-estimator:      0.30000        0.35000        0.1231         1.4031         0.1231         0.0025         0.0107 
BAR-estimator:      0.35000        0.40000        0.1129         1.5160         0.1129         0.0029         0.0111 
BAR-estimator:      0.40000        0.45000        0.0989         1.6149         0.0989         0.0028         0.0114 
BAR-estimator:      0.45000        0.50000        0.0936         1.7084         0.0936         0.0025         0.0117 
BAR-estimator:      0.50000        0.55000        0.0795         1.7879         0.0795         0.0028         0.0120 
BAR-estimator:      0.55000        0.60000        0.0595         1.8474         0.0595         0.0026         0.0123 
BAR-estimator:      0.60000        0.65000        0.0455         1.8929         0.0455         0.0031         0.0127 
BAR-estimator:      0.65000        0.70000        0.0378         1.9306         0.0378         0.0026         0.0130 
BAR-estimator:      0.70000        0.75000        0.0285         1.9592         0.0285         0.0025         0.0132 
BAR-estimator:      0.75000        0.80000        0.0246         1.9838         0.0246         0.0028         0.0135 
BAR-estimator:      0.80000        0.85000        0.0238         2.0075         0.0238         0.0026         0.0137 
BAR-estimator:      0.85000        0.90000        0.0196         2.0271         0.0196         0.0026         0.0140 
BAR-estimator:      0.90000        0.95000        0.0189         2.0460         0.0189         0.0028         0.0142 
BAR-estimator:      0.95000        1.00000        0.0138         2.0598         0.0138         0.0026         0.0145 
BAR-estimator: total free energy change is 2.0597750677431264 , total error is 0.014487991681207225
