#========================================================================================
#                     Free energy perturbation    
#----------------------------------------------------------------------------------------
#forward/backward          λ              ΔΔA                 ΔA                  δε   
#                                                 
#----------------------------------------------------------------------------------------
forward:               0.0000              0.0000              0.0000              0.0000  
forward:               0.0500              0.3741              0.3741              0.0061  
forward:               0.1000              0.2689              0.6431              0.0079  
forward:               0.1500              0.2246              0.8677              0.0091  
forward:               0.2000              0.1824              1.0501              0.0098  
forward:               0.2500              0.1624              1.2125              0.0105  
forward:               0.3000              0.1403              1.3528              0.0109  
forward:               0.3500              0.1252              1.4780              0.0114  
forward:               0.4000              0.1148              1.5928              0.0120  
forward:               0.4500              0.1062              1.6991              0.0124  
forward:               0.5000              0.0920              1.7911              0.0127  
forward:               0.5500              0.0961              1.8872              0.0132  
forward:               0.6000              0.0672              1.9544              0.0135  
forward:               0.6500              0.0510              2.0054              0.0138  
forward:               0.7000              0.0399              2.0453              0.0142  
forward:               0.7500              0.0359              2.0812              0.0144  
forward:               0.8000              0.0255              2.1066              0.0147  
forward:               0.8500              0.0234              2.1300              0.0150  
forward:               0.9000              0.0191              2.1491              0.0152  
forward:               0.9500              0.0187              2.1679              0.0155  
forward:               1.0000              0.0077              2.1756              0.0157  
backward:              1.0000              0.0000              2.1756              0.0000  
backward:              0.9500             -0.0099              2.1656              0.0033  
backward:              0.9000             -0.0271              2.1385              0.0049  
backward:              0.8500             -0.0119              2.1266              0.0063  
backward:              0.8000             -0.0300              2.0966              0.0071  
backward:              0.7500             -0.0273              2.0694              0.0080  
backward:              0.7000             -0.0400              2.0294              0.0087  
backward:              0.6500             -0.0342              1.9951              0.0093  
backward:              0.6000             -0.0496              1.9455              0.0101  
backward:              0.5500             -0.0653              1.8802              0.0107  
backward:              0.5000             -0.0993              1.7809              0.0113  
backward:              0.4500             -0.0979              1.6830              0.0119  
backward:              0.4000             -0.1146              1.5684              0.0125  
backward:              0.3500             -0.1095              1.4589              0.0131  
backward:              0.3000             -0.1327              1.3262              0.0137  
backward:              0.2500             -0.1461              1.1801              0.0146  
backward:              0.2000             -0.1566              1.0236              0.0154  
backward:              0.1500             -0.1845              0.8391              0.0165  
backward:              0.1000             -0.2318              0.6073              0.0176  
backward:              0.0500             -0.2642              0.3430              0.0189  
backward:              0.0000             -0.3745             -0.0315              0.0204  
Inaccuracy estimation
======================================================================================================
                   i        i+δi          P0_overlap_P1   δε(forward)/ε   δε(backward)/ε
======================================================================================================
inaccuracy:  0.00000        0.05000           63.26           -0.00            0.33
inaccuracy:  0.05000        0.10000           73.21           -0.00            0.18
inaccuracy:  0.10000        0.15000           73.01           -0.00            0.17
inaccuracy:  0.15000        0.20000           78.24           -0.00            0.11
inaccuracy:  0.20000        0.25000           77.59           -0.01            0.10
inaccuracy:  0.25000        0.30000           80.54           -0.00            0.08
inaccuracy:  0.30000        0.35000           79.35           -0.00            0.08
inaccuracy:  0.35000        0.40000           80.56           -0.00            0.07
inaccuracy:  0.40000        0.45000           81.39           -0.01            0.07
inaccuracy:  0.45000        0.50000           83.01           -0.00            0.07
inaccuracy:  0.50000        0.55000           76.95           -0.01            0.08
inaccuracy:  0.55000        0.60000           80.71           -0.01            0.06
inaccuracy:  0.60000        0.65000           79.67           -0.01            0.07
inaccuracy:  0.65000        0.70000           81.28           -0.01            0.07
inaccuracy:  0.70000        0.75000           79.97           -0.01            0.06
inaccuracy:  0.75000        0.80000           81.71           -0.01            0.06
inaccuracy:  0.80000        0.85000           80.63           -0.01            0.06
inaccuracy:  0.85000        0.90000           80.93           -0.01            0.06
inaccuracy:  0.90000        0.95000           80.22           -0.01            0.06
inaccuracy:  0.95000        1.00000           81.56           -0.01            0.05
===================================================================================================================================
            	   BAR        
-----------------------------------------------------------------------------------------------------------------------------------
BAR-estimator:         λ             λ+δλ          ΔΔA             ΔA            C               Δδe            δe       
                          
-----------------------------------------------------------------------------------------------------------------------------------
BAR-estimator:      0.00000        0.05000        0.3424         0.3424         0.3424         0.0043         0.0043 
BAR-estimator:      0.05000        0.10000        0.2682         0.6107         0.2682         0.0035         0.0056 
BAR-estimator:      0.10000        0.15000        0.2107         0.8214         0.2107         0.0031         0.0064 
BAR-estimator:      0.15000        0.20000        0.1821         1.0035         0.1821         0.0027         0.0069 
BAR-estimator:      0.20000        0.25000        0.1544         1.1579         0.1544         0.0026         0.0074 
BAR-estimator:      0.25000        0.30000        0.1412         1.2991         0.1412         0.0025         0.0078 
BAR-estimator:      0.30000        0.35000        0.1180         1.4171         0.1180         0.0024         0.0082 
BAR-estimator:      0.35000        0.40000        0.1127         1.5298         0.1127         0.0025         0.0086 
BAR-estimator:      0.40000        0.45000        0.1036         1.6334         0.1036         0.0022         0.0088 
BAR-estimator:      0.45000        0.50000        0.0952         1.7286         0.0952         0.0021         0.0091 
BAR-estimator:      0.50000        0.55000        0.0832         1.8118         0.0832         0.0024         0.0094 
BAR-estimator:      0.55000        0.60000        0.0662         1.8780         0.0662         0.0022         0.0097 
BAR-estimator:      0.60000        0.65000        0.0450         1.9231         0.0450         0.0022         0.0099 
BAR-estimator:      0.65000        0.70000        0.0391         1.9621         0.0391         0.0023         0.0102 
BAR-estimator:      0.70000        0.75000        0.0308         1.9929         0.0308         0.0022         0.0104 
BAR-estimator:      0.75000        0.80000        0.0260         2.0189         0.0260         0.0025         0.0107 
BAR-estimator:      0.80000        0.85000        0.0190         2.0380         0.0190         0.0021         0.0109 
BAR-estimator:      0.85000        0.90000        0.0174         2.0553         0.0174         0.0026         0.0112 
BAR-estimator:      0.90000        0.95000        0.0146         2.0699         0.0146         0.0027         0.0116 
BAR-estimator:      0.95000        1.00000        0.0092         2.0790         0.0092         0.0018         0.0117 
BAR-estimator: total free energy change is 2.0790380817134806 , total error is 0.011695921667727914
