#========================================================================================
#                     Free energy perturbation    
#----------------------------------------------------------------------------------------
#forward/backward          λ              ΔΔA                 ΔA                  δε   
#                                                 
#----------------------------------------------------------------------------------------
forward:               0.0000              0.0000              0.0000              0.0000  
forward:               0.0500              1.1780              1.1780              0.0189  
forward:               0.1000              0.6147              1.7927              0.0226  
forward:               0.1500              0.3657              2.1584              0.0247  
forward:               0.2000              0.1968              2.3551              0.0255  
forward:               0.2500              0.1173              2.4725              0.0262  
forward:               0.3000              0.0899              2.5623              0.0268  
forward:               0.3500              0.0443              2.6066              0.0273  
forward:               0.4000              0.0112              2.6179              0.0275  
forward:               0.4500             -0.0110              2.6068              0.0278  
forward:               0.5000             -0.0274              2.5795              0.0282  
forward:               0.5500             -0.0495              2.5300              0.0284  
forward:               0.6000             -0.1121              2.4179              0.0287  
forward:               0.6500             -0.1423              2.2756              0.0288  
forward:               0.7000             -0.1849              2.0907              0.0291  
forward:               0.7500             -0.2042              1.8865              0.0293  
forward:               0.8000             -0.2306              1.6559              0.0295  
forward:               0.8500             -0.2512              1.4048              0.0297  
forward:               0.9000             -0.2763              1.1285              0.0299  
forward:               0.9500             -0.2837              0.8448              0.0299  
forward:               1.0000             -0.3009              0.5439              0.0301  
backward:              1.0000              0.0000              0.5439              0.0000  
backward:              0.9500              0.3040              0.8479              0.0039  
backward:              0.9000              0.2831              1.1310              0.0056  
backward:              0.8500              0.2671              1.3980              0.0069  
backward:              0.8000              0.2444              1.6424              0.0081  
backward:              0.7500              0.2347              1.8771              0.0097  
backward:              0.7000              0.1980              2.0751              0.0109  
backward:              0.6500              0.1770              2.2521              0.0117  
backward:              0.6000              0.1485              2.4006              0.0123  
backward:              0.5500              0.1101              2.5106              0.0131  
backward:              0.5000              0.0532              2.5639              0.0140  
backward:              0.4500              0.0250              2.5889              0.0147  
backward:              0.4000             -0.0046              2.5843              0.0154  
backward:              0.3500             -0.0063              2.5780              0.0161  
backward:              0.3000             -0.0507              2.5273              0.0173  
backward:              0.2500             -0.0875              2.4399              0.0186  
backward:              0.2000             -0.1351              2.3048              0.0199  
backward:              0.1500             -0.2237              2.0810              0.0221  
backward:              0.1000             -0.3947              1.6863              0.0416  
backward:              0.0500             -0.6226              1.0638              0.0486  
backward:              0.0000             -1.1744             -0.1106              0.0670  
Inaccuracy estimation
======================================================================================================
                   i        i+δi          P0_overlap_P1   δε(forward)/ε   δε(backward)/ε
======================================================================================================
inaccuracy:  0.00000        0.05000           41.59           -0.03            1.57
inaccuracy:  0.05000        0.10000           55.85           -0.01            0.63
inaccuracy:  0.10000        0.15000           62.63           -0.01            0.35
inaccuracy:  0.15000        0.20000           70.89           -0.01            0.19
inaccuracy:  0.20000        0.25000           73.73           -0.01            0.15
inaccuracy:  0.25000        0.30000           73.48           -0.01            0.12
inaccuracy:  0.30000        0.35000           75.74           -0.01            0.11
inaccuracy:  0.35000        0.40000           76.48           -0.01            0.09
inaccuracy:  0.40000        0.45000           78.13           -0.01            0.08
inaccuracy:  0.45000        0.50000           77.47           -0.01            0.08
inaccuracy:  0.50000        0.55000           75.03           -0.02            0.09
inaccuracy:  0.55000        0.60000           77.34           -0.02            0.08
inaccuracy:  0.60000        0.65000           75.85           -0.02            0.07
inaccuracy:  0.65000        0.70000           77.34           -0.02            0.07
inaccuracy:  0.70000        0.75000           77.24           -0.03            0.06
inaccuracy:  0.75000        0.80000           76.20           -0.02            0.07
inaccuracy:  0.80000        0.85000           77.01           -0.02            0.06
inaccuracy:  0.85000        0.90000           77.51           -0.02            0.06
inaccuracy:  0.90000        0.95000           76.28           -0.03            0.06
inaccuracy:  0.95000        1.00000           75.93           -0.02            0.07
===================================================================================================================================
                BAR        
-----------------------------------------------------------------------------------------------------------------------------------
BAR-estimator:         λ             λ+δλ          ΔΔA             ΔA            C               Δδe            δe       
                          
-----------------------------------------------------------------------------------------------------------------------------------
BAR-estimator:      0.00000        0.05000        1.1864         1.1864         1.1864         0.0103         0.0103 
BAR-estimator:      0.05000        0.10000        0.6219         1.8083         0.6219         0.0075         0.0127 
BAR-estimator:      0.10000        0.15000        0.3623         2.1706         0.3623         0.0058         0.0140 
BAR-estimator:      0.15000        0.20000        0.2046         2.3752         0.2046         0.0043         0.0146 
BAR-estimator:      0.20000        0.25000        0.1255         2.5007         0.1255         0.0040         0.0152 
BAR-estimator:      0.25000        0.30000        0.0866         2.5873         0.0866         0.0037         0.0156 
BAR-estimator:      0.30000        0.35000        0.0450         2.6323         0.0450         0.0035         0.0160 
BAR-estimator:      0.35000        0.40000        0.0103         2.6426         0.0103         0.0031         0.0163 
BAR-estimator:      0.40000        0.45000       -0.0066         2.6361        -0.0066         0.0027         0.0165 
BAR-estimator:      0.45000        0.50000       -0.0265         2.6095        -0.0265         0.0030         0.0168 
BAR-estimator:      0.50000        0.55000       -0.0505         2.5590        -0.0505         0.0030         0.0171 
BAR-estimator:      0.55000        0.60000       -0.1094         2.4496        -0.1094         0.0027         0.0173 
BAR-estimator:      0.60000        0.65000       -0.1451         2.3045        -0.1451         0.0025         0.0175 
BAR-estimator:      0.65000        0.70000       -0.1817         2.1228        -0.1817         0.0029         0.0177 
BAR-estimator:      0.70000        0.75000       -0.2029         1.9199        -0.2029         0.0029         0.0179 
BAR-estimator:      0.75000        0.80000       -0.2332         1.6867        -0.2332         0.0023         0.0181 
BAR-estimator:      0.80000        0.85000       -0.2492         1.4375        -0.2492         0.0029         0.0183 
BAR-estimator:      0.85000        0.90000       -0.2727         1.1648        -0.2727         0.0027         0.0185 
BAR-estimator:      0.90000        0.95000       -0.2840         0.8808        -0.2840         0.0028         0.0187 
BAR-estimator:      0.95000        1.00000       -0.3027         0.5781        -0.3027         0.0030         0.0189 
BAR-estimator: total free energy change is 0.5781446598025854 , total error is 0.018932677911242913
