#========================================================================================
#                     Free energy perturbation    
#----------------------------------------------------------------------------------------
#forward/backward          λ              ΔΔA                 ΔA                  δε   
#                                                 
#----------------------------------------------------------------------------------------
forward:               0.0000              0.0000              0.0000              0.0000  
forward:               0.0500              1.1635              1.1635              0.0159  
forward:               0.1000              0.6340              1.7976              0.0189  
forward:               0.1500              0.3502              2.1477              0.0205  
forward:               0.2000              0.2100              2.3577              0.0215  
forward:               0.2500              0.1380              2.4957              0.0223  
forward:               0.3000              0.0834              2.5792              0.0228  
forward:               0.3500              0.0407              2.6199              0.0231  
forward:               0.4000              0.0186              2.6385              0.0235  
forward:               0.4500             -0.0083              2.6303              0.0238  
forward:               0.5000             -0.0180              2.6123              0.0241  
forward:               0.5500             -0.0515              2.5608              0.0243  
forward:               0.6000             -0.1005              2.4603              0.0246  
forward:               0.6500             -0.1443              2.3160              0.0247  
forward:               0.7000             -0.1719              2.1441              0.0249  
forward:               0.7500             -0.2123              1.9318              0.0251  
forward:               0.8000             -0.2393              1.6925              0.0253  
forward:               0.8500             -0.2485              1.4440              0.0255  
forward:               0.9000             -0.2750              1.1691              0.0257  
forward:               0.9500             -0.2968              0.8723              0.0259  
forward:               1.0000             -0.3049              0.5674              0.0261  
backward:              1.0000              0.0000              0.5674              0.0000  
backward:              0.9500              0.2976              0.8650              0.0041  
backward:              0.9000              0.2809              1.1459              0.0056  
backward:              0.8500              0.2640              1.4099              0.0067  
backward:              0.8000              0.2445              1.6544              0.0078  
backward:              0.7500              0.2293              1.8837              0.0086  
backward:              0.7000              0.2008              2.0844              0.0101  
backward:              0.6500              0.1830              2.2675              0.0109  
backward:              0.6000              0.1446              2.4121              0.0117  
backward:              0.5500              0.1014              2.5136              0.0125  
backward:              0.5000              0.0566              2.5702              0.0135  
backward:              0.4500              0.0157              2.5859              0.0143  
backward:              0.4000              0.0073              2.5932              0.0150  
backward:              0.3500             -0.0179              2.5753              0.0158  
backward:              0.3000             -0.0479              2.5274              0.0166  
backward:              0.2500             -0.0819              2.4456              0.0177  
backward:              0.2000             -0.1495              2.2961              0.0195  
backward:              0.1500             -0.2060              2.0901              0.0209  
backward:              0.1000             -0.3491              1.7410              0.0242  
backward:              0.0500             -0.6285              1.1125              0.0312  
backward:              0.0000             -1.1479             -0.0354              0.0418  
Inaccuracy estimation
======================================================================================================
                   i        i+δi          P0_overlap_P1   δε(forward)/ε   δε(backward)/ε
======================================================================================================
inaccuracy:  0.00000        0.05000           42.72           -0.03            1.48
inaccuracy:  0.05000        0.10000           55.55           -0.01            0.64
inaccuracy:  0.10000        0.15000           64.42           -0.00            0.34
inaccuracy:  0.15000        0.20000           69.13           -0.01            0.22
inaccuracy:  0.20000        0.25000           72.64           -0.00            0.16
inaccuracy:  0.25000        0.30000           73.29           -0.01            0.12
inaccuracy:  0.30000        0.35000           76.34           -0.01            0.10
inaccuracy:  0.35000        0.40000           75.40           -0.01            0.10
inaccuracy:  0.40000        0.45000           76.95           -0.01            0.09
inaccuracy:  0.45000        0.50000           77.60           -0.01            0.08
inaccuracy:  0.50000        0.55000           75.04           -0.02            0.09
inaccuracy:  0.55000        0.60000           75.98           -0.02            0.08
inaccuracy:  0.60000        0.65000           76.58           -0.02            0.07
inaccuracy:  0.65000        0.70000           75.60           -0.02            0.07
inaccuracy:  0.70000        0.75000           77.16           -0.02            0.06
inaccuracy:  0.75000        0.80000           77.35           -0.02            0.06
inaccuracy:  0.80000        0.85000           76.64           -0.02            0.06
inaccuracy:  0.85000        0.90000           77.62           -0.02            0.06
inaccuracy:  0.90000        0.95000           77.37           -0.02            0.06
inaccuracy:  0.95000        1.00000           76.77           -0.03            0.05
===================================================================================================================================
                BAR        
-----------------------------------------------------------------------------------------------------------------------------------
BAR-estimator:         λ             λ+δλ          ΔΔA             ΔA            C               Δδe            δe       
                          
-----------------------------------------------------------------------------------------------------------------------------------
BAR-estimator:      0.00000        0.05000        1.1628         1.1628         1.1628         0.0168         0.0168 
BAR-estimator:      0.05000        0.10000        0.6352         1.7981         0.6352         0.0069         0.0182 
BAR-estimator:      0.10000        0.15000        0.3522         2.1502         0.3522         0.0052         0.0189 
BAR-estimator:      0.15000        0.20000        0.2122         2.3624         0.2122         0.0050         0.0196 
BAR-estimator:      0.20000        0.25000        0.1419         2.5044         0.1419         0.0037         0.0199 
BAR-estimator:      0.25000        0.30000        0.0806         2.5849         0.0806         0.0033         0.0202 
BAR-estimator:      0.30000        0.35000        0.0434         2.6283         0.0434         0.0030         0.0204 
BAR-estimator:      0.35000        0.40000        0.0180         2.6463         0.0180         0.0028         0.0206 
BAR-estimator:      0.40000        0.45000       -0.0096         2.6367        -0.0096         0.0028         0.0208 
BAR-estimator:      0.45000        0.50000       -0.0169         2.6198        -0.0169         0.0025         0.0209 
BAR-estimator:      0.50000        0.55000       -0.0538         2.5660        -0.0538         0.0031         0.0212 
BAR-estimator:      0.55000        0.60000       -0.1018         2.4642        -0.1018         0.0024         0.0213 
BAR-estimator:      0.60000        0.65000       -0.1434         2.3207        -0.1434         0.0022         0.0214 
BAR-estimator:      0.65000        0.70000       -0.1755         2.1452        -0.1755         0.0024         0.0215 
BAR-estimator:      0.70000        0.75000       -0.2105         1.9347        -0.2105         0.0028         0.0217 
BAR-estimator:      0.75000        0.80000       -0.2354         1.6993        -0.2354         0.0026         0.0219 
BAR-estimator:      0.80000        0.85000       -0.2476         1.4517        -0.2476         0.0029         0.0221 
BAR-estimator:      0.85000        0.90000       -0.2711         1.1806        -0.2711         0.0028         0.0223 
BAR-estimator:      0.90000        0.95000       -0.2905         0.8900        -0.2905         0.0026         0.0224 
BAR-estimator:      0.95000        1.00000       -0.3028         0.5873        -0.3028         0.0024         0.0225 
BAR-estimator: total free energy change is 0.587258699693259 , total error is 0.022538426425614325
