#========================================================================================
#                     Free energy perturbation    
#----------------------------------------------------------------------------------------
#forward/backward          λ              ΔΔA                 ΔA                  δε   
#                                                 
#----------------------------------------------------------------------------------------
forward:               0.0000              0.0000              0.0000              0.0000  
forward:               0.0500              1.0600              1.0600              0.0153  
forward:               0.1000              0.6340              1.6940              0.0217  
forward:               0.1500              0.3860              2.0800              0.0252  
forward:               0.2000              0.2270              2.3070              0.0263  
forward:               0.2500              0.1710              2.4779              0.0271  
forward:               0.3000              0.0953              2.5732              0.0277  
forward:               0.3500              0.0788              2.6520              0.0281  
forward:               0.4000              0.0359              2.6880              0.0285  
forward:               0.4500              0.0241              2.7121              0.0288  
forward:               0.5000              0.0065              2.7186              0.0292  
forward:               0.5500             -0.0934              2.6252              0.0297  
forward:               0.6000             -0.2764              2.3487              0.0305  
forward:               0.6500             -0.4496              1.8991              0.0314  
forward:               0.7000             -0.6059              1.2932              0.0325  
forward:               0.7500             -0.7025              0.5907              0.0335  
forward:               0.8000             -0.7214             -0.1308              0.0341  
forward:               0.8500             -0.7108             -0.8416              0.0345  
forward:               0.9000             -0.6880             -1.5296              0.0349  
forward:               0.9500             -0.6490             -2.1786              0.0351  
forward:               1.0000             -0.5992             -2.7778              0.0354  
backward:              1.0000              0.0000             -2.7778              0.0000  
backward:              0.9500              0.5988             -2.1790              0.0098  
backward:              0.9000              0.6323             -1.5468              0.0111  
backward:              0.8500              0.6786             -0.8682              0.0125  
backward:              0.8000              0.7142             -0.1540              0.0143  
backward:              0.7500              0.7251              0.5711              0.0163  
backward:              0.7000              0.7025              1.2736              0.0181  
backward:              0.6500              0.5918              1.8653              0.0205  
backward:              0.6000              0.4442              2.3095              0.0221  
backward:              0.5500              0.2761              2.5857              0.0230  
backward:              0.5000              0.1081              2.6938              0.0238  
backward:              0.4500              0.0056              2.6994              0.0243  
backward:              0.4000             -0.0341              2.6652              0.0254  
backward:              0.3500             -0.0468              2.6185              0.0261  
backward:              0.3000             -0.0799              2.5385              0.0270  
backward:              0.2500             -0.1096              2.4290              0.0279  
backward:              0.2000             -0.1626              2.2663              0.0290  
backward:              0.1500             -0.2438              2.0225              0.0305  
backward:              0.1000             -0.3788              1.6437              0.0335  
backward:              0.0500             -0.6184              1.0252              0.0371  
backward:              0.0000             -1.0052              0.0201              0.0418  
Inaccuracy estimation
======================================================================================================
                   i        i+δi          P0_overlap_P1   δε(forward)/ε   δε(backward)/ε
======================================================================================================
inaccuracy:  0.00000        0.05000           46.17           -0.03            0.91
inaccuracy:  0.05000        0.10000           55.21           -0.02            0.66
inaccuracy:  0.10000        0.15000           62.22           -0.01            0.36
inaccuracy:  0.15000        0.20000           69.65           -0.01            0.24
inaccuracy:  0.20000        0.25000           70.52           -0.01            0.19
inaccuracy:  0.25000        0.30000           74.27           -0.01            0.13
inaccuracy:  0.30000        0.35000           73.77           -0.01            0.12
inaccuracy:  0.35000        0.40000           75.92           -0.01            0.10
inaccuracy:  0.40000        0.45000           75.79           -0.01            0.10
inaccuracy:  0.45000        0.50000           75.11           -0.01            0.10
inaccuracy:  0.50000        0.55000           68.99           -0.06            0.15
inaccuracy:  0.55000        0.60000           69.43           -0.11            0.09
inaccuracy:  0.60000        0.65000           68.16           -0.10            0.09
inaccuracy:  0.65000        0.70000           67.22           -0.09            0.07
inaccuracy:  0.70000        0.75000           67.81           -0.08            0.06
inaccuracy:  0.75000        0.80000           68.44           -0.08            0.06
inaccuracy:  0.80000        0.85000           68.16           -0.07            0.07
inaccuracy:  0.85000        0.90000           68.75           -0.08            0.08
inaccuracy:  0.90000        0.95000           68.32           -0.07            0.09
inaccuracy:  0.95000        1.00000           66.23           -0.08            0.10
===================================================================================================================================
                BAR        
-----------------------------------------------------------------------------------------------------------------------------------
BAR-estimator:         λ             λ+δλ          ΔΔA             ΔA            C               Δδe            δe       
                          
-----------------------------------------------------------------------------------------------------------------------------------
BAR-estimator:      0.00000        0.05000        1.0439         1.0439         1.0439         0.0088         0.0088 
BAR-estimator:      0.05000        0.10000        0.6381         1.6820         0.6381         0.0102         0.0134 
BAR-estimator:      0.10000        0.15000        0.3828         2.0647         0.3828         0.0085         0.0159 
BAR-estimator:      0.15000        0.20000        0.2377         2.3024         0.2377         0.0051         0.0167 
BAR-estimator:      0.20000        0.25000        0.1711         2.4736         0.1711         0.0045         0.0173 
BAR-estimator:      0.25000        0.30000        0.1004         2.5740         0.1004         0.0041         0.0178 
BAR-estimator:      0.30000        0.35000        0.0779         2.6519         0.0779         0.0038         0.0182 
BAR-estimator:      0.35000        0.40000        0.0404         2.6924         0.0404         0.0039         0.0186 
BAR-estimator:      0.40000        0.45000        0.0251         2.7174         0.0251         0.0032         0.0189 
BAR-estimator:      0.45000        0.50000        0.0031         2.7206         0.0031         0.0031         0.0191 
BAR-estimator:      0.50000        0.55000       -0.0949         2.6257        -0.0949         0.0037         0.0195 
BAR-estimator:      0.55000        0.60000       -0.2783         2.3474        -0.2783         0.0042         0.0199 
BAR-estimator:      0.60000        0.65000       -0.4440         1.9033        -0.4440         0.0048         0.0205 
BAR-estimator:      0.65000        0.70000       -0.5999         1.3034        -0.5999         0.0057         0.0213 
BAR-estimator:      0.70000        0.75000       -0.7034         0.6000        -0.7034         0.0050         0.0219 
BAR-estimator:      0.75000        0.80000       -0.7268        -0.1268        -0.7268         0.0042         0.0223 
BAR-estimator:      0.80000        0.85000       -0.7095        -0.8363        -0.7095         0.0045         0.0227 
BAR-estimator:      0.85000        0.90000       -0.6833        -1.5197        -0.6833         0.0039         0.0231 
BAR-estimator:      0.90000        0.95000       -0.6423        -2.1620        -0.6423         0.0037         0.0233 
BAR-estimator:      0.95000        1.00000       -0.6069        -2.7688        -0.6069         0.0040         0.0237 
BAR-estimator: total free energy change is -2.768833412030402 , total error is 0.023678909122065987
