#========================================================================================
#                     Free energy perturbation    
#----------------------------------------------------------------------------------------
#forward/backward          λ              ΔΔA                 ΔA                  δε   
#                                                 
#----------------------------------------------------------------------------------------
forward:               0.0000              0.0000              0.0000              0.0000  
forward:               0.0500              1.0468              1.0468              0.0129  
forward:               0.1000              0.6459              1.6927              0.0170  
forward:               0.1500              0.3892              2.0819              0.0193  
forward:               0.2000              0.2507              2.3327              0.0203  
forward:               0.2500              0.1595              2.4921              0.0213  
forward:               0.3000              0.1184              2.6105              0.0220  
forward:               0.3500              0.0754              2.6859              0.0224  
forward:               0.4000              0.0414              2.7273              0.0228  
forward:               0.4500              0.0346              2.7619              0.0231  
forward:               0.5000              0.0098              2.7718              0.0235  
forward:               0.5500             -0.0921              2.6797              0.0239  
forward:               0.6000             -0.2579              2.4218              0.0243  
forward:               0.6500             -0.4284              1.9934              0.0249  
forward:               0.7000             -0.5929              1.4005              0.0255  
forward:               0.7500             -0.6894              0.7111              0.0261  
forward:               0.8000             -0.7219             -0.0108              0.0266  
forward:               0.8500             -0.7114             -0.7222              0.0270  
forward:               0.9000             -0.6777             -1.3998              0.0273  
forward:               0.9500             -0.6542             -2.0540              0.0277  
forward:               1.0000             -0.6195             -2.6735              0.0280  
backward:              1.0000              0.0000             -2.6735              0.0000  
backward:              0.9500              0.6110             -2.0626              0.0064  
backward:              0.9000              0.6431             -1.4195              0.0088  
backward:              0.8500              0.6716             -0.7479              0.0105  
backward:              0.8000              0.7045             -0.0434              0.0119  
backward:              0.7500              0.7111              0.6677              0.0132  
backward:              0.7000              0.6825              1.3502              0.0149  
backward:              0.6500              0.5933              1.9435              0.0162  
backward:              0.6000              0.4299              2.3734              0.0174  
backward:              0.5500              0.2670              2.6404              0.0184  
backward:              0.5000              0.0965              2.7369              0.0191  
backward:              0.4500             -0.0047              2.7322              0.0197  
backward:              0.4000             -0.0243              2.7079              0.0203  
backward:              0.3500             -0.0625              2.6454              0.0211  
backward:              0.3000             -0.0727              2.5727              0.0218  
backward:              0.2500             -0.1087              2.4640              0.0226  
backward:              0.2000             -0.1778              2.2862              0.0244  
backward:              0.1500             -0.2438              2.0424              0.0263  
backward:              0.1000             -0.4083              1.6342              0.0315  
backward:              0.0500             -0.6346              0.9995              0.0344  
backward:              0.0000             -1.0808             -0.0812              0.0427  
Inaccuracy estimation
======================================================================================================
                   i        i+δi          P0_overlap_P1   δε(forward)/ε   δε(backward)/ε
======================================================================================================
inaccuracy:  0.00000        0.05000           46.67           -0.03            0.87
inaccuracy:  0.05000        0.10000           55.14           -0.02            0.63
inaccuracy:  0.10000        0.15000           63.04           -0.01            0.39
inaccuracy:  0.15000        0.20000           67.03           -0.01            0.25
inaccuracy:  0.20000        0.25000           71.80           -0.01            0.17
inaccuracy:  0.25000        0.30000           71.66           -0.01            0.16
inaccuracy:  0.30000        0.35000           73.79           -0.01            0.12
inaccuracy:  0.35000        0.40000           76.66           -0.01            0.10
inaccuracy:  0.40000        0.45000           74.22           -0.01            0.10
inaccuracy:  0.45000        0.50000           75.77           -0.01            0.10
inaccuracy:  0.50000        0.55000           69.00           -0.06            0.13
inaccuracy:  0.55000        0.60000           69.02           -0.09            0.11
inaccuracy:  0.60000        0.65000           67.60           -0.09            0.08
inaccuracy:  0.65000        0.70000           67.92           -0.10            0.07
inaccuracy:  0.70000        0.75000           68.72           -0.08            0.06
inaccuracy:  0.75000        0.80000           69.83           -0.08            0.06
inaccuracy:  0.80000        0.85000           68.24           -0.08            0.07
inaccuracy:  0.85000        0.90000           68.75           -0.08            0.08
inaccuracy:  0.90000        0.95000           68.32           -0.06            0.09
inaccuracy:  0.95000        1.00000           67.30           -0.07            0.10
===================================================================================================================================
                BAR        
-----------------------------------------------------------------------------------------------------------------------------------
BAR-estimator:         λ             λ+δλ          ΔΔA             ΔA            C               Δδe            δe       
                          
-----------------------------------------------------------------------------------------------------------------------------------
BAR-estimator:      0.00000        0.05000        1.0570         1.0570         1.0570         0.0072         0.0072 
BAR-estimator:      0.05000        0.10000        0.6436         1.7006         0.6436         0.0072         0.0101 
BAR-estimator:      0.10000        0.15000        0.3995         2.1001         0.3995         0.0060         0.0118 
BAR-estimator:      0.15000        0.20000        0.2464         2.3465         0.2464         0.0050         0.0128 
BAR-estimator:      0.20000        0.25000        0.1626         2.5091         0.1626         0.0041         0.0135 
BAR-estimator:      0.25000        0.30000        0.1162         2.6253         0.1162         0.0038         0.0140 
BAR-estimator:      0.30000        0.35000        0.0740         2.6992         0.0740         0.0034         0.0144 
BAR-estimator:      0.35000        0.40000        0.0482         2.7475         0.0482         0.0029         0.0147 
BAR-estimator:      0.40000        0.45000        0.0292         2.7767         0.0292         0.0028         0.0150 
BAR-estimator:      0.45000        0.50000        0.0088         2.7855         0.0088         0.0028         0.0152 
BAR-estimator:      0.50000        0.55000       -0.0930         2.6925        -0.0930         0.0035         0.0156 
BAR-estimator:      0.55000        0.60000       -0.2632         2.4294        -0.2632         0.0032         0.0159 
BAR-estimator:      0.60000        0.65000       -0.4308         1.9985        -0.4308         0.0035         0.0163 
BAR-estimator:      0.65000        0.70000       -0.5930         1.4055        -0.5930         0.0038         0.0167 
BAR-estimator:      0.70000        0.75000       -0.6854         0.7202        -0.6854         0.0037         0.0171 
BAR-estimator:      0.75000        0.80000       -0.7187         0.0015        -0.7187         0.0034         0.0175 
BAR-estimator:      0.80000        0.85000       -0.7093        -0.7078        -0.7093         0.0034         0.0178 
BAR-estimator:      0.85000        0.90000       -0.6765        -1.3843        -0.6765         0.0037         0.0182 
BAR-estimator:      0.90000        0.95000       -0.6487        -2.0330        -0.6487         0.0033         0.0185 
BAR-estimator:      0.95000        1.00000       -0.6169        -2.6499        -0.6169         0.0034         0.0188 
BAR-estimator: total free energy change is -2.6499086111417105 , total error is 0.018786003262902223
