#========================================================================================
#                     Free energy perturbation    
#----------------------------------------------------------------------------------------
#forward/backward          λ              ΔΔA                 ΔA                  δε   
#                                                 
#----------------------------------------------------------------------------------------
forward:               0.0000              0.0000              0.0000              0.0000  
forward:               0.0500              3.2521              3.2521              0.0520  
forward:               0.1000              1.6780              4.9300              0.0628  
forward:               0.1500              0.7524              5.6824              0.0654  
forward:               0.2000              0.2682              5.9506              0.0664  
forward:               0.2500              0.0553              6.0059              0.0668  
forward:               0.3000             -0.0617              5.9442              0.0673  
forward:               0.3500             -0.1313              5.8128              0.0675  
forward:               0.4000             -0.1945              5.6184              0.0677  
forward:               0.4500             -0.2315              5.3869              0.0678  
forward:               0.5000             -0.2798              5.1071              0.0680  
forward:               0.5500             -0.3064              4.8006              0.0681  
forward:               0.6000             -0.3476              4.4530              0.0682  
forward:               0.6500             -0.3622              4.0908              0.0683  
forward:               0.7000             -0.3850              3.7057              0.0684  
forward:               0.7500             -0.4168              3.2889              0.0685  
forward:               0.8000             -0.4352              2.8537              0.0686  
forward:               0.8500             -0.4524              2.4013              0.0687  
forward:               0.9000             -0.4734              1.9279              0.0688  
forward:               0.9500             -0.4817              1.4462              0.0689  
forward:               1.0000             -0.4983              0.9479              0.0690  
backward:              1.0000              0.0000              0.9479              0.0000  
backward:              0.9500              0.5053              1.4532              0.0042  
backward:              0.9000              0.4791              1.9324              0.0055  
backward:              0.8500              0.4717              2.4041              0.0066  
backward:              0.8000              0.4518              2.8558              0.0074  
backward:              0.7500              0.4275              3.2834              0.0086  
backward:              0.7000              0.4084              3.6917              0.0096  
backward:              0.6500              0.3941              4.0859              0.0107  
backward:              0.6000              0.3654              4.4513              0.0117  
backward:              0.5500              0.3463              4.7976              0.0127  
backward:              0.5000              0.3035              5.1011              0.0135  
backward:              0.4500              0.2710              5.3722              0.0143  
backward:              0.4000              0.2367              5.6088              0.0153  
backward:              0.3500              0.1910              5.7998              0.0171  
backward:              0.3000              0.1368              5.9366              0.0180  
backward:              0.2500              0.0581              5.9947              0.0196  
backward:              0.2000             -0.0827              5.9120              0.0219  
backward:              0.1500             -0.2827              5.6293              0.0265  
backward:              0.1000             -0.7345              4.8949              0.0366  
backward:              0.0500             -1.5909              3.3040              0.0581  
backward:              0.0000             -3.0042              0.2998              0.0844  
Inaccuracy estimation
======================================================================================================
                   i        i+δi          P0_overlap_P1   δε(forward)/ε   δε(backward)/ε
======================================================================================================
inaccuracy:  0.00000        0.05000           19.55            0.32            5.00
inaccuracy:  0.05000        0.10000           31.05           -0.07            2.31
inaccuracy:  0.10000        0.15000           44.93           -0.05            1.04
inaccuracy:  0.15000        0.20000           57.93           -0.04            0.43
inaccuracy:  0.20000        0.25000           65.71           -0.03            0.24
inaccuracy:  0.25000        0.30000           68.45           -0.02            0.17
inaccuracy:  0.30000        0.35000           70.40           -0.02            0.13
inaccuracy:  0.35000        0.40000           72.41           -0.02            0.10
inaccuracy:  0.40000        0.45000           72.94           -0.03            0.09
inaccuracy:  0.45000        0.50000           74.80           -0.03            0.08
inaccuracy:  0.50000        0.55000           73.93           -0.03            0.07
inaccuracy:  0.55000        0.60000           74.69           -0.03            0.06
inaccuracy:  0.60000        0.65000           74.17           -0.03            0.06
inaccuracy:  0.65000        0.70000           73.83           -0.03            0.06
inaccuracy:  0.70000        0.75000           76.08           -0.03            0.06
inaccuracy:  0.75000        0.80000           76.27           -0.03            0.05
inaccuracy:  0.80000        0.85000           75.54           -0.03            0.05
inaccuracy:  0.85000        0.90000           75.47           -0.03            0.05
inaccuracy:  0.90000        0.95000           74.85           -0.03            0.05
inaccuracy:  0.95000        1.00000           74.57           -0.03            0.05
===================================================================================================================================
                BAR        
-----------------------------------------------------------------------------------------------------------------------------------
BAR-estimator:         λ             λ+δλ          ΔΔA             ΔA            C               Δδe            δe       
                          
-----------------------------------------------------------------------------------------------------------------------------------
BAR-estimator:      0.00000        0.05000        3.1989         3.1989         3.1989         0.0212         0.0212 
BAR-estimator:      0.05000        0.10000        1.6740         4.8729         1.6740         0.0156         0.0263 
BAR-estimator:      0.10000        0.15000        0.7525         5.6254         0.7525         0.0108         0.0284 
BAR-estimator:      0.15000        0.20000        0.2683         5.8937         0.2683         0.0076         0.0294 
BAR-estimator:      0.20000        0.25000        0.0655         5.9591         0.0655         0.0052         0.0299 
BAR-estimator:      0.25000        0.30000       -0.0606         5.8985        -0.0606         0.0044         0.0302 
BAR-estimator:      0.30000        0.35000       -0.1332         5.7653        -0.1332         0.0037         0.0304 
BAR-estimator:      0.35000        0.40000       -0.1920         5.5733        -0.1920         0.0034         0.0306 
BAR-estimator:      0.40000        0.45000       -0.2341         5.3391        -0.2341         0.0034         0.0308 
BAR-estimator:      0.45000        0.50000       -0.2759         5.0632        -0.2759         0.0027         0.0309 
BAR-estimator:      0.50000        0.55000       -0.3057         4.7575        -0.3057         0.0027         0.0311 
BAR-estimator:      0.55000        0.60000       -0.3477         4.4098        -0.3477         0.0028         0.0312 
BAR-estimator:      0.60000        0.65000       -0.3654         4.0444        -0.3654         0.0028         0.0313 
BAR-estimator:      0.65000        0.70000       -0.3905         3.6539        -0.3905         0.0029         0.0315 
BAR-estimator:      0.70000        0.75000       -0.4127         3.2411        -0.4127         0.0027         0.0316 
BAR-estimator:      0.75000        0.80000       -0.4321         2.8091        -0.4321         0.0029         0.0317 
BAR-estimator:      0.80000        0.85000       -0.4515         2.3576        -0.4515         0.0029         0.0318 
BAR-estimator:      0.85000        0.90000       -0.4719         1.8857        -0.4719         0.0030         0.0320 
BAR-estimator:      0.90000        0.95000       -0.4808         1.4049        -0.4808         0.0032         0.0321 
BAR-estimator:      0.95000        1.00000       -0.4996         0.9052        -0.4996         0.0028         0.0323 
BAR-estimator: total free energy change is 0.9052114148301129 , total error is 0.03225188698938918
