#========================================================================================
#                     Free energy perturbation    
#----------------------------------------------------------------------------------------
#forward/backward          λ              ΔΔA                 ΔA                  δε   
#                                                 
#----------------------------------------------------------------------------------------
forward:               0.0000              0.0000              0.0000              0.0000  
forward:               0.0500              3.1789              3.1789              0.0396  
forward:               0.1000              1.7298              4.9087              0.0486  
forward:               0.1500              0.7923              5.7009              0.0523  
forward:               0.2000              0.3040              6.0049              0.0533  
forward:               0.2500              0.0901              6.0951              0.0536  
forward:               0.3000             -0.0450              6.0500              0.0540  
forward:               0.3500             -0.1235              5.9265              0.0542  
forward:               0.4000             -0.1824              5.7441              0.0544  
forward:               0.4500             -0.2236              5.5205              0.0547  
forward:               0.5000             -0.2521              5.2684              0.0548  
forward:               0.5500             -0.3026              4.9658              0.0549  
forward:               0.6000             -0.3241              4.6417              0.0551  
forward:               0.6500             -0.3576              4.2841              0.0552  
forward:               0.7000             -0.3826              3.9015              0.0553  
forward:               0.7500             -0.3998              3.5017              0.0554  
forward:               0.8000             -0.4216              3.0801              0.0555  
forward:               0.8500             -0.4373              2.6429              0.0556  
forward:               0.9000             -0.4549              2.1880              0.0557  
forward:               0.9500             -0.4740              1.7139              0.0558  
forward:               1.0000             -0.4880              1.2260              0.0559  
backward:              1.0000              0.0000              1.2260              0.0000  
backward:              0.9500              0.4953              1.7213              0.0041  
backward:              0.9000              0.4720              2.1933              0.0056  
backward:              0.8500              0.4613              2.6546              0.0068  
backward:              0.8000              0.4374              3.0921              0.0082  
backward:              0.7500              0.4237              3.5158              0.0092  
backward:              0.7000              0.4029              3.9187              0.0099  
backward:              0.6500              0.3842              4.3028              0.0108  
backward:              0.6000              0.3520              4.6548              0.0115  
backward:              0.5500              0.3320              4.9868              0.0124  
backward:              0.5000              0.2917              5.2784              0.0134  
backward:              0.4500              0.2625              5.5409              0.0142  
backward:              0.4000              0.2214              5.7623              0.0152  
backward:              0.3500              0.1661              5.9284              0.0163  
backward:              0.3000              0.1247              6.0531              0.0180  
backward:              0.2500              0.0284              6.0815              0.0195  
backward:              0.2000             -0.0946              5.9869              0.0214  
backward:              0.1500             -0.3694              5.6175              0.0336  
backward:              0.1000             -0.7867              4.8307              0.0425  
backward:              0.0500             -1.6699              3.1608              0.0529  
backward:              0.0000             -3.1799             -0.0191              0.0890  
Inaccuracy estimation
======================================================================================================
                   i        i+δi          P0_overlap_P1   δε(forward)/ε   δε(backward)/ε
======================================================================================================
inaccuracy:  0.00000        0.05000           21.20            0.27            4.76
inaccuracy:  0.05000        0.10000           31.78           -0.06            2.34
inaccuracy:  0.10000        0.15000           43.56           -0.06            1.13
inaccuracy:  0.15000        0.20000           57.95           -0.03            0.47
inaccuracy:  0.20000        0.25000           64.35           -0.02            0.27
inaccuracy:  0.25000        0.30000           68.92           -0.02            0.18
inaccuracy:  0.30000        0.35000           69.55           -0.02            0.13
inaccuracy:  0.35000        0.40000           72.85           -0.02            0.10
inaccuracy:  0.40000        0.45000           73.07           -0.02            0.09
inaccuracy:  0.45000        0.50000           72.78           -0.03            0.09
inaccuracy:  0.50000        0.55000           74.23           -0.02            0.07
inaccuracy:  0.55000        0.60000           73.55           -0.03            0.07
inaccuracy:  0.60000        0.65000           75.10           -0.03            0.06
inaccuracy:  0.65000        0.70000           74.39           -0.02            0.06
inaccuracy:  0.70000        0.75000           74.91           -0.03            0.06
inaccuracy:  0.75000        0.80000           74.77           -0.03            0.05
inaccuracy:  0.80000        0.85000           74.82           -0.03            0.05
inaccuracy:  0.85000        0.90000           74.37           -0.03            0.05
inaccuracy:  0.90000        0.95000           75.30           -0.04            0.05
inaccuracy:  0.95000        1.00000           74.71           -0.03            0.05
===================================================================================================================================
                BAR        
-----------------------------------------------------------------------------------------------------------------------------------
BAR-estimator:         λ             λ+δλ          ΔΔA             ΔA            C               Δδe            δe       
                          
-----------------------------------------------------------------------------------------------------------------------------------
BAR-estimator:      0.00000        0.05000        3.1861         3.1861         3.1861         0.0144         0.0144 
BAR-estimator:      0.05000        0.10000        1.7497         4.9358         1.7497         0.0131         0.0195 
BAR-estimator:      0.10000        0.15000        0.8012         5.7370         0.8012         0.0120         0.0229 
BAR-estimator:      0.15000        0.20000        0.3156         6.0526         0.3156         0.0067         0.0239 
BAR-estimator:      0.20000        0.25000        0.0938         6.1464         0.0938         0.0044         0.0243 
BAR-estimator:      0.25000        0.30000       -0.0368         6.1096        -0.0368         0.0040         0.0246 
BAR-estimator:      0.30000        0.35000       -0.1243         5.9853        -0.1243         0.0036         0.0249 
BAR-estimator:      0.35000        0.40000       -0.1770         5.8083        -0.1770         0.0031         0.0250 
BAR-estimator:      0.40000        0.45000       -0.2216         5.5867        -0.2216         0.0036         0.0253 
BAR-estimator:      0.45000        0.50000       -0.2553         5.3314        -0.2553         0.0029         0.0255 
BAR-estimator:      0.50000        0.55000       -0.2986         5.0328        -0.2986         0.0026         0.0256 
BAR-estimator:      0.55000        0.60000       -0.3289         4.7039        -0.3289         0.0027         0.0257 
BAR-estimator:      0.60000        0.65000       -0.3539         4.3500        -0.3539         0.0027         0.0259 
BAR-estimator:      0.65000        0.70000       -0.3839         3.9661        -0.3839         0.0025         0.0260 
BAR-estimator:      0.70000        0.75000       -0.4001         3.5661        -0.4001         0.0026         0.0261 
BAR-estimator:      0.75000        0.80000       -0.4231         3.1430        -0.4231         0.0027         0.0263 
BAR-estimator:      0.80000        0.85000       -0.4382         2.7048        -0.4382         0.0032         0.0264 
BAR-estimator:      0.85000        0.90000       -0.4565         2.2483        -0.4565         0.0026         0.0266 
BAR-estimator:      0.90000        0.95000       -0.4731         1.7752        -0.4731         0.0031         0.0268 
BAR-estimator:      0.95000        1.00000       -0.4897         1.2855        -0.4897         0.0031         0.0269 
BAR-estimator: total free energy change is 1.2855322322237417 , total error is 0.026935122894139282
