#========================================================================================
#                     Free energy perturbation    
#----------------------------------------------------------------------------------------
#forward/backward          λ              ΔΔA                 ΔA                  δε   
#                                                 
#----------------------------------------------------------------------------------------
forward:               0.0000              0.0000              0.0000              0.0000  
forward:               0.0500              0.6345              0.6345              0.0122  
forward:               0.1000              0.3683              1.0028              0.0154  
forward:               0.1500              0.2347              1.2375              0.0171  
forward:               0.2000              0.1609              1.3984              0.0181  
forward:               0.2500              0.1247              1.5231              0.0188  
forward:               0.3000              0.0967              1.6198              0.0194  
forward:               0.3500              0.0716              1.6913              0.0199  
forward:               0.4000              0.0575              1.7488              0.0203  
forward:               0.4500              0.0466              1.7954              0.0206  
forward:               0.5000              0.0284              1.8238              0.0210  
forward:               0.5500              0.0345              1.8583              0.0212  
forward:               0.6000              0.0149              1.8732              0.0215  
forward:               0.6500              0.0083              1.8815              0.0218  
forward:               0.7000              0.0034              1.8849              0.0220  
forward:               0.7500              0.0012              1.8861              0.0223  
forward:               0.8000             -0.0218              1.8643              0.0226  
forward:               0.8500             -0.0196              1.8447              0.0228  
forward:               0.9000             -0.0183              1.8264              0.0230  
forward:               0.9500             -0.0245              1.8019              0.0232  
forward:               1.0000             -0.0275              1.7744              0.0234  
backward:              1.0000              0.0000              1.7744              0.0000  
backward:              0.9500              0.0299              1.8043              0.0034  
backward:              0.9000              0.0175              1.8218              0.0054  
backward:              0.8500              0.0204              1.8422              0.0065  
backward:              0.8000              0.0085              1.8507              0.0074  
backward:              0.7500              0.0090              1.8597              0.0084  
backward:              0.7000             -0.0006              1.8591              0.0093  
backward:              0.6500              0.0010              1.8601              0.0099  
backward:              0.6000              0.0038              1.8639              0.0106  
backward:              0.5500             -0.0157              1.8482              0.0114  
backward:              0.5000             -0.0286              1.8195              0.0121  
backward:              0.4500             -0.0269              1.7926              0.0130  
backward:              0.4000             -0.0454              1.7472              0.0136  
backward:              0.3500             -0.0530              1.6941              0.0143  
backward:              0.3000             -0.0824              1.6118              0.0153  
backward:              0.2500             -0.0882              1.5235              0.0161  
backward:              0.2000             -0.1334              1.3902              0.0171  
backward:              0.1500             -0.1698              1.2203              0.0208  
backward:              0.1000             -0.2301              0.9902              0.0223  
backward:              0.0500             -0.3623              0.6280              0.0258  
backward:              0.0000             -0.6590             -0.0310              0.0350  
Inaccuracy estimation
======================================================================================================
                   i        i+δi          P0_overlap_P1   δε(forward)/ε   δε(backward)/ε
======================================================================================================
inaccuracy:  0.00000        0.05000           57.13           -0.01            0.59
inaccuracy:  0.05000        0.10000           65.22           -0.00            0.37
inaccuracy:  0.10000        0.15000           71.59           -0.01            0.20
inaccuracy:  0.15000        0.20000           74.65           -0.01            0.14
inaccuracy:  0.20000        0.25000           77.32           -0.00            0.11
inaccuracy:  0.25000        0.30000           76.79           -0.00            0.11
inaccuracy:  0.30000        0.35000           79.04           -0.00            0.09
inaccuracy:  0.35000        0.40000           78.83           -0.01            0.08
inaccuracy:  0.40000        0.45000           79.05           -0.00            0.08
inaccuracy:  0.45000        0.50000           78.89           -0.00            0.07
inaccuracy:  0.50000        0.55000           79.08           -0.01            0.08
inaccuracy:  0.55000        0.60000           79.50           -0.01            0.07
inaccuracy:  0.60000        0.65000           78.90           -0.01            0.08
inaccuracy:  0.65000        0.70000           79.47           -0.01            0.07
inaccuracy:  0.70000        0.75000           79.30           -0.01            0.07
inaccuracy:  0.75000        0.80000           81.20           -0.01            0.06
inaccuracy:  0.80000        0.85000           80.66           -0.01            0.06
inaccuracy:  0.85000        0.90000           79.45           -0.01            0.07
inaccuracy:  0.90000        0.95000           81.00           -0.00            0.06
inaccuracy:  0.95000        1.00000           78.84           -0.01            0.07
===================================================================================================================================
                BAR        
-----------------------------------------------------------------------------------------------------------------------------------
BAR-estimator:         λ             λ+δλ          ΔΔA             ΔA            C               Δδe            δe       
                          
-----------------------------------------------------------------------------------------------------------------------------------
BAR-estimator:      0.00000        0.05000        0.6417         0.6417         0.6417         0.0083         0.0083 
BAR-estimator:      0.05000        0.10000        0.3707         1.0124         0.3707         0.0063         0.0104 
BAR-estimator:      0.10000        0.15000        0.2345         1.2469         0.2345         0.0047         0.0114 
BAR-estimator:      0.15000        0.20000        0.1607         1.4076         0.1607         0.0038         0.0120 
BAR-estimator:      0.20000        0.25000        0.1282         1.5357         0.1282         0.0036         0.0126 
BAR-estimator:      0.25000        0.30000        0.0938         1.6295         0.0938         0.0036         0.0131 
BAR-estimator:      0.30000        0.35000        0.0740         1.7036         0.0740         0.0028         0.0134 
BAR-estimator:      0.35000        0.40000        0.0562         1.7597         0.0562         0.0028         0.0136 
BAR-estimator:      0.40000        0.45000        0.0462         1.8059         0.0462         0.0027         0.0139 
BAR-estimator:      0.45000        0.50000        0.0267         1.8326         0.0267         0.0027         0.0142 
BAR-estimator:      0.50000        0.55000        0.0340         1.8666         0.0340         0.0025         0.0144 
BAR-estimator:      0.55000        0.60000        0.0152         1.8818         0.0152         0.0026         0.0146 
BAR-estimator:      0.60000        0.65000        0.0041         1.8859         0.0041         0.0024         0.0148 
BAR-estimator:      0.65000        0.70000        0.0024         1.8883         0.0024         0.0025         0.0150 
BAR-estimator:      0.70000        0.75000        0.0001         1.8883         0.0001         0.0025         0.0152 
BAR-estimator:      0.75000        0.80000       -0.0182         1.8702        -0.0182         0.0024         0.0154 
BAR-estimator:      0.80000        0.85000       -0.0163         1.8538        -0.0163         0.0026         0.0156 
BAR-estimator:      0.85000        0.90000       -0.0189         1.8350        -0.0189         0.0023         0.0158 
BAR-estimator:      0.90000        0.95000       -0.0207         1.8143        -0.0207         0.0025         0.0160 
BAR-estimator:      0.95000        1.00000       -0.0287         1.7856        -0.0287         0.0028         0.0162 
BAR-estimator: total free energy change is 1.7856094518113774 , total error is 0.01624839478638595
