#========================================================================================
#                     Free energy perturbation    
#----------------------------------------------------------------------------------------
#forward/backward          λ              ΔΔA                 ΔA                  δε   
#                                                 
#----------------------------------------------------------------------------------------
forward:               0.0000              0.0000              0.0000              0.0000  
forward:               0.0500              0.6326              0.6326              0.0082  
forward:               0.1000              0.3746              1.0072              0.0104  
forward:               0.1500              0.2383              1.2455              0.0118  
forward:               0.2000              0.1676              1.4132              0.0128  
forward:               0.2500              0.1226              1.5357              0.0139  
forward:               0.3000              0.0884              1.6242              0.0144  
forward:               0.3500              0.0732              1.6974              0.0147  
forward:               0.4000              0.0600              1.7574              0.0151  
forward:               0.4500              0.0442              1.8017              0.0155  
forward:               0.5000              0.0312              1.8329              0.0159  
forward:               0.5500              0.0279              1.8608              0.0162  
forward:               0.6000              0.0166              1.8774              0.0166  
forward:               0.6500              0.0014              1.8788              0.0168  
forward:               0.7000             -0.0047              1.8742              0.0171  
forward:               0.7500             -0.0083              1.8658              0.0173  
forward:               0.8000             -0.0079              1.8579              0.0175  
forward:               0.8500             -0.0152              1.8427              0.0178  
forward:               0.9000             -0.0194              1.8233              0.0180  
forward:               0.9500             -0.0241              1.7991              0.0181  
forward:               1.0000             -0.0254              1.7737              0.0183  
backward:              1.0000              0.0000              1.7737              0.0000  
backward:              0.9500              0.0237              1.7974              0.0033  
backward:              0.9000              0.0208              1.8182              0.0047  
backward:              0.8500              0.0202              1.8384              0.0057  
backward:              0.8000              0.0207              1.8591              0.0068  
backward:              0.7500              0.0087              1.8678              0.0076  
backward:              0.7000              0.0089              1.8767              0.0084  
backward:              0.6500             -0.0051              1.8716              0.0094  
backward:              0.6000             -0.0082              1.8635              0.0102  
backward:              0.5500             -0.0258              1.8377              0.0109  
backward:              0.5000             -0.0324              1.8053              0.0115  
backward:              0.4500             -0.0335              1.7718              0.0121  
backward:              0.4000             -0.0453              1.7264              0.0130  
backward:              0.3500             -0.0519              1.6745              0.0135  
backward:              0.3000             -0.0783              1.5962              0.0144  
backward:              0.2500             -0.0957              1.5005              0.0152  
backward:              0.2000             -0.1290              1.3714              0.0164  
backward:              0.1500             -0.1663              1.2051              0.0175  
backward:              0.1000             -0.2634              0.9417              0.0195  
backward:              0.0500             -0.3648              0.5769              0.0217  
backward:              0.0000             -0.6428             -0.0658              0.0271  
Inaccuracy estimation
======================================================================================================
                   i        i+δi          P0_overlap_P1   δε(forward)/ε   δε(backward)/ε
======================================================================================================
inaccuracy:  0.00000        0.05000           55.95           -0.01            0.60
inaccuracy:  0.05000        0.10000           65.32           -0.01            0.34
inaccuracy:  0.10000        0.15000           72.73           -0.00            0.20
inaccuracy:  0.15000        0.20000           74.40           -0.00            0.15
inaccuracy:  0.20000        0.25000           77.14           -0.00            0.12
inaccuracy:  0.25000        0.30000           78.67           -0.00            0.09
inaccuracy:  0.30000        0.35000           78.77           -0.01            0.10
inaccuracy:  0.35000        0.40000           77.94           -0.01            0.08
inaccuracy:  0.40000        0.45000           78.79           -0.00            0.08
inaccuracy:  0.45000        0.50000           80.07           -0.00            0.07
inaccuracy:  0.50000        0.55000           79.35           -0.01            0.07
inaccuracy:  0.55000        0.60000           80.30           -0.01            0.07
inaccuracy:  0.60000        0.65000           80.21           -0.01            0.07
inaccuracy:  0.65000        0.70000           80.98           -0.00            0.06
inaccuracy:  0.70000        0.75000           79.12           -0.01            0.07
inaccuracy:  0.75000        0.80000           79.58           -0.01            0.07
inaccuracy:  0.80000        0.85000           78.85           -0.01            0.07
inaccuracy:  0.85000        0.90000           78.99           -0.01            0.06
inaccuracy:  0.90000        0.95000           79.98           -0.01            0.06
inaccuracy:  0.95000        1.00000           79.85           -0.01            0.07
===================================================================================================================================
                BAR        
-----------------------------------------------------------------------------------------------------------------------------------
BAR-estimator:         λ             λ+δλ          ΔΔA             ΔA            C               Δδe            δe       
                          
-----------------------------------------------------------------------------------------------------------------------------------
BAR-estimator:      0.00000        0.05000        0.6351         0.6351         0.6351         0.0056         0.0056 
BAR-estimator:      0.05000        0.10000        0.3736         1.0086         0.3736         0.0044         0.0071 
BAR-estimator:      0.10000        0.15000        0.2435         1.2521         0.2435         0.0039         0.0081 
BAR-estimator:      0.15000        0.20000        0.1671         1.4192         0.1671         0.0035         0.0088 
BAR-estimator:      0.20000        0.25000        0.1239         1.5431         0.1239         0.0030         0.0093 
BAR-estimator:      0.25000        0.30000        0.0907         1.6338         0.0907         0.0027         0.0097 
BAR-estimator:      0.30000        0.35000        0.0751         1.7089         0.0751         0.0023         0.0100 
BAR-estimator:      0.35000        0.40000        0.0571         1.7660         0.0571         0.0025         0.0103 
BAR-estimator:      0.40000        0.45000        0.0433         1.8092         0.0433         0.0024         0.0106 
BAR-estimator:      0.45000        0.50000        0.0321         1.8414         0.0321         0.0024         0.0108 
BAR-estimator:      0.50000        0.55000        0.0301         1.8714         0.0301         0.0024         0.0111 
BAR-estimator:      0.55000        0.60000        0.0196         1.8910         0.0196         0.0025         0.0114 
BAR-estimator:      0.60000        0.65000        0.0029         1.8939         0.0029         0.0021         0.0116 
BAR-estimator:      0.65000        0.70000       -0.0011         1.8928        -0.0011         0.0023         0.0118 
BAR-estimator:      0.70000        0.75000       -0.0099         1.8829        -0.0099         0.0020         0.0120 
BAR-estimator:      0.75000        0.80000       -0.0085         1.8743        -0.0085         0.0023         0.0122 
BAR-estimator:      0.80000        0.85000       -0.0170         1.8573        -0.0170         0.0020         0.0123 
BAR-estimator:      0.85000        0.90000       -0.0204         1.8369        -0.0204         0.0021         0.0125 
BAR-estimator:      0.90000        0.95000       -0.0234         1.8135        -0.0234         0.0022         0.0127 
BAR-estimator:      0.95000        1.00000       -0.0238         1.7897        -0.0238         0.0022         0.0129 
BAR-estimator: total free energy change is 1.789683082549091 , total error is 0.012895153587255993
