#========================================================================================
#                     Free energy perturbation    
#----------------------------------------------------------------------------------------
#forward/backward          λ              ΔΔA                 ΔA                  δε   
#                                                 
#----------------------------------------------------------------------------------------
forward:               0.0000              0.0000              0.0000              0.0000  
forward:               0.0500              0.3777              0.3777              0.0082  
forward:               0.1000              0.2202              0.5979              0.0096  
forward:               0.1500              0.1643              0.7621              0.0105  
forward:               0.2000              0.1318              0.8939              0.0110  
forward:               0.2500              0.1175              1.0114              0.0115  
forward:               0.3000              0.0940              1.1054              0.0119  
forward:               0.3500              0.0880              1.1934              0.0124  
forward:               0.4000              0.0706              1.2639              0.0127  
forward:               0.4500              0.0650              1.3290              0.0130  
forward:               0.5000              0.0587              1.3876              0.0132  
forward:               0.5500             -0.0200              1.3676              0.0136  
forward:               0.6000             -0.1407              1.2269              0.0141  
forward:               0.6500             -0.2212              1.0057              0.0144  
forward:               0.7000             -0.2777              0.7280              0.0148  
forward:               0.7500             -0.3165              0.4115              0.0151  
forward:               0.8000             -0.3388              0.0727              0.0154  
forward:               0.8500             -0.3494             -0.2768              0.0157  
forward:               0.9000             -0.3536             -0.6304              0.0159  
forward:               0.9500             -0.3531             -0.9834              0.0161  
forward:               1.0000             -0.3517             -1.3352              0.0163  
backward:              1.0000              0.0000             -1.3352              0.0000  
backward:              0.9500              0.3563             -0.9789              0.0031  
backward:              0.9000              0.3560             -0.6229              0.0046  
backward:              0.8500              0.3554             -0.2675              0.0058  
backward:              0.8000              0.3456              0.0781              0.0067  
backward:              0.7500              0.3285              0.4066              0.0075  
backward:              0.7000              0.3161              0.7227              0.0082  
backward:              0.6500              0.2766              0.9994              0.0089  
backward:              0.6000              0.2152              1.2145              0.0095  
backward:              0.5500              0.1421              1.3566              0.0111  
backward:              0.5000              0.0199              1.3765              0.0119  
backward:              0.4500             -0.0604              1.3161              0.0121  
backward:              0.4000             -0.0764              1.2396              0.0124  
backward:              0.3500             -0.0741              1.1656              0.0129  
backward:              0.3000             -0.0927              1.0728              0.0133  
backward:              0.2500             -0.0988              0.9740              0.0137  
backward:              0.2000             -0.1153              0.8588              0.0141  
backward:              0.1500             -0.1323              0.7264              0.0148  
backward:              0.1000             -0.1573              0.5692              0.0155  
backward:              0.0500             -0.2287              0.3404              0.0173  
backward:              0.0000             -0.3861             -0.0457              0.0262  
Inaccuracy estimation
======================================================================================================
                   i        i+δi          P0_overlap_P1   δε(forward)/ε   δε(backward)/ε
======================================================================================================
inaccuracy:  0.00000        0.05000           68.84            0.00            0.54
inaccuracy:  0.05000        0.10000           78.14           -0.00            0.16
inaccuracy:  0.10000        0.15000           80.85            0.00            0.10
inaccuracy:  0.15000        0.20000           82.73           -0.00            0.07
inaccuracy:  0.20000        0.25000           83.56           -0.00            0.06
inaccuracy:  0.25000        0.30000           85.56           -0.00            0.05
inaccuracy:  0.30000        0.35000           86.06           -0.00            0.05
inaccuracy:  0.35000        0.40000           86.38           -0.00            0.04
inaccuracy:  0.40000        0.45000           88.11           -0.00            0.04
inaccuracy:  0.45000        0.50000           86.64           -0.00            0.04
inaccuracy:  0.50000        0.55000           77.66           -0.02            0.09
inaccuracy:  0.55000        0.60000           79.20           -0.03            0.04
inaccuracy:  0.60000        0.65000           80.77           -0.02            0.04
inaccuracy:  0.65000        0.70000           80.27           -0.03            0.03
inaccuracy:  0.70000        0.75000           80.81           -0.02            0.03
inaccuracy:  0.75000        0.80000           81.38           -0.02            0.04
inaccuracy:  0.80000        0.85000           81.12           -0.02            0.04
inaccuracy:  0.85000        0.90000           79.54           -0.02            0.04
inaccuracy:  0.90000        0.95000           78.65           -0.03            0.05
inaccuracy:  0.95000        1.00000           78.91           -0.02            0.06
===================================================================================================================================
                BAR        
-----------------------------------------------------------------------------------------------------------------------------------
BAR-estimator:         λ             λ+δλ          ΔΔA             ΔA            C               Δδe            δe       
                          
-----------------------------------------------------------------------------------------------------------------------------------
BAR-estimator:      0.00000        0.05000        0.3867         0.3867         0.3867         0.0058         0.0058 
BAR-estimator:      0.05000        0.10000        0.2215         0.6082         0.2215         0.0035         0.0068 
BAR-estimator:      0.10000        0.15000        0.1625         0.7707         0.1625         0.0013         0.0069 
BAR-estimator:      0.15000        0.20000        0.1313         0.9020         0.1313         0.0023         0.0073 
BAR-estimator:      0.20000        0.25000        0.1166         1.0186         0.1166         0.0023         0.0077 
BAR-estimator:      0.25000        0.30000        0.0956         1.1142         0.0956         0.0021         0.0080 
BAR-estimator:      0.30000        0.35000        0.0898         1.2040         0.0898         0.0024         0.0083 
BAR-estimator:      0.35000        0.40000        0.0720         1.2760         0.0720         0.0020         0.0086 
BAR-estimator:      0.40000        0.45000        0.0691         1.3451         0.0691         0.0019         0.0088 
BAR-estimator:      0.45000        0.50000        0.0593         1.4044         0.0593         0.0017         0.0089 
BAR-estimator:      0.50000        0.55000       -0.0200         1.3844        -0.0200         0.0025         0.0093 
BAR-estimator:      0.55000        0.60000       -0.1435         1.2409        -0.1435         0.0025         0.0096 
BAR-estimator:      0.60000        0.65000       -0.2170         1.0239        -0.2170         0.0024         0.0099 
BAR-estimator:      0.65000        0.70000       -0.2771         0.7468        -0.2771         0.0030         0.0103 
BAR-estimator:      0.70000        0.75000       -0.3150         0.4318        -0.3150         0.0021         0.0106 
BAR-estimator:      0.75000        0.80000       -0.3346         0.0972        -0.3346         0.0022         0.0108 
BAR-estimator:      0.80000        0.85000       -0.3470        -0.2499        -0.3470         0.0024         0.0110 
BAR-estimator:      0.85000        0.90000       -0.3550        -0.6049        -0.3550         0.0023         0.0113 
BAR-estimator:      0.90000        0.95000       -0.3559        -0.9608        -0.3559         0.0022         0.0115 
BAR-estimator:      0.95000        1.00000       -0.3531        -1.3139        -0.3531         0.0024         0.0117 
BAR-estimator: total free energy change is -1.313915916683142 , total error is 0.011737030810988458
