#========================================================================================
#                     Free energy perturbation    
#----------------------------------------------------------------------------------------
#forward/backward          λ              ΔΔA                 ΔA                  δε   
#                                                 
#----------------------------------------------------------------------------------------
forward:               0.0000              0.0000              0.0000              0.0000  
forward:               0.0500              0.3771              0.3771              0.0059  
forward:               0.1000              0.2177              0.5947              0.0068  
forward:               0.1500              0.1610              0.7557              0.0076  
forward:               0.2000              0.1328              0.8886              0.0081  
forward:               0.2500              0.1128              1.0014              0.0086  
forward:               0.3000              0.0991              1.1004              0.0090  
forward:               0.3500              0.0806              1.1810              0.0092  
forward:               0.4000              0.0708              1.2518              0.0095  
forward:               0.4500              0.0632              1.3151              0.0098  
forward:               0.5000              0.0587              1.3738              0.0100  
forward:               0.5500             -0.0257              1.3481              0.0103  
forward:               0.6000             -0.1386              1.2095              0.0106  
forward:               0.6500             -0.2265              0.9830              0.0109  
forward:               0.7000             -0.2866              0.6964              0.0111  
forward:               0.7500             -0.3245              0.3719              0.0114  
forward:               0.8000             -0.3459              0.0260              0.0117  
forward:               0.8500             -0.3563             -0.3304              0.0119  
forward:               0.9000             -0.3617             -0.6921              0.0121  
forward:               0.9500             -0.3646             -1.0567              0.0123  
forward:               1.0000             -0.3644             -1.4211              0.0125  
backward:              1.0000              0.0000             -1.4211              0.0000  
backward:              0.9500              0.3645             -1.0566              0.0032  
backward:              0.9000              0.3675             -0.6890              0.0042  
backward:              0.8500              0.3672             -0.3219              0.0052  
backward:              0.8000              0.3573              0.0354              0.0062  
backward:              0.7500              0.3404              0.3759              0.0077  
backward:              0.7000              0.3249              0.7007              0.0082  
backward:              0.6500              0.2821              0.9828              0.0087  
backward:              0.6000              0.2253              1.2081              0.0091  
backward:              0.5500              0.1407              1.3489              0.0095  
backward:              0.5000              0.0343              1.3832              0.0100  
backward:              0.4500             -0.0638              1.3194              0.0103  
backward:              0.4000             -0.0745              1.2449              0.0107  
backward:              0.3500             -0.0747              1.1703              0.0110  
backward:              0.3000             -0.0795              1.0907              0.0113  
backward:              0.2500             -0.1015              0.9892              0.0117  
backward:              0.2000             -0.1140              0.8753              0.0121  
backward:              0.1500             -0.1303              0.7449              0.0126  
backward:              0.1000             -0.1722              0.5727              0.0138  
backward:              0.0500             -0.2206              0.3521              0.0148  
backward:              0.0000             -0.3547             -0.0025              0.0178  
Inaccuracy estimation
======================================================================================================
                   i        i+δi          P0_overlap_P1   δε(forward)/ε   δε(backward)/ε
======================================================================================================
inaccuracy:  0.00000        0.05000           67.76            0.00            0.50
inaccuracy:  0.05000        0.10000           77.87           -0.00            0.15
inaccuracy:  0.10000        0.15000           81.85           -0.00            0.09
inaccuracy:  0.15000        0.20000           83.15           -0.00            0.08
inaccuracy:  0.20000        0.25000           83.53           -0.00            0.06
inaccuracy:  0.25000        0.30000           84.80           -0.00            0.05
inaccuracy:  0.30000        0.35000           85.83           -0.00            0.04
inaccuracy:  0.35000        0.40000           86.74           -0.00            0.04
inaccuracy:  0.40000        0.45000           87.74           -0.00            0.04
inaccuracy:  0.45000        0.50000           86.63           -0.00            0.04
inaccuracy:  0.50000        0.55000           76.60           -0.03            0.06
inaccuracy:  0.55000        0.60000           78.94           -0.03            0.04
inaccuracy:  0.60000        0.65000           80.06           -0.03            0.03
inaccuracy:  0.65000        0.70000           80.83           -0.03            0.03
inaccuracy:  0.70000        0.75000           80.11           -0.03            0.03
inaccuracy:  0.75000        0.80000           80.85           -0.03            0.03
inaccuracy:  0.80000        0.85000           79.72           -0.03            0.04
inaccuracy:  0.85000        0.90000           79.12           -0.02            0.05
inaccuracy:  0.90000        0.95000           78.74           -0.03            0.05
inaccuracy:  0.95000        1.00000           78.54           -0.03            0.06
===================================================================================================================================
                BAR        
-----------------------------------------------------------------------------------------------------------------------------------
BAR-estimator:         λ             λ+δλ          ΔΔA             ΔA            C               Δδe            δe       
                          
-----------------------------------------------------------------------------------------------------------------------------------
BAR-estimator:      0.00000        0.05000        0.3781         0.3781         0.3781         0.0043         0.0043 
BAR-estimator:      0.05000        0.10000        0.2177         0.5958         0.2177         0.0024         0.0049 
BAR-estimator:      0.10000        0.15000        0.1630         0.7587         0.1630         0.0024         0.0055 
BAR-estimator:      0.15000        0.20000        0.1324         0.8912         0.1324         0.0019         0.0058 
BAR-estimator:      0.20000        0.25000        0.1130         1.0042         0.1130         0.0019         0.0061 
BAR-estimator:      0.25000        0.30000        0.0995         1.1037         0.0995         0.0018         0.0064 
BAR-estimator:      0.30000        0.35000        0.0804         1.1840         0.0804         0.0017         0.0066 
BAR-estimator:      0.35000        0.40000        0.0727         1.2567         0.0727         0.0015         0.0068 
BAR-estimator:      0.40000        0.45000        0.0675         1.3242         0.0675         0.0016         0.0070 
BAR-estimator:      0.45000        0.50000        0.0604         1.3845         0.0604         0.0014         0.0071 
BAR-estimator:      0.50000        0.55000       -0.0296         1.3549        -0.0296         0.0021         0.0074 
BAR-estimator:      0.55000        0.60000       -0.1398         1.2151        -0.1398         0.0019         0.0077 
BAR-estimator:      0.60000        0.65000       -0.2271         0.9880        -0.2271         0.0020         0.0079 
BAR-estimator:      0.65000        0.70000       -0.2841         0.7039        -0.2841         0.0018         0.0081 
BAR-estimator:      0.70000        0.75000       -0.3251         0.3788        -0.3251         0.0019         0.0083 
BAR-estimator:      0.75000        0.80000       -0.3452         0.0336        -0.3452         0.0018         0.0085 
BAR-estimator:      0.80000        0.85000       -0.3567        -0.3231        -0.3567         0.0019         0.0087 
BAR-estimator:      0.85000        0.90000       -0.3637        -0.6868        -0.3637         0.0018         0.0089 
BAR-estimator:      0.90000        0.95000       -0.3663        -1.0531        -0.3663         0.0019         0.0091 
BAR-estimator:      0.95000        1.00000       -0.3631        -1.4162        -0.3631         0.0017         0.0093 
BAR-estimator: total free energy change is -1.4161598761161402 , total error is 0.009304197596766378
