#========================================================================================
#                     Free energy perturbation    
#----------------------------------------------------------------------------------------
#forward/backward          λ              ΔΔA                 ΔA                  δε   
#                                                 
#----------------------------------------------------------------------------------------
forward:               0.0000              0.0000              0.0000              0.0000  
forward:               0.0500              0.7042              0.7042              0.0157  
forward:               0.1000              0.3448              1.0490              0.0174  
forward:               0.1500              0.2304              1.2795              0.0184  
forward:               0.2000              0.1485              1.4279              0.0191  
forward:               0.2500              0.1169              1.5448              0.0197  
forward:               0.3000              0.0811              1.6260              0.0201  
forward:               0.3500              0.0585              1.6845              0.0205  
forward:               0.4000              0.0420              1.7265              0.0209  
forward:               0.4500              0.0293              1.7558              0.0212  
forward:               0.5000              0.0158              1.7717              0.0215  
forward:               0.5500              0.0010              1.7726              0.0218  
forward:               0.6000             -0.0517              1.7210              0.0220  
forward:               0.6500             -0.0810              1.6400              0.0222  
forward:               0.7000             -0.1088              1.5312              0.0224  
forward:               0.7500             -0.1272              1.4040              0.0226  
forward:               0.8000             -0.1458              1.2583              0.0228  
forward:               0.8500             -0.1637              1.0946              0.0229  
forward:               0.9000             -0.1759              0.9186              0.0231  
forward:               0.9500             -0.1872              0.7314              0.0232  
forward:               1.0000             -0.2020              0.5295              0.0234  
backward:              1.0000              0.0000              0.5295              0.0000  
backward:              0.9500              0.1986              0.7280              0.0029  
backward:              0.9000              0.1815              0.9095              0.0044  
backward:              0.8500              0.1709              1.0804              0.0055  
backward:              0.8000              0.1627              1.2430              0.0064  
backward:              0.7500              0.1485              1.3916              0.0072  
backward:              0.7000              0.1289              1.5205              0.0080  
backward:              0.6500              0.1007              1.6211              0.0087  
backward:              0.6000              0.0836              1.7048              0.0092  
backward:              0.5500              0.0531              1.7579              0.0099  
backward:              0.5000              0.0123              1.7702              0.0105  
backward:              0.4500             -0.0135              1.7567              0.0111  
backward:              0.4000             -0.0242              1.7325              0.0116  
backward:              0.3500             -0.0306              1.7019              0.0122  
backward:              0.3000             -0.0540              1.6478              0.0128  
backward:              0.2500             -0.0787              1.5691              0.0137  
backward:              0.2000             -0.1111              1.4580              0.0148  
backward:              0.1500             -0.1510              1.3070              0.0157  
backward:              0.1000             -0.2371              1.0699              0.0174  
backward:              0.0500             -0.3574              0.7125              0.0200  
backward:              0.0000             -0.7207             -0.0082              0.0333  
Inaccuracy estimation
======================================================================================================
                   i        i+δi          P0_overlap_P1   δε(forward)/ε   δε(backward)/ε
======================================================================================================
inaccuracy:  0.00000        0.05000           52.82           -0.00            1.07
inaccuracy:  0.05000        0.10000           68.49           -0.00            0.31
inaccuracy:  0.10000        0.15000           73.58           -0.00            0.17
inaccuracy:  0.15000        0.20000           77.19           -0.00            0.12
inaccuracy:  0.20000        0.25000           78.34           -0.01            0.10
inaccuracy:  0.25000        0.30000           79.74           -0.00            0.08
inaccuracy:  0.30000        0.35000           80.89           -0.01            0.07
inaccuracy:  0.35000        0.40000           80.09           -0.00            0.07
inaccuracy:  0.40000        0.45000           81.71           -0.00            0.06
inaccuracy:  0.45000        0.50000           81.74           -0.00            0.06
inaccuracy:  0.50000        0.55000           77.96           -0.01            0.07
inaccuracy:  0.55000        0.60000           80.55           -0.01            0.06
inaccuracy:  0.60000        0.65000           81.15           -0.01            0.05
inaccuracy:  0.65000        0.70000           81.84           -0.01            0.05
inaccuracy:  0.70000        0.75000           81.32           -0.01            0.05
inaccuracy:  0.75000        0.80000           81.16           -0.01            0.05
inaccuracy:  0.80000        0.85000           81.56           -0.01            0.05
inaccuracy:  0.85000        0.90000           81.27           -0.01            0.04
inaccuracy:  0.90000        0.95000           81.80           -0.01            0.04
inaccuracy:  0.95000        1.00000           81.25           -0.02            0.04
===================================================================================================================================
                BAR        
-----------------------------------------------------------------------------------------------------------------------------------
BAR-estimator:         λ             λ+δλ          ΔΔA             ΔA            C               Δδe            δe       
                          
-----------------------------------------------------------------------------------------------------------------------------------
BAR-estimator:      0.00000        0.05000        0.7144         0.7144         0.7144         0.0102         0.0102 
BAR-estimator:      0.05000        0.10000        0.3528         1.0672         0.3528         0.0052         0.0115 
BAR-estimator:      0.10000        0.15000        0.2310         1.2982         0.2310         0.0041         0.0122 
BAR-estimator:      0.15000        0.20000        0.1510         1.4492         0.1510         0.0036         0.0127 
BAR-estimator:      0.20000        0.25000        0.1153         1.5645         0.1153         0.0031         0.0131 
BAR-estimator:      0.25000        0.30000        0.0790         1.6435         0.0790         0.0032         0.0135 
BAR-estimator:      0.30000        0.35000        0.0579         1.7015         0.0579         0.0028         0.0138 
BAR-estimator:      0.35000        0.40000        0.0394         1.7408         0.0394         0.0026         0.0140 
BAR-estimator:      0.40000        0.45000        0.0280         1.7688         0.0280         0.0025         0.0142 
BAR-estimator:      0.45000        0.50000        0.0150         1.7838         0.0150         0.0024         0.0144 
BAR-estimator:      0.50000        0.55000       -0.0043         1.7795        -0.0043         0.0025         0.0146 
BAR-estimator:      0.55000        0.60000       -0.0517         1.7278        -0.0517         0.0024         0.0148 
BAR-estimator:      0.60000        0.65000       -0.0812         1.6466        -0.0812         0.0023         0.0150 
BAR-estimator:      0.65000        0.70000       -0.1048         1.5418        -0.1048         0.0024         0.0152 
BAR-estimator:      0.70000        0.75000       -0.1270         1.4148        -0.1270         0.0024         0.0154 
BAR-estimator:      0.75000        0.80000       -0.1470         1.2678        -0.1470         0.0023         0.0156 
BAR-estimator:      0.80000        0.85000       -0.1629         1.1049        -0.1629         0.0021         0.0157 
BAR-estimator:      0.85000        0.90000       -0.1746         0.9303        -0.1746         0.0023         0.0159 
BAR-estimator:      0.90000        0.95000       -0.1852         0.7451        -0.1852         0.0022         0.0160 
BAR-estimator:      0.95000        1.00000       -0.2009         0.5442        -0.2009         0.0024         0.0162 
BAR-estimator: total free energy change is 0.5442231968757429 , total error is 0.016211585179382846
