#========================================================================================
#                     Free energy perturbation    
#----------------------------------------------------------------------------------------
#forward/backward          λ              ΔΔA                 ΔA                  δε   
#                                                 
#----------------------------------------------------------------------------------------
forward:               0.0000              0.0000              0.0000              0.0000  
forward:               0.0500              0.6977              0.6977              0.0098  
forward:               0.1000              0.3639              1.0615              0.0114  
forward:               0.1500              0.2297              1.2912              0.0125  
forward:               0.2000              0.1560              1.4471              0.0132  
forward:               0.2500              0.1189              1.5661              0.0137  
forward:               0.3000              0.0844              1.6504              0.0140  
forward:               0.3500              0.0594              1.7098              0.0144  
forward:               0.4000              0.0415              1.7513              0.0148  
forward:               0.4500              0.0312              1.7825              0.0151  
forward:               0.5000              0.0195              1.8020              0.0153  
forward:               0.5500             -0.0054              1.7966              0.0156  
forward:               0.6000             -0.0472              1.7494              0.0158  
forward:               0.6500             -0.0801              1.6693              0.0161  
forward:               0.7000             -0.1084              1.5609              0.0163  
forward:               0.7500             -0.1298              1.4311              0.0165  
forward:               0.8000             -0.1562              1.2749              0.0167  
forward:               0.8500             -0.1650              1.1099              0.0169  
forward:               0.9000             -0.1766              0.9333              0.0171  
forward:               0.9500             -0.1861              0.7472              0.0173  
forward:               1.0000             -0.1986              0.5486              0.0175  
backward:              1.0000              0.0000              0.5486              0.0000  
backward:              0.9500              0.2015              0.7500              0.0036  
backward:              0.9000              0.1874              0.9374              0.0047  
backward:              0.8500              0.1781              1.1156              0.0056  
backward:              0.8000              0.1597              1.2753              0.0064  
backward:              0.7500              0.1454              1.4207              0.0071  
backward:              0.7000              0.1278              1.5485              0.0077  
backward:              0.6500              0.1060              1.6545              0.0083  
backward:              0.6000              0.0749              1.7294              0.0089  
backward:              0.5500              0.0539              1.7832              0.0095  
backward:              0.5000              0.0006              1.7839              0.0102  
backward:              0.4500             -0.0222              1.7617              0.0109  
backward:              0.4000             -0.0362              1.7255              0.0116  
backward:              0.3500             -0.0431              1.6824              0.0123  
backward:              0.3000             -0.0635              1.6189              0.0129  
backward:              0.2500             -0.0846              1.5344              0.0134  
backward:              0.2000             -0.1183              1.4161              0.0143  
backward:              0.1500             -0.1572              1.2589              0.0151  
backward:              0.1000             -0.2165              1.0424              0.0164  
backward:              0.0500             -0.3561              0.6863              0.0184  
backward:              0.0000             -0.6386              0.0477              0.0208  
Inaccuracy estimation
======================================================================================================
                   i        i+δi          P0_overlap_P1   δε(forward)/ε   δε(backward)/ε
======================================================================================================
inaccuracy:  0.00000        0.05000           52.80           -0.01            1.05
inaccuracy:  0.05000        0.10000           67.63           -0.00            0.31
inaccuracy:  0.10000        0.15000           72.35           -0.00            0.18
inaccuracy:  0.15000        0.20000           77.24           -0.00            0.12
inaccuracy:  0.20000        0.25000           77.59           -0.00            0.09
inaccuracy:  0.25000        0.30000           80.00           -0.01            0.08
inaccuracy:  0.30000        0.35000           81.04           -0.01            0.07
inaccuracy:  0.35000        0.40000           81.92           -0.00            0.06
inaccuracy:  0.40000        0.45000           82.29           -0.00            0.06
inaccuracy:  0.45000        0.50000           82.34           -0.00            0.06
inaccuracy:  0.50000        0.55000           80.00           -0.01            0.06
inaccuracy:  0.55000        0.60000           79.70           -0.01            0.06
inaccuracy:  0.60000        0.65000           81.23           -0.01            0.05
inaccuracy:  0.65000        0.70000           81.63           -0.01            0.05
inaccuracy:  0.70000        0.75000           80.98           -0.01            0.04
inaccuracy:  0.75000        0.80000           82.90           -0.01            0.04
inaccuracy:  0.80000        0.85000           82.02           -0.01            0.05
inaccuracy:  0.85000        0.90000           80.84           -0.01            0.05
inaccuracy:  0.90000        0.95000           81.06           -0.01            0.05
inaccuracy:  0.95000        1.00000           80.70           -0.01            0.05
===================================================================================================================================
                BAR        
-----------------------------------------------------------------------------------------------------------------------------------
BAR-estimator:         λ             λ+δλ          ΔΔA             ΔA            C               Δδe            δe       
                          
-----------------------------------------------------------------------------------------------------------------------------------
BAR-estimator:      0.00000        0.05000        0.6963         0.6963         0.6963         0.0069         0.0069 
BAR-estimator:      0.05000        0.10000        0.3633         1.0596         0.3633         0.0041         0.0080 
BAR-estimator:      0.10000        0.15000        0.2260         1.2856         0.2260         0.0034         0.0087 
BAR-estimator:      0.15000        0.20000        0.1574         1.4430         0.1574         0.0031         0.0092 
BAR-estimator:      0.20000        0.25000        0.1168         1.5598         0.1168         0.0024         0.0095 
BAR-estimator:      0.25000        0.30000        0.0852         1.6450         0.0852         0.0022         0.0098 
BAR-estimator:      0.30000        0.35000        0.0604         1.7055         0.0604         0.0024         0.0101 
BAR-estimator:      0.35000        0.40000        0.0427         1.7482         0.0427         0.0024         0.0104 
BAR-estimator:      0.40000        0.45000        0.0330         1.7811         0.0330         0.0019         0.0105 
BAR-estimator:      0.45000        0.50000        0.0212         1.8024         0.0212         0.0019         0.0107 
BAR-estimator:      0.50000        0.55000       -0.0030         1.7994        -0.0030         0.0025         0.0110 
BAR-estimator:      0.55000        0.60000       -0.0487         1.7507        -0.0487         0.0021         0.0112 
BAR-estimator:      0.60000        0.65000       -0.0791         1.6717        -0.0791         0.0021         0.0114 
BAR-estimator:      0.65000        0.70000       -0.1071         1.5646        -0.1071         0.0020         0.0116 
BAR-estimator:      0.70000        0.75000       -0.1301         1.4345        -0.1301         0.0020         0.0118 
BAR-estimator:      0.75000        0.80000       -0.1518         1.2827        -0.1518         0.0018         0.0119 
BAR-estimator:      0.80000        0.85000       -0.1629         1.1198        -0.1629         0.0016         0.0120 
BAR-estimator:      0.85000        0.90000       -0.1777         0.9420        -0.1777         0.0019         0.0121 
BAR-estimator:      0.90000        0.95000       -0.1864         0.7557        -0.1864         0.0021         0.0123 
BAR-estimator:      0.95000        1.00000       -0.1989         0.5568        -0.1989         0.0021         0.0125 
BAR-estimator: total free energy change is 0.5567933151315947 , total error is 0.01250777773945313
