#========================================================================================
#                     Free energy perturbation    
#----------------------------------------------------------------------------------------
#forward/backward          λ              ΔΔA                 ΔA                  δε   
#                                                 
#----------------------------------------------------------------------------------------
forward:               0.0000              0.0000              0.0000              0.0000  
forward:               0.0500              1.5638              1.5638              0.0196  
forward:               0.1000              0.8312              2.3950              0.0259  
forward:               0.1500              0.4127              2.8077              0.0285  
forward:               0.2000              0.1897              2.9974              0.0294  
forward:               0.2500              0.0639              3.0614              0.0301  
forward:               0.3000             -0.0203              3.0411              0.0307  
forward:               0.3500             -0.0569              2.9842              0.0311  
forward:               0.4000             -0.1010              2.8832              0.0314  
forward:               0.4500             -0.1367              2.7466              0.0317  
forward:               0.5000             -0.1652              2.5814              0.0319  
forward:               0.5500             -0.5069              2.0745              0.0333  
forward:               0.6000             -1.0708              1.0037              0.0345  
forward:               0.6500             -1.5232             -0.5196              0.0356  
forward:               0.7000             -1.9565             -2.4761              0.0371  
forward:               0.7500             -2.1831             -4.6592              0.0381  
forward:               0.8000             -2.2910             -6.9502              0.0388  
forward:               0.8500             -2.2674             -9.2176              0.0393  
forward:               0.9000             -2.2673            -11.4849              0.0398  
forward:               0.9500             -2.2054            -13.6902              0.0403  
forward:               1.0000             -2.1520            -15.8423              0.0406  
backward:              1.0000              0.0000            -15.8423              0.0000  
backward:              0.9500              2.1403            -13.7019              0.0153  
backward:              0.9000              2.1848            -11.5171              0.0188  
backward:              0.8500              2.1853             -9.3318              0.0617  
backward:              0.8000              2.2676             -7.0643              0.0632  
backward:              0.7500              2.2891             -4.7751              0.0638  
backward:              0.7000              2.1690             -2.6061              0.0649  
backward:              0.6500              1.9143             -0.6918              0.0658  
backward:              0.6000              1.5427              0.8509              0.0664  
backward:              0.5500              1.0470              1.8979              0.0671  
backward:              0.5000              0.5142              2.4121              0.0676  
backward:              0.4500              0.1535              2.5656              0.0678  
backward:              0.4000              0.1314              2.6970              0.0680  
backward:              0.3500              0.1064              2.8034              0.0682  
backward:              0.3000              0.0558              2.8593              0.0685  
backward:              0.2500              0.0265              2.8858              0.0688  
backward:              0.2000             -0.0645              2.8213              0.0693  
backward:              0.1500             -0.1756              2.6457              0.0699  
backward:              0.1000             -0.4007              2.2450              0.0711  
backward:              0.0500             -0.8044              1.4406              0.0762  
backward:              0.0000             -1.5837             -0.1431              0.1014  
Inaccuracy estimation
======================================================================================================
                   i        i+δi          P0_overlap_P1   δε(forward)/ε   δε(backward)/ε
======================================================================================================
inaccuracy:  0.00000        0.05000           37.00           -0.04            1.64
inaccuracy:  0.05000        0.10000           46.46           -0.04            1.02
inaccuracy:  0.10000        0.15000           57.65           -0.01            0.50
inaccuracy:  0.15000        0.20000           64.98           -0.02            0.29
inaccuracy:  0.20000        0.25000           70.00           -0.02            0.18
inaccuracy:  0.25000        0.30000           72.30           -0.01            0.14
inaccuracy:  0.30000        0.35000           73.32           -0.01            0.12
inaccuracy:  0.35000        0.40000           74.68           -0.02            0.10
inaccuracy:  0.40000        0.45000           75.74           -0.02            0.07
inaccuracy:  0.45000        0.50000           77.52           -0.01            0.07
inaccuracy:  0.50000        0.55000           56.78           -0.21            0.20
inaccuracy:  0.55000        0.60000           57.38           -0.26            0.07
inaccuracy:  0.60000        0.65000           56.82           -0.38            0.00
inaccuracy:  0.65000        0.70000           59.12           -0.33           -0.04
inaccuracy:  0.70000        0.75000           58.21           -0.32           -0.07
inaccuracy:  0.75000        0.80000           59.40           -0.31           -0.09
inaccuracy:  0.80000        0.85000           57.63           -0.33           -0.08
inaccuracy:  0.85000        0.90000           58.14           -0.26           -0.07
inaccuracy:  0.90000        0.95000           56.51           -0.29           -0.05
inaccuracy:  0.95000        1.00000           54.90           -0.32           -0.05
===================================================================================================================================
                BAR        
-----------------------------------------------------------------------------------------------------------------------------------
BAR-estimator:         λ             λ+δλ          ΔΔA             ΔA            C               Δδe            δe       
                          
-----------------------------------------------------------------------------------------------------------------------------------
BAR-estimator:      0.00000        0.05000        1.5647         1.5647         1.5647         0.0096         0.0096 
BAR-estimator:      0.05000        0.10000        0.8195         2.3842         0.8195         0.0105         0.0142 
BAR-estimator:      0.10000        0.15000        0.4148         2.7990         0.4148         0.0066         0.0157 
BAR-estimator:      0.15000        0.20000        0.1883         2.9873         0.1883         0.0051         0.0165 
BAR-estimator:      0.20000        0.25000        0.0652         3.0524         0.0652         0.0045         0.0171 
BAR-estimator:      0.25000        0.30000       -0.0198         3.0326        -0.0198         0.0041         0.0176 
BAR-estimator:      0.30000        0.35000       -0.0549         2.9778        -0.0549         0.0036         0.0179 
BAR-estimator:      0.35000        0.40000       -0.1018         2.8760        -0.1018         0.0034         0.0183 
BAR-estimator:      0.40000        0.45000       -0.1360         2.7400        -0.1360         0.0030         0.0185 
BAR-estimator:      0.45000        0.50000       -0.1612         2.5788        -0.1612         0.0028         0.0187 
BAR-estimator:      0.50000        0.55000       -0.5053         2.0735        -0.5053         0.0053         0.0195 
BAR-estimator:      0.55000        0.60000       -1.0577         1.0158        -1.0577         0.0048         0.0200 
BAR-estimator:      0.60000        0.65000       -1.5372        -0.5214        -1.5372         0.0052         0.0207 
BAR-estimator:      0.65000        0.70000       -1.9342        -2.4556        -1.9342         0.0062         0.0216 
BAR-estimator:      0.70000        0.75000       -2.1826        -4.6382        -2.1826         0.0052         0.0222 
BAR-estimator:      0.75000        0.80000       -2.2872        -6.9254        -2.2872         0.0049         0.0227 
BAR-estimator:      0.80000        0.85000       -2.2736        -9.1989        -2.2736         0.0051         0.0233 
BAR-estimator:      0.85000        0.90000       -2.2547       -11.4536        -2.2547         0.0050         0.0238 
BAR-estimator:      0.90000        0.95000       -2.1988       -13.6524        -2.1988         0.0051         0.0244 
BAR-estimator:      0.95000        1.00000       -2.1509       -15.8033        -2.1509         0.0054         0.0250 
BAR-estimator: total free energy change is -15.80331759828361 , total error is 0.024964320613094237
