#========================================================================================
#                     Free energy perturbation    
#----------------------------------------------------------------------------------------
#forward/backward          λ              ΔΔA                 ΔA                  δε   
#                                                 
#----------------------------------------------------------------------------------------
forward:               0.0000              0.0000              0.0000              0.0000  
forward:               0.0500              1.5460              1.5460              0.0151  
forward:               0.1000              0.8368              2.3828              0.0204  
forward:               0.1500              0.4084              2.7912              0.0227  
forward:               0.2000              0.1917              2.9829              0.0243  
forward:               0.2500              0.0639              3.0468              0.0250  
forward:               0.3000             -0.0103              3.0365              0.0256  
forward:               0.3500             -0.0660              2.9705              0.0260  
forward:               0.4000             -0.0979              2.8726              0.0264  
forward:               0.4500             -0.1252              2.7474              0.0266  
forward:               0.5000             -0.1504              2.5970              0.0269  
forward:               0.5500             -0.5180              2.0789              0.0278  
forward:               0.6000             -1.0398              1.0391              0.0291  
forward:               0.6500             -1.5171             -0.4780              0.0301  
forward:               0.7000             -1.9177             -2.3957              0.0315  
forward:               0.7500             -2.1596             -4.5553              0.0323  
forward:               0.8000             -2.2604             -6.8157              0.0331  
forward:               0.8500             -2.2879             -9.1036              0.0337  
forward:               0.9000             -2.2535            -11.3571              0.0343  
forward:               0.9500             -2.2098            -13.5669              0.0347  
forward:               1.0000             -2.1742            -15.7411              0.0352  
backward:              1.0000              0.0000            -15.7411              0.0000  
backward:              0.9500              2.1446            -13.5965              0.0120  
backward:              0.9000              2.2316            -11.3648              0.0149  
backward:              0.8500              2.2575             -9.1074              0.0170  
backward:              0.8000              2.2683             -6.8391              0.0195  
backward:              0.7500              2.2521             -4.5869              0.0214  
backward:              0.7000              2.1716             -2.4153              0.0227  
backward:              0.6500              1.9243             -0.4910              0.0242  
backward:              0.6000              1.5311              1.0401              0.0258  
backward:              0.5500              1.0489              2.0890              0.0268  
backward:              0.5000              0.5175              2.6065              0.0282  
backward:              0.4500              0.1602              2.7667              0.0285  
backward:              0.4000              0.1329              2.8996              0.0290  
backward:              0.3500              0.1035              3.0031              0.0293  
backward:              0.3000              0.0658              3.0689              0.0298  
backward:              0.2500              0.0077              3.0766              0.0306  
backward:              0.2000             -0.0750              3.0016              0.0316  
backward:              0.1500             -0.1868              2.8148              0.0330  
backward:              0.1000             -0.4097              2.4051              0.0359  
backward:              0.0500             -0.8379              1.5672              0.0411  
backward:              0.0000             -1.6274             -0.0602              0.0892  
Inaccuracy estimation
======================================================================================================
                   i        i+δi          P0_overlap_P1   δε(forward)/ε   δε(backward)/ε
======================================================================================================
inaccuracy:  0.00000        0.05000           37.41           -0.04            1.68
inaccuracy:  0.05000        0.10000           47.93           -0.04            0.95
inaccuracy:  0.10000        0.15000           57.86           -0.03            0.49
inaccuracy:  0.15000        0.20000           64.73           -0.02            0.28
inaccuracy:  0.20000        0.25000           69.87           -0.02            0.18
inaccuracy:  0.25000        0.30000           72.65           -0.01            0.14
inaccuracy:  0.30000        0.35000           74.18           -0.01            0.11
inaccuracy:  0.35000        0.40000           73.91           -0.01            0.09
inaccuracy:  0.40000        0.45000           74.60           -0.02            0.09
inaccuracy:  0.45000        0.50000           74.96           -0.01            0.08
inaccuracy:  0.50000        0.55000           57.39           -0.19            0.16
inaccuracy:  0.55000        0.60000           57.57           -0.30            0.07
inaccuracy:  0.60000        0.65000           56.36           -0.38            0.01
inaccuracy:  0.65000        0.70000           57.63           -0.33           -0.04
inaccuracy:  0.70000        0.75000           58.27           -0.35           -0.08
inaccuracy:  0.75000        0.80000           59.27           -0.32           -0.07
inaccuracy:  0.80000        0.85000           59.37           -0.28           -0.07
inaccuracy:  0.85000        0.90000           56.56           -0.31           -0.06
inaccuracy:  0.90000        0.95000           56.10           -0.32           -0.07
inaccuracy:  0.95000        1.00000           55.48           -0.28           -0.04
===================================================================================================================================
                BAR        
-----------------------------------------------------------------------------------------------------------------------------------
BAR-estimator:         λ             λ+δλ          ΔΔA             ΔA            C               Δδe            δe       
                          
-----------------------------------------------------------------------------------------------------------------------------------
BAR-estimator:      0.00000        0.05000        1.5415         1.5415         1.5415         0.0091         0.0091 
BAR-estimator:      0.05000        0.10000        0.8423         2.3838         0.8423         0.0081         0.0122 
BAR-estimator:      0.10000        0.15000        0.4064         2.7902         0.4064         0.0066         0.0139 
BAR-estimator:      0.15000        0.20000        0.1893         2.9795         0.1893         0.0047         0.0146 
BAR-estimator:      0.20000        0.25000        0.0659         3.0454         0.0659         0.0042         0.0152 
BAR-estimator:      0.25000        0.30000       -0.0099         3.0355        -0.0099         0.0038         0.0157 
BAR-estimator:      0.30000        0.35000       -0.0661         2.9695        -0.0661         0.0034         0.0161 
BAR-estimator:      0.35000        0.40000       -0.1005         2.8689        -0.1005         0.0033         0.0164 
BAR-estimator:      0.40000        0.45000       -0.1300         2.7390        -0.1300         0.0026         0.0166 
BAR-estimator:      0.45000        0.50000       -0.1540         2.5850        -0.1540         0.0020         0.0167 
BAR-estimator:      0.50000        0.55000       -0.5128         2.0722        -0.5128         0.0045         0.0173 
BAR-estimator:      0.55000        0.60000       -1.0398         1.0323        -1.0398         0.0045         0.0179 
BAR-estimator:      0.60000        0.65000       -1.5268        -0.4945        -1.5268         0.0044         0.0184 
BAR-estimator:      0.65000        0.70000       -1.9160        -2.4105        -1.9160         0.0049         0.0190 
BAR-estimator:      0.70000        0.75000       -2.1643        -4.5747        -2.1643         0.0047         0.0196 
BAR-estimator:      0.75000        0.80000       -2.2583        -6.8331        -2.2583         0.0045         0.0201 
BAR-estimator:      0.80000        0.85000       -2.2819        -9.1149        -2.2819         0.0047         0.0207 
BAR-estimator:      0.85000        0.90000       -2.2549       -11.3698        -2.2549         0.0048         0.0212 
BAR-estimator:      0.90000        0.95000       -2.2162       -13.5860        -2.2162         0.0049         0.0218 
BAR-estimator:      0.95000        1.00000       -2.1666       -15.7526        -2.1666         0.0046         0.0223 
BAR-estimator: total free energy change is -15.752567250560046 , total error is 0.022266012932922154
