#========================================================================================
#                     Free energy perturbation    
#----------------------------------------------------------------------------------------
#forward/backward          λ              ΔΔA                 ΔA                  δε   
#                                                 
#----------------------------------------------------------------------------------------
forward:               0.0000              0.0000              0.0000              0.0000  
forward:               0.0500              1.2669              1.2669              0.0193  
forward:               0.1000              0.7791              2.0460              0.0245  
forward:               0.1500              0.4306              2.4766              0.0268  
forward:               0.2000              0.2550              2.7316              0.0274  
forward:               0.2500              0.1490              2.8806              0.0281  
forward:               0.3000              0.0887              2.9693              0.0286  
forward:               0.3500              0.0462              3.0155              0.0291  
forward:               0.4000              0.0189              3.0344              0.0295  
forward:               0.4500             -0.0096              3.0248              0.0298  
forward:               0.5000             -0.0358              2.9890              0.0302  
forward:               0.5500             -0.1584              2.8306              0.0309  
forward:               0.6000             -0.3986              2.4320              0.0318  
forward:               0.6500             -0.6216              1.8104              0.0330  
forward:               0.7000             -0.8053              1.0051              0.0341  
forward:               0.7500             -0.9077              0.0974              0.0351  
forward:               0.8000             -0.9422             -0.8448              0.0357  
forward:               0.8500             -0.9196             -1.7644              0.0361  
forward:               0.9000             -0.8908             -2.6552              0.0365  
forward:               0.9500             -0.8572             -3.5124              0.0367  
forward:               1.0000             -0.8260             -4.3384              0.0369  
backward:              1.0000              0.0000             -4.3384              0.0000  
backward:              0.9500              0.8179             -3.5205              0.0076  
backward:              0.9000              0.8477             -2.6728              0.0098  
backward:              0.8500              0.8870             -1.7857              0.0110  
backward:              0.8000              0.9210             -0.8647              0.0126  
backward:              0.7500              0.9438              0.0791              0.0141  
backward:              0.7000              0.8971              0.9762              0.0170  
backward:              0.6500              0.8190              1.7952              0.0203  
backward:              0.6000              0.6251              2.4202              0.0222  
backward:              0.5500              0.4083              2.8285              0.0233  
backward:              0.5000              0.1689              2.9975              0.0246  
backward:              0.4500              0.0336              3.0311              0.0252  
backward:              0.4000              0.0055              3.0366              0.0258  
backward:              0.3500             -0.0113              3.0253              0.0263  
backward:              0.3000             -0.0554              2.9699              0.0271  
backward:              0.2500             -0.0948              2.8751              0.0279  
backward:              0.2000             -0.1499              2.7252              0.0289  
backward:              0.1500             -0.2482              2.4770              0.0318  
backward:              0.1000             -0.4545              2.0225              0.0391  
backward:              0.0500             -0.7856              1.2370              0.0485  
backward:              0.0000             -1.2909             -0.0539              0.0536  
Inaccuracy estimation
======================================================================================================
                   i        i+δi          P0_overlap_P1   δε(forward)/ε   δε(backward)/ε
======================================================================================================
inaccuracy:  0.00000        0.05000           44.68           -0.03            1.02
inaccuracy:  0.05000        0.10000           50.25           -0.03            0.82
inaccuracy:  0.10000        0.15000           60.92           -0.02            0.43
inaccuracy:  0.15000        0.20000           65.43           -0.01            0.28
inaccuracy:  0.20000        0.25000           70.38           -0.01            0.18
inaccuracy:  0.25000        0.30000           72.58           -0.01            0.14
inaccuracy:  0.30000        0.35000           74.10           -0.01            0.12
inaccuracy:  0.35000        0.40000           74.57           -0.01            0.12
inaccuracy:  0.40000        0.45000           75.78           -0.01            0.10
inaccuracy:  0.45000        0.50000           76.23           -0.01            0.09
inaccuracy:  0.50000        0.55000           65.38           -0.08            0.17
inaccuracy:  0.55000        0.60000           66.74           -0.11            0.10
inaccuracy:  0.60000        0.65000           66.42           -0.12            0.07
inaccuracy:  0.65000        0.70000           66.09           -0.12            0.05
inaccuracy:  0.70000        0.75000           68.27           -0.10            0.05
inaccuracy:  0.75000        0.80000           67.55           -0.09            0.05
inaccuracy:  0.80000        0.85000           67.01           -0.07            0.06
inaccuracy:  0.85000        0.90000           66.96           -0.09            0.07
inaccuracy:  0.90000        0.95000           66.58           -0.09            0.07
inaccuracy:  0.95000        1.00000           65.84           -0.07            0.08
===================================================================================================================================
                BAR        
-----------------------------------------------------------------------------------------------------------------------------------
BAR-estimator:         λ             λ+δλ          ΔΔA             ΔA            C               Δδe            δe       
                          
-----------------------------------------------------------------------------------------------------------------------------------
BAR-estimator:      0.00000        0.05000        1.2781         1.2781         1.2781         0.0102         0.0102 
BAR-estimator:      0.05000        0.10000        0.7770         2.0551         0.7770         0.0106         0.0147 
BAR-estimator:      0.10000        0.15000        0.4354         2.4906         0.4354         0.0071         0.0164 
BAR-estimator:      0.15000        0.20000        0.2516         2.7421         0.2516         0.0050         0.0171 
BAR-estimator:      0.20000        0.25000        0.1500         2.8921         0.1500         0.0045         0.0177 
BAR-estimator:      0.25000        0.30000        0.0903         2.9824         0.0903         0.0045         0.0183 
BAR-estimator:      0.30000        0.35000        0.0483         3.0307         0.0483         0.0047         0.0189 
BAR-estimator:      0.35000        0.40000        0.0173         3.0479         0.0173         0.0041         0.0193 
BAR-estimator:      0.40000        0.45000       -0.0099         3.0381        -0.0099         0.0032         0.0196 
BAR-estimator:      0.45000        0.50000       -0.0354         3.0027        -0.0354         0.0033         0.0199 
BAR-estimator:      0.50000        0.55000       -0.1618         2.8409        -0.1618         0.0044         0.0203 
BAR-estimator:      0.55000        0.60000       -0.4033         2.4376        -0.4033         0.0042         0.0208 
BAR-estimator:      0.60000        0.65000       -0.6243         1.8133        -0.6243         0.0050         0.0214 
BAR-estimator:      0.65000        0.70000       -0.8101         1.0032        -0.8101         0.0049         0.0219 
BAR-estimator:      0.70000        0.75000       -0.9042         0.0990        -0.9042         0.0049         0.0225 
BAR-estimator:      0.75000        0.80000       -0.9416        -0.8425        -0.9416         0.0048         0.0230 
BAR-estimator:      0.80000        0.85000       -0.9185        -1.7611        -0.9185         0.0039         0.0233 
BAR-estimator:      0.85000        0.90000       -0.8885        -2.6496        -0.8885         0.0038         0.0236 
BAR-estimator:      0.90000        0.95000       -0.8544        -3.5039        -0.8544         0.0040         0.0239 
BAR-estimator:      0.95000        1.00000       -0.8238        -4.3277        -0.8238         0.0042         0.0243 
BAR-estimator: total free energy change is -4.3276908030136605 , total error is 0.024317142672854092
