#========================================================================================
#                     Free energy perturbation    
#----------------------------------------------------------------------------------------
#forward/backward          λ              ΔΔA                 ΔA                  δε   
#                                                 
#----------------------------------------------------------------------------------------
forward:               0.0000              0.0000              0.0000              0.0000  
forward:               0.0500              1.2790              1.2790              0.0147  
forward:               0.1000              0.7869              2.0659              0.0189  
forward:               0.1500              0.4534              2.5194              0.0208  
forward:               0.2000              0.2756              2.7950              0.0218  
forward:               0.2500              0.1651              2.9601              0.0229  
forward:               0.3000              0.0957              3.0558              0.0234  
forward:               0.3500              0.0524              3.1082              0.0237  
forward:               0.4000              0.0100              3.1182              0.0241  
forward:               0.4500             -0.0152              3.1029              0.0244  
forward:               0.5000             -0.0300              3.0729              0.0247  
forward:               0.5500             -0.1751              2.8978              0.0252  
forward:               0.6000             -0.4201              2.4777              0.0257  
forward:               0.6500             -0.6279              1.8498              0.0264  
forward:               0.7000             -0.8215              1.0283              0.0272  
forward:               0.7500             -0.9148              0.1135              0.0278  
forward:               0.8000             -0.9340             -0.8205              0.0283  
forward:               0.8500             -0.9327             -1.7532              0.0287  
forward:               0.9000             -0.9068             -2.6600              0.0289  
forward:               0.9500             -0.8679             -3.5279              0.0292  
forward:               1.0000             -0.8360             -4.3639              0.0294  
backward:              1.0000              0.0000             -4.3639              0.0000  
backward:              0.9500              0.8312             -3.5327              0.0079  
backward:              0.9000              0.8552             -2.6775              0.0101  
backward:              0.8500              0.8893             -1.7881              0.0116  
backward:              0.8000              0.9286             -0.8595              0.0129  
backward:              0.7500              0.9370              0.0775              0.0147  
backward:              0.7000              0.9194              0.9969              0.0160  
backward:              0.6500              0.8029              1.7998              0.0166  
backward:              0.6000              0.6199              2.4197              0.0176  
backward:              0.5500              0.4152              2.8348              0.0186  
backward:              0.5000              0.1744              3.0093              0.0194  
backward:              0.4500              0.0247              3.0339              0.0199  
backward:              0.4000              0.0051              3.0390              0.0204  
backward:              0.3500             -0.0235              3.0155              0.0212  
backward:              0.3000             -0.0420              2.9736              0.0217  
backward:              0.2500             -0.0970              2.8765              0.0230  
backward:              0.2000             -0.1581              2.7185              0.0241  
backward:              0.1500             -0.2656              2.4528              0.0258  
backward:              0.1000             -0.4590              1.9938              0.0319  
backward:              0.0500             -0.8153              1.1785              0.0777  
backward:              0.0000             -1.2899             -0.1114              0.0823  
Inaccuracy estimation
======================================================================================================
                   i        i+δi          P0_overlap_P1   δε(forward)/ε   δε(backward)/ε
======================================================================================================
inaccuracy:  0.00000        0.05000           44.13           -0.03            1.05
inaccuracy:  0.05000        0.10000           50.48           -0.02            0.86
inaccuracy:  0.10000        0.15000           58.77           -0.02            0.45
inaccuracy:  0.15000        0.20000           65.65           -0.01            0.29
inaccuracy:  0.20000        0.25000           69.58           -0.01            0.20
inaccuracy:  0.25000        0.30000           71.77           -0.01            0.15
inaccuracy:  0.30000        0.35000           72.90           -0.01            0.12
inaccuracy:  0.35000        0.40000           76.00           -0.01            0.10
inaccuracy:  0.40000        0.45000           76.20           -0.01            0.10
inaccuracy:  0.45000        0.50000           76.03           -0.01            0.09
inaccuracy:  0.50000        0.55000           66.44           -0.08            0.14
inaccuracy:  0.55000        0.60000           67.90           -0.11            0.09
inaccuracy:  0.60000        0.65000           67.40           -0.12            0.07
inaccuracy:  0.65000        0.70000           67.43           -0.11            0.05
inaccuracy:  0.70000        0.75000           67.24           -0.10            0.05
inaccuracy:  0.75000        0.80000           67.10           -0.09            0.05
inaccuracy:  0.80000        0.85000           68.09           -0.10            0.06
inaccuracy:  0.85000        0.90000           67.77           -0.07            0.06
inaccuracy:  0.90000        0.95000           66.59           -0.07            0.08
inaccuracy:  0.95000        1.00000           66.09           -0.09            0.09
===================================================================================================================================
                BAR        
-----------------------------------------------------------------------------------------------------------------------------------
BAR-estimator:         λ             λ+δλ          ΔΔA             ΔA            C               Δδe            δe       
                          
-----------------------------------------------------------------------------------------------------------------------------------
BAR-estimator:      0.00000        0.05000        1.2797         1.2797         1.2797         0.0079         0.0079 
BAR-estimator:      0.05000        0.10000        0.7776         2.0573         0.7776         0.0073         0.0107 
BAR-estimator:      0.10000        0.15000        0.4459         2.5032         0.4459         0.0058         0.0122 
BAR-estimator:      0.15000        0.20000        0.2722         2.7755         0.2722         0.0042         0.0129 
BAR-estimator:      0.20000        0.25000        0.1637         2.9392         0.1637         0.0048         0.0138 
BAR-estimator:      0.25000        0.30000        0.0936         3.0328         0.0936         0.0041         0.0144 
BAR-estimator:      0.30000        0.35000        0.0489         3.0817         0.0489         0.0034         0.0148 
BAR-estimator:      0.35000        0.40000        0.0138         3.0956         0.0138         0.0032         0.0151 
BAR-estimator:      0.40000        0.45000       -0.0116         3.0839        -0.0116         0.0026         0.0153 
BAR-estimator:      0.45000        0.50000       -0.0298         3.0542        -0.0298         0.0026         0.0155 
BAR-estimator:      0.50000        0.55000       -0.1715         2.8826        -0.1715         0.0027         0.0158 
BAR-estimator:      0.55000        0.60000       -0.4181         2.4645        -0.4181         0.0032         0.0161 
BAR-estimator:      0.60000        0.65000       -0.6252         1.8393        -0.6252         0.0037         0.0165 
BAR-estimator:      0.65000        0.70000       -0.8113         1.0280        -0.8113         0.0038         0.0170 
BAR-estimator:      0.70000        0.75000       -0.9153         0.1127        -0.9153         0.0038         0.0174 
BAR-estimator:      0.75000        0.80000       -0.9374        -0.8248        -0.9374         0.0035         0.0177 
BAR-estimator:      0.80000        0.85000       -0.9298        -1.7546        -0.9298         0.0034         0.0181 
BAR-estimator:      0.85000        0.90000       -0.9017        -2.6563        -0.9017         0.0033         0.0183 
BAR-estimator:      0.90000        0.95000       -0.8644        -3.5208        -0.8644         0.0038         0.0187 
BAR-estimator:      0.95000        1.00000       -0.8342        -4.3550        -0.8342         0.0035         0.0191 
BAR-estimator: total free energy change is -4.3550008244235485 , total error is 0.0190636776337431
