#========================================================================================
#                     Free energy perturbation    
#----------------------------------------------------------------------------------------
#forward/backward          λ              ΔΔA                 ΔA                  δε   
#                                                 
#----------------------------------------------------------------------------------------
forward:               0.0000              0.0000              0.0000              0.0000  
forward:               0.0500              1.7153              1.7153              0.0290  
forward:               0.1000              0.7531              2.4684              0.0328  
forward:               0.1500              0.3453              2.8137              0.0341  
forward:               0.2000              0.1638              2.9774              0.0348  
forward:               0.2500              0.0830              3.0604              0.0353  
forward:               0.3000              0.0085              3.0689              0.0357  
forward:               0.3500             -0.0274              3.0415              0.0360  
forward:               0.4000             -0.0693              2.9721              0.0363  
forward:               0.4500             -0.0931              2.8790              0.0364  
forward:               0.5000             -0.1198              2.7592              0.0366  
forward:               0.5500             -0.1541              2.6051              0.0368  
forward:               0.6000             -0.1990              2.4061              0.0370  
forward:               0.6500             -0.2239              2.1822              0.0371  
forward:               0.7000             -0.2568              1.9253              0.0373  
forward:               0.7500             -0.2689              1.6565              0.0374  
forward:               0.8000             -0.2855              1.3710              0.0375  
forward:               0.8500             -0.2948              1.0761              0.0376  
forward:               0.9000             -0.3107              0.7654              0.0377  
forward:               0.9500             -0.3196              0.4459              0.0378  
forward:               1.0000             -0.3386              0.1072              0.0379  
backward:              1.0000              0.0000              0.1072              0.0000  
backward:              0.9500              0.3387              0.4459              0.0034  
backward:              0.9000              0.3129              0.7588              0.0062  
backward:              0.8500              0.3135              1.0723              0.0065  
backward:              0.8000              0.2923              1.3646              0.0073  
backward:              0.7500              0.2872              1.6518              0.0079  
backward:              0.7000              0.2684              1.9202              0.0085  
backward:              0.6500              0.2521              2.1723              0.0091  
backward:              0.6000              0.2235              2.3958              0.0098  
backward:              0.5500              0.1938              2.5896              0.0105  
backward:              0.5000              0.1547              2.7444              0.0114  
backward:              0.4500              0.1203              2.8646              0.0120  
backward:              0.4000              0.0914              2.9560              0.0127  
backward:              0.3500              0.0698              3.0258              0.0135  
backward:              0.3000              0.0275              3.0533              0.0143  
backward:              0.2500             -0.0090              3.0443              0.0151  
backward:              0.2000             -0.0743              2.9699              0.0167  
backward:              0.1500             -0.1656              2.8044              0.0187  
backward:              0.1000             -0.3482              2.4562              0.0234  
backward:              0.0500             -0.6946              1.7616              0.0302  
backward:              0.0000             -1.8195             -0.0579              0.2167  
Inaccuracy estimation
======================================================================================================
                   i        i+δi          P0_overlap_P1   δε(forward)/ε   δε(backward)/ε
======================================================================================================
inaccuracy:  0.00000        0.05000           30.35           -0.04            3.21
inaccuracy:  0.05000        0.10000           49.21           -0.03            0.86
inaccuracy:  0.10000        0.15000           62.63           -0.01            0.35
inaccuracy:  0.15000        0.20000           69.97           -0.01            0.20
inaccuracy:  0.20000        0.25000           72.69           -0.01            0.14
inaccuracy:  0.25000        0.30000           75.60           -0.01            0.10
inaccuracy:  0.30000        0.35000           76.49           -0.01            0.08
inaccuracy:  0.35000        0.40000           78.44           -0.01            0.07
inaccuracy:  0.40000        0.45000           79.40           -0.01            0.06
inaccuracy:  0.45000        0.50000           79.22           -0.01            0.06
inaccuracy:  0.50000        0.55000           77.71           -0.02            0.06
inaccuracy:  0.55000        0.60000           79.36           -0.02            0.05
inaccuracy:  0.60000        0.65000           79.64           -0.02            0.05
inaccuracy:  0.65000        0.70000           80.17           -0.01            0.04
inaccuracy:  0.70000        0.75000           79.71           -0.01            0.04
inaccuracy:  0.75000        0.80000           79.65           -0.02            0.04
inaccuracy:  0.80000        0.85000           79.78           -0.02            0.04
inaccuracy:  0.85000        0.90000           78.70           -0.02            0.04
inaccuracy:  0.90000        0.95000           79.58           -0.01            0.04
inaccuracy:  0.95000        1.00000           80.13           -0.02            0.04
===================================================================================================================================
                BAR        
-----------------------------------------------------------------------------------------------------------------------------------
BAR-estimator:         λ             λ+δλ          ΔΔA             ΔA            C               Δδe            δe       
                          
-----------------------------------------------------------------------------------------------------------------------------------
BAR-estimator:      0.00000        0.05000        1.7281         1.7281         1.7281         0.0151         0.0151 
BAR-estimator:      0.05000        0.10000        0.7388         2.4669         0.7388         0.0100         0.0182 
BAR-estimator:      0.10000        0.15000        0.3442         2.8111         0.3442         0.0066         0.0193 
BAR-estimator:      0.15000        0.20000        0.1659         2.9770         0.1659         0.0046         0.0199 
BAR-estimator:      0.20000        0.25000        0.0798         3.0568         0.0798         0.0037         0.0202 
BAR-estimator:      0.25000        0.30000        0.0058         3.0626         0.0058         0.0035         0.0205 
BAR-estimator:      0.30000        0.35000       -0.0273         3.0353        -0.0273         0.0030         0.0207 
BAR-estimator:      0.35000        0.40000       -0.0688         2.9665        -0.0688         0.0030         0.0210 
BAR-estimator:      0.40000        0.45000       -0.0918         2.8748        -0.0918         0.0025         0.0211 
BAR-estimator:      0.45000        0.50000       -0.1199         2.7549        -0.1199         0.0027         0.0213 
BAR-estimator:      0.50000        0.55000       -0.1539         2.6010        -0.1539         0.0026         0.0214 
BAR-estimator:      0.55000        0.60000       -0.1984         2.4025        -0.1984         0.0027         0.0216 
BAR-estimator:      0.60000        0.65000       -0.2236         2.1789        -0.2236         0.0025         0.0218 
BAR-estimator:      0.65000        0.70000       -0.2555         1.9234        -0.2555         0.0022         0.0219 
BAR-estimator:      0.70000        0.75000       -0.2690         1.6544        -0.2690         0.0022         0.0220 
BAR-estimator:      0.75000        0.80000       -0.2853         1.3691        -0.2853         0.0021         0.0221 
BAR-estimator:      0.80000        0.85000       -0.2934         1.0756        -0.2934         0.0024         0.0222 
BAR-estimator:      0.85000        0.90000       -0.3117         0.7640        -0.3117         0.0026         0.0224 
BAR-estimator:      0.90000        0.95000       -0.3188         0.4451        -0.3188         0.0024         0.0225 
BAR-estimator:      0.95000        1.00000       -0.3374         0.1077        -0.3374         0.0022         0.0226 
BAR-estimator: total free energy change is 0.10773016355946857 , total error is 0.022603551974084184
