#========================================================================================
#                     Free energy perturbation    
#----------------------------------------------------------------------------------------
#forward/backward          λ              ΔΔA                 ΔA                  δε   
#                                                 
#----------------------------------------------------------------------------------------
forward:               0.0000              0.0000              0.0000              0.0000  
forward:               0.0500              1.7035              1.7035              0.0282  
forward:               0.1000              0.7996              2.5031              0.0310  
forward:               0.1500              0.3593              2.8623              0.0323  
forward:               0.2000              0.1817              3.0440              0.0330  
forward:               0.2500              0.0908              3.1348              0.0333  
forward:               0.3000              0.0248              3.1596              0.0336  
forward:               0.3500             -0.0262              3.1335              0.0339  
forward:               0.4000             -0.0570              3.0765              0.0341  
forward:               0.4500             -0.0846              2.9919              0.0343  
forward:               0.5000             -0.1094              2.8825              0.0344  
forward:               0.5500             -0.1479              2.7346              0.0346  
forward:               0.6000             -0.1932              2.5415              0.0347  
forward:               0.6500             -0.2224              2.3191              0.0349  
forward:               0.7000             -0.2436              2.0755              0.0350  
forward:               0.7500             -0.2694              1.8061              0.0351  
forward:               0.8000             -0.2800              1.5261              0.0352  
forward:               0.8500             -0.2903              1.2358              0.0353  
forward:               0.9000             -0.3082              0.9276              0.0354  
forward:               0.9500             -0.3180              0.6096              0.0356  
forward:               1.0000             -0.3305              0.2791              0.0357  
backward:              1.0000              0.0000              0.2791              0.0000  
backward:              0.9500              0.3265              0.6056              0.0033  
backward:              0.9000              0.3191              0.9247              0.0045  
backward:              0.8500              0.3083              1.2329              0.0058  
backward:              0.8000              0.2956              1.5286              0.0068  
backward:              0.7500              0.2805              1.8090              0.0074  
backward:              0.7000              0.2604              2.0695              0.0081  
backward:              0.6500              0.2500              2.3194              0.0088  
backward:              0.6000              0.2240              2.5435              0.0094  
backward:              0.5500              0.1914              2.7348              0.0101  
backward:              0.5000              0.1460              2.8809              0.0109  
backward:              0.4500              0.1081              2.9890              0.0119  
backward:              0.4000              0.0820              3.0710              0.0128  
backward:              0.3500              0.0587              3.1297              0.0134  
backward:              0.3000              0.0159              3.1456              0.0148  
backward:              0.2500             -0.0214              3.1242              0.0160  
backward:              0.2000             -0.0843              3.0400              0.0170  
backward:              0.1500             -0.1964              2.8436              0.0188  
backward:              0.1000             -0.3929              2.4507              0.0234  
backward:              0.0500             -0.7536              1.6971              0.0319  
backward:              0.0000             -1.5375              0.1596              0.0441  
Inaccuracy estimation
======================================================================================================
                   i        i+δi          P0_overlap_P1   δε(forward)/ε   δε(backward)/ε
======================================================================================================
inaccuracy:  0.00000        0.05000           30.58           -0.03            3.10
inaccuracy:  0.05000        0.10000           48.29           -0.03            0.89
inaccuracy:  0.10000        0.15000           63.98           -0.01            0.34
inaccuracy:  0.15000        0.20000           70.85           -0.01            0.19
inaccuracy:  0.20000        0.25000           72.62           -0.01            0.13
inaccuracy:  0.25000        0.30000           74.83           -0.01            0.11
inaccuracy:  0.30000        0.35000           77.62           -0.01            0.08
inaccuracy:  0.35000        0.40000           78.20           -0.01            0.08
inaccuracy:  0.40000        0.45000           78.50           -0.01            0.06
inaccuracy:  0.45000        0.50000           79.70           -0.01            0.06
inaccuracy:  0.50000        0.55000           77.69           -0.02            0.06
inaccuracy:  0.55000        0.60000           79.04           -0.02            0.05
inaccuracy:  0.60000        0.65000           79.30           -0.02            0.05
inaccuracy:  0.65000        0.70000           78.74           -0.02            0.05
inaccuracy:  0.70000        0.75000           80.52           -0.01            0.04
inaccuracy:  0.75000        0.80000           79.53           -0.02            0.04
inaccuracy:  0.80000        0.85000           78.60           -0.02            0.04
inaccuracy:  0.85000        0.90000           79.17           -0.02            0.04
inaccuracy:  0.90000        0.95000           78.97           -0.02            0.04
inaccuracy:  0.95000        1.00000           79.63           -0.02            0.04
===================================================================================================================================
                BAR        
-----------------------------------------------------------------------------------------------------------------------------------
BAR-estimator:         λ             λ+δλ          ΔΔA             ΔA            C               Δδe            δe       
                          
-----------------------------------------------------------------------------------------------------------------------------------
BAR-estimator:      0.00000        0.05000        1.7155         1.7155         1.7155         0.0131         0.0131 
BAR-estimator:      0.05000        0.10000        0.7787         2.4942         0.7787         0.0081         0.0154 
BAR-estimator:      0.10000        0.15000        0.3687         2.8629         0.3687         0.0060         0.0165 
BAR-estimator:      0.15000        0.20000        0.1863         3.0492         0.1863         0.0044         0.0171 
BAR-estimator:      0.20000        0.25000        0.0877         3.1369         0.0877         0.0029         0.0173 
BAR-estimator:      0.25000        0.30000        0.0220         3.1589         0.0220         0.0032         0.0176 
BAR-estimator:      0.30000        0.35000       -0.0236         3.1354        -0.0236         0.0029         0.0179 
BAR-estimator:      0.35000        0.40000       -0.0561         3.0793        -0.0561         0.0026         0.0180 
BAR-estimator:      0.40000        0.45000       -0.0847         2.9946        -0.0847         0.0026         0.0182 
BAR-estimator:      0.45000        0.50000       -0.1086         2.8860        -0.1086         0.0023         0.0184 
BAR-estimator:      0.50000        0.55000       -0.1476         2.7383        -0.1476         0.0027         0.0186 
BAR-estimator:      0.55000        0.60000       -0.1931         2.5452        -0.1931         0.0023         0.0187 
BAR-estimator:      0.60000        0.65000       -0.2227         2.3224        -0.2227         0.0022         0.0188 
BAR-estimator:      0.65000        0.70000       -0.2460         2.0764        -0.2460         0.0024         0.0190 
BAR-estimator:      0.70000        0.75000       -0.2658         1.8105        -0.2658         0.0022         0.0191 
BAR-estimator:      0.75000        0.80000       -0.2795         1.5310        -0.2795         0.0023         0.0193 
BAR-estimator:      0.80000        0.85000       -0.2943         1.2368        -0.2943         0.0024         0.0194 
BAR-estimator:      0.85000        0.90000       -0.3095         0.9272        -0.3095         0.0024         0.0196 
BAR-estimator:      0.90000        0.95000       -0.3183         0.6089        -0.3183         0.0025         0.0197 
BAR-estimator:      0.95000        1.00000       -0.3296         0.2794        -0.3296         0.0022         0.0198 
BAR-estimator: total free energy change is 0.27935843134658245 , total error is 0.019841959520423898
