#========================================================================================
#                     Free energy perturbation    
#----------------------------------------------------------------------------------------
#forward/backward          λ              ΔΔA                 ΔA                  δε   
#                                                 
#----------------------------------------------------------------------------------------
forward:               0.0000              0.0000              0.0000              0.0000  
forward:               0.0500              1.6614              1.6614              0.0279  
forward:               0.1000              0.9220              2.5834              0.0331  
forward:               0.1500              0.5002              3.0836              0.0364  
forward:               0.2000              0.2261              3.3097              0.0376  
forward:               0.2500              0.0860              3.3957              0.0382  
forward:               0.3000             -0.0104              3.3854              0.0387  
forward:               0.3500             -0.0639              3.3215              0.0389  
forward:               0.4000             -0.0940              3.2275              0.0392  
forward:               0.4500             -0.1339              3.0936              0.0395  
forward:               0.5000             -0.1593              2.9343              0.0399  
forward:               0.5500             -0.5689              2.3654              0.0407  
forward:               0.6000             -1.1423              1.2231              0.0415  
forward:               0.6500             -1.6576             -0.4345              0.0425  
forward:               0.7000             -2.0679             -2.5024              0.0438  
forward:               0.7500             -2.3294             -4.8318              0.0444  
forward:               0.8000             -2.4417             -7.2735              0.0451  
forward:               0.8500             -2.4640             -9.7376              0.0455  
forward:               0.9000             -2.4314            -12.1689              0.0461  
forward:               0.9500             -2.3936            -14.5625              0.0464  
forward:               1.0000             -2.3589            -16.9214              0.0467  
backward:              1.0000              0.0000            -16.9214              0.0000  
backward:              0.9500              2.3657            -14.5557              0.0093  
backward:              0.9000              2.3793            -12.1763              0.0184  
backward:              0.8500              2.4277             -9.7486              0.0215  
backward:              0.8000              2.4606             -7.2880              0.0236  
backward:              0.7500              2.4201             -4.8679              0.0255  
backward:              0.7000              2.3392             -2.5287              0.0279  
backward:              0.6500              2.0742             -0.4545              0.0302  
backward:              0.6000              1.6540              1.1995              0.0316  
backward:              0.5500              1.1509              2.3503              0.0330  
backward:              0.5000              0.4554              2.8057              0.0850  
backward:              0.4500              0.1589              2.9646              0.0852  
backward:              0.4000              0.1374              3.1019              0.0853  
backward:              0.3500              0.1038              3.2058              0.0855  
backward:              0.3000              0.0655              3.2712              0.0858  
backward:              0.2500             -0.0067              3.2645              0.0861  
backward:              0.2000             -0.0752              3.1893              0.0866  
backward:              0.1500             -0.2205              2.9688              0.0872  
backward:              0.1000             -0.4841              2.4847              0.0890  
backward:              0.0500             -0.9876              1.4972              0.0948  
backward:              0.0000             -1.7012             -0.2040              0.1054  
Inaccuracy estimation
======================================================================================================
                   i        i+δi          P0_overlap_P1   δε(forward)/ε   δε(backward)/ε
======================================================================================================
inaccuracy:  0.00000        0.05000           36.61           -0.03            1.54
inaccuracy:  0.05000        0.10000           46.22           -0.04            1.09
inaccuracy:  0.10000        0.15000           53.99           -0.03            0.59
inaccuracy:  0.15000        0.20000           62.27           -0.02            0.34
inaccuracy:  0.20000        0.25000           66.55           -0.02            0.21
inaccuracy:  0.25000        0.30000           72.12           -0.02            0.17
inaccuracy:  0.30000        0.35000           71.75           -0.01            0.14
inaccuracy:  0.35000        0.40000           72.17           -0.02            0.12
inaccuracy:  0.40000        0.45000           73.48           -0.02            0.10
inaccuracy:  0.45000        0.50000           74.38           -0.02            0.09
inaccuracy:  0.50000        0.55000           55.86           -0.24            0.22
inaccuracy:  0.55000        0.60000           55.38           -0.33            0.08
inaccuracy:  0.60000        0.65000           55.91           -0.40            0.00
inaccuracy:  0.65000        0.70000           55.93           -0.44           -0.06
inaccuracy:  0.70000        0.75000           56.59           -0.40           -0.11
inaccuracy:  0.75000        0.80000           58.90           -0.37           -0.11
inaccuracy:  0.80000        0.85000           56.72           -0.34           -0.11
inaccuracy:  0.85000        0.90000           55.56           -0.35           -0.10
inaccuracy:  0.90000        0.95000           54.67           -0.32           -0.08
inaccuracy:  0.95000        1.00000           54.42           -0.34           -0.07
===================================================================================================================================
                BAR        
-----------------------------------------------------------------------------------------------------------------------------------
BAR-estimator:         λ             λ+δλ          ΔΔA             ΔA            C               Δδe            δe       
                          
-----------------------------------------------------------------------------------------------------------------------------------
BAR-estimator:      0.00000        0.05000        1.6548         1.6548         1.6548         0.0137         0.0137 
BAR-estimator:      0.05000        0.10000        0.9539         2.6086         0.9539         0.0103         0.0171 
BAR-estimator:      0.10000        0.15000        0.4937         3.1023         0.4937         0.0071         0.0186 
BAR-estimator:      0.15000        0.20000        0.2283         3.3306         0.2283         0.0060         0.0195 
BAR-estimator:      0.20000        0.25000        0.0842         3.4148         0.0842         0.0050         0.0201 
BAR-estimator:      0.25000        0.30000        0.0018         3.4166         0.0018         0.0045         0.0206 
BAR-estimator:      0.30000        0.35000       -0.0623         3.3544        -0.0623         0.0040         0.0210 
BAR-estimator:      0.35000        0.40000       -0.0985         3.2559        -0.0985         0.0034         0.0213 
BAR-estimator:      0.40000        0.45000       -0.1350         3.1209        -0.1350         0.0032         0.0215 
BAR-estimator:      0.45000        0.50000       -0.1579         2.9630        -0.1579         0.0029         0.0217 
BAR-estimator:      0.50000        0.55000       -0.5597         2.4033        -0.5597         0.0048         0.0223 
BAR-estimator:      0.55000        0.60000       -1.1462         1.2571        -1.1462         0.0047         0.0227 
BAR-estimator:      0.60000        0.65000       -1.6585        -0.4014        -1.6585         0.0055         0.0234 
BAR-estimator:      0.65000        0.70000       -2.0718        -2.4732        -2.0718         0.0066         0.0243 
BAR-estimator:      0.70000        0.75000       -2.3369        -4.8101        -2.3369         0.0052         0.0249 
BAR-estimator:      0.75000        0.80000       -2.4343        -7.2444        -2.4343         0.0051         0.0254 
BAR-estimator:      0.80000        0.85000       -2.4594        -9.7038        -2.4594         0.0049         0.0258 
BAR-estimator:      0.85000        0.90000       -2.4351       -12.1389        -2.4351         0.0050         0.0263 
BAR-estimator:      0.90000        0.95000       -2.3942       -14.5331        -2.3942         0.0059         0.0270 
BAR-estimator:      0.95000        1.00000       -2.3581       -16.8911        -2.3581         0.0052         0.0275 
BAR-estimator: total free energy change is -16.891136645073445 , total error is 0.027477925645732024
