#========================================================================================
#                     Free energy perturbation    
#----------------------------------------------------------------------------------------
#forward/backward          λ              ΔΔA                 ΔA                  δε   
#                                                 
#----------------------------------------------------------------------------------------
forward:               0.0000              0.0000              0.0000              0.0000  
forward:               0.0500              1.6353              1.6353              0.0219  
forward:               0.1000              0.9720              2.6072              0.0274  
forward:               0.1500              0.4718              3.0790              0.0299  
forward:               0.2000              0.2315              3.3105              0.0309  
forward:               0.2500              0.0798              3.3903              0.0317  
forward:               0.3000             -0.0028              3.3875              0.0320  
forward:               0.3500             -0.0568              3.3307              0.0325  
forward:               0.4000             -0.1029              3.2278              0.0328  
forward:               0.4500             -0.1405              3.0873              0.0331  
forward:               0.5000             -0.1652              2.9221              0.0333  
forward:               0.5500             -0.5548              2.3674              0.0343  
forward:               0.6000             -1.1405              1.2269              0.0352  
forward:               0.6500             -1.6497             -0.4228              0.0363  
forward:               0.7000             -2.0419             -2.4647              0.0374  
forward:               0.7500             -2.3294             -4.7941              0.0383  
forward:               0.8000             -2.4428             -7.2369              0.0389  
forward:               0.8500             -2.4707             -9.7075              0.0395  
forward:               0.9000             -2.4524            -12.1599              0.0400  
forward:               0.9500             -2.4282            -14.5881              0.0406  
forward:               1.0000             -2.3988            -16.9869              0.0411  
backward:              1.0000              0.0000            -16.9869              0.0000  
backward:              0.9500              2.3943            -14.5926              0.0098  
backward:              0.9000              2.4182            -12.1744              0.0148  
backward:              0.8500              2.4315             -9.7429              0.0386  
backward:              0.8000              2.4546             -7.2883              0.0400  
backward:              0.7500              2.4445             -4.8438              0.0410  
backward:              0.7000              2.3289             -2.5149              0.0420  
backward:              0.6500              2.0573             -0.4576              0.0429  
backward:              0.6000              1.6401              1.1825              0.0438  
backward:              0.5500              1.1101              2.2926              0.0448  
backward:              0.5000              0.5396              2.8322              0.0469  
backward:              0.4500              0.1624              2.9946              0.0471  
backward:              0.4000              0.1285              3.1230              0.0474  
backward:              0.3500              0.0949              3.2179              0.0477  
backward:              0.3000              0.0478              3.2658              0.0483  
backward:              0.2500             -0.0020              3.2638              0.0488  
backward:              0.2000             -0.0810              3.1828              0.0489  
backward:              0.1500             -0.2044              2.9784              0.0502  
backward:              0.1000             -0.4473              2.5311              0.0522  
backward:              0.0500             -0.9651              1.5660              0.0566  
backward:              0.0000             -1.6678             -0.1018              0.0624  
Inaccuracy estimation
======================================================================================================
                   i        i+δi          P0_overlap_P1   δε(forward)/ε   δε(backward)/ε
======================================================================================================
inaccuracy:  0.00000        0.05000           37.61           -0.03            1.49
inaccuracy:  0.05000        0.10000           44.36           -0.05            1.15
inaccuracy:  0.10000        0.15000           54.38           -0.03            0.63
inaccuracy:  0.15000        0.20000           61.40           -0.03            0.36
inaccuracy:  0.20000        0.25000           66.97           -0.02            0.22
inaccuracy:  0.25000        0.30000           70.15           -0.01            0.16
inaccuracy:  0.30000        0.35000           71.17           -0.01            0.13
inaccuracy:  0.35000        0.40000           73.42           -0.01            0.11
inaccuracy:  0.40000        0.45000           74.85           -0.01            0.10
inaccuracy:  0.45000        0.50000           74.94           -0.01            0.10
inaccuracy:  0.50000        0.55000           55.40           -0.22            0.19
inaccuracy:  0.55000        0.60000           56.84           -0.29            0.07
inaccuracy:  0.60000        0.65000           56.54           -0.39           -0.00
inaccuracy:  0.65000        0.70000           55.27           -0.40           -0.06
inaccuracy:  0.70000        0.75000           57.34           -0.38           -0.11
inaccuracy:  0.75000        0.80000           57.63           -0.34           -0.12
inaccuracy:  0.80000        0.85000           56.83           -0.34           -0.11
inaccuracy:  0.85000        0.90000           55.49           -0.35           -0.11
inaccuracy:  0.90000        0.95000           54.66           -0.34           -0.09
inaccuracy:  0.95000        1.00000           53.57           -0.37           -0.08
===================================================================================================================================
                BAR        
-----------------------------------------------------------------------------------------------------------------------------------
BAR-estimator:         λ             λ+δλ          ΔΔA             ΔA            C               Δδe            δe       
                          
-----------------------------------------------------------------------------------------------------------------------------------
BAR-estimator:      0.00000        0.05000        1.6405         1.6405         1.6405         0.0097         0.0097 
BAR-estimator:      0.05000        0.10000        0.9761         2.6167         0.9761         0.0092         0.0133 
BAR-estimator:      0.10000        0.15000        0.4730         3.0897         0.4730         0.0077         0.0154 
BAR-estimator:      0.15000        0.20000        0.2232         3.3129         0.2232         0.0054         0.0163 
BAR-estimator:      0.20000        0.25000        0.0798         3.3927         0.0798         0.0048         0.0170 
BAR-estimator:      0.25000        0.30000       -0.0037         3.3890        -0.0037         0.0032         0.0173 
BAR-estimator:      0.30000        0.35000       -0.0567         3.3323        -0.0567         0.0036         0.0177 
BAR-estimator:      0.35000        0.40000       -0.0996         3.2327        -0.0996         0.0034         0.0180 
BAR-estimator:      0.40000        0.45000       -0.1354         3.0973        -0.1354         0.0031         0.0183 
BAR-estimator:      0.45000        0.50000       -0.1615         2.9357        -0.1615         0.0027         0.0185 
BAR-estimator:      0.50000        0.55000       -0.5553         2.3805        -0.5553         0.0045         0.0190 
BAR-estimator:      0.55000        0.60000       -1.1296         1.2509        -1.1296         0.0052         0.0197 
BAR-estimator:      0.60000        0.65000       -1.6471        -0.3962        -1.6471         0.0048         0.0203 
BAR-estimator:      0.65000        0.70000       -2.0522        -2.4484        -2.0522         0.0052         0.0210 
BAR-estimator:      0.70000        0.75000       -2.3241        -4.7725        -2.3241         0.0047         0.0215 
BAR-estimator:      0.75000        0.80000       -2.4401        -7.2126        -2.4401         0.0048         0.0220 
BAR-estimator:      0.80000        0.85000       -2.4645        -9.6770        -2.4645         0.0048         0.0225 
BAR-estimator:      0.85000        0.90000       -2.4490       -12.1261        -2.4490         0.0051         0.0231 
BAR-estimator:      0.90000        0.95000       -2.4239       -14.5499        -2.4239         0.0054         0.0237 
BAR-estimator:      0.95000        1.00000       -2.3929       -16.9428        -2.3929         0.0055         0.0243 
BAR-estimator: total free energy change is -16.942831682249928 , total error is 0.0243410998056733
