#========================================================================================
#                     Free energy perturbation    
#----------------------------------------------------------------------------------------
#forward/backward          λ              ΔΔA                 ΔA                  δε   
#                                                 
#----------------------------------------------------------------------------------------
forward:               0.0000              0.0000              0.0000              0.0000  
forward:               0.0500              1.1603              1.1603              0.0180  
forward:               0.1000              0.5330              1.6933              0.0222  
forward:               0.1500              0.2935              1.9867              0.0234  
forward:               0.2000              0.1801              2.1668              0.0252  
forward:               0.2500              0.1167              2.2836              0.0259  
forward:               0.3000              0.0652              2.3488              0.0264  
forward:               0.3500              0.0381              2.3868              0.0269  
forward:               0.4000              0.0141              2.4009              0.0272  
forward:               0.4500             -0.0094              2.3915              0.0275  
forward:               0.5000             -0.0231              2.3684              0.0280  
forward:               0.5500             -0.0672              2.3012              0.0284  
forward:               0.6000             -0.1520              2.1492              0.0286  
forward:               0.6500             -0.1998              1.9494              0.0289  
forward:               0.7000             -0.2500              1.6995              0.0291  
forward:               0.7500             -0.2975              1.4020              0.0293  
forward:               0.8000             -0.3279              1.0740              0.0294  
forward:               0.8500             -0.3595              0.7145              0.0296  
forward:               0.9000             -0.3865              0.3280              0.0298  
forward:               0.9500             -0.4033             -0.0753              0.0301  
forward:               1.0000             -0.4312             -0.5065              0.0302  
backward:              1.0000              0.0000             -0.5065              0.0000  
backward:              0.9500              0.4437             -0.0628              0.0032  
backward:              0.9000              0.4072              0.3444              0.0049  
backward:              0.8500              0.3939              0.7382              0.0061  
backward:              0.8000              0.3582              1.0964              0.0071  
backward:              0.7500              0.3323              1.4287              0.0081  
backward:              0.7000              0.2948              1.7235              0.0090  
backward:              0.6500              0.2503              1.9738              0.0101  
backward:              0.6000              0.2063              2.1801              0.0111  
backward:              0.5500              0.1412              2.3212              0.0120  
backward:              0.5000              0.0733              2.3945              0.0129  
backward:              0.4500              0.0300              2.4246              0.0134  
backward:              0.4000              0.0098              2.4344              0.0140  
backward:              0.3500             -0.0122              2.4222              0.0149  
backward:              0.3000             -0.0336              2.3886              0.0157  
backward:              0.2500             -0.0585              2.3302              0.0166  
backward:              0.2000             -0.1240              2.2062              0.0178  
backward:              0.1500             -0.1722              2.0340              0.0193  
backward:              0.1000             -0.3032              1.7308              0.0231  
backward:              0.0500             -0.5553              1.1755              0.0331  
backward:              0.0000             -1.1998             -0.0243              0.1120  
Inaccuracy estimation
======================================================================================================
                   i        i+δi          P0_overlap_P1   δε(forward)/ε   δε(backward)/ε
======================================================================================================
inaccuracy:  0.00000        0.05000           40.37           -0.03            2.26
inaccuracy:  0.05000        0.10000           58.78           -0.01            0.54
inaccuracy:  0.10000        0.15000           67.05           -0.01            0.25
inaccuracy:  0.15000        0.20000           70.68           -0.01            0.17
inaccuracy:  0.20000        0.25000           75.27           -0.00            0.13
inaccuracy:  0.25000        0.30000           75.52           -0.01            0.11
inaccuracy:  0.30000        0.35000           77.31           -0.01            0.10
inaccuracy:  0.35000        0.40000           77.99           -0.01            0.08
inaccuracy:  0.40000        0.45000           78.25           -0.01            0.08
inaccuracy:  0.45000        0.50000           78.37           -0.01            0.07
inaccuracy:  0.50000        0.55000           75.05           -0.02            0.08
inaccuracy:  0.55000        0.60000           77.56           -0.02            0.07
inaccuracy:  0.60000        0.65000           76.04           -0.02            0.06
inaccuracy:  0.65000        0.70000           77.17           -0.03            0.06
inaccuracy:  0.70000        0.75000           77.65           -0.03            0.05
inaccuracy:  0.75000        0.80000           77.31           -0.03            0.05
inaccuracy:  0.80000        0.85000           77.49           -0.02            0.05
inaccuracy:  0.85000        0.90000           76.67           -0.03            0.05
inaccuracy:  0.90000        0.95000           77.29           -0.03            0.05
inaccuracy:  0.95000        1.00000           76.07           -0.03            0.05
===================================================================================================================================
                BAR        
-----------------------------------------------------------------------------------------------------------------------------------
BAR-estimator:         λ             λ+δλ          ΔΔA             ΔA            C               Δδe            δe       
                          
-----------------------------------------------------------------------------------------------------------------------------------
BAR-estimator:      0.00000        0.05000        1.1595         1.1595         1.1595         0.0113         0.0113 
BAR-estimator:      0.05000        0.10000        0.5339         1.6934         0.5339         0.0080         0.0138 
BAR-estimator:      0.10000        0.15000        0.2911         1.9845         0.2911         0.0048         0.0146 
BAR-estimator:      0.15000        0.20000        0.1790         2.1636         0.1790         0.0058         0.0158 
BAR-estimator:      0.20000        0.25000        0.1197         2.2832         0.1197         0.0040         0.0163 
BAR-estimator:      0.25000        0.30000        0.0638         2.3471         0.0638         0.0035         0.0166 
BAR-estimator:      0.30000        0.35000        0.0369         2.3840         0.0369         0.0022         0.0168 
BAR-estimator:      0.35000        0.40000        0.0138         2.3978         0.0138         0.0030         0.0170 
BAR-estimator:      0.40000        0.45000       -0.0094         2.3884        -0.0094         0.0028         0.0173 
BAR-estimator:      0.45000        0.50000       -0.0252         2.3631        -0.0252         0.0036         0.0176 
BAR-estimator:      0.50000        0.55000       -0.0707         2.2924        -0.0707         0.0032         0.0179 
BAR-estimator:      0.55000        0.60000       -0.1481         2.1444        -0.1481         0.0027         0.0181 
BAR-estimator:      0.60000        0.65000       -0.2032         1.9412        -0.2032         0.0027         0.0183 
BAR-estimator:      0.65000        0.70000       -0.2509         1.6903        -0.2509         0.0027         0.0185 
BAR-estimator:      0.70000        0.75000       -0.2954         1.3949        -0.2954         0.0026         0.0187 
BAR-estimator:      0.75000        0.80000       -0.3303         1.0647        -0.3303         0.0023         0.0188 
BAR-estimator:      0.80000        0.85000       -0.3587         0.7060        -0.3587         0.0027         0.0190 
BAR-estimator:      0.85000        0.90000       -0.3895         0.3165        -0.3895         0.0028         0.0192 
BAR-estimator:      0.90000        0.95000       -0.4048        -0.0884        -0.4048         0.0031         0.0195 
BAR-estimator:      0.95000        1.00000       -0.4354        -0.5238        -0.4354         0.0023         0.0196 
BAR-estimator: total free energy change is -0.5237536152249935 , total error is 0.01962826693938603
