#========================================================================================
#                     Free energy perturbation    
#----------------------------------------------------------------------------------------
#forward/backward          λ              ΔΔA                 ΔA                  δε   
#                                                 
#----------------------------------------------------------------------------------------
forward:               0.0000              0.0000              0.0000              0.0000  
forward:               0.0500              1.1755              1.1755              0.0169  
forward:               0.1000              0.5504              1.7259              0.0197  
forward:               0.1500              0.3242              2.0501              0.0210  
forward:               0.2000              0.1983              2.2483              0.0217  
forward:               0.2500              0.1281              2.3765              0.0223  
forward:               0.3000              0.0732              2.4497              0.0227  
forward:               0.3500              0.0298              2.4795              0.0231  
forward:               0.4000              0.0116              2.4911              0.0234  
forward:               0.4500             -0.0115              2.4797              0.0237  
forward:               0.5000             -0.0234              2.4563              0.0239  
forward:               0.5500             -0.0686              2.3877              0.0242  
forward:               0.6000             -0.1392              2.2484              0.0245  
forward:               0.6500             -0.1972              2.0512              0.0246  
forward:               0.7000             -0.2627              1.7885              0.0249  
forward:               0.7500             -0.2981              1.4905              0.0250  
forward:               0.8000             -0.3355              1.1550              0.0252  
forward:               0.8500             -0.3667              0.7883              0.0254  
forward:               0.9000             -0.3951              0.3932              0.0256  
forward:               0.9500             -0.4216             -0.0284              0.0257  
forward:               1.0000             -0.4416             -0.4699              0.0259  
backward:              1.0000              0.0000             -0.4699              0.0000  
backward:              0.9500              0.4339             -0.0360              0.0038  
backward:              0.9000              0.4149              0.3789              0.0052  
backward:              0.8500              0.3958              0.7747              0.0063  
backward:              0.8000              0.3638              1.1386              0.0073  
backward:              0.7500              0.3308              1.4693              0.0083  
backward:              0.7000              0.3054              1.7748              0.0091  
backward:              0.6500              0.2530              2.0277              0.0099  
backward:              0.6000              0.2039              2.2317              0.0105  
backward:              0.5500              0.1435              2.3751              0.0112  
backward:              0.5000              0.0657              2.4408              0.0115  
backward:              0.4500              0.0165              2.4572              0.0122  
backward:              0.4000              0.0031              2.4604              0.0130  
backward:              0.3500             -0.0147              2.4457              0.0137  
backward:              0.3000             -0.0427              2.4030              0.0146  
backward:              0.2500             -0.0731              2.3299              0.0153  
backward:              0.2000             -0.1237              2.2062              0.0163  
backward:              0.1500             -0.1869              2.0193              0.0178  
backward:              0.1000             -0.3312              1.6881              0.0206  
backward:              0.0500             -0.5840              1.1041              0.0220  
backward:              0.0000             -1.0925              0.0115              0.0423  
Inaccuracy estimation
======================================================================================================
                   i        i+δi          P0_overlap_P1   δε(forward)/ε   δε(backward)/ε
======================================================================================================
inaccuracy:  0.00000        0.05000           39.34           -0.03            2.29
inaccuracy:  0.05000        0.10000           59.38           -0.01            0.53
inaccuracy:  0.10000        0.15000           66.82           -0.01            0.28
inaccuracy:  0.15000        0.20000           71.07           -0.01            0.20
inaccuracy:  0.20000        0.25000           74.04           -0.01            0.13
inaccuracy:  0.25000        0.30000           76.48           -0.01            0.11
inaccuracy:  0.30000        0.35000           78.27           -0.01            0.09
inaccuracy:  0.35000        0.40000           78.13           -0.01            0.08
inaccuracy:  0.40000        0.45000           79.49           -0.01            0.07
inaccuracy:  0.45000        0.50000           79.86           -0.01            0.07
inaccuracy:  0.50000        0.55000           75.58           -0.03            0.08
inaccuracy:  0.55000        0.60000           76.44           -0.03            0.07
inaccuracy:  0.60000        0.65000           75.91           -0.03            0.06
inaccuracy:  0.65000        0.70000           78.37           -0.02            0.05
inaccuracy:  0.70000        0.75000           76.72           -0.03            0.06
inaccuracy:  0.75000        0.80000           77.84           -0.02            0.05
inaccuracy:  0.80000        0.85000           77.40           -0.03            0.05
inaccuracy:  0.85000        0.90000           76.89           -0.03            0.05
inaccuracy:  0.90000        0.95000           77.87           -0.02            0.05
inaccuracy:  0.95000        1.00000           77.60           -0.03            0.04
===================================================================================================================================
                BAR        
-----------------------------------------------------------------------------------------------------------------------------------
BAR-estimator:         λ             λ+δλ          ΔΔA             ΔA            C               Δδe            δe       
                          
-----------------------------------------------------------------------------------------------------------------------------------
BAR-estimator:      0.00000        0.05000        1.1725         1.1725         1.1725         0.0117         0.0117 
BAR-estimator:      0.05000        0.10000        0.5588         1.7313         0.5588         0.0065         0.0134 
BAR-estimator:      0.10000        0.15000        0.3235         2.0548         0.3235         0.0050         0.0143 
BAR-estimator:      0.15000        0.20000        0.1964         2.2512         0.1964         0.0037         0.0148 
BAR-estimator:      0.20000        0.25000        0.1284         2.3796         0.1284         0.0034         0.0152 
BAR-estimator:      0.25000        0.30000        0.0731         2.4527         0.0731         0.0030         0.0154 
BAR-estimator:      0.30000        0.35000        0.0333         2.4859         0.0333         0.0028         0.0157 
BAR-estimator:      0.35000        0.40000        0.0131         2.4990         0.0131         0.0026         0.0159 
BAR-estimator:      0.40000        0.45000       -0.0098         2.4892        -0.0098         0.0025         0.0161 
BAR-estimator:      0.45000        0.50000       -0.0211         2.4681        -0.0211         0.0023         0.0163 
BAR-estimator:      0.50000        0.55000       -0.0680         2.4001        -0.0680         0.0028         0.0165 
BAR-estimator:      0.55000        0.60000       -0.1410         2.2591        -0.1410         0.0026         0.0167 
BAR-estimator:      0.60000        0.65000       -0.2005         2.0586        -0.2005         0.0026         0.0169 
BAR-estimator:      0.65000        0.70000       -0.2590         1.7995        -0.2590         0.0026         0.0171 
BAR-estimator:      0.70000        0.75000       -0.3005         1.4990        -0.3005         0.0023         0.0173 
BAR-estimator:      0.75000        0.80000       -0.3333         1.1658        -0.3333         0.0023         0.0174 
BAR-estimator:      0.80000        0.85000       -0.3657         0.8001        -0.3657         0.0024         0.0176 
BAR-estimator:      0.85000        0.90000       -0.3950         0.4051        -0.3950         0.0026         0.0178 
BAR-estimator:      0.90000        0.95000       -0.4178        -0.0127        -0.4178         0.0024         0.0180 
BAR-estimator:      0.95000        1.00000       -0.4385        -0.4512        -0.4385         0.0023         0.0181 
BAR-estimator: total free energy change is -0.4512344693632637 , total error is 0.01810511420493469
