#========================================================================================
#                     Free energy perturbation    
#----------------------------------------------------------------------------------------
#forward/backward          λ              ΔΔA                 ΔA                  δε   
#                                                 
#----------------------------------------------------------------------------------------
forward:               0.0000              0.0000              0.0000              0.0000  
forward:               0.0500              1.6491              1.6491              0.0197  
forward:               0.1000              0.8527              2.5017              0.0239  
forward:               0.1500              0.4356              2.9373              0.0253  
forward:               0.2000              0.2107              3.1480              0.0260  
forward:               0.2500              0.1091              3.2571              0.0263  
forward:               0.3000              0.0349              3.2920              0.0266  
forward:               0.3500             -0.0088              3.2832              0.0268  
forward:               0.4000             -0.0493              3.2339              0.0271  
forward:               0.4500             -0.0717              3.1623              0.0273  
forward:               0.5000             -0.0975              3.0648              0.0274  
forward:               0.5500             -0.1330              2.9318              0.0276  
forward:               0.6000             -0.1552              2.7766              0.0277  
forward:               0.6500             -0.1803              2.5963              0.0279  
forward:               0.7000             -0.1977              2.3985              0.0280  
forward:               0.7500             -0.2119              2.1866              0.0280  
forward:               0.8000             -0.2253              1.9613              0.0282  
forward:               0.8500             -0.2319              1.7295              0.0283  
forward:               0.9000             -0.2465              1.4830              0.0284  
forward:               0.9500             -0.2516              1.2313              0.0285  
forward:               1.0000             -0.2630              0.9684              0.0286  
backward:              1.0000              0.0000              0.9684              0.0000  
backward:              0.9500              0.2616              1.2300              0.0037  
backward:              0.9000              0.2464              1.4764              0.0045  
backward:              0.8500              0.2436              1.7200              0.0052  
backward:              0.8000              0.2260              1.9461              0.0059  
backward:              0.7500              0.2245              2.1706              0.0065  
backward:              0.7000              0.2046              2.3752              0.0072  
backward:              0.6500              0.1999              2.5751              0.0080  
backward:              0.6000              0.1752              2.7504              0.0084  
backward:              0.5500              0.1585              2.9089              0.0090  
backward:              0.5000              0.1302              3.0391              0.0097  
backward:              0.4500              0.1003              3.1394              0.0103  
backward:              0.4000              0.0673              3.2067              0.0110  
backward:              0.3500              0.0437              3.2503              0.0116  
backward:              0.3000              0.0060              3.2563              0.0128  
backward:              0.2500             -0.0266              3.2297              0.0136  
backward:              0.2000             -0.1046              3.1252              0.0148  
backward:              0.1500             -0.2247              2.9005              0.0174  
backward:              0.1000             -0.4547              2.4457              0.0216  
backward:              0.0500             -0.8642              1.5816              0.0302  
backward:              0.0000             -1.6531             -0.0715              0.0444  
Inaccuracy estimation
======================================================================================================
                   i        i+δi          P0_overlap_P1   δε(forward)/ε   δε(backward)/ε
======================================================================================================
inaccuracy:  0.00000        0.05000           34.77           -0.03            2.11
inaccuracy:  0.05000        0.10000           47.60           -0.03            0.96
inaccuracy:  0.10000        0.15000           59.27           -0.01            0.45
inaccuracy:  0.15000        0.20000           67.52           -0.01            0.24
inaccuracy:  0.20000        0.25000           71.36           -0.01            0.17
inaccuracy:  0.25000        0.30000           73.76           -0.01            0.12
inaccuracy:  0.30000        0.35000           74.95           -0.01            0.10
inaccuracy:  0.35000        0.40000           76.40           -0.01            0.09
inaccuracy:  0.40000        0.45000           77.74           -0.01            0.08
inaccuracy:  0.45000        0.50000           77.45           -0.01            0.07
inaccuracy:  0.50000        0.55000           77.55           -0.01            0.07
inaccuracy:  0.55000        0.60000           77.29           -0.01            0.06
inaccuracy:  0.60000        0.65000           79.02           -0.01            0.06
inaccuracy:  0.65000        0.70000           78.55           -0.02            0.06
inaccuracy:  0.70000        0.75000           79.16           -0.01            0.05
inaccuracy:  0.75000        0.80000           78.45           -0.02            0.05
inaccuracy:  0.80000        0.85000           78.73           -0.02            0.05
inaccuracy:  0.85000        0.90000           78.65           -0.02            0.05
inaccuracy:  0.90000        0.95000           79.22           -0.02            0.05
inaccuracy:  0.95000        1.00000           78.34           -0.02            0.05
===================================================================================================================================
                BAR        
-----------------------------------------------------------------------------------------------------------------------------------
BAR-estimator:         λ             λ+δλ          ΔΔA             ΔA            C               Δδe            δe       
                          
-----------------------------------------------------------------------------------------------------------------------------------
BAR-estimator:      0.00000        0.05000        1.6629         1.6629         1.6629         0.0098         0.0098 
BAR-estimator:      0.05000        0.10000        0.8568         2.5197         0.8568         0.0087         0.0132 
BAR-estimator:      0.10000        0.15000        0.4348         2.9545         0.4348         0.0055         0.0143 
BAR-estimator:      0.15000        0.20000        0.2156         3.1701         0.2156         0.0040         0.0148 
BAR-estimator:      0.20000        0.25000        0.1086         3.2787         0.1086         0.0031         0.0151 
BAR-estimator:      0.25000        0.30000        0.0326         3.3113         0.0326         0.0028         0.0154 
BAR-estimator:      0.30000        0.35000       -0.0095         3.3018        -0.0095         0.0025         0.0156 
BAR-estimator:      0.35000        0.40000       -0.0458         3.2560        -0.0458         0.0024         0.0158 
BAR-estimator:      0.40000        0.45000       -0.0697         3.1862        -0.0697         0.0023         0.0159 
BAR-estimator:      0.45000        0.50000       -0.0984         3.0878        -0.0984         0.0020         0.0161 
BAR-estimator:      0.50000        0.55000       -0.1324         2.9554        -0.1324         0.0022         0.0162 
BAR-estimator:      0.55000        0.60000       -0.1575         2.7979        -0.1575         0.0024         0.0164 
BAR-estimator:      0.60000        0.65000       -0.1777         2.6202        -0.1777         0.0020         0.0165 
BAR-estimator:      0.65000        0.70000       -0.1982         2.4221        -0.1982         0.0021         0.0166 
BAR-estimator:      0.70000        0.75000       -0.2097         2.2123        -0.2097         0.0019         0.0168 
BAR-estimator:      0.75000        0.80000       -0.2249         1.9875        -0.2249         0.0020         0.0169 
BAR-estimator:      0.80000        0.85000       -0.2311         1.7563        -0.2311         0.0019         0.0170 
BAR-estimator:      0.85000        0.90000       -0.2446         1.5117        -0.2446         0.0019         0.0171 
BAR-estimator:      0.90000        0.95000       -0.2490         1.2627        -0.2490         0.0022         0.0172 
BAR-estimator:      0.95000        1.00000       -0.2625         1.0001        -0.2625         0.0020         0.0174 
BAR-estimator: total free energy change is 1.0001330349779862 , total error is 0.017360336554679823
