#========================================================================================
#                     Free energy perturbation    
#----------------------------------------------------------------------------------------
#forward/backward          λ              ΔΔA                 ΔA                  δε   
#                                                 
#----------------------------------------------------------------------------------------
forward:               0.0000              0.0000              0.0000              0.0000  
forward:               0.0500              1.6102              1.6102              0.0138  
forward:               0.1000              1.0168              2.6270              0.0187  
forward:               0.1500              0.5927              3.2197              0.0209  
forward:               0.2000              0.3785              3.5982              0.0219  
forward:               0.2500              0.2438              3.8420              0.0226  
forward:               0.3000              0.1705              4.0124              0.0231  
forward:               0.3500              0.1198              4.1322              0.0235  
forward:               0.4000              0.0888              4.2210              0.0238  
forward:               0.4500              0.0594              4.2803              0.0240  
forward:               0.5000              0.0286              4.3089              0.0242  
forward:               0.5500             -0.0287              4.2802              0.0244  
forward:               0.6000             -0.0613              4.2189              0.0246  
forward:               0.6500             -0.0816              4.1373              0.0248  
forward:               0.7000             -0.0881              4.0492              0.0249  
forward:               0.7500             -0.0957              3.9534              0.0250  
forward:               0.8000             -0.1002              3.8533              0.0252  
forward:               0.8500             -0.0984              3.7549              0.0253  
forward:               0.9000             -0.1017              3.6532              0.0254  
forward:               0.9500             -0.0997              3.5535              0.0255  
forward:               1.0000             -0.1075              3.4460              0.0256  
backward:              1.0000              0.0000              3.4460              0.0000  
backward:              0.9500              0.1071              3.5532              0.0028  
backward:              0.9000              0.1056              3.6588              0.0040  
backward:              0.8500              0.1063              3.7650              0.0049  
backward:              0.8000              0.1019              3.8669              0.0056  
backward:              0.7500              0.0967              3.9636              0.0064  
backward:              0.7000              0.0939              4.0575              0.0071  
backward:              0.6500              0.0874              4.1449              0.0077  
backward:              0.6000              0.0831              4.2280              0.0083  
backward:              0.5500              0.0658              4.2939              0.0089  
backward:              0.5000              0.0267              4.3205              0.0097  
backward:              0.4500             -0.0367              4.2839              0.0104  
backward:              0.4000             -0.0633              4.2206              0.0113  
backward:              0.3500             -0.0756              4.1450              0.0120  
backward:              0.3000             -0.1218              4.0232              0.0130  
backward:              0.2500             -0.1711              3.8521              0.0138  
backward:              0.2000             -0.2567              3.5953              0.0155  
backward:              0.1500             -0.3811              3.2143              0.0186  
backward:              0.1000             -0.5986              2.6156              0.0253  
backward:              0.0500             -1.0329              1.5828              0.0342  
backward:              0.0000             -1.5904             -0.0077              0.0391  
Inaccuracy estimation
======================================================================================================
                   i        i+δi          P0_overlap_P1   δε(forward)/ε   δε(backward)/ε
======================================================================================================
inaccuracy:  0.00000        0.05000           41.31           -0.01            1.10
inaccuracy:  0.05000        0.10000           46.36           -0.03            1.07
inaccuracy:  0.10000        0.15000           56.60           -0.02            0.57
inaccuracy:  0.15000        0.20000           64.12           -0.02            0.34
inaccuracy:  0.20000        0.25000           68.48           -0.02            0.22
inaccuracy:  0.25000        0.30000           71.22           -0.01            0.17
inaccuracy:  0.30000        0.35000           72.65           -0.01            0.14
inaccuracy:  0.35000        0.40000           72.83           -0.01            0.13
inaccuracy:  0.40000        0.45000           75.04           -0.01            0.11
inaccuracy:  0.45000        0.50000           76.35           -0.01            0.10
inaccuracy:  0.50000        0.55000           74.47           -0.02            0.10
inaccuracy:  0.55000        0.60000           75.44           -0.02            0.09
inaccuracy:  0.60000        0.65000           76.20           -0.02            0.08
inaccuracy:  0.65000        0.70000           76.18           -0.02            0.08
inaccuracy:  0.70000        0.75000           76.39           -0.02            0.07
inaccuracy:  0.75000        0.80000           77.00           -0.02            0.07
inaccuracy:  0.80000        0.85000           76.31           -0.01            0.07
inaccuracy:  0.85000        0.90000           76.18           -0.02            0.08
inaccuracy:  0.90000        0.95000           75.92           -0.02            0.08
inaccuracy:  0.95000        1.00000           76.61           -0.02            0.07
===================================================================================================================================
                BAR        
-----------------------------------------------------------------------------------------------------------------------------------
BAR-estimator:         λ             λ+δλ          ΔΔA             ΔA            C               Δδe            δe       
                          
-----------------------------------------------------------------------------------------------------------------------------------
BAR-estimator:      0.00000        0.05000        1.5859         1.5859         1.5859         0.0069         0.0069 
BAR-estimator:      0.05000        0.10000        1.0242         2.6102         1.0242         0.0074         0.0101 
BAR-estimator:      0.10000        0.15000        0.5967         3.2068         0.5967         0.0059         0.0118 
BAR-estimator:      0.15000        0.20000        0.3828         3.5896         0.3828         0.0049         0.0128 
BAR-estimator:      0.20000        0.25000        0.2487         3.8384         0.2487         0.0036         0.0133 
BAR-estimator:      0.25000        0.30000        0.1726         4.0109         0.1726         0.0030         0.0136 
BAR-estimator:      0.30000        0.35000        0.1212         4.1321         0.1212         0.0029         0.0139 
BAR-estimator:      0.35000        0.40000        0.0848         4.2170         0.0848         0.0025         0.0141 
BAR-estimator:      0.40000        0.45000        0.0608         4.2778         0.0608         0.0018         0.0142 
BAR-estimator:      0.45000        0.50000        0.0317         4.3095         0.0317         0.0022         0.0144 
BAR-estimator:      0.50000        0.55000       -0.0294         4.2801        -0.0294         0.0021         0.0146 
BAR-estimator:      0.55000        0.60000       -0.0632         4.2170        -0.0632         0.0022         0.0147 
BAR-estimator:      0.60000        0.65000       -0.0815         4.1355        -0.0815         0.0024         0.0149 
BAR-estimator:      0.65000        0.70000       -0.0876         4.0479        -0.0876         0.0021         0.0151 
BAR-estimator:      0.70000        0.75000       -0.0950         3.9529        -0.0950         0.0018         0.0152 
BAR-estimator:      0.75000        0.80000       -0.0992         3.8537        -0.0992         0.0019         0.0153 
BAR-estimator:      0.80000        0.85000       -0.0991         3.7546        -0.0991         0.0020         0.0154 
BAR-estimator:      0.85000        0.90000       -0.1030         3.6516        -0.1030         0.0020         0.0156 
BAR-estimator:      0.90000        0.95000       -0.1019         3.5497        -0.1019         0.0024         0.0158 
BAR-estimator:      0.95000        1.00000       -0.1061         3.4436        -0.1061         0.0021         0.0159 
BAR-estimator: total free energy change is 3.44356135293169 , total error is 0.015893816428471368
