#========================================================================================
#                     Free energy perturbation    
#----------------------------------------------------------------------------------------
#forward/backward          λ              ΔΔA                 ΔA                  δε   
#                                                 
#----------------------------------------------------------------------------------------
forward:               0.0000              0.0000              0.0000              0.0000  
forward:               0.0500              0.9267              0.9267              0.0173  
forward:               0.1000              0.5065              1.4332              0.0202  
forward:               0.1500              0.2946              1.7278              0.0225  
forward:               0.2000              0.1771              1.9049              0.0239  
forward:               0.2500              0.1242              2.0291              0.0245  
forward:               0.3000              0.0807              2.1098              0.0249  
forward:               0.3500              0.0587              2.1685              0.0253  
forward:               0.4000              0.0273              2.1958              0.0256  
forward:               0.4500              0.0108              2.2066              0.0259  
forward:               0.5000             -0.0044              2.2022              0.0264  
forward:               0.5500             -0.0293              2.1729              0.0267  
forward:               0.6000             -0.0832              2.0897              0.0270  
forward:               0.6500             -0.1099              1.9798              0.0272  
forward:               0.7000             -0.1389              1.8409              0.0275  
forward:               0.7500             -0.1625              1.6784              0.0276  
forward:               0.8000             -0.1878              1.4906              0.0278  
forward:               0.8500             -0.2084              1.2822              0.0280  
forward:               0.9000             -0.2300              1.0522              0.0282  
forward:               0.9500             -0.2390              0.8132              0.0283  
forward:               1.0000             -0.2511              0.5621              0.0285  
backward:              1.0000              0.0000              0.5621              0.0000  
backward:              0.9500              0.2594              0.8215              0.0034  
backward:              0.9000              0.2337              1.0552              0.0048  
backward:              0.8500              0.2262              1.2815              0.0059  
backward:              0.8000              0.2055              1.4869              0.0069  
backward:              0.7500              0.1983              1.6853              0.0078  
backward:              0.7000              0.1691              1.8544              0.0086  
backward:              0.6500              0.1426              1.9970              0.0094  
backward:              0.6000              0.1097              2.1067              0.0103  
backward:              0.5500              0.0810              2.1877              0.0111  
backward:              0.5000              0.0351              2.2228              0.0118  
backward:              0.4500              0.0066              2.2294              0.0124  
backward:              0.4000             -0.0143              2.2152              0.0131  
backward:              0.3500             -0.0215              2.1936              0.0139  
backward:              0.3000             -0.0540              2.1396              0.0150  
backward:              0.2500             -0.0841              2.0554              0.0162  
backward:              0.2000             -0.1270              1.9284              0.0176  
backward:              0.1500             -0.1893              1.7391              0.0194  
backward:              0.1000             -0.3025              1.4366              0.0220  
backward:              0.0500             -0.4925              0.9441              0.0263  
backward:              0.0000             -0.9590             -0.0149              0.0795  
Inaccuracy estimation
======================================================================================================
                   i        i+δi          P0_overlap_P1   δε(forward)/ε   δε(backward)/ε
======================================================================================================
inaccuracy:  0.00000        0.05000           46.83           -0.01            1.27
inaccuracy:  0.05000        0.10000           60.04           -0.01            0.47
inaccuracy:  0.10000        0.15000           68.22           -0.01            0.24
inaccuracy:  0.15000        0.20000           72.96           -0.01            0.16
inaccuracy:  0.20000        0.25000           74.84           -0.01            0.12
inaccuracy:  0.25000        0.30000           76.44           -0.01            0.10
inaccuracy:  0.30000        0.35000           76.39           -0.01            0.09
inaccuracy:  0.35000        0.40000           78.07           -0.01            0.08
inaccuracy:  0.40000        0.45000           79.34           -0.01            0.08
inaccuracy:  0.45000        0.50000           79.62           -0.00            0.08
inaccuracy:  0.50000        0.55000           77.00           -0.02            0.08
inaccuracy:  0.55000        0.60000           78.48           -0.01            0.07
inaccuracy:  0.60000        0.65000           78.69           -0.02            0.07
inaccuracy:  0.65000        0.70000           77.67           -0.01            0.06
inaccuracy:  0.70000        0.75000           77.38           -0.02            0.06
inaccuracy:  0.75000        0.80000           77.54           -0.02            0.06
inaccuracy:  0.80000        0.85000           79.13           -0.02            0.06
inaccuracy:  0.85000        0.90000           79.02           -0.02            0.05
inaccuracy:  0.90000        0.95000           79.04           -0.02            0.05
inaccuracy:  0.95000        1.00000           77.10           -0.02            0.05
===================================================================================================================================
                BAR        
-----------------------------------------------------------------------------------------------------------------------------------
BAR-estimator:         λ             λ+δλ          ΔΔA             ΔA            C               Δδe            δe       
                          
-----------------------------------------------------------------------------------------------------------------------------------
BAR-estimator:      0.00000        0.05000        0.9251         0.9251         0.9251         0.0105         0.0105 
BAR-estimator:      0.05000        0.10000        0.5021         1.4273         0.5021         0.0067         0.0125 
BAR-estimator:      0.10000        0.15000        0.2953         1.7226         0.2953         0.0060         0.0139 
BAR-estimator:      0.15000        0.20000        0.1793         1.9019         0.1793         0.0054         0.0149 
BAR-estimator:      0.20000        0.25000        0.1230         2.0249         0.1230         0.0035         0.0153 
BAR-estimator:      0.25000        0.30000        0.0805         2.1054         0.0805         0.0038         0.0157 
BAR-estimator:      0.30000        0.35000        0.0557         2.1611         0.0557         0.0029         0.0160 
BAR-estimator:      0.35000        0.40000        0.0242         2.1853         0.0242         0.0029         0.0163 
BAR-estimator:      0.40000        0.45000        0.0127         2.1980         0.0127         0.0025         0.0165 
BAR-estimator:      0.45000        0.50000       -0.0042         2.1937        -0.0042         0.0025         0.0167 
BAR-estimator:      0.50000        0.55000       -0.0305         2.1632        -0.0305         0.0028         0.0169 
BAR-estimator:      0.55000        0.60000       -0.0813         2.0819        -0.0813         0.0026         0.0171 
BAR-estimator:      0.60000        0.65000       -0.1091         1.9728        -0.1091         0.0026         0.0173 
BAR-estimator:      0.65000        0.70000       -0.1402         1.8326        -0.1402         0.0026         0.0175 
BAR-estimator:      0.70000        0.75000       -0.1652         1.6674        -0.1652         0.0025         0.0176 
BAR-estimator:      0.75000        0.80000       -0.1914         1.4761        -0.1914         0.0027         0.0179 
BAR-estimator:      0.80000        0.85000       -0.2059         1.2702        -0.2059         0.0028         0.0181 
BAR-estimator:      0.85000        0.90000       -0.2271         1.0431        -0.2271         0.0025         0.0182 
BAR-estimator:      0.90000        0.95000       -0.2366         0.8065        -0.2366         0.0026         0.0184 
BAR-estimator:      0.95000        1.00000       -0.2544         0.5521        -0.2544         0.0024         0.0186 
BAR-estimator: total free energy change is 0.5521036652124394 , total error is 0.01858557725554986
