#========================================================================================
#                     Free energy perturbation    
#----------------------------------------------------------------------------------------
#forward/backward          λ              ΔΔA                 ΔA                  δε   
#                                                 
#----------------------------------------------------------------------------------------
forward:               0.0000              0.0000              0.0000              0.0000  
forward:               0.0500              0.9282              0.9282              0.0116  
forward:               0.1000              0.4953              1.4234              0.0143  
forward:               0.1500              0.3005              1.7239              0.0154  
forward:               0.2000              0.2003              1.9243              0.0162  
forward:               0.2500              0.1293              2.0536              0.0169  
forward:               0.3000              0.0822              2.1357              0.0174  
forward:               0.3500              0.0601              2.1958              0.0179  
forward:               0.4000              0.0335              2.2293              0.0183  
forward:               0.4500              0.0146              2.2439              0.0186  
forward:               0.5000              0.0007              2.2446              0.0189  
forward:               0.5500             -0.0358              2.2087              0.0193  
forward:               0.6000             -0.0730              2.1357              0.0195  
forward:               0.6500             -0.1097              2.0260              0.0197  
forward:               0.7000             -0.1450              1.8810              0.0199  
forward:               0.7500             -0.1642              1.7168              0.0201  
forward:               0.8000             -0.1889              1.5279              0.0204  
forward:               0.8500             -0.2109              1.3170              0.0206  
forward:               0.9000             -0.2313              1.0857              0.0208  
forward:               0.9500             -0.2382              0.8476              0.0210  
forward:               1.0000             -0.2528              0.5947              0.0212  
backward:              1.0000              0.0000              0.5947              0.0000  
backward:              0.9500              0.2506              0.8453              0.0032  
backward:              0.9000              0.2374              1.0827              0.0046  
backward:              0.8500              0.2272              1.3099              0.0057  
backward:              0.8000              0.2101              1.5200              0.0069  
backward:              0.7500              0.1921              1.7120              0.0076  
backward:              0.7000              0.1712              1.8832              0.0083  
backward:              0.6500              0.1443              2.0276              0.0092  
backward:              0.6000              0.1127              2.1403              0.0098  
backward:              0.5500              0.0729              2.2132              0.0105  
backward:              0.5000              0.0262              2.2394              0.0111  
backward:              0.4500              0.0031              2.2424              0.0118  
backward:              0.4000             -0.0181              2.2244              0.0125  
backward:              0.3500             -0.0284              2.1960              0.0133  
backward:              0.3000             -0.0551              2.1409              0.0142  
backward:              0.2500             -0.0868              2.0541              0.0151  
backward:              0.2000             -0.1268              1.9273              0.0161  
backward:              0.1500             -0.2055              1.7218              0.0175  
backward:              0.1000             -0.3005              1.4213              0.0193  
backward:              0.0500             -0.4961              0.9252              0.0254  
backward:              0.0000             -0.8915              0.0337              0.0326  
Inaccuracy estimation
======================================================================================================
                   i        i+δi          P0_overlap_P1   δε(forward)/ε   δε(backward)/ε
======================================================================================================
inaccuracy:  0.00000        0.05000           47.15           -0.02            1.31
inaccuracy:  0.05000        0.10000           60.89           -0.01            0.45
inaccuracy:  0.10000        0.15000           68.49           -0.01            0.26
inaccuracy:  0.15000        0.20000           72.47           -0.01            0.17
inaccuracy:  0.20000        0.25000           74.87           -0.00            0.12
inaccuracy:  0.25000        0.30000           77.22           -0.00            0.10
inaccuracy:  0.30000        0.35000           77.01           -0.00            0.10
inaccuracy:  0.35000        0.40000           77.89           -0.00            0.08
inaccuracy:  0.40000        0.45000           78.44           -0.00            0.08
inaccuracy:  0.45000        0.50000           79.29           -0.01            0.07
inaccuracy:  0.50000        0.55000           78.11           -0.02            0.07
inaccuracy:  0.55000        0.60000           77.94           -0.02            0.07
inaccuracy:  0.60000        0.65000           77.79           -0.02            0.06
inaccuracy:  0.65000        0.70000           78.07           -0.01            0.06
inaccuracy:  0.70000        0.75000           77.69           -0.02            0.06
inaccuracy:  0.75000        0.80000           78.14           -0.02            0.06
inaccuracy:  0.80000        0.85000           78.38           -0.02            0.05
inaccuracy:  0.85000        0.90000           78.98           -0.02            0.05
inaccuracy:  0.90000        0.95000           78.03           -0.02            0.05
inaccuracy:  0.95000        1.00000           79.03           -0.02            0.06
===================================================================================================================================
                BAR        
-----------------------------------------------------------------------------------------------------------------------------------
BAR-estimator:         λ             λ+δλ          ΔΔA             ΔA            C               Δδe            δe       
                          
-----------------------------------------------------------------------------------------------------------------------------------
BAR-estimator:      0.00000        0.05000        0.9284         0.9284         0.9284         0.0076         0.0076 
BAR-estimator:      0.05000        0.10000        0.4963         1.4247         0.4963         0.0055         0.0094 
BAR-estimator:      0.10000        0.15000        0.3031         1.7278         0.3031         0.0054         0.0108 
BAR-estimator:      0.15000        0.20000        0.1996         1.9274         0.1996         0.0036         0.0114 
BAR-estimator:      0.20000        0.25000        0.1289         2.0563         0.1289         0.0032         0.0118 
BAR-estimator:      0.25000        0.30000        0.0840         2.1404         0.0840         0.0030         0.0122 
BAR-estimator:      0.30000        0.35000        0.0589         2.1993         0.0589         0.0028         0.0125 
BAR-estimator:      0.35000        0.40000        0.0304         2.2297         0.0304         0.0026         0.0128 
BAR-estimator:      0.40000        0.45000        0.0144         2.2441         0.0144         0.0026         0.0130 
BAR-estimator:      0.45000        0.50000        0.0001         2.2442         0.0001         0.0022         0.0132 
BAR-estimator:      0.50000        0.55000       -0.0336         2.2105        -0.0336         0.0027         0.0135 
BAR-estimator:      0.55000        0.60000       -0.0716         2.1389        -0.0716         0.0023         0.0137 
BAR-estimator:      0.60000        0.65000       -0.1113         2.0277        -0.1113         0.0024         0.0139 
BAR-estimator:      0.65000        0.70000       -0.1470         1.8807        -0.1470         0.0022         0.0141 
BAR-estimator:      0.70000        0.75000       -0.1671         1.7136        -0.1671         0.0023         0.0142 
BAR-estimator:      0.75000        0.80000       -0.1896         1.5240        -0.1896         0.0024         0.0144 
BAR-estimator:      0.80000        0.85000       -0.2117         1.3123        -0.2117         0.0023         0.0146 
BAR-estimator:      0.85000        0.90000       -0.2294         1.0829        -0.2294         0.0023         0.0148 
BAR-estimator:      0.90000        0.95000       -0.2382         0.8447        -0.2382         0.0024         0.0150 
BAR-estimator:      0.95000        1.00000       -0.2514         0.5933        -0.2514         0.0023         0.0152 
BAR-estimator: total free energy change is 0.5933126960483527 , total error is 0.015165181157358092
