#========================================================================================
#                     Free energy perturbation    
#----------------------------------------------------------------------------------------
#forward/backward          λ              ΔΔA                 ΔA                  δε   
#                                                 
#----------------------------------------------------------------------------------------
forward:               0.0000              0.0000              0.0000              0.0000  
forward:               0.0500              0.6329              0.6329              0.0137  
forward:               0.1000              0.3727              1.0055              0.0159  
forward:               0.1500              0.2584              1.2639              0.0172  
forward:               0.2000              0.1821              1.4460              0.0179  
forward:               0.2500              0.1382              1.5842              0.0185  
forward:               0.3000              0.1062              1.6904              0.0190  
forward:               0.3500              0.0854              1.7758              0.0195  
forward:               0.4000              0.0679              1.8437              0.0197  
forward:               0.4500              0.0580              1.9017              0.0200  
forward:               0.5000              0.0400              1.9417              0.0204  
forward:               0.5500             -0.0206              1.9211              0.0207  
forward:               0.6000             -0.1069              1.8142              0.0210  
forward:               0.6500             -0.1534              1.6608              0.0212  
forward:               0.7000             -0.2115              1.4494              0.0214  
forward:               0.7500             -0.2350              1.2144              0.0217  
forward:               0.8000             -0.2641              0.9503              0.0218  
forward:               0.8500             -0.2815              0.6688              0.0220  
forward:               0.9000             -0.3026              0.3662              0.0222  
forward:               0.9500             -0.3116              0.0546              0.0224  
forward:               1.0000             -0.3266             -0.2720              0.0226  
backward:              1.0000              0.0000             -0.2720              0.0000  
backward:              0.9500              0.3240              0.0520              0.0035  
backward:              0.9000              0.3101              0.3621              0.0047  
backward:              0.8500              0.3056              0.6677              0.0057  
backward:              0.8000              0.2852              0.9529              0.0068  
backward:              0.7500              0.2641              1.2170              0.0075  
backward:              0.7000              0.2298              1.4468              0.0084  
backward:              0.6500              0.2084              1.6552              0.0092  
backward:              0.6000              0.1555              1.8106              0.0099  
backward:              0.5500              0.1095              1.9201              0.0106  
backward:              0.5000              0.0166              1.9367              0.0116  
backward:              0.4500             -0.0423              1.8944              0.0128  
backward:              0.4000             -0.0513              1.8431              0.0133  
backward:              0.3500             -0.0650              1.7781              0.0142  
backward:              0.3000             -0.0840              1.6941              0.0148  
backward:              0.2500             -0.1089              1.5852              0.0158  
backward:              0.2000             -0.1370              1.4482              0.0167  
backward:              0.1500             -0.1911              1.2571              0.0180  
backward:              0.1000             -0.2556              1.0015              0.0195  
backward:              0.0500             -0.3542              0.6474              0.0220  
backward:              0.0000             -0.5871              0.0603              0.0319  
Inaccuracy estimation
======================================================================================================
                   i        i+δi          P0_overlap_P1   δε(forward)/ε   δε(backward)/ε
======================================================================================================
inaccuracy:  0.00000        0.05000           56.76           -0.00            0.66
inaccuracy:  0.05000        0.10000           67.43           -0.00            0.31
inaccuracy:  0.10000        0.15000           72.78           -0.00            0.19
inaccuracy:  0.15000        0.20000           77.16           -0.01            0.13
inaccuracy:  0.20000        0.25000           77.87           -0.00            0.10
inaccuracy:  0.25000        0.30000           79.80           -0.00            0.08
inaccuracy:  0.30000        0.35000           80.10           -0.00            0.08
inaccuracy:  0.35000        0.40000           80.02           -0.01            0.07
inaccuracy:  0.40000        0.45000           80.76           -0.00            0.07
inaccuracy:  0.45000        0.50000           81.14           -0.00            0.06
inaccuracy:  0.50000        0.55000           76.84           -0.02            0.08
inaccuracy:  0.55000        0.60000           78.14           -0.02            0.06
inaccuracy:  0.60000        0.65000           78.47           -0.02            0.05
inaccuracy:  0.65000        0.70000           79.49           -0.02            0.05
inaccuracy:  0.70000        0.75000           80.14           -0.02            0.05
inaccuracy:  0.75000        0.80000           79.05           -0.02            0.05
inaccuracy:  0.80000        0.85000           79.22           -0.02            0.05
inaccuracy:  0.85000        0.90000           78.95           -0.02            0.04
inaccuracy:  0.90000        0.95000           79.33           -0.02            0.05
inaccuracy:  0.95000        1.00000           79.15           -0.02            0.05
===================================================================================================================================
                BAR        
-----------------------------------------------------------------------------------------------------------------------------------
BAR-estimator:         λ             λ+δλ          ΔΔA             ΔA            C               Δδe            δe       
                          
-----------------------------------------------------------------------------------------------------------------------------------
BAR-estimator:      0.00000        0.05000        0.6230         0.6230         0.6230         0.0087         0.0087 
BAR-estimator:      0.05000        0.10000        0.3667         0.9898         0.3667         0.0056         0.0103 
BAR-estimator:      0.10000        0.15000        0.2589         1.2487         0.2589         0.0042         0.0112 
BAR-estimator:      0.15000        0.20000        0.1852         1.4339         0.1852         0.0036         0.0117 
BAR-estimator:      0.20000        0.25000        0.1379         1.5718         0.1379         0.0029         0.0121 
BAR-estimator:      0.25000        0.30000        0.1070         1.6788         0.1070         0.0029         0.0124 
BAR-estimator:      0.30000        0.35000        0.0841         1.7629         0.0841         0.0029         0.0127 
BAR-estimator:      0.35000        0.40000        0.0661         1.8291         0.0661         0.0026         0.0130 
BAR-estimator:      0.40000        0.45000        0.0561         1.8851         0.0561         0.0024         0.0132 
BAR-estimator:      0.45000        0.50000        0.0401         1.9252         0.0401         0.0025         0.0134 
BAR-estimator:      0.50000        0.55000       -0.0200         1.9052        -0.0200         0.0029         0.0137 
BAR-estimator:      0.55000        0.60000       -0.1081         1.7971        -0.1081         0.0026         0.0140 
BAR-estimator:      0.60000        0.65000       -0.1549         1.6421        -0.1549         0.0026         0.0142 
BAR-estimator:      0.65000        0.70000       -0.2103         1.4318        -0.2103         0.0023         0.0144 
BAR-estimator:      0.70000        0.75000       -0.2328         1.1990        -0.2328         0.0024         0.0146 
BAR-estimator:      0.75000        0.80000       -0.2639         0.9351        -0.2639         0.0025         0.0148 
BAR-estimator:      0.80000        0.85000       -0.2819         0.6532        -0.2819         0.0026         0.0150 
BAR-estimator:      0.85000        0.90000       -0.3039         0.3493        -0.3039         0.0024         0.0152 
BAR-estimator:      0.90000        0.95000       -0.3107         0.0386        -0.3107         0.0026         0.0154 
BAR-estimator:      0.95000        1.00000       -0.3251        -0.2865        -0.3251         0.0025         0.0156 
BAR-estimator: total free energy change is -0.2865029317527398 , total error is 0.01564784853878127
