#========================================================================================
#                     Free energy perturbation    
#----------------------------------------------------------------------------------------
#forward/backward          λ              ΔΔA                 ΔA                  δε   
#                                                 
#----------------------------------------------------------------------------------------
forward:               0.0000              0.0000              0.0000              0.0000  
forward:               0.0500              0.6231              0.6231              0.0096  
forward:               0.1000              0.3876              1.0107              0.0113  
forward:               0.1500              0.2506              1.2614              0.0124  
forward:               0.2000              0.1885              1.4499              0.0132  
forward:               0.2500              0.1372              1.5870              0.0138  
forward:               0.3000              0.1098              1.6968              0.0143  
forward:               0.3500              0.0854              1.7822              0.0146  
forward:               0.4000              0.0675              1.8497              0.0149  
forward:               0.4500              0.0480              1.8977              0.0152  
forward:               0.5000              0.0443              1.9420              0.0155  
forward:               0.5500             -0.0244              1.9176              0.0158  
forward:               0.6000             -0.1033              1.8143              0.0161  
forward:               0.6500             -0.1619              1.6524              0.0163  
forward:               0.7000             -0.2031              1.4493              0.0166  
forward:               0.7500             -0.2366              1.2127              0.0168  
forward:               0.8000             -0.2664              0.9464              0.0170  
forward:               0.8500             -0.2878              0.6586              0.0172  
forward:               0.9000             -0.3094              0.3492              0.0174  
forward:               0.9500             -0.3216              0.0276              0.0176  
forward:               1.0000             -0.3309             -0.3033              0.0178  
backward:              1.0000              0.0000             -0.3033              0.0000  
backward:              0.9500              0.3322              0.0289              0.0034  
backward:              0.9000              0.3158              0.3447              0.0048  
backward:              0.8500              0.3070              0.6517              0.0059  
backward:              0.8000              0.2845              0.9362              0.0069  
backward:              0.7500              0.2602              1.1964              0.0076  
backward:              0.7000              0.2354              1.4318              0.0083  
backward:              0.6500              0.2042              1.6360              0.0089  
backward:              0.6000              0.1573              1.7934              0.0096  
backward:              0.5500              0.0960              1.8894              0.0102  
backward:              0.5000              0.0229              1.9123              0.0109  
backward:              0.4500             -0.0388              1.8735              0.0114  
backward:              0.4000             -0.0511              1.8224              0.0119  
backward:              0.3500             -0.0579              1.7645              0.0125  
backward:              0.3000             -0.0827              1.6818              0.0133  
backward:              0.2500             -0.0996              1.5823              0.0139  
backward:              0.2000             -0.1366              1.4457              0.0147  
backward:              0.1500             -0.1848              1.2609              0.0157  
backward:              0.1000             -0.2582              1.0027              0.0170  
backward:              0.0500             -0.3702              0.6325              0.0190  
backward:              0.0000             -0.6010              0.0316              0.0230  
Inaccuracy estimation
======================================================================================================
                   i        i+δi          P0_overlap_P1   δε(forward)/ε   δε(backward)/ε
======================================================================================================
inaccuracy:  0.00000        0.05000           57.55           -0.01            0.64
inaccuracy:  0.05000        0.10000           66.92           -0.00            0.32
inaccuracy:  0.10000        0.15000           73.44           -0.00            0.18
inaccuracy:  0.15000        0.20000           76.14           -0.00            0.14
inaccuracy:  0.20000        0.25000           78.54           -0.00            0.10
inaccuracy:  0.25000        0.30000           78.30           -0.00            0.10
inaccuracy:  0.30000        0.35000           80.08           -0.00            0.08
inaccuracy:  0.35000        0.40000           79.41           -0.00            0.07
inaccuracy:  0.40000        0.45000           81.32           -0.00            0.06
inaccuracy:  0.45000        0.50000           81.04           -0.00            0.06
inaccuracy:  0.50000        0.55000           77.01           -0.02            0.07
inaccuracy:  0.55000        0.60000           78.98           -0.02            0.06
inaccuracy:  0.60000        0.65000           79.25           -0.02            0.05
inaccuracy:  0.65000        0.70000           79.03           -0.02            0.05
inaccuracy:  0.70000        0.75000           79.00           -0.02            0.05
inaccuracy:  0.75000        0.80000           80.40           -0.02            0.05
inaccuracy:  0.80000        0.85000           79.11           -0.02            0.04
inaccuracy:  0.85000        0.90000           79.39           -0.03            0.04
inaccuracy:  0.90000        0.95000           79.30           -0.02            0.05
inaccuracy:  0.95000        1.00000           78.41           -0.02            0.05
===================================================================================================================================
                BAR        
-----------------------------------------------------------------------------------------------------------------------------------
BAR-estimator:         λ             λ+δλ          ΔΔA             ΔA            C               Δδe            δe       
                          
-----------------------------------------------------------------------------------------------------------------------------------
BAR-estimator:      0.00000        0.05000        0.6250         0.6250         0.6250         0.0064         0.0064 
BAR-estimator:      0.05000        0.10000        0.3836         1.0086         0.3836         0.0040         0.0076 
BAR-estimator:      0.10000        0.15000        0.2535         1.2621         0.2535         0.0036         0.0084 
BAR-estimator:      0.15000        0.20000        0.1884         1.4504         0.1884         0.0030         0.0089 
BAR-estimator:      0.20000        0.25000        0.1380         1.5885         0.1380         0.0027         0.0093 
BAR-estimator:      0.25000        0.30000        0.1078         1.6962         0.1078         0.0025         0.0096 
BAR-estimator:      0.30000        0.35000        0.0843         1.7805         0.0843         0.0022         0.0099 
BAR-estimator:      0.35000        0.40000        0.0636         1.8441         0.0636         0.0022         0.0101 
BAR-estimator:      0.40000        0.45000        0.0477         1.8918         0.0477         0.0020         0.0103 
BAR-estimator:      0.45000        0.50000        0.0428         1.9347         0.0428         0.0020         0.0105 
BAR-estimator:      0.50000        0.55000       -0.0244         1.9103        -0.0244         0.0023         0.0107 
BAR-estimator:      0.55000        0.60000       -0.1007         1.8096        -0.1007         0.0023         0.0110 
BAR-estimator:      0.60000        0.65000       -0.1605         1.6491        -0.1605         0.0023         0.0112 
BAR-estimator:      0.65000        0.70000       -0.2034         1.4457        -0.2034         0.0023         0.0115 
BAR-estimator:      0.70000        0.75000       -0.2361         1.2096        -0.2361         0.0022         0.0117 
BAR-estimator:      0.75000        0.80000       -0.2642         0.9454        -0.2642         0.0021         0.0118 
BAR-estimator:      0.80000        0.85000       -0.2873         0.6581        -0.2873         0.0023         0.0121 
BAR-estimator:      0.85000        0.90000       -0.3100         0.3481        -0.3100         0.0022         0.0123 
BAR-estimator:      0.90000        0.95000       -0.3191         0.0290        -0.3191         0.0021         0.0124 
BAR-estimator:      0.95000        1.00000       -0.3319        -0.3029        -0.3319         0.0021         0.0126 
BAR-estimator: total free energy change is -0.302914945845538 , total error is 0.01262349491474971
