#========================================================================================
#                     Free energy perturbation    
#----------------------------------------------------------------------------------------
#forward/backward          λ              ΔΔA                 ΔA                  δε   
#                                                 
#----------------------------------------------------------------------------------------
forward:               0.0000              0.0000              0.0000              0.0000  
forward:               0.0500              1.2010              1.2010              0.0196  
forward:               0.1000              0.6159              1.8169              0.0261  
forward:               0.1500              0.2878              2.1047              0.0275  
forward:               0.2000              0.1482              2.2529              0.0284  
forward:               0.2500              0.0737              2.3266              0.0289  
forward:               0.3000              0.0221              2.3487              0.0293  
forward:               0.3500             -0.0140              2.3347              0.0297  
forward:               0.4000             -0.0349              2.2998              0.0300  
forward:               0.4500             -0.0511              2.2487              0.0303  
forward:               0.5000             -0.0680              2.1806              0.0306  
forward:               0.5500             -0.1941              1.9865              0.0314  
forward:               0.6000             -0.4632              1.5233              0.0324  
forward:               0.6500             -0.7906              0.7327              0.0342  
forward:               0.7000             -1.1382             -0.4054              0.0375  
forward:               0.7500             -1.3160             -1.7215              0.0397  
forward:               0.8000             -1.3041             -3.0256              0.0403  
forward:               0.8500             -1.2166             -4.2422              0.0406  
forward:               0.9000             -1.0867             -5.3289              0.0411  
forward:               0.9500             -0.9567             -6.2856              0.0412  
forward:               1.0000             -0.8586             -7.1442              0.0414  
backward:              1.0000              0.0000             -7.1442              0.0000  
backward:              0.9500              0.8616             -6.2826              0.0064  
backward:              0.9000              0.9486             -5.3340              0.0123  
backward:              0.8500              1.0774             -4.2566              0.0139  
backward:              0.8000              1.2081             -3.0485              0.0155  
backward:              0.7500              1.2896             -1.7590              0.0178  
backward:              0.7000              1.3002             -0.4588              0.0205  
backward:              0.6500              1.1482              0.6895              0.0244  
backward:              0.6000              0.7941              1.4835              0.0269  
backward:              0.5500              0.4750              1.9586              0.0282  
backward:              0.5000              0.1935              2.1520              0.0290  
backward:              0.4500              0.0608              2.2128              0.0294  
backward:              0.4000              0.0433              2.2562              0.0299  
backward:              0.3500              0.0370              2.2932              0.0303  
backward:              0.3000              0.0077              2.3009              0.0308  
backward:              0.2500             -0.0240              2.2769              0.0314  
backward:              0.2000             -0.0704              2.2065              0.0322  
backward:              0.1500             -0.1509              2.0555              0.0336  
backward:              0.1000             -0.2855              1.7700              0.0366  
backward:              0.0500             -0.5960              1.1741              0.0428  
backward:              0.0000             -1.2246             -0.0505              0.0508  
Inaccuracy estimation
======================================================================================================
                   i        i+δi          P0_overlap_P1   δε(forward)/ε   δε(backward)/ε
======================================================================================================
inaccuracy:  0.00000        0.05000           42.71           -0.03            1.13
inaccuracy:  0.05000        0.10000           52.10           -0.03            0.77
inaccuracy:  0.10000        0.15000           63.14           -0.01            0.36
inaccuracy:  0.15000        0.20000           69.44           -0.01            0.20
inaccuracy:  0.20000        0.25000           72.50           -0.02            0.15
inaccuracy:  0.25000        0.30000           74.32           -0.01            0.11
inaccuracy:  0.30000        0.35000           76.22           -0.01            0.11
inaccuracy:  0.35000        0.40000           75.55           -0.01            0.09
inaccuracy:  0.40000        0.45000           77.12           -0.01            0.09
inaccuracy:  0.45000        0.50000           77.59           -0.01            0.09
inaccuracy:  0.50000        0.55000           66.74           -0.11            0.14
inaccuracy:  0.55000        0.60000           64.63           -0.18            0.09
inaccuracy:  0.60000        0.65000           61.49           -0.24            0.07
inaccuracy:  0.65000        0.70000           59.89           -0.20            0.04
inaccuracy:  0.70000        0.75000           64.00           -0.11            0.02
inaccuracy:  0.75000        0.80000           65.86           -0.12            0.02
inaccuracy:  0.80000        0.85000           66.41           -0.10            0.04
inaccuracy:  0.85000        0.90000           64.86           -0.08            0.07
inaccuracy:  0.90000        0.95000           63.61           -0.11            0.09
inaccuracy:  0.95000        1.00000           63.12           -0.10            0.11
===================================================================================================================================
                BAR        
-----------------------------------------------------------------------------------------------------------------------------------
BAR-estimator:         λ             λ+δλ          ΔΔA             ΔA            C               Δδe            δe       
                          
-----------------------------------------------------------------------------------------------------------------------------------
BAR-estimator:      0.00000        0.05000        1.2331         1.2331         1.2331         0.0103         0.0103 
BAR-estimator:      0.05000        0.10000        0.6078         1.8409         0.6078         0.0087         0.0135 
BAR-estimator:      0.10000        0.15000        0.2866         2.1275         0.2866         0.0057         0.0146 
BAR-estimator:      0.15000        0.20000        0.1450         2.2725         0.1450         0.0046         0.0154 
BAR-estimator:      0.20000        0.25000        0.0715         2.3440         0.0715         0.0039         0.0158 
BAR-estimator:      0.25000        0.30000        0.0230         2.3670         0.0230         0.0039         0.0163 
BAR-estimator:      0.30000        0.35000       -0.0104         2.3566        -0.0104         0.0042         0.0168 
BAR-estimator:      0.35000        0.40000       -0.0358         2.3209        -0.0358         0.0037         0.0173 
BAR-estimator:      0.40000        0.45000       -0.0496         2.2712        -0.0496         0.0034         0.0176 
BAR-estimator:      0.45000        0.50000       -0.0652         2.2060        -0.0652         0.0029         0.0178 
BAR-estimator:      0.50000        0.55000       -0.1968         2.0092        -0.1968         0.0040         0.0183 
BAR-estimator:      0.55000        0.60000       -0.4719         1.5374        -0.4719         0.0046         0.0188 
BAR-estimator:      0.60000        0.65000       -0.7954         0.7419        -0.7954         0.0041         0.0193 
BAR-estimator:      0.65000        0.70000       -1.1389        -0.3970        -1.1389         0.0077         0.0207 
BAR-estimator:      0.70000        0.75000       -1.3061        -1.7030        -1.3061         0.0065         0.0217 
BAR-estimator:      0.75000        0.80000       -1.2998        -3.0028        -1.2998         0.0040         0.0221 
BAR-estimator:      0.80000        0.85000       -1.2101        -4.2129        -1.2101         0.0040         0.0225 
BAR-estimator:      0.85000        0.90000       -1.0845        -5.2973        -1.0845         0.0045         0.0229 
BAR-estimator:      0.90000        0.95000       -0.9596        -6.2570        -0.9596         0.0040         0.0233 
BAR-estimator:      0.95000        1.00000       -0.8581        -7.1151        -0.8581         0.0044         0.0237 
BAR-estimator: total free energy change is -7.115102899630946 , total error is 0.023689425299969445
