#========================================================================================
#                     Free energy perturbation    
#----------------------------------------------------------------------------------------
#forward/backward          λ              ΔΔA                 ΔA                  δε   
#                                                 
#----------------------------------------------------------------------------------------
forward:               0.0000              0.0000              0.0000              0.0000  
forward:               0.0500              1.1822              1.1822              0.0150  
forward:               0.1000              0.6263              1.8085              0.0199  
forward:               0.1500              0.3150              2.1235              0.0214  
forward:               0.2000              0.1621              2.2856              0.0222  
forward:               0.2500              0.0796              2.3652              0.0228  
forward:               0.3000              0.0248              2.3900              0.0233  
forward:               0.3500             -0.0027              2.3873              0.0237  
forward:               0.4000             -0.0303              2.3570              0.0241  
forward:               0.4500             -0.0455              2.3116              0.0245  
forward:               0.5000             -0.0605              2.2511              0.0247  
forward:               0.5500             -0.2244              2.0267              0.0258  
forward:               0.6000             -0.5436              1.4831              0.0268  
forward:               0.6500             -0.8929              0.5902              0.0282  
forward:               0.7000             -1.2466             -0.6563              0.0299  
forward:               0.7500             -1.4357             -2.0921              0.0309  
forward:               0.8000             -1.4360             -3.5281              0.0314  
forward:               0.8500             -1.3622             -4.8903              0.0318  
forward:               0.9000             -1.2645             -6.1548              0.0320  
forward:               0.9500             -1.2251             -7.3799              0.0324  
forward:               1.0000             -1.1469             -8.5267              0.0326  
backward:              1.0000              0.0000             -8.5267              0.0000  
backward:              0.9500              0.9573             -7.5694              0.0066  
backward:              0.9000              1.0552             -6.5143              0.0089  
backward:              0.8500              1.1773             -5.3369              0.0108  
backward:              0.8000              1.3037             -4.0332              0.0130  
backward:              0.7500              1.3841             -2.6491              0.0149  
backward:              0.7000              1.3880             -1.2611              0.0180  
backward:              0.6500              1.2144             -0.0467              0.0210  
backward:              0.6000              0.8666              0.8200              0.0233  
backward:              0.5500              0.5029              1.3229              0.0246  
backward:              0.5000              0.2128              1.5357              0.0257  
backward:              0.4500              0.0720              1.6078              0.0260  
backward:              0.4000              0.0421              1.6498              0.0264  
backward:              0.3500              0.0327              1.6826              0.0269  
backward:              0.3000             -0.0034              1.6792              0.0296  
backward:              0.2500             -0.0323              1.6469              0.0302  
backward:              0.2000             -0.0741              1.5728              0.0311  
backward:              0.1500             -0.1677              1.4051              0.0325  
backward:              0.1000             -0.3213              1.0838              0.0358  
backward:              0.0500             -0.6301              0.4536              0.0417  
backward:              0.0000             -1.2566             -0.8030              0.0488  
Inaccuracy estimation
======================================================================================================
                   i        i+δi          P0_overlap_P1   δε(forward)/ε   δε(backward)/ε
======================================================================================================
inaccuracy:  0.00000        0.05000           43.90           -0.04            1.05
inaccuracy:  0.05000        0.10000           53.01           -0.02            0.72
inaccuracy:  0.10000        0.15000           62.85           -0.01            0.38
inaccuracy:  0.15000        0.20000           68.80           -0.01            0.21
inaccuracy:  0.20000        0.25000           71.96           -0.01            0.15
inaccuracy:  0.25000        0.30000           75.26           -0.01            0.12
inaccuracy:  0.30000        0.35000           74.83           -0.01            0.11
inaccuracy:  0.35000        0.40000           75.33           -0.01            0.09
inaccuracy:  0.40000        0.45000           76.82           -0.01            0.09
inaccuracy:  0.45000        0.50000           75.41           -0.01            0.09
inaccuracy:  0.50000        0.55000           66.03           -0.11            0.14
inaccuracy:  0.55000        0.60000           67.18           -0.16            0.09
inaccuracy:  0.60000        0.65000           61.73           -0.21            0.07
inaccuracy:  0.65000        0.70000           61.17           -0.17            0.03
inaccuracy:  0.70000        0.75000           64.98           -0.12            0.01
inaccuracy:  0.75000        0.80000           67.92           -0.08            0.01
inaccuracy:  0.80000        0.85000           69.03           -0.05            0.03
inaccuracy:  0.85000        0.90000           68.84           -0.05            0.05
inaccuracy:  0.90000        0.95000           72.78           -0.03            0.06
inaccuracy:  0.95000        1.00000           72.58           -0.02            0.07
===================================================================================================================================
                BAR        
-----------------------------------------------------------------------------------------------------------------------------------
BAR-estimator:         λ             λ+δλ          ΔΔA             ΔA            C               Δδe            δe       
                          
-----------------------------------------------------------------------------------------------------------------------------------
BAR-estimator:      0.00000        0.05000        1.2048         1.2048         1.2048         0.0079         0.0079 
BAR-estimator:      0.05000        0.10000        0.6389         1.8438         0.6389         0.0080         0.0112 
BAR-estimator:      0.10000        0.15000        0.3163         2.1601         0.3163         0.0058         0.0126 
BAR-estimator:      0.15000        0.20000        0.1624         2.3225         0.1624         0.0041         0.0133 
BAR-estimator:      0.20000        0.25000        0.0792         2.4017         0.0792         0.0035         0.0137 
BAR-estimator:      0.25000        0.30000        0.0289         2.4306         0.0289         0.0037         0.0142 
BAR-estimator:      0.30000        0.35000       -0.0042         2.4264        -0.0042         0.0041         0.0148 
BAR-estimator:      0.35000        0.40000       -0.0325         2.3939        -0.0325         0.0035         0.0152 
BAR-estimator:      0.40000        0.45000       -0.0444         2.3495        -0.0444         0.0031         0.0155 
BAR-estimator:      0.45000        0.50000       -0.0653         2.2842        -0.0653         0.0026         0.0157 
BAR-estimator:      0.50000        0.55000       -0.2143         2.0699        -0.2143         0.0042         0.0163 
BAR-estimator:      0.55000        0.60000       -0.5245         1.5454        -0.5245         0.0038         0.0167 
BAR-estimator:      0.60000        0.65000       -0.8775         0.6679        -0.8775         0.0047         0.0174 
BAR-estimator:      0.65000        0.70000       -1.2253        -0.5574        -1.2253         0.0054         0.0182 
BAR-estimator:      0.70000        0.75000       -1.4098        -1.9672        -1.4098         0.0049         0.0188 
BAR-estimator:      0.75000        0.80000       -1.4068        -3.3740        -1.4068         0.0046         0.0194 
BAR-estimator:      0.80000        0.85000       -1.3232        -4.6972        -1.3232         0.0035         0.0197 
BAR-estimator:      0.85000        0.90000       -1.2133        -5.9105        -1.2133         0.0042         0.0201 
BAR-estimator:      0.90000        0.95000       -1.1307        -7.0413        -1.1307         0.0037         0.0205 
BAR-estimator:      0.95000        1.00000       -1.0400        -8.0813        -1.0400         0.0034         0.0208 
BAR-estimator: total free energy change is -8.081258956036368 , total error is 0.020769130893729174
