#========================================================================================
#                     Free energy perturbation    
#----------------------------------------------------------------------------------------
#forward/backward          λ              ΔΔA                 ΔA                  δε   
#                                                 
#----------------------------------------------------------------------------------------
forward:               0.0000              0.0000              0.0000              0.0000  
forward:               0.0500              0.6156              0.6156              0.0137  
forward:               0.1000              0.3387              0.9543              0.0158  
forward:               0.1500              0.2378              1.1921              0.0172  
forward:               0.2000              0.1625              1.3546              0.0188  
forward:               0.2500              0.1303              1.4849              0.0194  
forward:               0.3000              0.0964              1.5814              0.0200  
forward:               0.3500              0.0824              1.6637              0.0206  
forward:               0.4000              0.0682              1.7319              0.0209  
forward:               0.4500              0.0609              1.7928              0.0214  
forward:               0.5000              0.0440              1.8368              0.0217  
forward:               0.5500             -0.0122              1.8246              0.0222  
forward:               0.6000             -0.1029              1.7217              0.0226  
forward:               0.6500             -0.1684              1.5533              0.0230  
forward:               0.7000             -0.2178              1.3355              0.0233  
forward:               0.7500             -0.2519              1.0835              0.0236  
forward:               0.8000             -0.2789              0.8047              0.0238  
forward:               0.8500             -0.2967              0.5080              0.0241  
forward:               0.9000             -0.3212              0.1868              0.0243  
forward:               0.9500             -0.3215             -0.1347              0.0245  
forward:               1.0000             -0.3349             -0.4696              0.0247  
backward:              1.0000              0.0000             -0.4696              0.0000  
backward:              0.9500              0.3406             -0.1290              0.0043  
backward:              0.9000              0.3291              0.2001              0.0057  
backward:              0.8500              0.3056              0.5057              0.0074  
backward:              0.8000              0.2939              0.7996              0.0083  
backward:              0.7500              0.2779              1.0775              0.0094  
backward:              0.7000              0.2481              1.3256              0.0102  
backward:              0.6500              0.2059              1.5314              0.0111  
backward:              0.6000              0.1568              1.6883              0.0118  
backward:              0.5500              0.1045              1.7928              0.0126  
backward:              0.5000              0.0076              1.8004              0.0147  
backward:              0.4500             -0.0459              1.7545              0.0153  
backward:              0.4000             -0.0537              1.7008              0.0158  
backward:              0.3500             -0.0715              1.6293              0.0164  
backward:              0.3000             -0.0849              1.5444              0.0170  
backward:              0.2500             -0.1050              1.4395              0.0178  
backward:              0.2000             -0.1401              1.2993              0.0189  
backward:              0.1500             -0.1667              1.1326              0.0201  
backward:              0.1000             -0.2270              0.9056              0.0216  
backward:              0.0500             -0.3328              0.5728              0.0239  
backward:              0.0000             -0.6423             -0.0695              0.0511  
Inaccuracy estimation
======================================================================================================
                   i        i+δi          P0_overlap_P1   δε(forward)/ε   δε(backward)/ε
======================================================================================================
inaccuracy:  0.00000        0.05000           48.08           -0.00            0.89
inaccuracy:  0.05000        0.10000           69.28           -0.00            0.29
inaccuracy:  0.10000        0.15000           69.23           -0.00            0.20
inaccuracy:  0.15000        0.20000           77.60           -0.00            0.11
inaccuracy:  0.20000        0.25000           76.67           -0.01            0.11
inaccuracy:  0.25000        0.30000           81.13           -0.00            0.08
inaccuracy:  0.30000        0.35000           79.73           -0.00            0.07
inaccuracy:  0.35000        0.40000           81.50           -0.00            0.07
inaccuracy:  0.40000        0.45000           80.18           -0.01            0.07
inaccuracy:  0.45000        0.50000           82.05           -0.00            0.06
inaccuracy:  0.50000        0.55000           67.64           -0.03            0.11
inaccuracy:  0.55000        0.60000           78.11           -0.03            0.06
inaccuracy:  0.60000        0.65000           73.34           -0.03            0.05
inaccuracy:  0.65000        0.70000           79.70           -0.02            0.04
inaccuracy:  0.70000        0.75000           75.03           -0.03            0.05
inaccuracy:  0.75000        0.80000           78.84           -0.02            0.05
inaccuracy:  0.80000        0.85000           77.44           -0.03            0.05
inaccuracy:  0.85000        0.90000           79.66           -0.02            0.05
inaccuracy:  0.90000        0.95000           75.98           -0.03            0.05
inaccuracy:  0.95000        1.00000           77.21           -0.03            0.06
===================================================================================================================================
            	   BAR        
-----------------------------------------------------------------------------------------------------------------------------------
BAR-estimator:         λ             λ+δλ          ΔΔA             ΔA            C               Δδe            δe       
                          
-----------------------------------------------------------------------------------------------------------------------------------
BAR-estimator:      0.00000        0.05000        0.5408         0.5408         0.5408         0.0093         0.0093 
BAR-estimator:      0.05000        0.10000        0.3410         0.8818         0.3410         0.0053         0.0107 
BAR-estimator:      0.10000        0.15000        0.2141         1.0959         0.2141         0.0045         0.0116 
BAR-estimator:      0.15000        0.20000        0.1628         1.2587         0.1628         0.0031         0.0120 
BAR-estimator:      0.20000        0.25000        0.1207         1.3794         0.1207         0.0033         0.0125 
BAR-estimator:      0.25000        0.30000        0.1001         1.4796         0.1001         0.0034         0.0129 
BAR-estimator:      0.30000        0.35000        0.0784         1.5579         0.0784         0.0032         0.0133 
BAR-estimator:      0.35000        0.40000        0.0689         1.6269         0.0689         0.0026         0.0136 
BAR-estimator:      0.40000        0.45000        0.0549         1.6817         0.0549         0.0028         0.0139 
BAR-estimator:      0.45000        0.50000        0.0448         1.7266         0.0448         0.0024         0.0141 
BAR-estimator:      0.50000        0.55000       -0.0523         1.6743        -0.0523         0.0029         0.0144 
BAR-estimator:      0.55000        0.60000       -0.1029         1.5715        -0.1029         0.0030         0.0147 
BAR-estimator:      0.60000        0.65000       -0.1887         1.3828        -0.1887         0.0026         0.0149 
BAR-estimator:      0.65000        0.70000       -0.2141         1.1687        -0.2141         0.0028         0.0152 
BAR-estimator:      0.70000        0.75000       -0.2661         0.9025        -0.2661         0.0029         0.0154 
BAR-estimator:      0.75000        0.80000       -0.2787         0.6238        -0.2787         0.0027         0.0157 
BAR-estimator:      0.80000        0.85000       -0.3023         0.3216        -0.3023         0.0028         0.0159 
BAR-estimator:      0.85000        0.90000       -0.3138         0.0078        -0.3138         0.0036         0.0163 
BAR-estimator:      0.90000        0.95000       -0.3311        -0.3233        -0.3311         0.0025         0.0165 
BAR-estimator:      0.95000        1.00000       -0.3358        -0.6591        -0.3358         0.0030         0.0168 
BAR-estimator: total free energy change is -0.6590643661761597 , total error is 0.016784414497677355
