#========================================================================================
#                     Free energy perturbation    
#----------------------------------------------------------------------------------------
#forward/backward          λ              ΔΔA                 ΔA                  δε   
#                                                 
#----------------------------------------------------------------------------------------
forward:               0.0000              0.0000              0.0000              0.0000  
forward:               0.0500              0.5814              0.5814              0.0087  
forward:               0.1000              0.3368              0.9182              0.0101  
forward:               0.1500              0.2337              1.1519              0.0118  
forward:               0.2000              0.1696              1.3215              0.0128  
forward:               0.2500              0.1227              1.4443              0.0134  
forward:               0.3000              0.0971              1.5414              0.0141  
forward:               0.3500              0.0887              1.6301              0.0145  
forward:               0.4000              0.0591              1.6893              0.0149  
forward:               0.4500              0.0527              1.7419              0.0152  
forward:               0.5000              0.0380              1.7800              0.0157  
forward:               0.5500             -0.0142              1.7658              0.0162  
forward:               0.6000             -0.1063              1.6595              0.0165  
forward:               0.6500             -0.1619              1.4976              0.0168  
forward:               0.7000             -0.2105              1.2871              0.0171  
forward:               0.7500             -0.2426              1.0445              0.0174  
forward:               0.8000             -0.2720              0.7725              0.0177  
forward:               0.8500             -0.2927              0.4798              0.0181  
forward:               0.9000             -0.3110              0.1689              0.0184  
forward:               0.9500             -0.3142             -0.1453              0.0186  
forward:               1.0000             -0.3304             -0.4757              0.0188  
backward:              1.0000              0.0000             -0.4757              0.0000  
backward:              0.9500              0.3295             -0.1462              0.0037  
backward:              0.9000              0.3185              0.1723              0.0050  
backward:              0.8500              0.3090              0.4813              0.0059  
backward:              0.8000              0.2886              0.7699              0.0077  
backward:              0.7500              0.2717              1.0416              0.0086  
backward:              0.7000              0.2372              1.2788              0.0095  
backward:              0.6500              0.2174              1.4962              0.0100  
backward:              0.6000              0.1595              1.6557              0.0106  
backward:              0.5500              0.1053              1.7610              0.0114  
backward:              0.5000              0.0081              1.7691              0.0121  
backward:              0.4500             -0.0338              1.7353              0.0126  
backward:              0.4000             -0.0488              1.6865              0.0132  
backward:              0.3500             -0.0629              1.6236              0.0137  
backward:              0.3000             -0.0771              1.5465              0.0145  
backward:              0.2500             -0.0961              1.4504              0.0152  
backward:              0.2000             -0.1270              1.3234              0.0161  
backward:              0.1500             -0.1527              1.1707              0.0169  
backward:              0.1000             -0.2326              0.9381              0.0188  
backward:              0.0500             -0.3272              0.6109              0.0205  
backward:              0.0000             -0.6694             -0.0585              0.0858  
Inaccuracy estimation
======================================================================================================
                   i        i+δi          P0_overlap_P1   δε(forward)/ε   δε(backward)/ε
======================================================================================================
inaccuracy:  0.00000        0.05000           49.86           -0.00            0.86
inaccuracy:  0.05000        0.10000           69.46           -0.00            0.27
inaccuracy:  0.10000        0.15000           68.31           -0.00            0.20
inaccuracy:  0.15000        0.20000           75.54           -0.00            0.13
inaccuracy:  0.20000        0.25000           76.46           -0.01            0.10
inaccuracy:  0.25000        0.30000           79.40           -0.00            0.08
inaccuracy:  0.30000        0.35000           77.64           -0.01            0.08
inaccuracy:  0.35000        0.40000           82.02           -0.00            0.07
inaccuracy:  0.40000        0.45000           80.44           -0.01            0.07
inaccuracy:  0.45000        0.50000           82.22           -0.00            0.06
inaccuracy:  0.50000        0.55000           67.46           -0.04            0.10
inaccuracy:  0.55000        0.60000           77.67           -0.03            0.06
inaccuracy:  0.60000        0.65000           72.23           -0.04            0.06
inaccuracy:  0.65000        0.70000           78.19           -0.02            0.05
inaccuracy:  0.70000        0.75000           75.40           -0.03            0.05
inaccuracy:  0.75000        0.80000           79.10           -0.02            0.04
inaccuracy:  0.80000        0.85000           76.44           -0.03            0.05
inaccuracy:  0.85000        0.90000           78.54           -0.02            0.05
inaccuracy:  0.90000        0.95000           76.01           -0.02            0.06
inaccuracy:  0.95000        1.00000           78.12           -0.03            0.05
===================================================================================================================================
            	   BAR        
-----------------------------------------------------------------------------------------------------------------------------------
BAR-estimator:         λ             λ+δλ          ΔΔA             ΔA            C               Δδe            δe       
                          
-----------------------------------------------------------------------------------------------------------------------------------
BAR-estimator:      0.00000        0.05000        0.5237         0.5237         0.5237         0.0059         0.0059 
BAR-estimator:      0.05000        0.10000        0.3364         0.8601         0.3364         0.0037         0.0070 
BAR-estimator:      0.10000        0.15000        0.2083         1.0684         0.2083         0.0041         0.0081 
BAR-estimator:      0.15000        0.20000        0.1646         1.2330         0.1646         0.0033         0.0087 
BAR-estimator:      0.20000        0.25000        0.1128         1.3458         0.1128         0.0028         0.0092 
BAR-estimator:      0.25000        0.30000        0.0964         1.4422         0.0964         0.0030         0.0097 
BAR-estimator:      0.30000        0.35000        0.0780         1.5202         0.0780         0.0025         0.0100 
BAR-estimator:      0.35000        0.40000        0.0605         1.5807         0.0605         0.0023         0.0102 
BAR-estimator:      0.40000        0.45000        0.0454         1.6262         0.0454         0.0022         0.0105 
BAR-estimator:      0.45000        0.50000        0.0377         1.6638         0.0377         0.0026         0.0108 
BAR-estimator:      0.50000        0.55000       -0.0560         1.6078        -0.0560         0.0028         0.0112 
BAR-estimator:      0.55000        0.60000       -0.1070         1.5009        -0.1070         0.0024         0.0114 
BAR-estimator:      0.60000        0.65000       -0.1875         1.3133        -0.1875         0.0032         0.0118 
BAR-estimator:      0.65000        0.70000       -0.2131         1.1002        -0.2131         0.0025         0.0121 
BAR-estimator:      0.70000        0.75000       -0.2571         0.8431        -0.2571         0.0024         0.0123 
BAR-estimator:      0.75000        0.80000       -0.2719         0.5713        -0.2719         0.0025         0.0126 
BAR-estimator:      0.80000        0.85000       -0.3020         0.2693        -0.3020         0.0026         0.0129 
BAR-estimator:      0.85000        0.90000       -0.3104        -0.0412        -0.3104         0.0026         0.0131 
BAR-estimator:      0.90000        0.95000       -0.3234        -0.3646        -0.3234         0.0022         0.0133 
BAR-estimator:      0.95000        1.00000       -0.3299        -0.6945        -0.3299         0.0022         0.0135 
BAR-estimator: total free energy change is -0.6944857760316688 , total error is 0.013493295707329689
