#========================================================================================
#                     Free energy perturbation    
#----------------------------------------------------------------------------------------
#forward/backward          λ              ΔΔA                 ΔA                  δε   
#                                                 
#----------------------------------------------------------------------------------------
forward:               0.0000              0.0000              0.0000              0.0000  
forward:               0.0500              1.2236              1.2236              0.0201  
forward:               0.1000              0.6827              1.9064              0.0246  
forward:               0.1500              0.3016              2.2080              0.0269  
forward:               0.2000              0.1403              2.3483              0.0279  
forward:               0.2500              0.0285              2.3768              0.0286  
forward:               0.3000             -0.0407              2.3361              0.0291  
forward:               0.3500             -0.0715              2.2646              0.0294  
forward:               0.4000             -0.1184              2.1462              0.0297  
forward:               0.4500             -0.1407              2.0055              0.0304  
forward:               0.5000             -0.1652              1.8402              0.0306  
forward:               0.5500             -0.6536              1.1866              0.0320  
forward:               0.6000             -1.3599             -0.1733              0.0335  
forward:               0.6500             -1.9892             -2.1624              0.0361  
forward:               0.7000             -2.5139             -4.6764              0.0379  
forward:               0.7500             -2.7794             -7.4557              0.0396  
forward:               0.8000             -2.8439            -10.2996              0.0408  
forward:               0.8500             -2.7349            -13.0346              0.0415  
forward:               0.9000             -2.5830            -15.6176              0.0421  
forward:               0.9500             -2.4279            -18.0455              0.0427  
forward:               1.0000             -2.2564            -20.3019              0.0434  
backward:              1.0000              0.0000            -20.3019              0.0000  
backward:              0.9500              2.2809            -18.0210              0.0130  
backward:              0.9000              2.4240            -15.5970              0.0163  
backward:              0.8500              2.5925            -13.0044              0.0230  
backward:              0.8000              2.7175            -10.2870              0.0265  
backward:              0.7500              2.8156             -7.4714              0.0285  
backward:              0.7000              2.7995             -4.6719              0.0311  
backward:              0.6500              2.5248             -2.1471              0.0331  
backward:              0.6000              2.0221             -0.1250              0.0355  
backward:              0.5500              1.3823              1.2573              0.0368  
backward:              0.5000              0.6494              1.9067              0.0382  
backward:              0.4500              0.1720              2.0786              0.0384  
backward:              0.4000              0.1324              2.2110              0.0387  
backward:              0.3500              0.1130              2.3240              0.0390  
backward:              0.3000              0.0782              2.4022              0.0394  
backward:              0.2500              0.0332              2.4354              0.0399  
backward:              0.2000             -0.0283              2.4071              0.0406  
backward:              0.1500             -0.1218              2.2852              0.0418  
backward:              0.1000             -0.3261              1.9591              0.0455  
backward:              0.0500             -0.6702              1.2889              0.0531  
backward:              0.0000             -1.2617              0.0272              0.0590  
Inaccuracy estimation
======================================================================================================
                   i        i+δi          P0_overlap_P1   δε(forward)/ε   δε(backward)/ε
======================================================================================================
inaccuracy:  0.00000        0.05000           42.79           -0.04            1.09
inaccuracy:  0.05000        0.10000           50.72           -0.03            0.84
inaccuracy:  0.10000        0.15000           62.64           -0.01            0.40
inaccuracy:  0.15000        0.20000           65.59           -0.01            0.24
inaccuracy:  0.20000        0.25000           71.32           -0.02            0.16
inaccuracy:  0.25000        0.30000           73.80           -0.01            0.12
inaccuracy:  0.30000        0.35000           73.96           -0.02            0.11
inaccuracy:  0.35000        0.40000           76.64           -0.01            0.09
inaccuracy:  0.40000        0.45000           77.14           -0.01            0.08
inaccuracy:  0.45000        0.50000           75.99           -0.01            0.08
inaccuracy:  0.50000        0.55000           53.13           -0.29            0.25
inaccuracy:  0.55000        0.60000           53.13           -0.46            0.05
inaccuracy:  0.60000        0.65000           50.83           -0.62           -0.05
inaccuracy:  0.65000        0.70000           52.29           -0.59           -0.13
inaccuracy:  0.70000        0.75000           53.89           -0.57           -0.18
inaccuracy:  0.75000        0.80000           55.72           -0.42           -0.17
inaccuracy:  0.80000        0.85000           53.73           -0.46           -0.15
inaccuracy:  0.85000        0.90000           51.79           -0.45           -0.12
inaccuracy:  0.90000        0.95000           51.24           -0.39           -0.06
inaccuracy:  0.95000        1.00000           48.78           -0.40           -0.04
===================================================================================================================================
                BAR        
-----------------------------------------------------------------------------------------------------------------------------------
BAR-estimator:         λ             λ+δλ          ΔΔA             ΔA            C               Δδe            δe       
                          
-----------------------------------------------------------------------------------------------------------------------------------
BAR-estimator:      0.00000        0.05000        1.2366         1.2366         1.2366         0.0107         0.0107 
BAR-estimator:      0.05000        0.10000        0.6810         1.9176         0.6810         0.0092         0.0141 
BAR-estimator:      0.10000        0.15000        0.3128         2.2304         0.3128         0.0076         0.0160 
BAR-estimator:      0.15000        0.20000        0.1343         2.3646         0.1343         0.0050         0.0168 
BAR-estimator:      0.20000        0.25000        0.0288         2.3935         0.0288         0.0046         0.0174 
BAR-estimator:      0.25000        0.30000       -0.0376         2.3559        -0.0376         0.0038         0.0178 
BAR-estimator:      0.30000        0.35000       -0.0733         2.2826        -0.0733         0.0033         0.0181 
BAR-estimator:      0.35000        0.40000       -0.1153         2.1674        -0.1153         0.0036         0.0184 
BAR-estimator:      0.40000        0.45000       -0.1376         2.0298        -0.1376         0.0040         0.0189 
BAR-estimator:      0.45000        0.50000       -0.1674         1.8625        -0.1674         0.0026         0.0190 
BAR-estimator:      0.50000        0.55000       -0.6534         1.2091        -0.6534         0.0046         0.0196 
BAR-estimator:      0.55000        0.60000       -1.3709        -0.1618        -1.3709         0.0052         0.0203 
BAR-estimator:      0.60000        0.65000       -2.0168        -2.1786        -2.0168         0.0060         0.0211 
BAR-estimator:      0.65000        0.70000       -2.5273        -4.7059        -2.5273         0.0063         0.0220 
BAR-estimator:      0.70000        0.75000       -2.7960        -7.5019        -2.7960         0.0067         0.0230 
BAR-estimator:      0.75000        0.80000       -2.8297       -10.3315        -2.8297         0.0056         0.0237 
BAR-estimator:      0.80000        0.85000       -2.7339       -13.0655        -2.7339         0.0055         0.0243 
BAR-estimator:      0.85000        0.90000       -2.5867       -15.6522        -2.5867         0.0046         0.0248 
BAR-estimator:      0.90000        0.95000       -2.4199       -18.0721        -2.4199         0.0058         0.0254 
BAR-estimator:      0.95000        1.00000       -2.2637       -20.3358        -2.2637         0.0065         0.0263 
BAR-estimator: total free energy change is -20.335761916517612 , total error is 0.026274172255306153
