#========================================================================================
#                     Free energy perturbation    
#----------------------------------------------------------------------------------------
#forward/backward          λ              ΔΔA                 ΔA                  δε   
#                                                 
#----------------------------------------------------------------------------------------
forward:               0.0000              0.0000              0.0000              0.0000  
forward:               0.0500              1.2376              1.2376              0.0173  
forward:               0.1000              0.6388              1.8764              0.0209  
forward:               0.1500              0.3015              2.1779              0.0225  
forward:               0.2000              0.1165              2.2944              0.0234  
forward:               0.2500              0.0132              2.3076              0.0240  
forward:               0.3000             -0.0502              2.2574              0.0244  
forward:               0.3500             -0.0914              2.1660              0.0248  
forward:               0.4000             -0.1272              2.0389              0.0252  
forward:               0.4500             -0.1500              1.8889              0.0254  
forward:               0.5000             -0.1718              1.7171              0.0257  
forward:               0.5500             -0.6710              1.0461              0.0269  
forward:               0.6000             -1.3688             -0.3227              0.0282  
forward:               0.6500             -2.0004             -2.3231              0.0312  
forward:               0.7000             -2.5147             -4.8378              0.0328  
forward:               0.7500             -2.7897             -7.6275              0.0343  
forward:               0.8000             -2.8320            -10.4595              0.0353  
forward:               0.8500             -2.7526            -13.2121              0.0360  
forward:               0.9000             -2.5826            -15.7947              0.0366  
forward:               0.9500             -2.4351            -18.2297              0.0373  
forward:               1.0000             -2.2806            -20.5103              0.0378  
backward:              1.0000              0.0000            -20.5103              0.0000  
backward:              0.9500              2.2843            -18.2261              0.0137  
backward:              0.9000              2.4310            -15.7950              0.0187  
backward:              0.8500              2.5868            -13.2082              0.0220  
backward:              0.8000              2.7210            -10.4873              0.0249  
backward:              0.7500              2.8282             -7.6591              0.0270  
backward:              0.7000              2.7684             -4.8907              0.0293  
backward:              0.6500              2.5113             -2.3794              0.0315  
backward:              0.6000              2.0038             -0.3756              0.0332  
backward:              0.5500              1.3768              1.0012              0.0340  
backward:              0.5000              0.6711              1.6723              0.0356  
backward:              0.4500              0.1773              1.8496              0.0358  
backward:              0.4000              0.1558              2.0054              0.0360  
backward:              0.3500              0.1149              2.1203              0.0364  
backward:              0.3000              0.0861              2.2065              0.0368  
backward:              0.2500              0.0466              2.2530              0.0372  
backward:              0.2000             -0.0254              2.2277              0.0380  
backward:              0.1500             -0.1229              2.1048              0.0398  
backward:              0.1000             -0.3089              1.7959              0.0419  
backward:              0.0500             -0.6427              1.1531              0.0464  
backward:              0.0000             -1.2062             -0.0531              0.0545  
Inaccuracy estimation
======================================================================================================
                   i        i+δi          P0_overlap_P1   δε(forward)/ε   δε(backward)/ε
======================================================================================================
inaccuracy:  0.00000        0.05000           40.36           -0.04            1.20
inaccuracy:  0.05000        0.10000           51.29           -0.02            0.77
inaccuracy:  0.10000        0.15000           60.97           -0.02            0.37
inaccuracy:  0.15000        0.20000           68.84           -0.01            0.23
inaccuracy:  0.20000        0.25000           72.28           -0.02            0.15
inaccuracy:  0.25000        0.30000           73.67           -0.01            0.13
inaccuracy:  0.30000        0.35000           74.69           -0.01            0.10
inaccuracy:  0.35000        0.40000           77.30           -0.01            0.09
inaccuracy:  0.40000        0.45000           76.23           -0.01            0.08
inaccuracy:  0.45000        0.50000           76.53           -0.01            0.08
inaccuracy:  0.50000        0.55000           53.21           -0.31            0.20
inaccuracy:  0.55000        0.60000           54.60           -0.40            0.05
inaccuracy:  0.60000        0.65000           52.96           -0.57           -0.05
inaccuracy:  0.65000        0.70000           52.85           -0.55           -0.12
inaccuracy:  0.70000        0.75000           55.42           -0.47           -0.15
inaccuracy:  0.75000        0.80000           54.39           -0.47           -0.16
inaccuracy:  0.80000        0.85000           54.24           -0.45           -0.13
inaccuracy:  0.85000        0.90000           51.79           -0.47           -0.11
inaccuracy:  0.90000        0.95000           50.23           -0.42           -0.07
inaccuracy:  0.95000        1.00000           49.26           -0.47           -0.03
===================================================================================================================================
                BAR        
-----------------------------------------------------------------------------------------------------------------------------------
BAR-estimator:         λ             λ+δλ          ΔΔA             ΔA            C               Δδe            δe       
                          
-----------------------------------------------------------------------------------------------------------------------------------
BAR-estimator:      0.00000        0.05000        1.2306         1.2306         1.2306         0.0086         0.0086 
BAR-estimator:      0.05000        0.10000        0.6396         1.8702         0.6396         0.0068         0.0110 
BAR-estimator:      0.10000        0.15000        0.3026         2.1728         0.3026         0.0056         0.0123 
BAR-estimator:      0.15000        0.20000        0.1227         2.2955         0.1227         0.0043         0.0130 
BAR-estimator:      0.20000        0.25000        0.0163         2.3118         0.0163         0.0038         0.0136 
BAR-estimator:      0.25000        0.30000       -0.0460         2.2658        -0.0460         0.0035         0.0140 
BAR-estimator:      0.30000        0.35000       -0.0897         2.1761        -0.0897         0.0034         0.0144 
BAR-estimator:      0.35000        0.40000       -0.1231         2.0530        -0.1231         0.0030         0.0147 
BAR-estimator:      0.40000        0.45000       -0.1510         1.9019        -0.1510         0.0027         0.0150 
BAR-estimator:      0.45000        0.50000       -0.1738         1.7282        -0.1738         0.0023         0.0152 
BAR-estimator:      0.50000        0.55000       -0.6662         1.0620        -0.6662         0.0044         0.0158 
BAR-estimator:      0.55000        0.60000       -1.3659        -0.3040        -1.3659         0.0045         0.0164 
BAR-estimator:      0.60000        0.65000       -2.0030        -2.3069        -2.0030         0.0056         0.0173 
BAR-estimator:      0.65000        0.70000       -2.5140        -4.8209        -2.5140         0.0054         0.0181 
BAR-estimator:      0.70000        0.75000       -2.7776        -7.5985        -2.7776         0.0054         0.0189 
BAR-estimator:      0.75000        0.80000       -2.8259       -10.4244        -2.8259         0.0051         0.0196 
BAR-estimator:      0.80000        0.85000       -2.7366       -13.1610        -2.7366         0.0049         0.0202 
BAR-estimator:      0.85000        0.90000       -2.5854       -15.7464        -2.5854         0.0048         0.0208 
BAR-estimator:      0.90000        0.95000       -2.4384       -18.1847        -2.4384         0.0053         0.0214 
BAR-estimator:      0.95000        1.00000       -2.2830       -20.4678        -2.2830         0.0053         0.0221 
BAR-estimator: total free energy change is -20.467758624287058 , total error is 0.0220662819697289
