#========================================================================================
#                     Free energy perturbation    
#----------------------------------------------------------------------------------------
#forward/backward          λ              ΔΔA                 ΔA                  δε   
#                                                 
#----------------------------------------------------------------------------------------
forward:               0.0000              0.0000              0.0000              0.0000  
forward:               0.0500              1.2886              1.2886              0.0221  
forward:               0.1000              0.6310              1.9196              0.0248  
forward:               0.1500              0.3711              2.2907              0.0263  
forward:               0.2000              0.2206              2.5113              0.0270  
forward:               0.2500              0.1484              2.6597              0.0276  
forward:               0.3000              0.0895              2.7492              0.0280  
forward:               0.3500              0.0609              2.8101              0.0284  
forward:               0.4000              0.0317              2.8418              0.0287  
forward:               0.4500              0.0146              2.8564              0.0291  
forward:               0.5000             -0.0144              2.8420              0.0293  
forward:               0.5500             -0.1755              2.6665              0.0298  
forward:               0.6000             -0.3873              2.2792              0.0302  
forward:               0.6500             -0.5616              1.7176              0.0307  
forward:               0.7000             -0.7211              0.9965              0.0311  
forward:               0.7500             -0.8115              0.1849              0.0315  
forward:               0.8000             -0.8814             -0.6965              0.0319  
forward:               0.8500             -0.9180             -1.6144              0.0321  
forward:               0.9000             -0.9280             -2.5424              0.0324  
forward:               0.9500             -0.9403             -3.4828              0.0326  
forward:               1.0000             -0.9253             -4.4081              0.0328  
backward:              1.0000              0.0000             -4.4081              0.0000  
backward:              0.9500              0.9236             -3.4845              0.0052  
backward:              0.9000              0.9307             -2.5538              0.0076  
backward:              0.8500              0.9268             -1.6271              0.0087  
backward:              0.8000              0.9150             -0.7121              0.0100  
backward:              0.7500              0.8867              0.1745              0.0114  
backward:              0.7000              0.8102              0.9847              0.0125  
backward:              0.6500              0.7065              1.6911              0.0132  
backward:              0.6000              0.5539              2.2451              0.0142  
backward:              0.5500              0.3908              2.6359              0.0153  
backward:              0.5000              0.1740              2.8099              0.0163  
backward:              0.4500              0.0103              2.8202              0.0169  
backward:              0.4000             -0.0118              2.8083              0.0175  
backward:              0.3500             -0.0247              2.7836              0.0187  
backward:              0.3000             -0.0536              2.7300              0.0194  
backward:              0.2500             -0.0946              2.6354              0.0203  
backward:              0.2000             -0.1619              2.4735              0.0218  
backward:              0.1500             -0.2305              2.2429              0.0234  
backward:              0.1000             -0.3689              1.8741              0.0266  
backward:              0.0500             -0.6826              1.1915              0.0408  
backward:              0.0000             -1.2790             -0.0876              0.0856  
Inaccuracy estimation
======================================================================================================
                   i        i+δi          P0_overlap_P1   δε(forward)/ε   δε(backward)/ε
======================================================================================================
inaccuracy:  0.00000        0.05000           38.61           -0.02            1.82
inaccuracy:  0.05000        0.10000           56.74           -0.02            0.60
inaccuracy:  0.10000        0.15000           64.95           -0.01            0.32
inaccuracy:  0.15000        0.20000           70.98           -0.01            0.19
inaccuracy:  0.20000        0.25000           74.28           -0.00            0.14
inaccuracy:  0.25000        0.30000           75.78           -0.00            0.12
inaccuracy:  0.30000        0.35000           75.80           -0.00            0.10
inaccuracy:  0.35000        0.40000           76.52           -0.01            0.09
inaccuracy:  0.40000        0.45000           77.00           -0.00            0.08
inaccuracy:  0.45000        0.50000           78.95           -0.01            0.07
inaccuracy:  0.50000        0.55000           68.30           -0.06            0.11
inaccuracy:  0.55000        0.60000           69.32           -0.08            0.08
inaccuracy:  0.60000        0.65000           70.17           -0.07            0.06
inaccuracy:  0.65000        0.70000           71.30           -0.09            0.04
inaccuracy:  0.70000        0.75000           70.74           -0.08            0.04
inaccuracy:  0.75000        0.80000           70.84           -0.09            0.03
inaccuracy:  0.80000        0.85000           72.03           -0.07            0.04
inaccuracy:  0.85000        0.90000           70.46           -0.08            0.04
inaccuracy:  0.90000        0.95000           70.68           -0.09            0.04
inaccuracy:  0.95000        1.00000           69.18           -0.08            0.04
===================================================================================================================================
                BAR        
-----------------------------------------------------------------------------------------------------------------------------------
BAR-estimator:         λ             λ+δλ          ΔΔA             ΔA            C               Δδe            δe       
                          
-----------------------------------------------------------------------------------------------------------------------------------
BAR-estimator:      0.00000        0.05000        1.2784         1.2784         1.2784         0.0124         0.0124 
BAR-estimator:      0.05000        0.10000        0.6303         1.9087         0.6303         0.0074         0.0144 
BAR-estimator:      0.10000        0.15000        0.3723         2.2810         0.3723         0.0054         0.0154 
BAR-estimator:      0.15000        0.20000        0.2254         2.5065         0.2254         0.0043         0.0160 
BAR-estimator:      0.20000        0.25000        0.1521         2.6586         0.1521         0.0038         0.0165 
BAR-estimator:      0.25000        0.30000        0.0930         2.7516         0.0930         0.0033         0.0168 
BAR-estimator:      0.30000        0.35000        0.0587         2.8104         0.0587         0.0033         0.0171 
BAR-estimator:      0.35000        0.40000        0.0286         2.8389         0.0286         0.0028         0.0173 
BAR-estimator:      0.40000        0.45000        0.0124         2.8513         0.0124         0.0031         0.0176 
BAR-estimator:      0.45000        0.50000       -0.0135         2.8378        -0.0135         0.0025         0.0178 
BAR-estimator:      0.50000        0.55000       -0.1750         2.6628        -0.1750         0.0034         0.0181 
BAR-estimator:      0.55000        0.60000       -0.3892         2.2736        -0.3892         0.0032         0.0184 
BAR-estimator:      0.60000        0.65000       -0.5571         1.7164        -0.5571         0.0035         0.0187 
BAR-estimator:      0.65000        0.70000       -0.7144         1.0021        -0.7144         0.0037         0.0191 
BAR-estimator:      0.70000        0.75000       -0.8103         0.1918        -0.8103         0.0035         0.0194 
BAR-estimator:      0.75000        0.80000       -0.8829        -0.6911        -0.8829         0.0037         0.0197 
BAR-estimator:      0.80000        0.85000       -0.9146        -1.6057        -0.9146         0.0033         0.0200 
BAR-estimator:      0.85000        0.90000       -0.9274        -2.5331        -0.9274         0.0035         0.0203 
BAR-estimator:      0.90000        0.95000       -0.9362        -3.4693        -0.9362         0.0036         0.0206 
BAR-estimator:      0.95000        1.00000       -0.9259        -4.3952        -0.9259         0.0032         0.0209 
BAR-estimator: total free energy change is -4.395248307565149 , total error is 0.02087072794207995
