#========================================================================================
#                     Free energy perturbation    
#----------------------------------------------------------------------------------------
#forward/backward          λ              ΔΔA                 ΔA                  δε   
#                                                 
#----------------------------------------------------------------------------------------
forward:               0.0000              0.0000              0.0000              0.0000  
forward:               0.0500              1.2770              1.2770              0.0226  
forward:               0.1000              0.6481              1.9250              0.0249  
forward:               0.1500              0.3756              2.3006              0.0260  
forward:               0.2000              0.2325              2.5331              0.0267  
forward:               0.2500              0.1592              2.6923              0.0273  
forward:               0.3000              0.0985              2.7908              0.0277  
forward:               0.3500              0.0622              2.8530              0.0280  
forward:               0.4000              0.0286              2.8816              0.0282  
forward:               0.4500              0.0091              2.8908              0.0285  
forward:               0.5000             -0.0099              2.8809              0.0287  
forward:               0.5500             -0.1713              2.7096              0.0290  
forward:               0.6000             -0.3890              2.3206              0.0293  
forward:               0.6500             -0.5681              1.7525              0.0296  
forward:               0.7000             -0.7147              1.0379              0.0299  
forward:               0.7500             -0.8287              0.2092              0.0303  
forward:               0.8000             -0.8966             -0.6874              0.0306  
forward:               0.8500             -0.9260             -1.6135              0.0308  
forward:               0.9000             -0.9487             -2.5622              0.0310  
forward:               0.9500             -0.9505             -3.5127              0.0313  
forward:               1.0000             -0.9471             -4.4597              0.0315  
backward:              1.0000              0.0000             -4.4597              0.0000  
backward:              0.9500              0.9476             -3.5122              0.0047  
backward:              0.9000              0.9557             -2.5565              0.0069  
backward:              0.8500              0.9435             -1.6130              0.0086  
backward:              0.8000              0.9156             -0.6974              0.0098  
backward:              0.7500              0.8897              0.1923              0.0109  
backward:              0.7000              0.8292              1.0215              0.0121  
backward:              0.6500              0.7156              1.7370              0.0132  
backward:              0.6000              0.5721              2.3091              0.0142  
backward:              0.5500              0.3867              2.6958              0.0151  
backward:              0.5000              0.1670              2.8628              0.0159  
backward:              0.4500             -0.0001              2.8627              0.0166  
backward:              0.4000             -0.0219              2.8408              0.0174  
backward:              0.3500             -0.0247              2.8162              0.0179  
backward:              0.3000             -0.0565              2.7597              0.0186  
backward:              0.2500             -0.0898              2.6699              0.0195  
backward:              0.2000             -0.1504              2.5196              0.0204  
backward:              0.1500             -0.2315              2.2880              0.0216  
backward:              0.1000             -0.3726              1.9155              0.0240  
backward:              0.0500             -0.6327              1.2828              0.0275  
backward:              0.0000             -1.1916              0.0912              0.0434  
Inaccuracy estimation
======================================================================================================
                   i        i+δi          P0_overlap_P1   δε(forward)/ε   δε(backward)/ε
======================================================================================================
inaccuracy:  0.00000        0.05000           39.15           -0.03            1.75
inaccuracy:  0.05000        0.10000           56.24           -0.01            0.62
inaccuracy:  0.10000        0.15000           64.44           -0.01            0.32
inaccuracy:  0.15000        0.20000           70.16           -0.01            0.20
inaccuracy:  0.20000        0.25000           72.16           -0.00            0.16
inaccuracy:  0.25000        0.30000           74.55           -0.01            0.12
inaccuracy:  0.30000        0.35000           76.14           -0.01            0.10
inaccuracy:  0.35000        0.40000           77.71           -0.01            0.09
inaccuracy:  0.40000        0.45000           78.78           -0.01            0.07
inaccuracy:  0.45000        0.50000           79.30           -0.01            0.07
inaccuracy:  0.50000        0.55000           68.50           -0.07            0.10
inaccuracy:  0.55000        0.60000           70.06           -0.08            0.08
inaccuracy:  0.60000        0.65000           69.62           -0.09            0.06
inaccuracy:  0.65000        0.70000           70.37           -0.09            0.04
inaccuracy:  0.70000        0.75000           70.36           -0.08            0.04
inaccuracy:  0.75000        0.80000           71.53           -0.08            0.03
inaccuracy:  0.80000        0.85000           71.25           -0.08            0.03
inaccuracy:  0.85000        0.90000           70.31           -0.08            0.04
inaccuracy:  0.90000        0.95000           68.78           -0.07            0.04
inaccuracy:  0.95000        1.00000           68.81           -0.09            0.04
===================================================================================================================================
                BAR        
-----------------------------------------------------------------------------------------------------------------------------------
BAR-estimator:         λ             λ+δλ          ΔΔA             ΔA            C               Δδe            δe       
                          
-----------------------------------------------------------------------------------------------------------------------------------
BAR-estimator:      0.00000        0.05000        1.2657         1.2657         1.2657         0.0089         0.0089 
BAR-estimator:      0.05000        0.10000        0.6507         1.9165         0.6507         0.0065         0.0110 
BAR-estimator:      0.10000        0.15000        0.3744         2.2909         0.3744         0.0050         0.0121 
BAR-estimator:      0.15000        0.20000        0.2317         2.5226         0.2317         0.0041         0.0128 
BAR-estimator:      0.20000        0.25000        0.1569         2.6795         0.1569         0.0036         0.0133 
BAR-estimator:      0.25000        0.30000        0.0954         2.7748         0.0954         0.0032         0.0137 
BAR-estimator:      0.30000        0.35000        0.0603         2.8351         0.0603         0.0030         0.0140 
BAR-estimator:      0.35000        0.40000        0.0278         2.8629         0.0278         0.0027         0.0143 
BAR-estimator:      0.40000        0.45000        0.0120         2.8749         0.0120         0.0026         0.0145 
BAR-estimator:      0.45000        0.50000       -0.0063         2.8686        -0.0063         0.0024         0.0147 
BAR-estimator:      0.50000        0.55000       -0.1722         2.6964        -0.1722         0.0033         0.0150 
BAR-estimator:      0.55000        0.60000       -0.3883         2.3081        -0.3883         0.0032         0.0154 
BAR-estimator:      0.60000        0.65000       -0.5696         1.7385        -0.5696         0.0031         0.0157 
BAR-estimator:      0.65000        0.70000       -0.7140         1.0244        -0.7140         0.0032         0.0160 
BAR-estimator:      0.70000        0.75000       -0.8264         0.1980        -0.8264         0.0033         0.0163 
BAR-estimator:      0.75000        0.80000       -0.8932        -0.6952        -0.8932         0.0031         0.0166 
BAR-estimator:      0.80000        0.85000       -0.9210        -1.6162        -0.9210         0.0031         0.0169 
BAR-estimator:      0.85000        0.90000       -0.9465        -2.5627        -0.9465         0.0032         0.0172 
BAR-estimator:      0.90000        0.95000       -0.9524        -3.5151        -0.9524         0.0025         0.0174 
BAR-estimator:      0.95000        1.00000       -0.9504        -4.4655        -0.9504         0.0031         0.0177 
BAR-estimator: total free energy change is -4.465498684275633 , total error is 0.017693818057765952
