#========================================================================================
#                     Free energy perturbation    
#----------------------------------------------------------------------------------------
#forward/backward          λ              ΔΔA                 ΔA                  δε   
#                                                 
#----------------------------------------------------------------------------------------
forward:               0.0000              0.0000              0.0000              0.0000  
forward:               0.0500              1.3300              1.3300              0.0129  
forward:               0.1000              0.5905              1.9205              0.0167  
forward:               0.1500              0.2484              2.1689              0.0177  
forward:               0.2000              0.0661              2.2350              0.0184  
forward:               0.2500             -0.0306              2.2044              0.0188  
forward:               0.3000             -0.0905              2.1139              0.0191  
forward:               0.3500             -0.1409              1.9730              0.0194  
forward:               0.4000             -0.1717              1.8013              0.0195  
forward:               0.4500             -0.2013              1.6000              0.0196  
forward:               0.5000             -0.2265              1.3735              0.0198  
forward:               0.5500             -0.7053              0.6682              0.0207  
forward:               0.6000             -1.3689             -0.7007              0.0217  
forward:               0.6500             -1.9805             -2.6812              0.0229  
forward:               0.7000             -2.4758             -5.1571              0.0242  
forward:               0.7500             -2.7707             -7.9278              0.0255  
forward:               0.8000             -2.8325            -10.7603              0.0263  
forward:               0.8500             -2.7747            -13.5350              0.0270  
forward:               0.9000             -2.6482            -16.1832              0.0273  
forward:               0.9500             -2.5105            -18.6938              0.0278  
forward:               1.0000             -2.3605            -21.0543              0.0284  
backward:              1.0000              0.0000            -21.0543              0.0000  
backward:              0.9500              2.3643            -18.6900              0.0118  
backward:              0.9000              2.5035            -16.1864              0.0141  
backward:              0.8500              2.6434            -13.5431              0.0166  
backward:              0.8000              2.7506            -10.7925              0.0197  
backward:              0.7500              2.8233             -7.9692              0.0212  
backward:              0.7000              2.7581             -5.2111              0.0226  
backward:              0.6500              2.4808             -2.7303              0.0240  
backward:              0.6000              1.9787             -0.7516              0.0258  
backward:              0.5500              1.3778              0.6262              0.0268  
backward:              0.5000              0.7142              1.3404              0.0277  
backward:              0.4500              0.2218              1.5621              0.0279  
backward:              0.4000              0.2028              1.7650              0.0280  
backward:              0.3500              0.1819              1.9469              0.0283  
backward:              0.3000              0.1434              2.0903              0.0286  
backward:              0.2500              0.0904              2.1807              0.0289  
backward:              0.2000              0.0361              2.2168              0.0293  
backward:              0.1500             -0.0704              2.1464              0.0300  
backward:              0.1000             -0.2386              1.9077              0.0313  
backward:              0.0500             -0.5974              1.3104              0.0372  
backward:              0.0000             -1.3037              0.0067              0.0516  
Inaccuracy estimation
======================================================================================================
                   i        i+δi          P0_overlap_P1   δε(forward)/ε   δε(backward)/ε
======================================================================================================
inaccuracy:  0.00000        0.05000           36.98           -0.06            1.47
inaccuracy:  0.05000        0.10000           50.66           -0.03            0.82
inaccuracy:  0.10000        0.15000           60.79           -0.02            0.40
inaccuracy:  0.15000        0.20000           68.37           -0.01            0.21
inaccuracy:  0.20000        0.25000           70.64           -0.02            0.15
inaccuracy:  0.25000        0.30000           73.57           -0.02            0.12
inaccuracy:  0.30000        0.35000           74.27           -0.02            0.10
inaccuracy:  0.35000        0.40000           75.61           -0.01            0.09
inaccuracy:  0.40000        0.45000           76.24           -0.02            0.07
inaccuracy:  0.45000        0.50000           76.98           -0.01            0.07
inaccuracy:  0.50000        0.55000           53.54           -0.31            0.19
inaccuracy:  0.55000        0.60000           54.13           -0.42            0.04
inaccuracy:  0.60000        0.65000           53.47           -0.49           -0.04
inaccuracy:  0.65000        0.70000           53.34           -0.52           -0.12
inaccuracy:  0.70000        0.75000           55.99           -0.47           -0.16
inaccuracy:  0.75000        0.80000           55.81           -0.45           -0.17
inaccuracy:  0.80000        0.85000           54.94           -0.46           -0.16
inaccuracy:  0.85000        0.90000           53.38           -0.42           -0.12
inaccuracy:  0.90000        0.95000           52.04           -0.45           -0.09
inaccuracy:  0.95000        1.00000           51.04           -0.42           -0.05
===================================================================================================================================
                BAR        
-----------------------------------------------------------------------------------------------------------------------------------
BAR-estimator:         λ             λ+δλ          ΔΔA             ΔA            C               Δδe            δe       
                          
-----------------------------------------------------------------------------------------------------------------------------------
BAR-estimator:      0.00000        0.05000        1.3150         1.3150         1.3150         0.0070         0.0070 
BAR-estimator:      0.05000        0.10000        0.5951         1.9101         0.5951         0.0064         0.0095 
BAR-estimator:      0.10000        0.15000        0.2476         2.1577         0.2476         0.0040         0.0103 
BAR-estimator:      0.15000        0.20000        0.0672         2.2249         0.0672         0.0031         0.0108 
BAR-estimator:      0.20000        0.25000       -0.0328         2.1922        -0.0328         0.0027         0.0111 
BAR-estimator:      0.25000        0.30000       -0.0891         2.1030        -0.0891         0.0026         0.0114 
BAR-estimator:      0.30000        0.35000       -0.1416         1.9615        -0.1416         0.0021         0.0116 
BAR-estimator:      0.35000        0.40000       -0.1739         1.7876        -0.1739         0.0023         0.0118 
BAR-estimator:      0.40000        0.45000       -0.2021         1.5856        -0.2021         0.0020         0.0120 
BAR-estimator:      0.45000        0.50000       -0.2248         1.3608        -0.2248         0.0018         0.0121 
BAR-estimator:      0.50000        0.55000       -0.7029         0.6579        -0.7029         0.0035         0.0126 
BAR-estimator:      0.55000        0.60000       -1.3737        -0.7158        -1.3737         0.0035         0.0131 
BAR-estimator:      0.60000        0.65000       -1.9784        -2.6942        -1.9784         0.0041         0.0137 
BAR-estimator:      0.65000        0.70000       -2.4750        -5.1692        -2.4750         0.0039         0.0142 
BAR-estimator:      0.70000        0.75000       -2.7599        -7.9291        -2.7599         0.0045         0.0149 
BAR-estimator:      0.75000        0.80000       -2.8277       -10.7568        -2.8277         0.0037         0.0154 
BAR-estimator:      0.80000        0.85000       -2.7701       -13.5269        -2.7701         0.0038         0.0158 
BAR-estimator:      0.85000        0.90000       -2.6437       -16.1706        -2.6437         0.0037         0.0163 
BAR-estimator:      0.90000        0.95000       -2.5061       -18.6767        -2.5061         0.0039         0.0167 
BAR-estimator:      0.95000        1.00000       -2.3621       -21.0387        -2.3621         0.0039         0.0172 
BAR-estimator: total free energy change is -21.038746752885302 , total error is 0.01720218546078056
