#========================================================================================
#                     Free energy perturbation    
#----------------------------------------------------------------------------------------
#forward/backward          λ              ΔΔA                 ΔA                  δε   
#                                                 
#----------------------------------------------------------------------------------------
forward:               0.0000              0.0000              0.0000              0.0000  
forward:               0.0500              0.8277              0.8277              0.0143  
forward:               0.1000              0.4832              1.3109              0.0180  
forward:               0.1500              0.3265              1.6375              0.0197  
forward:               0.2000              0.2204              1.8579              0.0212  
forward:               0.2500              0.1616              2.0195              0.0220  
forward:               0.3000              0.1168              2.1363              0.0228  
forward:               0.3500              0.0947              2.2310              0.0232  
forward:               0.4000              0.0706              2.3016              0.0236  
forward:               0.4500              0.0490              2.3506              0.0240  
forward:               0.5000              0.0309              2.3815              0.0243  
forward:               0.5500             -0.0631              2.3184              0.0250  
forward:               0.6000             -0.2403              2.0781              0.0258  
forward:               0.6500             -0.4001              1.6779              0.0270  
forward:               0.7000             -0.5653              1.1127              0.0275  
forward:               0.7500             -0.6571              0.4555              0.0287  
forward:               0.8000             -0.6794             -0.2239              0.0291  
forward:               0.8500             -0.6651             -0.8890              0.0297  
forward:               0.9000             -0.6383             -1.5273              0.0300  
forward:               0.9500             -0.5988             -2.1261              0.0302  
forward:               1.0000             -0.5610             -2.6871              0.0305  
backward:              1.0000              0.0000             -2.6871              0.0000  
backward:              0.9500              0.5552             -2.1319              0.0067  
backward:              0.9000              0.5904             -1.5414              0.0087  
backward:              0.8500              0.6430             -0.8984              0.0104  
backward:              0.8000              0.6670             -0.2314              0.0117  
backward:              0.7500              0.6626              0.4312              0.0141  
backward:              0.7000              0.6395              1.0707              0.0158  
backward:              0.6500              0.5728              1.6435              0.0182  
backward:              0.6000              0.4069              2.0504              0.0208  
backward:              0.5500              0.2384              2.2888              0.0217  
backward:              0.5000              0.0723              2.3611              0.0225  
backward:              0.4500             -0.0268              2.3344              0.0229  
backward:              0.4000             -0.0434              2.2910              0.0233  
backward:              0.3500             -0.0608              2.2302              0.0239  
backward:              0.3000             -0.0954              2.1348              0.0245  
backward:              0.2500             -0.1135              2.0213              0.0252  
backward:              0.2000             -0.1572              1.8641              0.0264  
backward:              0.1500             -0.2160              1.6481              0.0275  
backward:              0.1000             -0.3443              1.3038              0.0313  
backward:              0.0500             -0.5359              0.7679              0.0349  
backward:              0.0000             -0.8449             -0.0771              0.0402  
Inaccuracy estimation
======================================================================================================
                   i        i+δi          P0_overlap_P1   δε(forward)/ε   δε(backward)/ε
======================================================================================================
inaccuracy:  0.00000        0.05000           53.21           -0.01            0.67
inaccuracy:  0.05000        0.10000           62.50           -0.00            0.45
inaccuracy:  0.10000        0.15000           67.60           -0.01            0.26
inaccuracy:  0.15000        0.20000           71.48           -0.01            0.21
inaccuracy:  0.20000        0.25000           73.20           -0.00            0.15
inaccuracy:  0.25000        0.30000           74.38           -0.01            0.12
inaccuracy:  0.30000        0.35000           76.13           -0.00            0.10
inaccuracy:  0.35000        0.40000           75.95           -0.01            0.10
inaccuracy:  0.40000        0.45000           76.84           -0.01            0.09
inaccuracy:  0.45000        0.50000           77.81           -0.00            0.09
inaccuracy:  0.50000        0.55000           70.29           -0.05            0.14
inaccuracy:  0.55000        0.60000           71.18           -0.08            0.09
inaccuracy:  0.60000        0.65000           69.53           -0.09            0.08
inaccuracy:  0.65000        0.70000           68.19           -0.08            0.06
inaccuracy:  0.70000        0.75000           71.00           -0.07            0.06
inaccuracy:  0.75000        0.80000           70.83           -0.07            0.06
inaccuracy:  0.80000        0.85000           69.49           -0.07            0.07
inaccuracy:  0.85000        0.90000           69.33           -0.08            0.08
inaccuracy:  0.90000        0.95000           69.31           -0.05            0.09
inaccuracy:  0.95000        1.00000           68.64           -0.06            0.10
===================================================================================================================================
                BAR        
-----------------------------------------------------------------------------------------------------------------------------------
BAR-estimator:         λ             λ+δλ          ΔΔA             ΔA            C               Δδe            δe       
                          
-----------------------------------------------------------------------------------------------------------------------------------
BAR-estimator:      0.00000        0.05000        0.8326         0.8326         0.8326         0.0086         0.0086 
BAR-estimator:      0.05000        0.10000        0.5092         1.3418         0.5092         0.0071         0.0112 
BAR-estimator:      0.10000        0.15000        0.3295         1.6713         0.3295         0.0054         0.0124 
BAR-estimator:      0.15000        0.20000        0.2232         1.8944         0.2232         0.0050         0.0134 
BAR-estimator:      0.20000        0.25000        0.1576         2.0521         0.1576         0.0043         0.0140 
BAR-estimator:      0.25000        0.30000        0.1146         2.1667         0.1146         0.0040         0.0146 
BAR-estimator:      0.30000        0.35000        0.0933         2.2600         0.0933         0.0039         0.0151 
BAR-estimator:      0.35000        0.40000        0.0672         2.3272         0.0672         0.0036         0.0155 
BAR-estimator:      0.40000        0.45000        0.0481         2.3753         0.0481         0.0031         0.0158 
BAR-estimator:      0.45000        0.50000        0.0307         2.4060         0.0307         0.0028         0.0161 
BAR-estimator:      0.50000        0.55000       -0.0639         2.3421        -0.0639         0.0036         0.0165 
BAR-estimator:      0.55000        0.60000       -0.2401         2.1020        -0.2401         0.0038         0.0169 
BAR-estimator:      0.60000        0.65000       -0.4003         1.7017        -0.4003         0.0042         0.0174 
BAR-estimator:      0.65000        0.70000       -0.5682         1.1335        -0.5682         0.0044         0.0180 
BAR-estimator:      0.70000        0.75000       -0.6482         0.4853        -0.6482         0.0046         0.0185 
BAR-estimator:      0.75000        0.80000       -0.6750        -0.1897        -0.6750         0.0039         0.0189 
BAR-estimator:      0.80000        0.85000       -0.6659        -0.8556        -0.6659         0.0037         0.0193 
BAR-estimator:      0.85000        0.90000       -0.6384        -1.4940        -0.6384         0.0039         0.0197 
BAR-estimator:      0.90000        0.95000       -0.5934        -2.0874        -0.5934         0.0037         0.0200 
BAR-estimator:      0.95000        1.00000       -0.5620        -2.6494        -0.5620         0.0050         0.0206 
BAR-estimator: total free energy change is -2.6493714659870093 , total error is 0.02062035076361459
