#========================================================================================
#                     Free energy perturbation    
#----------------------------------------------------------------------------------------
#forward/backward          λ              ΔΔA                 ΔA                  δε   
#                                                 
#----------------------------------------------------------------------------------------
forward:               0.0000              0.0000              0.0000              0.0000  
forward:               0.0500              0.8298              0.8298              0.0099  
forward:               0.1000              0.5209              1.3507              0.0127  
forward:               0.1500              0.3253              1.6759              0.0147  
forward:               0.2000              0.2291              1.9050              0.0158  
forward:               0.2500              0.1700              2.0750              0.0166  
forward:               0.3000              0.1091              2.1841              0.0172  
forward:               0.3500              0.0913              2.2754              0.0176  
forward:               0.4000              0.0693              2.3447              0.0181  
forward:               0.4500              0.0366              2.3813              0.0184  
forward:               0.5000              0.0436              2.4249              0.0189  
forward:               0.5500             -0.0766              2.3482              0.0195  
forward:               0.6000             -0.2385              2.1097              0.0199  
forward:               0.6500             -0.4163              1.6934              0.0208  
forward:               0.7000             -0.5676              1.1259              0.0215  
forward:               0.7500             -0.6634              0.4625              0.0220  
forward:               0.8000             -0.6933             -0.2308              0.0225  
forward:               0.8500             -0.6889             -0.9197              0.0229  
forward:               0.9000             -0.6620             -1.5817              0.0231  
forward:               0.9500             -0.6286             -2.2103              0.0235  
forward:               1.0000             -0.5987             -2.8090              0.0237  
backward:              1.0000              0.0000             -2.8090              0.0000  
backward:              0.9500              0.6030             -2.2059              0.0055  
backward:              0.9000              0.6151             -1.5908              0.0079  
backward:              0.8500              0.6627             -0.9281              0.0095  
backward:              0.8000              0.6880             -0.2401              0.0111  
backward:              0.7500              0.7047              0.4645              0.0124  
backward:              0.7000              0.6707              1.1352              0.0137  
backward:              0.6500              0.5683              1.7035              0.0150  
backward:              0.6000              0.4156              2.1192              0.0160  
backward:              0.5500              0.2397              2.3589              0.0169  
backward:              0.5000              0.0736              2.4325              0.0172  
backward:              0.4500             -0.0347              2.3978              0.0177  
backward:              0.4000             -0.0467              2.3511              0.0183  
backward:              0.3500             -0.0769              2.2742              0.0189  
backward:              0.3000             -0.0896              2.1846              0.0195  
backward:              0.2500             -0.1199              2.0647              0.0206  
backward:              0.2000             -0.1684              1.8963              0.0216  
backward:              0.1500             -0.2371              1.6592              0.0231  
backward:              0.1000             -0.3274              1.3318              0.0255  
backward:              0.0500             -0.5264              0.8054              0.0280  
backward:              0.0000             -0.8157             -0.0103              0.0321  
Inaccuracy estimation
======================================================================================================
                   i        i+δi          P0_overlap_P1   δε(forward)/ε   δε(backward)/ε
======================================================================================================
inaccuracy:  0.00000        0.05000           51.98           -0.02            0.67
inaccuracy:  0.05000        0.10000           60.95           -0.01            0.43
inaccuracy:  0.10000        0.15000           66.84           -0.01            0.28
inaccuracy:  0.15000        0.20000           71.32           -0.01            0.19
inaccuracy:  0.20000        0.25000           73.09           -0.01            0.16
inaccuracy:  0.25000        0.30000           76.57           -0.01            0.12
inaccuracy:  0.30000        0.35000           75.72           -0.01            0.11
inaccuracy:  0.35000        0.40000           77.30           -0.01            0.09
inaccuracy:  0.40000        0.45000           79.35           -0.01            0.09
inaccuracy:  0.45000        0.50000           77.22           -0.01            0.09
inaccuracy:  0.50000        0.55000           71.23           -0.06            0.12
inaccuracy:  0.55000        0.60000           70.88           -0.08            0.09
inaccuracy:  0.60000        0.65000           68.95           -0.09            0.07
inaccuracy:  0.65000        0.70000           68.68           -0.09            0.07
inaccuracy:  0.70000        0.75000           69.37           -0.08            0.06
inaccuracy:  0.75000        0.80000           68.57           -0.09            0.06
inaccuracy:  0.80000        0.85000           69.74           -0.08            0.06
inaccuracy:  0.85000        0.90000           69.04           -0.06            0.07
inaccuracy:  0.90000        0.95000           69.35           -0.07            0.08
inaccuracy:  0.95000        1.00000           67.93           -0.06            0.09
===================================================================================================================================
                BAR        
-----------------------------------------------------------------------------------------------------------------------------------
BAR-estimator:         λ             λ+δλ          ΔΔA             ΔA            C               Δδe            δe       
                          
-----------------------------------------------------------------------------------------------------------------------------------
BAR-estimator:      0.00000        0.05000        0.8226         0.8226         0.8226         0.0061         0.0061 
BAR-estimator:      0.05000        0.10000        0.5219         1.3445         0.5219         0.0053         0.0080 
BAR-estimator:      0.10000        0.15000        0.3265         1.6710         0.3265         0.0048         0.0094 
BAR-estimator:      0.15000        0.20000        0.2324         1.9033         0.2324         0.0039         0.0101 
BAR-estimator:      0.20000        0.25000        0.1698         2.0731         0.1698         0.0036         0.0108 
BAR-estimator:      0.25000        0.30000        0.1130         2.1861         0.1130         0.0034         0.0113 
BAR-estimator:      0.30000        0.35000        0.0898         2.2759         0.0898         0.0029         0.0117 
BAR-estimator:      0.35000        0.40000        0.0727         2.3486         0.0727         0.0028         0.0120 
BAR-estimator:      0.40000        0.45000        0.0418         2.3904         0.0418         0.0026         0.0123 
BAR-estimator:      0.45000        0.50000        0.0415         2.4319         0.0415         0.0028         0.0126 
BAR-estimator:      0.50000        0.55000       -0.0745         2.3574        -0.0745         0.0034         0.0130 
BAR-estimator:      0.55000        0.60000       -0.2408         2.1166        -0.2408         0.0032         0.0134 
BAR-estimator:      0.60000        0.65000       -0.4151         1.7014        -0.4151         0.0034         0.0138 
BAR-estimator:      0.65000        0.70000       -0.5691         1.1323        -0.5691         0.0034         0.0143 
BAR-estimator:      0.70000        0.75000       -0.6642         0.4681        -0.6642         0.0034         0.0147 
BAR-estimator:      0.75000        0.80000       -0.6992        -0.2311        -0.6992         0.0033         0.0150 
BAR-estimator:      0.80000        0.85000       -0.6892        -0.9203        -0.6892         0.0033         0.0154 
BAR-estimator:      0.85000        0.90000       -0.6635        -1.5837        -0.6635         0.0029         0.0157 
BAR-estimator:      0.90000        0.95000       -0.6249        -2.2087        -0.6249         0.0034         0.0160 
BAR-estimator:      0.95000        1.00000       -0.5995        -2.8081        -0.5995         0.0028         0.0163 
BAR-estimator: total free energy change is -2.8081274876183118 , total error is 0.016281800357172013
