#========================================================================================
#                     Free energy perturbation    
#----------------------------------------------------------------------------------------
#forward/backward          λ              ΔΔA                 ΔA                  δε   
#                                                 
#----------------------------------------------------------------------------------------
forward:               0.0000              0.0000              0.0000              0.0000  
forward:               0.0500              0.8572              0.8572              0.0140  
forward:               0.1000              0.4528              1.3100              0.0170  
forward:               0.1500              0.2424              1.5524              0.0185  
forward:               0.2000              0.1316              1.6841              0.0196  
forward:               0.2500              0.0794              1.7635              0.0202  
forward:               0.3000              0.0330              1.7965              0.0206  
forward:               0.3500              0.0166              1.8131              0.0212  
forward:               0.4000             -0.0161              1.7970              0.0215  
forward:               0.4500             -0.0278              1.7692              0.0219  
forward:               0.5000             -0.0401              1.7291              0.0222  
forward:               0.5500             -0.1665              1.5625              0.0228  
forward:               0.6000             -0.4371              1.1255              0.0236  
forward:               0.6500             -0.6685              0.4569              0.0244  
forward:               0.7000             -0.8736             -0.4167              0.0252  
forward:               0.7500             -1.0287             -1.4454              0.0260  
forward:               0.8000             -1.1325             -2.5778              0.0266  
forward:               0.8500             -1.1832             -3.7610              0.0270  
forward:               0.9000             -1.2038             -4.9649              0.0275  
forward:               0.9500             -1.2259             -6.1908              0.0280  
forward:               1.0000             -1.2233             -7.4141              0.0283  
backward:              1.0000              0.0000             -7.4141              0.0000  
backward:              0.9500              1.2223             -6.1918              0.0053  
backward:              0.9000              1.2182             -4.9736              0.0070  
backward:              0.8500              1.2084             -3.7652              0.0089  
backward:              0.8000              1.1786             -2.5866              0.0109  
backward:              0.7500              1.1209             -1.4657              0.0122  
backward:              0.7000              1.0200             -0.4457              0.0150  
backward:              0.6500              0.8827              0.4370              0.0162  
backward:              0.6000              0.6607              1.0977              0.0174  
backward:              0.5500              0.4326              1.5303              0.0186  
backward:              0.5000              0.1753              1.7056              0.0196  
backward:              0.4500              0.0426              1.7483              0.0199  
backward:              0.4000              0.0184              1.7667              0.0204  
backward:              0.3500              0.0142              1.7809              0.0208  
backward:              0.3000             -0.0230              1.7579              0.0215  
backward:              0.2500             -0.0375              1.7204              0.0221  
backward:              0.2000             -0.0840              1.6364              0.0228  
backward:              0.1500             -0.1279              1.5085              0.0236  
backward:              0.1000             -0.2578              1.2506              0.0257  
backward:              0.0500             -0.4308              0.8199              0.0294  
backward:              0.0000             -0.8674             -0.0475              0.0424  
Inaccuracy estimation
======================================================================================================
                   i        i+δi          P0_overlap_P1   δε(forward)/ε   δε(backward)/ε
======================================================================================================
inaccuracy:  0.00000        0.05000           48.23           -0.03            0.77
inaccuracy:  0.05000        0.10000           58.71           -0.02            0.50
inaccuracy:  0.10000        0.15000           69.65           -0.00            0.25
inaccuracy:  0.15000        0.20000           73.42           -0.00            0.16
inaccuracy:  0.20000        0.25000           76.13           -0.00            0.11
inaccuracy:  0.25000        0.30000           77.79           -0.00            0.09
inaccuracy:  0.30000        0.35000           78.94           -0.01            0.09
inaccuracy:  0.35000        0.40000           79.64           -0.00            0.08
inaccuracy:  0.40000        0.45000           80.63           -0.01            0.07
inaccuracy:  0.45000        0.50000           79.58           -0.01            0.07
inaccuracy:  0.50000        0.55000           67.01           -0.08            0.12
inaccuracy:  0.55000        0.60000           69.37           -0.09            0.08
inaccuracy:  0.60000        0.65000           68.65           -0.11            0.05
inaccuracy:  0.65000        0.70000           68.45           -0.12            0.04
inaccuracy:  0.70000        0.75000           69.74           -0.09            0.02
inaccuracy:  0.75000        0.80000           70.38           -0.09            0.02
inaccuracy:  0.80000        0.85000           69.60           -0.09            0.02
inaccuracy:  0.85000        0.90000           68.67           -0.11            0.02
inaccuracy:  0.90000        0.95000           68.45           -0.10            0.02
inaccuracy:  0.95000        1.00000           68.32           -0.09            0.02
===================================================================================================================================
                BAR        
-----------------------------------------------------------------------------------------------------------------------------------
BAR-estimator:         λ             λ+δλ          ΔΔA             ΔA            C               Δδe            δe       
                          
-----------------------------------------------------------------------------------------------------------------------------------
BAR-estimator:      0.00000        0.05000        0.8431         0.8431         0.8431         0.0110         0.0110 
BAR-estimator:      0.05000        0.10000        0.4452         1.2884         0.4452         0.0063         0.0127 
BAR-estimator:      0.10000        0.15000        0.2451         1.5334         0.2451         0.0051         0.0137 
BAR-estimator:      0.15000        0.20000        0.1315         1.6649         0.1315         0.0043         0.0144 
BAR-estimator:      0.20000        0.25000        0.0813         1.7462         0.0813         0.0034         0.0147 
BAR-estimator:      0.25000        0.30000        0.0352         1.7814         0.0352         0.0031         0.0151 
BAR-estimator:      0.30000        0.35000        0.0176         1.7990         0.0176         0.0033         0.0154 
BAR-estimator:      0.35000        0.40000       -0.0144         1.7847        -0.0144         0.0030         0.0157 
BAR-estimator:      0.40000        0.45000       -0.0242         1.7605        -0.0242         0.0028         0.0160 
BAR-estimator:      0.45000        0.50000       -0.0405         1.7200        -0.0405         0.0026         0.0162 
BAR-estimator:      0.50000        0.55000       -0.1728         1.5472        -0.1728         0.0037         0.0166 
BAR-estimator:      0.55000        0.60000       -0.4363         1.1108        -0.4363         0.0038         0.0170 
BAR-estimator:      0.60000        0.65000       -0.6671         0.4437        -0.6671         0.0041         0.0175 
BAR-estimator:      0.65000        0.70000       -0.8750        -0.4312        -0.8750         0.0040         0.0180 
BAR-estimator:      0.70000        0.75000       -1.0215        -1.4527        -1.0215         0.0040         0.0184 
BAR-estimator:      0.75000        0.80000       -1.1224        -2.5752        -1.1224         0.0040         0.0188 
BAR-estimator:      0.80000        0.85000       -1.1818        -3.7570        -1.1818         0.0054         0.0196 
BAR-estimator:      0.85000        0.90000       -1.2069        -4.9639        -1.2069         0.0039         0.0200 
BAR-estimator:      0.90000        0.95000       -1.2229        -6.1868        -1.2229         0.0041         0.0204 
BAR-estimator:      0.95000        1.00000       -1.2213        -7.4081        -1.2213         0.0041         0.0208 
BAR-estimator: total free energy change is -7.408137678334437 , total error is 0.02078609767876907
