#========================================================================================
#                     Free energy perturbation    
#----------------------------------------------------------------------------------------
#forward/backward          λ              ΔΔA                 ΔA                  δε   
#                                                 
#----------------------------------------------------------------------------------------
forward:               0.0000              0.0000              0.0000              0.0000  
forward:               0.0500              0.8366              0.8366              0.0127  
forward:               0.1000              0.4230              1.2596              0.0156  
forward:               0.1500              0.2364              1.4960              0.0171  
forward:               0.2000              0.1413              1.6372              0.0179  
forward:               0.2500              0.0828              1.7200              0.0184  
forward:               0.3000              0.0404              1.7604              0.0188  
forward:               0.3500              0.0070              1.7674              0.0192  
forward:               0.4000             -0.0122              1.7552              0.0195  
forward:               0.4500             -0.0263              1.7289              0.0197  
forward:               0.5000             -0.0383              1.6906              0.0204  
forward:               0.5500             -0.1722              1.5184              0.0209  
forward:               0.6000             -0.4339              1.0845              0.0214  
forward:               0.6500             -0.6677              0.4168              0.0221  
forward:               0.7000             -0.8723             -0.4555              0.0226  
forward:               0.7500             -1.0230             -1.4785              0.0232  
forward:               0.8000             -1.1267             -2.6053              0.0237  
forward:               0.8500             -1.1871             -3.7923              0.0241  
forward:               0.9000             -1.2172             -5.0095              0.0244  
forward:               0.9500             -1.2276             -6.2372              0.0248  
forward:               1.0000             -1.2245             -7.4616              0.0251  
backward:              1.0000              0.0000             -7.4616              0.0000  
backward:              0.9500              1.2245             -6.2371              0.0055  
backward:              0.9000              1.2302             -5.0069              0.0076  
backward:              0.8500              1.2059             -3.8010              0.0099  
backward:              0.8000              1.1806             -2.6204              0.0113  
backward:              0.7500              1.1164             -1.5040              0.0134  
backward:              0.7000              1.0278             -0.4762              0.0146  
backward:              0.6500              0.8824              0.4062              0.0155  
backward:              0.6000              0.6569              1.0632              0.0165  
backward:              0.5500              0.4256              1.4887              0.0172  
backward:              0.5000              0.1762              1.6649              0.0180  
backward:              0.4500              0.0381              1.7029              0.0184  
backward:              0.4000              0.0191              1.7221              0.0188  
backward:              0.3500              0.0169              1.7390              0.0192  
backward:              0.3000             -0.0254              1.7136              0.0199  
backward:              0.2500             -0.0345              1.6791              0.0204  
backward:              0.2000             -0.0908              1.5883              0.0214  
backward:              0.1500             -0.1446              1.4438              0.0221  
backward:              0.1000             -0.2534              1.1904              0.0241  
backward:              0.0500             -0.4296              0.7608              0.0280  
backward:              0.0000             -0.8441             -0.0833              0.0326  
Inaccuracy estimation
======================================================================================================
                   i        i+δi          P0_overlap_P1   δε(forward)/ε   δε(backward)/ε
======================================================================================================
inaccuracy:  0.00000        0.05000           49.11           -0.02            0.77
inaccuracy:  0.05000        0.10000           61.81           -0.01            0.46
inaccuracy:  0.10000        0.15000           69.60           -0.00            0.25
inaccuracy:  0.15000        0.20000           73.16           -0.01            0.16
inaccuracy:  0.20000        0.25000           76.00           -0.00            0.11
inaccuracy:  0.25000        0.30000           76.64           -0.01            0.10
inaccuracy:  0.30000        0.35000           79.43           -0.01            0.08
inaccuracy:  0.35000        0.40000           78.66           -0.01            0.08
inaccuracy:  0.40000        0.45000           79.52           -0.00            0.07
inaccuracy:  0.45000        0.50000           79.46           -0.01            0.06
inaccuracy:  0.50000        0.55000           67.93           -0.08            0.13
inaccuracy:  0.55000        0.60000           68.94           -0.08            0.08
inaccuracy:  0.60000        0.65000           68.36           -0.10            0.05
inaccuracy:  0.65000        0.70000           67.84           -0.12            0.04
inaccuracy:  0.70000        0.75000           68.55           -0.10            0.02
inaccuracy:  0.75000        0.80000           68.65           -0.10            0.02
inaccuracy:  0.80000        0.85000           69.28           -0.10            0.02
inaccuracy:  0.85000        0.90000           69.39           -0.10            0.02
inaccuracy:  0.90000        0.95000           68.14           -0.12            0.02
inaccuracy:  0.95000        1.00000           67.75           -0.12            0.02
===================================================================================================================================
                BAR        
-----------------------------------------------------------------------------------------------------------------------------------
BAR-estimator:         λ             λ+δλ          ΔΔA             ΔA            C               Δδe            δe       
                          
-----------------------------------------------------------------------------------------------------------------------------------
BAR-estimator:      0.00000        0.05000        0.8427         0.8427         0.8427         0.0080         0.0080 
BAR-estimator:      0.05000        0.10000        0.4255         1.2682         0.4255         0.0053         0.0096 
BAR-estimator:      0.10000        0.15000        0.2395         1.5077         0.2395         0.0049         0.0108 
BAR-estimator:      0.15000        0.20000        0.1422         1.6499         0.1422         0.0038         0.0114 
BAR-estimator:      0.20000        0.25000        0.0842         1.7341         0.0842         0.0032         0.0119 
BAR-estimator:      0.25000        0.30000        0.0374         1.7715         0.0374         0.0027         0.0122 
BAR-estimator:      0.30000        0.35000        0.0112         1.7827         0.0112         0.0027         0.0125 
BAR-estimator:      0.35000        0.40000       -0.0137         1.7690        -0.0137         0.0025         0.0127 
BAR-estimator:      0.40000        0.45000       -0.0244         1.7446        -0.0244         0.0023         0.0129 
BAR-estimator:      0.45000        0.50000       -0.0393         1.7053        -0.0393         0.0031         0.0133 
BAR-estimator:      0.50000        0.55000       -0.1699         1.5354        -0.1699         0.0032         0.0137 
BAR-estimator:      0.55000        0.60000       -0.4275         1.1079        -0.4275         0.0032         0.0140 
BAR-estimator:      0.60000        0.65000       -0.6618         0.4461        -0.6618         0.0033         0.0144 
BAR-estimator:      0.65000        0.70000       -0.8757        -0.4296        -0.8757         0.0033         0.0148 
BAR-estimator:      0.70000        0.75000       -1.0236        -1.4532        -1.0236         0.0032         0.0152 
BAR-estimator:      0.75000        0.80000       -1.1254        -2.5786        -1.1254         0.0034         0.0155 
BAR-estimator:      0.80000        0.85000       -1.1848        -3.7634        -1.1848         0.0033         0.0159 
BAR-estimator:      0.85000        0.90000       -1.2129        -4.9763        -1.2129         0.0031         0.0162 
BAR-estimator:      0.90000        0.95000       -1.2277        -6.2040        -1.2277         0.0036         0.0166 
BAR-estimator:      0.95000        1.00000       -1.2277        -7.4317        -1.2277         0.0034         0.0169 
BAR-estimator: total free energy change is -7.4317275504575235 , total error is 0.01689677481665169
