#========================================================================================
#                     Free energy perturbation    
#----------------------------------------------------------------------------------------
#forward/backward          λ              ΔΔA                 ΔA                  δε   
#                                                 
#----------------------------------------------------------------------------------------
forward:               0.0000              0.0000              0.0000              0.0000  
forward:               0.0500              1.0744              1.0744              0.0187  
forward:               0.1000              0.6912              1.7656              0.0231  
forward:               0.1500              0.4007              2.1663              0.0251  
forward:               0.2000              0.2651              2.4314              0.0263  
forward:               0.2500              0.1692              2.6006              0.0270  
forward:               0.3000              0.1118              2.7124              0.0275  
forward:               0.3500              0.0667              2.7791              0.0280  
forward:               0.4000              0.0353              2.8144              0.0283  
forward:               0.4500              0.0227              2.8371              0.0287  
forward:               0.5000             -0.0018              2.8354              0.0290  
forward:               0.5500             -0.1483              2.6870              0.0296  
forward:               0.6000             -0.3806              2.3064              0.0305  
forward:               0.6500             -0.5850              1.7215              0.0317  
forward:               0.7000             -0.7651              0.9563              0.0325  
forward:               0.7500             -0.8725              0.0839              0.0335  
forward:               0.8000             -0.9309             -0.8470              0.0340  
forward:               0.8500             -0.9353             -1.7822              0.0344  
forward:               0.9000             -0.9220             -2.7043              0.0347  
forward:               0.9500             -0.9009             -3.6052              0.0349  
forward:               1.0000             -0.8993             -4.5045              0.0352  
backward:              1.0000              0.0000             -4.5045              0.0000  
backward:              0.9500              0.8939             -3.6106              0.0083  
backward:              0.9000              0.9073             -2.7032              0.0098  
backward:              0.8500              0.9265             -1.7767              0.0112  
backward:              0.8000              0.9276             -0.8491              0.0126  
backward:              0.7500              0.9219              0.0728              0.0138  
backward:              0.7000              0.8865              0.9593              0.0157  
backward:              0.6500              0.7656              1.7248              0.0177  
backward:              0.6000              0.5850              2.3098              0.0197  
backward:              0.5500              0.3822              2.6920              0.0208  
backward:              0.5000              0.1445              2.8365              0.0222  
backward:              0.4500             -0.0053              2.8312              0.0227  
backward:              0.4000             -0.0196              2.8116              0.0232  
backward:              0.3500             -0.0406              2.7710              0.0240  
backward:              0.3000             -0.0723              2.6987              0.0250  
backward:              0.2500             -0.1028              2.5959              0.0258  
backward:              0.2000             -0.1633              2.4326              0.0268  
backward:              0.1500             -0.2806              2.1520              0.0289  
backward:              0.1000             -0.4060              1.7460              0.0314  
backward:              0.0500             -0.6884              1.0576              0.0391  
backward:              0.0000             -1.0371              0.0205              0.0443  
Inaccuracy estimation
======================================================================================================
                   i        i+δi          P0_overlap_P1   δε(forward)/ε   δε(backward)/ε
======================================================================================================
inaccuracy:  0.00000        0.05000           46.77           -0.02            0.85
inaccuracy:  0.05000        0.10000           53.89           -0.02            0.62
inaccuracy:  0.10000        0.15000           62.90           -0.02            0.39
inaccuracy:  0.15000        0.20000           68.14           -0.01            0.22
inaccuracy:  0.20000        0.25000           69.85           -0.01            0.16
inaccuracy:  0.25000        0.30000           72.92           -0.01            0.14
inaccuracy:  0.30000        0.35000           75.63           -0.01            0.12
inaccuracy:  0.35000        0.40000           76.44           -0.00            0.11
inaccuracy:  0.40000        0.45000           76.51           -0.01            0.10
inaccuracy:  0.45000        0.50000           77.61           -0.01            0.08
inaccuracy:  0.50000        0.55000           67.39           -0.07            0.15
inaccuracy:  0.55000        0.60000           67.91           -0.09            0.09
inaccuracy:  0.60000        0.65000           67.32           -0.10            0.07
inaccuracy:  0.65000        0.70000           67.11           -0.12            0.05
inaccuracy:  0.70000        0.75000           66.77           -0.10            0.05
inaccuracy:  0.75000        0.80000           68.64           -0.09            0.04
inaccuracy:  0.80000        0.85000           68.73           -0.08            0.05
inaccuracy:  0.85000        0.90000           67.40           -0.08            0.06
inaccuracy:  0.90000        0.95000           66.16           -0.10            0.07
inaccuracy:  0.95000        1.00000           66.69           -0.08            0.07
===================================================================================================================================
                BAR        
-----------------------------------------------------------------------------------------------------------------------------------
BAR-estimator:         λ             λ+δλ          ΔΔA             ΔA            C               Δδe            δe       
                          
-----------------------------------------------------------------------------------------------------------------------------------
BAR-estimator:      0.00000        0.05000        1.0574         1.0574         1.0574         0.0101         0.0101 
BAR-estimator:      0.05000        0.10000        0.6785         1.7359         0.6785         0.0083         0.0131 
BAR-estimator:      0.10000        0.15000        0.4030         2.1389         0.4030         0.0066         0.0147 
BAR-estimator:      0.15000        0.20000        0.2686         2.4075         0.2686         0.0052         0.0156 
BAR-estimator:      0.20000        0.25000        0.1637         2.5712         0.1637         0.0044         0.0162 
BAR-estimator:      0.25000        0.30000        0.1089         2.6801         0.1089         0.0039         0.0166 
BAR-estimator:      0.30000        0.35000        0.0694         2.7495         0.0694         0.0031         0.0169 
BAR-estimator:      0.35000        0.40000        0.0365         2.7861         0.0365         0.0043         0.0174 
BAR-estimator:      0.40000        0.45000        0.0221         2.8082         0.0221         0.0033         0.0177 
BAR-estimator:      0.45000        0.50000        0.0002         2.8084         0.0002         0.0029         0.0180 
BAR-estimator:      0.50000        0.55000       -0.1489         2.6595        -0.1489         0.0039         0.0184 
BAR-estimator:      0.55000        0.60000       -0.3774         2.2821        -0.3774         0.0033         0.0187 
BAR-estimator:      0.60000        0.65000       -0.5823         1.6998        -0.5823         0.0048         0.0193 
BAR-estimator:      0.65000        0.70000       -0.7676         0.9322        -0.7676         0.0051         0.0199 
BAR-estimator:      0.70000        0.75000       -0.8825         0.0497        -0.8825         0.0051         0.0206 
BAR-estimator:      0.75000        0.80000       -0.9304        -0.8807        -0.9304         0.0040         0.0210 
BAR-estimator:      0.80000        0.85000       -0.9288        -1.8094        -0.9288         0.0038         0.0213 
BAR-estimator:      0.85000        0.90000       -0.9226        -2.7321        -0.9226         0.0041         0.0217 
BAR-estimator:      0.90000        0.95000       -0.9048        -3.6369        -0.9048         0.0039         0.0220 
BAR-estimator:      0.95000        1.00000       -0.8992        -4.5361        -0.8992         0.0041         0.0224 
BAR-estimator: total free energy change is -4.536104905702219 , total error is 0.02242395430462289
