#========================================================================================
#                     Free energy perturbation    
#----------------------------------------------------------------------------------------
#forward/backward          λ              ΔΔA                 ΔA                  δε   
#                                                 
#----------------------------------------------------------------------------------------
forward:               0.0000              0.0000              0.0000              0.0000  
forward:               0.0500              1.0706              1.0706              0.0152  
forward:               0.1000              0.6790              1.7497              0.0187  
forward:               0.1500              0.4267              2.1764              0.0203  
forward:               0.2000              0.2631              2.4395              0.0209  
forward:               0.2500              0.1857              2.6252              0.0218  
forward:               0.3000              0.1275              2.7526              0.0224  
forward:               0.3500              0.0909              2.8436              0.0229  
forward:               0.4000              0.0548              2.8983              0.0233  
forward:               0.4500              0.0230              2.9214              0.0236  
forward:               0.5000              0.0038              2.9251              0.0239  
forward:               0.5500             -0.1369              2.7882              0.0243  
forward:               0.6000             -0.3253              2.4629              0.0247  
forward:               0.6500             -0.5126              1.9503              0.0254  
forward:               0.7000             -0.6577              1.2927              0.0261  
forward:               0.7500             -0.7529              0.5397              0.0267  
forward:               0.8000             -0.7843             -0.2446              0.0271  
forward:               0.8500             -0.7701             -1.0147              0.0277  
forward:               0.9000             -0.7273             -1.7420              0.0281  
forward:               0.9500             -0.7103             -2.4523              0.0287  
forward:               1.0000             -0.6934             -3.1457              0.0292  
backward:              1.0000              0.0000             -3.1457              0.0000  
backward:              0.9500              0.6886             -2.4571              0.0070  
backward:              0.9000              0.6963             -1.7608              0.0099  
backward:              0.8500              0.7269             -1.0339              0.0136  
backward:              0.8000              0.7597             -0.2742              0.0151  
backward:              0.7500              0.7782              0.5040              0.0163  
backward:              0.7000              0.7522              1.2562              0.0173  
backward:              0.6500              0.6599              1.9161              0.0186  
backward:              0.6000              0.4994              2.4155              0.0195  
backward:              0.5500              0.3113              2.7268              0.0203  
backward:              0.5000              0.1295              2.8563              0.0212  
backward:              0.4500             -0.0112              2.8451              0.0217  
backward:              0.4000             -0.0345              2.8106              0.0224  
backward:              0.3500             -0.0527              2.7579              0.0236  
backward:              0.3000             -0.0866              2.6713              0.0244  
backward:              0.2500             -0.1229              2.5484              0.0254  
backward:              0.2000             -0.1736              2.3748              0.0264  
backward:              0.1500             -0.2837              2.0911              0.0282  
backward:              0.1000             -0.4089              1.6822              0.0304  
backward:              0.0500             -0.6911              0.9911              0.0341  
backward:              0.0000             -1.0466             -0.0555              0.0390  
Inaccuracy estimation
======================================================================================================
                   i        i+δi          P0_overlap_P1   δε(forward)/ε   δε(backward)/ε
======================================================================================================
inaccuracy:  0.00000        0.05000           47.40           -0.02            0.84
inaccuracy:  0.05000        0.10000           54.93           -0.02            0.63
inaccuracy:  0.10000        0.15000           62.39           -0.01            0.39
inaccuracy:  0.15000        0.20000           69.62           -0.01            0.24
inaccuracy:  0.20000        0.25000           69.99           -0.01            0.19
inaccuracy:  0.25000        0.30000           72.72           -0.01            0.15
inaccuracy:  0.30000        0.35000           73.78           -0.01            0.12
inaccuracy:  0.35000        0.40000           75.42           -0.01            0.11
inaccuracy:  0.40000        0.45000           77.35           -0.01            0.09
inaccuracy:  0.45000        0.50000           77.66           -0.01            0.09
inaccuracy:  0.50000        0.55000           69.54           -0.07            0.12
inaccuracy:  0.55000        0.60000           70.14           -0.09            0.08
inaccuracy:  0.60000        0.65000           68.98           -0.10            0.07
inaccuracy:  0.65000        0.70000           67.25           -0.12            0.06
inaccuracy:  0.70000        0.75000           67.75           -0.10            0.06
inaccuracy:  0.75000        0.80000           68.34           -0.08            0.06
inaccuracy:  0.80000        0.85000           68.47           -0.07            0.07
inaccuracy:  0.85000        0.90000           66.38           -0.09            0.08
inaccuracy:  0.90000        0.95000           67.03           -0.07            0.09
inaccuracy:  0.95000        1.00000           64.99           -0.08            0.10
===================================================================================================================================
                BAR        
-----------------------------------------------------------------------------------------------------------------------------------
BAR-estimator:         λ             λ+δλ          ΔΔA             ΔA            C               Δδe            δe       
                          
-----------------------------------------------------------------------------------------------------------------------------------
BAR-estimator:      0.00000        0.05000        1.0660         1.0660         1.0660         0.0090         0.0090 
BAR-estimator:      0.05000        0.10000        0.6854         1.7514         0.6854         0.0073         0.0116 
BAR-estimator:      0.10000        0.15000        0.4271         2.1785         0.4271         0.0058         0.0129 
BAR-estimator:      0.15000        0.20000        0.2722         2.4507         0.2722         0.0038         0.0135 
BAR-estimator:      0.20000        0.25000        0.1812         2.6319         0.1812         0.0042         0.0141 
BAR-estimator:      0.25000        0.30000        0.1262         2.7581         0.1262         0.0038         0.0146 
BAR-estimator:      0.30000        0.35000        0.0868         2.8449         0.0868         0.0034         0.0150 
BAR-estimator:      0.35000        0.40000        0.0547         2.8996         0.0547         0.0030         0.0153 
BAR-estimator:      0.40000        0.45000        0.0268         2.9264         0.0268         0.0027         0.0156 
BAR-estimator:      0.45000        0.50000        0.0061         2.9325         0.0061         0.0016         0.0156 
BAR-estimator:      0.50000        0.55000       -0.1335         2.7990        -0.1335         0.0030         0.0159 
BAR-estimator:      0.55000        0.60000       -0.3209         2.4781        -0.3209         0.0033         0.0163 
BAR-estimator:      0.60000        0.65000       -0.5034         1.9747        -0.5034         0.0035         0.0166 
BAR-estimator:      0.65000        0.70000       -0.6587         1.3159        -0.6587         0.0041         0.0171 
BAR-estimator:      0.70000        0.75000       -0.7530         0.5630        -0.7530         0.0042         0.0176 
BAR-estimator:      0.75000        0.80000       -0.7815        -0.2185        -0.7815         0.0033         0.0179 
BAR-estimator:      0.80000        0.85000       -0.7604        -0.9789        -0.7604         0.0032         0.0182 
BAR-estimator:      0.85000        0.90000       -0.7278        -1.7067        -0.7278         0.0033         0.0185 
BAR-estimator:      0.90000        0.95000       -0.7029        -2.4096        -0.7029         0.0040         0.0189 
BAR-estimator:      0.95000        1.00000       -0.6944        -3.1039        -0.6944         0.0042         0.0194 
BAR-estimator: total free energy change is -3.103933776127599 , total error is 0.01940063333231162
