#========================================================================================
#                     Free energy perturbation    
#----------------------------------------------------------------------------------------
#forward/backward          λ              ΔΔA                 ΔA                  δε   
#                                                 
#----------------------------------------------------------------------------------------
forward:               0.0000              0.0000              0.0000              0.0000  
forward:               0.0500              1.9351              1.9351              0.0335  
forward:               0.1000              0.9642              2.8993              0.0388  
forward:               0.1500              0.4726              3.3719              0.0412  
forward:               0.2000              0.2489              3.6209              0.0421  
forward:               0.2500              0.1131              3.7339              0.0428  
forward:               0.3000              0.0374              3.7713              0.0432  
forward:               0.3500             -0.0140              3.7573              0.0434  
forward:               0.4000             -0.0662              3.6911              0.0438  
forward:               0.4500             -0.0963              3.5948              0.0440  
forward:               0.5000             -0.1206              3.4742              0.0442  
forward:               0.5500             -0.2155              3.2587              0.0446  
forward:               0.6000             -0.3706              2.8880              0.0448  
forward:               0.6500             -0.4644              2.4236              0.0451  
forward:               0.7000             -0.5417              1.8819              0.0454  
forward:               0.7500             -0.5982              1.2837              0.0457  
forward:               0.8000             -0.6313              0.6524              0.0460  
forward:               0.8500             -0.6468              0.0056              0.0461  
forward:               0.9000             -0.6542             -0.6487              0.0463  
forward:               0.9500             -0.6411             -1.2898              0.0465  
forward:               1.0000             -0.6417             -1.9315              0.0466  
backward:              1.0000              0.0000             -1.9315              0.0000  
backward:              0.9500              0.6385             -1.2930              0.0051  
backward:              0.9000              0.6482             -0.6448              0.0069  
backward:              0.8500              0.6450              0.0002              0.0084  
backward:              0.8000              0.6436              0.6438              0.0097  
backward:              0.7500              0.6203              1.2642              0.0110  
backward:              0.7000              0.6005              1.8647              0.0122  
backward:              0.6500              0.5446              2.4092              0.0133  
backward:              0.6000              0.4563              2.8656              0.0153  
backward:              0.5500              0.3634              3.2289              0.0166  
backward:              0.5000              0.2123              3.4412              0.0182  
backward:              0.4500              0.1155              3.5567              0.0186  
backward:              0.4000              0.0915              3.6482              0.0194  
backward:              0.3500              0.0629              3.7111              0.0202  
backward:              0.3000              0.0200              3.7311              0.0212  
backward:              0.2500             -0.0216              3.7095              0.0223  
backward:              0.2000             -0.1143              3.5952              0.0245  
backward:              0.1500             -0.2394              3.3558              0.0276  
backward:              0.1000             -0.4960              2.8598              0.0312  
backward:              0.0500             -0.9977              1.8621              0.0461  
backward:              0.0000             -1.9300             -0.0679              0.0744  
Inaccuracy estimation
======================================================================================================
                   i        i+δi          P0_overlap_P1   δε(forward)/ε   δε(backward)/ε
======================================================================================================
inaccuracy:  0.00000        0.05000           30.65           -0.02            3.17
inaccuracy:  0.05000        0.10000           45.25           -0.04            1.15
inaccuracy:  0.10000        0.15000           57.33           -0.02            0.55
inaccuracy:  0.15000        0.20000           63.40           -0.01            0.31
inaccuracy:  0.20000        0.25000           67.85           -0.02            0.19
inaccuracy:  0.25000        0.30000           70.00           -0.02            0.16
inaccuracy:  0.30000        0.35000           72.36           -0.02            0.12
inaccuracy:  0.35000        0.40000           74.53           -0.01            0.10
inaccuracy:  0.40000        0.45000           74.82           -0.01            0.09
inaccuracy:  0.45000        0.50000           76.02           -0.01            0.09
inaccuracy:  0.50000        0.55000           68.88           -0.05            0.12
inaccuracy:  0.55000        0.60000           71.80           -0.05            0.08
inaccuracy:  0.60000        0.65000           72.13           -0.06            0.06
inaccuracy:  0.65000        0.70000           71.77           -0.07            0.06
inaccuracy:  0.70000        0.75000           72.29           -0.06            0.05
inaccuracy:  0.75000        0.80000           72.11           -0.06            0.05
inaccuracy:  0.80000        0.85000           73.02           -0.06            0.05
inaccuracy:  0.85000        0.90000           72.54           -0.05            0.06
inaccuracy:  0.90000        0.95000           70.50           -0.06            0.06
inaccuracy:  0.95000        1.00000           71.39           -0.05            0.06
===================================================================================================================================
                BAR        
-----------------------------------------------------------------------------------------------------------------------------------
BAR-estimator:         λ             λ+δλ          ΔΔA             ΔA            C               Δδe            δe       
                          
-----------------------------------------------------------------------------------------------------------------------------------
BAR-estimator:      0.00000        0.05000        1.9648         1.9648         1.9648         0.0154         0.0154 
BAR-estimator:      0.05000        0.10000        0.9807         2.9455         0.9807         0.0115         0.0192 
BAR-estimator:      0.10000        0.15000        0.4876         3.4331         0.4876         0.0087         0.0210 
BAR-estimator:      0.15000        0.20000        0.2481         3.6812         0.2481         0.0057         0.0218 
BAR-estimator:      0.20000        0.25000        0.1108         3.7920         0.1108         0.0052         0.0224 
BAR-estimator:      0.25000        0.30000        0.0326         3.8246         0.0326         0.0041         0.0228 
BAR-estimator:      0.30000        0.35000       -0.0174         3.8071        -0.0174         0.0035         0.0230 
BAR-estimator:      0.35000        0.40000       -0.0640         3.7431        -0.0640         0.0035         0.0233 
BAR-estimator:      0.40000        0.45000       -0.0948         3.6483        -0.0948         0.0032         0.0235 
BAR-estimator:      0.45000        0.50000       -0.1187         3.5296        -0.1187         0.0032         0.0237 
BAR-estimator:      0.50000        0.55000       -0.2123         3.3173        -0.2123         0.0034         0.0240 
BAR-estimator:      0.55000        0.60000       -0.3661         2.9512        -0.3661         0.0033         0.0242 
BAR-estimator:      0.60000        0.65000       -0.4635         2.4877        -0.4635         0.0035         0.0245 
BAR-estimator:      0.65000        0.70000       -0.5449         1.9428        -0.5449         0.0034         0.0247 
BAR-estimator:      0.70000        0.75000       -0.5989         1.3439        -0.5989         0.0037         0.0250 
BAR-estimator:      0.75000        0.80000       -0.6273         0.7166        -0.6273         0.0035         0.0252 
BAR-estimator:      0.80000        0.85000       -0.6435         0.0731        -0.6435         0.0033         0.0254 
BAR-estimator:      0.85000        0.90000       -0.6513        -0.5781        -0.6513         0.0033         0.0256 
BAR-estimator:      0.90000        0.95000       -0.6448        -1.2229        -0.6448         0.0038         0.0259 
BAR-estimator:      0.95000        1.00000       -0.6396        -1.8625        -0.6396         0.0033         0.0261 
BAR-estimator: total free energy change is -1.8625116735135538 , total error is 0.026127592370617684
