#========================================================================================
#                     Free energy perturbation    
#----------------------------------------------------------------------------------------
#forward/backward          λ              ΔΔA                 ΔA                  δε   
#                                                 
#----------------------------------------------------------------------------------------
forward:               0.0000              0.0000              0.0000              0.0000  
forward:               0.0500              1.9682              1.9682              0.0310  
forward:               0.1000              0.9991              2.9673              0.0348  
forward:               0.1500              0.4970              3.4643              0.0370  
forward:               0.2000              0.2422              3.7066              0.0379  
forward:               0.2500              0.1127              3.8193              0.0384  
forward:               0.3000              0.0317              3.8509              0.0388  
forward:               0.3500             -0.0188              3.8321              0.0391  
forward:               0.4000             -0.0665              3.7656              0.0393  
forward:               0.4500             -0.0878              3.6779              0.0396  
forward:               0.5000             -0.1112              3.5667              0.0397  
forward:               0.5500             -0.2086              3.3580              0.0400  
forward:               0.6000             -0.3603              2.9977              0.0403  
forward:               0.6500             -0.4600              2.5378              0.0406  
forward:               0.7000             -0.5425              1.9953              0.0408  
forward:               0.7500             -0.6053              1.3900              0.0410  
forward:               0.8000             -0.6705              0.7195              0.0424  
forward:               0.8500             -0.6932              0.0264              0.0440  
forward:               0.9000             -0.7333             -0.7069              0.0470  
forward:               0.9500             -0.7609             -1.4679              0.0531  
forward:               1.0000             -0.8729             -2.3408              0.0599  
backward:              1.0000              0.0000             -2.3408              0.0000  
backward:              0.9500              0.8260             -1.5147              0.0266  
backward:              0.9000              0.7592             -0.7556              0.0324  
backward:              0.8500              0.7050             -0.0506              0.0328  
backward:              0.8000              0.6870              0.6364              0.0335  
backward:              0.7500              0.6413              1.2777              0.0339  
backward:              0.7000              0.5941              1.8718              0.0343  
backward:              0.6500              0.5393              2.4111              0.0347  
backward:              0.6000              0.4541              2.8653              0.0351  
backward:              0.5500              0.3443              3.2095              0.0354  
backward:              0.5000              0.2132              3.4227              0.0359  
backward:              0.4500              0.1137              3.5365              0.0362  
backward:              0.4000              0.0879              3.6244              0.0366  
backward:              0.3500              0.0641              3.6885              0.0369  
backward:              0.3000              0.0216              3.7101              0.0376  
backward:              0.2500             -0.0377              3.6724              0.0381  
backward:              0.2000             -0.1295              3.5429              0.0394  
backward:              0.1500             -0.2519              3.2910              0.0409  
backward:              0.1000             -0.4866              2.8044              0.0439  
backward:              0.0500             -1.0431              1.7612              0.0563  
backward:              0.0000             -1.8942             -0.1330              0.0841  
Inaccuracy estimation
======================================================================================================
                   i        i+δi          P0_overlap_P1   δε(forward)/ε   δε(backward)/ε
======================================================================================================
inaccuracy:  0.00000        0.05000           29.54           -0.02            3.29
inaccuracy:  0.05000        0.10000           44.91           -0.04            1.12
inaccuracy:  0.10000        0.15000           55.55           -0.02            0.57
inaccuracy:  0.15000        0.20000           64.37           -0.02            0.31
inaccuracy:  0.20000        0.25000           68.85           -0.01            0.20
inaccuracy:  0.25000        0.30000           72.01           -0.01            0.14
inaccuracy:  0.30000        0.35000           72.32           -0.01            0.12
inaccuracy:  0.35000        0.40000           74.78           -0.02            0.11
inaccuracy:  0.40000        0.45000           74.57           -0.01            0.09
inaccuracy:  0.45000        0.50000           74.70           -0.01            0.09
inaccuracy:  0.50000        0.55000           69.62           -0.06            0.12
inaccuracy:  0.55000        0.60000           72.14           -0.05            0.07
inaccuracy:  0.60000        0.65000           72.95           -0.07            0.07
inaccuracy:  0.65000        0.70000           72.18           -0.06            0.05
inaccuracy:  0.70000        0.75000           72.72           -0.06            0.06
inaccuracy:  0.75000        0.80000           72.77           -0.05            0.05
inaccuracy:  0.80000        0.85000           70.43           -0.07            0.05
inaccuracy:  0.85000        0.90000           71.04           -0.09            0.06
inaccuracy:  0.90000        0.95000           68.14           -0.14            0.06
inaccuracy:  0.95000        1.00000           67.14           -0.14            0.06
===================================================================================================================================
                BAR        
-----------------------------------------------------------------------------------------------------------------------------------
BAR-estimator:         λ             λ+δλ          ΔΔA             ΔA            C               Δδe            δe       
                          
-----------------------------------------------------------------------------------------------------------------------------------
BAR-estimator:      0.00000        0.05000        1.9689         1.9689         1.9689         0.0347         0.0347 
BAR-estimator:      0.05000        0.10000        1.0011         2.9700         1.0011         0.0187         0.0394 
BAR-estimator:      0.10000        0.15000        0.4971         3.4671         0.4971         0.0096         0.0405 
BAR-estimator:      0.15000        0.20000        0.2454         3.7125         0.2454         0.0063         0.0410 
BAR-estimator:      0.20000        0.25000        0.1172         3.8297         0.1172         0.0045         0.0413 
BAR-estimator:      0.25000        0.30000        0.0342         3.8639         0.0342         0.0036         0.0414 
BAR-estimator:      0.30000        0.35000       -0.0227         3.8412        -0.0227         0.0033         0.0415 
BAR-estimator:      0.35000        0.40000       -0.0651         3.7761        -0.0651         0.0030         0.0417 
BAR-estimator:      0.40000        0.45000       -0.0876         3.6885        -0.0876         0.0029         0.0418 
BAR-estimator:      0.45000        0.50000       -0.1136         3.5749        -0.1136         0.0029         0.0419 
BAR-estimator:      0.50000        0.55000       -0.2105         3.3644        -0.2105         0.0034         0.0420 
BAR-estimator:      0.55000        0.60000       -0.3515         3.0129        -0.3515         0.0032         0.0421 
BAR-estimator:      0.60000        0.65000       -0.4552         2.5577        -0.4552         0.0034         0.0423 
BAR-estimator:      0.65000        0.70000       -0.5422         2.0156        -0.5422         0.0028         0.0424 
BAR-estimator:      0.70000        0.75000       -0.6015         1.4141        -0.6015         0.0030         0.0425 
BAR-estimator:      0.75000        0.80000       -0.6532         0.7608        -0.6532         0.0040         0.0426 
BAR-estimator:      0.80000        0.85000       -0.6880         0.0729        -0.6880         0.0047         0.0429 
BAR-estimator:      0.85000        0.90000       -0.7132        -0.6404        -0.7132         0.0063         0.0434 
BAR-estimator:      0.90000        0.95000       -0.7587        -1.3990        -0.7587         0.0094         0.0444 
BAR-estimator:      0.95000        1.00000       -0.8427        -2.2417        -0.8427         0.0114         0.0458 
BAR-estimator: total free energy change is -2.2417377742746276 , total error is 0.045816812219834184
