#========================================================================================
#                     Free energy perturbation    
#----------------------------------------------------------------------------------------
#forward/backward          λ              ΔΔA                 ΔA                  δε   
#                                                 
#----------------------------------------------------------------------------------------
forward:               0.0000              0.0000              0.0000              0.0000  
forward:               0.0500              1.0880              1.0880              0.0173  
forward:               0.1000              0.6162              1.7042              0.0217  
forward:               0.1500              0.3549              2.0591              0.0234  
forward:               0.2000              0.1997              2.2588              0.0245  
forward:               0.2500              0.1309              2.3897              0.0252  
forward:               0.3000              0.0847              2.4744              0.0258  
forward:               0.3500              0.0395              2.5140              0.0262  
forward:               0.4000              0.0215              2.5355              0.0267  
forward:               0.4500              0.0124              2.5479              0.0270  
forward:               0.5000             -0.0173              2.5305              0.0272  
forward:               0.5500             -0.0502              2.4803              0.0278  
forward:               0.6000             -0.1466              2.3337              0.0281  
forward:               0.6500             -0.2400              2.0937              0.0285  
forward:               0.7000             -0.3104              1.7833              0.0289  
forward:               0.7500             -0.3711              1.4122              0.0293  
forward:               0.8000             -0.4233              0.9890              0.0297  
forward:               0.8500             -0.4702              0.5188              0.0301  
forward:               0.9000             -0.5023              0.0165              0.0305  
forward:               0.9500             -0.5151             -0.4986              0.0308  
forward:               1.0000             -0.5314             -1.0300              0.0311  
backward:              1.0000              0.0000             -1.0300              0.0000  
backward:              0.9500              0.5292             -0.5007              0.0047  
backward:              0.9000              0.5192              0.0185              0.0065  
backward:              0.8500              0.4977              0.5162              0.0087  
backward:              0.8000              0.4539              0.9701              0.0102  
backward:              0.7500              0.4269              1.3970              0.0117  
backward:              0.7000              0.3693              1.7663              0.0129  
backward:              0.6500              0.3106              2.0769              0.0140  
backward:              0.6000              0.2355              2.3125              0.0149  
backward:              0.5500              0.1516              2.4641              0.0158  
backward:              0.5000              0.0376              2.5017              0.0167  
backward:              0.4500              0.0172              2.5189              0.0175  
backward:              0.4000             -0.0031              2.5158              0.0182  
backward:              0.3500             -0.0232              2.4927              0.0190  
backward:              0.3000             -0.0509              2.4418              0.0199  
backward:              0.2500             -0.0757              2.3661              0.0209  
backward:              0.2000             -0.1446              2.2215              0.0220  
backward:              0.1500             -0.2323              1.9892              0.0238  
backward:              0.1000             -0.3578              1.6314              0.0265  
backward:              0.0500             -0.6116              1.0198              0.0315  
backward:              0.0000             -1.0839             -0.0641              0.0386  
Inaccuracy estimation
======================================================================================================
                   i        i+δi          P0_overlap_P1   δε(forward)/ε   δε(backward)/ε
======================================================================================================
inaccuracy:  0.00000        0.05000           46.23           -0.03            0.87
inaccuracy:  0.05000        0.10000           55.37           -0.02            0.66
inaccuracy:  0.10000        0.15000           63.08           -0.01            0.36
inaccuracy:  0.15000        0.20000           71.11           -0.01            0.21
inaccuracy:  0.20000        0.25000           73.39           -0.01            0.15
inaccuracy:  0.25000        0.30000           73.10           -0.01            0.13
inaccuracy:  0.30000        0.35000           76.45           -0.01            0.10
inaccuracy:  0.35000        0.40000           75.49           -0.01            0.10
inaccuracy:  0.40000        0.45000           75.18           -0.01            0.10
inaccuracy:  0.45000        0.50000           76.70           -0.01            0.09
inaccuracy:  0.50000        0.55000           73.30           -0.03            0.11
inaccuracy:  0.55000        0.60000           72.87           -0.03            0.09
inaccuracy:  0.60000        0.65000           74.28           -0.04            0.08
inaccuracy:  0.65000        0.70000           73.59           -0.04            0.07
inaccuracy:  0.70000        0.75000           74.03           -0.04            0.06
inaccuracy:  0.75000        0.80000           73.28           -0.04            0.06
inaccuracy:  0.80000        0.85000           75.02           -0.04            0.05
inaccuracy:  0.85000        0.90000           74.30           -0.04            0.06
inaccuracy:  0.90000        0.95000           73.53           -0.05            0.06
inaccuracy:  0.95000        1.00000           73.59           -0.04            0.06
===================================================================================================================================
                BAR        
-----------------------------------------------------------------------------------------------------------------------------------
BAR-estimator:         λ             λ+δλ          ΔΔA             ΔA            C               Δδe            δe       
                          
-----------------------------------------------------------------------------------------------------------------------------------
BAR-estimator:      0.00000        0.05000        1.0910         1.0910         1.0910         0.0097         0.0097 
BAR-estimator:      0.05000        0.10000        0.6230         1.7140         0.6230         0.0084         0.0128 
BAR-estimator:      0.10000        0.15000        0.3512         2.0652         0.3512         0.0060         0.0142 
BAR-estimator:      0.15000        0.20000        0.2077         2.2729         0.2077         0.0050         0.0150 
BAR-estimator:      0.20000        0.25000        0.1362         2.4091         0.1362         0.0041         0.0156 
BAR-estimator:      0.25000        0.30000        0.0810         2.4901         0.0810         0.0039         0.0160 
BAR-estimator:      0.30000        0.35000        0.0440         2.5341         0.0440         0.0035         0.0164 
BAR-estimator:      0.35000        0.40000        0.0218         2.5559         0.0218         0.0034         0.0168 
BAR-estimator:      0.40000        0.45000        0.0081         2.5640         0.0081         0.0030         0.0170 
BAR-estimator:      0.45000        0.50000       -0.0182         2.5458        -0.0182         0.0028         0.0173 
BAR-estimator:      0.50000        0.55000       -0.0429         2.5030        -0.0429         0.0036         0.0176 
BAR-estimator:      0.55000        0.60000       -0.1494         2.3536        -0.1494         0.0031         0.0179 
BAR-estimator:      0.60000        0.65000       -0.2366         2.1169        -0.2366         0.0029         0.0181 
BAR-estimator:      0.65000        0.70000       -0.3099         1.8071        -0.3099         0.0035         0.0185 
BAR-estimator:      0.70000        0.75000       -0.3711         1.4360        -0.3711         0.0042         0.0189 
BAR-estimator:      0.75000        0.80000       -0.4253         1.0107        -0.4253         0.0034         0.0192 
BAR-estimator:      0.80000        0.85000       -0.4640         0.5466        -0.4640         0.0034         0.0195 
BAR-estimator:      0.85000        0.90000       -0.5006         0.0460        -0.5006         0.0034         0.0198 
BAR-estimator:      0.90000        0.95000       -0.5162        -0.4702        -0.5162         0.0034         0.0201 
BAR-estimator:      0.95000        1.00000       -0.5297        -0.9999        -0.5297         0.0037         0.0204 
BAR-estimator: total free energy change is -0.9999167170514712 , total error is 0.0204494331810132
