#========================================================================================
#                     Free energy perturbation    
#----------------------------------------------------------------------------------------
#forward/backward          λ              ΔΔA                 ΔA                  δε   
#                                                 
#----------------------------------------------------------------------------------------
forward:               0.0000              0.0000              0.0000              0.0000  
forward:               0.0500              1.0731              1.0731              0.0131  
forward:               0.1000              0.6375              1.7106              0.0166  
forward:               0.1500              0.3584              2.0690              0.0186  
forward:               0.2000              0.2118              2.2808              0.0195  
forward:               0.2500              0.1347              2.4155              0.0203  
forward:               0.3000              0.0816              2.4971              0.0209  
forward:               0.3500              0.0423              2.5395              0.0213  
forward:               0.4000              0.0337              2.5732              0.0218  
forward:               0.4500              0.0065              2.5797              0.0221  
forward:               0.5000             -0.0093              2.5704              0.0224  
forward:               0.5500             -0.0483              2.5221              0.0229  
forward:               0.6000             -0.1490              2.3730              0.0233  
forward:               0.6500             -0.2387              2.1343              0.0237  
forward:               0.7000             -0.3136              1.8207              0.0240  
forward:               0.7500             -0.3683              1.4525              0.0244  
forward:               0.8000             -0.4274              1.0251              0.0248  
forward:               0.8500             -0.4620              0.5631              0.0251  
forward:               0.9000             -0.4911              0.0720              0.0255  
forward:               0.9500             -0.5092             -0.4372              0.0259  
forward:               1.0000             -0.5222             -0.9594              0.0262  
backward:              1.0000              0.0000             -0.9594              0.0000  
backward:              0.9500              0.5299             -0.4295              0.0047  
backward:              0.9000              0.5154              0.0859              0.0074  
backward:              0.8500              0.4898              0.5757              0.0089  
backward:              0.8000              0.4553              1.0310              0.0110  
backward:              0.7500              0.4253              1.4563              0.0120  
backward:              0.7000              0.3657              1.8220              0.0130  
backward:              0.6500              0.3068              2.1288              0.0138  
backward:              0.6000              0.2226              2.3514              0.0146  
backward:              0.5500              0.1455              2.4969              0.0153  
backward:              0.5000              0.0384              2.5353              0.0161  
backward:              0.4500              0.0253              2.5606              0.0163  
backward:              0.4000              0.0016              2.5623              0.0169  
backward:              0.3500             -0.0278              2.5345              0.0176  
backward:              0.3000             -0.0439              2.4906              0.0183  
backward:              0.2500             -0.0923              2.3983              0.0192  
backward:              0.2000             -0.1306              2.2677              0.0202  
backward:              0.1500             -0.2152              2.0525              0.0218  
backward:              0.1000             -0.3682              1.6842              0.0255  
backward:              0.0500             -0.6438              1.0404              0.0305  
backward:              0.0000             -1.0857             -0.0453              0.0322  
Inaccuracy estimation
======================================================================================================
                   i        i+δi          P0_overlap_P1   δε(forward)/ε   δε(backward)/ε
======================================================================================================
inaccuracy:  0.00000        0.05000           47.64           -0.02            0.86
inaccuracy:  0.05000        0.10000           54.93           -0.01            0.61
inaccuracy:  0.10000        0.15000           64.00           -0.02            0.37
inaccuracy:  0.15000        0.20000           69.73           -0.01            0.23
inaccuracy:  0.20000        0.25000           72.34           -0.01            0.17
inaccuracy:  0.25000        0.30000           74.41           -0.00            0.12
inaccuracy:  0.30000        0.35000           75.85           -0.01            0.12
inaccuracy:  0.35000        0.40000           74.73           -0.01            0.10
inaccuracy:  0.40000        0.45000           75.64           -0.01            0.09
inaccuracy:  0.45000        0.50000           75.35           -0.01            0.10
inaccuracy:  0.50000        0.55000           73.32           -0.03            0.11
inaccuracy:  0.55000        0.60000           73.87           -0.03            0.09
inaccuracy:  0.60000        0.65000           75.15           -0.03            0.07
inaccuracy:  0.65000        0.70000           75.04           -0.04            0.07
inaccuracy:  0.70000        0.75000           73.77           -0.04            0.07
inaccuracy:  0.75000        0.80000           74.34           -0.04            0.06
inaccuracy:  0.80000        0.85000           74.25           -0.04            0.06
inaccuracy:  0.85000        0.90000           73.52           -0.04            0.06
inaccuracy:  0.90000        0.95000           72.72           -0.05            0.06
inaccuracy:  0.95000        1.00000           72.45           -0.05            0.06
===================================================================================================================================
                BAR        
-----------------------------------------------------------------------------------------------------------------------------------
BAR-estimator:         λ             λ+δλ          ΔΔA             ΔA            C               Δδe            δe       
                          
-----------------------------------------------------------------------------------------------------------------------------------
BAR-estimator:      0.00000        0.05000        1.0886         1.0886         1.0886         0.0074         0.0074 
BAR-estimator:      0.05000        0.10000        0.6400         1.7285         0.6400         0.0067         0.0100 
BAR-estimator:      0.10000        0.15000        0.3617         2.0902         0.3617         0.0059         0.0116 
BAR-estimator:      0.15000        0.20000        0.2139         2.3041         0.2139         0.0045         0.0124 
BAR-estimator:      0.20000        0.25000        0.1348         2.4389         0.1348         0.0038         0.0130 
BAR-estimator:      0.25000        0.30000        0.0839         2.5228         0.0839         0.0036         0.0135 
BAR-estimator:      0.30000        0.35000        0.0458         2.5686         0.0458         0.0031         0.0138 
BAR-estimator:      0.35000        0.40000        0.0295         2.5981         0.0295         0.0029         0.0141 
BAR-estimator:      0.40000        0.45000        0.0030         2.6011         0.0030         0.0029         0.0144 
BAR-estimator:      0.45000        0.50000       -0.0143         2.5868        -0.0143         0.0027         0.0146 
BAR-estimator:      0.50000        0.55000       -0.0437         2.5431        -0.0437         0.0033         0.0150 
BAR-estimator:      0.55000        0.60000       -0.1468         2.3963        -0.1468         0.0028         0.0153 
BAR-estimator:      0.60000        0.65000       -0.2320         2.1644        -0.2320         0.0030         0.0155 
BAR-estimator:      0.65000        0.70000       -0.3102         1.8541        -0.3102         0.0029         0.0158 
BAR-estimator:      0.70000        0.75000       -0.3683         1.4858        -0.3683         0.0030         0.0161 
BAR-estimator:      0.75000        0.80000       -0.4249         1.0609        -0.4249         0.0031         0.0164 
BAR-estimator:      0.80000        0.85000       -0.4612         0.5997        -0.4612         0.0030         0.0167 
BAR-estimator:      0.85000        0.90000       -0.4897         0.1101        -0.4897         0.0037         0.0170 
BAR-estimator:      0.90000        0.95000       -0.5119        -0.4019        -0.5119         0.0035         0.0174 
BAR-estimator:      0.95000        1.00000       -0.5237        -0.9255        -0.5237         0.0031         0.0177 
BAR-estimator: total free energy change is -0.9255434817575847 , total error is 0.01767119133759032
