#========================================================================================
#                     Free energy perturbation    
#----------------------------------------------------------------------------------------
#forward/backward          λ              ΔΔA                 ΔA                  δε   
#                                                 
#----------------------------------------------------------------------------------------
forward:               0.0000              0.0000              0.0000              0.0000  
forward:               0.0500              1.5368              1.5368              0.0222  
forward:               0.1000              0.8038              2.3406              0.0275  
forward:               0.1500              0.4166              2.7572              0.0298  
forward:               0.2000              0.2270              2.9842              0.0307  
forward:               0.2500              0.1256              3.1098              0.0315  
forward:               0.3000              0.0472              3.1569              0.0319  
forward:               0.3500              0.0231              3.1800              0.0323  
forward:               0.4000             -0.0336              3.1464              0.0327  
forward:               0.4500             -0.0460              3.1004              0.0329  
forward:               0.5000             -0.0743              3.0260              0.0331  
forward:               0.5500             -0.1324              2.8937              0.0334  
forward:               0.6000             -0.2083              2.6854              0.0336  
forward:               0.6500             -0.2456              2.4398              0.0338  
forward:               0.7000             -0.2778              2.1620              0.0339  
forward:               0.7500             -0.2952              1.8668              0.0340  
forward:               0.8000             -0.3174              1.5494              0.0342  
forward:               0.8500             -0.3345              1.2149              0.0343  
forward:               0.9000             -0.3449              0.8700              0.0345  
forward:               0.9500             -0.3473              0.5227              0.0346  
forward:               1.0000             -0.3673              0.1554              0.0347  
backward:              1.0000              0.0000              0.1554              0.0000  
backward:              0.9500              0.3631              0.5185              0.0038  
backward:              0.9000              0.3480              0.8665              0.0052  
backward:              0.8500              0.3449              1.2114              0.0065  
backward:              0.8000              0.3224              1.5338              0.0076  
backward:              0.7500              0.3197              1.8536              0.0086  
backward:              0.7000              0.2928              2.1464              0.0092  
backward:              0.6500              0.2781              2.4245              0.0100  
backward:              0.6000              0.2410              2.6655              0.0109  
backward:              0.5500              0.1971              2.8626              0.0118  
backward:              0.5000              0.1389              3.0015              0.0127  
backward:              0.4500              0.0708              3.0722              0.0135  
backward:              0.4000              0.0497              3.1220              0.0144  
backward:              0.3500              0.0278              3.1497              0.0153  
backward:              0.3000             -0.0072              3.1425              0.0163  
backward:              0.2500             -0.0520              3.0906              0.0176  
backward:              0.2000             -0.1304              2.9601              0.0191  
backward:              0.1500             -0.2405              2.7196              0.0216  
backward:              0.1000             -0.4167              2.3029              0.0246  
backward:              0.0500             -0.7716              1.5313              0.0324  
backward:              0.0000             -1.6447             -0.1134              0.1077  
Inaccuracy estimation
======================================================================================================
                   i        i+δi          P0_overlap_P1   δε(forward)/ε   δε(backward)/ε
======================================================================================================
inaccuracy:  0.00000        0.05000           37.16           -0.03            2.04
inaccuracy:  0.05000        0.10000           48.81           -0.03            0.90
inaccuracy:  0.10000        0.15000           61.13           -0.01            0.42
inaccuracy:  0.15000        0.20000           67.82           -0.02            0.23
inaccuracy:  0.20000        0.25000           71.36           -0.01            0.18
inaccuracy:  0.25000        0.30000           74.22           -0.01            0.13
inaccuracy:  0.30000        0.35000           74.03           -0.01            0.11
inaccuracy:  0.35000        0.40000           77.40           -0.01            0.09
inaccuracy:  0.40000        0.45000           76.58           -0.01            0.08
inaccuracy:  0.45000        0.50000           78.03           -0.01            0.08
inaccuracy:  0.50000        0.55000           74.65           -0.03            0.08
inaccuracy:  0.55000        0.60000           76.59           -0.02            0.06
inaccuracy:  0.60000        0.65000           76.45           -0.02            0.06
inaccuracy:  0.65000        0.70000           77.23           -0.03            0.06
inaccuracy:  0.70000        0.75000           77.15           -0.02            0.05
inaccuracy:  0.75000        0.80000           76.61           -0.03            0.05
inaccuracy:  0.80000        0.85000           78.12           -0.03            0.05
inaccuracy:  0.85000        0.90000           76.62           -0.03            0.05
inaccuracy:  0.90000        0.95000           76.61           -0.02            0.05
inaccuracy:  0.95000        1.00000           76.68           -0.02            0.05
===================================================================================================================================
                BAR        
-----------------------------------------------------------------------------------------------------------------------------------
BAR-estimator:         λ             λ+δλ          ΔΔA             ΔA            C               Δδe            δe       
                          
-----------------------------------------------------------------------------------------------------------------------------------
BAR-estimator:      0.00000        0.05000        1.5461         1.5461         1.5461         0.0100         0.0100 
BAR-estimator:      0.05000        0.10000        0.7993         2.3455         0.7993         0.0099         0.0141 
BAR-estimator:      0.10000        0.15000        0.4239         2.7694         0.4239         0.0069         0.0157 
BAR-estimator:      0.15000        0.20000        0.2304         2.9998         0.2304         0.0052         0.0165 
BAR-estimator:      0.20000        0.25000        0.1289         3.1287         0.1289         0.0047         0.0172 
BAR-estimator:      0.25000        0.30000        0.0485         3.1771         0.0485         0.0033         0.0175 
BAR-estimator:      0.30000        0.35000        0.0176         3.1948         0.0176         0.0035         0.0178 
BAR-estimator:      0.35000        0.40000       -0.0293         3.1655        -0.0293         0.0031         0.0181 
BAR-estimator:      0.40000        0.45000       -0.0477         3.1179        -0.0477         0.0027         0.0183 
BAR-estimator:      0.45000        0.50000       -0.0718         3.0460        -0.0718         0.0027         0.0185 
BAR-estimator:      0.50000        0.55000       -0.1356         2.9104        -0.1356         0.0029         0.0187 
BAR-estimator:      0.55000        0.60000       -0.2039         2.7065        -0.2039         0.0029         0.0189 
BAR-estimator:      0.60000        0.65000       -0.2444         2.4621        -0.2444         0.0026         0.0191 
BAR-estimator:      0.65000        0.70000       -0.2771         2.1850        -0.2771         0.0027         0.0193 
BAR-estimator:      0.70000        0.75000       -0.2953         1.8897        -0.2953         0.0026         0.0195 
BAR-estimator:      0.75000        0.80000       -0.3193         1.5705        -0.3193         0.0027         0.0197 
BAR-estimator:      0.80000        0.85000       -0.3305         1.2400        -0.3305         0.0024         0.0198 
BAR-estimator:      0.85000        0.90000       -0.3454         0.8946        -0.3454         0.0028         0.0200 
BAR-estimator:      0.90000        0.95000       -0.3486         0.5460        -0.3486         0.0027         0.0202 
BAR-estimator:      0.95000        1.00000       -0.3658         0.1802        -0.3658         0.0029         0.0204 
BAR-estimator: total free energy change is 0.1802025828641175 , total error is 0.020400992235899744
