#========================================================================================
#                     Free energy perturbation    
#----------------------------------------------------------------------------------------
#forward/backward          λ              ΔΔA                 ΔA                  δε   
#                                                 
#----------------------------------------------------------------------------------------
forward:               0.0000              0.0000              0.0000              0.0000  
forward:               0.0500              1.5309              1.5309              0.0189  
forward:               0.1000              0.8386              2.3694              0.0241  
forward:               0.1500              0.4675              2.8369              0.0260  
forward:               0.2000              0.2466              3.0835              0.0271  
forward:               0.2500              0.1312              3.2147              0.0278  
forward:               0.3000              0.0642              3.2789              0.0282  
forward:               0.3500              0.0311              3.3100              0.0285  
forward:               0.4000             -0.0115              3.2985              0.0288  
forward:               0.4500             -0.0403              3.2582              0.0290  
forward:               0.5000             -0.0574              3.2008              0.0293  
forward:               0.5500             -0.1338              3.0670              0.0295  
forward:               0.6000             -0.1992              2.8678              0.0297  
forward:               0.6500             -0.2436              2.6242              0.0299  
forward:               0.7000             -0.2737              2.3506              0.0301  
forward:               0.7500             -0.3018              2.0487              0.0303  
forward:               0.8000             -0.3139              1.7348              0.0304  
forward:               0.8500             -0.3292              1.4056              0.0306  
forward:               0.9000             -0.3424              1.0632              0.0307  
forward:               0.9500             -0.3511              0.7121              0.0308  
forward:               1.0000             -0.3620              0.3501              0.0310  
backward:              1.0000              0.0000              0.3501              0.0000  
backward:              0.9500              0.3602              0.7103              0.0035  
backward:              0.9000              0.3586              1.0689              0.0049  
backward:              0.8500              0.3361              1.4050              0.0061  
backward:              0.8000              0.3300              1.7351              0.0070  
backward:              0.7500              0.3119              2.0469              0.0079  
backward:              0.7000              0.2952              2.3422              0.0087  
backward:              0.6500              0.2661              2.6082              0.0097  
backward:              0.6000              0.2446              2.8528              0.0105  
backward:              0.5500              0.1981              3.0509              0.0113  
backward:              0.5000              0.1274              3.1784              0.0122  
backward:              0.4500              0.0516              3.2300              0.0131  
backward:              0.4000              0.0379              3.2679              0.0138  
backward:              0.3500              0.0177              3.2856              0.0145  
backward:              0.3000             -0.0318              3.2538              0.0156  
backward:              0.2500             -0.0687              3.1851              0.0169  
backward:              0.2000             -0.1328              3.0523              0.0184  
backward:              0.1500             -0.2623              2.7900              0.0250  
backward:              0.1000             -0.4351              2.3549              0.0280  
backward:              0.0500             -0.8179              1.5370              0.0341  
backward:              0.0000             -1.6341             -0.0971              0.0856  
Inaccuracy estimation
======================================================================================================
                   i        i+δi          P0_overlap_P1   δε(forward)/ε   δε(backward)/ε
======================================================================================================
inaccuracy:  0.00000        0.05000           37.60           -0.03            1.99
inaccuracy:  0.05000        0.10000           49.04           -0.02            0.91
inaccuracy:  0.10000        0.15000           58.48           -0.02            0.48
inaccuracy:  0.15000        0.20000           66.71           -0.02            0.25
inaccuracy:  0.20000        0.25000           71.14           -0.01            0.17
inaccuracy:  0.25000        0.30000           73.21           -0.02            0.13
inaccuracy:  0.30000        0.35000           74.88           -0.01            0.11
inaccuracy:  0.35000        0.40000           75.86           -0.01            0.09
inaccuracy:  0.40000        0.45000           77.36           -0.01            0.09
inaccuracy:  0.45000        0.50000           77.55           -0.01            0.07
inaccuracy:  0.50000        0.55000           75.39           -0.03            0.08
inaccuracy:  0.55000        0.60000           76.23           -0.02            0.07
inaccuracy:  0.60000        0.65000           76.42           -0.02            0.06
inaccuracy:  0.65000        0.70000           76.95           -0.02            0.06
inaccuracy:  0.70000        0.75000           77.57           -0.03            0.05
inaccuracy:  0.75000        0.80000           76.90           -0.03            0.05
inaccuracy:  0.80000        0.85000           76.80           -0.03            0.05
inaccuracy:  0.85000        0.90000           76.82           -0.03            0.05
inaccuracy:  0.90000        0.95000           75.58           -0.02            0.06
inaccuracy:  0.95000        1.00000           76.06           -0.03            0.05
===================================================================================================================================
                BAR        
-----------------------------------------------------------------------------------------------------------------------------------
BAR-estimator:         λ             λ+δλ          ΔΔA             ΔA            C               Δδe            δe       
                          
-----------------------------------------------------------------------------------------------------------------------------------
BAR-estimator:      0.00000        0.05000        1.5447         1.5447         1.5447         0.0099         0.0099 
BAR-estimator:      0.05000        0.10000        0.8352         2.3800         0.8352         0.0071         0.0122 
BAR-estimator:      0.10000        0.15000        0.4571         2.8371         0.4571         0.0062         0.0136 
BAR-estimator:      0.15000        0.20000        0.2454         3.0825         0.2454         0.0049         0.0145 
BAR-estimator:      0.20000        0.25000        0.1310         3.2135         0.1310         0.0041         0.0151 
BAR-estimator:      0.25000        0.30000        0.0637         3.2772         0.0637         0.0032         0.0154 
BAR-estimator:      0.30000        0.35000        0.0306         3.3078         0.0306         0.0031         0.0157 
BAR-estimator:      0.35000        0.40000       -0.0134         3.2944        -0.0134         0.0027         0.0159 
BAR-estimator:      0.40000        0.45000       -0.0394         3.2550        -0.0394         0.0026         0.0161 
BAR-estimator:      0.45000        0.50000       -0.0548         3.2002        -0.0548         0.0026         0.0164 
BAR-estimator:      0.50000        0.55000       -0.1320         3.0683        -0.1320         0.0028         0.0166 
BAR-estimator:      0.55000        0.60000       -0.1988         2.8694        -0.1988         0.0047         0.0172 
BAR-estimator:      0.60000        0.65000       -0.2446         2.6248        -0.2446         0.0024         0.0174 
BAR-estimator:      0.65000        0.70000       -0.2711         2.3537        -0.2711         0.0026         0.0176 
BAR-estimator:      0.70000        0.75000       -0.2999         2.0539        -0.2999         0.0025         0.0178 
BAR-estimator:      0.75000        0.80000       -0.3143         1.7396        -0.3143         0.0025         0.0180 
BAR-estimator:      0.80000        0.85000       -0.3306         1.4090        -0.3306         0.0026         0.0181 
BAR-estimator:      0.85000        0.90000       -0.3400         1.0689        -0.3400         0.0027         0.0183 
BAR-estimator:      0.90000        0.95000       -0.3536         0.7153        -0.3536         0.0028         0.0186 
BAR-estimator:      0.95000        1.00000       -0.3621         0.3532        -0.3621         0.0022         0.0187 
BAR-estimator: total free energy change is 0.3532179330304604 , total error is 0.01869638538044534
