#========================================================================================
#                     Free energy perturbation    
#----------------------------------------------------------------------------------------
#forward/backward          λ              ΔΔA                 ΔA                  δε   
#                                                 
#----------------------------------------------------------------------------------------
forward:               0.0000              0.0000              0.0000              0.0000  
forward:               0.0500              1.4227              1.4227              0.0246  
forward:               0.1000              0.6862              2.1089              0.0290  
forward:               0.1500              0.3111              2.4201              0.0307  
forward:               0.2000              0.1366              2.5567              0.0315  
forward:               0.2500              0.0496              2.6062              0.0322  
forward:               0.3000             -0.0238              2.5824              0.0328  
forward:               0.3500             -0.0557              2.5268              0.0332  
forward:               0.4000             -0.0770              2.4497              0.0335  
forward:               0.4500             -0.0890              2.3607              0.0338  
forward:               0.5000             -0.1150              2.2457              0.0341  
forward:               0.5500             -0.3103              1.9354              0.0349  
forward:               0.6000             -0.6134              1.3220              0.0355  
forward:               0.6500             -0.8837              0.4383              0.0361  
forward:               0.7000             -1.1370             -0.6987              0.0369  
forward:               0.7500             -1.2753             -1.9740              0.0373  
forward:               0.8000             -1.3784             -3.3524              0.0378  
forward:               0.8500             -1.4211             -4.7735              0.0383  
forward:               0.9000             -1.4512             -6.2247              0.0388  
forward:               0.9500             -1.4432             -7.6679              0.0391  
forward:               1.0000             -1.4544             -9.1223              0.0394  
backward:              1.0000              0.0000             -9.1223              0.0000  
backward:              0.9500              1.4449             -7.6774              0.0063  
backward:              0.9000              1.4511             -6.2263              0.0090  
backward:              0.8500              1.4302             -4.7960              0.0140  
backward:              0.8000              1.4134             -3.3826              0.0157  
backward:              0.7500              1.3815             -2.0011              0.0168  
backward:              0.7000              1.2671             -0.7340              0.0186  
backward:              0.6500              1.1059              0.3719              0.0200  
backward:              0.6000              0.8755              1.2474              0.0210  
backward:              0.5500              0.6065              1.8539              0.0226  
backward:              0.5000              0.3024              2.1563              0.0237  
backward:              0.4500              0.1161              2.2724              0.0242  
backward:              0.4000              0.0914              2.3638              0.0248  
backward:              0.3500              0.0779              2.4417              0.0253  
backward:              0.3000              0.0413              2.4830              0.0262  
backward:              0.2500              0.0067              2.4897              0.0270  
backward:              0.2000             -0.0422              2.4475              0.0284  
backward:              0.1500             -0.1345              2.3130              0.0298  
backward:              0.1000             -0.2975              2.0155              0.0328  
backward:              0.0500             -0.7016              1.3139              0.0487  
backward:              0.0000             -1.4177             -0.1038              0.0570  
Inaccuracy estimation
======================================================================================================
                   i        i+δi          P0_overlap_P1   δε(forward)/ε   δε(backward)/ε
======================================================================================================
inaccuracy:  0.00000        0.05000           35.47           -0.05            1.71
inaccuracy:  0.05000        0.10000           47.83           -0.04            0.94
inaccuracy:  0.10000        0.15000           60.51           -0.02            0.44
inaccuracy:  0.15000        0.20000           66.67           -0.01            0.24
inaccuracy:  0.20000        0.25000           69.04           -0.01            0.17
inaccuracy:  0.25000        0.30000           73.79           -0.01            0.12
inaccuracy:  0.30000        0.35000           74.86           -0.01            0.11
inaccuracy:  0.35000        0.40000           74.56           -0.02            0.11
inaccuracy:  0.40000        0.45000           73.99           -0.01            0.10
inaccuracy:  0.45000        0.50000           75.19           -0.02            0.09
inaccuracy:  0.50000        0.55000           64.24           -0.11            0.14
inaccuracy:  0.55000        0.60000           63.85           -0.15            0.09
inaccuracy:  0.60000        0.65000           63.92           -0.16            0.06
inaccuracy:  0.65000        0.70000           65.93           -0.14            0.04
inaccuracy:  0.70000        0.75000           64.62           -0.15            0.02
inaccuracy:  0.75000        0.80000           64.88           -0.16            0.01
inaccuracy:  0.80000        0.85000           65.12           -0.15            0.01
inaccuracy:  0.85000        0.90000           65.47           -0.15            0.01
inaccuracy:  0.90000        0.95000           63.17           -0.15            0.02
inaccuracy:  0.95000        1.00000           63.73           -0.13            0.02
===================================================================================================================================
                BAR        
-----------------------------------------------------------------------------------------------------------------------------------
BAR-estimator:         λ             λ+δλ          ΔΔA             ΔA            C               Δδe            δe       
                          
-----------------------------------------------------------------------------------------------------------------------------------
BAR-estimator:      0.00000        0.05000        1.4331         1.4331         1.4331         0.0121         0.0121 
BAR-estimator:      0.05000        0.10000        0.6828         2.1159         0.6828         0.0096         0.0154 
BAR-estimator:      0.10000        0.15000        0.3093         2.4252         0.3093         0.0067         0.0168 
BAR-estimator:      0.15000        0.20000        0.1365         2.5617         0.1365         0.0051         0.0176 
BAR-estimator:      0.20000        0.25000        0.0474         2.6090         0.0474         0.0048         0.0182 
BAR-estimator:      0.25000        0.30000       -0.0167         2.5923        -0.0167         0.0038         0.0186 
BAR-estimator:      0.30000        0.35000       -0.0500         2.5423        -0.0500         0.0035         0.0189 
BAR-estimator:      0.35000        0.40000       -0.0767         2.4657        -0.0767         0.0034         0.0192 
BAR-estimator:      0.40000        0.45000       -0.0896         2.3761        -0.0896         0.0031         0.0195 
BAR-estimator:      0.45000        0.50000       -0.1146         2.2614        -0.1146         0.0027         0.0197 
BAR-estimator:      0.50000        0.55000       -0.3046         1.9568        -0.3046         0.0040         0.0201 
BAR-estimator:      0.55000        0.60000       -0.6131         1.3438        -0.6131         0.0041         0.0205 
BAR-estimator:      0.60000        0.65000       -0.8813         0.4624        -0.8813         0.0042         0.0209 
BAR-estimator:      0.65000        0.70000       -1.1206        -0.6582        -1.1206         0.0041         0.0213 
BAR-estimator:      0.70000        0.75000       -1.2728        -1.9309        -1.2728         0.0036         0.0216 
BAR-estimator:      0.75000        0.80000       -1.3765        -3.3075        -1.3765         0.0043         0.0220 
BAR-estimator:      0.80000        0.85000       -1.4209        -4.7283        -1.4209         0.0047         0.0225 
BAR-estimator:      0.85000        0.90000       -1.4409        -6.1693        -1.4409         0.0041         0.0229 
BAR-estimator:      0.90000        0.95000       -1.4465        -7.6158        -1.4465         0.0040         0.0233 
BAR-estimator:      0.95000        1.00000       -1.4510        -9.0667        -1.4510         0.0046         0.0237 
BAR-estimator: total free energy change is -9.066733231662209 , total error is 0.023706638888969494
