#========================================================================================
#                     Free energy perturbation    
#----------------------------------------------------------------------------------------
#forward/backward          λ              ΔΔA                 ΔA                  δε   
#                                                 
#----------------------------------------------------------------------------------------
forward:               0.0000              0.0000              0.0000              0.0000  
forward:               0.0500              0.3688              0.3688              0.0085  
forward:               0.1000              0.2823              0.6511              0.0112  
forward:               0.1500              0.2184              0.8695              0.0124  
forward:               0.2000              0.1869              1.0565              0.0136  
forward:               0.2500              0.1543              1.2108              0.0149  
forward:               0.3000              0.1347              1.3455              0.0155  
forward:               0.3500              0.1257              1.4712              0.0160  
forward:               0.4000              0.1140              1.5852              0.0165  
forward:               0.4500              0.1077              1.6929              0.0168  
forward:               0.5000              0.0932              1.7860              0.0172  
forward:               0.5500              0.0975              1.8835              0.0175  
forward:               0.6000              0.0603              1.9438              0.0178  
forward:               0.6500              0.0539              1.9977              0.0180  
forward:               0.7000              0.0388              2.0366              0.0183  
forward:               0.7500              0.0354              2.0720              0.0185  
forward:               0.8000              0.0279              2.0999              0.0187  
forward:               0.8500              0.0278              2.1277              0.0189  
forward:               0.9000              0.0166              2.1443              0.0191  
forward:               0.9500              0.0175              2.1618              0.0193  
forward:               1.0000              0.0121              2.1740              0.0195  
backward:              1.0000              0.0000              2.1740              0.0000  
backward:              0.9500             -0.0124              2.1616              0.0031  
backward:              0.9000             -0.0208              2.1408              0.0044  
backward:              0.8500             -0.0160              2.1249              0.0056  
backward:              0.8000             -0.0232              2.1016              0.0064  
backward:              0.7500             -0.0294              2.0722              0.0074  
backward:              0.7000             -0.0404              2.0318              0.0082  
backward:              0.6500             -0.0386              1.9932              0.0090  
backward:              0.6000             -0.0513              1.9419              0.0096  
backward:              0.5500             -0.0660              1.8759              0.0102  
backward:              0.5000             -0.0912              1.7847              0.0109  
backward:              0.4500             -0.0912              1.6935              0.0115  
backward:              0.4000             -0.1091              1.5844              0.0123  
backward:              0.3500             -0.1149              1.4695              0.0132  
backward:              0.3000             -0.1249              1.3446              0.0138  
backward:              0.2500             -0.1308              1.2138              0.0146  
backward:              0.2000             -0.1599              1.0539              0.0155  
backward:              0.1500             -0.1916              0.8623              0.0175  
backward:              0.1000             -0.2259              0.6364              0.0188  
backward:              0.0500             -0.2646              0.3718              0.0203  
backward:              0.0000             -0.3675              0.0043              0.0226  
Inaccuracy estimation
======================================================================================================
                   i        i+δi          P0_overlap_P1   δε(forward)/ε   δε(backward)/ε
======================================================================================================
inaccuracy:  0.00000        0.05000           68.43           -0.00            0.26
inaccuracy:  0.05000        0.10000           72.54           -0.00            0.20
inaccuracy:  0.10000        0.15000           77.31           -0.00            0.13
inaccuracy:  0.15000        0.20000           77.98           -0.00            0.11
inaccuracy:  0.20000        0.25000           80.07           -0.00            0.09
inaccuracy:  0.25000        0.30000           79.80           -0.00            0.08
inaccuracy:  0.30000        0.35000           81.18           -0.00            0.08
inaccuracy:  0.35000        0.40000           81.70           -0.00            0.08
inaccuracy:  0.40000        0.45000           81.42           -0.00            0.07
inaccuracy:  0.45000        0.50000           82.04           -0.00            0.07
inaccuracy:  0.50000        0.55000           79.71           -0.01            0.08
inaccuracy:  0.55000        0.60000           82.52           -0.01            0.06
inaccuracy:  0.60000        0.65000           81.65           -0.01            0.06
inaccuracy:  0.65000        0.70000           81.54           -0.01            0.06
inaccuracy:  0.70000        0.75000           81.71           -0.01            0.05
inaccuracy:  0.75000        0.80000           81.42           -0.01            0.06
inaccuracy:  0.80000        0.85000           81.10           -0.01            0.06
inaccuracy:  0.85000        0.90000           81.59           -0.01            0.06
inaccuracy:  0.90000        0.95000           81.29           -0.01            0.06
inaccuracy:  0.95000        1.00000           81.48           -0.01            0.06
===================================================================================================================================
                BAR        
-----------------------------------------------------------------------------------------------------------------------------------
BAR-estimator:         λ             λ+δλ          ΔΔA             ΔA            C               Δδe            δe       
                          
-----------------------------------------------------------------------------------------------------------------------------------
BAR-estimator:      0.00000        0.05000        0.3664         0.3664         0.3664         0.0062         0.0062 
BAR-estimator:      0.05000        0.10000        0.2788         0.6452         0.2788         0.0046         0.0078 
BAR-estimator:      0.10000        0.15000        0.2216         0.8668         0.2216         0.0037         0.0086 
BAR-estimator:      0.15000        0.20000        0.1856         1.0524         0.1856         0.0035         0.0093 
BAR-estimator:      0.20000        0.25000        0.1574         1.2098         0.1574         0.0043         0.0102 
BAR-estimator:      0.25000        0.30000        0.1328         1.3426         0.1328         0.0026         0.0106 
BAR-estimator:      0.30000        0.35000        0.1264         1.4690         0.1264         0.0028         0.0109 
BAR-estimator:      0.35000        0.40000        0.1152         1.5842         0.1152         0.0028         0.0113 
BAR-estimator:      0.40000        0.45000        0.1070         1.6912         0.1070         0.0023         0.0115 
BAR-estimator:      0.45000        0.50000        0.0938         1.7850         0.0938         0.0023         0.0118 
BAR-estimator:      0.50000        0.55000        0.0946         1.8796         0.0946         0.0026         0.0120 
BAR-estimator:      0.55000        0.60000        0.0635         1.9431         0.0635         0.0021         0.0122 
BAR-estimator:      0.60000        0.65000        0.0540         1.9971         0.0540         0.0025         0.0125 
BAR-estimator:      0.65000        0.70000        0.0381         2.0352         0.0381         0.0021         0.0127 
BAR-estimator:      0.70000        0.75000        0.0367         2.0719         0.0367         0.0023         0.0129 
BAR-estimator:      0.75000        0.80000        0.0285         2.1004         0.0285         0.0023         0.0131 
BAR-estimator:      0.80000        0.85000        0.0259         2.1263         0.0259         0.0026         0.0133 
BAR-estimator:      0.85000        0.90000        0.0171         2.1435         0.0171         0.0023         0.0135 
BAR-estimator:      0.90000        0.95000        0.0192         2.1626         0.0192         0.0023         0.0137 
BAR-estimator:      0.95000        1.00000        0.0130         2.1757         0.0130         0.0024         0.0139 
BAR-estimator: total free energy change is 2.1756527649152493 , total error is 0.013911601684405568
