#========================================================================================
#                     Free energy perturbation    
#----------------------------------------------------------------------------------------
#forward/backward          λ              ΔΔA                 ΔA                  δε   
#                                                 
#----------------------------------------------------------------------------------------
forward:               0.0000              0.0000              0.0000              0.0000  
forward:               0.0500              0.3633              0.3633              0.0048  
forward:               0.1000              0.2779              0.6412              0.0065  
forward:               0.1500              0.2097              0.8509              0.0075  
forward:               0.2000              0.1859              1.0368              0.0083  
forward:               0.2500              0.1636              1.2004              0.0091  
forward:               0.3000              0.1407              1.3411              0.0096  
forward:               0.3500              0.1240              1.4651              0.0099  
forward:               0.4000              0.1112              1.5763              0.0104  
forward:               0.4500              0.1070              1.6833              0.0107  
forward:               0.5000              0.1014              1.7847              0.0111  
forward:               0.5500              0.0974              1.8821              0.0115  
forward:               0.6000              0.0756              1.9576              0.0119  
forward:               0.6500              0.0540              2.0116              0.0123  
forward:               0.7000              0.0445              2.0561              0.0126  
forward:               0.7500              0.0310              2.0871              0.0128  
forward:               0.8000              0.0267              2.1138              0.0131  
forward:               0.8500              0.0204              2.1343              0.0133  
forward:               0.9000              0.0215              2.1557              0.0136  
forward:               0.9500              0.0119              2.1677              0.0139  
forward:               1.0000              0.0160              2.1836              0.0141  
backward:              1.0000              0.0000              2.1836              0.0000  
backward:              0.9500             -0.0226              2.1611              0.0026  
backward:              0.9000             -0.0184              2.1426              0.0040  
backward:              0.8500             -0.0191              2.1236              0.0050  
backward:              0.8000             -0.0245              2.0991              0.0059  
backward:              0.7500             -0.0255              2.0736              0.0066  
backward:              0.7000             -0.0373              2.0363              0.0071  
backward:              0.6500             -0.0445              1.9918              0.0078  
backward:              0.6000             -0.0539              1.9378              0.0084  
backward:              0.5500             -0.0681              1.8698              0.0091  
backward:              0.5000             -0.0922              1.7776              0.0094  
backward:              0.4500             -0.0977              1.6799              0.0102  
backward:              0.4000             -0.1113              1.5686              0.0109  
backward:              0.3500             -0.1200              1.4486              0.0115  
backward:              0.3000             -0.1293              1.3193              0.0124  
backward:              0.2500             -0.1438              1.1755              0.0130  
backward:              0.2000             -0.1612              1.0143              0.0137  
backward:              0.1500             -0.1801              0.8343              0.0144  
backward:              0.1000             -0.2247              0.6096              0.0157  
backward:              0.0500             -0.2777              0.3318              0.0181  
backward:              0.0000             -0.3730             -0.0412              0.0193  
Inaccuracy estimation
======================================================================================================
                   i        i+δi          P0_overlap_P1   δε(forward)/ε   δε(backward)/ε
======================================================================================================
inaccuracy:  0.00000        0.05000           69.28           -0.00            0.25
inaccuracy:  0.05000        0.10000           73.57           -0.00            0.18
inaccuracy:  0.10000        0.15000           78.35           -0.00            0.12
inaccuracy:  0.15000        0.20000           78.25           -0.01            0.11
inaccuracy:  0.20000        0.25000           79.44           -0.00            0.10
inaccuracy:  0.25000        0.30000           81.11           -0.00            0.09
inaccuracy:  0.30000        0.35000           81.55           -0.00            0.08
inaccuracy:  0.35000        0.40000           82.21           -0.00            0.07
inaccuracy:  0.40000        0.45000           81.83           -0.00            0.07
inaccuracy:  0.45000        0.50000           81.50           -0.00            0.07
inaccuracy:  0.50000        0.55000           79.77           -0.01            0.07
inaccuracy:  0.55000        0.60000           79.84           -0.01            0.07
inaccuracy:  0.60000        0.65000           81.60           -0.01            0.06
inaccuracy:  0.65000        0.70000           81.70           -0.01            0.07
inaccuracy:  0.70000        0.75000           81.99           -0.01            0.06
inaccuracy:  0.75000        0.80000           81.74           -0.01            0.06
inaccuracy:  0.80000        0.85000           82.10           -0.01            0.05
inaccuracy:  0.85000        0.90000           80.86           -0.01            0.06
inaccuracy:  0.90000        0.95000           82.45           -0.01            0.05
inaccuracy:  0.95000        1.00000           82.04           -0.01            0.06
===================================================================================================================================
                BAR        
-----------------------------------------------------------------------------------------------------------------------------------
BAR-estimator:         λ             λ+δλ          ΔΔA             ΔA            C               Δδe            δe       
                          
-----------------------------------------------------------------------------------------------------------------------------------
BAR-estimator:      0.00000        0.05000        0.3640         0.3640         0.3640         0.0035         0.0035 
BAR-estimator:      0.05000        0.10000        0.2760         0.6400         0.2760         0.0032         0.0047 
BAR-estimator:      0.10000        0.15000        0.2145         0.8544         0.2145         0.0026         0.0054 
BAR-estimator:      0.15000        0.20000        0.1849         1.0393         0.1849         0.0025         0.0059 
BAR-estimator:      0.20000        0.25000        0.1638         1.2031         0.1638         0.0025         0.0065 
BAR-estimator:      0.25000        0.30000        0.1428         1.3459         0.1428         0.0019         0.0067 
BAR-estimator:      0.30000        0.35000        0.1247         1.4706         0.1247         0.0016         0.0069 
BAR-estimator:      0.35000        0.40000        0.1143         1.5850         0.1143         0.0021         0.0072 
BAR-estimator:      0.40000        0.45000        0.1080         1.6930         0.1080         0.0021         0.0075 
BAR-estimator:      0.45000        0.50000        0.1001         1.7931         0.1001         0.0020         0.0078 
BAR-estimator:      0.50000        0.55000        0.0948         1.8880         0.0948         0.0024         0.0081 
BAR-estimator:      0.55000        0.60000        0.0731         1.9611         0.0731         0.0020         0.0084 
BAR-estimator:      0.60000        0.65000        0.0540         2.0151         0.0540         0.0024         0.0087 
BAR-estimator:      0.65000        0.70000        0.0452         2.0603         0.0452         0.0021         0.0090 
BAR-estimator:      0.70000        0.75000        0.0327         2.0930         0.0327         0.0019         0.0092 
BAR-estimator:      0.75000        0.80000        0.0265         2.1195         0.0265         0.0021         0.0094 
BAR-estimator:      0.80000        0.85000        0.0216         2.1411         0.0216         0.0018         0.0096 
BAR-estimator:      0.85000        0.90000        0.0211         2.1621         0.0211         0.0021         0.0098 
BAR-estimator:      0.90000        0.95000        0.0152         2.1774         0.0152         0.0019         0.0100 
BAR-estimator:      0.95000        1.00000        0.0181         2.1955         0.0181         0.0018         0.0102 
BAR-estimator: total free energy change is 2.1954956063742768 , total error is 0.010187397780260444
