#========================================================================================
#                     Free energy perturbation    
#----------------------------------------------------------------------------------------
#forward/backward          λ              ΔΔA                 ΔA                  δε   
#                                                 
#----------------------------------------------------------------------------------------
forward:               0.0000              0.0000              0.0000              0.0000  
forward:               0.0500              1.7832              1.7832              0.0251  
forward:               0.1000              0.9865              2.7697              0.0324  
forward:               0.1500              0.5016              3.2713              0.0342  
forward:               0.2000              0.2392              3.5105              0.0355  
forward:               0.2500              0.1195              3.6300              0.0362  
forward:               0.3000              0.0447              3.6747              0.0366  
forward:               0.3500             -0.0158              3.6589              0.0369  
forward:               0.4000             -0.0589              3.6001              0.0372  
forward:               0.4500             -0.0753              3.5247              0.0375  
forward:               0.5000             -0.0986              3.4261              0.0377  
forward:               0.5500             -0.1436              3.2825              0.0380  
forward:               0.6000             -0.2282              3.0543              0.0383  
forward:               0.6500             -0.2985              2.7558              0.0385  
forward:               0.7000             -0.3408              2.4150              0.0387  
forward:               0.7500             -0.3879              2.0271              0.0388  
forward:               0.8000             -0.4202              1.6069              0.0390  
forward:               0.8500             -0.4442              1.1627              0.0393  
forward:               0.9000             -0.4761              0.6865              0.0394  
forward:               0.9500             -0.5009              0.1857              0.0395  
forward:               1.0000             -0.5215             -0.3359              0.0396  
backward:              1.0000              0.0000             -0.3359              0.0000  
backward:              0.9500              0.5101              0.1742              0.0047  
backward:              0.9000              0.4970              0.6712              0.0062  
backward:              0.8500              0.4654              1.1366              0.0077  
backward:              0.8000              0.4481              1.5847              0.0090  
backward:              0.7500              0.4158              2.0005              0.0104  
backward:              0.7000              0.3872              2.3878              0.0117  
backward:              0.6500              0.3458              2.7336              0.0125  
backward:              0.6000              0.2971              3.0307              0.0132  
backward:              0.5500              0.2351              3.2659              0.0140  
backward:              0.5000              0.1429              3.4088              0.0153  
backward:              0.4500              0.1023              3.5111              0.0161  
backward:              0.4000              0.0798              3.5909              0.0169  
backward:              0.3500              0.0453              3.6361              0.0178  
backward:              0.3000             -0.0016              3.6345              0.0195  
backward:              0.2500             -0.0494              3.5851              0.0207  
backward:              0.2000             -0.1178              3.4674              0.0220  
backward:              0.1500             -0.2484              3.2189              0.0243  
backward:              0.1000             -0.4728              2.7462              0.0282  
backward:              0.0500             -0.9633              1.7829              0.0382  
backward:              0.0000             -1.7602              0.0227              0.0624  
Inaccuracy estimation
======================================================================================================
                   i        i+δi          P0_overlap_P1   δε(forward)/ε   δε(backward)/ε
======================================================================================================
inaccuracy:  0.00000        0.05000           34.82           -0.02            2.04
inaccuracy:  0.05000        0.10000           45.32           -0.03            1.12
inaccuracy:  0.10000        0.15000           55.66           -0.03            0.55
inaccuracy:  0.15000        0.20000           64.91           -0.02            0.29
inaccuracy:  0.20000        0.25000           68.85           -0.01            0.21
inaccuracy:  0.25000        0.30000           71.27           -0.01            0.14
inaccuracy:  0.30000        0.35000           74.73           -0.01            0.11
inaccuracy:  0.35000        0.40000           75.73           -0.01            0.10
inaccuracy:  0.40000        0.45000           74.24           -0.01            0.09
inaccuracy:  0.45000        0.50000           75.43           -0.02            0.09
inaccuracy:  0.50000        0.55000           71.86           -0.03            0.10
inaccuracy:  0.55000        0.60000           72.78           -0.03            0.09
inaccuracy:  0.60000        0.65000           74.36           -0.03            0.07
inaccuracy:  0.65000        0.70000           74.46           -0.03            0.07
inaccuracy:  0.70000        0.75000           74.62           -0.03            0.06
inaccuracy:  0.75000        0.80000           75.39           -0.04            0.06
inaccuracy:  0.80000        0.85000           73.64           -0.03            0.06
inaccuracy:  0.85000        0.90000           74.73           -0.03            0.05
inaccuracy:  0.90000        0.95000           74.74           -0.03            0.05
inaccuracy:  0.95000        1.00000           74.98           -0.04            0.05
===================================================================================================================================
                BAR        
-----------------------------------------------------------------------------------------------------------------------------------
BAR-estimator:         λ             λ+δλ          ΔΔA             ΔA            C               Δδe            δe       
                          
-----------------------------------------------------------------------------------------------------------------------------------
BAR-estimator:      0.00000        0.05000        1.7622         1.7622         1.7622         0.0122         0.0122 
BAR-estimator:      0.05000        0.10000        0.9964         2.7586         0.9964         0.0108         0.0163 
BAR-estimator:      0.10000        0.15000        0.4946         3.2533         0.4946         0.0072         0.0178 
BAR-estimator:      0.15000        0.20000        0.2424         3.4957         0.2424         0.0064         0.0189 
BAR-estimator:      0.20000        0.25000        0.1240         3.6197         0.1240         0.0047         0.0195 
BAR-estimator:      0.25000        0.30000        0.0448         3.6645         0.0448         0.0037         0.0199 
BAR-estimator:      0.30000        0.35000       -0.0098         3.6547        -0.0098         0.0034         0.0201 
BAR-estimator:      0.35000        0.40000       -0.0533         3.6014        -0.0533         0.0031         0.0204 
BAR-estimator:      0.40000        0.45000       -0.0770         3.5243        -0.0770         0.0032         0.0206 
BAR-estimator:      0.45000        0.50000       -0.0999         3.4245        -0.0999         0.0031         0.0209 
BAR-estimator:      0.50000        0.55000       -0.1447         3.2798        -0.1447         0.0031         0.0211 
BAR-estimator:      0.55000        0.60000       -0.2293         3.0505        -0.2293         0.0031         0.0213 
BAR-estimator:      0.60000        0.65000       -0.2985         2.7520        -0.2985         0.0030         0.0215 
BAR-estimator:      0.65000        0.70000       -0.3424         2.4096        -0.3424         0.0028         0.0217 
BAR-estimator:      0.70000        0.75000       -0.3875         2.0221        -0.3875         0.0027         0.0219 
BAR-estimator:      0.75000        0.80000       -0.4201         1.6020        -0.4201         0.0030         0.0221 
BAR-estimator:      0.80000        0.85000       -0.4453         1.1567        -0.4453         0.0029         0.0223 
BAR-estimator:      0.85000        0.90000       -0.4731         0.6837        -0.4731         0.0029         0.0225 
BAR-estimator:      0.90000        0.95000       -0.4994         0.1842        -0.4994         0.0034         0.0227 
BAR-estimator:      0.95000        1.00000       -0.5174        -0.3332        -0.5174         0.0032         0.0229 
BAR-estimator: total free energy change is -0.3332075432477685 , total error is 0.022928965368705936
