#========================================================================================
#                     Free energy perturbation    
#----------------------------------------------------------------------------------------
#forward/backward          λ              ΔΔA                 ΔA                  δε   
#                                                 
#----------------------------------------------------------------------------------------
forward:               0.0000              0.0000              0.0000              0.0000  
forward:               0.0500              1.7536              1.7536              0.0230  
forward:               0.1000              0.9982              2.7517              0.0269  
forward:               0.1500              0.5184              3.2701              0.0292  
forward:               0.2000              0.2555              3.5256              0.0302  
forward:               0.2500              0.1287              3.6544              0.0308  
forward:               0.3000              0.0540              3.7083              0.0312  
forward:               0.3500              0.0003              3.7087              0.0316  
forward:               0.4000             -0.0470              3.6616              0.0318  
forward:               0.4500             -0.0721              3.5895              0.0321  
forward:               0.5000             -0.0958              3.4938              0.0323  
forward:               0.5500             -0.1401              3.3536              0.0326  
forward:               0.6000             -0.2150              3.1387              0.0329  
forward:               0.6500             -0.2917              2.8470              0.0331  
forward:               0.7000             -0.3465              2.5005              0.0333  
forward:               0.7500             -0.3900              2.1105              0.0335  
forward:               0.8000             -0.4168              1.6938              0.0336  
forward:               0.8500             -0.4535              1.2402              0.0338  
forward:               0.9000             -0.4795              0.7607              0.0339  
forward:               0.9500             -0.4978              0.2629              0.0341  
forward:               1.0000             -0.5190             -0.2561              0.0343  
backward:              1.0000              0.0000             -0.2561              0.0000  
backward:              0.9500              0.5050              0.2489              0.0042  
backward:              0.9000              0.4840              0.7329              0.0061  
backward:              0.8500              0.4682              1.2011              0.0073  
backward:              0.8000              0.4447              1.6458              0.0084  
backward:              0.7500              0.4178              2.0637              0.0094  
backward:              0.7000              0.3807              2.4444              0.0103  
backward:              0.6500              0.3322              2.7766              0.0113  
backward:              0.6000              0.2862              3.0627              0.0122  
backward:              0.5500              0.2229              3.2856              0.0131  
backward:              0.5000              0.1414              3.4269              0.0141  
backward:              0.4500              0.1018              3.5287              0.0145  
backward:              0.4000              0.0667              3.5955              0.0152  
backward:              0.3500              0.0398              3.6353              0.0160  
backward:              0.3000              0.0037              3.6390              0.0170  
backward:              0.2500             -0.0436              3.5954              0.0180  
backward:              0.2000             -0.1282              3.4672              0.0197  
backward:              0.1500             -0.2544              3.2128              0.0220  
backward:              0.1000             -0.5164              2.6964              0.0269  
backward:              0.0500             -0.9905              1.7059              0.0344  
backward:              0.0000             -1.7012              0.0047              0.0463  
Inaccuracy estimation
======================================================================================================
                   i        i+δi          P0_overlap_P1   δε(forward)/ε   δε(backward)/ε
======================================================================================================
inaccuracy:  0.00000        0.05000           35.00           -0.02            2.08
inaccuracy:  0.05000        0.10000           45.87           -0.04            1.16
inaccuracy:  0.10000        0.15000           55.39           -0.03            0.57
inaccuracy:  0.15000        0.20000           64.09           -0.01            0.31
inaccuracy:  0.20000        0.25000           68.52           -0.01            0.20
inaccuracy:  0.25000        0.30000           71.07           -0.02            0.16
inaccuracy:  0.30000        0.35000           72.44           -0.01            0.13
inaccuracy:  0.35000        0.40000           74.88           -0.02            0.10
inaccuracy:  0.40000        0.45000           75.44           -0.02            0.10
inaccuracy:  0.45000        0.50000           74.88           -0.02            0.09
inaccuracy:  0.50000        0.55000           72.55           -0.04            0.10
inaccuracy:  0.55000        0.60000           72.43           -0.03            0.09
inaccuracy:  0.60000        0.65000           73.72           -0.04            0.07
inaccuracy:  0.65000        0.70000           75.37           -0.03            0.06
inaccuracy:  0.70000        0.75000           74.98           -0.03            0.06
inaccuracy:  0.75000        0.80000           74.35           -0.04            0.06
inaccuracy:  0.80000        0.85000           75.16           -0.03            0.05
inaccuracy:  0.85000        0.90000           75.19           -0.03            0.06
inaccuracy:  0.90000        0.95000           75.51           -0.04            0.05
inaccuracy:  0.95000        1.00000           74.72           -0.04            0.05
===================================================================================================================================
                BAR        
-----------------------------------------------------------------------------------------------------------------------------------
BAR-estimator:         λ             λ+δλ          ΔΔA             ΔA            C               Δδe            δe       
                          
-----------------------------------------------------------------------------------------------------------------------------------
BAR-estimator:      0.00000        0.05000        1.7561         1.7561         1.7561         0.0116         0.0116 
BAR-estimator:      0.05000        0.10000        1.0059         2.7620         1.0059         0.0091         0.0147 
BAR-estimator:      0.10000        0.15000        0.5213         3.2833         0.5213         0.0073         0.0164 
BAR-estimator:      0.15000        0.20000        0.2577         3.5410         0.2577         0.0052         0.0173 
BAR-estimator:      0.20000        0.25000        0.1284         3.6694         0.1284         0.0039         0.0177 
BAR-estimator:      0.25000        0.30000        0.0529         3.7223         0.0529         0.0037         0.0181 
BAR-estimator:      0.30000        0.35000       -0.0023         3.7200        -0.0023         0.0034         0.0184 
BAR-estimator:      0.35000        0.40000       -0.0447         3.6753        -0.0447         0.0026         0.0186 
BAR-estimator:      0.40000        0.45000       -0.0683         3.6069        -0.0683         0.0029         0.0188 
BAR-estimator:      0.45000        0.50000       -0.0978         3.5091        -0.0978         0.0026         0.0190 
BAR-estimator:      0.50000        0.55000       -0.1395         3.3696        -0.1395         0.0030         0.0192 
BAR-estimator:      0.55000        0.60000       -0.2202         3.1494        -0.2202         0.0029         0.0194 
BAR-estimator:      0.60000        0.65000       -0.2910         2.8583        -0.2910         0.0028         0.0196 
BAR-estimator:      0.65000        0.70000       -0.3405         2.5178        -0.3405         0.0026         0.0198 
BAR-estimator:      0.70000        0.75000       -0.3862         2.1316        -0.3862         0.0033         0.0201 
BAR-estimator:      0.75000        0.80000       -0.4176         1.7140        -0.4176         0.0029         0.0203 
BAR-estimator:      0.80000        0.85000       -0.4496         1.2644        -0.4496         0.0030         0.0205 
BAR-estimator:      0.85000        0.90000       -0.4746         0.7898        -0.4746         0.0025         0.0207 
BAR-estimator:      0.90000        0.95000       -0.4926         0.2972        -0.4926         0.0030         0.0209 
BAR-estimator:      0.95000        1.00000       -0.5139        -0.2167        -0.5139         0.0027         0.0211 
BAR-estimator: total free energy change is -0.2166840269115844 , total error is 0.021057373757315662
