#========================================================================================
#                     Free energy perturbation    
#----------------------------------------------------------------------------------------
#forward/backward          λ              ΔΔA                 ΔA                  δε   
#                                                 
#----------------------------------------------------------------------------------------
forward:               0.0000              0.0000              0.0000              0.0000  
forward:               0.0500              1.4913              1.4913              0.0225  
forward:               0.1000              0.7271              2.2184              0.0271  
forward:               0.1500              0.3900              2.6084              0.0293  
forward:               0.2000              0.2322              2.8406              0.0304  
forward:               0.2500              0.1256              2.9661              0.0310  
forward:               0.3000              0.0446              3.0108              0.0315  
forward:               0.3500              0.0170              3.0277              0.0318  
forward:               0.4000             -0.0153              3.0125              0.0320  
forward:               0.4500             -0.0333              2.9792              0.0323  
forward:               0.5000             -0.0574              2.9217              0.0326  
forward:               0.5500             -0.1267              2.7950              0.0328  
forward:               0.6000             -0.2180              2.5770              0.0332  
forward:               0.6500             -0.2909              2.2860              0.0334  
forward:               0.7000             -0.3526              1.9334              0.0336  
forward:               0.7500             -0.3991              1.5343              0.0338  
forward:               0.8000             -0.4298              1.1046              0.0339  
forward:               0.8500             -0.4645              0.6401              0.0341  
forward:               0.9000             -0.4943              0.1457              0.0342  
forward:               0.9500             -0.5112             -0.3654              0.0344  
forward:               1.0000             -0.5362             -0.9017              0.0346  
backward:              1.0000              0.0000             -0.9017              0.0000  
backward:              0.9500              0.5445             -0.3571              0.0039  
backward:              0.9000              0.5137              0.1566              0.0058  
backward:              0.8500              0.4944              0.6510              0.0070  
backward:              0.8000              0.4657              1.1167              0.0079  
backward:              0.7500              0.4350              1.5518              0.0087  
backward:              0.7000              0.3937              1.9455              0.0096  
backward:              0.6500              0.3441              2.2896              0.0105  
backward:              0.6000              0.2954              2.5850              0.0113  
backward:              0.5500              0.2212              2.8062              0.0123  
backward:              0.5000              0.1203              2.9265              0.0134  
backward:              0.4500              0.0659              2.9924              0.0141  
backward:              0.4000              0.0489              3.0413              0.0147  
backward:              0.3500              0.0088              3.0501              0.0155  
backward:              0.3000             -0.0207              3.0295              0.0164  
backward:              0.2500             -0.0589              2.9706              0.0178  
backward:              0.2000             -0.1207              2.8499              0.0195  
backward:              0.1500             -0.2138              2.6360              0.0219  
backward:              0.1000             -0.4269              2.2091              0.0308  
backward:              0.0500             -0.7643              1.4449              0.0379  
backward:              0.0000             -1.4544             -0.0095              0.0493  
Inaccuracy estimation
======================================================================================================
                   i        i+δi          P0_overlap_P1   δε(forward)/ε   δε(backward)/ε
======================================================================================================
inaccuracy:  0.00000        0.05000           37.38           -0.03            1.91
inaccuracy:  0.05000        0.10000           53.47           -0.02            0.76
inaccuracy:  0.10000        0.15000           62.06           -0.01            0.39
inaccuracy:  0.15000        0.20000           67.20           -0.02            0.24
inaccuracy:  0.20000        0.25000           72.29           -0.01            0.18
inaccuracy:  0.25000        0.30000           75.80           -0.01            0.11
inaccuracy:  0.30000        0.35000           76.46           -0.01            0.10
inaccuracy:  0.35000        0.40000           77.21           -0.01            0.08
inaccuracy:  0.40000        0.45000           76.38           -0.01            0.08
inaccuracy:  0.45000        0.50000           77.34           -0.01            0.08
inaccuracy:  0.50000        0.55000           74.03           -0.03            0.08
inaccuracy:  0.55000        0.60000           75.02           -0.03            0.07
inaccuracy:  0.60000        0.65000           75.35           -0.04            0.05
inaccuracy:  0.65000        0.70000           76.69           -0.03            0.05
inaccuracy:  0.70000        0.75000           76.62           -0.03            0.05
inaccuracy:  0.75000        0.80000           75.79           -0.03            0.04
inaccuracy:  0.80000        0.85000           76.63           -0.03            0.05
inaccuracy:  0.85000        0.90000           76.00           -0.04            0.04
inaccuracy:  0.90000        0.95000           75.22           -0.04            0.04
inaccuracy:  0.95000        1.00000           74.55           -0.03            0.04
===================================================================================================================================
                BAR        
-----------------------------------------------------------------------------------------------------------------------------------
BAR-estimator:         λ             λ+δλ          ΔΔA             ΔA            C               Δδe            δe       
                          
-----------------------------------------------------------------------------------------------------------------------------------
BAR-estimator:      0.00000        0.05000        1.4933         1.4933         1.4933         0.0164         0.0164 
BAR-estimator:      0.05000        0.10000        0.7521         2.2453         0.7521         0.0098         0.0191 
BAR-estimator:      0.10000        0.15000        0.3942         2.6396         0.3942         0.0065         0.0202 
BAR-estimator:      0.15000        0.20000        0.2272         2.8668         0.2272         0.0049         0.0208 
BAR-estimator:      0.20000        0.25000        0.1290         2.9958         0.1290         0.0040         0.0212 
BAR-estimator:      0.25000        0.30000        0.0487         3.0445         0.0487         0.0037         0.0215 
BAR-estimator:      0.30000        0.35000        0.0187         3.0632         0.0187         0.0033         0.0217 
BAR-estimator:      0.35000        0.40000       -0.0129         3.0504        -0.0129         0.0028         0.0219 
BAR-estimator:      0.40000        0.45000       -0.0386         3.0118        -0.0386         0.0029         0.0221 
BAR-estimator:      0.45000        0.50000       -0.0606         2.9512        -0.0606         0.0027         0.0223 
BAR-estimator:      0.50000        0.55000       -0.1236         2.8276        -0.1236         0.0029         0.0224 
BAR-estimator:      0.55000        0.60000       -0.2192         2.6084        -0.2192         0.0031         0.0227 
BAR-estimator:      0.60000        0.65000       -0.2946         2.3139        -0.2946         0.0028         0.0228 
BAR-estimator:      0.65000        0.70000       -0.3500         1.9639        -0.3500         0.0025         0.0230 
BAR-estimator:      0.70000        0.75000       -0.3969         1.5670        -0.3969         0.0028         0.0231 
BAR-estimator:      0.75000        0.80000       -0.4315         1.1355        -0.4315         0.0030         0.0233 
BAR-estimator:      0.80000        0.85000       -0.4628         0.6727        -0.4628         0.0028         0.0235 
BAR-estimator:      0.85000        0.90000       -0.4951         0.1775        -0.4951         0.0026         0.0236 
BAR-estimator:      0.90000        0.95000       -0.5137        -0.3362        -0.5137         0.0029         0.0238 
BAR-estimator:      0.95000        1.00000       -0.5397        -0.8759        -0.5397         0.0027         0.0240 
BAR-estimator: total free energy change is -0.875903510244215 , total error is 0.023956661742607112
