#========================================================================================
#                     Free energy perturbation    
#----------------------------------------------------------------------------------------
#forward/backward          λ              ΔΔA                 ΔA                  δε   
#                                                 
#----------------------------------------------------------------------------------------
forward:               0.0000              0.0000              0.0000              0.0000  
forward:               0.0500              1.4568              1.4568              0.0121  
forward:               0.1000              0.7868              2.2436              0.0179  
forward:               0.1500              0.4171              2.6607              0.0201  
forward:               0.2000              0.2537              2.9144              0.0212  
forward:               0.2500              0.1323              3.0467              0.0218  
forward:               0.3000              0.0693              3.1160              0.0223  
forward:               0.3500              0.0197              3.1357              0.0227  
forward:               0.4000             -0.0021              3.1336              0.0230  
forward:               0.4500             -0.0313              3.1023              0.0233  
forward:               0.5000             -0.0615              3.0408              0.0236  
forward:               0.5500             -0.1316              2.9092              0.0239  
forward:               0.6000             -0.2226              2.6866              0.0242  
forward:               0.6500             -0.2901              2.3965              0.0244  
forward:               0.7000             -0.3288              2.0678              0.0247  
forward:               0.7500             -0.3091              1.7587              0.0249  
forward:               0.8000             -0.3320              1.4267              0.0250  
forward:               0.8500             -0.3512              1.0755              0.0252  
forward:               0.9000             -0.3633              0.7122              0.0254  
forward:               0.9500             -0.3826              0.3296              0.0256  
forward:               1.0000             -0.4046             -0.0750              0.0299  
backward:              1.0000              0.0000             -0.0750              0.0000  
backward:              0.9500              0.5512              0.4762              0.0034  
backward:              0.9000              0.5226              0.9988              0.0049  
backward:              0.8500              0.5000              1.4988              0.0062  
backward:              0.8000              0.4731              1.9719              0.0070  
backward:              0.7500              0.4326              2.4045              0.0080  
backward:              0.7000              0.3940              2.7985              0.0088  
backward:              0.6500              0.3543              3.1528              0.0096  
backward:              0.6000              0.2881              3.4409              0.0104  
backward:              0.5500              0.2196              3.6605              0.0113  
backward:              0.5000              0.1245              3.7850              0.0122  
backward:              0.4500              0.0441              3.8291              0.0136  
backward:              0.4000              0.0372              3.8663              0.0144  
backward:              0.3500              0.0007              3.8671              0.0152  
backward:              0.3000             -0.0187              3.8484              0.0160  
backward:              0.2500             -0.0700              3.7784              0.0170  
backward:              0.2000             -0.1339              3.6444              0.0186  
backward:              0.1500             -0.2412              3.4032              0.0211  
backward:              0.1000             -0.4256              2.9776              0.0255  
backward:              0.0500             -0.7834              2.1942              0.0392  
backward:              0.0000             -1.3904              0.8038              0.0482  
Inaccuracy estimation
======================================================================================================
                   i        i+δi          P0_overlap_P1   δε(forward)/ε   δε(backward)/ε
======================================================================================================
inaccuracy:  0.00000        0.05000           37.59           -0.03            1.84
inaccuracy:  0.05000        0.10000           50.14           -0.02            0.84
inaccuracy:  0.10000        0.15000           61.06           -0.01            0.42
inaccuracy:  0.15000        0.20000           66.44           -0.01            0.24
inaccuracy:  0.20000        0.25000           71.94           -0.01            0.15
inaccuracy:  0.25000        0.30000           74.47           -0.01            0.12
inaccuracy:  0.30000        0.35000           76.18           -0.01            0.10
inaccuracy:  0.35000        0.40000           76.83           -0.01            0.09
inaccuracy:  0.40000        0.45000           76.99           -0.01            0.08
inaccuracy:  0.45000        0.50000           79.73           -0.01            0.07
inaccuracy:  0.50000        0.55000           73.83           -0.03            0.08
inaccuracy:  0.55000        0.60000           74.80           -0.03            0.07
inaccuracy:  0.60000        0.65000           75.61           -0.04            0.06
inaccuracy:  0.65000        0.70000           73.69           -0.04            0.06
inaccuracy:  0.70000        0.75000           67.27           -0.08            0.06
inaccuracy:  0.75000        0.80000           66.25           -0.10            0.06
inaccuracy:  0.80000        0.85000           64.23           -0.12            0.06
inaccuracy:  0.85000        0.90000           61.99           -0.14            0.07
inaccuracy:  0.90000        0.95000           61.31           -0.15            0.06
inaccuracy:  0.95000        1.00000           61.08           -0.15            0.07
===================================================================================================================================
                BAR        
-----------------------------------------------------------------------------------------------------------------------------------
BAR-estimator:         λ             λ+δλ          ΔΔA             ΔA            C               Δδe            δe       
                          
-----------------------------------------------------------------------------------------------------------------------------------
BAR-estimator:      0.00000        0.05000        1.4503         1.4503         1.4503         0.0099         0.0099 
BAR-estimator:      0.05000        0.10000        0.7867         2.2370         0.7867         0.0082         0.0129 
BAR-estimator:      0.10000        0.15000        0.4226         2.6596         0.4226         0.0061         0.0142 
BAR-estimator:      0.15000        0.20000        0.2456         2.9052         0.2456         0.0047         0.0150 
BAR-estimator:      0.20000        0.25000        0.1316         3.0367         0.1316         0.0040         0.0155 
BAR-estimator:      0.25000        0.30000        0.0689         3.1056         0.0689         0.0032         0.0158 
BAR-estimator:      0.30000        0.35000        0.0202         3.1258         0.0202         0.0028         0.0161 
BAR-estimator:      0.35000        0.40000       -0.0023         3.1235        -0.0023         0.0027         0.0163 
BAR-estimator:      0.40000        0.45000       -0.0339         3.0897        -0.0339         0.0029         0.0166 
BAR-estimator:      0.45000        0.50000       -0.0558         3.0338        -0.0558         0.0024         0.0167 
BAR-estimator:      0.50000        0.55000       -0.1281         2.9058        -0.1281         0.0029         0.0170 
BAR-estimator:      0.55000        0.60000       -0.2215         2.6843        -0.2215         0.0026         0.0172 
BAR-estimator:      0.60000        0.65000       -0.2900         2.3943        -0.2900         0.0026         0.0174 
BAR-estimator:      0.65000        0.70000       -0.3410         2.0533        -0.3410         0.0027         0.0176 
BAR-estimator:      0.70000        0.75000       -0.3578         1.6954        -0.3578         0.0025         0.0177 
BAR-estimator:      0.75000        0.80000       -0.3867         1.3087        -0.3867         0.0026         0.0179 
BAR-estimator:      0.80000        0.85000       -0.4160         0.8927        -0.4160         0.0026         0.0181 
BAR-estimator:      0.85000        0.90000       -0.4364         0.4563        -0.4364         0.0027         0.0183 
BAR-estimator:      0.90000        0.95000       -0.4592        -0.0029        -0.4592         0.0028         0.0185 
BAR-estimator:      0.95000        1.00000       -0.4813        -0.4842        -0.4813         0.0080         0.0202 
BAR-estimator: total free energy change is -0.484195721188773 , total error is 0.02017994176681106
