#========================================================================================
#                     Free energy perturbation    
#----------------------------------------------------------------------------------------
#forward/backward          λ              ΔΔA                 ΔA                  δε   
#                                                 
#----------------------------------------------------------------------------------------
forward:               0.0000              0.0000              0.0000              0.0000  
forward:               0.0500              1.4336              1.4336              0.0206  
forward:               0.1000              0.6841              2.1178              0.0238  
forward:               0.1500              0.2890              2.4068              0.0267  
forward:               0.2000              0.1303              2.5371              0.0272  
forward:               0.2500              0.0523              2.5893              0.0277  
forward:               0.3000             -0.0093              2.5801              0.0280  
forward:               0.3500             -0.0488              2.5313              0.0283  
forward:               0.4000             -0.0845              2.4468              0.0285  
forward:               0.4500             -0.0887              2.3581              0.0286  
forward:               0.5000             -0.1155              2.2426              0.0288  
forward:               0.5500             -0.3010              1.9416              0.0292  
forward:               0.6000             -0.6102              1.3314              0.0295  
forward:               0.6500             -0.8833              0.4481              0.0300  
forward:               0.7000             -1.1151             -0.6670              0.0304  
forward:               0.7500             -1.2808             -1.9479              0.0309  
forward:               0.8000             -1.3762             -3.3241              0.0312  
forward:               0.8500             -1.4179             -4.7419              0.0314  
forward:               0.9000             -1.4461             -6.1880              0.0317  
forward:               0.9500             -1.4426             -7.6306              0.0318  
forward:               1.0000             -1.4522             -9.0827              0.0320  
backward:              1.0000              0.0000             -9.0827              0.0000  
backward:              0.9500              1.4477             -7.6350              0.0052  
backward:              0.9000              1.4447             -6.1903              0.0073  
backward:              0.8500              1.4405             -4.7498              0.0088  
backward:              0.8000              1.4114             -3.3384              0.0103  
backward:              0.7500              1.3701             -1.9683              0.0115  
backward:              0.7000              1.2737             -0.6946              0.0128  
backward:              0.6500              1.1181              0.4235              0.0140  
backward:              0.6000              0.8880              1.3115              0.0149  
backward:              0.5500              0.6107              1.9222              0.0157  
backward:              0.5000              0.3044              2.2266              0.0166  
backward:              0.4500              0.1127              2.3393              0.0171  
backward:              0.4000              0.0957              2.4350              0.0175  
backward:              0.3500              0.0703              2.5052              0.0181  
backward:              0.3000              0.0420              2.5473              0.0188  
backward:              0.2500              0.0133              2.5606              0.0194  
backward:              0.2000             -0.0533              2.5073              0.0205  
backward:              0.1500             -0.1486              2.3587              0.0219  
backward:              0.1000             -0.3022              2.0565              0.0243  
backward:              0.0500             -0.6569              1.3996              0.0298  
backward:              0.0000             -1.4101             -0.0105              0.0397  
Inaccuracy estimation
======================================================================================================
                   i        i+δi          P0_overlap_P1   δε(forward)/ε   δε(backward)/ε
======================================================================================================
inaccuracy:  0.00000        0.05000           35.92           -0.05            1.73
inaccuracy:  0.05000        0.10000           48.10           -0.03            0.93
inaccuracy:  0.10000        0.15000           61.79           -0.01            0.39
inaccuracy:  0.15000        0.20000           67.68           -0.02            0.23
inaccuracy:  0.20000        0.25000           69.94           -0.02            0.18
inaccuracy:  0.25000        0.30000           71.84           -0.01            0.14
inaccuracy:  0.30000        0.35000           73.93           -0.01            0.11
inaccuracy:  0.35000        0.40000           75.47           -0.02            0.10
inaccuracy:  0.40000        0.45000           74.51           -0.01            0.10
inaccuracy:  0.45000        0.50000           75.04           -0.01            0.09
inaccuracy:  0.50000        0.55000           63.12           -0.12            0.14
inaccuracy:  0.55000        0.60000           64.49           -0.14            0.09
inaccuracy:  0.60000        0.65000           63.38           -0.16            0.06
inaccuracy:  0.65000        0.70000           63.57           -0.17            0.04
inaccuracy:  0.70000        0.75000           65.04           -0.15            0.02
inaccuracy:  0.75000        0.80000           64.95           -0.15            0.01
inaccuracy:  0.80000        0.85000           64.91           -0.15            0.01
inaccuracy:  0.85000        0.90000           64.54           -0.16            0.01
inaccuracy:  0.90000        0.95000           63.52           -0.16            0.02
inaccuracy:  0.95000        1.00000           62.84           -0.16            0.02
===================================================================================================================================
                BAR        
-----------------------------------------------------------------------------------------------------------------------------------
BAR-estimator:         λ             λ+δλ          ΔΔA             ΔA            C               Δδe            δe       
                          
-----------------------------------------------------------------------------------------------------------------------------------
BAR-estimator:      0.00000        0.05000        1.4387         1.4387         1.4387         0.0098         0.0098 
BAR-estimator:      0.05000        0.10000        0.6779         2.1167         0.6779         0.0075         0.0124 
BAR-estimator:      0.10000        0.15000        0.2949         2.4116         0.2949         0.0053         0.0134 
BAR-estimator:      0.15000        0.20000        0.1362         2.5479         0.1362         0.0036         0.0139 
BAR-estimator:      0.20000        0.25000        0.0515         2.5994         0.0515         0.0036         0.0144 
BAR-estimator:      0.25000        0.30000       -0.0093         2.5900        -0.0093         0.0027         0.0146 
BAR-estimator:      0.30000        0.35000       -0.0466         2.5434        -0.0466         0.0028         0.0149 
BAR-estimator:      0.35000        0.40000       -0.0791         2.4643        -0.0791         0.0026         0.0151 
BAR-estimator:      0.40000        0.45000       -0.0908         2.3735        -0.0908         0.0024         0.0153 
BAR-estimator:      0.45000        0.50000       -0.1156         2.2579        -0.1156         0.0022         0.0155 
BAR-estimator:      0.50000        0.55000       -0.3041         1.9538        -0.3041         0.0030         0.0157 
BAR-estimator:      0.55000        0.60000       -0.6070         1.3468        -0.6070         0.0030         0.0160 
BAR-estimator:      0.60000        0.65000       -0.8821         0.4647        -0.8821         0.0033         0.0164 
BAR-estimator:      0.65000        0.70000       -1.1187        -0.6540        -1.1187         0.0033         0.0167 
BAR-estimator:      0.70000        0.75000       -1.2760        -1.9300        -1.2760         0.0033         0.0170 
BAR-estimator:      0.75000        0.80000       -1.3746        -3.3046        -1.3746         0.0032         0.0173 
BAR-estimator:      0.80000        0.85000       -1.4167        -4.7214        -1.4167         0.0033         0.0176 
BAR-estimator:      0.85000        0.90000       -1.4427        -6.1641        -1.4427         0.0032         0.0179 
BAR-estimator:      0.90000        0.95000       -1.4429        -7.6070        -1.4429         0.0033         0.0182 
BAR-estimator:      0.95000        1.00000       -1.4537        -9.0607        -1.4537         0.0042         0.0187 
BAR-estimator: total free energy change is -9.06068440533246 , total error is 0.01867310467374087
