#========================================================================================
#                     Free energy perturbation    
#----------------------------------------------------------------------------------------
#forward/backward          λ              ΔΔA                 ΔA                  δε   
#                                                 
#----------------------------------------------------------------------------------------
forward:               0.0000              0.0000              0.0000              0.0000  
forward:               0.0500              0.8455              0.8455              0.0119  
forward:               0.1000              0.4857              1.3312              0.0157  
forward:               0.1500              0.2739              1.6051              0.0170  
forward:               0.2000              0.1982              1.8033              0.0181  
forward:               0.2500              0.1386              1.9418              0.0188  
forward:               0.3000              0.0992              2.0411              0.0196  
forward:               0.3500              0.0718              2.1129              0.0201  
forward:               0.4000              0.0408              2.1537              0.0206  
forward:               0.4500              0.0322              2.1858              0.0210  
forward:               0.5000              0.0115              2.1973              0.0213  
forward:               0.5500             -0.0462              2.1511              0.0217  
forward:               0.6000             -0.1356              2.0155              0.0220  
forward:               0.6500             -0.1997              1.8158              0.0224  
forward:               0.7000             -0.2528              1.5630              0.0227  
forward:               0.7500             -0.2966              1.2664              0.0230  
forward:               0.8000             -0.3239              0.9425              0.0232  
forward:               0.8500             -0.3461              0.5964              0.0235  
forward:               0.9000             -0.3637              0.2327              0.0238  
forward:               0.9500             -0.3686             -0.1360              0.0240  
forward:               1.0000             -0.3869             -0.5229              0.0242  
backward:              1.0000              0.0000             -0.5229              0.0000  
backward:              0.9500              0.3868             -0.1361              0.0044  
backward:              0.9000              0.3689              0.2328              0.0060  
backward:              0.8500              0.3621              0.5950              0.0072  
backward:              0.8000              0.3394              0.9344              0.0084  
backward:              0.7500              0.3211              1.2555              0.0093  
backward:              0.7000              0.2912              1.5467              0.0103  
backward:              0.6500              0.2512              1.7979              0.0111  
backward:              0.6000              0.1976              1.9955              0.0119  
backward:              0.5500              0.1371              2.1326              0.0128  
backward:              0.5000              0.0410              2.1735              0.0140  
backward:              0.4500             -0.0159              2.1577              0.0147  
backward:              0.4000             -0.0312              2.1264              0.0153  
backward:              0.3500             -0.0455              2.0809              0.0160  
backward:              0.3000             -0.0846              1.9963              0.0172  
backward:              0.2500             -0.0914              1.9049              0.0181  
backward:              0.2000             -0.1435              1.7615              0.0194  
backward:              0.1500             -0.1962              1.5653              0.0212  
backward:              0.1000             -0.2970              1.2683              0.0243  
backward:              0.0500             -0.4984              0.7699              0.0469  
backward:              0.0000             -0.8324             -0.0625              0.0576  
Inaccuracy estimation
======================================================================================================
                   i        i+δi          P0_overlap_P1   δε(forward)/ε   δε(backward)/ε
======================================================================================================
inaccuracy:  0.00000        0.05000           49.13           -0.01            0.96
inaccuracy:  0.05000        0.10000           61.16           -0.01            0.44
inaccuracy:  0.10000        0.15000           71.02           -0.00            0.24
inaccuracy:  0.15000        0.20000           72.58           -0.01            0.16
inaccuracy:  0.20000        0.25000           75.53           -0.01            0.12
inaccuracy:  0.25000        0.30000           76.10           -0.01            0.10
inaccuracy:  0.30000        0.35000           78.93           -0.01            0.09
inaccuracy:  0.35000        0.40000           79.35           -0.00            0.08
inaccuracy:  0.40000        0.45000           79.17           -0.00            0.07
inaccuracy:  0.45000        0.50000           79.71           -0.01            0.06
inaccuracy:  0.50000        0.55000           75.48           -0.02            0.09
inaccuracy:  0.55000        0.60000           75.61           -0.03            0.08
inaccuracy:  0.60000        0.65000           76.23           -0.03            0.07
inaccuracy:  0.65000        0.70000           76.65           -0.03            0.06
inaccuracy:  0.70000        0.75000           76.78           -0.03            0.06
inaccuracy:  0.75000        0.80000           76.99           -0.03            0.05
inaccuracy:  0.80000        0.85000           77.18           -0.04            0.06
inaccuracy:  0.85000        0.90000           76.65           -0.03            0.06
inaccuracy:  0.90000        0.95000           75.76           -0.04            0.06
inaccuracy:  0.95000        1.00000           75.69           -0.03            0.06
===================================================================================================================================
                BAR        
-----------------------------------------------------------------------------------------------------------------------------------
BAR-estimator:         λ             λ+δλ          ΔΔA             ΔA            C               Δδe            δe       
                          
-----------------------------------------------------------------------------------------------------------------------------------
BAR-estimator:      0.00000        0.05000        0.8293         0.8293         0.8293         0.0093         0.0093 
BAR-estimator:      0.05000        0.10000        0.4761         1.3053         0.4761         0.0076         0.0120 
BAR-estimator:      0.10000        0.15000        0.2849         1.5902         0.2849         0.0048         0.0129 
BAR-estimator:      0.15000        0.20000        0.1949         1.7852         0.1949         0.0040         0.0135 
BAR-estimator:      0.20000        0.25000        0.1394         1.9246         0.1394         0.0036         0.0140 
BAR-estimator:      0.25000        0.30000        0.0953         2.0199         0.0953         0.0037         0.0145 
BAR-estimator:      0.30000        0.35000        0.0760         2.0959         0.0760         0.0030         0.0148 
BAR-estimator:      0.35000        0.40000        0.0423         2.1382         0.0423         0.0031         0.0151 
BAR-estimator:      0.40000        0.45000        0.0321         2.1703         0.0321         0.0014         0.0152 
BAR-estimator:      0.45000        0.50000        0.0124         2.1827         0.0124         0.0025         0.0154 
BAR-estimator:      0.50000        0.55000       -0.0441         2.1386        -0.0441         0.0032         0.0157 
BAR-estimator:      0.55000        0.60000       -0.1369         2.0017        -0.1369         0.0022         0.0159 
BAR-estimator:      0.60000        0.65000       -0.1985         1.8032        -0.1985         0.0029         0.0161 
BAR-estimator:      0.65000        0.70000       -0.2520         1.5512        -0.2520         0.0028         0.0164 
BAR-estimator:      0.70000        0.75000       -0.2946         1.2567        -0.2946         0.0029         0.0166 
BAR-estimator:      0.75000        0.80000       -0.3237         0.9330        -0.3237         0.0027         0.0168 
BAR-estimator:      0.80000        0.85000       -0.3449         0.5881        -0.3449         0.0032         0.0171 
BAR-estimator:      0.85000        0.90000       -0.3622         0.2258        -0.3622         0.0031         0.0174 
BAR-estimator:      0.90000        0.95000       -0.3688        -0.1430        -0.3688         0.0028         0.0176 
BAR-estimator:      0.95000        1.00000       -0.3861        -0.5291        -0.3861         0.0028         0.0178 
BAR-estimator: total free energy change is -0.5291069286022461 , total error is 0.01784942512905792
