#========================================================================================
#                     Free energy perturbation    
#----------------------------------------------------------------------------------------
#forward/backward          λ              ΔΔA                 ΔA                  δε   
#                                                 
#----------------------------------------------------------------------------------------
forward:               0.0000              0.0000              0.0000              0.0000  
forward:               0.0500              0.8364              0.8364              0.0101  
forward:               0.1000              0.4764              1.3127              0.0128  
forward:               0.1500              0.2978              1.6105              0.0142  
forward:               0.2000              0.2080              1.8185              0.0152  
forward:               0.2500              0.1393              1.9578              0.0158  
forward:               0.3000              0.0954              2.0532              0.0165  
forward:               0.3500              0.0681              2.1213              0.0169  
forward:               0.4000              0.0492              2.1705              0.0173  
forward:               0.4500              0.0267              2.1973              0.0176  
forward:               0.5000              0.0241              2.2213              0.0179  
forward:               0.5500             -0.0460              2.1754              0.0181  
forward:               0.6000             -0.1357              2.0396              0.0184  
forward:               0.6500             -0.2058              1.8339              0.0189  
forward:               0.7000             -0.2596              1.5743              0.0191  
forward:               0.7500             -0.3062              1.2681              0.0193  
forward:               0.8000             -0.3294              0.9386              0.0194  
forward:               0.8500             -0.3506              0.5881              0.0197  
forward:               0.9000             -0.3691              0.2190              0.0199  
forward:               0.9500             -0.3869             -0.1679              0.0201  
forward:               1.0000             -0.3975             -0.5655              0.0203  
backward:              1.0000              0.0000             -0.5655              0.0000  
backward:              0.9500              0.3922             -0.1733              0.0050  
backward:              0.9000              0.3915              0.2183              0.0066  
backward:              0.8500              0.3760              0.5943              0.0076  
backward:              0.8000              0.3522              0.9465              0.0084  
backward:              0.7500              0.3248              1.2713              0.0094  
backward:              0.7000              0.3040              1.5753              0.0103  
backward:              0.6500              0.2568              1.8321              0.0111  
backward:              0.6000              0.2019              2.0340              0.0119  
backward:              0.5500              0.1359              2.1699              0.0125  
backward:              0.5000              0.0375              2.2074              0.0132  
backward:              0.4500             -0.0151              2.1922              0.0137  
backward:              0.4000             -0.0335              2.1588              0.0144  
backward:              0.3500             -0.0504              2.1084              0.0154  
backward:              0.3000             -0.0721              2.0362              0.0162  
backward:              0.2500             -0.0990              1.9372              0.0169  
backward:              0.2000             -0.1392              1.7980              0.0178  
backward:              0.1500             -0.1986              1.5994              0.0191  
backward:              0.1000             -0.2944              1.3050              0.0208  
backward:              0.0500             -0.4285              0.8764              0.0224  
backward:              0.0000             -0.8135              0.0629              0.0284  
Inaccuracy estimation
======================================================================================================
                   i        i+δi          P0_overlap_P1   δε(forward)/ε   δε(backward)/ε
======================================================================================================
inaccuracy:  0.00000        0.05000           50.96           -0.02            0.93
inaccuracy:  0.05000        0.10000           61.37           -0.01            0.46
inaccuracy:  0.10000        0.15000           69.33           -0.01            0.24
inaccuracy:  0.15000        0.20000           71.80           -0.01            0.17
inaccuracy:  0.20000        0.25000           75.45           -0.01            0.13
inaccuracy:  0.25000        0.30000           77.18           -0.00            0.10
inaccuracy:  0.30000        0.35000           78.00           -0.01            0.09
inaccuracy:  0.35000        0.40000           78.39           -0.00            0.08
inaccuracy:  0.40000        0.45000           79.88           -0.01            0.07
inaccuracy:  0.45000        0.50000           78.68           -0.00            0.08
inaccuracy:  0.50000        0.55000           75.43           -0.03            0.08
inaccuracy:  0.55000        0.60000           75.92           -0.03            0.07
inaccuracy:  0.60000        0.65000           76.70           -0.03            0.06
inaccuracy:  0.65000        0.70000           76.93           -0.03            0.06
inaccuracy:  0.70000        0.75000           76.88           -0.03            0.05
inaccuracy:  0.75000        0.80000           76.99           -0.03            0.06
inaccuracy:  0.80000        0.85000           76.24           -0.03            0.06
inaccuracy:  0.85000        0.90000           75.28           -0.02            0.07
inaccuracy:  0.90000        0.95000           75.05           -0.03            0.06
inaccuracy:  0.95000        1.00000           75.54           -0.02            0.06
===================================================================================================================================
                BAR        
-----------------------------------------------------------------------------------------------------------------------------------
BAR-estimator:         λ             λ+δλ          ΔΔA             ΔA            C               Δδe            δe       
                          
-----------------------------------------------------------------------------------------------------------------------------------
BAR-estimator:      0.00000        0.05000        0.8326         0.8326         0.8326         0.0066         0.0066 
BAR-estimator:      0.05000        0.10000        0.4695         1.3021         0.4695         0.0053         0.0084 
BAR-estimator:      0.10000        0.15000        0.2971         1.5992         0.2971         0.0042         0.0094 
BAR-estimator:      0.15000        0.20000        0.2055         1.8047         0.2055         0.0034         0.0100 
BAR-estimator:      0.20000        0.25000        0.1406         1.9453         0.1406         0.0031         0.0105 
BAR-estimator:      0.25000        0.30000        0.0968         2.0421         0.0968         0.0031         0.0109 
BAR-estimator:      0.30000        0.35000        0.0685         2.1106         0.0685         0.0027         0.0113 
BAR-estimator:      0.35000        0.40000        0.0482         2.1588         0.0482         0.0028         0.0116 
BAR-estimator:      0.40000        0.45000        0.0291         2.1879         0.0291         0.0023         0.0118 
BAR-estimator:      0.45000        0.50000        0.0220         2.2099         0.0220         0.0022         0.0120 
BAR-estimator:      0.50000        0.55000       -0.0444         2.1655        -0.0444         0.0025         0.0123 
BAR-estimator:      0.55000        0.60000       -0.1348         2.0308        -0.1348         0.0025         0.0125 
BAR-estimator:      0.60000        0.65000       -0.2051         1.8256        -0.2051         0.0026         0.0128 
BAR-estimator:      0.65000        0.70000       -0.2595         1.5662        -0.2595         0.0019         0.0130 
BAR-estimator:      0.70000        0.75000       -0.3053         1.2609        -0.3053         0.0025         0.0132 
BAR-estimator:      0.75000        0.80000       -0.3284         0.9325        -0.3284         0.0021         0.0133 
BAR-estimator:      0.80000        0.85000       -0.3499         0.5826        -0.3499         0.0026         0.0136 
BAR-estimator:      0.85000        0.90000       -0.3714         0.2112        -0.3714         0.0025         0.0138 
BAR-estimator:      0.90000        0.95000       -0.3882        -0.1771        -0.3882         0.0024         0.0140 
BAR-estimator:      0.95000        1.00000       -0.3965        -0.5735        -0.3965         0.0024         0.0142 
BAR-estimator: total free energy change is -0.5735240151223245 , total error is 0.01422886367775546
