#========================================================================================
#                     Free energy perturbation    
#----------------------------------------------------------------------------------------
#forward/backward          λ              ΔΔA                 ΔA                  δε   
#                                                 
#----------------------------------------------------------------------------------------
forward:               0.0000              0.0000              0.0000              0.0000  
forward:               0.0500              1.2607              1.2607              0.0213  
forward:               0.1000              0.7763              2.0370              0.0260  
forward:               0.1500              0.4165              2.4535              0.0281  
forward:               0.2000              0.2388              2.6923              0.0290  
forward:               0.2500              0.1411              2.8334              0.0297  
forward:               0.3000              0.0782              2.9116              0.0305  
forward:               0.3500              0.0471              2.9587              0.0309  
forward:               0.4000              0.0080              2.9668              0.0311  
forward:               0.4500             -0.0164              2.9504              0.0314  
forward:               0.5000             -0.0330              2.9174              0.0317  
forward:               0.5500             -0.1487              2.7687              0.0326  
forward:               0.6000             -0.3265              2.4422              0.0331  
forward:               0.6500             -0.4632              1.9790              0.0336  
forward:               0.7000             -0.5862              1.3928              0.0342  
forward:               0.7500             -0.6457              0.7470              0.0347  
forward:               0.8000             -0.6621              0.0850              0.0352  
forward:               0.8500             -0.6496             -0.5646              0.0355  
forward:               0.9000             -0.6291             -1.1938              0.0357  
forward:               0.9500             -0.6095             -1.8032              0.0360  
forward:               1.0000             -0.5877             -2.3909              0.0362  
backward:              1.0000              0.0000             -2.3909              0.0000  
backward:              0.9500              0.5855             -1.8054              0.0050  
backward:              0.9000              0.6030             -1.2024              0.0072  
backward:              0.8500              0.6349             -0.5675              0.0089  
backward:              0.8000              0.6544              0.0869              0.0100  
backward:              0.7500              0.6692              0.7561              0.0117  
backward:              0.7000              0.6431              1.3992              0.0135  
backward:              0.6500              0.5827              1.9819              0.0154  
backward:              0.6000              0.4688              2.4507              0.0171  
backward:              0.5500              0.3234              2.7741              0.0182  
backward:              0.5000              0.1443              2.9184              0.0196  
backward:              0.4500              0.0456              2.9640              0.0201  
backward:              0.4000              0.0133              2.9773              0.0207  
backward:              0.3500             -0.0143              2.9630              0.0214  
backward:              0.3000             -0.0418              2.9212              0.0224  
backward:              0.2500             -0.0865              2.8347              0.0237  
backward:              0.2000             -0.1491              2.6856              0.0250  
backward:              0.1500             -0.2335              2.4520              0.0271  
backward:              0.1000             -0.4343              2.0177              0.0305  
backward:              0.0500             -0.7883              1.2294              0.0414  
backward:              0.0000             -1.2923             -0.0628              0.0500  
Inaccuracy estimation
======================================================================================================
                   i        i+δi          P0_overlap_P1   δε(forward)/ε   δε(backward)/ε
======================================================================================================
inaccuracy:  0.00000        0.05000           43.46           -0.03            1.02
inaccuracy:  0.05000        0.10000           51.43           -0.02            0.78
inaccuracy:  0.10000        0.15000           62.06           -0.01            0.45
inaccuracy:  0.15000        0.20000           66.44           -0.02            0.26
inaccuracy:  0.20000        0.25000           70.76           -0.01            0.18
inaccuracy:  0.25000        0.30000           73.10           -0.01            0.14
inaccuracy:  0.30000        0.35000           73.42           -0.01            0.13
inaccuracy:  0.35000        0.40000           75.54           -0.01            0.11
inaccuracy:  0.40000        0.45000           75.85           -0.01            0.10
inaccuracy:  0.45000        0.50000           75.05           -0.01            0.09
inaccuracy:  0.50000        0.55000           68.35           -0.06            0.15
inaccuracy:  0.55000        0.60000           69.65           -0.07            0.09
inaccuracy:  0.60000        0.65000           69.52           -0.09            0.08
inaccuracy:  0.65000        0.70000           69.70           -0.08            0.06
inaccuracy:  0.70000        0.75000           70.75           -0.08            0.06
inaccuracy:  0.75000        0.80000           69.69           -0.07            0.06
inaccuracy:  0.80000        0.85000           69.63           -0.06            0.07
inaccuracy:  0.85000        0.90000           69.20           -0.06            0.07
inaccuracy:  0.90000        0.95000           69.42           -0.05            0.09
inaccuracy:  0.95000        1.00000           68.85           -0.05            0.09
===================================================================================================================================
                BAR        
-----------------------------------------------------------------------------------------------------------------------------------
BAR-estimator:         λ             λ+δλ          ΔΔA             ΔA            C               Δδe            δe       
                          
-----------------------------------------------------------------------------------------------------------------------------------
BAR-estimator:      0.00000        0.05000        1.2755         1.2755         1.2755         0.0090         0.0090 
BAR-estimator:      0.05000        0.10000        0.7807         2.0562         0.7807         0.0080         0.0120 
BAR-estimator:      0.10000        0.15000        0.4285         2.4847         0.4285         0.0072         0.0140 
BAR-estimator:      0.15000        0.20000        0.2364         2.7211         0.2364         0.0050         0.0149 
BAR-estimator:      0.20000        0.25000        0.1441         2.8652         0.1441         0.0044         0.0155 
BAR-estimator:      0.25000        0.30000        0.0805         2.9457         0.0805         0.0046         0.0162 
BAR-estimator:      0.30000        0.35000        0.0454         2.9911         0.0454         0.0040         0.0167 
BAR-estimator:      0.35000        0.40000        0.0116         3.0028         0.0116         0.0031         0.0170 
BAR-estimator:      0.40000        0.45000       -0.0148         2.9880        -0.0148         0.0034         0.0173 
BAR-estimator:      0.45000        0.50000       -0.0370         2.9510        -0.0370         0.0030         0.0175 
BAR-estimator:      0.50000        0.55000       -0.1453         2.8057        -0.1453         0.0048         0.0182 
BAR-estimator:      0.55000        0.60000       -0.3237         2.4820        -0.3237         0.0037         0.0186 
BAR-estimator:      0.60000        0.65000       -0.4648         2.0172        -0.4648         0.0038         0.0190 
BAR-estimator:      0.65000        0.70000       -0.5846         1.4326        -0.5846         0.0039         0.0194 
BAR-estimator:      0.70000        0.75000       -0.6459         0.7867        -0.6459         0.0041         0.0198 
BAR-estimator:      0.75000        0.80000       -0.6687         0.1179        -0.6687         0.0039         0.0202 
BAR-estimator:      0.80000        0.85000       -0.6511        -0.5332        -0.6511         0.0035         0.0204 
BAR-estimator:      0.85000        0.90000       -0.6330        -1.1662        -0.6330         0.0034         0.0207 
BAR-estimator:      0.90000        0.95000       -0.6047        -1.7709        -0.6047         0.0040         0.0211 
BAR-estimator:      0.95000        1.00000       -0.5867        -2.3577        -0.5867         0.0038         0.0214 
BAR-estimator: total free energy change is -2.3576551701724613 , total error is 0.02144927871440013
