#========================================================================================
#                     Free energy perturbation    
#----------------------------------------------------------------------------------------
#forward/backward          λ              ΔΔA                 ΔA                  δε   
#                                                 
#----------------------------------------------------------------------------------------
forward:               0.0000              0.0000              0.0000              0.0000  
forward:               0.0500              1.2962              1.2962              0.0139  
forward:               0.1000              0.8056              2.1018              0.0190  
forward:               0.1500              0.4257              2.5275              0.0211  
forward:               0.2000              0.2605              2.7880              0.0224  
forward:               0.2500              0.1491              2.9371              0.0230  
forward:               0.3000              0.0897              3.0267              0.0235  
forward:               0.3500              0.0493              3.0761              0.0239  
forward:               0.4000              0.0112              3.0873              0.0244  
forward:               0.4500             -0.0158              3.0714              0.0247  
forward:               0.5000             -0.0371              3.0343              0.0250  
forward:               0.5500             -0.1432              2.8911              0.0251  
forward:               0.6000             -0.3330              2.5581              0.0254  
forward:               0.6500             -0.4914              2.0666              0.0260  
forward:               0.7000             -0.6134              1.4532              0.0267  
forward:               0.7500             -0.6897              0.7635              0.0271  
forward:               0.8000             -0.7144              0.0491              0.0275  
forward:               0.8500             -0.7073             -0.6582              0.0282  
forward:               0.9000             -0.6836             -1.3419              0.0288  
forward:               0.9500             -0.6888             -2.0307              0.0338  
forward:               1.0000             -0.7220             -2.7527              0.0451  
backward:              1.0000              0.0000             -2.7527              0.0000  
backward:              0.9500              0.6702             -2.0825              0.0189  
backward:              0.9000              0.6559             -1.4266              0.0222  
backward:              0.8500              0.6756             -0.7510              0.0230  
backward:              0.8000              0.6990             -0.0520              0.0238  
backward:              0.7500              0.7051              0.6531              0.0249  
backward:              0.7000              0.6801              1.3332              0.0256  
backward:              0.6500              0.6174              1.9506              0.0262  
backward:              0.6000              0.4952              2.4458              0.0268  
backward:              0.5500              0.3281              2.7739              0.0274  
backward:              0.5000              0.1483              2.9222              0.0280  
backward:              0.4500              0.0312              2.9534              0.0284  
backward:              0.4000              0.0151              2.9685              0.0287  
backward:              0.3500             -0.0206              2.9478              0.0293  
backward:              0.3000             -0.0415              2.9063              0.0298  
backward:              0.2500             -0.0943              2.8120              0.0305  
backward:              0.2000             -0.1462              2.6658              0.0316  
backward:              0.1500             -0.2515              2.4142              0.0334  
backward:              0.1000             -0.4473              1.9669              0.0387  
backward:              0.0500             -0.7465              1.2204              0.0422  
backward:              0.0000             -1.2848             -0.0644              0.0464  
Inaccuracy estimation
======================================================================================================
                   i        i+δi          P0_overlap_P1   δε(forward)/ε   δε(backward)/ε
======================================================================================================
inaccuracy:  0.00000        0.05000           43.81           -0.03            1.07
inaccuracy:  0.05000        0.10000           49.59           -0.03            0.86
inaccuracy:  0.10000        0.15000           61.46           -0.01            0.43
inaccuracy:  0.15000        0.20000           65.47           -0.01            0.28
inaccuracy:  0.20000        0.25000           69.52           -0.01            0.18
inaccuracy:  0.25000        0.30000           72.82           -0.02            0.14
inaccuracy:  0.30000        0.35000           73.70           -0.02            0.12
inaccuracy:  0.35000        0.40000           74.92           -0.01            0.10
inaccuracy:  0.40000        0.45000           76.16           -0.01            0.10
inaccuracy:  0.45000        0.50000           76.44           -0.01            0.09
inaccuracy:  0.50000        0.55000           68.50           -0.06            0.14
inaccuracy:  0.55000        0.60000           69.24           -0.08            0.09
inaccuracy:  0.60000        0.65000           68.34           -0.10            0.07
inaccuracy:  0.65000        0.70000           69.05           -0.09            0.06
inaccuracy:  0.70000        0.75000           69.88           -0.08            0.06
inaccuracy:  0.75000        0.80000           69.51           -0.09            0.06
inaccuracy:  0.80000        0.85000           68.91           -0.08            0.07
inaccuracy:  0.85000        0.90000           68.31           -0.08            0.08
inaccuracy:  0.90000        0.95000           68.34           -0.06            0.09
inaccuracy:  0.95000        1.00000           67.35           -0.07            0.10
===================================================================================================================================
                BAR        
-----------------------------------------------------------------------------------------------------------------------------------
BAR-estimator:         λ             λ+δλ          ΔΔA             ΔA            C               Δδe            δe       
                          
-----------------------------------------------------------------------------------------------------------------------------------
BAR-estimator:      0.00000        0.05000        1.3069         1.3069         1.3069         0.0178         0.0178 
BAR-estimator:      0.05000        0.10000        0.7938         2.1007         0.7938         0.0088         0.0198 
BAR-estimator:      0.10000        0.15000        0.4360         2.5367         0.4360         0.0061         0.0207 
BAR-estimator:      0.15000        0.20000        0.2581         2.7948         0.2581         0.0055         0.0214 
BAR-estimator:      0.20000        0.25000        0.1478         2.9427         0.1478         0.0036         0.0217 
BAR-estimator:      0.25000        0.30000        0.0899         3.0326         0.0899         0.0035         0.0220 
BAR-estimator:      0.30000        0.35000        0.0476         3.0802         0.0476         0.0034         0.0223 
BAR-estimator:      0.35000        0.40000        0.0113         3.0915         0.0113         0.0030         0.0225 
BAR-estimator:      0.40000        0.45000       -0.0133         3.0782        -0.0133         0.0032         0.0227 
BAR-estimator:      0.45000        0.50000       -0.0355         3.0426        -0.0355         0.0028         0.0229 
BAR-estimator:      0.50000        0.55000       -0.1448         2.8979        -0.1448         0.0034         0.0231 
BAR-estimator:      0.55000        0.60000       -0.3303         2.5676        -0.3303         0.0033         0.0234 
BAR-estimator:      0.60000        0.65000       -0.4938         2.0737        -0.4938         0.0035         0.0236 
BAR-estimator:      0.65000        0.70000       -0.6143         1.4595        -0.6143         0.0033         0.0238 
BAR-estimator:      0.70000        0.75000       -0.6845         0.7750        -0.6845         0.0033         0.0241 
BAR-estimator:      0.75000        0.80000       -0.7140         0.0610        -0.7140         0.0034         0.0243 
BAR-estimator:      0.80000        0.85000       -0.7020        -0.6410        -0.7020         0.0037         0.0246 
BAR-estimator:      0.85000        0.90000       -0.6801        -1.3211        -0.6801         0.0034         0.0248 
BAR-estimator:      0.90000        0.95000       -0.6686        -1.9896        -0.6686         0.0075         0.0259 
BAR-estimator:      0.95000        1.00000       -0.6838        -2.6734        -0.6838         0.0115         0.0284 
BAR-estimator: total free energy change is -2.6734319212864657 , total error is 0.028372801714214354
