#========================================================================================
#                     Free energy perturbation    
#----------------------------------------------------------------------------------------
#forward/backward          λ              ΔΔA                 ΔA                  δε   
#                                                 
#----------------------------------------------------------------------------------------
forward:               0.0000              0.0000              0.0000              0.0000  
forward:               0.0500              1.5656              1.5656              0.0232  
forward:               0.1000              1.0660              2.6317              0.0284  
forward:               0.1500              0.6382              3.2699              0.0295  
forward:               0.2000              0.3837              3.6536              0.0306  
forward:               0.2500              0.2540              3.9076              0.0315  
forward:               0.3000              0.1786              4.0862              0.0320  
forward:               0.3500              0.1246              4.2107              0.0325  
forward:               0.4000              0.0891              4.2999              0.0330  
forward:               0.4500              0.0543              4.3541              0.0332  
forward:               0.5000              0.0356              4.3898              0.0336  
forward:               0.5500             -0.0361              4.3536              0.0338  
forward:               0.6000             -0.0655              4.2881              0.0340  
forward:               0.6500             -0.0854              4.2027              0.0344  
forward:               0.7000             -0.0934              4.1093              0.0346  
forward:               0.7500             -0.0904              4.0189              0.0347  
forward:               0.8000             -0.0958              3.9231              0.0349  
forward:               0.8500             -0.1084              3.8147              0.0350  
forward:               0.9000             -0.1008              3.7139              0.0351  
forward:               0.9500             -0.0960              3.6179              0.0353  
forward:               1.0000             -0.1060              3.5119              0.0355  
backward:              1.0000              0.0000              3.5119              0.0000  
backward:              0.9500              0.1075              3.6194              0.0035  
backward:              0.9000              0.1118              3.7312              0.0049  
backward:              0.8500              0.1049              3.8361              0.0064  
backward:              0.8000              0.1058              3.9420              0.0075  
backward:              0.7500              0.0963              4.0383              0.0085  
backward:              0.7000              0.0931              4.1314              0.0092  
backward:              0.6500              0.0887              4.2201              0.0100  
backward:              0.6000              0.0812              4.3013              0.0108  
backward:              0.5500              0.0674              4.3687              0.0119  
backward:              0.5000              0.0353              4.4040              0.0127  
backward:              0.4500             -0.0443              4.3597              0.0136  
backward:              0.4000             -0.0523              4.3074              0.0147  
backward:              0.3500             -0.0957              4.2118              0.0160  
backward:              0.3000             -0.1237              4.0881              0.0177  
backward:              0.2500             -0.1842              3.9040              0.0186  
backward:              0.2000             -0.2388              3.6652              0.0205  
backward:              0.1500             -0.4153              3.2499              0.0292  
backward:              0.1000             -0.5940              2.6559              0.0333  
backward:              0.0500             -1.0639              1.5920              0.0512  
backward:              0.0000             -1.5580              0.0339              0.0555  
Inaccuracy estimation
======================================================================================================
                   i        i+δi          P0_overlap_P1   δε(forward)/ε   δε(backward)/ε
======================================================================================================
inaccuracy:  0.00000        0.05000           41.55           -0.02            1.06
inaccuracy:  0.05000        0.10000           44.72           -0.03            1.08
inaccuracy:  0.10000        0.15000           54.44           -0.02            0.59
inaccuracy:  0.15000        0.20000           64.14           -0.02            0.32
inaccuracy:  0.20000        0.25000           67.51           -0.02            0.23
inaccuracy:  0.25000        0.30000           70.60           -0.02            0.18
inaccuracy:  0.30000        0.35000           72.17           -0.01            0.15
inaccuracy:  0.35000        0.40000           73.94           -0.01            0.13
inaccuracy:  0.40000        0.45000           74.20           -0.01            0.12
inaccuracy:  0.45000        0.50000           75.50           -0.01            0.10
inaccuracy:  0.50000        0.55000           74.89           -0.01            0.10
inaccuracy:  0.55000        0.60000           75.70           -0.02            0.09
inaccuracy:  0.60000        0.65000           76.89           -0.01            0.08
inaccuracy:  0.65000        0.70000           76.93           -0.02            0.07
inaccuracy:  0.70000        0.75000           76.06           -0.02            0.08
inaccuracy:  0.75000        0.80000           76.61           -0.02            0.08
inaccuracy:  0.80000        0.85000           76.98           -0.02            0.07
inaccuracy:  0.85000        0.90000           75.67           -0.01            0.07
inaccuracy:  0.90000        0.95000           75.44           -0.02            0.08
inaccuracy:  0.95000        1.00000           76.36           -0.02            0.07
