#========================================================================================
#                     Free energy perturbation    
#----------------------------------------------------------------------------------------
#forward/backward          λ              ΔΔA                 ΔA                  δε   
#                                                 
#----------------------------------------------------------------------------------------
forward:               0.0000              0.0000              0.0000              0.0000  
forward:               0.0500              1.7690              1.7690              0.0201  
forward:               0.1000              0.8355              2.6044              0.0238  
forward:               0.1500              0.3453              2.9497              0.0250  
forward:               0.2000              0.1280              3.0777              0.0256  
forward:               0.2500              0.0086              3.0863              0.0260  
forward:               0.3000             -0.0714              3.0149              0.0263  
forward:               0.3500             -0.1215              2.8934              0.0266  
forward:               0.4000             -0.1602              2.7331              0.0268  
forward:               0.4500             -0.1927              2.5404              0.0269  
forward:               0.5000             -0.2224              2.3180              0.0271  
forward:               0.5500             -0.5616              1.7565              0.0275  
forward:               0.6000             -1.1035              0.6530              0.0282  
forward:               0.6500             -1.5733             -0.9203              0.0292  
forward:               0.7000             -1.9610             -2.8813              0.0301  
forward:               0.7500             -2.2012             -5.0826              0.0309  
forward:               0.8000             -2.3278             -7.4104              0.0313  
forward:               0.8500             -2.3558             -9.7662              0.0316  
forward:               0.9000             -2.3490            -12.1152              0.0320  
forward:               0.9500             -2.3151            -14.4303              0.0322  
forward:               1.0000             -2.2727            -16.7030              0.0324  
backward:              1.0000              0.0000            -16.7030              0.0000  
backward:              0.9500              2.2695            -14.4335              0.0087  
backward:              0.9000              2.3192            -12.1143              0.0106  
backward:              0.8500              2.3387             -9.7756              0.0126  
backward:              0.8000              2.3573             -7.4184              0.0143  
backward:              0.7500              2.3256             -5.0927              0.0156  
backward:              0.7000              2.2043             -2.8884              0.0169  
backward:              0.6500              1.9537             -0.9347              0.0183  
backward:              0.6000              1.5628              0.6281              0.0192  
backward:              0.5500              1.0882              1.7163              0.0201  
backward:              0.5000              0.5758              2.2921              0.0212  
backward:              0.4500              0.2206              2.5127              0.0215  
backward:              0.4000              0.1885              2.7013              0.0219  
backward:              0.3500              0.1652              2.8664              0.0222  
backward:              0.3000              0.1188              2.9853              0.0226  
backward:              0.2500              0.0605              3.0458              0.0232  
backward:              0.2000             -0.0137              3.0321              0.0240  
backward:              0.1500             -0.1347              2.8974              0.0251  
backward:              0.1000             -0.3809              2.5165              0.0289  
backward:              0.0500             -0.8540              1.6625              0.0356  
backward:              0.0000             -1.7757             -0.1132              0.0681  
Inaccuracy estimation
======================================================================================================
                   i        i+δi          P0_overlap_P1   δε(forward)/ε   δε(backward)/ε
======================================================================================================
inaccuracy:  0.00000        0.05000           31.26           -0.04            2.49
inaccuracy:  0.05000        0.10000           45.56           -0.04            1.08
inaccuracy:  0.10000        0.15000           58.96           -0.03            0.49
inaccuracy:  0.15000        0.20000           65.50           -0.02            0.26
inaccuracy:  0.20000        0.25000           69.60           -0.02            0.17
inaccuracy:  0.25000        0.30000           72.39           -0.01            0.13
inaccuracy:  0.30000        0.35000           73.77           -0.02            0.10
inaccuracy:  0.35000        0.40000           74.39           -0.01            0.09
inaccuracy:  0.40000        0.45000           75.79           -0.01            0.08
inaccuracy:  0.45000        0.50000           76.22           -0.02            0.07
inaccuracy:  0.50000        0.55000           56.92           -0.22            0.17
inaccuracy:  0.55000        0.60000           59.29           -0.27            0.06
inaccuracy:  0.60000        0.65000           58.37           -0.32            0.00
inaccuracy:  0.65000        0.70000           58.11           -0.35           -0.04
inaccuracy:  0.70000        0.75000           59.27           -0.33           -0.09
inaccuracy:  0.75000        0.80000           59.33           -0.34           -0.09
inaccuracy:  0.80000        0.85000           58.66           -0.31           -0.10
inaccuracy:  0.85000        0.90000           58.06           -0.31           -0.08
inaccuracy:  0.90000        0.95000           56.43           -0.35           -0.07
inaccuracy:  0.95000        1.00000           55.52           -0.35           -0.07
===================================================================================================================================
                BAR        
-----------------------------------------------------------------------------------------------------------------------------------
BAR-estimator:         λ             λ+δλ          ΔΔA             ΔA            C               Δδe            δe       
                          
-----------------------------------------------------------------------------------------------------------------------------------
BAR-estimator:      0.00000        0.05000        1.7673         1.7673         1.7673         0.0093         0.0093 
BAR-estimator:      0.05000        0.10000        0.8393         2.6066         0.8393         0.0080         0.0123 
BAR-estimator:      0.10000        0.15000        0.3567         2.9633         0.3567         0.0053         0.0134 
BAR-estimator:      0.15000        0.20000        0.1293         3.0926         0.1293         0.0037         0.0138 
BAR-estimator:      0.20000        0.25000        0.0102         3.1027         0.0102         0.0032         0.0142 
BAR-estimator:      0.25000        0.30000       -0.0697         3.0331        -0.0697         0.0027         0.0145 
BAR-estimator:      0.30000        0.35000       -0.1213         2.9118        -0.1213         0.0026         0.0147 
BAR-estimator:      0.35000        0.40000       -0.1611         2.7507        -0.1611         0.0024         0.0149 
BAR-estimator:      0.40000        0.45000       -0.1922         2.5585        -0.1922         0.0021         0.0150 
BAR-estimator:      0.45000        0.50000       -0.2221         2.3363        -0.2221         0.0019         0.0152 
BAR-estimator:      0.50000        0.55000       -0.5665         1.7698        -0.5665         0.0033         0.0155 
BAR-estimator:      0.55000        0.60000       -1.0894         0.6804        -1.0894         0.0034         0.0159 
BAR-estimator:      0.60000        0.65000       -1.5686        -0.8882        -1.5686         0.0038         0.0163 
BAR-estimator:      0.65000        0.70000       -1.9589        -2.8470        -1.9589         0.0042         0.0168 
BAR-estimator:      0.70000        0.75000       -2.2027        -5.0497        -2.2027         0.0038         0.0173 
BAR-estimator:      0.75000        0.80000       -2.3274        -7.3772        -2.3274         0.0035         0.0176 
BAR-estimator:      0.80000        0.85000       -2.3550        -9.7322        -2.3550         0.0034         0.0179 
BAR-estimator:      0.85000        0.90000       -2.3484       -12.0806        -2.3484         0.0038         0.0183 
BAR-estimator:      0.90000        0.95000       -2.3196       -14.4002        -2.3196         0.0036         0.0187 
BAR-estimator:      0.95000        1.00000       -2.2750       -16.6752        -2.2750         0.0033         0.0190 
BAR-estimator: total free energy change is -16.675200919391926 , total error is 0.018979285495838084
