Charm++: standalone mode (not using charmrun)
Charm++> Running in Multicore mode: 12 threads (PEs)
Charm++> Using recursive bisection (scheme 3) for topology aware partitions
Converse/Charm++ Commit ID: 
CharmLB> Load balancer assumes all CPUs are same.
Charm++> Running on 1 hosts (2 sockets x 6 cores x 1 PUs = 12-way SMP)
Charm++> cpu topology info is gathered in 0.001 seconds.
Info: Built with CUDA version 11080
Did not find +devices i,j,k,... argument, using all
Pe 3 physical rank 3 will use CUDA device of pe 8
Pe 7 physical rank 7 will use CUDA device of pe 8
Pe 2 physical rank 2 will use CUDA device of pe 8
Pe 0 physical rank 0 will use CUDA device of pe 8
Pe 11 physical rank 11 will use CUDA device of pe 8
Pe 10 physical rank 10 will use CUDA device of pe 8
Pe 5 physical rank 5 will use CUDA device of pe 8
Pe 9 physical rank 9 will use CUDA device of pe 8
Pe 1 physical rank 1 will use CUDA device of pe 8
Pe 4 physical rank 4 will use CUDA device of pe 8
Pe 6 physical rank 6 will use CUDA device of pe 8
Pe 8 physical rank 8 binding to CUDA device 0 on k103: 'Tesla V100-SXM2-32GB'  Mem: 32494MB  Rev: 7.0  PCI: 0:18:0
CharmLB> Load balancing instrumentation for communication is off.
Info: NAMD 3.0.1 for Linux-x86_64-multicore-CUDA
Info: 
Info: Please visit http://www.ks.uiuc.edu/Research/namd/
Info: for updates, documentation, and support information.
Info: 
Info: Please cite Phillips et al., J. Chem. Phys. 153:044130 (2020) doi:10.1063/5.0014475
Info: in all publications reporting results obtained with NAMD.
Info: 
Info: Based on Charm++/Converse 80000 for multicore-linux-x86_64-gcc
Info: Built Mon Oct 14 10:33:44 CDT 2024 by dhardy on athine.ks.uiuc.edu
Info: 1 NAMD  3.0.1  Linux-x86_64-multicore-CUDA  12    k103  z5358697
Info: Running on 12 processors, 1 nodes, 1 physical nodes.
Info: CPU topology information available.
Info: Charm++/Converse parallel runtime startup completed at 0.169727 s
CkLoopLib is used in SMP with simple dynamic scheduling (converse-level notification)
Info: 0 MB of memory in use based on /proc/self/stat
Info: Configuration file is prod.namd
Info: Working in the current directory /srv/scratch/z5358697/zz-verify/1723043/6
TCL: Running FEP window   1: Lambda1 0.30   Lambda2 0.35   [dLambda 0.04999999999999999]
TCL: Suspending until startup complete.
Warning: The following variables were set in the
Warning: configuration file but will be ignored:
Warning:    switchdist (switching)
Warning: Option "1-4scaling" has been deprecated. Instead use "oneFourScaling".
Info: EXTENDED SYSTEM FILE   mobley_1723043_equil.xsc
Info: Tuning parameters to improve GPU-resident performance
Warning: Keeping margin at user-specified value 2
Warning: Performance might be improved by increasing margin size to >= 4
Warning: Disabling lonepair support due to incompatability with GPU-resident.
Info: Running with GPU-resident mode
Warning: Always using force tables for GPU nonbonded kernel due to unsupported config parameters.
Info: SIMULATION PARAMETERS:
Info: TIMESTEP               2
Info: NUMBER OF STEPS        0
Info: STEPS PER CYCLE        10
Info: PERIODIC CELL BASIS 1  31.6134 0 0
Info: PERIODIC CELL BASIS 2  0 31.1915 0
Info: PERIODIC CELL BASIS 3  0 0 31.4663
Info: PERIODIC CELL CENTER   0 0 0
Info: WRAPPING WATERS AROUND PERIODIC BOUNDARIES ON OUTPUT.
Info: WRAPPING ALL CLUSTERS AROUND PERIODIC BOUNDARIES ON OUTPUT.
Info: LOAD BALANCER  Centralized
Info: LOAD BALANCING STRATEGY  New Load Balancers -- DEFAULT
Info: LDB PERIOD             2000 steps
Info: FIRST LDB TIMESTEP     50
Info: LAST LDB TIMESTEP     -1
Info: LDB BACKGROUND SCALING 1
Info: HOM BACKGROUND SCALING 1
Info: PME BACKGROUND SCALING 1
Info: MIN ATOMS PER PATCH    40
Info: EMPTY PATCH LOAD       40 ATOMS
Info: VELOCITY FILE          mobley_1723043_equil.vel
Info: CENTER OF MASS MOVING INITIALLY? NO
Info: DIELECTRIC             1
Info: EXCLUDE                SCALED ONE-FOUR
Info: 1-4 ELECTROSTATICS SCALED BY 0.833333
Info: MODIFIED 1-4 VDW PARAMETERS WILL BE USED
Info: DCD FILENAME           mobley_1723043_prod.dcd
Info: DCD FREQUENCY          100000
Info: DCD FIRST STEP         100000
Info: DCD FILE WILL CONTAIN UNIT CELL DATA
Info: XST FILENAME           mobley_1723043_prod.xst
Info: XST FREQUENCY          100000
Info: NO VELOCITY DCD OUTPUT
Info: NO FORCE DCD OUTPUT
Info: OUTPUT FILENAME        mobley_1723043_prod
Info: BINARY OUTPUT FILES WILL BE USED
Info: RESTART FILENAME       mobley_1723043_prod.restart
Info: RESTART FREQUENCY      100000
Info: BINARY RESTART FILES WILL BE USED
Info: CUTOFF                 9
Info: PAIRLIST DISTANCE      11
Info: PAIRLIST SHRINK RATE   0.01
Info: PAIRLIST GROW RATE     0.01
Info: PAIRLIST TRIGGER       0.3
Info: PAIRLISTS PER CYCLE    2
Info: PAIRLISTS ENABLED
Info: MARGIN                 2
Info: HYDROGEN GROUP CUTOFF  2.5
Info: PATCH DIMENSION        15.5
Info: ENERGY OUTPUT STEPS    100000
Warning: The period of outputting energies relating to alchemical transformations (alchOutFreq = 50) is not a multiple of the period of computing energies (computeEnergies = 100000). If alchOutFreq is smaller than outputEnergies and computeEnergies is not defined, a better solution is to set computeEnergies explicitly and keep it the same as alchOutFreq. The simulation will use the greatest common divisor of computeEnergies and alchOutFreq as the period of energy evaluation.
Info: ENERGY EVALUATION STEPS    100000
Info: OUTPUT ENERGY PRECISION 4
Info: CROSSTERM ENERGY INCLUDED IN DIHEDRAL
Info: TIMING OUTPUT STEPS    1000000
Info: PRESSURE OUTPUT STEPS  100000
Info: ALCHEMICAL FEP ON
Info: FEP CURRENT LAMBDA VALUE     0.3
Info: FEP COMPARISON LAMBDA VALUE  0.35
Info: FEP INTRA-ALCHEMICAL NON-BONDED INTERACTIONS WILL BE RETAINED
Info: FEP INTRA-ALCHEMICAL BONDED INTERACTIONS WILL BE RETAINED
Info: FEP VDW SHIFTING COEFFICIENT 5
Info: FEP ELEC. ACTIVE FOR ANNIHILATED PARTICLES BETWEEN LAMBDA = 0 AND LAMBDA = 0.5
Info: FEP ELEC. ACTIVE FOR EXNIHILATED PARTICLES BETWEEN LAMBDA = 0.5 AND LAMBDA = 1
Info: FEP VDW ACTIVE FOR ANNIHILATED PARTICLES BETWEEN LAMBDA = 0 AND LAMBDA = 1
Info: FEP VDW ACTIVE FOR EXNIHILATED PARTICLES BETWEEN LAMBDA = 0 AND LAMBDA = 1
Info: FEP BOND ACTIVE FOR ANNIHILATED PARTICLES BETWEEN LAMBDA = 1 AND LAMBDA = 1
Info: FEP BOND ACTIVE FOR EXNIHILATED PARTICLES BETWEEN LAMBDA = 0 AND LAMBDA = 0
Info: LANGEVIN DYNAMICS ACTIVE
Info: LANGEVIN TEMPERATURE   300
Info: LANGEVIN USING BBK INTEGRATOR
Info: LANGEVIN DAMPING COEFFICIENT IS 1 INVERSE PS
Info: LANGEVIN DYNAMICS APPLIED TO HYDROGENS
Info: LANGEVIN PISTON PRESSURE CONTROL ACTIVE
Info:        TARGET PRESSURE IS 1.01325 BAR
Info:     OSCILLATION PERIOD IS 50 FS
Info:             DECAY TIME IS 25 FS
Info:     PISTON TEMPERATURE IS 300 K
Info:       PRESSURE CONTROL IS GROUP-BASED
Info:    INITIAL STRAIN RATE IS -0.000220908 -0.000220908 -0.000220908
Info:       CELL FLUCTUATION IS ISOTROPIC
Info: PARTICLE MESH EWALD (PME) ACTIVE
Info: PME TOLERANCE               1e-06
Info: PME EWALD COEFFICIENT       0.348832
Info: PME INTERPOLATION ORDER     4
Info: PME GRID DIMENSIONS         32 32 32
Info: PME MAXIMUM GRID SPACING    1
Info: PME CALCULATION WILL BE PERFORMED ON GPU
Info: FULL ELECTROSTATIC EVALUATION FREQUENCY      2
Info: USING VERLET I (r-RESPA) MTS SCHEME.
Info: C1 SPLITTING OF LONG RANGE ELECTROSTATICS
Info: PLACING ATOMS IN PATCHES BY HYDROGEN GROUPS
Info: RIGID BONDS TO HYDROGEN : ALL
Info:         ERROR TOLERANCE : 1e-08
Info:          MAX ITERATIONS : 100
Info: RIGID WATER USING SETTLE ALGORITHM
Info: RANDOM NUMBER SEED     1742731708
Info: USE HYDROGEN BONDS?    NO
Info: Using AMBER format force field!
Info: AMBER PARM FILE        mobley_1723043.prmtop
Info: COORDINATE PDB         mobley_1723043.pdb
Info: Exclusions will be read from PARM file!
Info: SCNB (VDW SCALING)     2
Info: USING ARITHMETIC MEAN TO COMBINE L-J SIGMA PARAMETERS
Info: BINARY COORDINATES     mobley_1723043_equil.coor
Info: === Start reading AMBER parm7 format file mobley_1723043.prmtop ===
Info: Complete reading ATOM_NAME with 2994 fields.
Info: Complete reading CHARGE with 2994 fields.
Info: Complete reading ATOMIC_NUMBER with 2994 fields.
Info: Complete reading MASS with 2994 fields.
Info: Complete reading ATOM_TYPE_INDEX with 2994 fields.
Info: Complete reading NUMBER_EXCLUDED_ATOMS with 2994 fields.
Info: Complete reading NONBONDED_PARM_INDEX with 16 fields.
Info: Complete reading RESIDUE_LABEL with 995 fields.
Info: Complete reading RESIDUE_POINTER with 995 fields.
Info: Complete reading BOND_FORCE_CONSTANT with 4 fields.
Info: Complete reading BOND_EQUIL_VALUE with 4 fields.
Info: Complete reading ANGLE_FORCE_CONSTANT with 3 fields.
Info: Complete reading ANGLE_EQUIL_VALUE with 3 fields.
Info: Complete reading DIHEDRAL_FORCE_CONSTANT with 1 fields.
Info: Complete reading DIHEDRAL_PERIODICITY with 1 fields.
Info: Complete reading DIHEDRAL_PHASE with 1 fields.
Info: Complete reading SCEE_SCALE_FACTOR with 1 fields.
Info: Complete reading SCNB_SCALE_FACTOR with 1 fields.
Info: Complete reading LENNARD_JONES_ACOEF with 10 fields.
Info: Complete reading LENNARD_JONES_BCOEF with 10 fields.
Info: Complete reading BONDS_INC_HYDROGEN with 8946 fields.
Info: Complete reading BONDS_WITHOUT_HYDROGEN with 36 fields.
Info: Complete reading ANGLES_INC_HYDROGEN with 0 fields.
Info: Complete reading ANGLES_WITHOUT_HYDROGEN with 96 fields.
Info: Complete reading DIHEDRALS_INC_HYDROGEN with 0 fields.
Info: Complete reading DIHEDRALS_WITHOUT_HYDROGEN with 180 fields.
Info: Complete reading EXCLUDED_ATOMS_LIST with 4035 fields.
Info: Complete reading HBOND_ACOEF with 0 fields.
Info: Complete reading HBOND_BCOEF with 0 fields.
Info: Complete reading AMBER_ATOM_TYPE with 2994 fields.
Info: Complete reading TREE_CHAIN_CLASSIFICATION with 2994 fields.
Info: Complete reading ATOMS_PER_MOLECULE with 995 fields.
Info: Complete reading BOX_DIMENSIONS with 4 fields.
Info: Complete reading RADIUS_SET with 1 fields.
Info: Complete reading RADII with 2994 fields.
Info: Complete reading SCREEN with 2994 fields.
Info: === Finish reading AMBER parm7 format file. ===
Warning: Found 994 H-H bonds.
Info: SUMMARY OF PARAMETERS:
Info: 4 BONDS
Info: 3 ANGLES
Info:   3 HARMONIC
Info:   0 COSINE-BASED
Info: 1 DIHEDRAL
Info: 0 IMPROPER
Info: 0 CROSSTERM
Info: 0 VDW
Info: 10 VDW_PAIRS
Info: 0 NBTHOLE_PAIRS
Info: Reading pdb file mobley_1723043.pdb
Info: TIME FOR READING PDB FILE: 0.0295875
Info: 
Info: To read alchdata from file: mobley_1723043.pdb
Info: To read alchflag data from column: 5
Info: ****************************
Info: STRUCTURE SUMMARY:
Info: 2994 ATOMS
Info: 2994 BONDS
Info: 24 ANGLES
Info: 36 DIHEDRALS
Info: 0 IMPROPERS
Info: 0 CROSSTERMS
Info: 3040 EXCLUSIONS
Info: 2982 RIGID BONDS
Info: ALCH: 0 ATOMS TO DISAPPEAR IN FINAL STATE
Info: ALCH: 12 ATOMS TO APPEAR IN FINAL STATE
Info: 6000 DEGREES OF FREEDOM
Info: 1006 HYDROGEN GROUPS
Info: 3 ATOMS IN LARGEST HYDROGEN GROUP
Info: 1006 MIGRATION GROUPS
Info: 3 ATOMS IN LARGEST MIGRATION GROUP
Info: TOTAL MASS = 18107.9 amu
Info: TOTAL CHARGE = 0 e
Info: MASS DENSITY = 0.969115 g/cm^3
Info: ATOM DENSITY = 0.0964937 atoms/A^3
Info: *****************************
Info: Reading from binary file mobley_1723043_equil.coor
Info: 
Info: Entering startup at 0.584562 s, 0 MB of memory in use
Info: Startup phase 0 took 0.0100807 s, 0 MB of memory in use
Info: ADDED 0 IMPLICIT EXCLUSIONS
Info: Startup phase 1 took 0.00132975 s, 0 MB of memory in use
Info: NONBONDED TABLE R-SQUARED SPACING: 0.0625
Info: NONBONDED TABLE SIZE: 705 POINTS
Info: INCONSISTENCY IN FAST TABLE ENERGY VS FORCE: 0.000290481 AT 0.251946
Info: INCONSISTENCY IN SCOR TABLE ENERGY VS FORCE: 0.000238233 AT 8.9687
Info: ABSOLUTE IMPRECISION IN VDWA TABLE ENERGY: 1.21169e-27 AT 8.99653
Info: ABSOLUTE IMPRECISION IN VDWA TABLE FORCE: 2.57484e-27 AT 8.99653
Info: INCONSISTENCY IN VDWA TABLE ENERGY VS FORCE: 0.0040507 AT 0.251946
Info: INCONSISTENCY IN VDWB TABLE ENERGY VS FORCE: 0.00150189 AT 0.251946
Info: Startup phase 2 took 0.000393064 s, 0 MB of memory in use
Info: Startup phase 3 took 0.000156329 s, 0 MB of memory in use
Info: Startup phase 4 took 0.000241878 s, 0 MB of memory in use
Info: Startup phase 5 took 0.000158707 s, 0 MB of memory in use
Info: REDUCING NUMBER OF PATCHES TO IMPROVE LOAD BALANCE
Info: PATCH GRID IS 3 (PERIODIC) BY 2 (PERIODIC) BY 2 (PERIODIC)
Info: PATCH GRID IS 2-AWAY BY 1-AWAY BY 1-AWAY
Info: Reading from binary file mobley_1723043_equil.vel
Info: REMOVING COM VELOCITY -0.12142 -0.123799 0.121177
Info: LARGEST PATCH (1) HAS 270 ATOMS
Info: TORUS A SIZE 1 USING 0
Info: TORUS B SIZE 1 USING 0
Info: TORUS C SIZE 1 USING 0
Info: TORUS MINIMAL MESH SIZE IS 1 BY 1 BY 1
Info: Placed 100% of base nodes on same physical node as patch
Info: Startup phase 6 took 0.00546801 s, 0 MB of memory in use
Info: Use 3D box decompostion in PME FFT.
Info: PME using 1 x 1 x 1 pencil grid for FFT and reciprocal sum.
Info: Startup phase 7 took 0.000344067 s, 0 MB of memory in use
Info: Updated CUDA force table with 4096 elements.
Info: Updated CUDA LJ table with 4 x 4 elements.
Info: Startup phase 8 took 0.00124683 s, 0 MB of memory in use
Info: Startup phase 9 took 0.000171538 s, 0 MB of memory in use
Info: Startup phase 10 took 0.000140068 s, 0 MB of memory in use
Info: Startup phase 11 took 0.00251081 s, 0 MB of memory in use
LDB: Central LB being created...
Info: Startup phase 12 took 0.00676127 s, 0 MB of memory in use
Info: CREATING 456 COMPUTE OBJECTS
Info: Found 15 unique exclusion lists needing 28 bytes
Info: useSync: 0 useProxySync: 0
Info: Startup phase 13 took 0.0254374 s, 0 MB of memory in use
Info: Startup phase 14 took 0.000194412 s, 0 MB of memory in use
Info: Startup phase 15 took 0.000125174 s, 0 MB of memory in use
Info: Finished startup at 0.639322 s, 0 MB of memory in use

TCL: Running for 2500000 steps
FEP: RESETTING FOR NEW FEP WINDOW LAMBDA SET TO 0.3 LAMBDA2 0.35
FEP: WINDOW TO HAVE 100000 STEPS OF EQUILIBRATION PRIOR TO FEP DATA COLLECTION.
FEP: USING CONSTANT TEMPERATURE OF 300 K FOR FEP CALCULATION
PRESSURE: 0 994.553 -207.425 -213.577 -207.424 634.966 100.379 -213.577 100.378 951.03
GPRESSURE: 0 1125.31 -105.634 -322.132 -219.546 814.895 67.7808 314.711 161.688 829.81
ETITLE:      TS           BOND          ANGLE          DIHED          IMPRP               ELECT            VDW       BOUNDARY           MISC        KINETIC               TOTAL           TEMP      POTENTIAL       TOTALAVG        TEMPAVG            PRESSURE      GPRESSURE         VOLUME       PRESSAVG      GPRESSAVG
FEPTITLE:    TS          BOND2         ELECT2           VDW2

ENERGY:       0         4.3032         5.6000         6.2367         0.0000         -10897.1576      1556.3210         0.0000         0.0000      1770.5984          -7554.0984       297.0019     -9324.6969     -7554.0984       297.0019            860.1828       923.3374     31027.9465       860.1828       923.3374
FEP:          0        16.1398    -10897.1576      1555.7469

OPENING FEP ENERGY OUTPUT FILE
OPENING EXTENDED SYSTEM TRAJECTORY FILE
Info: Initial time: 12 CPUs 0.00082774 s/step 208.761 ns/day 0 MB memory
Info: Initial time: 12 CPUs 0.000495267 s/step 348.903 ns/day 0 MB memory
Info: Initial time: 12 CPUs 0.000500723 s/step 345.101 ns/day 0 MB memory
Info: Benchmark time: 12 CPUs 0.000496824 s/step 347.809 ns/day 0 MB memory
Info: Benchmark time: 12 CPUs 0.000490115 s/step 352.57 ns/day 0 MB memory
Info: Benchmark time: 12 CPUs 0.000494113 s/step 349.717 ns/day 0 MB memory
Info: Benchmark time: 12 CPUs 0.000489072 s/step 353.322 ns/day 0 MB memory
Info: Benchmark time: 12 CPUs 0.000493125 s/step 350.418 ns/day 0 MB memory
Info: Benchmark time: 12 CPUs 0.000479156 s/step 360.634 ns/day 0 MB memory
PRESSURE: 100000 -567.899 465.759 149.776 465.757 -13.1289 -160.615 149.777 -160.612 -599.757
GPRESSURE: 100000 -604.364 380.135 93.2213 286.817 3.54077 -229.193 -48.5544 90.2801 -468.962
PRESSAVG: 100000 213.327 129.167 -31.8998 129.167 310.919 -30.1171 -31.8998 -30.1171 175.636
GPRESSAVG: 100000 260.472 137.25 -114.455 33.6359 409.218 -80.7062 133.078 125.984 180.424
ENERGY:  100000         3.0702         6.2544         4.1840         0.0000         -10808.9934      1429.3547         0.0000         0.0000      1818.9090          -7547.2211       305.1055     -9366.1301     -7550.6598       301.0537           -393.5950      -356.5953     31234.5840       233.2939       283.3711
FEP:     100000        13.5086    -10808.9934      1429.1340

WRITING EXTENDED SYSTEM TO RESTART FILE AT STEP 100000
OPENING COORDINATE DCD FILE
WRITING COORDINATES TO DCD FILE mobley_1723043_prod.dcd AT STEP 100000
WRITING COORDINATES TO RESTART FILE AT STEP 100000
FINISHED WRITING RESTART COORDINATES
The last position output (seq=100000) takes 0.010 seconds, 0.000 MB of memory in use
WRITING VELOCITIES TO RESTART FILE AT STEP 100000
FINISHED WRITING RESTART VELOCITIES
The last velocity output (seq=100000) takes 0.007 seconds, 0.000 MB of memory in use
PRESSURE: 200000 476.648 606.93 109.745 606.928 220.486 332.858 109.742 332.858 -185.304
GPRESSURE: 200000 528.46 370.606 -75.2719 271.613 176.348 662.911 11.8168 -315.883 -66.2719
PRESSAVG: 200000 301.101 288.42 15.3142 288.42 280.774 90.8745 15.3142 90.8745 55.3228
GPRESSAVG: 200000 349.801 215.035 -101.394 112.962 331.595 167.166 92.6578 -21.305 98.192
ENERGY:  200000         3.3079         6.0107         7.6709         0.0000         -10796.0876      1471.3455         0.0000         0.0000      1803.2168          -7504.5358       302.4733     -9307.7527     -7535.2851       301.5269            170.6100       212.8453     30965.8954       212.3993       259.8625
FEP:     200000        16.9894    -10796.0876      1472.9032

WRITING EXTENDED SYSTEM TO RESTART FILE AT STEP 200000
WRITING COORDINATES TO DCD FILE mobley_1723043_prod.dcd AT STEP 200000
WRITING COORDINATES TO RESTART FILE AT STEP 200000
FINISHED WRITING RESTART COORDINATES
The last position output (seq=200000) takes 0.014 seconds, 0.000 MB of memory in use
WRITING VELOCITIES TO RESTART FILE AT STEP 200000
FINISHED WRITING RESTART VELOCITIES
The last velocity output (seq=200000) takes 0.014 seconds, 0.000 MB of memory in use
PRESSURE: 300000 -308.728 -307.001 365.952 -307.003 -551.384 315.97 365.954 315.971 -365.971
GPRESSURE: 300000 -185.701 -236.828 527.425 -191.49 -599.789 431.344 435.206 226.284 -320.308
PRESSAVG: 300000 148.644 139.565 102.974 139.565 72.7348 147.149 102.974 147.149 -50.0006
GPRESSAVG: 300000 215.925 102.07 55.8106 36.8486 98.7486 233.211 178.295 40.5923 -6.43288
ENERGY:  300000         2.9996         5.4533         6.8332         0.0000         -10842.6464      1430.7497         0.0000         0.0000      1794.3920          -7602.2185       300.9930     -9396.6105     -7552.0185       301.3935           -408.6940      -368.5993     30758.0828        57.1259       102.7471
FEP:     300000        15.2862    -10842.6464      1432.6003

WRITING EXTENDED SYSTEM TO RESTART FILE AT STEP 300000
WRITING COORDINATES TO DCD FILE mobley_1723043_prod.dcd AT STEP 300000
WRITING COORDINATES TO RESTART FILE AT STEP 300000
FINISHED WRITING RESTART COORDINATES
The last position output (seq=300000) takes 0.020 seconds, 0.000 MB of memory in use
WRITING VELOCITIES TO RESTART FILE AT STEP 300000
FINISHED WRITING RESTART VELOCITIES
The last velocity output (seq=300000) takes 0.018 seconds, 0.000 MB of memory in use
PRESSURE: 400000 173.568 -610.72 727.272 -610.718 1147.22 766.653 727.27 766.66 834.345
GPRESSURE: 400000 253.007 -895.929 788.601 -439.568 1059.88 735.419 745.09 1131.93 916.304
PRESSAVG: 400000 153.628 -10.492 227.833 -10.492 287.631 271.051 227.833 271.051 126.868
GPRESSAVG: 400000 223.342 -97.5302 202.369 -58.4347 290.974 333.652 291.654 258.86 178.114
ENERGY:  400000         3.5668         5.3180         4.3575         0.0000         -11025.1673      1591.4026         0.0000         0.0000      1791.6682          -7628.8543       300.5361     -9420.5225     -7567.3856       301.2220            718.3761       743.0621     30577.1958       189.3760       230.8101
FEP:     400000        13.2422    -11025.1673      1591.8142

WRITING EXTENDED SYSTEM TO RESTART FILE AT STEP 400000
WRITING COORDINATES TO DCD FILE mobley_1723043_prod.dcd AT STEP 400000
WRITING COORDINATES TO RESTART FILE AT STEP 400000
FINISHED WRITING RESTART COORDINATES
The last position output (seq=400000) takes 0.017 seconds, 0.000 MB of memory in use
WRITING VELOCITIES TO RESTART FILE AT STEP 400000
FINISHED WRITING RESTART VELOCITIES
The last velocity output (seq=400000) takes 0.018 seconds, 0.000 MB of memory in use
PRESSURE: 500000 243.585 -289.394 84.8854 -289.397 121.074 129.778 84.8854 129.779 624.888
GPRESSURE: 500000 245.96 -265.172 15.7853 -259.339 142.37 434.347 185.302 -89.7453 663.713
PRESSAVG: 500000 168.621 -56.9762 204.009 -56.9762 259.871 247.506 204.009 247.506 209.872
GPRESSAVG: 500000 227.111 -125.47 171.271 -91.9187 266.207 350.435 273.929 200.759 259.048
ENERGY:  500000         4.1336         3.8153         5.7866         0.0000         -10815.4509      1489.7195         0.0000         0.0000      1774.6379          -7537.3580       297.6795     -9311.9960     -7562.3810       300.6316            329.8490       350.6808     30970.0334       212.7881       250.7885
FEP:     500000        13.7355    -10815.4509      1489.7735

WRITING EXTENDED SYSTEM TO RESTART FILE AT STEP 500000
WRITING COORDINATES TO DCD FILE mobley_1723043_prod.dcd AT STEP 500000
WRITING COORDINATES TO RESTART FILE AT STEP 500000
FINISHED WRITING RESTART COORDINATES
The last position output (seq=500000) takes 0.017 seconds, 0.000 MB of memory in use
WRITING VELOCITIES TO RESTART FILE AT STEP 500000
FINISHED WRITING RESTART VELOCITIES
The last velocity output (seq=500000) takes 0.017 seconds, 0.000 MB of memory in use
PRESSURE: 600000 -1234.43 -332.276 -90.7071 -332.274 -686.689 187.968 -90.7108 187.972 -550.536
GPRESSURE: 600000 -1028.42 -243.961 -280.365 -301.249 -757.199 233.981 -1.07941 -32.3223 -390.956
PRESSAVG: 600000 -31.8152 -96.3044 161.906 -96.3044 124.649 239.001 161.906 239.001 101.242
GPRESSAVG: 600000 47.7496 -142.398 106.752 -121.823 120.006 333.799 234.642 167.462 166.19
ENERGY:  600000         4.1965         5.1636         6.3645         0.0000         -10739.0580      1390.4802         0.0000         0.0000      1759.0190          -7573.8342       295.0595     -9332.8532     -7564.0172       299.8356           -823.8861      -725.5255     31200.1254        64.6918       111.3151
FEP:     600000        15.7246    -10739.0580      1390.5090

WRITING EXTENDED SYSTEM TO RESTART FILE AT STEP 600000
WRITING COORDINATES TO DCD FILE mobley_1723043_prod.dcd AT STEP 600000
WRITING COORDINATES TO RESTART FILE AT STEP 600000
FINISHED WRITING RESTART COORDINATES
The last position output (seq=600000) takes 0.018 seconds, 0.000 MB of memory in use
WRITING VELOCITIES TO RESTART FILE AT STEP 600000
FINISHED WRITING RESTART VELOCITIES
PRESSURE: 700000 -105.516 341.161 56.3465 341.159 -1139.58 -51.0993 56.349 -51.104 -742.949
GPRESSURE: 700000 -64.8731 443.298 47.3371 488.145 -953.226 -89.7878 187.48 75.8744 -728.581
PRESSAVG: 700000 -41.0279 -41.6215 148.711 -41.6215 -33.3795 202.738 148.711 202.738 -4.28179
GPRESSAVG: 700000 33.6717 -69.1857 99.3251 -45.5771 -14.1481 280.85 228.746 156.014 54.3436
ENERGY:  700000         2.4626         6.1381         8.2192         0.0000         -10770.5532      1402.2755         0.0000         0.0000      1746.6127          -7604.8450       292.9785     -9351.4578     -7569.1207       298.9784           -662.6804      -582.2264     31198.2047       -26.2297        24.6224
FEP:     700000        16.8199    -10770.5532      1402.7657

WRITING EXTENDED SYSTEM TO RESTART FILE AT STEP 700000
WRITING COORDINATES TO DCD FILE mobley_1723043_prod.dcd AT STEP 700000
WRITING COORDINATES TO RESTART FILE AT STEP 700000
FINISHED WRITING RESTART COORDINATES
The last position output (seq=700000) takes 0.017 seconds, 0.000 MB of memory in use
WRITING VELOCITIES TO RESTART FILE AT STEP 700000
FINISHED WRITING RESTART VELOCITIES
PRESSURE: 800000 -338.359 299.997 172.657 299.996 195.639 -200.331 172.659 -200.328 -583.281
GPRESSURE: 800000 -172.372 466.18 155.405 333.957 456.786 -273.254 161.245 70.6941 -674.121
PRESSAVG: 800000 -74.0646 -3.66398 151.372 -3.66398 -7.93299 157.953 151.372 157.953 -68.615
GPRESSAVG: 800000 10.778 -9.70065 105.556 -3.40657 38.1779 219.283 221.246 146.534 -26.597
ENERGY:  800000         4.2964         4.7410         5.0463         0.0000         -10762.2384      1399.7098         0.0000         0.0000      1808.0480          -7540.3970       303.2837     -9348.4450     -7565.9292       299.4568           -242.0001      -129.9025     30344.6415       -50.2042         7.4530
FEP:     800000        14.0836    -10762.2384      1400.4399

WRITING EXTENDED SYSTEM TO RESTART FILE AT STEP 800000
WRITING COORDINATES TO DCD FILE mobley_1723043_prod.dcd AT STEP 800000
WRITING COORDINATES TO RESTART FILE AT STEP 800000
FINISHED WRITING RESTART COORDINATES
The last position output (seq=800000) takes 0.017 seconds, 0.000 MB of memory in use
WRITING VELOCITIES TO RESTART FILE AT STEP 800000
FINISHED WRITING RESTART VELOCITIES
PRESSURE: 900000 799.709 247.825 285.438 247.83 440.295 -323.015 285.437 -323.013 14.0798
GPRESSURE: 900000 877.65 302.587 245.952 91.0839 624.553 -298.689 379.548 364.168 -56.1371
PRESSAVG: 900000 13.3128 21.4854 164.779 21.4854 36.8898 109.856 164.779 109.856 -60.3455
GPRESSAVG: 900000 97.4651 21.5281 119.596 6.04248 96.8154 167.486 237.076 168.297 -29.551
ENERGY:  900000         4.7335         3.4977         5.0307         0.0000         -10957.5194      1528.5707         0.0000         0.0000      1788.9077          -7626.7792       300.0731     -9415.6869     -7572.0142       299.5184            418.0279       482.0219     30622.3708        -3.3810        54.9099
FEP:     900000        13.2618    -10957.5194      1528.7340

WRITING EXTENDED SYSTEM TO RESTART FILE AT STEP 900000
WRITING COORDINATES TO DCD FILE mobley_1723043_prod.dcd AT STEP 900000
WRITING COORDINATES TO RESTART FILE AT STEP 900000
FINISHED WRITING RESTART COORDINATES
The last position output (seq=900000) takes 0.028 seconds, 0.000 MB of memory in use
WRITING VELOCITIES TO RESTART FILE AT STEP 900000
FINISHED WRITING RESTART VELOCITIES
PRESSURE: 1000000 171.533 -241.067 -133.496 -241.065 724.502 -47.7879 -133.493 -47.789 -73.0271
GPRESSURE: 1000000 151.044 -311.315 -66.4161 -329.599 850.975 -101.38 347.684 40.0584 -43.9977
PRESSAVG: 1000000 27.6964 -2.38285 137.663 -2.38285 99.4 95.5247 137.663 95.5247 -61.4984
GPRESSAVG: 1000000 102.336 -8.73032 102.686 -24.4704 165.375 143.044 247.132 156.639 -30.8643
TIMING: 1000000  CPU: 479.679, 0.000479258/step  Wall: 481.561, 0.000481515/step, 358.867 ns/days, 0.200631 hours remaining, 0.000000 MB of memory in use.
PERFORMANCE: 1000000  averaging 358.867 ns/day, 0.000481515 sec/step with standard deviation 0
ETITLE:      TS           BOND          ANGLE          DIHED          IMPRP               ELECT            VDW       BOUNDARY           MISC        KINETIC               TOTAL           TEMP      POTENTIAL       TOTALAVG        TEMPAVG            PRESSURE      GPRESSURE         VOLUME       PRESSAVG      GPRESSAVG
FEPTITLE:    TS          BOND2         ELECT2           VDW2

ENERGY: 1000000         3.6348         7.6290         4.3476         0.0000         -10787.5860      1474.6372         0.0000         0.0000      1840.1669          -7457.1704       308.6714     -9297.3374     -7561.5738       300.3505            274.3359       319.3404     30726.0268        21.8660        78.9490
FEP:    1000000        15.6114    -10787.5860      1474.5323

WRITING EXTENDED SYSTEM TO RESTART FILE AT STEP 1000000
WRITING COORDINATES TO DCD FILE mobley_1723043_prod.dcd AT STEP 1000000
WRITING COORDINATES TO RESTART FILE AT STEP 1000000
FINISHED WRITING RESTART COORDINATES
The last position output (seq=1000000) takes 0.018 seconds, 0.000 MB of memory in use
WRITING VELOCITIES TO RESTART FILE AT STEP 1000000
FINISHED WRITING RESTART VELOCITIES
PRESSURE: 1100000 -636.624 -2.44629 -30.4799 -2.44628 -380.63 735.328 -30.4779 735.33 207.603
GPRESSURE: 1100000 -322.722 -11.5406 -353.549 -80.6928 -491.453 1053 231.457 245.312 152.689
PRESSAVG: 1100000 -27.6636 -2.38814 123.651 -2.38814 59.3975 148.842 123.651 148.842 -39.0733
GPRESSAVG: 1100000 66.9145 -8.96451 64.666 -29.1556 110.64 218.873 245.825 164.028 -15.5682
ENERGY: 1100000         1.9907         4.9693         6.0101         0.0000         -10840.3132      1440.8107         0.0000         0.0000      1883.9926          -7502.5397       316.0227     -9386.5323     -7556.6543       301.6565           -269.8838      -220.4953     30949.0114        -2.4465        53.9953
FEP:    1100000        12.9701    -10840.3132      1441.2732

WRITING EXTENDED SYSTEM TO RESTART FILE AT STEP 1100000
WRITING COORDINATES TO DCD FILE mobley_1723043_prod.dcd AT STEP 1100000
WRITING COORDINATES TO RESTART FILE AT STEP 1100000
FINISHED WRITING RESTART COORDINATES
WRITING VELOCITIES TO RESTART FILE AT STEP 1100000
FINISHED WRITING RESTART VELOCITIES
PRESSURE: 1200000 -591.251 -372.925 -309.487 -372.924 -611.944 -22.2267 -309.484 -22.2244 -495.342
GPRESSURE: 1200000 -608.179 -315.518 -289.002 -487.459 -804.664 78.015 -296.495 -191.809 -251.386
PRESSAVG: 1200000 -71.0164 -30.8909 90.3333 -30.8909 7.75582 135.683 90.3333 135.683 -74.1709
GPRESSAVG: 1200000 14.9842 -32.5455 37.4608 -64.4097 40.2317 208.038 204.109 136.656 -33.708
ENERGY: 1200000         4.3650         8.5753         7.2522         0.0000         -10703.7620      1372.6709         0.0000         0.0000      1742.2525          -7568.6461       292.2471     -9310.8985     -7557.5768       300.9327           -566.1788      -554.7431     30861.7545       -45.8105         7.1693
FEP:    1200000        20.1925    -10703.7620      1372.7651

WRITING EXTENDED SYSTEM TO RESTART FILE AT STEP 1200000
WRITING COORDINATES TO DCD FILE mobley_1723043_prod.dcd AT STEP 1200000
WRITING COORDINATES TO RESTART FILE AT STEP 1200000
FINISHED WRITING RESTART COORDINATES
WRITING VELOCITIES TO RESTART FILE AT STEP 1200000
FINISHED WRITING RESTART VELOCITIES
PRESSURE: 1300000 763.089 286.64 83.402 286.64 386.518 -313.906 83.3991 -313.902 263.965
GPRESSURE: 1300000 598.605 189.798 137.192 67.0712 510.873 -531.075 59.0767 -288.994 370.58
PRESSAVG: 1300000 -11.4375 -8.21015 89.838 -8.21015 34.8102 103.57 89.838 103.57 -50.0184
GPRESSAVG: 1300000 56.6714 -16.6639 44.5845 -55.0182 73.8489 155.244 193.749 106.253 -4.8303
ENERGY: 1300000         3.7815         2.1477         5.8256         0.0000         -10866.9733      1491.9465         0.0000         0.0000      1777.3616          -7585.9104       298.1364     -9363.2720     -7559.6006       300.7330            471.1906       493.3529     30311.0161        -8.8819        41.8967
FEP:    1300000        11.7548    -10866.9733      1491.9748

WRITING EXTENDED SYSTEM TO RESTART FILE AT STEP 1300000
WRITING COORDINATES TO DCD FILE mobley_1723043_prod.dcd AT STEP 1300000
WRITING COORDINATES TO RESTART FILE AT STEP 1300000
FINISHED WRITING RESTART COORDINATES
WRITING VELOCITIES TO RESTART FILE AT STEP 1300000
FINISHED WRITING RESTART VELOCITIES
PRESSURE: 1400000 390.659 101.476 -313.618 101.473 509.076 496.589 -313.617 496.591 134.635
GPRESSURE: 1400000 444.998 35.082 -221.515 -66.8639 540.98 397.882 -477.551 316.155 209.847
PRESSAVG: 1400000 15.3689 -0.897918 62.941 -0.897918 66.428 129.771 62.941 129.771 -37.7082
GPRESSAVG: 1400000 82.5598 -13.2141 26.8445 -55.8079 104.991 171.42 148.996 120.246 9.48149
ENERGY: 1400000         3.8048         2.8082         7.0442         0.0000         -10721.1669      1460.4140         0.0000         0.0000      1784.3497          -7462.7459       299.3085     -9247.0957     -7553.1436       300.6380            344.7897       398.6081     30603.4381        14.6962        65.6774
FEP:    1400000        13.6573    -10721.1669      1459.9504

WRITING EXTENDED SYSTEM TO RESTART FILE AT STEP 1400000
WRITING COORDINATES TO DCD FILE mobley_1723043_prod.dcd AT STEP 1400000
WRITING COORDINATES TO RESTART FILE AT STEP 1400000
FINISHED WRITING RESTART COORDINATES
WRITING VELOCITIES TO RESTART FILE AT STEP 1400000
FINISHED WRITING RESTART VELOCITIES
PRESSURE: 1500000 166.857 331.693 -516.428 331.697 -379.235 457.739 -516.429 457.734 140.273
GPRESSURE: 1500000 92.2628 283.062 -411.326 463.047 -523.623 -115.433 -565.412 859.269 544.143
PRESSAVG: 1500000 24.8369 19.8893 26.7303 19.8893 38.574 150.269 26.7303 150.269 -26.5843
GPRESSAVG: 1500000 83.1663 5.30311 -0.541192 -23.3795 65.7026 153.491 104.345 166.435 42.8978
ENERGY: 1500000         2.6149         4.7917         6.6844         0.0000         -10825.1644      1470.2844         0.0000         0.0000      1801.9168          -7538.8722       302.2553     -9340.7890     -7552.2517       300.7391            -24.0349        37.5943     30885.8358        12.2755        63.9222
FEP:    1500000        14.0910    -10825.1644      1470.0892

WRITING EXTENDED SYSTEM TO RESTART FILE AT STEP 1500000
WRITING COORDINATES TO DCD FILE mobley_1723043_prod.dcd AT STEP 1500000
WRITING COORDINATES TO RESTART FILE AT STEP 1500000
FINISHED WRITING RESTART COORDINATES
WRITING VELOCITIES TO RESTART FILE AT STEP 1500000
FINISHED WRITING RESTART VELOCITIES
PRESSURE: 1600000 -621.134 -61.4324 -395.503 -61.4327 -988.458 582.972 -395.504 582.969 -638.944
GPRESSURE: 1600000 -669.809 -20.8361 -281.678 -166.261 -738.426 599.008 -575.994 473.154 -407.454
PRESSAVG: 1600000 -13.1614 15.1056 1.89304 15.1056 -21.8396 175.722 1.89304 175.722 -62.6055
GPRESSAVG: 1600000 38.8736 3.76551 -17.0787 -31.7843 18.401 179.698 64.3253 184.477 16.4066
ENERGY: 1600000         8.6529         5.1157         6.1060         0.0000         -10770.5963      1401.4146         0.0000         0.0000      1746.7868          -7602.5204       293.0077     -9349.3071     -7555.2086       300.2843           -749.5121      -605.2294     31139.4138       -32.5355        24.5604
FEP:    1600000        19.8746    -10770.5963      1401.8189

WRITING EXTENDED SYSTEM TO RESTART FILE AT STEP 1600000
WRITING COORDINATES TO DCD FILE mobley_1723043_prod.dcd AT STEP 1600000
WRITING COORDINATES TO RESTART FILE AT STEP 1600000
FINISHED WRITING RESTART COORDINATES
WRITING VELOCITIES TO RESTART FILE AT STEP 1600000
FINISHED WRITING RESTART VELOCITIES
PRESSURE: 1700000 -568.296 55.1673 -154.223 55.1661 -868.281 234.708 -154.22 234.709 -1123.12
GPRESSURE: 1700000 -429.867 4.53132 -398.044 144.549 -719.587 213.207 -324.534 518.53 -1270.14
PRESSAVG: 1700000 -44.0022 17.3312 -6.77992 17.3312 -68.8641 178.999 -6.77992 178.999 -121.523
GPRESSAVG: 1700000 12.8325 3.80806 -38.2434 -21.988 -22.5984 181.56 42.722 203.036 -55.0681
ENERGY: 1700000         6.7377         3.8829         5.2761         0.0000         -10648.5496      1377.8239         0.0000         0.0000      1809.0771          -7445.7519       303.4563     -9254.8290     -7549.1277       300.4605           -853.2318      -806.5306     31365.3925       -78.1297       -21.6113
FEP:    1700000        15.8967    -10648.5496      1379.0866

WRITING EXTENDED SYSTEM TO RESTART FILE AT STEP 1700000
WRITING COORDINATES TO DCD FILE mobley_1723043_prod.dcd AT STEP 1700000
WRITING COORDINATES TO RESTART FILE AT STEP 1700000
FINISHED WRITING RESTART COORDINATES
WRITING VELOCITIES TO RESTART FILE AT STEP 1700000
FINISHED WRITING RESTART VELOCITIES
PRESSURE: 1800000 19.0418 134.39 -239.931 134.391 728.508 -531.071 -239.933 -531.067 -88.7581
GPRESSURE: 1800000 -52.1335 -15.3575 -109.661 316.407 879.134 -613.519 -390.818 -816.431 145.209
PRESSAVG: 1800000 -40.6841 23.4923 -19.0511 23.4923 -26.8972 141.627 -19.0511 141.627 -119.798
GPRESSAVG: 1800000 9.4132 2.79934 -42.0022 -4.17771 24.8612 139.714 19.9041 149.38 -44.5272
ENERGY: 1800000         2.9314         7.8043         6.7031         0.0000         -10890.5280      1482.3365         0.0000         0.0000      1803.3858          -7587.3669       302.5017     -9390.7527     -7551.1403       300.5680            219.5971       324.0699     30272.5343       -62.4599        -3.4176
FEP:    1800000        17.4389    -10890.5280      1482.4427

WRITING EXTENDED SYSTEM TO RESTART FILE AT STEP 1800000
WRITING COORDINATES TO DCD FILE mobley_1723043_prod.dcd AT STEP 1800000
WRITING COORDINATES TO RESTART FILE AT STEP 1800000
FINISHED WRITING RESTART COORDINATES
WRITING VELOCITIES TO RESTART FILE AT STEP 1800000
FINISHED WRITING RESTART VELOCITIES
PRESSURE: 1900000 -339.981 164.767 151.89 164.765 -759.78 -65.8857 151.891 -65.8816 -826.106
GPRESSURE: 1900000 -164.77 347.859 129.826 223.984 -839.506 -125.125 142.16 -142.426 -812.917
PRESSAVG: 1900000 -55.6489 30.5559 -10.504 30.5559 -63.5413 131.252 -10.504 131.252 -155.114
GPRESSAVG: 1900000 0.704043 20.0523 -33.4108 7.23037 -18.3571 126.472 26.0169 134.789 -82.9467
ENERGY: 1900000         5.2597         9.0078         6.2925         0.0000         -10852.8912      1425.6873         0.0000         0.0000      1745.5370          -7661.1069       292.7981     -9406.6440     -7556.6386       300.1795           -641.9555      -605.7308     30960.4817       -91.4347       -33.5332
FEP:    1900000        20.5599    -10852.8912      1426.0350

WRITING EXTENDED SYSTEM TO RESTART FILE AT STEP 1900000
WRITING COORDINATES TO DCD FILE mobley_1723043_prod.dcd AT STEP 1900000
WRITING COORDINATES TO RESTART FILE AT STEP 1900000
FINISHED WRITING RESTART COORDINATES
WRITING VELOCITIES TO RESTART FILE AT STEP 1900000
FINISHED WRITING RESTART VELOCITIES
PRESSURE: 2000000 -19.6959 789.223 -144.921 789.22 64.4639 -632.178 -144.921 -632.179 -169.003
GPRESSURE: 2000000 246.734 667.171 19.901 794.91 85.2288 -771.096 -303.256 -907.484 -146.476
PRESSAVG: 2000000 -106.361 80.3882 -7.07127 80.3882 -92.0664 94.6236 -7.07127 94.6236 -211.115
GPRESSAVG: 2000000 -43.2246 58.6926 -16.3092 57.9532 -54.8404 84.5279 -4.88143 81.3308 -131.761
TIMING: 2000000  CPU: 936.246, 0.000456567/step  Wall: 940.974, 0.000459412/step, 376.133 ns/days, 0.0638073 hours remaining, 0.000000 MB of memory in use.
PERFORMANCE: 2000000  averaging 367.297 ns/day, 0.000470464 sec/step with standard deviation 1.56289e-05
ETITLE:      TS           BOND          ANGLE          DIHED          IMPRP               ELECT            VDW       BOUNDARY           MISC        KINETIC               TOTAL           TEMP      POTENTIAL       TOTALAVG        TEMPAVG            PRESSURE      GPRESSURE         VOLUME       PRESSAVG      GPRESSAVG
FEPTITLE:    TS          BOND2         ELECT2           VDW2

ENERGY: 2000000         3.4378         5.7631         4.9545         0.0000         -10847.5714      1453.8521         0.0000         0.0000      1805.5106          -7574.0532       302.8581     -9379.5639     -7557.6364       300.4723            -41.4116        61.8292     30648.8037      -136.5144       -76.6087
FEP:    2000000        14.1554    -10847.5714      1454.0844

WRITING EXTENDED SYSTEM TO RESTART FILE AT STEP 2000000
WRITING COORDINATES TO DCD FILE mobley_1723043_prod.dcd AT STEP 2000000
WRITING COORDINATES TO RESTART FILE AT STEP 2000000
FINISHED WRITING RESTART COORDINATES
WRITING VELOCITIES TO RESTART FILE AT STEP 2000000
FINISHED WRITING RESTART VELOCITIES
PRESSURE: 2100000 -973.664 -279.976 52.827 -279.976 -282.767 230.941 52.8201 230.935 -852.413
GPRESSURE: 2100000 -726.542 -28.7763 -184.17 -278.755 -499.474 87.7359 305.364 206.842 -753.136
PRESSAVG: 2100000 -126.65 43.1015 -11.9191 43.1015 -105.548 114.201 -11.9191 114.201 -223.748
GPRESSAVG: 2100000 -49.3335 38.247 -30.1787 29.6746 -79.9911 100.374 12.8145 87.1589 -145.97
ENERGY: 2100000         3.3116         9.6927         5.2332         0.0000         -10718.1811      1371.8524         0.0000         0.0000      1802.3707          -7525.7205       302.3314     -9328.0912     -7556.5613       300.3336           -702.9480      -659.7173     31158.4501      -151.9821       -91.7648
FEP:    2100000        18.2375    -10718.1811      1371.3884

WRITING EXTENDED SYSTEM TO RESTART FILE AT STEP 2100000
WRITING COORDINATES TO DCD FILE mobley_1723043_prod.dcd AT STEP 2100000
WRITING COORDINATES TO RESTART FILE AT STEP 2100000
FINISHED WRITING RESTART COORDINATES
WRITING VELOCITIES TO RESTART FILE AT STEP 2100000
FINISHED WRITING RESTART VELOCITIES
PRESSURE: 2200000 320.622 -149.134 551.212 -149.136 -796.452 40.7759 551.213 40.7751 -439.077
GPRESSURE: 2200000 356.49 42.2258 420.553 -497.239 -562.319 110.676 447.305 55.0762 -570.21
PRESSAVG: 2200000 -134.451 5.29832 10.1544 5.29832 -156.395 99.5969 10.1544 99.5969 -236.437
GPRESSAVG: 2200000 -57.932 21.828 -5.3875 -8.76805 -116.924 72.7626 34.5889 105.707 -171.167
ENERGY: 2200000         1.8994         5.5863         5.2961         0.0000         -10904.7146      1447.0392         0.0000         0.0000      1811.6098          -7633.2838       303.8812     -9444.8936     -7562.9987       300.4040           -304.9688      -258.6794     30684.3207      -175.7610      -115.3410
FEP:    2200000        12.7818    -10904.7146      1447.1802

WRITING EXTENDED SYSTEM TO RESTART FILE AT STEP 2200000
WRITING COORDINATES TO DCD FILE mobley_1723043_prod.dcd AT STEP 2200000
WRITING COORDINATES TO RESTART FILE AT STEP 2200000
FINISHED WRITING RESTART COORDINATES
WRITING VELOCITIES TO RESTART FILE AT STEP 2200000
FINISHED WRITING RESTART VELOCITIES
PRESSURE: 2300000 -435.328 -45.49 -39.9953 -45.4902 49.3852 -67.018 -39.995 -67.0132 -423.688
GPRESSURE: 2300000 -563.71 -28.1661 -185.047 -130.329 99.1127 -289.442 -90.6066 -26.0561 -124.922
PRESSAVG: 2300000 -140.781 18.3739 -10.143 18.3739 -126.357 80.4477 -10.143 80.4477 -239.323
GPRESSAVG: 2300000 -76.8324 32.2611 -41.0111 -5.70997 -81.9794 36.7233 8.29828 93.0899 -161.397
ENERGY: 2300000         5.2230         3.0994         7.8339         0.0000         -10833.0700      1449.8147         0.0000         0.0000      1809.6033          -7557.4957       303.5446     -9367.0991     -7560.7626       300.5315           -269.8767      -196.5065     30886.2781      -168.8201      -106.7364
FEP:    2300000        16.1562    -10833.0700      1450.0748

WRITING EXTENDED SYSTEM TO RESTART FILE AT STEP 2300000
WRITING COORDINATES TO DCD FILE mobley_1723043_prod.dcd AT STEP 2300000
WRITING COORDINATES TO RESTART FILE AT STEP 2300000
FINISHED WRITING RESTART COORDINATES
WRITING VELOCITIES TO RESTART FILE AT STEP 2300000
FINISHED WRITING RESTART VELOCITIES
PRESSURE: 2400000 581.661 119.601 -341.809 119.598 611.334 407.108 -341.809 407.111 -305.759
GPRESSURE: 2400000 436.344 234.992 -42.6196 85.496 832.322 607.095 -479.604 144.391 -316.917
PRESSAVG: 2400000 -120.376 54.8898 -63.597 54.8898 -153.151 62.4702 -63.597 62.4702 -296.328
GPRESSAVG: 2400000 -67.6656 88.8072 -82.5722 20.5432 -93.3571 30.3071 -52.9364 43.7128 -223.058
ENERGY: 2400000         2.6627         7.7569         4.9308         0.0000         -10909.7862      1486.0083         0.0000         0.0000      1814.1720          -7594.2555       304.3110     -9408.4275     -7559.0327       300.7203            295.7454       317.2493     30447.2250      -189.9517      -128.0270
FEP:    2400000        15.3504    -10909.7862      1485.8404

WRITING EXTENDED SYSTEM TO RESTART FILE AT STEP 2400000
WRITING COORDINATES TO DCD FILE mobley_1723043_prod.dcd AT STEP 2400000
WRITING COORDINATES TO RESTART FILE AT STEP 2400000
FINISHED WRITING RESTART COORDINATES
WRITING VELOCITIES TO RESTART FILE AT STEP 2400000
FINISHED WRITING RESTART VELOCITIES
PRESSURE: 2500000 -1070.35 -293.284 477.762 -293.282 -697.074 -32.4253 477.762 -32.4233 130.666
GPRESSURE: 2500000 -952.61 -209.361 287.591 -215.022 -542.18 -357.282 578.535 288.075 -6.96463
PRESSAVG: 2500000 -186.073 54.6955 -43.9531 54.6955 -194.058 54.3601 -43.9531 54.3601 -321.039
GPRESSAVG: 2500000 -127.594 91.5978 -68.9819 22.7591 -127.585 -9.27435 -33.2748 62.6038 -256.592
ENERGY: 2500000         5.8094         6.9003         6.6834         0.0000         -10734.4886      1389.8216         0.0000         0.0000      1747.3611          -7577.9127       293.1040     -9325.2738     -7561.0604       300.4915           -545.5858      -500.5849     30550.8340      -233.7234      -170.5903
FEP:    2500000        19.3931    -10734.4886      1390.0519

WRITING EXTENDED SYSTEM TO RESTART FILE AT STEP 2500000
WRITING COORDINATES TO DCD FILE mobley_1723043_prod.dcd AT STEP 2500000
WRITING COORDINATES TO RESTART FILE AT STEP 2500000
FINISHED WRITING RESTART COORDINATES
WRITING VELOCITIES TO RESTART FILE AT STEP 2500000
FINISHED WRITING RESTART VELOCITIES
TCL: Exiting due to exit command.
WRITING EXTENDED SYSTEM TO OUTPUT FILE AT STEP 2500000
CLOSING EXTENDED SYSTEM TRAJECTORY FILE
WRITING COORDINATES TO OUTPUT FILE AT STEP 2500000
CLOSING COORDINATE DCD FILE mobley_1723043_prod.dcd
WRITING VELOCITIES TO OUTPUT FILE AT STEP 2500000
====================================================

WallClock: 1169.988770  CPUTime: 1161.095703  Memory: 0.000000 MB
[Partition 0][Node 0] End of program
