#========================================================================================
#                     Free energy perturbation    
#----------------------------------------------------------------------------------------
#forward/backward          λ              ΔΔA                 ΔA                  δε   
#                                                 
#----------------------------------------------------------------------------------------
forward:               0.0000              0.0000              0.0000              0.0000  
forward:               0.0500              1.2901              1.2901              0.0069  
forward:               0.1000              0.6006              1.8907              0.0141  
forward:               0.1500              0.2501              2.1408              0.0164  
forward:               0.2000              0.0556              2.1964              0.0174  
forward:               0.2500             -0.0246              2.1718              0.0180  
forward:               0.3000             -0.0968              2.0750              0.0187  
forward:               0.3500             -0.1415              1.9335              0.0192  
forward:               0.4000             -0.1816              1.7518              0.0196  
forward:               0.4500             -0.2011              1.5507              0.0199  
forward:               0.5000             -0.2253              1.3254              0.0204  
forward:               0.5500             -0.7025              0.6229              0.0226  
forward:               0.6000             -1.3729             -0.7500              0.0243  
forward:               0.6500             -1.9877             -2.7377              0.0267  
forward:               0.7000             -2.4727             -5.2104              0.0285  
forward:               0.7500             -2.7581             -7.9686              0.0303  
forward:               0.8000             -2.8466            -10.8152              0.0312  
forward:               0.8500             -2.7673            -13.5825              0.0321  
forward:               0.9000             -2.6540            -16.2365              0.0326  
forward:               0.9500             -2.5046            -18.7411              0.0331  
forward:               1.0000             -2.3729            -21.1140              0.0337  
backward:              1.0000              0.0000            -21.1140              0.0000  
backward:              0.9500              2.3686            -18.7454              0.0097  
backward:              0.9000              2.4904            -16.2550              0.0165  
backward:              0.8500              2.6360            -13.6190              0.0186  
backward:              0.8000              2.7755            -10.8435              0.0206  
backward:              0.7500              2.8333             -8.0102              0.0228  
backward:              0.7000              2.7654             -5.2447              0.0247  
backward:              0.6500              2.4602             -2.7845              0.0266  
backward:              0.6000              1.9980             -0.7866              0.0282  
backward:              0.5500              1.3673              0.5807              0.0298  
backward:              0.5000              0.7065              1.2873              0.0309  
backward:              0.4500              0.2271              1.5144              0.0311  
backward:              0.4000              0.2105              1.7249              0.0315  
backward:              0.3500              0.1682              1.8931              0.0319  
backward:              0.3000              0.1416              2.0348              0.0321  
backward:              0.2500              0.0971              2.1318              0.0331  
backward:              0.2000              0.0316              2.1634              0.0339  
backward:              0.1500             -0.0667              2.0967              0.0351  
backward:              0.1000             -0.2170              1.8797              0.0360  
backward:              0.0500             -0.6140              1.2657              0.0431  
backward:              0.0000             -1.3348             -0.0691              0.0575  
Inaccuracy estimation
======================================================================================================
                   i        i+δi          P0_overlap_P1   δε(forward)/ε   δε(backward)/ε
======================================================================================================
inaccuracy:  0.00000        0.05000           37.78           -0.05            1.51
inaccuracy:  0.05000        0.10000           50.18           -0.02            0.83
inaccuracy:  0.10000        0.15000           61.00           -0.01            0.42
inaccuracy:  0.15000        0.20000           68.72           -0.01            0.21
inaccuracy:  0.20000        0.25000           70.60           -0.01            0.15
inaccuracy:  0.25000        0.30000           73.96           -0.01            0.11
inaccuracy:  0.30000        0.35000           74.94           -0.02            0.10
inaccuracy:  0.35000        0.40000           76.99           -0.01            0.08
inaccuracy:  0.40000        0.45000           75.72           -0.02            0.08
inaccuracy:  0.45000        0.50000           76.75           -0.02            0.07
inaccuracy:  0.50000        0.55000           54.07           -0.28            0.19
inaccuracy:  0.55000        0.60000           55.00           -0.45            0.04
inaccuracy:  0.60000        0.65000           52.69           -0.47           -0.06
inaccuracy:  0.65000        0.70000           54.27           -0.48           -0.11
inaccuracy:  0.70000        0.75000           55.08           -0.51           -0.16
inaccuracy:  0.75000        0.80000           56.84           -0.44           -0.17
inaccuracy:  0.80000        0.85000           54.41           -0.42           -0.15
inaccuracy:  0.85000        0.90000           54.19           -0.43           -0.13
inaccuracy:  0.90000        0.95000           52.36           -0.42           -0.09
inaccuracy:  0.95000        1.00000           51.07           -0.42           -0.06
===================================================================================================================================
                BAR        
-----------------------------------------------------------------------------------------------------------------------------------
BAR-estimator:         λ             λ+δλ          ΔΔA             ΔA            C               Δδe            δe       
                          
-----------------------------------------------------------------------------------------------------------------------------------
BAR-estimator:      0.00000        0.05000        1.3077         1.3077         1.3077         0.0087         0.0087 
BAR-estimator:      0.05000        0.10000        0.5998         1.9075         0.5998         0.0079         0.0117 
BAR-estimator:      0.10000        0.15000        0.2457         2.1532         0.2457         0.0058         0.0131 
BAR-estimator:      0.15000        0.20000        0.0583         2.2116         0.0583         0.0040         0.0137 
BAR-estimator:      0.20000        0.25000       -0.0295         2.1820        -0.0295         0.0036         0.0141 
BAR-estimator:      0.25000        0.30000       -0.0973         2.0848        -0.0973         0.0032         0.0145 
BAR-estimator:      0.30000        0.35000       -0.1413         1.9435        -0.1413         0.0032         0.0148 
BAR-estimator:      0.35000        0.40000       -0.1775         1.7659        -0.1775         0.0030         0.0151 
BAR-estimator:      0.40000        0.45000       -0.2037         1.5623        -0.2037         0.0026         0.0154 
BAR-estimator:      0.45000        0.50000       -0.2263         1.3360        -0.2263         0.0024         0.0155 
BAR-estimator:      0.50000        0.55000       -0.6988         0.6372        -0.6988         0.0048         0.0163 
BAR-estimator:      0.55000        0.60000       -1.3727        -0.7356        -1.3727         0.0044         0.0169 
BAR-estimator:      0.60000        0.65000       -1.9887        -2.7242        -1.9887         0.0056         0.0178 
BAR-estimator:      0.65000        0.70000       -2.4695        -5.1937        -2.4695         0.0050         0.0185 
BAR-estimator:      0.70000        0.75000       -2.7618        -7.9555        -2.7618         0.0041         0.0189 
BAR-estimator:      0.75000        0.80000       -2.8352       -10.7907        -2.8352         0.0048         0.0195 
BAR-estimator:      0.80000        0.85000       -2.7661       -13.5568        -2.7661         0.0047         0.0201 
BAR-estimator:      0.85000        0.90000       -2.6412       -16.1980        -2.6412         0.0042         0.0205 
BAR-estimator:      0.90000        0.95000       -2.4951       -18.6931        -2.4951         0.0049         0.0211 
BAR-estimator:      0.95000        1.00000       -2.3656       -21.0587        -2.3656         0.0053         0.0217 
BAR-estimator: total free energy change is -21.058657990995023 , total error is 0.021730649800864813
