#========================================================================================
#                     Free energy perturbation    
#----------------------------------------------------------------------------------------
#forward/backward          λ              ΔΔA                 ΔA                  δε   
#                                                 
#----------------------------------------------------------------------------------------
forward:               0.0000              0.0000              0.0000              0.0000  
forward:               0.0500              0.7843              0.7843              0.0150  
forward:               0.1000              0.4832              1.2674              0.0183  
forward:               0.1500              0.3168              1.5843              0.0200  
forward:               0.2000              0.1959              1.7802              0.0215  
forward:               0.2500              0.1301              1.9103              0.0222  
forward:               0.3000              0.0994              2.0097              0.0229  
forward:               0.3500              0.0671              2.0768              0.0232  
forward:               0.4000              0.0437              2.1205              0.0239  
forward:               0.4500              0.0256              2.1461              0.0242  
forward:               0.5000              0.0101              2.1562              0.0246  
forward:               0.5500             -0.0288              2.1274              0.0251  
forward:               0.6000             -0.1803              1.9471              0.0260  
forward:               0.6500             -0.3508              1.5963              0.0272  
forward:               0.7000             -0.5407              1.0556              0.0290  
forward:               0.7500             -0.6516              0.4040              0.0298  
forward:               0.8000             -0.6743             -0.2703              0.0303  
forward:               0.8500             -0.6468             -0.9171              0.0305  
forward:               0.9000             -0.6088             -1.5260              0.0307  
forward:               0.9500             -0.5678             -2.0937              0.0309  
forward:               1.0000             -0.5248             -2.6185              0.0312  
backward:              1.0000              0.0000             -2.6185              0.0000  
backward:              0.9500              0.5177             -2.1009              0.0127  
backward:              0.9000              0.5687             -1.5321              0.0134  
backward:              0.8500              0.6101             -0.9221              0.0144  
backward:              0.8000              0.6392             -0.2829              0.0155  
backward:              0.7500              0.6701              0.3873              0.0164  
backward:              0.7000              0.6480              1.0352              0.0180  
backward:              0.6500              0.5328              1.5681              0.0205  
backward:              0.6000              0.3473              1.9154              0.0219  
backward:              0.5500              0.1762              2.0916              0.0228  
backward:              0.5000              0.0340              2.1256              0.0234  
backward:              0.4500             -0.0076              2.1180              0.0238  
backward:              0.4000             -0.0227              2.0953              0.0243  
backward:              0.3500             -0.0385              2.0568              0.0247  
backward:              0.3000             -0.0526              2.0042              0.0251  
backward:              0.2500             -0.0868              1.9174              0.0260  
backward:              0.2000             -0.1420              1.7754              0.0271  
backward:              0.1500             -0.2004              1.5750              0.0290  
backward:              0.1000             -0.3227              1.2523              0.0311  
backward:              0.0500             -0.4879              0.7644              0.0343  
backward:              0.0000             -0.7369              0.0275              0.0381  
Inaccuracy estimation
======================================================================================================
                   i        i+δi          P0_overlap_P1   δε(forward)/ε   δε(backward)/ε
======================================================================================================
inaccuracy:  0.00000        0.05000           52.19           -0.02            0.71
inaccuracy:  0.05000        0.10000           60.97           -0.01            0.46
inaccuracy:  0.10000        0.15000           66.69           -0.01            0.28
inaccuracy:  0.15000        0.20000           70.65           -0.01            0.19
inaccuracy:  0.20000        0.25000           74.50           -0.00            0.14
inaccuracy:  0.25000        0.30000           73.69           -0.01            0.12
inaccuracy:  0.30000        0.35000           74.96           -0.01            0.12
inaccuracy:  0.35000        0.40000           75.98           -0.01            0.09
inaccuracy:  0.40000        0.45000           76.64           -0.01            0.09
inaccuracy:  0.45000        0.50000           76.86           -0.01            0.09
inaccuracy:  0.50000        0.55000           72.57           -0.06            0.11
inaccuracy:  0.55000        0.60000           71.65           -0.08            0.09
inaccuracy:  0.60000        0.65000           68.59           -0.09            0.08
inaccuracy:  0.65000        0.70000           68.26           -0.07            0.07
inaccuracy:  0.70000        0.75000           70.85           -0.05            0.06
inaccuracy:  0.75000        0.80000           71.97           -0.04            0.05
inaccuracy:  0.80000        0.85000           73.07           -0.04            0.06
inaccuracy:  0.85000        0.90000           71.98           -0.05            0.07
inaccuracy:  0.90000        0.95000           71.44           -0.04            0.07
inaccuracy:  0.95000        1.00000           70.20           -0.04            0.09
===================================================================================================================================
                BAR        
-----------------------------------------------------------------------------------------------------------------------------------
BAR-estimator:         λ             λ+δλ          ΔΔA             ΔA            C               Δδe            δe       
                          
-----------------------------------------------------------------------------------------------------------------------------------
BAR-estimator:      0.00000        0.05000        0.7788         0.7788         0.7788         0.0092         0.0092 
BAR-estimator:      0.05000        0.10000        0.4865         1.2652         0.4865         0.0069         0.0115 
BAR-estimator:      0.10000        0.15000        0.3147         1.5799         0.3147         0.0054         0.0127 
BAR-estimator:      0.15000        0.20000        0.1976         1.7774         0.1976         0.0052         0.0137 
BAR-estimator:      0.20000        0.25000        0.1359         1.9133         0.1359         0.0037         0.0142 
BAR-estimator:      0.25000        0.30000        0.0949         2.0082         0.0949         0.0040         0.0148 
BAR-estimator:      0.30000        0.35000        0.0647         2.0729         0.0647         0.0050         0.0156 
BAR-estimator:      0.35000        0.40000        0.0418         2.1147         0.0418         0.0040         0.0161 
BAR-estimator:      0.40000        0.45000        0.0244         2.1391         0.0244         0.0031         0.0164 
BAR-estimator:      0.45000        0.50000        0.0101         2.1492         0.0101         0.0031         0.0167 
BAR-estimator:      0.50000        0.55000       -0.0315         2.1177        -0.0315         0.0034         0.0170 
BAR-estimator:      0.55000        0.60000       -0.1796         1.9381        -0.1796         0.0038         0.0174 
BAR-estimator:      0.60000        0.65000       -0.3499         1.5882        -0.3499         0.0044         0.0180 
BAR-estimator:      0.65000        0.70000       -0.5376         1.0506        -0.5376         0.0057         0.0188 
BAR-estimator:      0.70000        0.75000       -0.6484         0.4022        -0.6484         0.0047         0.0194 
BAR-estimator:      0.75000        0.80000       -0.6710        -0.2688        -0.6710         0.0038         0.0198 
BAR-estimator:      0.80000        0.85000       -0.6474        -0.9162        -0.6474         0.0032         0.0201 
BAR-estimator:      0.85000        0.90000       -0.6077        -1.5239        -0.6077         0.0032         0.0203 
BAR-estimator:      0.90000        0.95000       -0.5662        -2.0901        -0.5662         0.0033         0.0206 
BAR-estimator:      0.95000        1.00000       -0.5277        -2.6178        -0.5277         0.0037         0.0209 
BAR-estimator: total free energy change is -2.617805970217112 , total error is 0.020909092092072565
