#========================================================================================
#                     Free energy perturbation    
#----------------------------------------------------------------------------------------
#forward/backward          λ              ΔΔA                 ΔA                  δε   
#                                                 
#----------------------------------------------------------------------------------------
forward:               0.0000              0.0000              0.0000              0.0000  
forward:               0.0500              0.7905              0.7905              0.0105  
forward:               0.1000              0.4954              1.2858              0.0132  
forward:               0.1500              0.3283              1.6141              0.0150  
forward:               0.2000              0.2152              1.8293              0.0159  
forward:               0.2500              0.1454              1.9747              0.0167  
forward:               0.3000              0.1068              2.0815              0.0173  
forward:               0.3500              0.0726              2.1541              0.0178  
forward:               0.4000              0.0456              2.1998              0.0183  
forward:               0.4500              0.0296              2.2293              0.0186  
forward:               0.5000              0.0257              2.2550              0.0189  
forward:               0.5500             -0.0212              2.2339              0.0195  
forward:               0.6000             -0.1633              2.0705              0.0203  
forward:               0.6500             -0.3297              1.7408              0.0214  
forward:               0.7000             -0.4987              1.2421              0.0224  
forward:               0.7500             -0.6145              0.6276              0.0231  
forward:               0.8000             -0.6405             -0.0129              0.0234  
forward:               0.8500             -0.6216             -0.6345              0.0237  
forward:               0.9000             -0.5865             -1.2210              0.0240  
forward:               0.9500             -0.5481             -1.7691              0.0242  
forward:               1.0000             -0.5075             -2.2766              0.0244  
backward:              1.0000              0.0000             -2.2766              0.0000  
backward:              0.9500              0.5054             -1.7713              0.0045  
backward:              0.9000              0.5438             -1.2275              0.0077  
backward:              0.8500              0.5799             -0.6476              0.0088  
backward:              0.8000              0.6207             -0.0269              0.0102  
backward:              0.7500              0.6463              0.6193              0.0115  
backward:              0.7000              0.6118              1.2311              0.0130  
backward:              0.6500              0.5095              1.7406              0.0151  
backward:              0.6000              0.3056              2.0462              0.0165  
backward:              0.5500              0.1490              2.1952              0.0173  
backward:              0.5000              0.0322              2.2273              0.0179  
backward:              0.4500             -0.0189              2.2084              0.0185  
backward:              0.4000             -0.0424              2.1660              0.0192  
backward:              0.3500             -0.0508              2.1153              0.0199  
backward:              0.3000             -0.0664              2.0489              0.0204  
backward:              0.2500             -0.1025              1.9464              0.0212  
backward:              0.2000             -0.1525              1.7939              0.0222  
backward:              0.1500             -0.2099              1.5840              0.0233  
backward:              0.1000             -0.3005              1.2835              0.0247  
backward:              0.0500             -0.5013              0.7822              0.0288  
backward:              0.0000             -0.8098             -0.0277              0.0330  
Inaccuracy estimation
======================================================================================================
                   i        i+δi          P0_overlap_P1   δε(forward)/ε   δε(backward)/ε
======================================================================================================
inaccuracy:  0.00000        0.05000           53.26           -0.02            0.69
inaccuracy:  0.05000        0.10000           61.41           -0.01            0.45
inaccuracy:  0.10000        0.15000           65.29           -0.01            0.28
inaccuracy:  0.15000        0.20000           70.86           -0.01            0.20
inaccuracy:  0.20000        0.25000           73.90           -0.00            0.14
inaccuracy:  0.25000        0.30000           74.26           -0.01            0.13
inaccuracy:  0.30000        0.35000           75.20           -0.01            0.11
inaccuracy:  0.35000        0.40000           76.36           -0.01            0.10
inaccuracy:  0.40000        0.45000           77.68           -0.01            0.09
inaccuracy:  0.45000        0.50000           76.42           -0.01            0.09
inaccuracy:  0.50000        0.55000           72.14           -0.05            0.10
inaccuracy:  0.55000        0.60000           72.35           -0.06            0.09
inaccuracy:  0.60000        0.65000           70.13           -0.07            0.08
inaccuracy:  0.65000        0.70000           66.59           -0.08            0.07
inaccuracy:  0.70000        0.75000           69.85           -0.06            0.06
inaccuracy:  0.75000        0.80000           70.96           -0.04            0.06
inaccuracy:  0.80000        0.85000           72.18           -0.05            0.06
inaccuracy:  0.85000        0.90000           72.65           -0.04            0.07
inaccuracy:  0.90000        0.95000           71.48           -0.04            0.07
inaccuracy:  0.95000        1.00000           70.93           -0.04            0.08
===================================================================================================================================
                BAR        
-----------------------------------------------------------------------------------------------------------------------------------
BAR-estimator:         λ             λ+δλ          ΔΔA             ΔA            C               Δδe            δe       
                          
-----------------------------------------------------------------------------------------------------------------------------------
BAR-estimator:      0.00000        0.05000        0.8040         0.8040         0.8040         0.0059         0.0059 
BAR-estimator:      0.05000        0.10000        0.5034         1.3074         0.5034         0.0053         0.0079 
BAR-estimator:      0.10000        0.15000        0.3180         1.6253         0.3180         0.0046         0.0092 
BAR-estimator:      0.15000        0.20000        0.2152         1.8405         0.2152         0.0037         0.0099 
BAR-estimator:      0.20000        0.25000        0.1474         1.9879         0.1474         0.0035         0.0105 
BAR-estimator:      0.25000        0.30000        0.1057         2.0936         0.1057         0.0039         0.0112 
BAR-estimator:      0.30000        0.35000        0.0714         2.1650         0.0714         0.0034         0.0117 
BAR-estimator:      0.35000        0.40000        0.0460         2.2111         0.0460         0.0032         0.0121 
BAR-estimator:      0.40000        0.45000        0.0321         2.2432         0.0321         0.0028         0.0124 
BAR-estimator:      0.45000        0.50000        0.0234         2.2666         0.0234         0.0027         0.0127 
BAR-estimator:      0.50000        0.55000       -0.0250         2.2416        -0.0250         0.0032         0.0131 
BAR-estimator:      0.55000        0.60000       -0.1530         2.0886        -0.1530         0.0031         0.0135 
BAR-estimator:      0.60000        0.65000       -0.3191         1.7694        -0.3191         0.0038         0.0140 
BAR-estimator:      0.65000        0.70000       -0.5066         1.2628        -0.5066         0.0041         0.0146 
BAR-estimator:      0.70000        0.75000       -0.6142         0.6487        -0.6142         0.0038         0.0151 
BAR-estimator:      0.75000        0.80000       -0.6416         0.0071        -0.6416         0.0029         0.0154 
BAR-estimator:      0.80000        0.85000       -0.6221        -0.6150        -0.6221         0.0031         0.0157 
BAR-estimator:      0.85000        0.90000       -0.5831        -1.1981        -0.5831         0.0031         0.0160 
BAR-estimator:      0.90000        0.95000       -0.5482        -1.7463        -0.5482         0.0036         0.0164 
BAR-estimator:      0.95000        1.00000       -0.5061        -2.2524        -0.5061         0.0027         0.0166 
BAR-estimator: total free energy change is -2.2523823083278853 , total error is 0.016609675352231935
