#========================================================================================
#                     Free energy perturbation    
#----------------------------------------------------------------------------------------
#forward/backward          λ              ΔΔA                 ΔA                  δε   
#                                                 
#----------------------------------------------------------------------------------------
forward:               0.0000              0.0000              0.0000              0.0000  
forward:               0.0500              1.3847              1.3847              0.0225  
forward:               0.1000              0.7186              2.1033              0.0281  
forward:               0.1500              0.3388              2.4421              0.0301  
forward:               0.2000              0.1647              2.6068              0.0319  
forward:               0.2500              0.0720              2.6787              0.0324  
forward:               0.3000              0.0222              2.7009              0.0329  
forward:               0.3500              0.0023              2.7032              0.0333  
forward:               0.4000             -0.0267              2.6765              0.0337  
forward:               0.4500             -0.0484              2.6280              0.0340  
forward:               0.5000             -0.0681              2.5599              0.0342  
forward:               0.5500             -0.0778              2.4821              0.0347  
forward:               0.6000             -0.0858              2.3962              0.0349  
forward:               0.6500             -0.0983              2.2979              0.0351  
forward:               0.7000             -0.1029              2.1950              0.0353  
forward:               0.7500             -0.1142              2.0808              0.0355  
forward:               0.8000             -0.1147              1.9661              0.0357  
forward:               0.8500             -0.1131              1.8530              0.0359  
forward:               0.9000             -0.1288              1.7242              0.0361  
forward:               0.9500             -0.1248              1.5995              0.0362  
forward:               1.0000             -0.1266              1.4729              0.0364  
backward:              1.0000              0.0000              1.4729              0.0000  
backward:              0.9500              0.1303              1.6032              0.0043  
backward:              0.9000              0.1297              1.7329              0.0058  
backward:              0.8500              0.1270              1.8598              0.0071  
backward:              0.8000              0.1197              1.9795              0.0083  
backward:              0.7500              0.1127              2.0922              0.0096  
backward:              0.7000              0.1050              2.1972              0.0105  
backward:              0.6500              0.1046              2.3018              0.0115  
backward:              0.6000              0.0939              2.3957              0.0125  
backward:              0.5500              0.0874              2.4831              0.0135  
backward:              0.5000              0.0728              2.5559              0.0144  
backward:              0.4500              0.0628              2.6187              0.0157  
backward:              0.4000              0.0406              2.6594              0.0172  
backward:              0.3500              0.0222              2.6815              0.0182  
backward:              0.3000              0.0016              2.6831              0.0192  
backward:              0.2500             -0.0334              2.6497              0.0207  
backward:              0.2000             -0.0780              2.5717              0.0221  
backward:              0.1500             -0.1946              2.3771              0.0251  
backward:              0.1000             -0.3162              2.0609              0.0284  
backward:              0.0500             -0.7193              1.3416              0.0385  
backward:              0.0000             -1.3754             -0.0338              0.0505  
Inaccuracy estimation
======================================================================================================
                   i        i+δi          P0_overlap_P1   δε(forward)/ε   δε(backward)/ε
======================================================================================================
inaccuracy:  0.00000        0.05000           40.03           -0.05            1.31
inaccuracy:  0.05000        0.10000           47.67           -0.03            0.92
inaccuracy:  0.10000        0.15000           59.39           -0.01            0.43
inaccuracy:  0.15000        0.20000           68.08           -0.01            0.23
inaccuracy:  0.20000        0.25000           70.87           -0.01            0.18
inaccuracy:  0.25000        0.30000           72.99           -0.01            0.14
inaccuracy:  0.30000        0.35000           71.87           -0.01            0.13
inaccuracy:  0.35000        0.40000           73.83           -0.01            0.11
inaccuracy:  0.40000        0.45000           74.60           -0.01            0.11
inaccuracy:  0.45000        0.50000           74.52           -0.01            0.10
inaccuracy:  0.50000        0.55000           76.23           -0.01            0.10
inaccuracy:  0.55000        0.60000           74.50           -0.01            0.09
inaccuracy:  0.60000        0.65000           75.70           -0.01            0.09
inaccuracy:  0.65000        0.70000           75.04           -0.02            0.09
inaccuracy:  0.70000        0.75000           75.88           -0.02            0.09
inaccuracy:  0.75000        0.80000           75.49           -0.01            0.09
inaccuracy:  0.80000        0.85000           74.63           -0.02            0.09
inaccuracy:  0.85000        0.90000           75.29           -0.02            0.09
inaccuracy:  0.90000        0.95000           74.34           -0.02            0.09
inaccuracy:  0.95000        1.00000           73.63           -0.02            0.09
===================================================================================================================================
                BAR        
-----------------------------------------------------------------------------------------------------------------------------------
BAR-estimator:         λ             λ+δλ          ΔΔA             ΔA            C               Δδe            δe       
                          
-----------------------------------------------------------------------------------------------------------------------------------
BAR-estimator:      0.00000        0.05000        1.3733         1.3733         1.3733         0.0106         0.0106 
BAR-estimator:      0.05000        0.10000        0.7167         2.0899         0.7167         0.0105         0.0149 
BAR-estimator:      0.10000        0.15000        0.3320         2.4219         0.3320         0.0067         0.0164 
BAR-estimator:      0.15000        0.20000        0.1746         2.5965         0.1746         0.0069         0.0178 
BAR-estimator:      0.20000        0.25000        0.0761         2.6726         0.0761         0.0041         0.0183 
BAR-estimator:      0.25000        0.30000        0.0253         2.6979         0.0253         0.0037         0.0186 
BAR-estimator:      0.30000        0.35000       -0.0016         2.6963        -0.0016         0.0037         0.0190 
BAR-estimator:      0.35000        0.40000       -0.0275         2.6688        -0.0275         0.0034         0.0193 
BAR-estimator:      0.40000        0.45000       -0.0472         2.6215        -0.0472         0.0033         0.0196 
BAR-estimator:      0.45000        0.50000       -0.0677         2.5539        -0.0677         0.0029         0.0198 
BAR-estimator:      0.50000        0.55000       -0.0718         2.4821        -0.0718         0.0031         0.0200 
BAR-estimator:      0.55000        0.60000       -0.0873         2.3948        -0.0873         0.0030         0.0203 
BAR-estimator:      0.60000        0.65000       -0.0962         2.2986        -0.0962         0.0030         0.0205 
BAR-estimator:      0.65000        0.70000       -0.1025         2.1961        -0.1025         0.0028         0.0207 
BAR-estimator:      0.70000        0.75000       -0.1099         2.0862        -0.1099         0.0030         0.0209 
BAR-estimator:      0.75000        0.80000       -0.1134         1.9728        -0.1134         0.0030         0.0211 
BAR-estimator:      0.80000        0.85000       -0.1139         1.8590        -0.1139         0.0032         0.0213 
BAR-estimator:      0.85000        0.90000       -0.1269         1.7320        -0.1269         0.0036         0.0216 
BAR-estimator:      0.90000        0.95000       -0.1261         1.6060        -0.1261         0.0031         0.0219 
BAR-estimator:      0.95000        1.00000       -0.1278         1.4782        -0.1278         0.0033         0.0221 
BAR-estimator: total free energy change is 1.478190594498705 , total error is 0.022110115517284132
