#========================================================================================
#                     Free energy perturbation    
#----------------------------------------------------------------------------------------
#forward/backward          λ              ΔΔA                 ΔA                  δε   
#                                                 
#----------------------------------------------------------------------------------------
forward:               0.0000              0.0000              0.0000              0.0000  
forward:               0.0500              1.3735              1.3735              0.0166  
forward:               0.1000              0.7259              2.0995              0.0220  
forward:               0.1500              0.3183              2.4178              0.0236  
forward:               0.2000              0.1826              2.6004              0.0250  
forward:               0.2500              0.0801              2.6805              0.0256  
forward:               0.3000              0.0376              2.7181              0.0261  
forward:               0.3500             -0.0003              2.7178              0.0264  
forward:               0.4000             -0.0226              2.6952              0.0268  
forward:               0.4500             -0.0497              2.6455              0.0271  
forward:               0.5000             -0.0625              2.5830              0.0274  
forward:               0.5500             -0.0696              2.5134              0.0277  
forward:               0.6000             -0.0824              2.4309              0.0280  
forward:               0.6500             -0.0965              2.3345              0.0282  
forward:               0.7000             -0.0995              2.2350              0.0284  
forward:               0.7500             -0.1039              2.1311              0.0286  
forward:               0.8000             -0.1130              2.0181              0.0288  
forward:               0.8500             -0.1195              1.8986              0.0290  
forward:               0.9000             -0.1160              1.7826              0.0292  
forward:               0.9500             -0.1239              1.6586              0.0294  
forward:               1.0000             -0.1302              1.5285              0.0295  
backward:              1.0000              0.0000              1.5285              0.0000  
backward:              0.9500              0.1331              1.6616              0.0039  
backward:              0.9000              0.1274              1.7890              0.0056  
backward:              0.8500              0.1175              1.9066              0.0072  
backward:              0.8000              0.1142              2.0208              0.0081  
backward:              0.7500              0.1132              2.1340              0.0091  
backward:              0.7000              0.1047              2.2386              0.0101  
backward:              0.6500              0.0949              2.3335              0.0113  
backward:              0.6000              0.0860              2.4195              0.0122  
backward:              0.5500              0.0829              2.5024              0.0129  
backward:              0.5000              0.0648              2.5672              0.0138  
backward:              0.4500              0.0628              2.6300              0.0147  
backward:              0.4000              0.0458              2.6758              0.0155  
backward:              0.3500              0.0294              2.7052              0.0164  
backward:              0.3000              0.0055              2.7108              0.0175  
backward:              0.2500             -0.0466              2.6642              0.0188  
backward:              0.2000             -0.0841              2.5802              0.0193  
backward:              0.1500             -0.1908              2.3893              0.0282  
backward:              0.1000             -0.3239              2.0655              0.0310  
backward:              0.0500             -0.8160              1.2495              0.0735  
backward:              0.0000             -1.4332             -0.1837              0.0988  
Inaccuracy estimation
======================================================================================================
                   i        i+δi          P0_overlap_P1   δε(forward)/ε   δε(backward)/ε
======================================================================================================
inaccuracy:  0.00000        0.05000           40.53           -0.05            1.26
inaccuracy:  0.05000        0.10000           48.37           -0.03            0.90
inaccuracy:  0.10000        0.15000           61.92           -0.01            0.41
inaccuracy:  0.15000        0.20000           65.38           -0.01            0.25
inaccuracy:  0.20000        0.25000           70.53           -0.01            0.18
inaccuracy:  0.25000        0.30000           71.94           -0.01            0.15
inaccuracy:  0.30000        0.35000           72.36           -0.01            0.13
inaccuracy:  0.35000        0.40000           73.43           -0.01            0.13
inaccuracy:  0.40000        0.45000           74.76           -0.01            0.11
inaccuracy:  0.45000        0.50000           73.94           -0.02            0.09
inaccuracy:  0.50000        0.55000           75.24           -0.02            0.10
inaccuracy:  0.55000        0.60000           74.87           -0.01            0.09
inaccuracy:  0.60000        0.65000           76.39           -0.02            0.09
inaccuracy:  0.65000        0.70000           75.30           -0.02            0.09
inaccuracy:  0.70000        0.75000           74.78           -0.02            0.09
inaccuracy:  0.75000        0.80000           74.89           -0.01            0.09
inaccuracy:  0.80000        0.85000           75.63           -0.01            0.09
inaccuracy:  0.85000        0.90000           74.50           -0.02            0.09
inaccuracy:  0.90000        0.95000           74.52           -0.01            0.09
inaccuracy:  0.95000        1.00000           74.35           -0.02            0.09
===================================================================================================================================
                BAR        
-----------------------------------------------------------------------------------------------------------------------------------
BAR-estimator:         λ             λ+δλ          ΔΔA             ΔA            C               Δδe            δe       
                          
-----------------------------------------------------------------------------------------------------------------------------------
BAR-estimator:      0.00000        0.05000        1.3562         1.3562         1.3562         0.0083         0.0083 
BAR-estimator:      0.05000        0.10000        0.7250         2.0812         0.7250         0.0089         0.0121 
BAR-estimator:      0.10000        0.15000        0.3229         2.4041         0.3229         0.0057         0.0134 
BAR-estimator:      0.15000        0.20000        0.1754         2.5795         0.1754         0.0046         0.0142 
BAR-estimator:      0.20000        0.25000        0.0831         2.6626         0.0831         0.0039         0.0147 
BAR-estimator:      0.25000        0.30000        0.0394         2.7020         0.0394         0.0035         0.0151 
BAR-estimator:      0.30000        0.35000       -0.0025         2.6995        -0.0025         0.0032         0.0155 
BAR-estimator:      0.35000        0.40000       -0.0224         2.6771        -0.0224         0.0032         0.0158 
BAR-estimator:      0.40000        0.45000       -0.0466         2.6305        -0.0466         0.0028         0.0160 
BAR-estimator:      0.45000        0.50000       -0.0657         2.5649        -0.0657         0.0028         0.0163 
BAR-estimator:      0.50000        0.55000       -0.0673         2.4976        -0.0673         0.0031         0.0166 
BAR-estimator:      0.55000        0.60000       -0.0819         2.4157        -0.0819         0.0027         0.0168 
BAR-estimator:      0.60000        0.65000       -0.0934         2.3222        -0.0934         0.0027         0.0170 
BAR-estimator:      0.65000        0.70000       -0.0970         2.2253        -0.0970         0.0026         0.0172 
BAR-estimator:      0.70000        0.75000       -0.1043         2.1210        -0.1043         0.0026         0.0174 
BAR-estimator:      0.75000        0.80000       -0.1142         2.0068        -0.1142         0.0030         0.0176 
BAR-estimator:      0.80000        0.85000       -0.1172         1.8896        -0.1172         0.0027         0.0178 
BAR-estimator:      0.85000        0.90000       -0.1184         1.7712        -0.1184         0.0022         0.0180 
BAR-estimator:      0.90000        0.95000       -0.1256         1.6456        -0.1256         0.0028         0.0182 
BAR-estimator:      0.95000        1.00000       -0.1316         1.5141        -0.1316         0.0027         0.0184 
BAR-estimator: total free energy change is 1.514066736063337 , total error is 0.01839853481301892
