#========================================================================================
#                     Free energy perturbation    
#----------------------------------------------------------------------------------------
#forward/backward          λ              ΔΔA                 ΔA                  δε   
#                                                 
#----------------------------------------------------------------------------------------
forward:               0.0000              0.0000              0.0000              0.0000  
forward:               0.0500              0.6366              0.6366              0.0148  
forward:               0.1000              0.4330              1.0696              0.0174  
forward:               0.1500              0.2898              1.3594              0.0188  
forward:               0.2000              0.2041              1.5634              0.0197  
forward:               0.2500              0.1540              1.7174              0.0204  
forward:               0.3000              0.1164              1.8338              0.0217  
forward:               0.3500              0.0860              1.9198              0.0222  
forward:               0.4000              0.0695              1.9892              0.0226  
forward:               0.4500              0.0578              2.0470              0.0229  
forward:               0.5000              0.0378              2.0849              0.0233  
forward:               0.5500             -0.1558              1.9291              0.0241  
forward:               0.6000             -0.4843              1.4448              0.0250  
forward:               0.6500             -0.8263              0.6185              0.0267  
forward:               0.7000             -1.0948             -0.4763              0.0289  
forward:               0.7500             -1.3082             -1.7845              0.0301  
forward:               0.8000             -1.3698             -3.1543              0.0308  
forward:               0.8500             -1.4057             -4.5600              0.0310  
forward:               0.9000             -1.4001             -5.9601              0.0314  
forward:               0.9500             -1.3910             -7.3511              0.0317  
forward:               1.0000             -1.3928             -8.7439              0.0321  
backward:              1.0000              0.0000             -8.7439              0.0000  
backward:              0.9500              1.3967             -7.3472              0.0077  
backward:              0.9000              1.3845             -5.9626              0.0101  
backward:              0.8500              1.4135             -4.5491              0.0119  
backward:              0.8000              1.3964             -3.1527              0.0138  
backward:              0.7500              1.3749             -1.7779              0.0152  
backward:              0.7000              1.2851             -0.4928              0.0160  
backward:              0.6500              1.1069              0.6141              0.0191  
backward:              0.6000              0.8035              1.4176              0.0212  
backward:              0.5500              0.4890              1.9066              0.0227  
backward:              0.5000              0.1712              2.0779              0.0238  
backward:              0.4500             -0.0388              2.0390              0.0241  
backward:              0.4000             -0.0605              1.9785              0.0245  
backward:              0.3500             -0.0764              1.9021              0.0251  
backward:              0.3000             -0.0925              1.8096              0.0256  
backward:              0.2500             -0.1063              1.7033              0.0260  
backward:              0.2000             -0.1553              1.5480              0.0268  
backward:              0.1500             -0.2032              1.3449              0.0279  
backward:              0.1000             -0.3021              1.0428              0.0295  
backward:              0.0500             -0.4148              0.6279              0.0314  
backward:              0.0000             -0.6512             -0.0233              0.0346  
Inaccuracy estimation
======================================================================================================
                   i        i+δi          P0_overlap_P1   δε(forward)/ε   δε(backward)/ε
======================================================================================================
inaccuracy:  0.00000        0.05000           59.01           -0.01            0.46
inaccuracy:  0.05000        0.10000           64.01           -0.01            0.37
inaccuracy:  0.10000        0.15000           70.64           -0.00            0.22
inaccuracy:  0.15000        0.20000           73.50           -0.01            0.16
inaccuracy:  0.20000        0.25000           75.46           -0.01            0.13
inaccuracy:  0.25000        0.30000           76.73           -0.01            0.10
inaccuracy:  0.30000        0.35000           79.19           -0.00            0.09
inaccuracy:  0.35000        0.40000           79.01           -0.01            0.08
inaccuracy:  0.40000        0.45000           79.72           -0.00            0.07
inaccuracy:  0.45000        0.50000           80.12           -0.01            0.07
inaccuracy:  0.50000        0.55000           65.27           -0.10            0.16
inaccuracy:  0.55000        0.60000           65.32           -0.15            0.09
inaccuracy:  0.60000        0.65000           65.13           -0.17            0.05
inaccuracy:  0.65000        0.70000           63.12           -0.18            0.03
inaccuracy:  0.70000        0.75000           66.93           -0.13            0.01
inaccuracy:  0.75000        0.80000           65.58           -0.15            0.01
inaccuracy:  0.80000        0.85000           66.37           -0.15            0.01
inaccuracy:  0.85000        0.90000           64.48           -0.16            0.02
inaccuracy:  0.90000        0.95000           64.82           -0.16            0.02
inaccuracy:  0.95000        1.00000           63.67           -0.13            0.03
===================================================================================================================================
                BAR        
-----------------------------------------------------------------------------------------------------------------------------------
BAR-estimator:         λ             λ+δλ          ΔΔA             ΔA            C               Δδe            δe       
                          
-----------------------------------------------------------------------------------------------------------------------------------
BAR-estimator:      0.00000        0.05000        0.6482         0.6482         0.6482         0.0088         0.0088 
BAR-estimator:      0.05000        0.10000        0.4332         1.0814         0.4332         0.0059         0.0106 
BAR-estimator:      0.10000        0.15000        0.2927         1.3742         0.2927         0.0049         0.0117 
BAR-estimator:      0.15000        0.20000        0.2051         1.5793         0.2051         0.0041         0.0124 
BAR-estimator:      0.20000        0.25000        0.1532         1.7325         0.1532         0.0039         0.0130 
BAR-estimator:      0.25000        0.30000        0.1140         1.8465         0.1140         0.0051         0.0139 
BAR-estimator:      0.30000        0.35000        0.0886         1.9351         0.0886         0.0038         0.0145 
BAR-estimator:      0.35000        0.40000        0.0710         2.0060         0.0710         0.0035         0.0149 
BAR-estimator:      0.40000        0.45000        0.0586         2.0646         0.0586         0.0030         0.0152 
BAR-estimator:      0.45000        0.50000        0.0382         2.1028         0.0382         0.0029         0.0155 
BAR-estimator:      0.50000        0.55000       -0.1602         1.9426        -0.1602         0.0040         0.0160 
BAR-estimator:      0.55000        0.60000       -0.4911         1.4515        -0.4911         0.0041         0.0165 
BAR-estimator:      0.60000        0.65000       -0.8132         0.6383        -0.8132         0.0045         0.0171 
BAR-estimator:      0.65000        0.70000       -1.1012        -0.4629        -1.1012         0.0054         0.0179 
BAR-estimator:      0.70000        0.75000       -1.2932        -1.7561        -1.2932         0.0051         0.0186 
BAR-estimator:      0.75000        0.80000       -1.3692        -3.1254        -1.3692         0.0046         0.0192 
BAR-estimator:      0.80000        0.85000       -1.4033        -4.5287        -1.4033         0.0045         0.0197 
BAR-estimator:      0.85000        0.90000       -1.4048        -5.9335        -1.4048         0.0041         0.0201 
BAR-estimator:      0.90000        0.95000       -1.3890        -7.3225        -1.3890         0.0045         0.0206 
BAR-estimator:      0.95000        1.00000       -1.3921        -8.7146        -1.3921         0.0048         0.0212 
BAR-estimator: total free energy change is -8.714570663726409 , total error is 0.021157874278848857
