#========================================================================================
#                     Free energy perturbation    
#----------------------------------------------------------------------------------------
#forward/backward          λ              ΔΔA                 ΔA                  δε   
#                                                 
#----------------------------------------------------------------------------------------
forward:               0.0000              0.0000              0.0000              0.0000  
forward:               0.0500              0.6470              0.6470              0.0082  
forward:               0.1000              0.4288              1.0757              0.0104  
forward:               0.1500              0.2921              1.3679              0.0117  
forward:               0.2000              0.1991              1.5670              0.0128  
forward:               0.2500              0.1501              1.7171              0.0135  
forward:               0.3000              0.1232              1.8403              0.0139  
forward:               0.3500              0.0937              1.9340              0.0145  
forward:               0.4000              0.0697              2.0037              0.0148  
forward:               0.4500              0.0455              2.0492              0.0152  
forward:               0.5000              0.0344              2.0836              0.0156  
forward:               0.5500             -0.1062              1.9774              0.0161  
forward:               0.6000             -0.3110              1.6664              0.0166  
forward:               0.6500             -0.4927              1.1737              0.0167  
forward:               0.7000             -0.6353              0.5385              0.0175  
forward:               0.7500             -0.7093             -0.1708              0.0183  
forward:               0.8000             -0.7274             -0.8982              0.0188  
forward:               0.8500             -0.6970             -1.5952              0.0191  
forward:               0.9000             -0.6629             -2.2581              0.0195  
forward:               0.9500             -0.6115             -2.8696              0.0198  
forward:               1.0000             -0.5673             -3.4369              0.0200  
backward:              1.0000              0.0000             -3.4369              0.0000  
backward:              0.9500              1.3877             -2.0492              0.0061  
backward:              0.9000              1.3876             -0.6615              0.0091  
backward:              0.8500              1.3875              0.7260              0.0114  
backward:              0.8000              1.3887              2.1147              0.0131  
backward:              0.7500              1.3479              3.4626              0.0144  
backward:              0.7000              1.2421              4.7047              0.0163  
backward:              0.6500              0.9290              5.6337              0.1135  
backward:              0.6000              0.4870              6.1206              0.1136  
backward:              0.5500              0.2990              6.4196              0.1137  
backward:              0.5000              0.1057              6.5253              0.1138  
backward:              0.4500             -0.0497              6.4756              0.1139  
backward:              0.4000             -0.0503              6.4253              0.1140  
backward:              0.3500             -0.0695              6.3558              0.1141  
backward:              0.3000             -0.0946              6.2612              0.1142  
backward:              0.2500             -0.1265              6.1347              0.1143  
backward:              0.2000             -0.1557              5.9790              0.1144  
backward:              0.1500             -0.2031              5.7760              0.1146  
backward:              0.1000             -0.3008              5.4752              0.1155  
backward:              0.0500             -0.4175              5.0576              0.1158  
backward:              0.0000             -0.6203              4.4373              0.1164  
Inaccuracy estimation
======================================================================================================
                   i        i+δi          P0_overlap_P1   δε(forward)/ε   δε(backward)/ε
======================================================================================================
inaccuracy:  0.00000        0.05000           57.31           -0.01            0.47
inaccuracy:  0.05000        0.10000           64.36           -0.01            0.34
inaccuracy:  0.10000        0.15000           69.40           -0.00            0.22
inaccuracy:  0.15000        0.20000           74.16           -0.00            0.16
inaccuracy:  0.20000        0.25000           75.73           -0.01            0.12
inaccuracy:  0.25000        0.30000           77.49           -0.00            0.10
inaccuracy:  0.30000        0.35000           77.55           -0.01            0.09
inaccuracy:  0.35000        0.40000           78.46           -0.00            0.08
inaccuracy:  0.40000        0.45000           80.51           -0.00            0.08
inaccuracy:  0.45000        0.50000           81.24           -0.00            0.07
inaccuracy:  0.50000        0.55000           70.77           -0.07            0.11
inaccuracy:  0.55000        0.60000           72.22           -0.09            0.07
inaccuracy:  0.60000        0.65000           70.12           -0.10            0.06
inaccuracy:  0.65000        0.70000           47.30           -0.54            0.06
inaccuracy:  0.70000        0.75000           33.00           -0.88            0.04
inaccuracy:  0.75000        0.80000           28.67           -1.05            0.03
inaccuracy:  0.80000        0.85000           25.37           -1.19            0.04
inaccuracy:  0.85000        0.90000           23.34           -1.23            0.06
inaccuracy:  0.90000        0.95000           21.23           -1.30            0.08
inaccuracy:  0.95000        1.00000           20.02           -1.37            0.11
===================================================================================================================================
                BAR        
-----------------------------------------------------------------------------------------------------------------------------------
BAR-estimator:         λ             λ+δλ          ΔΔA             ΔA            C               Δδe            δe       
                          
-----------------------------------------------------------------------------------------------------------------------------------
BAR-estimator:      0.00000        0.05000        0.6373         0.6373         0.6373         0.0050         0.0050 
BAR-estimator:      0.05000        0.10000        0.4258         1.0631         0.4258         0.0043         0.0066 
BAR-estimator:      0.10000        0.15000        0.2875         1.3506         0.2875         0.0037         0.0076 
BAR-estimator:      0.15000        0.20000        0.2022         1.5528         0.2022         0.0035         0.0084 
BAR-estimator:      0.20000        0.25000        0.1506         1.7034         0.1506         0.0031         0.0089 
BAR-estimator:      0.25000        0.30000        0.1234         1.8268         0.1234         0.0032         0.0095 
BAR-estimator:      0.30000        0.35000        0.0932         1.9201         0.0932         0.0266         0.0282 
BAR-estimator:      0.35000        0.40000        0.0694         1.9895         0.0694         0.0025         0.0283 
BAR-estimator:      0.40000        0.45000        0.0484         2.0378         0.0484         0.0023         0.0284 
BAR-estimator:      0.45000        0.50000        0.0389         2.0768         0.0389         0.0022         0.0285 
BAR-estimator:      0.50000        0.55000       -0.1045         1.9723        -0.1045         0.0038         0.0287 
BAR-estimator:      0.55000        0.60000       -0.3054         1.6669        -0.3054         0.0031         0.0289 
BAR-estimator:      0.60000        0.65000       -0.4871         1.1797        -0.4871         0.0033         0.0291 
BAR-estimator:      0.65000        0.70000       -0.8173         0.3625        -0.8173         0.0046         0.0295 
BAR-estimator:      0.70000        0.75000       -1.0062        -0.6438        -1.0062         0.0043         0.0298 
BAR-estimator:      0.75000        0.80000       -1.0621        -1.7058        -1.0621         0.0039         0.0300 
BAR-estimator:      0.80000        0.85000       -1.0672        -2.7730        -1.0672         0.0035         0.0302 
BAR-estimator:      0.85000        0.90000       -1.0545        -3.8275        -1.0545         0.0043         0.0305 
BAR-estimator:      0.90000        0.95000       -1.0307        -4.8582        -1.0307         0.0041         0.0308 
BAR-estimator:      0.95000        1.00000       -1.0081        -5.8663        -1.0081         0.0038         0.0311 
BAR-estimator: total free energy change is -5.866287653993342 , total error is 0.031050378526686583
