#========================================================================================
#                     Free energy perturbation    
#----------------------------------------------------------------------------------------
#forward/backward          λ              ΔΔA                 ΔA                  δε   
#                                                 
#----------------------------------------------------------------------------------------
forward:               0.0000              0.0000              0.0000              0.0000  
forward:               0.0500              0.8430              0.8430              0.0132  
forward:               0.1000              0.5373              1.3803              0.0182  
forward:               0.1500              0.3656              1.7459              0.0204  
forward:               0.2000              0.2587              2.0046              0.0212  
forward:               0.2500              0.1880              2.1926              0.0221  
forward:               0.3000              0.1271              2.3197              0.0227  
forward:               0.3500              0.1032              2.4229              0.0232  
forward:               0.4000              0.0772              2.5001              0.0238  
forward:               0.4500              0.0658              2.5659              0.0243  
forward:               0.5000              0.0387              2.6047              0.0246  
forward:               0.5500              0.0301              2.6347              0.0250  
forward:               0.6000             -0.0084              2.6263              0.0253  
forward:               0.6500             -0.0219              2.6044              0.0256  
forward:               0.7000             -0.0418              2.5626              0.0259  
forward:               0.7500             -0.0559              2.5066              0.0261  
forward:               0.8000             -0.0794              2.4272              0.0264  
forward:               0.8500             -0.0841              2.3431              0.0266  
forward:               0.9000             -0.0898              2.2533              0.0268  
forward:               0.9500             -0.0942              2.1592              0.0271  
forward:               1.0000             -0.1061              2.0531              0.0273  
backward:              1.0000              0.0000              2.0531              0.0000  
backward:              0.9500              0.0987              2.1518              0.0041  
backward:              0.9000              0.0969              2.2487              0.0056  
backward:              0.8500              0.0933              2.3420              0.0070  
backward:              0.8000              0.0826              2.4246              0.0084  
backward:              0.7500              0.0708              2.4954              0.0093  
backward:              0.7000              0.0521              2.5475              0.0101  
backward:              0.6500              0.0455              2.5931              0.0109  
backward:              0.6000              0.0198              2.6128              0.0117  
backward:              0.5500             -0.0043              2.6085              0.0126  
backward:              0.5000             -0.0340              2.5745              0.0134  
backward:              0.4500             -0.0471              2.5274              0.0141  
backward:              0.4000             -0.0637              2.4638              0.0149  
backward:              0.3500             -0.0735              2.3902              0.0160  
backward:              0.3000             -0.1137              2.2766              0.0169  
backward:              0.2500             -0.1412              2.1354              0.0179  
backward:              0.2000             -0.1952              1.9401              0.0195  
backward:              0.1500             -0.2560              1.6841              0.0219  
backward:              0.1000             -0.3804              1.3037              0.0239  
backward:              0.0500             -0.5524              0.7513              0.0318  
backward:              0.0000             -0.8473             -0.0960              0.0366  
Inaccuracy estimation
======================================================================================================
                   i        i+δi          P0_overlap_P1   δε(forward)/ε   δε(backward)/ε
======================================================================================================
inaccuracy:  0.00000        0.05000           52.46           -0.02            0.62
inaccuracy:  0.05000        0.10000           60.52           -0.01            0.44
inaccuracy:  0.10000        0.15000           66.43           -0.01            0.29
inaccuracy:  0.15000        0.20000           68.75           -0.01            0.22
inaccuracy:  0.20000        0.25000           72.52           -0.01            0.16
inaccuracy:  0.25000        0.30000           75.82           -0.00            0.13
inaccuracy:  0.30000        0.35000           76.60           -0.01            0.12
inaccuracy:  0.35000        0.40000           75.73           -0.01            0.10
inaccuracy:  0.40000        0.45000           76.28           -0.01            0.10
inaccuracy:  0.45000        0.50000           77.83           -0.01            0.09
inaccuracy:  0.50000        0.55000           76.29           -0.01            0.09
inaccuracy:  0.55000        0.60000           77.50           -0.01            0.08
inaccuracy:  0.60000        0.65000           76.91           -0.01            0.08
inaccuracy:  0.65000        0.70000           77.02           -0.01            0.08
inaccuracy:  0.70000        0.75000           77.44           -0.02            0.08
inaccuracy:  0.75000        0.80000           77.87           -0.02            0.07
inaccuracy:  0.80000        0.85000           77.47           -0.01            0.08
inaccuracy:  0.85000        0.90000           76.69           -0.02            0.08
inaccuracy:  0.90000        0.95000           77.05           -0.02            0.08
inaccuracy:  0.95000        1.00000           77.39           -0.01            0.07
===================================================================================================================================
                BAR        
-----------------------------------------------------------------------------------------------------------------------------------
BAR-estimator:         λ             λ+δλ          ΔΔA             ΔA            C               Δδe            δe       
                          
-----------------------------------------------------------------------------------------------------------------------------------
BAR-estimator:      0.00000        0.05000        0.8367         0.8367         0.8367         0.0085         0.0085 
BAR-estimator:      0.05000        0.10000        0.5393         1.3760         0.5393         0.0069         0.0110 
BAR-estimator:      0.10000        0.15000        0.3734         1.7494         0.3734         0.0059         0.0124 
BAR-estimator:      0.15000        0.20000        0.2566         2.0060         0.2566         0.0043         0.0132 
BAR-estimator:      0.20000        0.25000        0.1899         2.1959         0.1899         0.0041         0.0138 
BAR-estimator:      0.25000        0.30000        0.1347         2.3306         0.1347         0.0036         0.0143 
BAR-estimator:      0.30000        0.35000        0.1078         2.4384         0.1078         0.0032         0.0146 
BAR-estimator:      0.35000        0.40000        0.0767         2.5151         0.0767         0.0038         0.0151 
BAR-estimator:      0.40000        0.45000        0.0662         2.5814         0.0662         0.0031         0.0154 
BAR-estimator:      0.45000        0.50000        0.0413         2.6227         0.0413         0.0029         0.0157 
BAR-estimator:      0.50000        0.55000        0.0320         2.6546         0.0320         0.0031         0.0160 
BAR-estimator:      0.55000        0.60000       -0.0036         2.6511        -0.0036         0.0030         0.0163 
BAR-estimator:      0.60000        0.65000       -0.0214         2.6297        -0.0214         0.0027         0.0165 
BAR-estimator:      0.65000        0.70000       -0.0432         2.5865        -0.0432         0.0029         0.0167 
BAR-estimator:      0.70000        0.75000       -0.0546         2.5318        -0.0546         0.0028         0.0170 
BAR-estimator:      0.75000        0.80000       -0.0772         2.4546        -0.0772         0.0027         0.0172 
BAR-estimator:      0.80000        0.85000       -0.0819         2.3727        -0.0819         0.0028         0.0174 
BAR-estimator:      0.85000        0.90000       -0.0912         2.2815        -0.0912         0.0029         0.0177 
BAR-estimator:      0.90000        0.95000       -0.0944         2.1871        -0.0944         0.0028         0.0179 
BAR-estimator:      0.95000        1.00000       -0.1037         2.0835        -0.1037         0.0029         0.0181 
BAR-estimator: total free energy change is 2.0834532966981523 , total error is 0.01811462214768453
