#========================================================================================
#                     Free energy perturbation    
#----------------------------------------------------------------------------------------
#forward/backward          λ              ΔΔA                 ΔA                  δε   
#                                                 
#----------------------------------------------------------------------------------------
forward:               0.0000              0.0000              0.0000              0.0000  
forward:               0.0500              0.8018              0.8018              0.0101  
forward:               0.1000              0.5544              1.3562              0.0133  
forward:               0.1500              0.3564              1.7126              0.0150  
forward:               0.2000              0.2503              1.9629              0.0159  
forward:               0.2500              0.1751              2.1380              0.0167  
forward:               0.3000              0.1398              2.2779              0.0175  
forward:               0.3500              0.1058              2.3836              0.0181  
forward:               0.4000              0.0809              2.4645              0.0185  
forward:               0.4500              0.0622              2.5267              0.0189  
forward:               0.5000              0.0384              2.5651              0.0193  
forward:               0.5500              0.0301              2.5953              0.0198  
forward:               0.6000              0.0029              2.5982              0.0201  
forward:               0.6500             -0.0248              2.5734              0.0204  
forward:               0.7000             -0.0426              2.5308              0.0206  
forward:               0.7500             -0.0557              2.4751              0.0209  
forward:               0.8000             -0.0732              2.4019              0.0211  
forward:               0.8500             -0.0847              2.3173              0.0213  
forward:               0.9000             -0.0911              2.2261              0.0216  
forward:               0.9500             -0.0889              2.1372              0.0218  
forward:               1.0000             -0.1005              2.0367              0.0220  
backward:              1.0000              0.0000              2.0367              0.0000  
backward:              0.9500              0.1061              2.1428              0.0036  
backward:              0.9000              0.0907              2.2335              0.0057  
backward:              0.8500              0.0903              2.3238              0.0068  
backward:              0.8000              0.0832              2.4070              0.0079  
backward:              0.7500              0.0660              2.4730              0.0089  
backward:              0.7000              0.0512              2.5242              0.0099  
backward:              0.6500              0.0472              2.5714              0.0105  
backward:              0.6000              0.0166              2.5880              0.0111  
backward:              0.5500             -0.0017              2.5863              0.0118  
backward:              0.5000             -0.0367              2.5497              0.0131  
backward:              0.4500             -0.0500              2.4997              0.0139  
backward:              0.4000             -0.0679              2.4318              0.0147  
backward:              0.3500             -0.0818              2.3500              0.0156  
backward:              0.3000             -0.1014              2.2486              0.0166  
backward:              0.2500             -0.1383              2.1103              0.0175  
backward:              0.2000             -0.1790              1.9313              0.0186  
backward:              0.1500             -0.2701              1.6612              0.0200  
backward:              0.1000             -0.3664              1.2948              0.0229  
backward:              0.0500             -0.5258              0.7691              0.0263  
backward:              0.0000             -0.8034             -0.0343              0.0309  
Inaccuracy estimation
======================================================================================================
                   i        i+δi          P0_overlap_P1   δε(forward)/ε   δε(backward)/ε
======================================================================================================
inaccuracy:  0.00000        0.05000           53.56           -0.02            0.68
inaccuracy:  0.05000        0.10000           58.86           -0.01            0.48
inaccuracy:  0.10000        0.15000           66.00           -0.01            0.28
inaccuracy:  0.15000        0.20000           71.10           -0.01            0.19
inaccuracy:  0.20000        0.25000           73.17           -0.00            0.16
inaccuracy:  0.25000        0.30000           74.31           -0.01            0.14
inaccuracy:  0.30000        0.35000           74.79           -0.01            0.12
inaccuracy:  0.35000        0.40000           76.20           -0.01            0.11
inaccuracy:  0.40000        0.45000           77.09           -0.01            0.09
inaccuracy:  0.45000        0.50000           78.21           -0.01            0.09
inaccuracy:  0.50000        0.55000           76.86           -0.01            0.10
inaccuracy:  0.55000        0.60000           76.36           -0.02            0.09
inaccuracy:  0.60000        0.65000           77.02           -0.01            0.08
inaccuracy:  0.65000        0.70000           76.19           -0.02            0.08
inaccuracy:  0.70000        0.75000           77.37           -0.02            0.08
inaccuracy:  0.75000        0.80000           77.68           -0.01            0.07
inaccuracy:  0.80000        0.85000           77.08           -0.02            0.08
inaccuracy:  0.85000        0.90000           77.24           -0.02            0.07
inaccuracy:  0.90000        0.95000           76.11           -0.02            0.07
inaccuracy:  0.95000        1.00000           76.07           -0.01            0.08
===================================================================================================================================
                BAR        
-----------------------------------------------------------------------------------------------------------------------------------
BAR-estimator:         λ             λ+δλ          ΔΔA             ΔA            C               Δδe            δe       
                          
-----------------------------------------------------------------------------------------------------------------------------------
BAR-estimator:      0.00000        0.05000        0.8057         0.8057         0.8057         0.0062         0.0062 
BAR-estimator:      0.05000        0.10000        0.5478         1.3535         0.5478         0.0054         0.0082 
BAR-estimator:      0.10000        0.15000        0.3569         1.7104         0.3569         0.0043         0.0093 
BAR-estimator:      0.15000        0.20000        0.2542         1.9646         0.2542         0.0037         0.0100 
BAR-estimator:      0.20000        0.25000        0.1778         2.1424         0.1778         0.0035         0.0105 
BAR-estimator:      0.25000        0.30000        0.1425         2.2849         0.1425         0.0036         0.0111 
BAR-estimator:      0.30000        0.35000        0.1048         2.3897         0.1048         0.0030         0.0115 
BAR-estimator:      0.35000        0.40000        0.0812         2.4709         0.0812         0.0029         0.0119 
BAR-estimator:      0.40000        0.45000        0.0642         2.5351         0.0642         0.0027         0.0122 
BAR-estimator:      0.45000        0.50000        0.0439         2.5790         0.0439         0.0026         0.0125 
BAR-estimator:      0.50000        0.55000        0.0314         2.6103         0.0314         0.0030         0.0128 
BAR-estimator:      0.55000        0.60000        0.0033         2.6137         0.0033         0.0028         0.0131 
BAR-estimator:      0.60000        0.65000       -0.0223         2.5914        -0.0223         0.0025         0.0134 
BAR-estimator:      0.65000        0.70000       -0.0442         2.5471        -0.0442         0.0025         0.0136 
BAR-estimator:      0.70000        0.75000       -0.0548         2.4923        -0.0548         0.0026         0.0138 
BAR-estimator:      0.75000        0.80000       -0.0719         2.4205        -0.0719         0.0025         0.0141 
BAR-estimator:      0.80000        0.85000       -0.0851         2.3354        -0.0851         0.0026         0.0143 
BAR-estimator:      0.85000        0.90000       -0.0909         2.2445        -0.0909         0.0026         0.0145 
BAR-estimator:      0.90000        0.95000       -0.0917         2.1528        -0.0917         0.0025         0.0148 
BAR-estimator:      0.95000        1.00000       -0.1026         2.0502        -0.1026         0.0024         0.0150 
BAR-estimator: total free energy change is 2.0501814138509187 , total error is 0.01495450920871804
