#========================================================================================
#                     Free energy perturbation    
#----------------------------------------------------------------------------------------
#forward/backward          λ              ΔΔA                 ΔA                  δε   
#                                                 
#----------------------------------------------------------------------------------------
forward:               0.0000              0.0000              0.0000              0.0000  
forward:               0.0500              1.2196              1.2196              0.0182  
forward:               0.1000              0.6352              1.8548              0.0222  
forward:               0.1500              0.3522              2.2070              0.0237  
forward:               0.2000              0.2124              2.4193              0.0248  
forward:               0.2500              0.1184              2.5377              0.0254  
forward:               0.3000              0.0676              2.6053              0.0259  
forward:               0.3500              0.0437              2.6489              0.0266  
forward:               0.4000              0.0066              2.6556              0.0269  
forward:               0.4500             -0.0141              2.6415              0.0271  
forward:               0.5000             -0.0316              2.6099              0.0275  
forward:               0.5500             -0.0784              2.5315              0.0277  
forward:               0.6000             -0.1449              2.3866              0.0279  
forward:               0.6500             -0.1749              2.2117              0.0281  
forward:               0.7000             -0.2045              2.0072              0.0284  
forward:               0.7500             -0.2222              1.7850              0.0286  
forward:               0.8000             -0.2396              1.5454              0.0287  
forward:               0.8500             -0.2607              1.2847              0.0289  
forward:               0.9000             -0.2717              1.0130              0.0290  
forward:               0.9500             -0.2809              0.7320              0.0292  
forward:               1.0000             -0.2874              0.4446              0.0293  
backward:              1.0000              0.0000              0.4446              0.0000  
backward:              0.9500              0.2917              0.7364              0.0034  
backward:              0.9000              0.2776              1.0140              0.0045  
backward:              0.8500              0.2743              1.2883              0.0055  
backward:              0.8000              0.2596              1.5479              0.0065  
backward:              0.7500              0.2421              1.7900              0.0071  
backward:              0.7000              0.2275              2.0175              0.0078  
backward:              0.6500              0.2013              2.2188              0.0085  
backward:              0.6000              0.1710              2.3898              0.0092  
backward:              0.5500              0.1400              2.5298              0.0100  
backward:              0.5000              0.0840              2.6138              0.0109  
backward:              0.4500              0.0345              2.6483              0.0117  
backward:              0.4000              0.0153              2.6636              0.0124  
backward:              0.3500             -0.0015              2.6621              0.0132  
backward:              0.3000             -0.0305              2.6316              0.0144  
backward:              0.2500             -0.0816              2.5500              0.0154  
backward:              0.2000             -0.1339              2.4162              0.0168  
backward:              0.1500             -0.2112              2.2050              0.0188  
backward:              0.1000             -0.3723              1.8327              0.0225  
backward:              0.0500             -0.6718              1.1609              0.0324  
backward:              0.0000             -1.5617             -0.4009              0.2793  
Inaccuracy estimation
======================================================================================================
                   i        i+δi          P0_overlap_P1   δε(forward)/ε   δε(backward)/ε
======================================================================================================
inaccuracy:  0.00000        0.05000           41.56           -0.02            1.59
inaccuracy:  0.05000        0.10000           56.43           -0.01            0.63
inaccuracy:  0.10000        0.15000           65.94           -0.01            0.32
inaccuracy:  0.15000        0.20000           71.02           -0.01            0.19
inaccuracy:  0.20000        0.25000           76.38           -0.01            0.13
inaccuracy:  0.25000        0.30000           78.20           -0.01            0.10
inaccuracy:  0.30000        0.35000           76.40           -0.01            0.08
inaccuracy:  0.35000        0.40000           78.32           -0.01            0.08
inaccuracy:  0.40000        0.45000           79.05           -0.01            0.07
inaccuracy:  0.45000        0.50000           79.03           -0.01            0.07
inaccuracy:  0.50000        0.55000           76.28           -0.01            0.08
inaccuracy:  0.55000        0.60000           79.27           -0.02            0.06
inaccuracy:  0.60000        0.65000           79.47           -0.02            0.05
inaccuracy:  0.65000        0.70000           79.68           -0.02            0.05
inaccuracy:  0.70000        0.75000           78.52           -0.01            0.05
inaccuracy:  0.75000        0.80000           79.22           -0.02            0.04
inaccuracy:  0.80000        0.85000           80.00           -0.02            0.04
inaccuracy:  0.85000        0.90000           79.19           -0.01            0.05
inaccuracy:  0.90000        0.95000           79.75           -0.02            0.04
inaccuracy:  0.95000        1.00000           78.53           -0.02            0.04
===================================================================================================================================
                BAR        
-----------------------------------------------------------------------------------------------------------------------------------
BAR-estimator:         λ             λ+δλ          ΔΔA             ΔA            C               Δδe            δe       
                          
-----------------------------------------------------------------------------------------------------------------------------------
BAR-estimator:      0.00000        0.05000        1.2317         1.2317         1.2317         0.0103         0.0103 
BAR-estimator:      0.05000        0.10000        0.6370         1.8687         0.6370         0.0079         0.0130 
BAR-estimator:      0.10000        0.15000        0.3593         2.2280         0.3593         0.0054         0.0141 
BAR-estimator:      0.15000        0.20000        0.2123         2.4403         0.2123         0.0049         0.0149 
BAR-estimator:      0.20000        0.25000        0.1267         2.5670         0.1267         0.0036         0.0153 
BAR-estimator:      0.25000        0.30000        0.0759         2.6429         0.0759         0.0032         0.0156 
BAR-estimator:      0.30000        0.35000        0.0368         2.6798         0.0368         0.0038         0.0161 
BAR-estimator:      0.35000        0.40000        0.0046         2.6843         0.0046         0.0027         0.0163 
BAR-estimator:      0.40000        0.45000       -0.0154         2.6689        -0.0154         0.0031         0.0166 
BAR-estimator:      0.45000        0.50000       -0.0326         2.6363        -0.0326         0.0025         0.0168 
BAR-estimator:      0.50000        0.55000       -0.0808         2.5555        -0.0808         0.0026         0.0170 
BAR-estimator:      0.55000        0.60000       -0.1430         2.4125        -0.1430         0.0025         0.0172 
BAR-estimator:      0.60000        0.65000       -0.1723         2.2402        -0.1723         0.0025         0.0174 
BAR-estimator:      0.65000        0.70000       -0.2028         2.0374        -0.2028         0.0031         0.0176 
BAR-estimator:      0.70000        0.75000       -0.2242         1.8132        -0.2242         0.0024         0.0178 
BAR-estimator:      0.75000        0.80000       -0.2413         1.5718        -0.2413         0.0024         0.0180 
BAR-estimator:      0.80000        0.85000       -0.2603         1.3115        -0.2603         0.0024         0.0181 
BAR-estimator:      0.85000        0.90000       -0.2724         1.0391        -0.2724         0.0025         0.0183 
BAR-estimator:      0.90000        0.95000       -0.2790         0.7600        -0.2790         0.0024         0.0185 
BAR-estimator:      0.95000        1.00000       -0.2894         0.4707        -0.2894         0.0022         0.0186 
BAR-estimator: total free energy change is 0.47067775334132045 , total error is 0.01860001284292154
