#========================================================================================
#                     Free energy perturbation    
#----------------------------------------------------------------------------------------
#forward/backward          λ              ΔΔA                 ΔA                  δε   
#                                                 
#----------------------------------------------------------------------------------------
forward:               0.0000              0.0000              0.0000              0.0000  
forward:               0.0500              1.2382              1.2382              0.0147  
forward:               0.1000              0.6571              1.8953              0.0183  
forward:               0.1500              0.3587              2.2539              0.0199  
forward:               0.2000              0.2128              2.4668              0.0208  
forward:               0.2500              0.1306              2.5974              0.0214  
forward:               0.3000              0.0793              2.6766              0.0220  
forward:               0.3500              0.0430              2.7196              0.0224  
forward:               0.4000              0.0119              2.7315              0.0226  
forward:               0.4500             -0.0098              2.7217              0.0229  
forward:               0.5000             -0.0289              2.6928              0.0231  
forward:               0.5500             -0.0842              2.6085              0.0233  
forward:               0.6000             -0.1379              2.4706              0.0235  
forward:               0.6500             -0.1762              2.2945              0.0237  
forward:               0.7000             -0.2147              2.0798              0.0238  
forward:               0.7500             -0.2303              1.8494              0.0239  
forward:               0.8000             -0.2493              1.6001              0.0241  
forward:               0.8500             -0.2659              1.3342              0.0242  
forward:               0.9000             -0.2752              1.0590              0.0244  
forward:               0.9500             -0.2888              0.7702              0.0245  
forward:               1.0000             -0.2992              0.4709              0.0246  
backward:              1.0000              0.0000              0.4709              0.0000  
backward:              0.9500              0.2984              0.7693              0.0029  
backward:              0.9000              0.2849              1.0543              0.0060  
backward:              0.8500              0.2720              1.3262              0.0069  
backward:              0.8000              0.2661              1.5924              0.0076  
backward:              0.7500              0.2550              1.8474              0.0083  
backward:              0.7000              0.2257              2.0731              0.0091  
backward:              0.6500              0.2061              2.2791              0.0098  
backward:              0.6000              0.1742              2.4534              0.0105  
backward:              0.5500              0.1359              2.5893              0.0112  
backward:              0.5000              0.0830              2.6723              0.0119  
backward:              0.4500              0.0365              2.7088              0.0126  
backward:              0.4000              0.0016              2.7104              0.0133  
backward:              0.3500             -0.0106              2.6998              0.0141  
backward:              0.3000             -0.0422              2.6576              0.0149  
backward:              0.2500             -0.0876              2.5700              0.0159  
backward:              0.2000             -0.1377              2.4323              0.0173  
backward:              0.1500             -0.2297              2.2026              0.0186  
backward:              0.1000             -0.3729              1.8296              0.0226  
backward:              0.0500             -0.6494              1.1802              0.0264  
backward:              0.0000             -1.2297             -0.0495              0.0435  
Inaccuracy estimation
======================================================================================================
                   i        i+δi          P0_overlap_P1   δε(forward)/ε   δε(backward)/ε
======================================================================================================
inaccuracy:  0.00000        0.05000           41.82           -0.02            1.62
inaccuracy:  0.05000        0.10000           56.03           -0.02            0.63
inaccuracy:  0.10000        0.15000           65.50           -0.01            0.32
inaccuracy:  0.15000        0.20000           71.98           -0.01            0.18
inaccuracy:  0.20000        0.25000           74.55           -0.01            0.13
inaccuracy:  0.25000        0.30000           77.21           -0.01            0.10
inaccuracy:  0.30000        0.35000           76.97           -0.00            0.08
inaccuracy:  0.35000        0.40000           77.95           -0.01            0.08
inaccuracy:  0.40000        0.45000           80.06           -0.01            0.07
inaccuracy:  0.45000        0.50000           79.18           -0.00            0.07
inaccuracy:  0.50000        0.55000           77.32           -0.02            0.07
inaccuracy:  0.55000        0.60000           78.72           -0.02            0.06
inaccuracy:  0.60000        0.65000           78.99           -0.02            0.05
inaccuracy:  0.65000        0.70000           80.11           -0.01            0.04
inaccuracy:  0.70000        0.75000           79.97           -0.02            0.04
inaccuracy:  0.75000        0.80000           79.04           -0.02            0.05
inaccuracy:  0.80000        0.85000           79.66           -0.02            0.05
inaccuracy:  0.85000        0.90000           79.45           -0.02            0.04
inaccuracy:  0.90000        0.95000           79.06           -0.02            0.04
inaccuracy:  0.95000        1.00000           79.10           -0.02            0.05
===================================================================================================================================
                BAR        
-----------------------------------------------------------------------------------------------------------------------------------
BAR-estimator:         λ             λ+δλ          ΔΔA             ΔA            C               Δδe            δe       
                          
-----------------------------------------------------------------------------------------------------------------------------------
BAR-estimator:      0.00000        0.05000        1.2548         1.2548         1.2548         0.0081         0.0081 
BAR-estimator:      0.05000        0.10000        0.6596         1.9143         0.6596         0.0072         0.0109 
BAR-estimator:      0.10000        0.15000        0.3619         2.2763         0.3619         0.0052         0.0120 
BAR-estimator:      0.15000        0.20000        0.2190         2.4952         0.2190         0.0041         0.0127 
BAR-estimator:      0.20000        0.25000        0.1325         2.6277         0.1325         0.0035         0.0132 
BAR-estimator:      0.25000        0.30000        0.0838         2.7115         0.0838         0.0035         0.0136 
BAR-estimator:      0.30000        0.35000        0.0411         2.7526         0.0411         0.0027         0.0139 
BAR-estimator:      0.35000        0.40000        0.0104         2.7629         0.0104         0.0026         0.0142 
BAR-estimator:      0.40000        0.45000       -0.0062         2.7567        -0.0062         0.0024         0.0144 
BAR-estimator:      0.45000        0.50000       -0.0308         2.7259        -0.0308         0.0021         0.0145 
BAR-estimator:      0.50000        0.55000       -0.0841         2.6418        -0.0841         0.0026         0.0147 
BAR-estimator:      0.55000        0.60000       -0.1373         2.5045        -0.1373         0.0024         0.0149 
BAR-estimator:      0.60000        0.65000       -0.1760         2.3285        -0.1760         0.0024         0.0151 
BAR-estimator:      0.65000        0.70000       -0.2117         2.1168        -0.2117         0.0017         0.0152 
BAR-estimator:      0.70000        0.75000       -0.2285         1.8883        -0.2285         0.0024         0.0154 
BAR-estimator:      0.75000        0.80000       -0.2511         1.6372        -0.2511         0.0021         0.0155 
BAR-estimator:      0.80000        0.85000       -0.2653         1.3719        -0.2653         0.0022         0.0157 
BAR-estimator:      0.85000        0.90000       -0.2747         1.0972        -0.2747         0.0022         0.0158 
BAR-estimator:      0.90000        0.95000       -0.2896         0.8076        -0.2896         0.0022         0.0160 
BAR-estimator:      0.95000        1.00000       -0.2985         0.5091        -0.2985         0.0021         0.0161 
BAR-estimator: total free energy change is 0.5091094721116356 , total error is 0.016143272354038903
