#========================================================================================
#                     Free energy perturbation    
#----------------------------------------------------------------------------------------
#forward/backward          λ              ΔΔA                 ΔA                  δε   
#                                                 
#----------------------------------------------------------------------------------------
forward:               0.0000              0.0000              0.0000              0.0000  
forward:               0.0500              0.9371              0.9371              0.0140  
forward:               0.1000              0.5072              1.4444              0.0202  
forward:               0.1500              0.3014              1.7457              0.0215  
forward:               0.2000              0.2027              1.9484              0.0223  
forward:               0.2500              0.1526              2.1010              0.0230  
forward:               0.3000              0.0857              2.1867              0.0234  
forward:               0.3500              0.0591              2.2459              0.0237  
forward:               0.4000              0.0298              2.2757              0.0241  
forward:               0.4500              0.0151              2.2907              0.0243  
forward:               0.5000              0.0022              2.2929              0.0245  
forward:               0.5500             -0.0413              2.2516              0.0248  
forward:               0.6000             -0.0634              2.1881              0.0250  
forward:               0.6500             -0.0791              2.1091              0.0252  
forward:               0.7000             -0.0934              2.0157              0.0254  
forward:               0.7500             -0.0972              1.9185              0.0256  
forward:               0.8000             -0.1091              1.8094              0.0257  
forward:               0.8500             -0.1077              1.7017              0.0259  
forward:               0.9000             -0.1195              1.5822              0.0260  
forward:               0.9500             -0.1198              1.4624              0.0261  
forward:               1.0000             -0.1288              1.3336              0.0263  
backward:              1.0000              0.0000              1.3336              0.0000  
backward:              0.9500              0.1324              1.4660              0.0030  
backward:              0.9000              0.1166              1.5826              0.0044  
backward:              0.8500              0.1203              1.7029              0.0054  
backward:              0.8000              0.1088              1.8117              0.0066  
backward:              0.7500              0.1127              1.9244              0.0074  
backward:              0.7000              0.0931              2.0175              0.0082  
backward:              0.6500              0.0936              2.1111              0.0089  
backward:              0.6000              0.0767              2.1878              0.0099  
backward:              0.5500              0.0670              2.2548              0.0106  
backward:              0.5000              0.0413              2.2961              0.0113  
backward:              0.4500              0.0058              2.3019              0.0121  
backward:              0.4000             -0.0121              2.2897              0.0128  
backward:              0.3500             -0.0289              2.2608              0.0136  
backward:              0.3000             -0.0590              2.2019              0.0145  
backward:              0.2500             -0.0862              2.1157              0.0155  
backward:              0.2000             -0.1340              1.9817              0.0165  
backward:              0.1500             -0.2117              1.7699              0.0182  
backward:              0.1000             -0.3232              1.4467              0.0229  
backward:              0.0500             -0.5134              0.9333              0.0289  
backward:              0.0000             -0.9854             -0.0521              0.0919  
Inaccuracy estimation
======================================================================================================
                   i        i+δi          P0_overlap_P1   δε(forward)/ε   δε(backward)/ε
======================================================================================================
inaccuracy:  0.00000        0.05000           47.96           -0.02            1.24
inaccuracy:  0.05000        0.10000           60.84           -0.01            0.48
inaccuracy:  0.10000        0.15000           69.19           -0.00            0.26
inaccuracy:  0.15000        0.20000           72.72           -0.00            0.16
inaccuracy:  0.20000        0.25000           73.50           -0.01            0.14
inaccuracy:  0.25000        0.30000           77.02           -0.01            0.10
inaccuracy:  0.30000        0.35000           77.97           -0.01            0.09
inaccuracy:  0.35000        0.40000           78.88           -0.00            0.08
inaccuracy:  0.40000        0.45000           79.70           -0.00            0.07
inaccuracy:  0.45000        0.50000           78.28           -0.00            0.07
inaccuracy:  0.50000        0.55000           79.28           -0.01            0.06
inaccuracy:  0.55000        0.60000           79.31           -0.01            0.05
inaccuracy:  0.60000        0.65000           80.94           -0.01            0.05
inaccuracy:  0.65000        0.70000           80.40           -0.01            0.05
inaccuracy:  0.70000        0.75000           81.35           -0.01            0.05
inaccuracy:  0.75000        0.80000           80.48           -0.01            0.05
inaccuracy:  0.80000        0.85000           80.53           -0.01            0.05
inaccuracy:  0.85000        0.90000           80.94           -0.01            0.05
inaccuracy:  0.90000        0.95000           80.96           -0.01            0.05
inaccuracy:  0.95000        1.00000           80.07           -0.01            0.05
===================================================================================================================================
                BAR        
-----------------------------------------------------------------------------------------------------------------------------------
BAR-estimator:         λ             λ+δλ          ΔΔA             ΔA            C               Δδe            δe       
                          
-----------------------------------------------------------------------------------------------------------------------------------
BAR-estimator:      0.00000        0.05000        0.9398         0.9398         0.9398         0.0092         0.0092 
BAR-estimator:      0.05000        0.10000        0.5101         1.4500         0.5101         0.0097         0.0133 
BAR-estimator:      0.10000        0.15000        0.3088         1.7588         0.3088         0.0049         0.0142 
BAR-estimator:      0.15000        0.20000        0.2044         1.9632         0.2044         0.0042         0.0148 
BAR-estimator:      0.20000        0.25000        0.1461         2.1093         0.1461         0.0037         0.0153 
BAR-estimator:      0.25000        0.30000        0.0846         2.1939         0.0846         0.0032         0.0156 
BAR-estimator:      0.30000        0.35000        0.0592         2.2531         0.0592         0.0028         0.0158 
BAR-estimator:      0.35000        0.40000        0.0290         2.2821         0.0290         0.0024         0.0160 
BAR-estimator:      0.40000        0.45000        0.0146         2.2967         0.0146         0.0025         0.0162 
BAR-estimator:      0.45000        0.50000       -0.0018         2.2949        -0.0018         0.0024         0.0164 
BAR-estimator:      0.50000        0.55000       -0.0417         2.2532        -0.0417         0.0026         0.0166 
BAR-estimator:      0.55000        0.60000       -0.0662         2.1869        -0.0662         0.0024         0.0168 
BAR-estimator:      0.60000        0.65000       -0.0781         2.1088        -0.0781         0.0022         0.0169 
BAR-estimator:      0.65000        0.70000       -0.0937         2.0151        -0.0937         0.0023         0.0171 
BAR-estimator:      0.70000        0.75000       -0.0956         1.9195        -0.0956         0.0025         0.0173 
BAR-estimator:      0.75000        0.80000       -0.1102         1.8093        -0.1102         0.0022         0.0174 
BAR-estimator:      0.80000        0.85000       -0.1091         1.7003        -0.1091         0.0023         0.0176 
BAR-estimator:      0.85000        0.90000       -0.1202         1.5801        -0.1202         0.0024         0.0177 
BAR-estimator:      0.90000        0.95000       -0.1190         1.4611        -0.1190         0.0023         0.0179 
BAR-estimator:      0.95000        1.00000       -0.1293         1.3318        -0.1293         0.0022         0.0180 
BAR-estimator: total free energy change is 1.33177936325791 , total error is 0.01801052271451045
