#========================================================================================
#                     Free energy perturbation    
#----------------------------------------------------------------------------------------
#forward/backward          λ              ΔΔA                 ΔA                  δε   
#                                                 
#----------------------------------------------------------------------------------------
forward:               0.0000              0.0000              0.0000              0.0000  
forward:               0.0500              0.9617              0.9617              0.0128  
forward:               0.1000              0.5361              1.4978              0.0160  
forward:               0.1500              0.3254              1.8233              0.0175  
forward:               0.2000              0.2257              2.0490              0.0184  
forward:               0.2500              0.1443              2.1933              0.0191  
forward:               0.3000              0.0956              2.2889              0.0196  
forward:               0.3500              0.0690              2.3579              0.0200  
forward:               0.4000              0.0403              2.3981              0.0205  
forward:               0.4500              0.0235              2.4216              0.0207  
forward:               0.5000              0.0068              2.4284              0.0209  
forward:               0.5500             -0.0424              2.3860              0.0211  
forward:               0.6000             -0.0623              2.3237              0.0213  
forward:               0.6500             -0.0790              2.2447              0.0215  
forward:               0.7000             -0.0916              2.1531              0.0216  
forward:               0.7500             -0.1023              2.0509              0.0217  
forward:               0.8000             -0.1037              1.9472              0.0219  
forward:               0.8500             -0.1138              1.8334              0.0221  
forward:               0.9000             -0.1128              1.7205              0.0222  
forward:               0.9500             -0.1213              1.5993              0.0224  
forward:               1.0000             -0.1309              1.4683              0.0225  
backward:              1.0000              0.0000              1.4683              0.0000  
backward:              0.9500              0.1316              1.5999              0.0031  
backward:              0.9000              0.1194              1.7193              0.0043  
backward:              0.8500              0.1167              1.8360              0.0053  
backward:              0.8000              0.1132              1.9492              0.0062  
backward:              0.7500              0.1089              2.0581              0.0068  
backward:              0.7000              0.0951              2.1531              0.0075  
backward:              0.6500              0.0879              2.2410              0.0083  
backward:              0.6000              0.0728              2.3139              0.0089  
backward:              0.5500              0.0631              2.3769              0.0095  
backward:              0.5000              0.0395              2.4164              0.0102  
backward:              0.4500             -0.0029              2.4135              0.0107  
backward:              0.4000             -0.0106              2.4029              0.0113  
backward:              0.3500             -0.0397              2.3632              0.0121  
backward:              0.3000             -0.0656              2.2976              0.0130  
backward:              0.2500             -0.0958              2.2018              0.0140  
backward:              0.2000             -0.1432              2.0585              0.0147  
backward:              0.1500             -0.2209              1.8376              0.0164  
backward:              0.1000             -0.3348              1.5028              0.0195  
backward:              0.0500             -0.5493              0.9535              0.0241  
backward:              0.0000             -0.9465              0.0070              0.0450  
Inaccuracy estimation
======================================================================================================
                   i        i+δi          P0_overlap_P1   δε(forward)/ε   δε(backward)/ε
======================================================================================================
inaccuracy:  0.00000        0.05000           47.12           -0.01            1.23
inaccuracy:  0.05000        0.10000           60.33           -0.01            0.49
inaccuracy:  0.10000        0.15000           68.04           -0.01            0.28
inaccuracy:  0.15000        0.20000           71.29           -0.01            0.18
inaccuracy:  0.20000        0.25000           74.61           -0.00            0.12
inaccuracy:  0.25000        0.30000           77.12           -0.00            0.11
inaccuracy:  0.30000        0.35000           78.02           -0.01            0.09
inaccuracy:  0.35000        0.40000           78.18           -0.01            0.08
inaccuracy:  0.40000        0.45000           78.21           -0.01            0.08
inaccuracy:  0.45000        0.50000           79.71           -0.01            0.06
inaccuracy:  0.50000        0.55000           79.70           -0.01            0.06
inaccuracy:  0.55000        0.60000           79.60           -0.01            0.06
inaccuracy:  0.60000        0.65000           81.06           -0.01            0.05
inaccuracy:  0.65000        0.70000           80.73           -0.01            0.05
inaccuracy:  0.70000        0.75000           81.36           -0.01            0.05
inaccuracy:  0.75000        0.80000           80.40           -0.01            0.05
inaccuracy:  0.80000        0.85000           80.23           -0.01            0.05
inaccuracy:  0.85000        0.90000           79.59           -0.01            0.05
inaccuracy:  0.90000        0.95000           80.57           -0.01            0.05
inaccuracy:  0.95000        1.00000           80.16           -0.01            0.05
===================================================================================================================================
                BAR        
-----------------------------------------------------------------------------------------------------------------------------------
BAR-estimator:         λ             λ+δλ          ΔΔA             ΔA            C               Δδe            δe       
                          
-----------------------------------------------------------------------------------------------------------------------------------
BAR-estimator:      0.00000        0.05000        0.9563         0.9563         0.9563         0.0082         0.0082 
BAR-estimator:      0.05000        0.10000        0.5378         1.4941         0.5378         0.0067         0.0106 
BAR-estimator:      0.10000        0.15000        0.3310         1.8251         0.3310         0.0047         0.0116 
BAR-estimator:      0.15000        0.20000        0.2226         2.0477         0.2226         0.0039         0.0123 
BAR-estimator:      0.20000        0.25000        0.1437         2.1914         0.1437         0.0034         0.0127 
BAR-estimator:      0.25000        0.30000        0.0969         2.2883         0.0969         0.0029         0.0131 
BAR-estimator:      0.30000        0.35000        0.0675         2.3558         0.0675         0.0028         0.0134 
BAR-estimator:      0.35000        0.40000        0.0403         2.3960         0.0403         0.0027         0.0136 
BAR-estimator:      0.40000        0.45000        0.0190         2.4151         0.0190         0.0023         0.0138 
BAR-estimator:      0.45000        0.50000        0.0059         2.4209         0.0059         0.0020         0.0140 
BAR-estimator:      0.50000        0.55000       -0.0410         2.3799        -0.0410         0.0023         0.0142 
BAR-estimator:      0.55000        0.60000       -0.0629         2.3170        -0.0629         0.0022         0.0143 
BAR-estimator:      0.60000        0.65000       -0.0766         2.2404        -0.0766         0.0019         0.0145 
BAR-estimator:      0.65000        0.70000       -0.0913         2.1490        -0.0913         0.0021         0.0146 
BAR-estimator:      0.70000        0.75000       -0.0998         2.0493        -0.0998         0.0021         0.0148 
BAR-estimator:      0.75000        0.80000       -0.1055         1.9438        -0.1055         0.0024         0.0149 
BAR-estimator:      0.80000        0.85000       -0.1142         1.8296        -0.1142         0.0021         0.0151 
BAR-estimator:      0.85000        0.90000       -0.1150         1.7146        -0.1150         0.0022         0.0152 
BAR-estimator:      0.90000        0.95000       -0.1203         1.5943        -0.1203         0.0021         0.0154 
BAR-estimator:      0.95000        1.00000       -0.1310         1.4633        -0.1310         0.0020         0.0155 
BAR-estimator: total free energy change is 1.4633476983552605 , total error is 0.01552661931854007
