Charm++: standalone mode (not using charmrun)
Charm++> Running in Multicore mode: 12 threads (PEs)
Charm++> Using recursive bisection (scheme 3) for topology aware partitions
Converse/Charm++ Commit ID: 
CharmLB> Load balancer assumes all CPUs are same.
Charm++> Running on 1 hosts (2 sockets x 6 cores x 1 PUs = 12-way SMP)
Charm++> cpu topology info is gathered in 0.001 seconds.
Info: Built with CUDA version 11080
Pe 4 physical rank 4 will use CUDA device of pe 8
Pe 6 physical rank 6 will use CUDA device of pe 8
Pe 8 physical rank 8 binding to CUDA device 0 on k203: 'NVIDIA H200'  Mem: 143426MB  Rev: 9.0  PCI: 0:af:0
Pe 7 physical rank 7 will use CUDA device of pe 8
Pe 9 physical rank 9 will use CUDA device of pe 8
Did not find +devices i,j,k,... argument, using all
Pe 10 physical rank 10 will use CUDA device of pe 8
Pe 1 physical rank 1 will use CUDA device of pe 8
Pe 5 physical rank 5 will use CUDA device of pe 8
Pe 2 physical rank 2 will use CUDA device of pe 8
Pe 11 physical rank 11 will use CUDA device of pe 8
Pe 0 physical rank 0 will use CUDA device of pe 8
Pe 3 physical rank 3 will use CUDA device of pe 8
CharmLB> Load balancing instrumentation for communication is off.
Info: NAMD 3.0.1 for Linux-x86_64-multicore-CUDA
Info: 
Info: Please visit http://www.ks.uiuc.edu/Research/namd/
Info: for updates, documentation, and support information.
Info: 
Info: Please cite Phillips et al., J. Chem. Phys. 153:044130 (2020) doi:10.1063/5.0014475
Info: in all publications reporting results obtained with NAMD.
Info: 
Info: Based on Charm++/Converse 80000 for multicore-linux-x86_64-gcc
Info: Built Mon Oct 14 10:33:44 CDT 2024 by dhardy on athine.ks.uiuc.edu
Info: 1 NAMD  3.0.1  Linux-x86_64-multicore-CUDA  12    k203  z5358697
Info: Running on 12 processors, 1 nodes, 1 physical nodes.
Info: CPU topology information available.
Info: Charm++/Converse parallel runtime startup completed at 0.14477 s
CkLoopLib is used in SMP with simple dynamic scheduling (converse-level notification)
Info: 0 MB of memory in use based on /proc/self/stat
Info: Configuration file is prod.namd
Info: Working in the current directory /srv/scratch/z5358697/zz-verify/2481002/12
TCL: Running FEP window   1: Lambda1 0.60   Lambda2 0.65   [dLambda 0.050000000000000044]
TCL: Suspending until startup complete.
Warning: The following variables were set in the
Warning: configuration file but will be ignored:
Warning:    switchdist (switching)
Warning: Option "1-4scaling" has been deprecated. Instead use "oneFourScaling".
Info: EXTENDED SYSTEM FILE   mobley_2481002_equil.xsc
Info: Tuning parameters to improve GPU-resident performance
Warning: Keeping margin at user-specified value 2
Warning: Performance might be improved by increasing margin size to >= 4
Warning: Disabling lonepair support due to incompatability with GPU-resident.
Info: Running with GPU-resident mode
Warning: Always using force tables for GPU nonbonded kernel due to unsupported config parameters.
Info: SIMULATION PARAMETERS:
Info: TIMESTEP               2
Info: NUMBER OF STEPS        0
Info: STEPS PER CYCLE        10
Info: PERIODIC CELL BASIS 1  31.5072 0 0
Info: PERIODIC CELL BASIS 2  0 31.0867 0
Info: PERIODIC CELL BASIS 3  0 0 31.2912
Info: PERIODIC CELL CENTER   0 0 0
Info: WRAPPING WATERS AROUND PERIODIC BOUNDARIES ON OUTPUT.
Info: WRAPPING ALL CLUSTERS AROUND PERIODIC BOUNDARIES ON OUTPUT.
Info: LOAD BALANCER  Centralized
Info: LOAD BALANCING STRATEGY  New Load Balancers -- DEFAULT
Info: LDB PERIOD             2000 steps
Info: FIRST LDB TIMESTEP     50
Info: LAST LDB TIMESTEP     -1
Info: LDB BACKGROUND SCALING 1
Info: HOM BACKGROUND SCALING 1
Info: PME BACKGROUND SCALING 1
Info: MIN ATOMS PER PATCH    40
Info: EMPTY PATCH LOAD       40 ATOMS
Info: VELOCITY FILE          mobley_2481002_equil.vel
Info: CENTER OF MASS MOVING INITIALLY? NO
Info: DIELECTRIC             1
Info: EXCLUDE                SCALED ONE-FOUR
Info: 1-4 ELECTROSTATICS SCALED BY 0.833333
Info: MODIFIED 1-4 VDW PARAMETERS WILL BE USED
Info: DCD FILENAME           mobley_2481002_prod.dcd
Info: DCD FREQUENCY          100000
Info: DCD FIRST STEP         100000
Info: DCD FILE WILL CONTAIN UNIT CELL DATA
Info: XST FILENAME           mobley_2481002_prod.xst
Info: XST FREQUENCY          100000
Info: NO VELOCITY DCD OUTPUT
Info: NO FORCE DCD OUTPUT
Info: OUTPUT FILENAME        mobley_2481002_prod
Info: BINARY OUTPUT FILES WILL BE USED
Info: RESTART FILENAME       mobley_2481002_prod.restart
Info: RESTART FREQUENCY      100000
Info: BINARY RESTART FILES WILL BE USED
Info: CUTOFF                 9
Info: PAIRLIST DISTANCE      11
Info: PAIRLIST SHRINK RATE   0.01
Info: PAIRLIST GROW RATE     0.01
Info: PAIRLIST TRIGGER       0.3
Info: PAIRLISTS PER CYCLE    2
Info: PAIRLISTS ENABLED
Info: MARGIN                 2
Info: HYDROGEN GROUP CUTOFF  2.5
Info: PATCH DIMENSION        15.5
Info: ENERGY OUTPUT STEPS    100000
Warning: The period of outputting energies relating to alchemical transformations (alchOutFreq = 50) is not a multiple of the period of computing energies (computeEnergies = 100000). If alchOutFreq is smaller than outputEnergies and computeEnergies is not defined, a better solution is to set computeEnergies explicitly and keep it the same as alchOutFreq. The simulation will use the greatest common divisor of computeEnergies and alchOutFreq as the period of energy evaluation.
Info: ENERGY EVALUATION STEPS    100000
Info: OUTPUT ENERGY PRECISION 4
Info: CROSSTERM ENERGY INCLUDED IN DIHEDRAL
Info: TIMING OUTPUT STEPS    1000000
Info: PRESSURE OUTPUT STEPS  100000
Info: ALCHEMICAL FEP ON
Info: FEP CURRENT LAMBDA VALUE     0.6
Info: FEP COMPARISON LAMBDA VALUE  0.65
Info: FEP INTRA-ALCHEMICAL NON-BONDED INTERACTIONS WILL BE RETAINED
Info: FEP INTRA-ALCHEMICAL BONDED INTERACTIONS WILL BE RETAINED
Info: FEP VDW SHIFTING COEFFICIENT 5
Info: FEP ELEC. ACTIVE FOR ANNIHILATED PARTICLES BETWEEN LAMBDA = 0 AND LAMBDA = 0.5
Info: FEP ELEC. ACTIVE FOR EXNIHILATED PARTICLES BETWEEN LAMBDA = 0.5 AND LAMBDA = 1
Info: FEP VDW ACTIVE FOR ANNIHILATED PARTICLES BETWEEN LAMBDA = 0 AND LAMBDA = 1
Info: FEP VDW ACTIVE FOR EXNIHILATED PARTICLES BETWEEN LAMBDA = 0 AND LAMBDA = 1
Info: FEP BOND ACTIVE FOR ANNIHILATED PARTICLES BETWEEN LAMBDA = 1 AND LAMBDA = 1
Info: FEP BOND ACTIVE FOR EXNIHILATED PARTICLES BETWEEN LAMBDA = 0 AND LAMBDA = 0
Info: LANGEVIN DYNAMICS ACTIVE
Info: LANGEVIN TEMPERATURE   300
Info: LANGEVIN USING BBK INTEGRATOR
Info: LANGEVIN DAMPING COEFFICIENT IS 1 INVERSE PS
Info: LANGEVIN DYNAMICS APPLIED TO HYDROGENS
Info: LANGEVIN PISTON PRESSURE CONTROL ACTIVE
Info:        TARGET PRESSURE IS 1.01325 BAR
Info:     OSCILLATION PERIOD IS 50 FS
Info:             DECAY TIME IS 25 FS
Info:     PISTON TEMPERATURE IS 300 K
Info:       PRESSURE CONTROL IS GROUP-BASED
Info:    INITIAL STRAIN RATE IS -0.00047229 -0.00047229 -0.00047229
Info:       CELL FLUCTUATION IS ISOTROPIC
Info: PARTICLE MESH EWALD (PME) ACTIVE
Info: PME TOLERANCE               1e-06
Info: PME EWALD COEFFICIENT       0.348832
Info: PME INTERPOLATION ORDER     4
Info: PME GRID DIMENSIONS         32 32 32
Info: PME MAXIMUM GRID SPACING    1
Info: PME CALCULATION WILL BE PERFORMED ON GPU
Info: FULL ELECTROSTATIC EVALUATION FREQUENCY      2
Info: USING VERLET I (r-RESPA) MTS SCHEME.
Info: C1 SPLITTING OF LONG RANGE ELECTROSTATICS
Info: PLACING ATOMS IN PATCHES BY HYDROGEN GROUPS
Info: RIGID BONDS TO HYDROGEN : ALL
Info:         ERROR TOLERANCE : 1e-08
Info:          MAX ITERATIONS : 100
Info: RIGID WATER USING SETTLE ALGORITHM
Info: RANDOM NUMBER SEED     1742723654
Info: USE HYDROGEN BONDS?    NO
Info: Using AMBER format force field!
Info: AMBER PARM FILE        mobley_2481002.prmtop
Info: COORDINATE PDB         mobley_2481002.pdb
Info: Exclusions will be read from PARM file!
Info: SCNB (VDW SCALING)     2
Info: USING ARITHMETIC MEAN TO COMBINE L-J SIGMA PARAMETERS
Info: BINARY COORDINATES     mobley_2481002_equil.coor
Info: === Start reading AMBER parm7 format file mobley_2481002.prmtop ===
Info: Complete reading ATOM_NAME with 2971 fields.
Info: Complete reading CHARGE with 2971 fields.
Info: Complete reading ATOMIC_NUMBER with 2971 fields.
Info: Complete reading MASS with 2971 fields.
Info: Complete reading ATOM_TYPE_INDEX with 2971 fields.
Info: Complete reading NUMBER_EXCLUDED_ATOMS with 2971 fields.
Info: Complete reading NONBONDED_PARM_INDEX with 36 fields.
Info: Complete reading RESIDUE_LABEL with 989 fields.
Info: Complete reading RESIDUE_POINTER with 989 fields.
Info: Complete reading BOND_FORCE_CONSTANT with 5 fields.
Info: Complete reading BOND_EQUIL_VALUE with 5 fields.
Info: Complete reading ANGLE_FORCE_CONSTANT with 4 fields.
Info: Complete reading ANGLE_EQUIL_VALUE with 4 fields.
Info: Complete reading DIHEDRAL_FORCE_CONSTANT with 1 fields.
Info: Complete reading DIHEDRAL_PERIODICITY with 1 fields.
Info: Complete reading DIHEDRAL_PHASE with 1 fields.
Info: Complete reading SCEE_SCALE_FACTOR with 1 fields.
Info: Complete reading SCNB_SCALE_FACTOR with 1 fields.
Info: Complete reading LENNARD_JONES_ACOEF with 21 fields.
Info: Complete reading LENNARD_JONES_BCOEF with 21 fields.
Info: Complete reading BONDS_INC_HYDROGEN with 8892 fields.
Info: Complete reading BONDS_WITHOUT_HYDROGEN with 18 fields.
Info: Complete reading ANGLES_INC_HYDROGEN with 0 fields.
Info: Complete reading ANGLES_WITHOUT_HYDROGEN with 36 fields.
Info: Complete reading DIHEDRALS_INC_HYDROGEN with 0 fields.
Info: Complete reading DIHEDRALS_WITHOUT_HYDROGEN with 30 fields.
Info: Complete reading EXCLUDED_ATOMS_LIST with 3974 fields.
Info: Complete reading HBOND_ACOEF with 0 fields.
Info: Complete reading HBOND_BCOEF with 0 fields.
Info: Complete reading AMBER_ATOM_TYPE with 2971 fields.
Info: Complete reading TREE_CHAIN_CLASSIFICATION with 2971 fields.
Info: Complete reading ATOMS_PER_MOLECULE with 989 fields.
Info: Complete reading BOX_DIMENSIONS with 4 fields.
Info: Complete reading RADIUS_SET with 1 fields.
Info: Complete reading RADII with 2971 fields.
Info: Complete reading SCREEN with 2971 fields.
Info: === Finish reading AMBER parm7 format file. ===
Warning: Found 988 H-H bonds.
Info: SUMMARY OF PARAMETERS:
Info: 5 BONDS
Info: 4 ANGLES
Info:   4 HARMONIC
Info:   0 COSINE-BASED
Info: 1 DIHEDRAL
Info: 0 IMPROPER
Info: 0 CROSSTERM
Info: 0 VDW
Info: 21 VDW_PAIRS
Info: 0 NBTHOLE_PAIRS
Info: Reading pdb file mobley_2481002.pdb
Info: TIME FOR READING PDB FILE: 0.582558
Info: 
Info: To read alchdata from file: mobley_2481002.pdb
Info: To read alchflag data from column: 5
Info: ****************************
Info: STRUCTURE SUMMARY:
Info: 2971 ATOMS
Info: 2970 BONDS
Info: 9 ANGLES
Info: 6 DIHEDRALS
Info: 0 IMPROPERS
Info: 0 CROSSTERMS
Info: 2985 EXCLUSIONS
Info: 2964 RIGID BONDS
Info: ALCH: 0 ATOMS TO DISAPPEAR IN FINAL STATE
Info: ALCH: 7 ATOMS TO APPEAR IN FINAL STATE
Info: 5949 DEGREES OF FREEDOM
Info: 995 HYDROGEN GROUPS
Info: 3 ATOMS IN LARGEST HYDROGEN GROUP
Info: 995 MIGRATION GROUPS
Info: 3 ATOMS IN LARGEST MIGRATION GROUP
Info: TOTAL MASS = 17964.2 amu
Info: TOTAL CHARGE = 1.11759e-08 e
Info: MASS DENSITY = 0.973328 g/cm^3
Info: ATOM DENSITY = 0.0969383 atoms/A^3
Info: *****************************
Info: Reading from binary file mobley_2481002_equil.coor
Info: 
Info: Entering startup at 1.27554 s, 0 MB of memory in use
Info: Startup phase 0 took 7.5916e-05 s, 0 MB of memory in use
Info: ADDED 0 IMPLICIT EXCLUSIONS
Info: Startup phase 1 took 0.000928212 s, 0 MB of memory in use
Info: NONBONDED TABLE R-SQUARED SPACING: 0.0625
Info: NONBONDED TABLE SIZE: 705 POINTS
Info: INCONSISTENCY IN FAST TABLE ENERGY VS FORCE: 0.000290481 AT 0.251946
Info: INCONSISTENCY IN SCOR TABLE ENERGY VS FORCE: 0.000238233 AT 8.9687
Info: ABSOLUTE IMPRECISION IN VDWA TABLE ENERGY: 1.21169e-27 AT 8.99653
Info: ABSOLUTE IMPRECISION IN VDWA TABLE FORCE: 2.57484e-27 AT 8.99653
Info: INCONSISTENCY IN VDWA TABLE ENERGY VS FORCE: 0.0040507 AT 0.251946
Info: INCONSISTENCY IN VDWB TABLE ENERGY VS FORCE: 0.00150189 AT 0.251946
Info: Startup phase 2 took 0.000185921 s, 0 MB of memory in use
Info: Startup phase 3 took 5.1008e-05 s, 0 MB of memory in use
Info: Startup phase 4 took 0.000172356 s, 0 MB of memory in use
Info: Startup phase 5 took 5.3962e-05 s, 0 MB of memory in use
Info: REDUCING NUMBER OF PATCHES TO IMPROVE LOAD BALANCE
Info: PATCH GRID IS 3 (PERIODIC) BY 2 (PERIODIC) BY 2 (PERIODIC)
Info: PATCH GRID IS 2-AWAY BY 1-AWAY BY 1-AWAY
Info: Reading from binary file mobley_2481002_equil.vel
Info: REMOVING COM VELOCITY -0.248489 -0.0947414 -0.0660439
Info: LARGEST PATCH (6) HAS 261 ATOMS
Info: TORUS A SIZE 1 USING 0
Info: TORUS B SIZE 1 USING 0
Info: TORUS C SIZE 1 USING 0
Info: TORUS MINIMAL MESH SIZE IS 1 BY 1 BY 1
Info: Placed 100% of base nodes on same physical node as patch
Info: Startup phase 6 took 0.00936886 s, 0 MB of memory in use
Info: Use 3D box decompostion in PME FFT.
Info: PME using 1 x 1 x 1 pencil grid for FFT and reciprocal sum.
Info: Startup phase 7 took 0.000160732 s, 0 MB of memory in use
Info: Updated CUDA force table with 4096 elements.
Info: Updated CUDA LJ table with 6 x 6 elements.
Info: Startup phase 8 took 0.000587112 s, 0 MB of memory in use
Info: Startup phase 9 took 6.6288e-05 s, 0 MB of memory in use
Info: Startup phase 10 took 5.9397e-05 s, 0 MB of memory in use
Info: Startup phase 11 took 0.00154815 s, 0 MB of memory in use
LDB: Central LB being created...
Info: Startup phase 12 took 0.00388341 s, 0 MB of memory in use
Info: CREATING 456 COMPUTE OBJECTS
Info: Found 10 unique exclusion lists needing 12 bytes
Info: useSync: 0 useProxySync: 0
Info: Startup phase 13 took 0.0126146 s, 0 MB of memory in use
Info: Startup phase 14 took 7.3046e-05 s, 0 MB of memory in use
Info: Startup phase 15 took 6.0409e-05 s, 0 MB of memory in use
Info: Finished startup at 1.30543 s, 0 MB of memory in use

TCL: Running for 2500000 steps
FEP: RESETTING FOR NEW FEP WINDOW LAMBDA SET TO 0.6 LAMBDA2 0.65
FEP: WINDOW TO HAVE 100000 STEPS OF EQUILIBRATION PRIOR TO FEP DATA COLLECTION.
FEP: USING CONSTANT TEMPERATURE OF 300 K FOR FEP CALCULATION
PRESSURE: 0 -505.262 136.404 35.2928 136.405 1028.57 283.395 35.2927 283.394 -386.531
GPRESSURE: 0 -511.469 52.0382 454.472 277.128 1209.25 485.844 -508.995 319.218 -332.334
ETITLE:      TS           BOND          ANGLE          DIHED          IMPRP               ELECT            VDW       BOUNDARY           MISC        KINETIC               TOTAL           TEMP      POTENTIAL       TOTALAVG        TEMPAVG            PRESSURE      GPRESSURE         VOLUME       PRESSAVG      GPRESSAVG
FEPTITLE:    TS          BOND2         ELECT2           VDW2

ENERGY:       0         0.5378         2.0778         0.0000         0.0000         -10768.0960      1448.2271         0.0000         0.0000      1751.9287          -7565.3246       296.3895     -9317.2533     -7565.3246       296.3895             45.5925       121.8158     30648.3680        45.5925       121.8158
FEP:          0         2.6156    -10768.2100      1447.6237

OPENING FEP ENERGY OUTPUT FILE
OPENING EXTENDED SYSTEM TRAJECTORY FILE
Info: Initial time: 12 CPUs 0.000740924 s/step 233.222 ns/day 0 MB memory
Info: Initial time: 12 CPUs 0.000340129 s/step 508.043 ns/day 0 MB memory
Info: Initial time: 12 CPUs 0.000338817 s/step 510.009 ns/day 0 MB memory
Info: Benchmark time: 12 CPUs 0.000336495 s/step 513.529 ns/day 0 MB memory
Info: Benchmark time: 12 CPUs 0.000356653 s/step 484.505 ns/day 0 MB memory
Info: Benchmark time: 12 CPUs 0.000339924 s/step 508.349 ns/day 0 MB memory
Info: Benchmark time: 12 CPUs 0.000338591 s/step 510.35 ns/day 0 MB memory
Info: Benchmark time: 12 CPUs 0.000337852 s/step 511.467 ns/day 0 MB memory
Info: Benchmark time: 12 CPUs 0.000363392 s/step 475.519 ns/day 0 MB memory
PRESSURE: 100000 492.893 328.23 676.102 328.231 350.88 -172.467 676.101 -172.465 858.431
GPRESSURE: 100000 585.474 565.16 465.997 55.14 398.229 -216.196 715.264 60.4368 1028.89
PRESSAVG: 100000 -6.18461 232.318 355.697 232.318 689.725 55.4647 355.697 55.4647 235.95
GPRESSAVG: 100000 37.0028 308.599 460.234 166.134 803.74 134.824 103.135 189.827 348.276
ENERGY:  100000         0.5378         2.5008         0.0000         0.0000         -10895.1088      1533.5252         0.0000         0.0000      1781.6931          -7576.8520       301.4250     -9358.5451     -7571.0883       298.9073            567.4011       670.8632     30336.0226       306.4968       396.3395
FEP:     100000         3.0386    -10895.2163      1533.5995

WRITING EXTENDED SYSTEM TO RESTART FILE AT STEP 100000
OPENING COORDINATE DCD FILE
WRITING COORDINATES TO DCD FILE mobley_2481002_prod.dcd AT STEP 100000
WRITING COORDINATES TO RESTART FILE AT STEP 100000
FINISHED WRITING RESTART COORDINATES
The last position output (seq=100000) takes 0.015 seconds, 0.000 MB of memory in use
WRITING VELOCITIES TO RESTART FILE AT STEP 100000
FINISHED WRITING RESTART VELOCITIES
The last velocity output (seq=100000) takes 0.009 seconds, 0.000 MB of memory in use
PRESSURE: 200000 159.425 -174.17 -332.167 -174.171 377.376 -220.809 -332.167 -220.807 362.267
GPRESSURE: 200000 -91.3861 160.812 -442.85 -179.648 683.236 -489.819 -313.114 -120.51 502.96
PRESSAVG: 200000 49.0186 96.8217 126.409 96.8217 585.609 -36.626 126.409 -36.626 278.056
GPRESSAVG: 200000 -5.79352 259.337 159.206 50.8734 763.572 -73.3903 -35.615 86.3814 399.837
ENERGY:  200000         2.2046         1.6332         0.0000         0.0000         -10755.8100      1478.5587         0.0000         0.0000      1800.9661          -7472.4474       304.6856     -9273.4135     -7538.2080       300.8334            299.6896       364.9365     30762.5722       304.2277       385.8719
FEP:     200000         3.8378    -10755.8299      1478.2110

WRITING EXTENDED SYSTEM TO RESTART FILE AT STEP 200000
WRITING COORDINATES TO DCD FILE mobley_2481002_prod.dcd AT STEP 200000
WRITING COORDINATES TO RESTART FILE AT STEP 200000
FINISHED WRITING RESTART COORDINATES
The last position output (seq=200000) takes 0.017 seconds, 0.000 MB of memory in use
WRITING VELOCITIES TO RESTART FILE AT STEP 200000
FINISHED WRITING RESTART VELOCITIES
The last velocity output (seq=200000) takes 0.016 seconds, 0.000 MB of memory in use
PRESSURE: 300000 976.363 183.455 -156.548 183.458 200.825 491.541 -156.546 491.545 -350.474
GPRESSURE: 300000 1266.66 29.8333 69.7625 265.967 124.482 368.797 -311.926 870.211 -205.359
PRESSAVG: 300000 280.855 118.481 55.6703 118.481 489.413 95.4167 55.6703 95.4167 120.923
GPRESSAVG: 300000 312.32 201.961 136.845 104.647 603.799 37.1565 -104.693 282.339 248.538
ENERGY:  300000         2.5961         2.5476         0.0000         0.0000         -10857.8252      1470.3769         0.0000         0.0000      1751.6352          -7630.6693       296.3399     -9382.3046     -7561.3233       299.7100            275.5715       395.2608     30032.4248       297.0637       388.2191
FEP:     300000         5.1437    -10857.9566      1472.2097

WRITING EXTENDED SYSTEM TO RESTART FILE AT STEP 300000
WRITING COORDINATES TO DCD FILE mobley_2481002_prod.dcd AT STEP 300000
WRITING COORDINATES TO RESTART FILE AT STEP 300000
FINISHED WRITING RESTART COORDINATES
The last position output (seq=300000) takes 0.021 seconds, 0.000 MB of memory in use
WRITING VELOCITIES TO RESTART FILE AT STEP 300000
FINISHED WRITING RESTART VELOCITIES
The last velocity output (seq=300000) takes 0.019 seconds, 0.000 MB of memory in use
PRESSURE: 400000 478.343 -184.022 190.466 -184.022 127.937 71.1906 190.468 71.1956 522.688
GPRESSURE: 400000 627.367 -687.644 216.026 101.285 -106.46 -36.2393 -11.0111 213.264 537.457
PRESSAVG: 400000 320.352 57.9801 82.6298 57.9801 417.118 90.5725 82.6298 90.5725 201.276
GPRESSAVG: 400000 375.329 24.0399 152.681 103.974 461.748 22.4774 -85.9565 268.524 306.322
ENERGY:  400000         1.6276         2.6564         0.0000         0.0000         -10893.9028      1505.6838         0.0000         0.0000      1796.6545          -7587.2805       303.9562     -9383.9350     -7566.5148       300.5592            376.3225       352.7881     30605.4684       312.9154       381.1329
FEP:     400000         4.2840    -10893.9558      1505.1968

WRITING EXTENDED SYSTEM TO RESTART FILE AT STEP 400000
WRITING COORDINATES TO DCD FILE mobley_2481002_prod.dcd AT STEP 400000
WRITING COORDINATES TO RESTART FILE AT STEP 400000
FINISHED WRITING RESTART COORDINATES
The last position output (seq=400000) takes 0.020 seconds, 0.000 MB of memory in use
WRITING VELOCITIES TO RESTART FILE AT STEP 400000
FINISHED WRITING RESTART VELOCITIES
The last velocity output (seq=400000) takes 0.018 seconds, 0.000 MB of memory in use
PRESSURE: 500000 -106.965 317.454 -582.308 317.454 213.619 -205.677 -582.31 -205.677 -247.841
GPRESSURE: 500000 -288.254 697.628 -579.719 69.6751 372.845 -273.734 -693.76 -237.643 -38.5013
PRESSAVG: 500000 249.133 101.226 -28.1935 101.226 383.201 41.1976 -28.1935 41.1976 126.423
GPRESSAVG: 500000 264.732 136.305 30.6146 98.2578 446.931 -26.8911 -187.257 184.163 248.851
ENERGY:  500000         0.4991         1.0684         0.0000         0.0000         -10751.2698      1449.5295         0.0000         0.0000      1760.8925          -7539.2803       297.9060     -9300.1727     -7561.9757       300.1170            -47.0624        15.3632     30877.4741       252.9191       320.1713
FEP:     500000         1.5675    -10751.1889      1449.2035

WRITING EXTENDED SYSTEM TO RESTART FILE AT STEP 500000
WRITING COORDINATES TO DCD FILE mobley_2481002_prod.dcd AT STEP 500000
WRITING COORDINATES TO RESTART FILE AT STEP 500000
FINISHED WRITING RESTART COORDINATES
The last position output (seq=500000) takes 0.024 seconds, 0.000 MB of memory in use
WRITING VELOCITIES TO RESTART FILE AT STEP 500000
FINISHED WRITING RESTART VELOCITIES
The last velocity output (seq=500000) takes 0.024 seconds, 0.000 MB of memory in use
PRESSURE: 600000 -1091.75 62.7743 -532.581 62.7762 -1021.08 -157.604 -532.581 -157.603 -667.266
GPRESSURE: 600000 -1222.25 18.5457 -496.358 80.886 -822.073 -267.909 -605.666 75.523 -428.519
PRESSAVG: 600000 57.5781 95.733 -100.249 95.733 182.59 12.7976 -100.249 12.7976 13.0391
GPRESSAVG: 600000 52.306 119.482 -44.6672 95.7761 265.644 -61.3223 -247.03 168.643 152.084
ENERGY:  600000         0.2175         2.6722         0.0000         0.0000         -10766.5952      1381.8742         0.0000         0.0000      1766.3455          -7615.4859       298.8285     -9381.8314     -7569.6200       299.9330           -926.6983      -824.2804     31075.6985        84.4024       156.6782
FEP:     600000         2.8896    -10766.7929      1382.3288

WRITING EXTENDED SYSTEM TO RESTART FILE AT STEP 600000
WRITING COORDINATES TO DCD FILE mobley_2481002_prod.dcd AT STEP 600000
WRITING COORDINATES TO RESTART FILE AT STEP 600000
FINISHED WRITING RESTART COORDINATES
The last position output (seq=600000) takes 0.022 seconds, 0.000 MB of memory in use
WRITING VELOCITIES TO RESTART FILE AT STEP 600000
FINISHED WRITING RESTART VELOCITIES
PRESSURE: 700000 -1223.81 -54.8494 -261.473 -54.8475 -706.77 -244.324 -261.47 -244.318 258.185
GPRESSURE: 700000 -1211.05 -49.2263 -427.487 -424.767 -607.6 -414.11 23.076 117.935 149.186
PRESSAVG: 700000 -102.596 76.9104 -120.402 76.9104 71.4199 -19.3419 -120.402 -19.3419 43.6824
GPRESSAVG: 700000 -105.614 98.3933 -92.5196 30.7082 156.489 -105.421 -213.267 162.304 151.722
ENERGY:  700000         0.4499         2.7413         0.0000         0.0000         -10752.8175      1388.8606         0.0000         0.0000      1759.6494          -7601.1163       297.6957     -9360.7657     -7573.5570       299.6533           -557.4663      -556.4889     30690.3195         4.1688        67.5323
FEP:     700000         3.1912    -10752.8028      1389.0052

WRITING EXTENDED SYSTEM TO RESTART FILE AT STEP 700000
WRITING COORDINATES TO DCD FILE mobley_2481002_prod.dcd AT STEP 700000
WRITING COORDINATES TO RESTART FILE AT STEP 700000
FINISHED WRITING RESTART COORDINATES
The last position output (seq=700000) takes 0.023 seconds, 0.000 MB of memory in use
WRITING VELOCITIES TO RESTART FILE AT STEP 700000
FINISHED WRITING RESTART VELOCITIES
PRESSURE: 800000 1231.6 -137.337 174.101 -137.335 424.376 35.0856 174.101 35.0858 -24.1379
GPRESSURE: 800000 1245.88 -510.485 394.664 -0.954567 664.427 188.019 9.16313 82.3743 -22.3977
PRESSAVG: 800000 45.6486 53.1054 -87.6791 53.1054 110.637 -13.2943 -87.6791 -13.2943 36.1468
GPRESSAVG: 800000 44.5516 30.7402 -38.3881 27.1901 212.926 -72.8163 -188.552 153.423 132.375
ENERGY:  800000         3.0141         1.9324         0.0000         0.0000         -10904.5618      1534.5381         0.0000         0.0000      1810.6862          -7554.3910       306.3301     -9365.0772     -7571.4275       300.3952            543.9477       629.3015     30400.1727        64.1442       129.9511
FEP:     800000         4.9465    -10904.6358      1534.1351

WRITING EXTENDED SYSTEM TO RESTART FILE AT STEP 800000
WRITING COORDINATES TO DCD FILE mobley_2481002_prod.dcd AT STEP 800000
WRITING COORDINATES TO RESTART FILE AT STEP 800000
FINISHED WRITING RESTART COORDINATES
The last position output (seq=800000) takes 0.021 seconds, 0.000 MB of memory in use
WRITING VELOCITIES TO RESTART FILE AT STEP 800000
FINISHED WRITING RESTART VELOCITIES
PRESSURE: 900000 729.958 -350.326 -523.203 -350.327 172.556 -288.804 -523.205 -288.806 -177.993
GPRESSURE: 900000 760.982 -108.851 -588.836 -633.504 88.7764 -180.733 -272.851 -66.2987 -108.615
PRESSAVG: 900000 114.079 12.7622 -131.232 12.7622 116.829 -40.8455 -131.232 -40.8455 14.7329
GPRESSAVG: 900000 116.195 16.7811 -93.4328 -38.8793 200.511 -83.6079 -196.982 131.451 108.276
ENERGY:  900000         2.8748         3.1812         0.0000         0.0000         -10923.3905      1497.9425         0.0000         0.0000      1734.7525          -7684.6395       293.4837     -9419.3920     -7582.7487       299.7040            241.5070       247.0478     30381.7732        81.8805       141.6608
FEP:     900000         6.0560    -10923.5530      1497.7075

WRITING EXTENDED SYSTEM TO RESTART FILE AT STEP 900000
WRITING COORDINATES TO DCD FILE mobley_2481002_prod.dcd AT STEP 900000
WRITING COORDINATES TO RESTART FILE AT STEP 900000
FINISHED WRITING RESTART COORDINATES
The last position output (seq=900000) takes 0.021 seconds, 0.000 MB of memory in use
WRITING VELOCITIES TO RESTART FILE AT STEP 900000
FINISHED WRITING RESTART VELOCITIES
PRESSURE: 1000000 237.751 148.356 -99.5636 148.352 810.482 -122.686 -99.5637 -122.689 97.4587
GPRESSURE: 1000000 417.211 410.414 -871.045 84.5957 932.584 -76.4872 121.169 -67.3258 -24.5149
PRESSAVG: 1000000 125.322 25.0886 -128.353 25.0886 179.888 -48.2858 -128.353 -48.2858 22.2534
GPRESSAVG: 1000000 143.56 52.566 -164.125 -27.6543 267.063 -82.9606 -168.059 113.38 96.2043
TIMING: 1000000  CPU: 342.067, 0.000340903/step  Wall: 342.864, 0.000342841/step, 504.024 ns/days, 0.14285 hours remaining, 0.000000 MB of memory in use.
PERFORMANCE: 1000000  averaging 504.024 ns/day, 0.000342841 sec/step with standard deviation 0
ETITLE:      TS           BOND          ANGLE          DIHED          IMPRP               ELECT            VDW       BOUNDARY           MISC        KINETIC               TOTAL           TEMP      POTENTIAL       TOTALAVG        TEMPAVG            PRESSURE      GPRESSURE         VOLUME       PRESSAVG      GPRESSAVG
FEPTITLE:    TS          BOND2         ELECT2           VDW2

ENERGY: 1000000         1.6989         3.7468         0.0000         0.0000         -10795.6270      1462.2652         0.0000         0.0000      1864.4152          -7463.5009       315.4199     -9327.9161     -7571.9080       301.1327            381.8973       441.7598     30237.3263       109.1548       168.9425
FEP:    1000000         5.4457    -10795.6741      1462.1439

WRITING EXTENDED SYSTEM TO RESTART FILE AT STEP 1000000
WRITING COORDINATES TO DCD FILE mobley_2481002_prod.dcd AT STEP 1000000
WRITING COORDINATES TO RESTART FILE AT STEP 1000000
FINISHED WRITING RESTART COORDINATES
The last position output (seq=1000000) takes 0.025 seconds, 0.000 MB of memory in use
WRITING VELOCITIES TO RESTART FILE AT STEP 1000000
FINISHED WRITING RESTART VELOCITIES
PRESSURE: 1100000 831.698 -296.597 -255.347 -296.598 271.371 430.332 -255.348 430.333 539.159
GPRESSURE: 1100000 856.891 187.128 -686.272 -353.334 309.889 257.279 109.273 740.286 506.842
PRESSAVG: 1100000 184.187 -1.71861 -138.936 -1.71861 187.512 -8.40096 -138.936 -8.40096 65.3288
GPRESSAVG: 1100000 203.004 63.7795 -207.637 -54.7942 270.632 -54.6073 -144.948 165.623 130.424
ENERGY: 1100000         1.6792         4.7792         0.0000         0.0000         -10808.2685      1479.6787         0.0000         0.0000      1784.8335          -7537.2979       301.9563     -9322.1314     -7569.0238       301.2014            547.4093       557.8741     30015.2427       145.6760       201.3535
FEP:    1100000         6.4584    -10808.3429      1479.8474

WRITING EXTENDED SYSTEM TO RESTART FILE AT STEP 1100000
WRITING COORDINATES TO DCD FILE mobley_2481002_prod.dcd AT STEP 1100000
WRITING COORDINATES TO RESTART FILE AT STEP 1100000
FINISHED WRITING RESTART COORDINATES
WRITING VELOCITIES TO RESTART FILE AT STEP 1100000
FINISHED WRITING RESTART VELOCITIES
PRESSURE: 1200000 -25.4219 -628.628 -80.9565 -628.625 -473.895 45.0776 -80.9567 45.0777 -47.2673
GPRESSURE: 1200000 152.88 -658.142 146.754 -712.707 -506.47 131.295 -250.713 221.413 31.0592
PRESSAVG: 1200000 168.063 -49.9422 -134.476 -49.9422 136.635 -4.28722 -134.476 -4.28722 56.6676
GPRESSAVG: 1200000 199.148 8.2471 -180.376 -105.403 210.855 -40.3071 -153.084 169.914 122.781
ENERGY: 1200000         0.1621         2.2749         0.0000         0.0000         -10829.9503      1423.8735         0.0000         0.0000      1833.2014          -7570.4383       310.1392     -9403.6398     -7569.1326       301.8889           -182.1948      -107.5104     30243.0856       120.4551       177.5947
FEP:    1200000         2.4370    -10830.0210      1423.3083

WRITING EXTENDED SYSTEM TO RESTART FILE AT STEP 1200000
WRITING COORDINATES TO DCD FILE mobley_2481002_prod.dcd AT STEP 1200000
WRITING COORDINATES TO RESTART FILE AT STEP 1200000
FINISHED WRITING RESTART COORDINATES
WRITING VELOCITIES TO RESTART FILE AT STEP 1200000
FINISHED WRITING RESTART VELOCITIES
PRESSURE: 1300000 84.5929 -284.442 115.42 -284.442 -449.999 -93.5201 115.417 -93.5188 421.219
GPRESSURE: 1300000 146.496 -118.088 298.228 -427.823 -322.753 -132.291 79.2771 -17.8086 558.125
PRESSAVG: 1300000 162.101 -66.6922 -116.626 -66.6922 94.7321 -10.6609 -116.626 -10.6609 82.707
GPRESSAVG: 1300000 195.387 -0.776812 -146.19 -128.433 172.74 -46.8774 -136.487 156.505 153.877
ENERGY: 1300000         1.3480         3.3726         0.0000         0.0000         -10781.0093      1477.2910         0.0000         0.0000      1784.9323          -7514.0654       301.9730     -9298.9977     -7565.1992       301.8949             18.6042       127.2896     31136.6957       113.1801       174.0015
FEP:    1300000         4.7206    -10780.9400      1476.9133

WRITING EXTENDED SYSTEM TO RESTART FILE AT STEP 1300000
WRITING COORDINATES TO DCD FILE mobley_2481002_prod.dcd AT STEP 1300000
WRITING COORDINATES TO RESTART FILE AT STEP 1300000
FINISHED WRITING RESTART COORDINATES
WRITING VELOCITIES TO RESTART FILE AT STEP 1300000
FINISHED WRITING RESTART VELOCITIES
PRESSURE: 1400000 -239.021 256.729 459.568 256.734 -680.329 -536.158 459.569 -536.151 625.725
GPRESSURE: 1400000 -187.807 118.194 323.607 504.83 -679.017 -400.338 210.684 -363.745 729.765
PRESSAVG: 1400000 135.36 -45.1305 -78.2132 -45.1305 43.0614 -45.6936 -78.2132 -45.6936 118.908
GPRESSAVG: 1400000 169.841 7.1546 -114.87 -86.2154 115.956 -70.4415 -113.342 121.822 192.269
ENERGY: 1400000         1.5276         1.2769         0.0000         0.0000         -10665.3884      1407.5145         0.0000         0.0000      1774.5648          -7480.5046       300.2191     -9255.0694     -7559.5529       301.7832            -97.8750       -45.6863     30582.1520        99.1097       159.3556
FEP:    1400000         2.8045    -10665.3127      1407.1680

WRITING EXTENDED SYSTEM TO RESTART FILE AT STEP 1400000
WRITING COORDINATES TO DCD FILE mobley_2481002_prod.dcd AT STEP 1400000
WRITING COORDINATES TO RESTART FILE AT STEP 1400000
FINISHED WRITING RESTART COORDINATES
WRITING VELOCITIES TO RESTART FILE AT STEP 1400000
FINISHED WRITING RESTART VELOCITIES
PRESSURE: 1500000 847.175 -283.113 486.529 -283.114 1002.31 297.453 486.534 297.452 1150.39
GPRESSURE: 1500000 896.984 -227.432 641.07 -506.783 867.817 162.864 181.319 431.952 1279.04
PRESSAVG: 1500000 179.848 -60.0044 -42.9166 -60.0044 103.015 -24.2469 -42.9166 -24.2469 183.376
GPRESSAVG: 1500000 215.288 -7.50708 -67.6241 -112.501 162.948 -55.8599 -94.9257 141.205 260.192
ENERGY: 1500000         0.8093         3.0997         0.0000         0.0000         -10881.2372      1542.5045         0.0000         0.0000      1815.2015          -7519.6221       307.0940     -9334.8236     -7557.0572       302.1151            999.9586      1014.6129     30407.8651       155.4128       212.8092
FEP:    1500000         3.9091    -10881.2320      1543.1925

WRITING EXTENDED SYSTEM TO RESTART FILE AT STEP 1500000
WRITING COORDINATES TO DCD FILE mobley_2481002_prod.dcd AT STEP 1500000
WRITING COORDINATES TO RESTART FILE AT STEP 1500000
FINISHED WRITING RESTART COORDINATES
WRITING VELOCITIES TO RESTART FILE AT STEP 1500000
FINISHED WRITING RESTART VELOCITIES
PRESSURE: 1600000 819.249 -145.164 81.3469 -145.16 625.764 -625.49 81.3514 -625.488 464.484
GPRESSURE: 1600000 619.373 -6.79173 -413.528 -85.3798 838.902 -655.046 323.252 -318.192 669.223
PRESSAVG: 1600000 217.46 -65.0136 -35.6067 -65.0136 133.765 -59.6141 -35.6067 -59.6141 199.911
GPRESSAVG: 1600000 239.057 -7.465 -87.9714 -110.906 202.71 -91.1061 -70.3271 114.182 284.253
ENERGY: 1600000         2.4302         2.4522         0.0000         0.0000         -10947.7683      1554.6437         0.0000         0.0000      1760.6444          -7627.5978       297.8640     -9388.2422     -7561.2067       301.8650            636.4990       709.1660     30258.3105       183.7120       242.0067
FEP:    1600000         4.8824    -10947.7272      1554.6282

WRITING EXTENDED SYSTEM TO RESTART FILE AT STEP 1600000
WRITING COORDINATES TO DCD FILE mobley_2481002_prod.dcd AT STEP 1600000
WRITING COORDINATES TO RESTART FILE AT STEP 1600000
FINISHED WRITING RESTART COORDINATES
WRITING VELOCITIES TO RESTART FILE AT STEP 1600000
FINISHED WRITING RESTART VELOCITIES
PRESSURE: 1700000 -452.494 -139.659 163.582 -139.66 -514.154 -279.476 163.586 -279.476 -440.622
GPRESSURE: 1700000 -424.753 -1.45603 406.274 78.1066 -346.297 -246.368 -99.905 -215.609 -501.867
PRESSAVG: 1700000 180.24 -69.1606 -24.5404 -69.1606 97.7691 -71.8286 -24.5404 -71.8286 164.326
GPRESSAVG: 1700000 202.179 -7.13117 -60.5133 -100.405 172.209 -99.7318 -71.9703 95.86 240.58
ENERGY: 1700000         1.8245         2.2195         0.0000         0.0000         -10825.4937      1425.4482         0.0000         0.0000      1822.1902          -7573.8113       308.2763     -9396.0014     -7561.9069       302.2212           -469.0900      -424.3057     30856.4669       147.4452       204.9893
FEP:    1700000         4.0441    -10825.4867      1425.1869

WRITING EXTENDED SYSTEM TO RESTART FILE AT STEP 1700000
WRITING COORDINATES TO DCD FILE mobley_2481002_prod.dcd AT STEP 1700000
WRITING COORDINATES TO RESTART FILE AT STEP 1700000
FINISHED WRITING RESTART COORDINATES
WRITING VELOCITIES TO RESTART FILE AT STEP 1700000
FINISHED WRITING RESTART VELOCITIES
PRESSURE: 1800000 47.0358 94.4514 177.8 94.4549 -921.651 269.421 177.797 269.42 -603.873
GPRESSURE: 1800000 17.8981 284.164 230.066 -58.9457 -788.956 144.237 117.189 355.151 -484.33
PRESSAVG: 1800000 173.229 -60.5492 -13.891 -60.5492 44.1154 -53.8682 -13.891 -53.8682 123.895
GPRESSAVG: 1800000 192.48 8.20015 -45.2197 -98.2228 121.622 -86.8913 -62.0145 109.507 202.427
ENERGY: 1800000         1.0153         5.3872         0.0000         0.0000         -10808.4659      1416.5459         0.0000         0.0000      1754.6352          -7630.8822       296.8474     -9385.5175     -7565.5372       301.9384           -492.8292      -418.4629     30556.5094       113.7465       172.1761
FEP:    1800000         6.4025    -10808.6031      1416.4146

WRITING EXTENDED SYSTEM TO RESTART FILE AT STEP 1800000
WRITING COORDINATES TO DCD FILE mobley_2481002_prod.dcd AT STEP 1800000
WRITING COORDINATES TO RESTART FILE AT STEP 1800000
FINISHED WRITING RESTART COORDINATES
WRITING VELOCITIES TO RESTART FILE AT STEP 1800000
FINISHED WRITING RESTART VELOCITIES
PRESSURE: 1900000 631.903 175.432 -378.402 175.436 830.768 -18.6123 -378.403 -18.6137 1048.79
GPRESSURE: 1900000 907.618 279.983 -627 154.365 802.003 349.118 -176.28 -238.662 1010.57
PRESSAVG: 1900000 196.163 -48.75 -32.1167 -48.75 83.448 -52.1055 -32.1167 -52.1055 170.139
GPRESSAVG: 1900000 228.237 21.7893 -74.3087 -85.5934 155.641 -65.0908 -67.7278 92.0985 242.834
ENERGY: 1900000         2.3896         2.2304         0.0000         0.0000         -10882.4466      1567.3651         0.0000         0.0000      1797.0627          -7513.3988       304.0252     -9310.4615     -7562.9303       302.0427            837.1524       906.7317     30765.3647       149.9168       208.9038
FEP:    1900000         4.6200    -10882.3936      1567.1193

WRITING EXTENDED SYSTEM TO RESTART FILE AT STEP 1900000
WRITING COORDINATES TO DCD FILE mobley_2481002_prod.dcd AT STEP 1900000
WRITING COORDINATES TO RESTART FILE AT STEP 1900000
FINISHED WRITING RESTART COORDINATES
WRITING VELOCITIES TO RESTART FILE AT STEP 1900000
FINISHED WRITING RESTART VELOCITIES
PRESSURE: 2000000 -306.346 -94.1211 518.506 -94.122 339.816 260.776 518.503 260.775 -509.48
GPRESSURE: 2000000 -140.864 -133.304 107.864 -51.7016 385.289 -106.08 968.205 303.109 -617.527
PRESSAVG: 2000000 206.109 -60.2763 -7.95613 -60.2763 49.0104 -53.2365 -7.95613 -53.2365 163.992
GPRESSAVG: 2000000 246.767 12.5222 -91.6391 -102.035 114.443 -94.687 6.13219 91.293 228.574
TIMING: 2000000  CPU: 683.077, 0.000341011/step  Wall: 685.429, 0.000342565/step, 504.43 ns/days, 0.0475785 hours remaining, 0.000000 MB of memory in use.
PERFORMANCE: 2000000  averaging 504.227 ns/day, 0.000342703 sec/step with standard deviation 1.95009e-07
ETITLE:      TS           BOND          ANGLE          DIHED          IMPRP               ELECT            VDW       BOUNDARY           MISC        KINETIC               TOTAL           TEMP      POTENTIAL       TOTALAVG        TEMPAVG            PRESSURE      GPRESSURE         VOLUME       PRESSAVG      GPRESSAVG
FEPTITLE:    TS          BOND2         ELECT2           VDW2

ENERGY: 2000000         1.0940         3.7789         0.0000         0.0000         -10720.4011      1420.1677         0.0000         0.0000      1839.5547          -7455.8058       311.2140     -9295.3605     -7557.4544       302.7840           -158.6700      -124.3672     30742.8777       139.7037       196.5947
FEP:    2000000         4.8729    -10720.3110      1420.2677

WRITING EXTENDED SYSTEM TO RESTART FILE AT STEP 2000000
WRITING COORDINATES TO DCD FILE mobley_2481002_prod.dcd AT STEP 2000000
WRITING COORDINATES TO RESTART FILE AT STEP 2000000
FINISHED WRITING RESTART COORDINATES
WRITING VELOCITIES TO RESTART FILE AT STEP 2000000
FINISHED WRITING RESTART VELOCITIES
PRESSURE: 2100000 -11.132 -244.996 112.845 -244.998 654.159 -77.9195 112.841 -77.9204 826.517
GPRESSURE: 2100000 80.6663 -291.348 86.248 -161.447 880.935 62.8425 -67.4902 -143.618 742.797
PRESSAVG: 2100000 180.908 -88.9378 -36.1191 -88.9378 64.1743 -48.5092 -36.1191 -48.5092 162.396
GPRESSAVG: 2100000 221.527 -30.3032 -110.627 -112.864 138.578 -80.7351 -33.0055 81.0903 214.27
ENERGY: 2100000         2.6307         2.3529         0.0000         0.0000         -10863.7716      1545.1873         0.0000         0.0000      1745.5879          -7568.0129       295.3168     -9313.6008     -7557.0124       302.4785            489.8479       568.1326     30872.1289       135.8260       191.4582
FEP:    2100000         4.9836    -10863.8574      1545.0125

WRITING EXTENDED SYSTEM TO RESTART FILE AT STEP 2100000
WRITING COORDINATES TO DCD FILE mobley_2481002_prod.dcd AT STEP 2100000
WRITING COORDINATES TO RESTART FILE AT STEP 2100000
FINISHED WRITING RESTART COORDINATES
WRITING VELOCITIES TO RESTART FILE AT STEP 2100000
FINISHED WRITING RESTART VELOCITIES
PRESSURE: 2200000 -401.727 -641.249 -35.2465 -641.246 -989.713 576.617 -35.2502 576.619 -672.603
GPRESSURE: 2200000 -479.519 -874.482 -89.1829 -129.764 -716.302 675.526 -71.3319 412.48 -653.682
PRESSAVG: 2200000 152.85 -112.292 -21.2733 -112.292 -4.18018 -8.6379 -21.2733 -8.6379 110.653
GPRESSAVG: 2200000 202.12 -82.0679 -92.9432 -110.37 68.6011 -22.4678 -20.9164 107.74 156.438
ENERGY: 2200000         2.3431         2.8307         0.0000         0.0000         -10694.4556      1383.9784         0.0000         0.0000      1775.0554          -7530.2479       300.3021     -9305.3033     -7559.9024       302.2594           -688.0144      -616.5008     31108.4108        86.4409       142.3863
FEP:    2200000         5.1738    -10694.5431      1384.0369

WRITING EXTENDED SYSTEM TO RESTART FILE AT STEP 2200000
WRITING COORDINATES TO DCD FILE mobley_2481002_prod.dcd AT STEP 2200000
WRITING COORDINATES TO RESTART FILE AT STEP 2200000
FINISHED WRITING RESTART COORDINATES
WRITING VELOCITIES TO RESTART FILE AT STEP 2200000
FINISHED WRITING RESTART VELOCITIES
PRESSURE: 2300000 -123.981 -300.845 111.781 -300.842 -227.683 235.41 111.778 235.411 -730.359
GPRESSURE: 2300000 -67.2305 -507.53 219.806 -174.669 39.6067 155.468 -1.77334 121.271 -829.853
PRESSAVG: 2300000 97.8329 -136.507 -7.85709 -136.507 -25.6056 -21.4446 -7.85709 -21.4446 91.6583
GPRESSAVG: 2300000 135.426 -108.936 -85.441 -132.402 64.3573 -33.1343 -5.40878 70.2928 125.213
ENERGY: 2300000         0.9947         5.9508         0.0000         0.0000         -10677.9384      1381.4799         0.0000         0.0000      1838.3012          -7451.2119       311.0019     -9289.5130     -7550.9296       302.9925           -360.6744      -285.8255     30688.0121        54.6286       108.3320
FEP:    2300000         6.9455    -10677.9137      1381.2421

WRITING EXTENDED SYSTEM TO RESTART FILE AT STEP 2300000
WRITING COORDINATES TO DCD FILE mobley_2481002_prod.dcd AT STEP 2300000
WRITING COORDINATES TO RESTART FILE AT STEP 2300000
FINISHED WRITING RESTART COORDINATES
WRITING VELOCITIES TO RESTART FILE AT STEP 2300000
FINISHED WRITING RESTART VELOCITIES
PRESSURE: 2400000 352.797 237.249 -381.466 237.248 139.467 251.881 -381.465 251.881 260.178
GPRESSURE: 2400000 444.239 251.293 -316.977 248.174 350.989 398.486 -397.508 99.8389 91.5888
PRESSAVG: 2400000 91.5556 -115.443 -36.4537 -115.443 -25.0291 -12.4103 -36.4537 -12.4103 78.5329
GPRESSAVG: 2400000 126.269 -61.9893 -112.091 -125.057 87.2297 -11.398 -24.7336 64.6215 102.92
ENERGY: 2400000         0.5893         3.7700         0.0000         0.0000         -10854.2288      1504.1187         0.0000         0.0000      1753.0868          -7592.6640       296.5855     -9345.7509     -7551.1987       302.6239            250.8137       295.6056     30836.7787        48.3531       105.4728
FEP:    2400000         4.3593    -10854.3842      1503.9345

WRITING EXTENDED SYSTEM TO RESTART FILE AT STEP 2400000
WRITING COORDINATES TO DCD FILE mobley_2481002_prod.dcd AT STEP 2400000
WRITING COORDINATES TO RESTART FILE AT STEP 2400000
FINISHED WRITING RESTART COORDINATES
WRITING VELOCITIES TO RESTART FILE AT STEP 2400000
FINISHED WRITING RESTART VELOCITIES
PRESSURE: 2500000 501.94 -346.708 -416.805 -346.711 70.9219 -449.706 -416.804 -449.703 872.906
GPRESSURE: 2500000 540.563 -269.217 -173.395 -116.49 176.101 -199.094 -327.55 -770.092 881.354
PRESSAVG: 2500000 122.001 -148.651 -28.1784 -148.651 -32.1639 -24.6117 -28.1784 -24.6117 134.57
GPRESSAVG: 2500000 167.71 -110.332 -91.775 -134.366 77.3925 -7.66604 -6.42312 37.9991 148.912
ENERGY: 2500000         1.9976         3.0900         0.0000         0.0000         -10843.6514      1482.0219         0.0000         0.0000      1834.2620          -7522.2798       310.3186     -9356.5419     -7550.3487       303.2446            481.9229       532.6725     30344.1356        74.8024       131.3383
FEP:    2500000         5.0876    -10843.6016      1482.3288

WRITING EXTENDED SYSTEM TO RESTART FILE AT STEP 2500000
WRITING COORDINATES TO DCD FILE mobley_2481002_prod.dcd AT STEP 2500000
WRITING COORDINATES TO RESTART FILE AT STEP 2500000
FINISHED WRITING RESTART COORDINATES
WRITING VELOCITIES TO RESTART FILE AT STEP 2500000
FINISHED WRITING RESTART VELOCITIES
TCL: Exiting due to exit command.
WRITING EXTENDED SYSTEM TO OUTPUT FILE AT STEP 2500000
CLOSING EXTENDED SYSTEM TRAJECTORY FILE
WRITING COORDINATES TO OUTPUT FILE AT STEP 2500000
CLOSING COORDINATE DCD FILE mobley_2481002_prod.dcd
WRITING VELOCITIES TO OUTPUT FILE AT STEP 2500000
====================================================

WallClock: 858.193665  CPUTime: 854.600342  Memory: 0.000000 MB
[Partition 0][Node 0] End of program
