#========================================================================================
#                     Free energy perturbation    
#----------------------------------------------------------------------------------------
#forward/backward          λ              ΔΔA                 ΔA                  δε   
#                                                 
#----------------------------------------------------------------------------------------
forward:               0.0000              0.0000              0.0000              0.0000  
forward:               0.0500              1.9311              1.9311              0.0277  
forward:               0.1000              1.0913              3.0224              0.0330  
forward:               0.1500              0.5355              3.5579              0.0350  
forward:               0.2000              0.2589              3.8169              0.0360  
forward:               0.2500              0.1285              3.9454              0.0367  
forward:               0.3000              0.0397              3.9850              0.0371  
forward:               0.3500             -0.0127              3.9723              0.0373  
forward:               0.4000             -0.0558              3.9165              0.0376  
forward:               0.4500             -0.0770              3.8395              0.0380  
forward:               0.5000             -0.1078              3.7318              0.0382  
forward:               0.5500             -0.2387              3.4931              0.0388  
forward:               0.6000             -0.4757              3.0174              0.0393  
forward:               0.6500             -0.6645              2.3529              0.0404  
forward:               0.7000             -0.8351              1.5178              0.0414  
forward:               0.7500             -0.9148              0.6031              0.0419  
forward:               0.8000             -0.9614             -0.3584              0.0423  
forward:               0.8500             -0.9309             -1.2893              0.0426  
forward:               0.9000             -0.9017             -2.1909              0.0428  
forward:               0.9500             -0.8617             -3.0526              0.0430  
forward:               1.0000             -0.8406             -3.8932              0.0432  
backward:              1.0000              0.0000             -3.8932              0.0000  
backward:              0.9500              0.8358             -3.0574              0.0055  
backward:              0.9000              0.8536             -2.2038              0.0084  
backward:              0.8500              0.8993             -1.3045              0.0101  
backward:              0.8000              0.9173             -0.3872              0.0119  
backward:              0.7500              0.9361              0.5489              0.0136  
backward:              0.7000              0.9315              1.4804              0.0159  
backward:              0.6500              0.8271              2.3074              0.0181  
backward:              0.6000              0.6681              2.9756              0.0199  
backward:              0.5500              0.4808              3.4564              0.0211  
backward:              0.5000              0.2397              3.6961              0.0235  
backward:              0.4500              0.1066              3.8027              0.0240  
backward:              0.4000              0.0711              3.8738              0.0251  
backward:              0.3500              0.0530              3.9269              0.0256  
backward:              0.3000             -0.0000              3.9268              0.0267  
backward:              0.2500             -0.0514              3.8755              0.0275  
backward:              0.2000             -0.1331              3.7424              0.0285  
backward:              0.1500             -0.2611              3.4813              0.0306  
backward:              0.1000             -0.5399              2.9414              0.0351  
backward:              0.0500             -1.0526              1.8888              0.0446  
backward:              0.0000             -1.9236             -0.0348              0.0681  
Inaccuracy estimation
======================================================================================================
                   i        i+δi          P0_overlap_P1   δε(forward)/ε   δε(backward)/ε
======================================================================================================
inaccuracy:  0.00000        0.05000           33.63           -0.01            2.27
inaccuracy:  0.05000        0.10000           42.95           -0.05            1.25
inaccuracy:  0.10000        0.15000           54.87           -0.03            0.60
inaccuracy:  0.15000        0.20000           63.75           -0.02            0.32
inaccuracy:  0.20000        0.25000           68.19           -0.02            0.21
inaccuracy:  0.25000        0.30000           71.82           -0.01            0.15
inaccuracy:  0.30000        0.35000           73.64           -0.02            0.13
inaccuracy:  0.35000        0.40000           74.12           -0.01            0.10
inaccuracy:  0.40000        0.45000           74.65           -0.02            0.10
inaccuracy:  0.45000        0.50000           74.72           -0.02            0.09
inaccuracy:  0.50000        0.55000           65.50           -0.08            0.15
inaccuracy:  0.55000        0.60000           67.93           -0.12            0.09
inaccuracy:  0.60000        0.65000           66.72           -0.13            0.07
inaccuracy:  0.65000        0.70000           67.74           -0.13            0.05
inaccuracy:  0.70000        0.75000           66.12           -0.11            0.04
inaccuracy:  0.75000        0.80000           69.85           -0.08            0.05
inaccuracy:  0.80000        0.85000           68.12           -0.09            0.06
inaccuracy:  0.85000        0.90000           67.44           -0.09            0.07
inaccuracy:  0.90000        0.95000           66.73           -0.08            0.08
inaccuracy:  0.95000        1.00000           66.13           -0.09            0.08
===================================================================================================================================
                BAR        
-----------------------------------------------------------------------------------------------------------------------------------
BAR-estimator:         λ             λ+δλ          ΔΔA             ΔA            C               Δδe            δe       
                          
-----------------------------------------------------------------------------------------------------------------------------------
BAR-estimator:      0.00000        0.05000        1.9406         1.9406         1.9406         0.0128         0.0128 
BAR-estimator:      0.05000        0.10000        1.0776         3.0182         1.0776         0.0112         0.0170 
BAR-estimator:      0.10000        0.15000        0.5392         3.5574         0.5392         0.0075         0.0186 
BAR-estimator:      0.15000        0.20000        0.2611         3.8185         0.2611         0.0057         0.0195 
BAR-estimator:      0.20000        0.25000        0.1328         3.9513         0.1328         0.0048         0.0200 
BAR-estimator:      0.25000        0.30000        0.0462         3.9975         0.0462         0.0043         0.0205 
BAR-estimator:      0.30000        0.35000       -0.0077         3.9897        -0.0077         0.0041         0.0209 
BAR-estimator:      0.35000        0.40000       -0.0537         3.9360        -0.0537         0.0039         0.0213 
BAR-estimator:      0.40000        0.45000       -0.0753         3.8608        -0.0753         0.0037         0.0216 
BAR-estimator:      0.45000        0.50000       -0.1089         3.7518        -0.1089         0.0031         0.0218 
BAR-estimator:      0.50000        0.55000       -0.2419         3.5099        -0.2419         0.0041         0.0222 
BAR-estimator:      0.55000        0.60000       -0.4773         3.0326        -0.4773         0.0040         0.0225 
BAR-estimator:      0.60000        0.65000       -0.6658         2.3668        -0.6658         0.0047         0.0230 
BAR-estimator:      0.65000        0.70000       -0.8345         1.5323        -0.8345         0.0047         0.0235 
BAR-estimator:      0.70000        0.75000       -0.9248         0.6075        -0.9248         0.0044         0.0239 
BAR-estimator:      0.75000        0.80000       -0.9485        -0.3409        -0.9485         0.0040         0.0242 
BAR-estimator:      0.80000        0.85000       -0.9260        -1.2669        -0.9260         0.0032         0.0244 
BAR-estimator:      0.85000        0.90000       -0.8970        -2.1640        -0.8970         0.0041         0.0248 
BAR-estimator:      0.90000        0.95000       -0.8592        -3.0232        -0.8592         0.0040         0.0251 
BAR-estimator:      0.95000        1.00000       -0.8398        -3.8630        -0.8398         0.0037         0.0254 
BAR-estimator: total free energy change is -3.863003182571143 , total error is 0.025368681681884005
