#========================================================================================
#                     Free energy perturbation    
#----------------------------------------------------------------------------------------
#forward/backward          λ              ΔΔA                 ΔA                  δε   
#                                                 
#----------------------------------------------------------------------------------------
forward:               0.0000              0.0000              0.0000              0.0000  
forward:               0.0500              1.9228              1.9228              0.0200  
forward:               0.1000              1.0626              2.9854              0.0263  
forward:               0.1500              0.5588              3.5442              0.0293  
forward:               0.2000              0.2910              3.8352              0.0304  
forward:               0.2500              0.1419              3.9771              0.0311  
forward:               0.3000              0.0616              4.0387              0.0316  
forward:               0.3500             -0.0128              4.0260              0.0321  
forward:               0.4000             -0.0431              3.9828              0.0325  
forward:               0.4500             -0.0739              3.9090              0.0327  
forward:               0.5000             -0.1056              3.8034              0.0330  
forward:               0.5500             -0.2466              3.5567              0.0335  
forward:               0.6000             -0.4793              3.0774              0.0340  
forward:               0.6500             -0.6868              2.3906              0.0346  
forward:               0.7000             -0.8513              1.5393              0.0352  
forward:               0.7500             -0.9562              0.5830              0.0358  
forward:               0.8000             -0.9813             -0.3983              0.0363  
forward:               0.8500             -0.9620             -1.3603              0.0365  
forward:               0.9000             -0.9280             -2.2883              0.0370  
forward:               0.9500             -0.9146             -3.2028              0.0373  
forward:               1.0000             -0.8768             -4.0797              0.0379  
backward:              1.0000              0.0000             -4.0797              0.0000  
backward:              0.9500              0.8828             -3.1969              0.0067  
backward:              0.9000              0.9078             -2.2891              0.0089  
backward:              0.8500              0.9424             -1.3467              0.0105  
backward:              0.8000              0.9566             -0.3901              0.0121  
backward:              0.7500              0.9622              0.5721              0.0139  
backward:              0.7000              0.9543              1.5264              0.0160  
backward:              0.6500              0.8545              2.3808              0.0175  
backward:              0.6000              0.6672              3.0480              0.0189  
backward:              0.5500              0.4697              3.5177              0.0197  
backward:              0.5000              0.2494              3.7671              0.0210  
backward:              0.4500              0.1007              3.8678              0.0217  
backward:              0.4000              0.0791              3.9469              0.0222  
backward:              0.3500              0.0392              3.9861              0.0228  
backward:              0.3000              0.0038              3.9898              0.0235  
backward:              0.2500             -0.0684              3.9214              0.0253  
backward:              0.2000             -0.1347              3.7867              0.0266  
backward:              0.1500             -0.2811              3.5056              0.0299  
backward:              0.1000             -0.5867              2.9189              0.0369  
backward:              0.0500             -1.0965              1.8224              0.0508  
backward:              0.0000             -1.9345             -0.1121              0.0814  
Inaccuracy estimation
======================================================================================================
                   i        i+δi          P0_overlap_P1   δε(forward)/ε   δε(backward)/ε
======================================================================================================
inaccuracy:  0.00000        0.05000           32.87           -0.01            2.26
inaccuracy:  0.05000        0.10000           44.09           -0.04            1.19
inaccuracy:  0.10000        0.15000           55.89           -0.03            0.61
inaccuracy:  0.15000        0.20000           61.65           -0.02            0.34
inaccuracy:  0.20000        0.25000           67.35           -0.01            0.23
inaccuracy:  0.25000        0.30000           70.14           -0.02            0.16
inaccuracy:  0.30000        0.35000           73.22           -0.02            0.12
inaccuracy:  0.35000        0.40000           73.73           -0.01            0.11
inaccuracy:  0.40000        0.45000           73.82           -0.01            0.10
inaccuracy:  0.45000        0.50000           75.04           -0.01            0.09
inaccuracy:  0.50000        0.55000           66.25           -0.09            0.14
inaccuracy:  0.55000        0.60000           68.02           -0.10            0.09
inaccuracy:  0.60000        0.65000           67.84           -0.12            0.06
inaccuracy:  0.65000        0.70000           66.06           -0.13            0.05
inaccuracy:  0.70000        0.75000           67.16           -0.11            0.04
inaccuracy:  0.75000        0.80000           69.10           -0.09            0.04
inaccuracy:  0.80000        0.85000           67.97           -0.11            0.06
inaccuracy:  0.85000        0.90000           66.41           -0.09            0.07
inaccuracy:  0.90000        0.95000           66.84           -0.09            0.07
inaccuracy:  0.95000        1.00000           65.31           -0.09            0.08
===================================================================================================================================
                BAR        
-----------------------------------------------------------------------------------------------------------------------------------
BAR-estimator:         λ             λ+δλ          ΔΔA             ΔA            C               Δδe            δe       
                          
-----------------------------------------------------------------------------------------------------------------------------------
BAR-estimator:      0.00000        0.05000        1.9059         1.9059         1.9059         0.0120         0.0120 
BAR-estimator:      0.05000        0.10000        1.0733         2.9792         1.0733         0.0073         0.0141 
BAR-estimator:      0.10000        0.15000        0.5638         3.5430         0.5638         0.0087         0.0165 
BAR-estimator:      0.15000        0.20000        0.2843         3.8273         0.2843         0.0065         0.0178 
BAR-estimator:      0.20000        0.25000        0.1431         3.9704         0.1431         0.0043         0.0183 
BAR-estimator:      0.25000        0.30000        0.0613         4.0318         0.0613         0.0044         0.0188 
BAR-estimator:      0.30000        0.35000       -0.0100         4.0218        -0.0100         0.0035         0.0191 
BAR-estimator:      0.35000        0.40000       -0.0420         3.9798        -0.0420         0.0034         0.0194 
BAR-estimator:      0.40000        0.45000       -0.0743         3.9055        -0.0743         0.0029         0.0196 
BAR-estimator:      0.45000        0.50000       -0.1029         3.8025        -0.1029         0.0030         0.0199 
BAR-estimator:      0.50000        0.55000       -0.2500         3.5525        -0.2500         0.0034         0.0201 
BAR-estimator:      0.55000        0.60000       -0.4725         3.0800        -0.4725         0.0034         0.0204 
BAR-estimator:      0.60000        0.65000       -0.6789         2.4011        -0.6789         0.0038         0.0208 
BAR-estimator:      0.65000        0.70000       -0.8510         1.5501        -0.8510         0.0038         0.0211 
BAR-estimator:      0.70000        0.75000       -0.9525         0.5976        -0.9525         0.0042         0.0215 
BAR-estimator:      0.75000        0.80000       -0.9745        -0.3770        -0.9745         0.0036         0.0218 
BAR-estimator:      0.80000        0.85000       -0.9594        -1.3363        -0.9594         0.0035         0.0221 
BAR-estimator:      0.85000        0.90000       -0.9309        -2.2672        -0.9309         0.0039         0.0224 
BAR-estimator:      0.90000        0.95000       -0.9054        -3.1726        -0.9054         0.0037         0.0227 
BAR-estimator:      0.95000        1.00000       -0.8823        -4.0548        -0.8823         0.0043         0.0231 
BAR-estimator: total free energy change is -4.0548302379838 , total error is 0.023135773366089574
