#========================================================================================
#                     Free energy perturbation    
#----------------------------------------------------------------------------------------
#forward/backward          λ              ΔΔA                 ΔA                  δε   
#                                                 
#----------------------------------------------------------------------------------------
forward:               0.0000              0.0000              0.0000              0.0000  
forward:               0.0500              0.5856              0.5856              0.0105  
forward:               0.1000              0.3961              0.9817              0.0131  
forward:               0.1500              0.2676              1.2493              0.0148  
forward:               0.2000              0.1920              1.4413              0.0160  
forward:               0.2500              0.1447              1.5859              0.0168  
forward:               0.3000              0.1092              1.6951              0.0175  
forward:               0.3500              0.0954              1.7905              0.0181  
forward:               0.4000              0.0684              1.8589              0.0187  
forward:               0.4500              0.0606              1.9195              0.0190  
forward:               0.5000              0.0360              1.9555              0.0194  
forward:               0.5500             -0.0283              1.9272              0.0199  
forward:               0.6000             -0.1860              1.7411              0.0207  
forward:               0.6500             -0.3550              1.3862              0.0221  
forward:               0.7000             -0.5184              0.8678              0.0236  
forward:               0.7500             -0.6302              0.2376              0.0245  
forward:               0.8000             -0.6514             -0.4138              0.0251  
forward:               0.8500             -0.6028             -1.0166              0.0254  
forward:               0.9000             -0.5555             -1.5720              0.0257  
forward:               0.9500             -0.5073             -2.0793              0.0260  
forward:               1.0000             -0.4693             -2.5486              0.0262  
backward:              1.0000              0.0000             -2.5486              0.0000  
backward:              0.9500              0.4660             -2.0826              0.0046  
backward:              0.9000              0.5048             -1.5778              0.0071  
backward:              0.8500              0.5444             -1.0334              0.0089  
backward:              0.8000              0.6009             -0.4325              0.0102  
backward:              0.7500              0.6318              0.1993              0.0119  
backward:              0.7000              0.6276              0.8269              0.0143  
backward:              0.6500              0.5287              1.3556              0.0163  
backward:              0.6000              0.3455              1.7011              0.0180  
backward:              0.5500              0.1733              1.8744              0.0190  
backward:              0.5000              0.0218              1.8962              0.0200  
backward:              0.4500             -0.0440              1.8522              0.0204  
backward:              0.4000             -0.0530              1.7992              0.0208  
backward:              0.3500             -0.0686              1.7306              0.0213  
backward:              0.3000             -0.0927              1.6379              0.0218  
backward:              0.2500             -0.1038              1.5341              0.0226  
backward:              0.2000             -0.1263              1.4078              0.0234  
backward:              0.1500             -0.2036              1.2042              0.0244  
backward:              0.1000             -0.2534              0.9509              0.0256  
backward:              0.0500             -0.3838              0.5670              0.0279  
backward:              0.0000             -0.6053             -0.0383              0.0325  
Inaccuracy estimation
======================================================================================================
                   i        i+δi          P0_overlap_P1   δε(forward)/ε   δε(backward)/ε
======================================================================================================
inaccuracy:  0.00000        0.05000           59.85           -0.01            0.49
inaccuracy:  0.05000        0.10000           65.63           -0.01            0.31
inaccuracy:  0.10000        0.15000           70.43           -0.00            0.20
inaccuracy:  0.15000        0.20000           75.02           -0.00            0.15
inaccuracy:  0.20000        0.25000           74.61           -0.00            0.13
inaccuracy:  0.25000        0.30000           77.07           -0.01            0.11
inaccuracy:  0.30000        0.35000           77.84           -0.00            0.09
inaccuracy:  0.35000        0.40000           79.09           -0.00            0.08
inaccuracy:  0.40000        0.45000           78.57           -0.01            0.08
inaccuracy:  0.45000        0.50000           80.82           -0.01            0.07
inaccuracy:  0.50000        0.55000           73.78           -0.05            0.11
inaccuracy:  0.55000        0.60000           72.83           -0.07            0.07
inaccuracy:  0.60000        0.65000           70.56           -0.09            0.07
inaccuracy:  0.65000        0.70000           68.79           -0.07            0.06
inaccuracy:  0.70000        0.75000           71.26           -0.07            0.05
inaccuracy:  0.75000        0.80000           74.97           -0.04            0.05
inaccuracy:  0.80000        0.85000           72.71           -0.05            0.06
inaccuracy:  0.85000        0.90000           73.17           -0.03            0.07
inaccuracy:  0.90000        0.95000           71.89           -0.04            0.08
inaccuracy:  0.95000        1.00000           71.39           -0.04            0.09
===================================================================================================================================
                BAR        
-----------------------------------------------------------------------------------------------------------------------------------
BAR-estimator:         λ             λ+δλ          ΔΔA             ΔA            C               Δδe            δe       
                          
-----------------------------------------------------------------------------------------------------------------------------------
BAR-estimator:      0.00000        0.05000        0.5930         0.5930         0.5930         0.0074         0.0074 
BAR-estimator:      0.05000        0.10000        0.3917         0.9847         0.3917         0.0052         0.0090 
BAR-estimator:      0.10000        0.15000        0.2618         1.2465         0.2618         0.0045         0.0101 
BAR-estimator:      0.15000        0.20000        0.1963         1.4427         0.1963         0.0039         0.0108 
BAR-estimator:      0.20000        0.25000        0.1389         1.5816         0.1389         0.0037         0.0114 
BAR-estimator:      0.25000        0.30000        0.1072         1.6888         0.1072         0.0036         0.0120 
BAR-estimator:      0.30000        0.35000        0.0943         1.7831         0.0943         0.0036         0.0125 
BAR-estimator:      0.35000        0.40000        0.0680         1.8511         0.0680         0.0039         0.0131 
BAR-estimator:      0.40000        0.45000        0.0580         1.9090         0.0580         0.0029         0.0134 
BAR-estimator:      0.45000        0.50000        0.0399         1.9490         0.0399         0.0028         0.0137 
BAR-estimator:      0.50000        0.55000       -0.0261         1.9229        -0.0261         0.0032         0.0141 
BAR-estimator:      0.55000        0.60000       -0.1770         1.7459        -0.1770         0.0038         0.0146 
BAR-estimator:      0.60000        0.65000       -0.3507         1.3952        -0.3507         0.0043         0.0152 
BAR-estimator:      0.65000        0.70000       -0.5226         0.8726        -0.5226         0.0047         0.0159 
BAR-estimator:      0.70000        0.75000       -0.6317         0.2409        -0.6317         0.0045         0.0165 
BAR-estimator:      0.75000        0.80000       -0.6431        -0.4022        -0.6431         0.0034         0.0169 
BAR-estimator:      0.80000        0.85000       -0.6024        -1.0046        -0.6024         0.0033         0.0172 
BAR-estimator:      0.85000        0.90000       -0.5517        -1.5563        -0.5517         0.0032         0.0175 
BAR-estimator:      0.90000        0.95000       -0.5068        -2.0631        -0.5068         0.0032         0.0178 
BAR-estimator:      0.95000        1.00000       -0.4666        -2.5297        -0.4666         0.0033         0.0181 
BAR-estimator: total free energy change is -2.5296947024272898 , total error is 0.018084215280313298
