#========================================================================================
#                     Free energy perturbation    
#----------------------------------------------------------------------------------------
#forward/backward          λ              ΔΔA                 ΔA                  δε   
#                                                 
#----------------------------------------------------------------------------------------
forward:               0.0000              0.0000              0.0000              0.0000  
forward:               0.0500              0.5783              0.5783              0.0074  
forward:               0.1000              0.3871              0.9655              0.0093  
forward:               0.1500              0.2654              1.2309              0.0109  
forward:               0.2000              0.1950              1.4259              0.0122  
forward:               0.2500              0.1459              1.5718              0.0128  
forward:               0.3000              0.1115              1.6834              0.0134  
forward:               0.3500              0.0885              1.7719              0.0139  
forward:               0.4000              0.0684              1.8403              0.0143  
forward:               0.4500              0.0567              1.8970              0.0147  
forward:               0.5000              0.0458              1.9428              0.0151  
forward:               0.5500             -0.0299              1.9129              0.0156  
forward:               0.6000             -0.1734              1.7395              0.0163  
forward:               0.6500             -0.3504              1.3891              0.0174  
forward:               0.7000             -0.5344              0.8547              0.0185  
forward:               0.7500             -0.6404              0.2143              0.0193  
forward:               0.8000             -0.6609             -0.4466              0.0197  
forward:               0.8500             -0.6294             -1.0760              0.0200  
forward:               0.9000             -0.5873             -1.6633              0.0203  
forward:               0.9500             -0.5441             -2.2073              0.0206  
forward:               1.0000             -0.5124             -2.7197              0.0209  
backward:              1.0000              0.0000             -2.7197              0.0000  
backward:              0.9500              0.5131             -2.2066              0.0058  
backward:              0.9000              0.5425             -1.6641              0.0076  
backward:              0.8500              0.5788             -1.0853              0.0094  
backward:              0.8000              0.6402             -0.4451              0.0103  
backward:              0.7500              0.6579              0.2128              0.0118  
backward:              0.7000              0.6432              0.8560              0.0132  
backward:              0.6500              0.5454              1.4014              0.0150  
backward:              0.6000              0.3434              1.7449              0.0164  
backward:              0.5500              0.1761              1.9210              0.0177  
backward:              0.5000              0.0361              1.9571              0.0182  
backward:              0.4500             -0.0524              1.9047              0.0186  
backward:              0.4000             -0.0529              1.8518              0.0190  
backward:              0.3500             -0.0710              1.7808              0.0195  
backward:              0.3000             -0.0858              1.6950              0.0200  
backward:              0.2500             -0.1261              1.5689              0.0259  
backward:              0.2000             -0.1501              1.4188              0.0265  
backward:              0.1500             -0.1896              1.2292              0.0273  
backward:              0.1000             -0.2754              0.9538              0.0283  
backward:              0.0500             -0.3803              0.5736              0.0295  
backward:              0.0000             -0.5786             -0.0051              0.0315  
Inaccuracy estimation
======================================================================================================
                   i        i+δi          P0_overlap_P1   δε(forward)/ε   δε(backward)/ε
======================================================================================================
inaccuracy:  0.00000        0.05000           60.62           -0.01            0.50
inaccuracy:  0.05000        0.10000           66.44           -0.00            0.30
inaccuracy:  0.10000        0.15000           71.89           -0.00            0.20
inaccuracy:  0.15000        0.20000           73.53           -0.00            0.15
inaccuracy:  0.20000        0.25000           76.72           -0.00            0.12
inaccuracy:  0.25000        0.30000           77.43           -0.00            0.10
inaccuracy:  0.30000        0.35000           77.81           -0.00            0.09
inaccuracy:  0.35000        0.40000           79.64           -0.00            0.08
inaccuracy:  0.40000        0.45000           79.27           -0.00            0.08
inaccuracy:  0.45000        0.50000           80.24           -0.01            0.07
inaccuracy:  0.50000        0.55000           72.78           -0.05            0.10
inaccuracy:  0.55000        0.60000           72.54           -0.09            0.08
inaccuracy:  0.60000        0.65000           70.03           -0.09            0.07
inaccuracy:  0.65000        0.70000           67.68           -0.08            0.07
inaccuracy:  0.70000        0.75000           70.60           -0.06            0.05
inaccuracy:  0.75000        0.80000           72.43           -0.06            0.05
inaccuracy:  0.80000        0.85000           71.63           -0.05            0.06
inaccuracy:  0.85000        0.90000           71.90           -0.05            0.06
inaccuracy:  0.90000        0.95000           71.08           -0.04            0.08
inaccuracy:  0.95000        1.00000           70.33           -0.06            0.09
===================================================================================================================================
                BAR        
-----------------------------------------------------------------------------------------------------------------------------------
BAR-estimator:         λ             λ+δλ          ΔΔA             ΔA            C               Δδe            δe       
                          
-----------------------------------------------------------------------------------------------------------------------------------
BAR-estimator:      0.00000        0.05000        0.5894         0.5894         0.5894         0.0049         0.0049 
BAR-estimator:      0.05000        0.10000        0.3862         0.9756         0.3862         0.0030         0.0058 
BAR-estimator:      0.10000        0.15000        0.2690         1.2447         0.2690         0.0037         0.0069 
BAR-estimator:      0.15000        0.20000        0.1914         1.4361         0.1914         0.0030         0.0075 
BAR-estimator:      0.20000        0.25000        0.1471         1.5832         0.1471         0.0030         0.0081 
BAR-estimator:      0.25000        0.30000        0.1109         1.6940         0.1109         0.0029         0.0086 
BAR-estimator:      0.30000        0.35000        0.0878         1.7818         0.0878         0.0028         0.0090 
BAR-estimator:      0.35000        0.40000        0.0694         1.8512         0.0694         0.0027         0.0094 
BAR-estimator:      0.40000        0.45000        0.0559         1.9071         0.0559         0.0025         0.0098 
BAR-estimator:      0.45000        0.50000        0.0489         1.9561         0.0489         0.0023         0.0100 
BAR-estimator:      0.50000        0.55000       -0.0294         1.9267        -0.0294         0.0029         0.0104 
BAR-estimator:      0.55000        0.60000       -0.1788         1.7479        -0.1788         0.0028         0.0108 
BAR-estimator:      0.60000        0.65000       -0.3482         1.3997        -0.3482         0.0038         0.0115 
BAR-estimator:      0.65000        0.70000       -0.5384         0.8613        -0.5384         0.0037         0.0121 
BAR-estimator:      0.70000        0.75000       -0.6432         0.2181        -0.6432         0.0033         0.0125 
BAR-estimator:      0.75000        0.80000       -0.6598        -0.4417        -0.6598         0.0030         0.0129 
BAR-estimator:      0.80000        0.85000       -0.6317        -1.0734        -0.6317         0.0030         0.0132 
BAR-estimator:      0.85000        0.90000       -0.5862        -1.6596        -0.5862         0.0029         0.0135 
BAR-estimator:      0.90000        0.95000       -0.5440        -2.2036        -0.5440         0.0027         0.0138 
BAR-estimator:      0.95000        1.00000       -0.5147        -2.7184        -0.5147         0.0028         0.0141 
BAR-estimator: total free energy change is -2.718368023981985 , total error is 0.014086238506103013
