#========================================================================================
#                     Free energy perturbation    
#----------------------------------------------------------------------------------------
#forward/backward          λ              ΔΔA                 ΔA                  δε   
#                                                 
#----------------------------------------------------------------------------------------
forward:               0.0000              0.0000              0.0000              0.0000  
forward:               0.0500              1.3864              1.3864              0.0229  
forward:               0.1000              0.7288              2.1151              0.0281  
forward:               0.1500              0.3632              2.4784              0.0319  
forward:               0.2000              0.1861              2.6645              0.0327  
forward:               0.2500              0.0846              2.7491              0.0333  
forward:               0.3000              0.0270              2.7761              0.0340  
forward:               0.3500             -0.0096              2.7665              0.0343  
forward:               0.4000             -0.0441              2.7224              0.0348  
forward:               0.4500             -0.0665              2.6559              0.0352  
forward:               0.5000             -0.0830              2.5729              0.0355  
forward:               0.5500             -0.1753              2.3976              0.0359  
forward:               0.6000             -0.3279              2.0697              0.0362  
forward:               0.6500             -0.4653              1.6044              0.0366  
forward:               0.7000             -0.5961              1.0082              0.0370  
forward:               0.7500             -0.6907              0.3175              0.0373  
forward:               0.8000             -0.7485             -0.4310              0.0376  
forward:               0.8500             -0.7842             -1.2152              0.0379  
forward:               0.9000             -0.8184             -2.0335              0.0382  
forward:               0.9500             -0.8306             -2.8641              0.0385  
forward:               1.0000             -0.8452             -3.7094              0.0387  
backward:              1.0000              0.0000             -3.7094              0.0000  
backward:              0.9500              0.8370             -2.8723              0.0054  
backward:              0.9000              0.8404             -2.0319              0.0076  
backward:              0.8500              0.8105             -1.2215              0.0093  
backward:              0.8000              0.7903             -0.4312              0.0108  
backward:              0.7500              0.7519              0.3208              0.0121  
backward:              0.7000              0.6835              1.0042              0.0135  
backward:              0.6500              0.6039              1.6081              0.0148  
backward:              0.6000              0.4637              2.0718              0.0160  
backward:              0.5500              0.3271              2.3990              0.0170  
backward:              0.5000              0.1685              2.5674              0.0181  
backward:              0.4500              0.0828              2.6502              0.0189  
backward:              0.4000              0.0473              2.6976              0.0196  
backward:              0.3500              0.0395              2.7371              0.0205  
backward:              0.3000              0.0186              2.7557              0.0215  
backward:              0.2500             -0.0191              2.7366              0.0226  
backward:              0.2000             -0.0879              2.6487              0.0243  
backward:              0.1500             -0.1789              2.4698              0.0284  
backward:              0.1000             -0.3776              2.0922              0.0328  
backward:              0.0500             -0.7896              1.3026              0.0492  
backward:              0.0000             -1.4734             -0.1708              0.0640  
Inaccuracy estimation
======================================================================================================
                   i        i+δi          P0_overlap_P1   δε(forward)/ε   δε(backward)/ε
======================================================================================================
inaccuracy:  0.00000        0.05000           40.81           -0.04            1.29
inaccuracy:  0.05000        0.10000           49.14           -0.03            0.86
inaccuracy:  0.10000        0.15000           59.67           -0.03            0.44
inaccuracy:  0.15000        0.20000           64.74           -0.02            0.26
inaccuracy:  0.20000        0.25000           69.90           -0.02            0.18
inaccuracy:  0.25000        0.30000           71.07           -0.01            0.16
inaccuracy:  0.30000        0.35000           72.29           -0.02            0.13
inaccuracy:  0.35000        0.40000           74.02           -0.01            0.11
inaccuracy:  0.40000        0.45000           75.63           -0.02            0.09
inaccuracy:  0.45000        0.50000           74.98           -0.02            0.11
inaccuracy:  0.50000        0.55000           68.61           -0.06            0.12
inaccuracy:  0.55000        0.60000           69.06           -0.07            0.10
inaccuracy:  0.60000        0.65000           68.98           -0.09            0.08
inaccuracy:  0.65000        0.70000           68.70           -0.08            0.07
inaccuracy:  0.70000        0.75000           70.38           -0.07            0.06
inaccuracy:  0.75000        0.80000           68.79           -0.08            0.06
inaccuracy:  0.80000        0.85000           68.86           -0.07            0.06
inaccuracy:  0.85000        0.90000           69.49           -0.08            0.06
inaccuracy:  0.90000        0.95000           68.10           -0.08            0.06
inaccuracy:  0.95000        1.00000           69.42           -0.06            0.06
===================================================================================================================================
                BAR        
-----------------------------------------------------------------------------------------------------------------------------------
BAR-estimator:         λ             λ+δλ          ΔΔA             ΔA            C               Δδe            δe       
                          
-----------------------------------------------------------------------------------------------------------------------------------
BAR-estimator:      0.00000        0.05000        1.4056         1.4056         1.4056         0.0107         0.0107 
BAR-estimator:      0.05000        0.10000        0.7392         2.1449         0.7392         0.0101         0.0147 
BAR-estimator:      0.10000        0.15000        0.3607         2.5055         0.3607         0.0097         0.0176 
BAR-estimator:      0.15000        0.20000        0.1814         2.6869         0.1814         0.0050         0.0183 
BAR-estimator:      0.20000        0.25000        0.0857         2.7727         0.0857         0.0042         0.0188 
BAR-estimator:      0.25000        0.30000        0.0242         2.7969         0.0242         0.0041         0.0192 
BAR-estimator:      0.30000        0.35000       -0.0138         2.7831        -0.0138         0.0034         0.0195 
BAR-estimator:      0.35000        0.40000       -0.0422         2.7409        -0.0422         0.0038         0.0199 
BAR-estimator:      0.40000        0.45000       -0.0598         2.6811        -0.0598         0.0035         0.0202 
BAR-estimator:      0.45000        0.50000       -0.0822         2.5989        -0.0822         0.0031         0.0204 
BAR-estimator:      0.50000        0.55000       -0.1717         2.4272        -0.1717         0.0034         0.0207 
BAR-estimator:      0.55000        0.60000       -0.3280         2.0992        -0.3280         0.0034         0.0210 
BAR-estimator:      0.60000        0.65000       -0.4669         1.6323        -0.4669         0.0031         0.0212 
BAR-estimator:      0.65000        0.70000       -0.5990         1.0334        -0.5990         0.0035         0.0215 
BAR-estimator:      0.70000        0.75000       -0.6872         0.3461        -0.6872         0.0035         0.0218 
BAR-estimator:      0.75000        0.80000       -0.7485        -0.4024        -0.7485         0.0039         0.0221 
BAR-estimator:      0.80000        0.85000       -0.7867        -1.1891        -0.7867         0.0044         0.0226 
BAR-estimator:      0.85000        0.90000       -0.8147        -2.0039        -0.8147         0.0040         0.0229 
BAR-estimator:      0.90000        0.95000       -0.8331        -2.8370        -0.8331         0.0045         0.0233 
BAR-estimator:      0.95000        1.00000       -0.8389        -3.6759        -0.8389         0.0039         0.0237 
BAR-estimator: total free energy change is -3.675882906403012 , total error is 0.023672558798059774
