#========================================================================================
#                     Free energy perturbation    
#----------------------------------------------------------------------------------------
#forward/backward          λ              ΔΔA                 ΔA                  δε   
#                                                 
#----------------------------------------------------------------------------------------
forward:               0.0000              0.0000              0.0000              0.0000  
forward:               0.0500              1.4016              1.4016              0.0199  
forward:               0.1000              0.7942              2.1958              0.0249  
forward:               0.1500              0.3690              2.5648              0.0272  
forward:               0.2000              0.1649              2.7296              0.0280  
forward:               0.2500              0.0853              2.8149              0.0286  
forward:               0.3000              0.0240              2.8389              0.0292  
forward:               0.3500             -0.0156              2.8233              0.0296  
forward:               0.4000             -0.0399              2.7834              0.0299  
forward:               0.4500             -0.0556              2.7278              0.0302  
forward:               0.5000             -0.0801              2.6477              0.0304  
forward:               0.5500             -0.1764              2.4712              0.0308  
forward:               0.6000             -0.3310              2.1402              0.0310  
forward:               0.6500             -0.4934              1.6469              0.0314  
forward:               0.7000             -0.6257              1.0212              0.0318  
forward:               0.7500             -0.7307              0.2905              0.0321  
forward:               0.8000             -0.7881             -0.4976              0.0324  
forward:               0.8500             -0.8245             -1.3220              0.0327  
forward:               0.9000             -0.8526             -2.1746              0.0329  
forward:               0.9500             -0.8816             -3.0562              0.0331  
forward:               1.0000             -0.8902             -3.9463              0.0334  
backward:              1.0000              0.0000             -3.9463              0.0000  
backward:              0.9500              0.8829             -3.0634              0.0056  
backward:              0.9000              0.8763             -2.1872              0.0077  
backward:              0.8500              0.8615             -1.3257              0.0091  
backward:              0.8000              0.8245             -0.5012              0.0106  
backward:              0.7500              0.7883              0.2871              0.0119  
backward:              0.7000              0.7267              1.0138              0.0130  
backward:              0.6500              0.6200              1.6337              0.0142  
backward:              0.6000              0.4894              2.1231              0.0151  
backward:              0.5500              0.3424              2.4655              0.0159  
backward:              0.5000              0.1711              2.6367              0.0166  
backward:              0.4500              0.0785              2.7151              0.0173  
backward:              0.4000              0.0577              2.7728              0.0180  
backward:              0.3500              0.0418              2.8147              0.0186  
backward:              0.3000              0.0016              2.8163              0.0198  
backward:              0.2500             -0.0228              2.7935              0.0208  
backward:              0.2000             -0.0880              2.7055              0.0221  
backward:              0.1500             -0.1803              2.5252              0.0240  
backward:              0.1000             -0.3879              2.1372              0.0325  
backward:              0.0500             -0.7184              1.4189              0.0390  
backward:              0.0000             -1.3942              0.0247              0.0452  
Inaccuracy estimation
======================================================================================================
                   i        i+δi          P0_overlap_P1   δε(forward)/ε   δε(backward)/ε
======================================================================================================
inaccuracy:  0.00000        0.05000           40.05           -0.04            1.40
inaccuracy:  0.05000        0.10000           46.47           -0.04            1.00
inaccuracy:  0.10000        0.15000           59.44           -0.02            0.47
inaccuracy:  0.15000        0.20000           67.63           -0.02            0.26
inaccuracy:  0.20000        0.25000           70.20           -0.01            0.19
inaccuracy:  0.25000        0.30000           71.74           -0.01            0.14
inaccuracy:  0.30000        0.35000           73.85           -0.01            0.13
inaccuracy:  0.35000        0.40000           73.94           -0.01            0.11
inaccuracy:  0.40000        0.45000           74.08           -0.02            0.10
inaccuracy:  0.45000        0.50000           74.90           -0.02            0.09
inaccuracy:  0.50000        0.55000           69.61           -0.06            0.12
inaccuracy:  0.55000        0.60000           67.71           -0.07            0.10
inaccuracy:  0.60000        0.65000           69.55           -0.08            0.08
inaccuracy:  0.65000        0.70000           68.39           -0.08            0.07
inaccuracy:  0.70000        0.75000           69.35           -0.07            0.06
inaccuracy:  0.75000        0.80000           68.81           -0.09            0.06
inaccuracy:  0.80000        0.85000           68.57           -0.08            0.06
inaccuracy:  0.85000        0.90000           67.84           -0.08            0.06
inaccuracy:  0.90000        0.95000           68.92           -0.07            0.06
inaccuracy:  0.95000        1.00000           68.10           -0.07            0.06
===================================================================================================================================
                BAR        
-----------------------------------------------------------------------------------------------------------------------------------
BAR-estimator:         λ             λ+δλ          ΔΔA             ΔA            C               Δδe            δe       
                          
-----------------------------------------------------------------------------------------------------------------------------------
BAR-estimator:      0.00000        0.05000        1.4139         1.4139         1.4139         0.0106         0.0106 
BAR-estimator:      0.05000        0.10000        0.7814         2.1953         0.7814         0.0093         0.0141 
BAR-estimator:      0.10000        0.15000        0.3681         2.5634         0.3681         0.0071         0.0158 
BAR-estimator:      0.15000        0.20000        0.1728         2.7362         0.1728         0.0046         0.0164 
BAR-estimator:      0.20000        0.25000        0.0878         2.8240         0.0878         0.0038         0.0169 
BAR-estimator:      0.25000        0.30000        0.0234         2.8474         0.0234         0.0041         0.0174 
BAR-estimator:      0.30000        0.35000       -0.0105         2.8369        -0.0105         0.0032         0.0176 
BAR-estimator:      0.35000        0.40000       -0.0412         2.7956        -0.0412         0.0032         0.0179 
BAR-estimator:      0.40000        0.45000       -0.0568         2.7388        -0.0568         0.0027         0.0181 
BAR-estimator:      0.45000        0.50000       -0.0811         2.6577        -0.0811         0.0027         0.0183 
BAR-estimator:      0.50000        0.55000       -0.1747         2.4830        -0.1747         0.0032         0.0186 
BAR-estimator:      0.55000        0.60000       -0.3351         2.1479        -0.3351         0.0032         0.0189 
BAR-estimator:      0.60000        0.65000       -0.4912         1.6567        -0.4912         0.0032         0.0192 
BAR-estimator:      0.65000        0.70000       -0.6280         1.0287        -0.6280         0.0033         0.0194 
BAR-estimator:      0.70000        0.75000       -0.7277         0.3011        -0.7277         0.0033         0.0197 
BAR-estimator:      0.75000        0.80000       -0.7897        -0.4887        -0.7897         0.0034         0.0200 
BAR-estimator:      0.80000        0.85000       -0.8257        -1.3143        -0.8257         0.0046         0.0205 
BAR-estimator:      0.85000        0.90000       -0.8560        -2.1704        -0.8560         0.0034         0.0208 
BAR-estimator:      0.90000        0.95000       -0.8776        -3.0480        -0.8776         0.0038         0.0212 
BAR-estimator:      0.95000        1.00000       -0.8880        -3.9360        -0.8880         0.0035         0.0214 
BAR-estimator: total free energy change is -3.9359796321111373 , total error is 0.021442212764057122
