#========================================================================================
#                     Free energy perturbation    
#----------------------------------------------------------------------------------------
#forward/backward          λ              ΔΔA                 ΔA                  δε   
#                                                 
#----------------------------------------------------------------------------------------
forward:               0.0000              0.0000              0.0000              0.0000  
forward:               0.0500              0.5253              0.5253              0.0082  
forward:               0.1000              0.3789              0.9042              0.0105  
forward:               0.1500              0.2659              1.1701              0.0119  
forward:               0.2000              0.1928              1.3629              0.0130  
forward:               0.2500              0.1494              1.5123              0.0137  
forward:               0.3000              0.1211              1.6334              0.0145  
forward:               0.3500              0.1125              1.7458              0.0151  
forward:               0.4000              0.0867              1.8326              0.0156  
forward:               0.4500              0.0739              1.9064              0.0161  
forward:               0.5000              0.0548              1.9612              0.0164  
forward:               0.5500              0.0117              1.9729              0.0170  
forward:               0.6000             -0.0769              1.8961              0.0175  
forward:               0.6500             -0.1541              1.7419              0.0181  
forward:               0.7000             -0.2393              1.5026              0.0186  
forward:               0.7500             -0.2810              1.2216              0.0191  
forward:               0.8000             -0.3254              0.8962              0.0195  
forward:               0.8500             -0.3437              0.5525              0.0197  
forward:               0.9000             -0.3631              0.1895              0.0200  
forward:               0.9500             -0.3613             -0.1718              0.0202  
forward:               1.0000             -0.3722             -0.5440              0.0206  
backward:              1.0000              0.0000             -0.5440              0.0000  
backward:              0.9500              0.3672             -0.1768              0.0043  
backward:              0.9000              0.3551              0.1783              0.0062  
backward:              0.8500              0.3723              0.5505              0.0075  
backward:              0.8000              0.3418              0.8923              0.0090  
backward:              0.7500              0.3192              1.2115              0.0097  
backward:              0.7000              0.2751              1.4866              0.0109  
backward:              0.6500              0.2314              1.7180              0.0118  
backward:              0.6000              0.1569              1.8749              0.0128  
backward:              0.5500              0.0748              1.9497              0.0136  
backward:              0.5000             -0.0256              1.9241              0.0146  
backward:              0.4500             -0.0537              1.8703              0.0153  
backward:              0.4000             -0.0823              1.7880              0.0160  
backward:              0.3500             -0.0774              1.7106              0.0164  
backward:              0.3000             -0.0989              1.6117              0.0170  
backward:              0.2500             -0.1170              1.4948              0.0179  
backward:              0.2000             -0.1562              1.3385              0.0187  
backward:              0.1500             -0.2075              1.1311              0.0202  
backward:              0.1000             -0.2634              0.8676              0.0216  
backward:              0.0500             -0.3547              0.5130              0.0233  
backward:              0.0000             -0.5316             -0.0186              0.0263  
Inaccuracy estimation
======================================================================================================
                   i        i+δi          P0_overlap_P1   δε(forward)/ε   δε(backward)/ε
======================================================================================================
inaccuracy:  0.00000        0.05000           54.61           -0.01            0.49
inaccuracy:  0.05000        0.10000           65.96           -0.01            0.29
inaccuracy:  0.10000        0.15000           68.07           -0.00            0.23
inaccuracy:  0.15000        0.20000           75.78           -0.00            0.14
inaccuracy:  0.20000        0.25000           74.26           -0.01            0.13
inaccuracy:  0.25000        0.30000           77.67           -0.00            0.11
inaccuracy:  0.30000        0.35000           74.91           -0.01            0.11
inaccuracy:  0.35000        0.40000           78.28           -0.00            0.08
inaccuracy:  0.40000        0.45000           77.08           -0.01            0.08
inaccuracy:  0.45000        0.50000           79.58           -0.00            0.07
inaccuracy:  0.50000        0.55000           67.49           -0.05            0.11
inaccuracy:  0.55000        0.60000           76.66           -0.03            0.08
inaccuracy:  0.60000        0.65000           67.26           -0.05            0.08
inaccuracy:  0.65000        0.70000           76.20           -0.03            0.06
inaccuracy:  0.70000        0.75000           71.18           -0.04            0.07
inaccuracy:  0.75000        0.80000           76.57           -0.03            0.06
inaccuracy:  0.80000        0.85000           72.42           -0.04            0.06
inaccuracy:  0.85000        0.90000           74.49           -0.04            0.06
inaccuracy:  0.90000        0.95000           73.98           -0.03            0.06
inaccuracy:  0.95000        1.00000           75.10           -0.03            0.06
===================================================================================================================================
            	   BAR        
-----------------------------------------------------------------------------------------------------------------------------------
BAR-estimator:         λ             λ+δλ          ΔΔA             ΔA            C               Δδe            δe       
                          
-----------------------------------------------------------------------------------------------------------------------------------
BAR-estimator:      0.00000        0.05000        0.4659         0.4659         0.4659         0.0053         0.0053 
BAR-estimator:      0.05000        0.10000        0.3684         0.8343         0.3684         0.0044         0.0069 
BAR-estimator:      0.10000        0.15000        0.2464         1.0807         0.2464         0.0034         0.0077 
BAR-estimator:      0.15000        0.20000        0.1959         1.2766         0.1959         0.0035         0.0084 
BAR-estimator:      0.20000        0.25000        0.1387         1.4153         0.1387         0.0031         0.0090 
BAR-estimator:      0.25000        0.30000        0.1203         1.5355         0.1203         0.0031         0.0095 
BAR-estimator:      0.30000        0.35000        0.0993         1.6348         0.0993         0.0031         0.0100 
BAR-estimator:      0.35000        0.40000        0.0827         1.7176         0.0827         0.0030         0.0105 
BAR-estimator:      0.40000        0.45000        0.0645         1.7821         0.0645         0.0027         0.0108 
BAR-estimator:      0.45000        0.50000        0.0552         1.8373         0.0552         0.0028         0.0112 
BAR-estimator:      0.50000        0.55000       -0.0304         1.8069        -0.0304         0.0031         0.0116 
BAR-estimator:      0.55000        0.60000       -0.0758         1.7311        -0.0758         0.0034         0.0121 
BAR-estimator:      0.60000        0.65000       -0.1940         1.5371        -0.1940         0.0026         0.0124 
BAR-estimator:      0.65000        0.70000       -0.2354         1.3017        -0.2354         0.0030         0.0127 
BAR-estimator:      0.70000        0.75000       -0.2988         1.0029        -0.2988         0.0031         0.0131 
BAR-estimator:      0.75000        0.80000       -0.3218         0.6811        -0.3218         0.0023         0.0133 
BAR-estimator:      0.80000        0.85000       -0.3571         0.3241        -0.3571         0.0026         0.0135 
BAR-estimator:      0.85000        0.90000       -0.3664        -0.0423        -0.3664         0.0028         0.0138 
BAR-estimator:      0.90000        0.95000       -0.3657        -0.4080        -0.3657         0.0031         0.0142 
BAR-estimator:      0.95000        1.00000       -0.3693        -0.7773        -0.3693         0.0031         0.0145 
BAR-estimator: total free energy change is -0.777307732467869 , total error is 0.014514568862647832
