#========================================================================================
#                     Free energy perturbation    
#----------------------------------------------------------------------------------------
#forward/backward          λ              ΔΔA                 ΔA                  δε   
#                                                 
#----------------------------------------------------------------------------------------
forward:               0.0000              0.0000              0.0000              0.0000  
forward:               0.0500              0.5205              0.5205              0.0111  
forward:               0.1000              0.3625              0.8831              0.0144  
forward:               0.1500              0.2511              1.1342              0.0161  
forward:               0.2000              0.1903              1.3245              0.0175  
forward:               0.2500              0.1405              1.4651              0.0185  
forward:               0.3000              0.1074              1.5725              0.0192  
forward:               0.3500              0.0979              1.6704              0.0198  
forward:               0.4000              0.0806              1.7510              0.0203  
forward:               0.4500              0.0622              1.8131              0.0207  
forward:               0.5000              0.0438              1.8569              0.0210  
forward:               0.5500              0.0068              1.8637              0.0216  
forward:               0.6000             -0.0824              1.7813              0.0220  
forward:               0.6500             -0.1615              1.6198              0.0225  
forward:               0.7000             -0.2406              1.3791              0.0229  
forward:               0.7500             -0.2821              1.0970              0.0235  
forward:               0.8000             -0.3212              0.7758              0.0240  
forward:               0.8500             -0.3479              0.4279              0.0244  
forward:               0.9000             -0.3553              0.0725              0.0248  
forward:               0.9500             -0.3604             -0.2878              0.0251  
forward:               1.0000             -0.3700             -0.6578              0.0254  
backward:              1.0000              0.0000             -0.6578              0.0000  
backward:              0.9500              0.3569             -0.3009              0.0053  
backward:              0.9000              0.3522              0.0513              0.0070  
backward:              0.8500              0.3609              0.4122              0.0086  
backward:              0.8000              0.3340              0.7462              0.0101  
backward:              0.7500              0.3180              1.0642              0.0112  
backward:              0.7000              0.2825              1.3467              0.0122  
backward:              0.6500              0.2303              1.5769              0.0132  
backward:              0.6000              0.1584              1.7353              0.0142  
backward:              0.5500              0.0881              1.8234              0.0149  
backward:              0.5000             -0.0189              1.8045              0.0166  
backward:              0.4500             -0.0494              1.7551              0.0172  
backward:              0.4000             -0.0601              1.6950              0.0179  
backward:              0.3500             -0.0696              1.6254              0.0184  
backward:              0.3000             -0.0988              1.5266              0.0193  
backward:              0.2500             -0.1212              1.4054              0.0203  
backward:              0.2000             -0.1358              1.2697              0.0208  
backward:              0.1500             -0.1845              1.0852              0.0219  
backward:              0.1000             -0.2651              0.8201              0.0240  
backward:              0.0500             -0.3538              0.4663              0.0264  
backward:              0.0000             -0.5251             -0.0588              0.0306  
Inaccuracy estimation
======================================================================================================
                   i        i+δi          P0_overlap_P1   δε(forward)/ε   δε(backward)/ε
======================================================================================================
inaccuracy:  0.00000        0.05000           54.88           -0.01            0.54
inaccuracy:  0.05000        0.10000           67.36           -0.01            0.29
inaccuracy:  0.10000        0.15000           68.15           -0.00            0.21
inaccuracy:  0.15000        0.20000           74.38           -0.00            0.16
inaccuracy:  0.20000        0.25000           75.05           -0.00            0.13
inaccuracy:  0.25000        0.30000           78.84           -0.01            0.10
inaccuracy:  0.30000        0.35000           76.40           -0.01            0.11
inaccuracy:  0.35000        0.40000           78.20           -0.01            0.09
inaccuracy:  0.40000        0.45000           78.23           -0.01            0.08
inaccuracy:  0.45000        0.50000           80.27           -0.01            0.07
inaccuracy:  0.50000        0.55000           66.86           -0.05            0.11
inaccuracy:  0.55000        0.60000           75.61           -0.03            0.08
inaccuracy:  0.60000        0.65000           68.21           -0.05            0.08
inaccuracy:  0.65000        0.70000           77.05           -0.03            0.06
inaccuracy:  0.70000        0.75000           70.95           -0.04            0.06
inaccuracy:  0.75000        0.80000           76.15           -0.03            0.06
inaccuracy:  0.80000        0.85000           73.81           -0.03            0.06
inaccuracy:  0.85000        0.90000           74.81           -0.03            0.07
inaccuracy:  0.90000        0.95000           75.57           -0.03            0.06
inaccuracy:  0.95000        1.00000           76.67           -0.03            0.06
===================================================================================================================================
            	   BAR        
-----------------------------------------------------------------------------------------------------------------------------------
BAR-estimator:         λ             λ+δλ          ΔΔA             ΔA            C               Δδe            δe       
                          
-----------------------------------------------------------------------------------------------------------------------------------
BAR-estimator:      0.00000        0.05000        0.4685         0.4685         0.4685         0.0074         0.0074 
BAR-estimator:      0.05000        0.10000        0.3607         0.8293         0.3607         0.0060         0.0096 
BAR-estimator:      0.10000        0.15000        0.2301         1.0594         0.2301         0.0048         0.0107 
BAR-estimator:      0.15000        0.20000        0.1908         1.2502         0.1908         0.0045         0.0116 
BAR-estimator:      0.20000        0.25000        0.1338         1.3840         0.1338         0.0041         0.0123 
BAR-estimator:      0.25000        0.30000        0.1127         1.4967         0.1127         0.0036         0.0128 
BAR-estimator:      0.30000        0.35000        0.0881         1.5848         0.0881         0.0034         0.0133 
BAR-estimator:      0.35000        0.40000        0.0783         1.6631         0.0783         0.0033         0.0137 
BAR-estimator:      0.40000        0.45000        0.0554         1.7185         0.0554         0.0028         0.0140 
BAR-estimator:      0.45000        0.50000        0.0452         1.7636         0.0452         0.0027         0.0142 
BAR-estimator:      0.50000        0.55000       -0.0386         1.7250        -0.0386         0.0033         0.0146 
BAR-estimator:      0.55000        0.60000       -0.0831         1.6419        -0.0831         0.0031         0.0150 
BAR-estimator:      0.60000        0.65000       -0.1964         1.4455        -0.1964         0.0031         0.0153 
BAR-estimator:      0.65000        0.70000       -0.2341         1.2114        -0.2341         0.0034         0.0157 
BAR-estimator:      0.70000        0.75000       -0.3030         0.9084        -0.3030         0.0037         0.0161 
BAR-estimator:      0.75000        0.80000       -0.3213         0.5871        -0.3213         0.0033         0.0164 
BAR-estimator:      0.80000        0.85000       -0.3565         0.2305        -0.3565         0.0034         0.0168 
BAR-estimator:      0.85000        0.90000       -0.3584        -0.1279        -0.3584         0.0032         0.0171 
BAR-estimator:      0.90000        0.95000       -0.3608        -0.4887        -0.3608         0.0033         0.0174 
BAR-estimator:      0.95000        1.00000       -0.3655        -0.8541        -0.3655         0.0034         0.0177 
BAR-estimator: total free energy change is -0.8541388570611584 , total error is 0.0177141469327474
