#========================================================================================
#                     Free energy perturbation    
#----------------------------------------------------------------------------------------
#forward/backward          λ              ΔΔA                 ΔA                  δε   
#                                                 
#----------------------------------------------------------------------------------------
forward:               0.0000              0.0000              0.0000              0.0000  
forward:               0.0500              1.0465              1.0465              0.0274  
forward:               0.1000              0.5805              1.6270              0.0296  
forward:               0.1500              0.3617              1.9887              0.0310  
forward:               0.2000              0.2324              2.2211              0.0316  
forward:               0.2500              0.1521              2.3733              0.0320  
forward:               0.3000              0.0954              2.4686              0.0324  
forward:               0.3500              0.0671              2.5357              0.0326  
forward:               0.4000              0.0346              2.5704              0.0328  
forward:               0.4500              0.0191              2.5895              0.0331  
forward:               0.5000             -0.0009              2.5886              0.0332  
forward:               0.5500             -0.0473              2.5413              0.0334  
forward:               0.6000             -0.1247              2.4166              0.0336  
forward:               0.6500             -0.1659              2.2508              0.0338  
forward:               0.7000             -0.2119              2.0389              0.0340  
forward:               0.7500             -0.2465              1.7924              0.0342  
forward:               0.8000             -0.2746              1.5178              0.0343  
forward:               0.8500             -0.2981              1.2197              0.0345  
forward:               0.9000             -0.3184              0.9013              0.0346  
forward:               0.9500             -0.3371              0.5642              0.0348  
forward:               1.0000             -0.3563              0.2079              0.0349  
backward:              1.0000              0.0000              0.2079              0.0000  
backward:              0.9500              0.3547              0.5626              0.0034  
backward:              0.9000              0.3370              0.8996              0.0049  
backward:              0.8500              0.3139              1.2135              0.0060  
backward:              0.8000              0.2997              1.5132              0.0069  
backward:              0.7500              0.2754              1.7885              0.0077  
backward:              0.7000              0.2465              2.0351              0.0085  
backward:              0.6500              0.2047              2.2398              0.0095  
backward:              0.6000              0.1590              2.3987              0.0104  
backward:              0.5500              0.1182              2.5169              0.0112  
backward:              0.5000              0.0379              2.5548              0.0120  
backward:              0.4500              0.0069              2.5617              0.0127  
backward:              0.4000             -0.0165              2.5452              0.0134  
backward:              0.3500             -0.0322              2.5130              0.0140  
backward:              0.3000             -0.0633              2.4498              0.0148  
backward:              0.2500             -0.0903              2.3594              0.0158  
backward:              0.2000             -0.1501              2.2093              0.0170  
backward:              0.1500             -0.2304              1.9789              0.0193  
backward:              0.1000             -0.3605              1.6184              0.0221  
backward:              0.0500             -0.5907              1.0277              0.0267  
backward:              0.0000             -1.1308             -0.1031              0.0993  
Inaccuracy estimation
======================================================================================================
                   i        i+δi          P0_overlap_P1   δε(forward)/ε   δε(backward)/ε
======================================================================================================
inaccuracy:  0.00000        0.05000           47.08           -0.02            1.19
inaccuracy:  0.05000        0.10000           59.22           -0.01            0.51
inaccuracy:  0.10000        0.15000           66.27           -0.01            0.28
inaccuracy:  0.15000        0.20000           71.05           -0.01            0.19
inaccuracy:  0.20000        0.25000           74.80           -0.01            0.13
inaccuracy:  0.25000        0.30000           76.48           -0.01            0.11
inaccuracy:  0.30000        0.35000           77.43           -0.00            0.09
inaccuracy:  0.35000        0.40000           78.72           -0.01            0.08
inaccuracy:  0.40000        0.45000           78.66           -0.01            0.07
inaccuracy:  0.45000        0.50000           79.38           -0.01            0.07
inaccuracy:  0.50000        0.55000           76.74           -0.02            0.08
inaccuracy:  0.55000        0.60000           77.97           -0.02            0.06
inaccuracy:  0.60000        0.65000           78.18           -0.02            0.06
inaccuracy:  0.65000        0.70000           78.68           -0.02            0.05
inaccuracy:  0.70000        0.75000           78.42           -0.02            0.05
inaccuracy:  0.75000        0.80000           78.48           -0.02            0.05
inaccuracy:  0.80000        0.85000           78.18           -0.02            0.05
inaccuracy:  0.85000        0.90000           78.67           -0.02            0.04
inaccuracy:  0.90000        0.95000           78.10           -0.02            0.05
inaccuracy:  0.95000        1.00000           78.17           -0.02            0.04
===================================================================================================================================
                BAR        
-----------------------------------------------------------------------------------------------------------------------------------
BAR-estimator:         λ             λ+δλ          ΔΔA             ΔA            C               Δδe            δe       
                          
-----------------------------------------------------------------------------------------------------------------------------------
BAR-estimator:      0.00000        0.05000        1.0458         1.0458         1.0458         0.0113         0.0113 
BAR-estimator:      0.05000        0.10000        0.5918         1.6376         0.5918         0.0070         0.0133 
BAR-estimator:      0.10000        0.15000        0.3607         1.9983         0.3607         0.0088         0.0159 
BAR-estimator:      0.15000        0.20000        0.2297         2.2280         0.2297         0.0042         0.0165 
BAR-estimator:      0.20000        0.25000        0.1531         2.3811         0.1531         0.0038         0.0169 
BAR-estimator:      0.25000        0.30000        0.0955         2.4766         0.0955         0.0033         0.0172 
BAR-estimator:      0.30000        0.35000        0.0653         2.5419         0.0653         0.0032         0.0175 
BAR-estimator:      0.35000        0.40000        0.0348         2.5767         0.0348         0.0029         0.0178 
BAR-estimator:      0.40000        0.45000        0.0179         2.5946         0.0179         0.0027         0.0180 
BAR-estimator:      0.45000        0.50000       -0.0035         2.5910        -0.0035         0.0024         0.0181 
BAR-estimator:      0.50000        0.55000       -0.0442         2.5469        -0.0442         0.0029         0.0184 
BAR-estimator:      0.55000        0.60000       -0.1216         2.4252        -0.1216         0.0029         0.0186 
BAR-estimator:      0.60000        0.65000       -0.1633         2.2619        -0.1633         0.0025         0.0188 
BAR-estimator:      0.65000        0.70000       -0.2100         2.0519        -0.2100         0.0025         0.0189 
BAR-estimator:      0.70000        0.75000       -0.2462         1.8057        -0.2462         0.0027         0.0191 
BAR-estimator:      0.75000        0.80000       -0.2743         1.5314        -0.2743         0.0025         0.0193 
BAR-estimator:      0.80000        0.85000       -0.2979         1.2335        -0.2979         0.0027         0.0195 
BAR-estimator:      0.85000        0.90000       -0.3183         0.9152        -0.3183         0.0026         0.0196 
BAR-estimator:      0.90000        0.95000       -0.3370         0.5782        -0.3370         0.0028         0.0198 
BAR-estimator:      0.95000        1.00000       -0.3560         0.2222        -0.3560         0.0023         0.0200 
BAR-estimator: total free energy change is 0.22217466668291075 , total error is 0.019969230902317097
