#========================================================================================
#                     Free energy perturbation    
#----------------------------------------------------------------------------------------
#forward/backward          λ              ΔΔA                 ΔA                  δε   
#                                                 
#----------------------------------------------------------------------------------------
forward:               0.0000              0.0000              0.0000              0.0000  
forward:               0.0500              1.0518              1.0518              0.0150  
forward:               0.1000              0.5797              1.6314              0.0177  
forward:               0.1500              0.3696              2.0010              0.0193  
forward:               0.2000              0.2301              2.2312              0.0202  
forward:               0.2500              0.1481              2.3793              0.0205  
forward:               0.3000              0.1057              2.4850              0.0211  
forward:               0.3500              0.0654              2.5504              0.0216  
forward:               0.4000              0.0379              2.5883              0.0226  
forward:               0.4500              0.0199              2.6082              0.0229  
forward:               0.5000             -0.0039              2.6043              0.0231  
forward:               0.5500             -0.0387              2.5656              0.0234  
forward:               0.6000             -0.1086              2.4570              0.0236  
forward:               0.6500             -0.1650              2.2920              0.0238  
forward:               0.7000             -0.2070              2.0850              0.0240  
forward:               0.7500             -0.2354              1.8497              0.0242  
forward:               0.8000             -0.2775              1.5721              0.0243  
forward:               0.8500             -0.2894              1.2827              0.0245  
forward:               0.9000             -0.3178              0.9649              0.0246  
forward:               0.9500             -0.3314              0.6336              0.0248  
forward:               1.0000             -0.3462              0.2874              0.0249  
backward:              1.0000              0.0000              0.2874              0.0000  
backward:              0.9500              0.3484              0.6358              0.0033  
backward:              0.9000              0.3394              0.9753              0.0045  
backward:              0.8500              0.3082              1.2835              0.0059  
backward:              0.8000              0.2959              1.5793              0.0067  
backward:              0.7500              0.2703              1.8496              0.0075  
backward:              0.7000              0.2426              2.0922              0.0082  
backward:              0.6500              0.2073              2.2995              0.0090  
backward:              0.6000              0.1694              2.4689              0.0097  
backward:              0.5500              0.1097              2.5786              0.0104  
backward:              0.5000              0.0407              2.6193              0.0112  
backward:              0.4500              0.0029              2.6223              0.0117  
backward:              0.4000             -0.0196              2.6027              0.0131  
backward:              0.3500             -0.0396              2.5631              0.0137  
backward:              0.3000             -0.0634              2.4997              0.0146  
backward:              0.2500             -0.1044              2.3952              0.0154  
backward:              0.2000             -0.1470              2.2483              0.0167  
backward:              0.1500             -0.2465              2.0018              0.0184  
backward:              0.1000             -0.3597              1.6421              0.0221  
backward:              0.0500             -0.5788              1.0633              0.0253  
backward:              0.0000             -1.0107              0.0526              0.0424  
Inaccuracy estimation
======================================================================================================
                   i        i+δi          P0_overlap_P1   δε(forward)/ε   δε(backward)/ε
======================================================================================================
inaccuracy:  0.00000        0.05000           45.57           -0.02            1.22
inaccuracy:  0.05000        0.10000           59.97           -0.01            0.52
inaccuracy:  0.10000        0.15000           65.12           -0.01            0.30
inaccuracy:  0.15000        0.20000           72.49           -0.00            0.19
inaccuracy:  0.20000        0.25000           75.31           -0.01            0.13
inaccuracy:  0.25000        0.30000           76.06           -0.01            0.11
inaccuracy:  0.30000        0.35000           76.92           -0.01            0.09
inaccuracy:  0.35000        0.40000           78.93           -0.01            0.08
inaccuracy:  0.40000        0.45000           79.14           -0.01            0.07
inaccuracy:  0.45000        0.50000           80.01           -0.01            0.07
inaccuracy:  0.50000        0.55000           75.77           -0.02            0.08
inaccuracy:  0.55000        0.60000           77.21           -0.02            0.07
inaccuracy:  0.60000        0.65000           77.63           -0.02            0.06
inaccuracy:  0.65000        0.70000           77.83           -0.02            0.05
inaccuracy:  0.70000        0.75000           78.03           -0.02            0.05
inaccuracy:  0.75000        0.80000           79.47           -0.02            0.05
inaccuracy:  0.80000        0.85000           78.02           -0.03            0.05
inaccuracy:  0.85000        0.90000           79.05           -0.02            0.05
inaccuracy:  0.90000        0.95000           77.37           -0.02            0.05
inaccuracy:  0.95000        1.00000           77.99           -0.02            0.04
===================================================================================================================================
                BAR        
-----------------------------------------------------------------------------------------------------------------------------------
BAR-estimator:         λ             λ+δλ          ΔΔA             ΔA            C               Δδe            δe       
                          
-----------------------------------------------------------------------------------------------------------------------------------
BAR-estimator:      0.00000        0.05000        1.0400         1.0400         1.0400         0.0074         0.0074 
BAR-estimator:      0.05000        0.10000        0.5884         1.6284         0.5884         0.0059         0.0095 
BAR-estimator:      0.10000        0.15000        0.3641         1.9925         0.3641         0.0050         0.0107 
BAR-estimator:      0.15000        0.20000        0.2382         2.2307         0.2382         0.0040         0.0115 
BAR-estimator:      0.20000        0.25000        0.1504         2.3811         0.1504         0.0033         0.0119 
BAR-estimator:      0.25000        0.30000        0.1052         2.4863         0.1052         0.0032         0.0124 
BAR-estimator:      0.30000        0.35000        0.0641         2.5504         0.0641         0.0028         0.0127 
BAR-estimator:      0.35000        0.40000        0.0398         2.5902         0.0398         0.0045         0.0134 
BAR-estimator:      0.40000        0.45000        0.0202         2.6104         0.0202         0.0023         0.0136 
BAR-estimator:      0.45000        0.50000       -0.0029         2.6075        -0.0029         0.0022         0.0138 
BAR-estimator:      0.50000        0.55000       -0.0394         2.5682        -0.0394         0.0026         0.0141 
BAR-estimator:      0.55000        0.60000       -0.1090         2.4592        -0.1090         0.0027         0.0143 
BAR-estimator:      0.60000        0.65000       -0.1668         2.2924        -0.1668         0.0022         0.0145 
BAR-estimator:      0.65000        0.70000       -0.2087         2.0838        -0.2087         0.0023         0.0147 
BAR-estimator:      0.70000        0.75000       -0.2383         1.8454        -0.2383         0.0023         0.0149 
BAR-estimator:      0.75000        0.80000       -0.2736         1.5718        -0.2736         0.0022         0.0150 
BAR-estimator:      0.80000        0.85000       -0.2925         1.2793        -0.2925         0.0023         0.0152 
BAR-estimator:      0.85000        0.90000       -0.3141         0.9652        -0.3141         0.0028         0.0155 
BAR-estimator:      0.90000        0.95000       -0.3339         0.6313        -0.3339         0.0023         0.0156 
BAR-estimator:      0.95000        1.00000       -0.3472         0.2841        -0.3472         0.0021         0.0158 
BAR-estimator: total free energy change is 0.2840922297258189 , total error is 0.015777477841262384
