#========================================================================================
#                     Free energy perturbation    
#----------------------------------------------------------------------------------------
#forward/backward          λ              ΔΔA                 ΔA                  δε   
#                                                 
#----------------------------------------------------------------------------------------
forward:               0.0000              0.0000              0.0000              0.0000  
forward:               0.0500              0.3489              0.3489              0.0084  
forward:               0.1000              0.2498              0.5987              0.0107  
forward:               0.1500              0.2177              0.8164              0.0119  
forward:               0.2000              0.1576              0.9740              0.0127  
forward:               0.2500              0.1414              1.1154              0.0135  
forward:               0.3000              0.1159              1.2313              0.0139  
forward:               0.3500              0.1182              1.3495              0.0145  
forward:               0.4000              0.1036              1.4531              0.0150  
forward:               0.4500              0.0960              1.5492              0.0153  
forward:               0.5000              0.0783              1.6274              0.0156  
forward:               0.5500             -0.0192              1.6082              0.0163  
forward:               0.6000             -0.1886              1.4196              0.0171  
forward:               0.6500             -0.3324              1.0872              0.0187  
forward:               0.7000             -0.4508              0.6364              0.0196  
forward:               0.7500             -0.5423              0.0941              0.0205  
forward:               0.8000             -0.5801             -0.4860              0.0218  
forward:               0.8500             -0.5706             -1.0566              0.0223  
forward:               0.9000             -0.5493             -1.6059              0.0225  
forward:               0.9500             -0.5165             -2.1224              0.0228  
forward:               1.0000             -0.4923             -2.6147              0.0230  
backward:              1.0000              0.0000             -2.6147              0.0000  
backward:              0.9500              0.4975             -2.1172              0.0038  
backward:              0.9000              0.5282             -1.5890              0.0060  
backward:              0.8500              0.5506             -1.0385              0.0078  
backward:              0.8000              0.5603             -0.4781              0.0096  
backward:              0.7500              0.5750              0.0968              0.0110  
backward:              0.7000              0.5454              0.6422              0.0126  
backward:              0.6500              0.4659              1.1081              0.0143  
backward:              0.6000              0.3354              1.4435              0.0182  
backward:              0.5500              0.1861              1.6295              0.0192  
backward:              0.5000              0.0147              1.6443              0.0197  
backward:              0.4500             -0.0791              1.5652              0.0200  
backward:              0.4000             -0.0898              1.4753              0.0203  
backward:              0.3500             -0.0889              1.3865              0.0207  
backward:              0.3000             -0.1100              1.2764              0.0211  
backward:              0.2500             -0.1222              1.1542              0.0215  
backward:              0.2000             -0.1453              1.0089              0.0222  
backward:              0.1500             -0.1678              0.8411              0.0230  
backward:              0.1000             -0.2029              0.6381              0.0240  
backward:              0.0500             -0.2681              0.3700              0.0285  
backward:              0.0000             -0.3464              0.0236              0.0301  
Inaccuracy estimation
======================================================================================================
                   i        i+δi          P0_overlap_P1   δε(forward)/ε   δε(backward)/ε
======================================================================================================
inaccuracy:  0.00000        0.05000           70.31           -0.00            0.27
inaccuracy:  0.05000        0.10000           75.08           -0.00            0.16
inaccuracy:  0.10000        0.15000           75.96           -0.01            0.14
inaccuracy:  0.15000        0.20000           80.93           -0.00            0.09
inaccuracy:  0.20000        0.25000           81.18           -0.00            0.08
inaccuracy:  0.25000        0.30000           82.75           -0.00            0.07
inaccuracy:  0.30000        0.35000           80.53           -0.00            0.07
inaccuracy:  0.35000        0.40000           80.43           -0.00            0.07
inaccuracy:  0.40000        0.45000           81.79           -0.00            0.06
inaccuracy:  0.45000        0.50000           82.91           -0.00            0.06
inaccuracy:  0.50000        0.55000           74.37           -0.05            0.11
inaccuracy:  0.55000        0.60000           74.50           -0.06            0.07
inaccuracy:  0.60000        0.65000           72.35           -0.08            0.05
inaccuracy:  0.65000        0.70000           71.23           -0.09            0.04
inaccuracy:  0.70000        0.75000           72.71           -0.06            0.05
inaccuracy:  0.75000        0.80000           73.78           -0.05            0.05
inaccuracy:  0.80000        0.85000           73.96           -0.04            0.05
inaccuracy:  0.85000        0.90000           72.46           -0.05            0.06
inaccuracy:  0.90000        0.95000           71.82           -0.05            0.07
inaccuracy:  0.95000        1.00000           72.18           -0.05            0.08
===================================================================================================================================
                BAR        
-----------------------------------------------------------------------------------------------------------------------------------
BAR-estimator:         λ             λ+δλ          ΔΔA             ΔA            C               Δδe            δe       
                          
-----------------------------------------------------------------------------------------------------------------------------------
BAR-estimator:      0.00000        0.05000        0.3499         0.3499         0.3499         0.0056         0.0056 
BAR-estimator:      0.05000        0.10000        0.2504         0.6003         0.2504         0.0042         0.0070 
BAR-estimator:      0.10000        0.15000        0.2123         0.8126         0.2123         0.0033         0.0078 
BAR-estimator:      0.15000        0.20000        0.1612         0.9738         0.1612         0.0032         0.0084 
BAR-estimator:      0.20000        0.25000        0.1430         1.1169         0.1430         0.0033         0.0090 
BAR-estimator:      0.25000        0.30000        0.1186         1.2355         0.1186         0.0027         0.0094 
BAR-estimator:      0.30000        0.35000        0.1147         1.3502         0.1147         0.0030         0.0099 
BAR-estimator:      0.35000        0.40000        0.0974         1.4476         0.0974         0.0030         0.0103 
BAR-estimator:      0.40000        0.45000        0.0939         1.5415         0.0939         0.0025         0.0106 
BAR-estimator:      0.45000        0.50000        0.0784         1.6200         0.0784         0.0023         0.0109 
BAR-estimator:      0.50000        0.55000       -0.0136         1.6063        -0.0136         0.0033         0.0113 
BAR-estimator:      0.55000        0.60000       -0.1864         1.4199        -0.1864         0.0032         0.0118 
BAR-estimator:      0.60000        0.65000       -0.3362         1.0837        -0.3362         0.0041         0.0125 
BAR-estimator:      0.65000        0.70000       -0.4633         0.6204        -0.4633         0.0036         0.0130 
BAR-estimator:      0.70000        0.75000       -0.5417         0.0787        -0.5417         0.0037         0.0135 
BAR-estimator:      0.75000        0.80000       -0.5768        -0.4981        -0.5768         0.0042         0.0141 
BAR-estimator:      0.80000        0.85000       -0.5653        -1.0633        -0.5653         0.0030         0.0144 
BAR-estimator:      0.85000        0.90000       -0.5507        -1.6140        -0.5507         0.0029         0.0147 
BAR-estimator:      0.90000        0.95000       -0.5195        -2.1335        -0.5195         0.0031         0.0151 
BAR-estimator:      0.95000        1.00000       -0.4931        -2.6266        -0.4931         0.0032         0.0154 
BAR-estimator: total free energy change is -2.6265853375702943 , total error is 0.015386556175069259
