#========================================================================================
#                     Free energy perturbation    
#----------------------------------------------------------------------------------------
#forward/backward          λ              ΔΔA                 ΔA                  δε   
#                                                 
#----------------------------------------------------------------------------------------
forward:               0.0000              0.0000              0.0000              0.0000  
forward:               0.0500              0.3537              0.3537              0.0061  
forward:               0.1000              0.2575              0.6111              0.0072  
forward:               0.1500              0.2056              0.8167              0.0083  
forward:               0.2000              0.1645              0.9812              0.0095  
forward:               0.2500              0.1391              1.1203              0.0100  
forward:               0.3000              0.1248              1.2451              0.0105  
forward:               0.3500              0.1094              1.3545              0.0109  
forward:               0.4000              0.0955              1.4500              0.0112  
forward:               0.4500              0.0839              1.5339              0.0115  
forward:               0.5000              0.0792              1.6131              0.0118  
forward:               0.5500             -0.0272              1.5859              0.0123  
forward:               0.6000             -0.1980              1.3879              0.0129  
forward:               0.6500             -0.3433              1.0446              0.0135  
forward:               0.7000             -0.4857              0.5589              0.0144  
forward:               0.7500             -0.5705             -0.0116              0.0150  
forward:               0.8000             -0.6120             -0.6236              0.0155  
forward:               0.8500             -0.5996             -1.2232              0.0161  
forward:               0.9000             -0.5709             -1.7941              0.0164  
forward:               0.9500             -0.5443             -2.3384              0.0167  
forward:               1.0000             -0.5176             -2.8560              0.0170  
backward:              1.0000              0.0000             -2.8560              0.0000  
backward:              0.9500              0.5238             -2.3322              0.0041  
backward:              0.9000              0.5401             -1.7921              0.0068  
backward:              0.8500              0.5784             -1.2137              0.0087  
backward:              0.8000              0.5971             -0.6166              0.0097  
backward:              0.7500              0.6046             -0.0120              0.0107  
backward:              0.7000              0.5797              0.5678              0.0116  
backward:              0.6500              0.4903              1.0581              0.0126  
backward:              0.6000              0.3456              1.4037              0.0134  
backward:              0.5500              0.1910              1.5947              0.0141  
backward:              0.5000              0.0251              1.6198              0.0147  
backward:              0.4500             -0.0864              1.5334              0.0150  
backward:              0.4000             -0.0894              1.4440              0.0154  
backward:              0.3500             -0.0974              1.3465              0.0158  
backward:              0.3000             -0.1028              1.2438              0.0161  
backward:              0.2500             -0.1213              1.1225              0.0165  
backward:              0.2000             -0.1464              0.9761              0.0171  
backward:              0.1500             -0.1634              0.8127              0.0176  
backward:              0.1000             -0.1941              0.6186              0.0181  
backward:              0.0500             -0.2479              0.3707              0.0192  
backward:              0.0000             -0.3539              0.0168              0.0207  
Inaccuracy estimation
======================================================================================================
                   i        i+δi          P0_overlap_P1   δε(forward)/ε   δε(backward)/ε
======================================================================================================
inaccuracy:  0.00000        0.05000           69.88           -0.00            0.26
inaccuracy:  0.05000        0.10000           74.74           -0.00            0.20
inaccuracy:  0.10000        0.15000           76.52           -0.00            0.13
inaccuracy:  0.15000        0.20000           79.62           -0.00            0.10
inaccuracy:  0.20000        0.25000           81.98           -0.00            0.09
inaccuracy:  0.25000        0.30000           81.11           -0.00            0.07
inaccuracy:  0.30000        0.35000           81.50           -0.00            0.07
inaccuracy:  0.35000        0.40000           83.03           -0.00            0.07
inaccuracy:  0.40000        0.45000           83.71           -0.00            0.06
inaccuracy:  0.45000        0.50000           83.45           -0.00            0.06
inaccuracy:  0.50000        0.55000           73.86           -0.05            0.09
inaccuracy:  0.55000        0.60000           74.17           -0.06            0.06
inaccuracy:  0.60000        0.65000           72.83           -0.08            0.05
inaccuracy:  0.65000        0.70000           71.95           -0.08            0.05
inaccuracy:  0.70000        0.75000           71.94           -0.07            0.04
inaccuracy:  0.75000        0.80000           73.49           -0.06            0.04
inaccuracy:  0.80000        0.85000           72.99           -0.05            0.05
inaccuracy:  0.85000        0.90000           71.84           -0.05            0.07
inaccuracy:  0.90000        0.95000           72.37           -0.05            0.07
inaccuracy:  0.95000        1.00000           71.88           -0.05            0.08
===================================================================================================================================
                BAR        
-----------------------------------------------------------------------------------------------------------------------------------
BAR-estimator:         λ             λ+δλ          ΔΔA             ΔA            C               Δδe            δe       
                          
-----------------------------------------------------------------------------------------------------------------------------------
BAR-estimator:      0.00000        0.05000        0.3553         0.3553         0.3553         0.0044         0.0044 
BAR-estimator:      0.05000        0.10000        0.2568         0.6120         0.2568         0.0029         0.0053 
BAR-estimator:      0.10000        0.15000        0.2023         0.8143         0.2023         0.0029         0.0060 
BAR-estimator:      0.15000        0.20000        0.1650         0.9793         0.1650         0.0032         0.0068 
BAR-estimator:      0.20000        0.25000        0.1427         1.1221         0.1427         0.0023         0.0072 
BAR-estimator:      0.25000        0.30000        0.1235         1.2456         0.1235         0.0023         0.0076 
BAR-estimator:      0.30000        0.35000        0.1077         1.3533         0.1077         0.0021         0.0079 
BAR-estimator:      0.35000        0.40000        0.0964         1.4496         0.0964         0.0021         0.0081 
BAR-estimator:      0.40000        0.45000        0.0868         1.5364         0.0868         0.0018         0.0083 
BAR-estimator:      0.45000        0.50000        0.0818         1.6182         0.0818         0.0020         0.0086 
BAR-estimator:      0.50000        0.55000       -0.0251         1.5931        -0.0251         0.0025         0.0089 
BAR-estimator:      0.55000        0.60000       -0.1943         1.3987        -0.1943         0.0026         0.0093 
BAR-estimator:      0.60000        0.65000       -0.3446         1.0541        -0.3446         0.0030         0.0098 
BAR-estimator:      0.65000        0.70000       -0.4868         0.5673        -0.4868         0.0030         0.0102 
BAR-estimator:      0.70000        0.75000       -0.5744        -0.0071        -0.5744         0.0028         0.0106 
BAR-estimator:      0.75000        0.80000       -0.6076        -0.6147        -0.6076         0.0029         0.0110 
BAR-estimator:      0.80000        0.85000       -0.5978        -1.2125        -0.5978         0.0026         0.0113 
BAR-estimator:      0.85000        0.90000       -0.5734        -1.7859        -0.5734         0.0024         0.0116 
BAR-estimator:      0.90000        0.95000       -0.5464        -2.3323        -0.5464         0.0019         0.0117 
BAR-estimator:      0.95000        1.00000       -0.5181        -2.8504        -0.5181         0.0021         0.0119 
BAR-estimator: total free energy change is -2.8503592617967746 , total error is 0.011915974619527842
