#========================================================================================
#                     Free energy perturbation    
#----------------------------------------------------------------------------------------
#forward/backward          λ              ΔΔA                 ΔA                  δε   
#                                                 
#----------------------------------------------------------------------------------------
forward:               0.0000              0.0000              0.0000              0.0000  
forward:               0.0500              1.6717              1.6717              0.0244  
forward:               0.1000              0.8427              2.5144              0.0309  
forward:               0.1500              0.4248              2.9393              0.0336  
forward:               0.2000              0.1618              3.1011              0.0346  
forward:               0.2500              0.0449              3.1459              0.0352  
forward:               0.3000             -0.0354              3.1105              0.0356  
forward:               0.3500             -0.0759              3.0346              0.0360  
forward:               0.4000             -0.1221              2.9125              0.0363  
forward:               0.4500             -0.1566              2.7559              0.0366  
forward:               0.5000             -0.1899              2.5660              0.0368  
forward:               0.5500             -0.5377              2.0283              0.0376  
forward:               0.6000             -1.1008              0.9275              0.0387  
forward:               0.6500             -1.5779             -0.6504              0.0401  
forward:               0.7000             -1.9892             -2.6396              0.0413  
forward:               0.7500             -2.2542             -4.8937              0.0421  
forward:               0.8000             -2.3302             -7.2240              0.0427  
forward:               0.8500             -2.3397             -9.5637              0.0436  
forward:               0.9000             -2.3211            -11.8848              0.0441  
forward:               0.9500             -2.2687            -14.1535              0.0445  
forward:               1.0000             -2.2248            -16.3784              0.0448  
backward:              1.0000              0.0000            -16.3784              0.0000  
backward:              0.9500              2.2235            -14.1548              0.0096  
backward:              0.9000              2.2558            -11.8990              0.0134  
backward:              0.8500              2.3252             -9.5738              0.0153  
backward:              0.8000              2.3471             -7.2267              0.0175  
backward:              0.7500              2.3297             -4.8970              0.0198  
backward:              0.7000              2.2194             -2.6777              0.0225  
backward:              0.6500              1.9872             -0.6904              0.0247  
backward:              0.6000              1.5858              0.8953              0.0271  
backward:              0.5500              1.0682              1.9635              0.0287  
backward:              0.5000              0.5335              2.4970              0.0301  
backward:              0.4500              0.1920              2.6890              0.0304  
backward:              0.4000              0.1583              2.8474              0.0308  
backward:              0.3500              0.1204              2.9677              0.0317  
backward:              0.3000              0.0879              3.0556              0.0325  
backward:              0.2500              0.0438              3.0994              0.0331  
backward:              0.2000             -0.0473              3.0520              0.0339  
backward:              0.1500             -0.1821              2.8700              0.0361  
backward:              0.1000             -0.4125              2.4575              0.0395  
backward:              0.0500             -0.8926              1.5649              0.0596  
backward:              0.0000             -1.8317             -0.2668              0.2016  
Inaccuracy estimation
======================================================================================================
                   i        i+δi          P0_overlap_P1   δε(forward)/ε   δε(backward)/ε
======================================================================================================
inaccuracy:  0.00000        0.05000           34.89           -0.04            2.18
inaccuracy:  0.05000        0.10000           46.62           -0.03            1.03
inaccuracy:  0.10000        0.15000           56.56           -0.03            0.53
inaccuracy:  0.15000        0.20000           65.73           -0.02            0.27
inaccuracy:  0.20000        0.25000           70.00           -0.02            0.18
inaccuracy:  0.25000        0.30000           71.49           -0.01            0.14
inaccuracy:  0.30000        0.35000           72.32           -0.02            0.12
inaccuracy:  0.35000        0.40000           74.66           -0.02            0.10
inaccuracy:  0.40000        0.45000           75.24           -0.02            0.08
inaccuracy:  0.45000        0.50000           75.84           -0.01            0.07
inaccuracy:  0.50000        0.55000           56.47           -0.21            0.21
inaccuracy:  0.55000        0.60000           58.98           -0.29            0.07
inaccuracy:  0.60000        0.65000           56.42           -0.39           -0.00
inaccuracy:  0.65000        0.70000           58.31           -0.36           -0.05
inaccuracy:  0.70000        0.75000           60.46           -0.28           -0.08
inaccuracy:  0.75000        0.80000           59.06           -0.31           -0.09
inaccuracy:  0.80000        0.85000           58.10           -0.32           -0.08
inaccuracy:  0.85000        0.90000           57.59           -0.28           -0.08
inaccuracy:  0.90000        0.95000           56.58           -0.31           -0.06
inaccuracy:  0.95000        1.00000           55.07           -0.32           -0.05
===================================================================================================================================
                BAR        
-----------------------------------------------------------------------------------------------------------------------------------
BAR-estimator:         λ             λ+δλ          ΔΔA             ΔA            C               Δδe            δe       
                          
-----------------------------------------------------------------------------------------------------------------------------------
BAR-estimator:      0.00000        0.05000        1.6706         1.6706         1.6706         0.0124         0.0124 
BAR-estimator:      0.05000        0.10000        0.8586         2.5292         0.8586         0.0111         0.0166 
BAR-estimator:      0.10000        0.15000        0.4203         2.9494         0.4203         0.0085         0.0187 
BAR-estimator:      0.15000        0.20000        0.1641         3.1136         0.1641         0.0054         0.0195 
BAR-estimator:      0.20000        0.25000        0.0477         3.1612         0.0477         0.0044         0.0199 
BAR-estimator:      0.25000        0.30000       -0.0382         3.1230        -0.0382         0.0040         0.0203 
BAR-estimator:      0.30000        0.35000       -0.0805         3.0425        -0.0805         0.0040         0.0207 
BAR-estimator:      0.35000        0.40000       -0.1219         2.9206        -0.1219         0.0036         0.0210 
BAR-estimator:      0.40000        0.45000       -0.1583         2.7624        -0.1583         0.0031         0.0213 
BAR-estimator:      0.45000        0.50000       -0.1905         2.5719        -0.1905         0.0016         0.0213 
BAR-estimator:      0.50000        0.55000       -0.5364         2.0354        -0.5364         0.0044         0.0218 
BAR-estimator:      0.55000        0.60000       -1.0853         0.9501        -1.0853         0.0051         0.0224 
BAR-estimator:      0.60000        0.65000       -1.5848        -0.6346        -1.5848         0.0055         0.0230 
BAR-estimator:      0.65000        0.70000       -1.9911        -2.6257        -1.9911         0.0057         0.0237 
BAR-estimator:      0.70000        0.75000       -2.2336        -4.8593        -2.2336         0.0048         0.0242 
BAR-estimator:      0.75000        0.80000       -2.3320        -7.1913        -2.3320         0.0050         0.0247 
BAR-estimator:      0.80000        0.85000       -2.3416        -9.5329        -2.3416         0.0050         0.0252 
BAR-estimator:      0.85000        0.90000       -2.3190       -11.8519        -2.3190         0.0051         0.0257 
BAR-estimator:      0.90000        0.95000       -2.2644       -14.1163        -2.2644         0.0049         0.0262 
BAR-estimator:      0.95000        1.00000       -2.2242       -16.3405        -2.2242         0.0044         0.0266 
BAR-estimator: total free energy change is -16.340461352387116 , total error is 0.02657606771457661
