#========================================================================================
#                     Free energy perturbation    
#----------------------------------------------------------------------------------------
#forward/backward          λ              ΔΔA                 ΔA                  δε   
#                                                 
#----------------------------------------------------------------------------------------
forward:               0.0000              0.0000              0.0000              0.0000  
forward:               0.0500              1.6719              1.6719              0.0204  
forward:               0.1000              0.8714              2.5433              0.0265  
forward:               0.1500              0.3989              2.9422              0.0286  
forward:               0.2000              0.1592              3.1015              0.0292  
forward:               0.2500              0.0480              3.1494              0.0297  
forward:               0.3000             -0.0252              3.1243              0.0301  
forward:               0.3500             -0.0738              3.0504              0.0306  
forward:               0.4000             -0.1284              2.9220              0.0308  
forward:               0.4500             -0.1606              2.7614              0.0311  
forward:               0.5000             -0.1770              2.5844              0.0313  
forward:               0.5500             -0.5259              2.0586              0.0322  
forward:               0.6000             -1.0845              0.9741              0.0332  
forward:               0.6500             -1.5692             -0.5951              0.0346  
forward:               0.7000             -1.9798             -2.5748              0.0359  
forward:               0.7500             -2.2162             -4.7910              0.0366  
forward:               0.8000             -2.3221             -7.1131              0.0373  
forward:               0.8500             -2.3396             -9.4527              0.0379  
forward:               0.9000             -2.3126            -11.7653              0.0384  
forward:               0.9500             -2.2755            -14.0408              0.0389  
forward:               1.0000             -2.2236            -16.2644              0.0393  
backward:              1.0000              0.0000            -16.2644              0.0000  
backward:              0.9500              2.2150            -14.0494              0.0117  
backward:              0.9000              2.2621            -11.7873              0.0145  
backward:              0.8500              2.3166             -9.4707              0.0175  
backward:              0.8000              2.3321             -7.1385              0.0216  
backward:              0.7500              2.3189             -4.8197              0.0232  
backward:              0.7000              2.2221             -2.5976              0.0250  
backward:              0.6500              1.9800             -0.6176              0.0270  
backward:              0.6000              1.5616              0.9440              0.0293  
backward:              0.5500              1.0671              2.0111              0.0302  
backward:              0.5000              0.5533              2.5644              0.0311  
backward:              0.4500              0.1847              2.7492              0.0315  
backward:              0.4000              0.1523              2.9014              0.0318  
backward:              0.3500              0.1210              3.0224              0.0322  
backward:              0.3000              0.0851              3.1075              0.0326  
backward:              0.2500              0.0321              3.1396              0.0333  
backward:              0.2000             -0.0455              3.0941              0.0341  
backward:              0.1500             -0.1821              2.9120              0.0368  
backward:              0.1000             -0.4128              2.4993              0.0401  
backward:              0.0500             -0.8385              1.6607              0.0454  
backward:              0.0000             -1.6071              0.0536              0.0537  
Inaccuracy estimation
======================================================================================================
                   i        i+δi          P0_overlap_P1   δε(forward)/ε   δε(backward)/ε
======================================================================================================
inaccuracy:  0.00000        0.05000           33.73           -0.04            2.19
inaccuracy:  0.05000        0.10000           45.72           -0.04            1.08
inaccuracy:  0.10000        0.15000           57.47           -0.02            0.50
inaccuracy:  0.15000        0.20000           65.56           -0.01            0.28
inaccuracy:  0.20000        0.25000           69.30           -0.01            0.18
inaccuracy:  0.25000        0.30000           70.91           -0.02            0.14
inaccuracy:  0.30000        0.35000           72.72           -0.02            0.12
inaccuracy:  0.35000        0.40000           75.40           -0.01            0.09
inaccuracy:  0.40000        0.45000           76.25           -0.02            0.08
inaccuracy:  0.45000        0.50000           74.88           -0.02            0.08
inaccuracy:  0.50000        0.55000           56.59           -0.23            0.18
inaccuracy:  0.55000        0.60000           58.32           -0.28            0.07
inaccuracy:  0.60000        0.65000           57.41           -0.37            0.00
inaccuracy:  0.65000        0.70000           57.55           -0.34           -0.05
inaccuracy:  0.70000        0.75000           58.52           -0.32           -0.09
inaccuracy:  0.75000        0.80000           59.02           -0.30           -0.09
inaccuracy:  0.80000        0.85000           58.14           -0.32           -0.10
inaccuracy:  0.85000        0.90000           57.36           -0.31           -0.08
inaccuracy:  0.90000        0.95000           56.21           -0.32           -0.05
inaccuracy:  0.95000        1.00000           55.41           -0.29           -0.05
===================================================================================================================================
                BAR        
-----------------------------------------------------------------------------------------------------------------------------------
BAR-estimator:         λ             λ+δλ          ΔΔA             ΔA            C               Δδe            δe       
                          
-----------------------------------------------------------------------------------------------------------------------------------
BAR-estimator:      0.00000        0.05000        1.6739         1.6739         1.6739         0.0108         0.0108 
BAR-estimator:      0.05000        0.10000        0.8726         2.5465         0.8726         0.0092         0.0142 
BAR-estimator:      0.10000        0.15000        0.4051         2.9516         0.4051         0.0066         0.0156 
BAR-estimator:      0.15000        0.20000        0.1626         3.1142         0.1626         0.0050         0.0164 
BAR-estimator:      0.20000        0.25000        0.0469         3.1610         0.0469         0.0041         0.0169 
BAR-estimator:      0.25000        0.30000       -0.0297         3.1314        -0.0297         0.0038         0.0173 
BAR-estimator:      0.30000        0.35000       -0.0776         3.0537        -0.0776         0.0036         0.0177 
BAR-estimator:      0.35000        0.40000       -0.1251         2.9287        -0.1251         0.0036         0.0181 
BAR-estimator:      0.40000        0.45000       -0.1593         2.7694        -0.1593         0.0028         0.0183 
BAR-estimator:      0.45000        0.50000       -0.1798         2.5896        -0.1798         0.0027         0.0185 
BAR-estimator:      0.50000        0.55000       -0.5359         2.0536        -0.5359         0.0045         0.0190 
BAR-estimator:      0.55000        0.60000       -1.0717         0.9819        -1.0717         0.0046         0.0196 
BAR-estimator:      0.60000        0.65000       -1.5654        -0.5835        -1.5654         0.0051         0.0202 
BAR-estimator:      0.65000        0.70000       -1.9774        -2.5609        -1.9774         0.0046         0.0208 
BAR-estimator:      0.70000        0.75000       -2.2136        -4.7745        -2.2136         0.0043         0.0212 
BAR-estimator:      0.75000        0.80000       -2.3196        -7.0941        -2.3196         0.0047         0.0217 
BAR-estimator:      0.80000        0.85000       -2.3369        -9.4311        -2.3369         0.0047         0.0222 
BAR-estimator:      0.85000        0.90000       -2.3117       -11.7428        -2.3117         0.0047         0.0227 
BAR-estimator:      0.90000        0.95000       -2.2680       -14.0108        -2.2680         0.0049         0.0232 
BAR-estimator:      0.95000        1.00000       -2.2260       -16.2368        -2.2260         0.0048         0.0237 
BAR-estimator: total free energy change is -16.236750955639593 , total error is 0.02373808447198726
