#========================================================================================
#                     Free energy perturbation    
#----------------------------------------------------------------------------------------
#forward/backward          λ              ΔΔA                 ΔA                  δε   
#                                                 
#----------------------------------------------------------------------------------------
forward:               0.0000              0.0000              0.0000              0.0000  
forward:               0.0500              1.0130              1.0130              0.0173  
forward:               0.1000              0.5736              1.5866              0.0212  
forward:               0.1500              0.3145              1.9010              0.0227  
forward:               0.2000              0.1761              2.0771              0.0238  
forward:               0.2500              0.1209              2.1981              0.0248  
forward:               0.3000              0.0679              2.2660              0.0254  
forward:               0.3500              0.0425              2.3085              0.0259  
forward:               0.4000              0.0206              2.3291              0.0262  
forward:               0.4500              0.0053              2.3344              0.0266  
forward:               0.5000             -0.0080              2.3264              0.0269  
forward:               0.5500             -0.0177              2.3087              0.0272  
forward:               0.6000             -0.0577              2.2511              0.0276  
forward:               0.6500             -0.0728              2.1782              0.0280  
forward:               0.7000             -0.0978              2.0804              0.0282  
forward:               0.7500             -0.1167              1.9638              0.0285  
forward:               0.8000             -0.1309              1.8329              0.0287  
forward:               0.8500             -0.1411              1.6918              0.0289  
forward:               0.9000             -0.1443              1.5475              0.0292  
forward:               0.9500             -0.1505              1.3969              0.0294  
forward:               1.0000             -0.1535              1.2434              0.0295  
backward:              1.0000              0.0000              1.2434              0.0000  
backward:              0.9500              0.1478              1.3913              0.0037  
backward:              0.9000              0.1451              1.5363              0.0058  
backward:              0.8500              0.1459              1.6822              0.0071  
backward:              0.8000              0.1307              1.8130              0.0082  
backward:              0.7500              0.1341              1.9471              0.0095  
backward:              0.7000              0.1142              2.0614              0.0104  
backward:              0.6500              0.1009              2.1622              0.0111  
backward:              0.6000              0.0780              2.2402              0.0120  
backward:              0.5500              0.0585              2.2987              0.0129  
backward:              0.5000              0.0114              2.3101              0.0146  
backward:              0.4500              0.0082              2.3182              0.0152  
backward:              0.4000             -0.0057              2.3126              0.0161  
backward:              0.3500             -0.0224              2.2902              0.0169  
backward:              0.3000             -0.0484              2.2418              0.0179  
backward:              0.2500             -0.0668              2.1750              0.0187  
backward:              0.2000             -0.1216              2.0534              0.0199  
backward:              0.1500             -0.1767              1.8767              0.0218  
backward:              0.1000             -0.3146              1.5621              0.0248  
backward:              0.0500             -0.6135              0.9486              0.0482  
backward:              0.0000             -1.0220             -0.0735              0.0541  
Inaccuracy estimation
======================================================================================================
                   i        i+δi          P0_overlap_P1   δε(forward)/ε   δε(backward)/ε
======================================================================================================
inaccuracy:  0.00000        0.05000           45.84           -0.03            0.83
inaccuracy:  0.05000        0.10000           55.90           -0.03            0.62
inaccuracy:  0.10000        0.15000           64.64           -0.01            0.30
inaccuracy:  0.15000        0.20000           70.06           -0.01            0.20
inaccuracy:  0.20000        0.25000           72.79           -0.01            0.16
inaccuracy:  0.25000        0.30000           74.05           -0.01            0.13
inaccuracy:  0.30000        0.35000           75.83           -0.01            0.11
inaccuracy:  0.35000        0.40000           76.10           -0.01            0.10
inaccuracy:  0.40000        0.45000           76.74           -0.01            0.09
inaccuracy:  0.45000        0.50000           76.48           -0.01            0.09
inaccuracy:  0.50000        0.55000           75.78           -0.01            0.09
inaccuracy:  0.55000        0.60000           75.72           -0.02            0.09
inaccuracy:  0.60000        0.65000           74.86           -0.02            0.08
inaccuracy:  0.65000        0.70000           75.65           -0.02            0.08
inaccuracy:  0.70000        0.75000           76.84           -0.02            0.07
inaccuracy:  0.75000        0.80000           76.14           -0.02            0.08
inaccuracy:  0.80000        0.85000           77.23           -0.01            0.08
inaccuracy:  0.85000        0.90000           76.03           -0.02            0.08
inaccuracy:  0.90000        0.95000           76.61           -0.01            0.07
inaccuracy:  0.95000        1.00000           75.83           -0.02            0.07
===================================================================================================================================
                BAR        
-----------------------------------------------------------------------------------------------------------------------------------
BAR-estimator:         λ             λ+δλ          ΔΔA             ΔA            C               Δδe            δe       
                          
-----------------------------------------------------------------------------------------------------------------------------------
BAR-estimator:      0.00000        0.05000        1.0149         1.0149         1.0149         0.0101         0.0101 
BAR-estimator:      0.05000        0.10000        0.5704         1.5854         0.5704         0.0077         0.0127 
BAR-estimator:      0.10000        0.15000        0.3114         1.8968         0.3114         0.0054         0.0138 
BAR-estimator:      0.15000        0.20000        0.1761         2.0729         0.1761         0.0049         0.0146 
BAR-estimator:      0.20000        0.25000        0.1226         2.1954         0.1226         0.0047         0.0153 
BAR-estimator:      0.25000        0.30000        0.0668         2.2623         0.0668         0.0038         0.0158 
BAR-estimator:      0.30000        0.35000        0.0454         2.3076         0.0454         0.0033         0.0161 
BAR-estimator:      0.35000        0.40000        0.0209         2.3285         0.0209         0.0030         0.0164 
BAR-estimator:      0.40000        0.45000        0.0061         2.3346         0.0061         0.0030         0.0167 
BAR-estimator:      0.45000        0.50000       -0.0087         2.3260        -0.0087         0.0029         0.0170 
BAR-estimator:      0.50000        0.55000       -0.0150         2.3110        -0.0150         0.0030         0.0172 
BAR-estimator:      0.55000        0.60000       -0.0579         2.2530        -0.0579         0.0031         0.0175 
BAR-estimator:      0.60000        0.65000       -0.0769         2.1761        -0.0769         0.0029         0.0177 
BAR-estimator:      0.65000        0.70000       -0.0990         2.0771        -0.0990         0.0029         0.0180 
BAR-estimator:      0.70000        0.75000       -0.1162         1.9609        -0.1162         0.0027         0.0182 
BAR-estimator:      0.75000        0.80000       -0.1317         1.8292        -0.1317         0.0027         0.0184 
BAR-estimator:      0.80000        0.85000       -0.1360         1.6932        -0.1360         0.0029         0.0186 
BAR-estimator:      0.85000        0.90000       -0.1455         1.5478        -0.1455         0.0031         0.0189 
BAR-estimator:      0.90000        0.95000       -0.1477         1.4001        -0.1477         0.0028         0.0191 
BAR-estimator:      0.95000        1.00000       -0.1526         1.2475        -0.1526         0.0029         0.0193 
BAR-estimator: total free energy change is 1.2475071451204978 , total error is 0.01929687530614883
