#========================================================================================
#                     Free energy perturbation    
#----------------------------------------------------------------------------------------
#forward/backward          λ              ΔΔA                 ΔA                  δε   
#                                                 
#----------------------------------------------------------------------------------------
forward:               0.0000              0.0000              0.0000              0.0000  
forward:               0.0500              1.0037              1.0037              0.0120  
forward:               0.1000              0.5721              1.5758              0.0163  
forward:               0.1500              0.3160              1.8918              0.0178  
forward:               0.2000              0.1925              2.0843              0.0190  
forward:               0.2500              0.1151              2.1994              0.0197  
forward:               0.3000              0.0765              2.2760              0.0202  
forward:               0.3500              0.0413              2.3173              0.0207  
forward:               0.4000              0.0158              2.3332              0.0210  
forward:               0.4500             -0.0058              2.3274              0.0214  
forward:               0.5000             -0.0207              2.3067              0.0217  
forward:               0.5500             -0.0240              2.2826              0.0219  
forward:               0.6000             -0.0636              2.2190              0.0221  
forward:               0.6500             -0.0900              2.1290              0.0224  
forward:               0.7000             -0.1129              2.0161              0.0228  
forward:               0.7500             -0.1291              1.8870              0.0231  
forward:               0.8000             -0.1419              1.7451              0.0233  
forward:               0.8500             -0.1543              1.5908              0.0236  
forward:               0.9000             -0.1564              1.4344              0.0238  
forward:               0.9500             -0.1612              1.2733              0.0241  
forward:               1.0000             -0.1682              1.1051              0.0242  
backward:              1.0000              0.0000              1.1051              0.0000  
backward:              0.9500              0.1644              1.2696              0.0043  
backward:              0.9000              0.1690              1.4386              0.0060  
backward:              0.8500              0.1527              1.5913              0.0075  
backward:              0.8000              0.1539              1.7452              0.0085  
backward:              0.7500              0.1433              1.8885              0.0095  
backward:              0.7000              0.1231              2.0116              0.0107  
backward:              0.6500              0.1116              2.1232              0.0115  
backward:              0.6000              0.0916              2.2148              0.0121  
backward:              0.5500              0.0556              2.2704              0.0129  
backward:              0.5000              0.0234              2.2938              0.0136  
backward:              0.4500              0.0099              2.3037              0.0146  
backward:              0.4000             -0.0013              2.3024              0.0155  
backward:              0.3500             -0.0194              2.2830              0.0165  
backward:              0.3000             -0.0370              2.2460              0.0176  
backward:              0.2500             -0.0798              2.1662              0.0188  
backward:              0.2000             -0.1185              2.0477              0.0201  
backward:              0.1500             -0.1930              1.8547              0.0218  
backward:              0.1000             -0.2993              1.5554              0.0238  
backward:              0.0500             -0.4975              1.0579              0.0274  
backward:              0.0000             -1.0343              0.0235              0.0374  
Inaccuracy estimation
======================================================================================================
                   i        i+δi          P0_overlap_P1   δε(forward)/ε   δε(backward)/ε
======================================================================================================
inaccuracy:  0.00000        0.05000           46.26           -0.03            0.85
inaccuracy:  0.05000        0.10000           53.81           -0.02            0.66
inaccuracy:  0.10000        0.15000           64.77           -0.01            0.34
inaccuracy:  0.15000        0.20000           69.83           -0.01            0.21
inaccuracy:  0.20000        0.25000           73.09           -0.01            0.15
inaccuracy:  0.25000        0.30000           73.79           -0.01            0.12
inaccuracy:  0.30000        0.35000           74.43           -0.01            0.11
inaccuracy:  0.35000        0.40000           76.13           -0.00            0.10
inaccuracy:  0.40000        0.45000           77.54           -0.01            0.09
inaccuracy:  0.45000        0.50000           77.87           -0.01            0.09
inaccuracy:  0.50000        0.55000           75.78           -0.01            0.09
inaccuracy:  0.55000        0.60000           76.86           -0.02            0.08
inaccuracy:  0.60000        0.65000           76.84           -0.02            0.08
inaccuracy:  0.65000        0.70000           77.01           -0.02            0.08
inaccuracy:  0.70000        0.75000           77.09           -0.02            0.08
inaccuracy:  0.75000        0.80000           76.29           -0.02            0.07
inaccuracy:  0.80000        0.85000           76.38           -0.02            0.07
inaccuracy:  0.85000        0.90000           75.78           -0.02            0.08
inaccuracy:  0.90000        0.95000           75.10           -0.02            0.08
inaccuracy:  0.95000        1.00000           75.42           -0.02            0.07
===================================================================================================================================
                BAR        
-----------------------------------------------------------------------------------------------------------------------------------
BAR-estimator:         λ             λ+δλ          ΔΔA             ΔA            C               Δδe            δe       
                          
-----------------------------------------------------------------------------------------------------------------------------------
BAR-estimator:      0.00000        0.05000        1.0154         1.0154         1.0154         0.0076         0.0076 
BAR-estimator:      0.05000        0.10000        0.5617         1.5771         0.5617         0.0068         0.0102 
BAR-estimator:      0.10000        0.15000        0.3141         1.8912         0.3141         0.0054         0.0115 
BAR-estimator:      0.15000        0.20000        0.1932         2.0844         0.1932         0.0036         0.0121 
BAR-estimator:      0.20000        0.25000        0.1160         2.2003         0.1160         0.0036         0.0126 
BAR-estimator:      0.25000        0.30000        0.0763         2.2766         0.0763         0.0032         0.0130 
BAR-estimator:      0.30000        0.35000        0.0393         2.3159         0.0393         0.0026         0.0133 
BAR-estimator:      0.35000        0.40000        0.0170         2.3330         0.0170         0.0026         0.0135 
BAR-estimator:      0.40000        0.45000       -0.0026         2.3304        -0.0026         0.0026         0.0138 
BAR-estimator:      0.45000        0.50000       -0.0171         2.3133        -0.0171         0.0018         0.0139 
BAR-estimator:      0.50000        0.55000       -0.0225         2.2909        -0.0225         0.0025         0.0141 
BAR-estimator:      0.55000        0.60000       -0.0611         2.2298        -0.0611         0.0027         0.0144 
BAR-estimator:      0.60000        0.65000       -0.0908         2.1390        -0.0908         0.0030         0.0147 
BAR-estimator:      0.65000        0.70000       -0.1116         2.0274        -0.1116         0.0029         0.0149 
BAR-estimator:      0.70000        0.75000       -0.1269         1.9005        -0.1269         0.0027         0.0152 
BAR-estimator:      0.75000        0.80000       -0.1422         1.7583        -0.1422         0.0027         0.0154 
BAR-estimator:      0.80000        0.85000       -0.1547         1.6036        -0.1547         0.0028         0.0157 
BAR-estimator:      0.85000        0.90000       -0.1566         1.4470        -0.1566         0.0027         0.0159 
BAR-estimator:      0.90000        0.95000       -0.1642         1.2827        -0.1642         0.0028         0.0162 
BAR-estimator:      0.95000        1.00000       -0.1688         1.1140        -0.1688         0.0027         0.0164 
BAR-estimator: total free energy change is 1.1139757374153485 , total error is 0.016382673703764193
