#========================================================================================
#                     Free energy perturbation    
#----------------------------------------------------------------------------------------
#forward/backward          λ              ΔΔA                 ΔA                  δε   
#                                                 
#----------------------------------------------------------------------------------------
forward:               0.0000              0.0000              0.0000              0.0000  
forward:               0.0500              0.8195              0.8195              0.0169  
forward:               0.1000              0.4723              1.2918              0.0202  
forward:               0.1500              0.3094              1.6012              0.0239  
forward:               0.2000              0.2076              1.8088              0.0248  
forward:               0.2500              0.1388              1.9476              0.0255  
forward:               0.3000              0.1045              2.0521              0.0259  
forward:               0.3500              0.0767              2.1288              0.0264  
forward:               0.4000              0.0413              2.1701              0.0268  
forward:               0.4500              0.0396              2.2097              0.0271  
forward:               0.5000              0.0212              2.2310              0.0274  
forward:               0.5500              0.0121              2.2431              0.0279  
forward:               0.6000             -0.0814              2.1617              0.0282  
forward:               0.6500             -0.1101              2.0516              0.0286  
forward:               0.7000             -0.1672              1.8844              0.0288  
forward:               0.7500             -0.1915              1.6929              0.0291  
forward:               0.8000             -0.2261              1.4667              0.0293  
forward:               0.8500             -0.2379              1.2288              0.0296  
forward:               0.9000             -0.2652              0.9636              0.0298  
forward:               0.9500             -0.2850              0.6786              0.0300  
forward:               1.0000             -0.2907              0.3879              0.0302  
backward:              1.0000              0.0000              0.3879              0.0000  
backward:              0.9500              0.2933              0.6813              0.0041  
backward:              0.9000              0.2739              0.9551              0.0064  
backward:              0.8500              0.2627              1.2178              0.0077  
backward:              0.8000              0.2421              1.4599              0.0089  
backward:              0.7500              0.2112              1.6710              0.0100  
backward:              0.7000              0.1911              1.8621              0.0111  
backward:              0.6500              0.1615              2.0236              0.0126  
backward:              0.6000              0.1155              2.1390              0.0134  
backward:              0.5500              0.0767              2.2157              0.0141  
backward:              0.5000              0.0052              2.2209              0.0153  
backward:              0.4500             -0.0163              2.2046              0.0160  
backward:              0.4000             -0.0401              2.1645              0.0166  
backward:              0.3500             -0.0563              2.1083              0.0177  
backward:              0.3000             -0.0747              2.0335              0.0186  
backward:              0.2500             -0.1116              1.9220              0.0196  
backward:              0.2000             -0.1520              1.7700              0.0213  
backward:              0.1500             -0.1953              1.5747              0.0229  
backward:              0.1000             -0.2984              1.2763              0.0247  
backward:              0.0500             -0.4500              0.8263              0.0282  
backward:              0.0000             -0.8019              0.0244              0.0379  
Inaccuracy estimation
======================================================================================================
                   i        i+δi          P0_overlap_P1   δε(forward)/ε   δε(backward)/ε
======================================================================================================
inaccuracy:  0.00000        0.05000           40.80           -0.03            1.13
inaccuracy:  0.05000        0.10000           61.71           -0.01            0.43
inaccuracy:  0.10000        0.15000           62.11           -0.01            0.31
inaccuracy:  0.15000        0.20000           71.83           -0.00            0.17
inaccuracy:  0.20000        0.25000           73.41           -0.01            0.13
inaccuracy:  0.25000        0.30000           76.81           -0.00            0.11
inaccuracy:  0.30000        0.35000           75.71           -0.01            0.10
inaccuracy:  0.35000        0.40000           79.79           -0.00            0.08
inaccuracy:  0.40000        0.45000           76.52           -0.01            0.09
inaccuracy:  0.45000        0.50000           78.34           -0.00            0.07
inaccuracy:  0.50000        0.55000           67.06           -0.04            0.11
inaccuracy:  0.55000        0.60000           77.27           -0.02            0.07
inaccuracy:  0.60000        0.65000           70.54           -0.03            0.08
inaccuracy:  0.65000        0.70000           77.55           -0.02            0.06
inaccuracy:  0.70000        0.75000           74.61           -0.03            0.06
inaccuracy:  0.75000        0.80000           78.24           -0.02            0.06
inaccuracy:  0.80000        0.85000           74.46           -0.03            0.07
inaccuracy:  0.85000        0.90000           77.79           -0.02            0.06
inaccuracy:  0.90000        0.95000           76.01           -0.03            0.06
inaccuracy:  0.95000        1.00000           76.58           -0.02            0.06
===================================================================================================================================
            	   BAR        
-----------------------------------------------------------------------------------------------------------------------------------
BAR-estimator:         λ             λ+δλ          ΔΔA             ΔA            C               Δδe            δe       
                          
-----------------------------------------------------------------------------------------------------------------------------------
BAR-estimator:      0.00000        0.05000        0.7084         0.7084         0.7084         0.0111         0.0111 
BAR-estimator:      0.05000        0.10000        0.4693         1.1777         0.4693         0.0052         0.0122 
BAR-estimator:      0.10000        0.15000        0.2730         1.4507         0.2730         0.0086         0.0150 
BAR-estimator:      0.15000        0.20000        0.2031         1.6538         0.2031         0.0044         0.0156 
BAR-estimator:      0.20000        0.25000        0.1295         1.7833         0.1295         0.0040         0.0161 
BAR-estimator:      0.25000        0.30000        0.1074         1.8906         0.1074         0.0030         0.0164 
BAR-estimator:      0.30000        0.35000        0.0677         1.9584         0.0677         0.0038         0.0168 
BAR-estimator:      0.35000        0.40000        0.0473         2.0056         0.0473         0.0032         0.0171 
BAR-estimator:      0.40000        0.45000        0.0296         2.0353         0.0296         0.0030         0.0174 
BAR-estimator:      0.45000        0.50000        0.0188         2.0541         0.0188         0.0028         0.0176 
BAR-estimator:      0.50000        0.55000       -0.0269         2.0272        -0.0269         0.0037         0.0180 
BAR-estimator:      0.55000        0.60000       -0.0776         1.9496        -0.0776         0.0029         0.0182 
BAR-estimator:      0.60000        0.65000       -0.1374         1.8121        -0.1374         0.0034         0.0185 
BAR-estimator:      0.65000        0.70000       -0.1671         1.6450        -0.1671         0.0030         0.0188 
BAR-estimator:      0.70000        0.75000       -0.2055         1.4395        -0.2055         0.0030         0.0190 
BAR-estimator:      0.75000        0.80000       -0.2215         1.2180        -0.2215         0.0031         0.0193 
BAR-estimator:      0.80000        0.85000       -0.2496         0.9684        -0.2496         0.0029         0.0195 
BAR-estimator:      0.85000        0.90000       -0.2633         0.7051        -0.2633         0.0030         0.0197 
BAR-estimator:      0.90000        0.95000       -0.2894         0.4157        -0.2894         0.0031         0.0199 
BAR-estimator:      0.95000        1.00000       -0.2899         0.1258        -0.2899         0.0034         0.0202 
BAR-estimator: total free energy change is 0.1257896465789482 , total error is 0.020232079679971912
