#========================================================================================
#                     Free energy perturbation    
#----------------------------------------------------------------------------------------
#forward/backward          λ              ΔΔA                 ΔA                  δε   
#                                                 
#----------------------------------------------------------------------------------------
forward:               0.0000              0.0000              0.0000              0.0000  
forward:               0.0500              0.8080              0.8080              0.0121  
forward:               0.1000              0.4426              1.2506              0.0146  
forward:               0.1500              0.2893              1.5400              0.0162  
forward:               0.2000              0.1987              1.7387              0.0172  
forward:               0.2500              0.1287              1.8673              0.0179  
forward:               0.3000              0.1019              1.9692              0.0187  
forward:               0.3500              0.0821              2.0513              0.0192  
forward:               0.4000              0.0497              2.1010              0.0195  
forward:               0.4500              0.0304              2.1314              0.0203  
forward:               0.5000              0.0097              2.1411              0.0206  
forward:               0.5500             -0.0064              2.1348              0.0209  
forward:               0.6000             -0.0768              2.0580              0.0212  
forward:               0.6500             -0.1250              1.9330              0.0214  
forward:               0.7000             -0.1719              1.7610              0.0217  
forward:               0.7500             -0.2011              1.5599              0.0220  
forward:               0.8000             -0.2339              1.3260              0.0223  
forward:               0.8500             -0.2563              1.0698              0.0225  
forward:               0.9000             -0.2839              0.7859              0.0228  
forward:               0.9500             -0.2903              0.4956              0.0230  
forward:               1.0000             -0.3071              0.1884              0.0233  
backward:              1.0000              0.0000              0.1884              0.0000  
backward:              0.9500              0.3092              0.4976              0.0049  
backward:              0.9000              0.2966              0.7942              0.0064  
backward:              0.8500              0.2685              1.0627              0.0075  
backward:              0.8000              0.2513              1.3140              0.0085  
backward:              0.7500              0.2377              1.5517              0.0094  
backward:              0.7000              0.2038              1.7555              0.0103  
backward:              0.6500              0.1698              1.9253              0.0113  
backward:              0.6000              0.1224              2.0477              0.0123  
backward:              0.5500              0.0724              2.1201              0.0130  
backward:              0.5000              0.0105              2.1307              0.0137  
backward:              0.4500             -0.0213              2.1094              0.0143  
backward:              0.4000             -0.0324              2.0770              0.0154  
backward:              0.3500             -0.0400              2.0371              0.0161  
backward:              0.3000             -0.0842              1.9528              0.0168  
backward:              0.2500             -0.0985              1.8543              0.0178  
backward:              0.2000             -0.1571              1.6972              0.0193  
backward:              0.1500             -0.1966              1.5006              0.0209  
backward:              0.1000             -0.3053              1.1954              0.0237  
backward:              0.0500             -0.4724              0.7229              0.0348  
backward:              0.0000             -0.7822             -0.0593              0.0408  
Inaccuracy estimation
======================================================================================================
                   i        i+δi          P0_overlap_P1   δε(forward)/ε   δε(backward)/ε
======================================================================================================
inaccuracy:  0.00000        0.05000           41.32           -0.02            1.18
inaccuracy:  0.05000        0.10000           63.64           -0.01            0.39
inaccuracy:  0.10000        0.15000           63.20           -0.01            0.29
inaccuracy:  0.15000        0.20000           72.09           -0.01            0.16
inaccuracy:  0.20000        0.25000           73.48           -0.00            0.14
inaccuracy:  0.25000        0.30000           76.19           -0.00            0.11
inaccuracy:  0.30000        0.35000           73.00           -0.01            0.11
inaccuracy:  0.35000        0.40000           77.24           -0.00            0.09
inaccuracy:  0.40000        0.45000           77.91           -0.00            0.09
inaccuracy:  0.45000        0.50000           80.43           -0.01            0.07
inaccuracy:  0.50000        0.55000           69.09           -0.03            0.10
inaccuracy:  0.55000        0.60000           76.91           -0.02            0.07
inaccuracy:  0.60000        0.65000           71.48           -0.04            0.08
inaccuracy:  0.65000        0.70000           77.06           -0.02            0.06
inaccuracy:  0.70000        0.75000           72.90           -0.03            0.07
inaccuracy:  0.75000        0.80000           76.57           -0.02            0.06
inaccuracy:  0.80000        0.85000           75.54           -0.03            0.06
inaccuracy:  0.85000        0.90000           78.81           -0.02            0.05
inaccuracy:  0.90000        0.95000           74.67           -0.03            0.06
inaccuracy:  0.95000        1.00000           76.25           -0.03            0.06
===================================================================================================================================
            	   BAR        
-----------------------------------------------------------------------------------------------------------------------------------
BAR-estimator:         λ             λ+δλ          ΔΔA             ΔA            C               Δδe            δe       
                          
-----------------------------------------------------------------------------------------------------------------------------------
BAR-estimator:      0.00000        0.05000        0.7093         0.7093         0.7093         0.0081         0.0081 
BAR-estimator:      0.05000        0.10000        0.4493         1.1587         0.4493         0.0055         0.0098 
BAR-estimator:      0.10000        0.15000        0.2575         1.4161         0.2575         0.0045         0.0108 
BAR-estimator:      0.15000        0.20000        0.1960         1.6121         0.1960         0.0038         0.0114 
BAR-estimator:      0.20000        0.25000        0.1190         1.7311         0.1190         0.0035         0.0119 
BAR-estimator:      0.25000        0.30000        0.1013         1.8324         0.1013         0.0034         0.0124 
BAR-estimator:      0.30000        0.35000        0.0649         1.8973         0.0649         0.0030         0.0128 
BAR-estimator:      0.35000        0.40000        0.0451         1.9424         0.0451         0.0028         0.0131 
BAR-estimator:      0.40000        0.45000        0.0266         1.9690         0.0266         0.0035         0.0135 
BAR-estimator:      0.45000        0.50000        0.0145         1.9835         0.0145         0.0026         0.0138 
BAR-estimator:      0.50000        0.55000       -0.0370         1.9465        -0.0370         0.0029         0.0141 
BAR-estimator:      0.55000        0.60000       -0.0752         1.8714        -0.0752         0.0027         0.0143 
BAR-estimator:      0.60000        0.65000       -0.1499         1.7215        -0.1499         0.0025         0.0145 
BAR-estimator:      0.65000        0.70000       -0.1745         1.5470        -0.1745         0.0025         0.0148 
BAR-estimator:      0.70000        0.75000       -0.2193         1.3276        -0.2193         0.0029         0.0150 
BAR-estimator:      0.75000        0.80000       -0.2343         1.0934        -0.2343         0.0028         0.0153 
BAR-estimator:      0.80000        0.85000       -0.2645         0.8289        -0.2645         0.0026         0.0155 
BAR-estimator:      0.85000        0.90000       -0.2783         0.5506        -0.2783         0.0027         0.0158 
BAR-estimator:      0.90000        0.95000       -0.3011         0.2495        -0.3011         0.0028         0.0160 
BAR-estimator:      0.95000        1.00000       -0.3091        -0.0596        -0.3091         0.0027         0.0162 
BAR-estimator: total free energy change is -0.05956370704815944 , total error is 0.016239819019379625
