#========================================================================================
#                     Free energy perturbation    
#----------------------------------------------------------------------------------------
#forward/backward          λ              ΔΔA                 ΔA                  δε   
#                                                 
#----------------------------------------------------------------------------------------
forward:               0.0000              0.0000              0.0000              0.0000  
forward:               0.0500              0.5880              0.5880              0.0121  
forward:               0.1000              0.3800              0.9680              0.0145  
forward:               0.1500              0.2675              1.2355              0.0159  
forward:               0.2000              0.1961              1.4317              0.0169  
forward:               0.2500              0.1558              1.5875              0.0177  
forward:               0.3000              0.1268              1.7143              0.0182  
forward:               0.3500              0.0869              1.8013              0.0187  
forward:               0.4000              0.0811              1.8824              0.0191  
forward:               0.4500              0.0699              1.9522              0.0194  
forward:               0.5000              0.0543              2.0065              0.0197  
forward:               0.5500             -0.0398              1.9668              0.0204  
forward:               0.6000             -0.2009              1.7658              0.0211  
forward:               0.6500             -0.3594              1.4064              0.0220  
forward:               0.7000             -0.4832              0.9233              0.0229  
forward:               0.7500             -0.5816              0.3416              0.0239  
forward:               0.8000             -0.6113             -0.2697              0.0244  
forward:               0.8500             -0.5933             -0.8630              0.0248  
forward:               0.9000             -0.5533             -1.4163              0.0252  
forward:               0.9500             -0.5204             -1.9367              0.0255  
forward:               1.0000             -0.4940             -2.4307              0.0259  
backward:              1.0000              0.0000             -2.4307              0.0000  
backward:              0.9500              0.4847             -1.9459              0.0051  
backward:              0.9000              0.5239             -1.4220              0.0070  
backward:              0.8500              0.5516             -0.8704              0.0086  
backward:              0.8000              0.5873             -0.2831              0.0103  
backward:              0.7500              0.6087              0.3256              0.0123  
backward:              0.7000              0.5623              0.8879              0.0138  
backward:              0.6500              0.4846              1.3725              0.0158  
backward:              0.6000              0.3655              1.7381              0.0175  
backward:              0.5500              0.2099              1.9480              0.0184  
backward:              0.5000              0.0442              1.9922              0.0193  
backward:              0.4500             -0.0547              1.9375              0.0197  
backward:              0.4000             -0.0741              1.8634              0.0201  
backward:              0.3500             -0.0737              1.7897              0.0206  
backward:              0.3000             -0.0978              1.6918              0.0211  
backward:              0.2500             -0.1241              1.5677              0.0218  
backward:              0.2000             -0.1505              1.4172              0.0229  
backward:              0.1500             -0.1901              1.2271              0.0238  
backward:              0.1000             -0.2677              0.9594              0.0256  
backward:              0.0500             -0.3768              0.5826              0.0277  
backward:              0.0000             -0.5572              0.0253              0.0303  
Inaccuracy estimation
======================================================================================================
                   i        i+δi          P0_overlap_P1   δε(forward)/ε   δε(backward)/ε
======================================================================================================
inaccuracy:  0.00000        0.05000           57.99           -0.01            0.46
inaccuracy:  0.05000        0.10000           67.55           -0.00            0.31
inaccuracy:  0.10000        0.15000           71.15           -0.00            0.19
inaccuracy:  0.15000        0.20000           74.03           -0.00            0.16
inaccuracy:  0.20000        0.25000           75.76           -0.00            0.12
inaccuracy:  0.25000        0.30000           77.41           -0.00            0.10
inaccuracy:  0.30000        0.35000           81.26           -0.00            0.09
inaccuracy:  0.35000        0.40000           78.03           -0.00            0.08
inaccuracy:  0.40000        0.45000           79.84           -0.01            0.07
inaccuracy:  0.45000        0.50000           79.75           -0.00            0.07
inaccuracy:  0.50000        0.55000           71.32           -0.05            0.12
inaccuracy:  0.55000        0.60000           71.43           -0.07            0.08
inaccuracy:  0.60000        0.65000           70.85           -0.08            0.07
inaccuracy:  0.65000        0.70000           70.94           -0.08            0.05
inaccuracy:  0.70000        0.75000           73.04           -0.05            0.05
inaccuracy:  0.75000        0.80000           72.12           -0.05            0.06
inaccuracy:  0.80000        0.85000           72.45           -0.06            0.06
inaccuracy:  0.85000        0.90000           71.14           -0.06            0.07
inaccuracy:  0.90000        0.95000           70.19           -0.06            0.08
inaccuracy:  0.95000        1.00000           70.66           -0.04            0.09
===================================================================================================================================
                BAR        
-----------------------------------------------------------------------------------------------------------------------------------
BAR-estimator:         λ             λ+δλ          ΔΔA             ΔA            C               Δδe            δe       
                          
-----------------------------------------------------------------------------------------------------------------------------------
BAR-estimator:      0.00000        0.05000        0.5754         0.5754         0.5754         0.0080         0.0080 
BAR-estimator:      0.05000        0.10000        0.3806         0.9560         0.3806         0.0053         0.0096 
BAR-estimator:      0.10000        0.15000        0.2648         1.2208         0.2648         0.0045         0.0106 
BAR-estimator:      0.15000        0.20000        0.1940         1.4148         0.1940         0.0038         0.0113 
BAR-estimator:      0.20000        0.25000        0.1537         1.5685         0.1537         0.0039         0.0119 
BAR-estimator:      0.25000        0.30000        0.1250         1.6935         0.1250         0.0035         0.0124 
BAR-estimator:      0.30000        0.35000        0.0932         1.7867         0.0932         0.0033         0.0129 
BAR-estimator:      0.35000        0.40000        0.0776         1.8643         0.0776         0.0033         0.0133 
BAR-estimator:      0.40000        0.45000        0.0709         1.9352         0.0709         0.0027         0.0135 
BAR-estimator:      0.45000        0.50000        0.0545         1.9897         0.0545         0.0026         0.0138 
BAR-estimator:      0.50000        0.55000       -0.0412         1.9485        -0.0412         0.0034         0.0142 
BAR-estimator:      0.55000        0.60000       -0.2066         1.7419        -0.2066         0.0034         0.0146 
BAR-estimator:      0.60000        0.65000       -0.3606         1.3813        -0.3606         0.0038         0.0151 
BAR-estimator:      0.65000        0.70000       -0.4854         0.8959        -0.4854         0.0044         0.0157 
BAR-estimator:      0.70000        0.75000       -0.5688         0.3271        -0.5688         0.0043         0.0163 
BAR-estimator:      0.75000        0.80000       -0.6077        -0.2806        -0.6077         0.0038         0.0167 
BAR-estimator:      0.80000        0.85000       -0.5894        -0.8700        -0.5894         0.0031         0.0170 
BAR-estimator:      0.85000        0.90000       -0.5544        -1.4244        -0.5544         0.0034         0.0174 
BAR-estimator:      0.90000        0.95000       -0.5212        -1.9455        -0.5212         0.0033         0.0177 
BAR-estimator:      0.95000        1.00000       -0.4924        -2.4379        -0.4924         0.0033         0.0180 
BAR-estimator: total free energy change is -2.437888157015815 , total error is 0.017990656016186653
