#========================================================================================
#                     Free energy perturbation    
#----------------------------------------------------------------------------------------
#forward/backward          λ              ΔΔA                 ΔA                  δε   
#                                                 
#----------------------------------------------------------------------------------------
forward:               0.0000              0.0000              0.0000              0.0000  
forward:               0.0500              0.5751              0.5751              0.0073  
forward:               0.1000              0.3835              0.9586              0.0093  
forward:               0.1500              0.2837              1.2423              0.0107  
forward:               0.2000              0.2057              1.4481              0.0119  
forward:               0.2500              0.1561              1.6042              0.0126  
forward:               0.3000              0.1181              1.7223              0.0132  
forward:               0.3500              0.0966              1.8189              0.0137  
forward:               0.4000              0.0901              1.9090              0.0141  
forward:               0.4500              0.0710              1.9800              0.0145  
forward:               0.5000              0.0603              2.0403              0.0149  
forward:               0.5500             -0.0453              1.9951              0.0153  
forward:               0.6000             -0.2195              1.7756              0.0159  
forward:               0.6500             -0.3806              1.3951              0.0166  
forward:               0.7000             -0.5247              0.8704              0.0173  
forward:               0.7500             -0.6227              0.2477              0.0180  
forward:               0.8000             -0.6576             -0.4099              0.0184  
forward:               0.8500             -0.6530             -1.0629              0.0188  
forward:               0.9000             -0.6225             -1.6854              0.0192  
forward:               0.9500             -0.5912             -2.2766              0.0196  
forward:               1.0000             -0.5649             -2.8416              0.0196  
backward:              1.0000              0.0000             -2.8416              0.0000  
backward:              0.9500              0.5589             -2.2827              0.0055  
backward:              0.9000              0.5913             -1.6914              0.0075  
backward:              0.8500              0.6264             -1.0650              0.0091  
backward:              0.8000              0.6408             -0.4241              0.0104  
backward:              0.7500              0.6474              0.2232              0.0116  
backward:              0.7000              0.6210              0.8442              0.0127  
backward:              0.6500              0.5305              1.3747              0.0137  
backward:              0.6000              0.3801              1.7548              0.0146  
backward:              0.5500              0.2160              1.9709              0.0154  
backward:              0.5000              0.0483              2.0191              0.0160  
backward:              0.4500             -0.0628              1.9563              0.0165  
backward:              0.4000             -0.0760              1.8804              0.0170  
backward:              0.3500             -0.0712              1.8092              0.0174  
backward:              0.3000             -0.1024              1.7068              0.0180  
backward:              0.2500             -0.1242              1.5826              0.0187  
backward:              0.2000             -0.1562              1.4264              0.0196  
backward:              0.1500             -0.1981              1.2283              0.0214  
backward:              0.1000             -0.2695              0.9589              0.0226  
backward:              0.0500             -0.3741              0.5848              0.0244  
backward:              0.0000             -0.5780              0.0068              0.0296  
Inaccuracy estimation
======================================================================================================
                   i        i+δi          P0_overlap_P1   δε(forward)/ε   δε(backward)/ε
======================================================================================================
inaccuracy:  0.00000        0.05000           60.13           -0.01            0.45
inaccuracy:  0.05000        0.10000           66.21           -0.00            0.31
inaccuracy:  0.10000        0.15000           70.97           -0.00            0.21
inaccuracy:  0.15000        0.20000           73.19           -0.00            0.16
inaccuracy:  0.20000        0.25000           76.02           -0.00            0.12
inaccuracy:  0.25000        0.30000           78.48           -0.01            0.10
inaccuracy:  0.30000        0.35000           79.35           -0.01            0.08
inaccuracy:  0.35000        0.40000           77.40           -0.00            0.09
inaccuracy:  0.40000        0.45000           79.69           -0.00            0.07
inaccuracy:  0.45000        0.50000           79.52           -0.00            0.07
inaccuracy:  0.50000        0.55000           70.74           -0.05            0.10
inaccuracy:  0.55000        0.60000           72.33           -0.08            0.08
inaccuracy:  0.60000        0.65000           71.00           -0.09            0.06
inaccuracy:  0.65000        0.70000           68.99           -0.09            0.05
inaccuracy:  0.70000        0.75000           71.37           -0.08            0.05
inaccuracy:  0.75000        0.80000           72.34           -0.07            0.05
inaccuracy:  0.80000        0.85000           72.42           -0.06            0.06
inaccuracy:  0.85000        0.90000           70.67           -0.06            0.07
inaccuracy:  0.90000        0.95000           69.41           -0.06            0.08
inaccuracy:  0.95000        1.00000           69.60           -0.05            0.09
===================================================================================================================================
                BAR        
-----------------------------------------------------------------------------------------------------------------------------------
BAR-estimator:         λ             λ+δλ          ΔΔA             ΔA            C               Δδe            δe       
                          
-----------------------------------------------------------------------------------------------------------------------------------
BAR-estimator:      0.00000        0.05000        0.5750         0.5750         0.5750         0.0048         0.0048 
BAR-estimator:      0.05000        0.10000        0.3817         0.9568         0.3817         0.0040         0.0062 
BAR-estimator:      0.10000        0.15000        0.2805         1.2373         0.2805         0.0036         0.0072 
BAR-estimator:      0.15000        0.20000        0.2019         1.4392         0.2019         0.0036         0.0080 
BAR-estimator:      0.20000        0.25000        0.1569         1.5960         0.1569         0.0030         0.0086 
BAR-estimator:      0.25000        0.30000        0.1203         1.7164         0.1203         0.0029         0.0090 
BAR-estimator:      0.30000        0.35000        0.0984         1.8148         0.0984         0.0026         0.0094 
BAR-estimator:      0.35000        0.40000        0.0834         1.8982         0.0834         0.0023         0.0097 
BAR-estimator:      0.40000        0.45000        0.0727         1.9709         0.0727         0.0024         0.0100 
BAR-estimator:      0.45000        0.50000        0.0609         2.0318         0.0609         0.0023         0.0103 
BAR-estimator:      0.50000        0.55000       -0.0430         1.9888        -0.0430         0.0032         0.0107 
BAR-estimator:      0.55000        0.60000       -0.2195         1.7693        -0.2195         0.0028         0.0111 
BAR-estimator:      0.60000        0.65000       -0.3821         1.3872        -0.3821         0.0032         0.0116 
BAR-estimator:      0.65000        0.70000       -0.5323         0.8549        -0.5323         0.0030         0.0120 
BAR-estimator:      0.70000        0.75000       -0.6216         0.2333        -0.6216         0.0033         0.0124 
BAR-estimator:      0.75000        0.80000       -0.6515        -0.4182        -0.6515         0.0032         0.0128 
BAR-estimator:      0.80000        0.85000       -0.6479        -1.0661        -0.6479         0.0030         0.0132 
BAR-estimator:      0.85000        0.90000       -0.6249        -1.6909        -0.6249         0.0029         0.0135 
BAR-estimator:      0.90000        0.95000       -0.5918        -2.2828        -0.5918         0.0030         0.0138 
BAR-estimator:      0.95000        1.00000       -0.5627        -2.8454        -0.5627         0.0028         0.0141 
BAR-estimator: total free energy change is -2.8454086903614595 , total error is 0.014073252534937146
