#========================================================================================
#                     Free energy perturbation    
#----------------------------------------------------------------------------------------
#forward/backward          λ              ΔΔA                 ΔA                  δε   
#                                                 
#----------------------------------------------------------------------------------------
forward:               0.0000              0.0000              0.0000              0.0000  
forward:               0.0500              0.5380              0.5380              0.0096  
forward:               0.1000              0.3875              0.9255              0.0127  
forward:               0.1500              0.2863              1.2117              0.0142  
forward:               0.2000              0.2012              1.4130              0.0151  
forward:               0.2500              0.1485              1.5615              0.0158  
forward:               0.3000              0.1177              1.6792              0.0164  
forward:               0.3500              0.0986              1.7778              0.0169  
forward:               0.4000              0.0796              1.8573              0.0173  
forward:               0.4500              0.0719              1.9292              0.0177  
forward:               0.5000              0.0517              1.9809              0.0180  
forward:               0.5500              0.0162              1.9971              0.0183  
forward:               0.6000             -0.0005              1.9966              0.0186  
forward:               0.6500             -0.0105              1.9862              0.0188  
forward:               0.7000             -0.0212              1.9649              0.0190  
forward:               0.7500             -0.0185              1.9464              0.0193  
forward:               0.8000             -0.0182              1.9282              0.0195  
forward:               0.8500             -0.0188              1.9094              0.0198  
forward:               0.9000             -0.0265              1.8830              0.0200  
forward:               0.9500             -0.0305              1.8525              0.0202  
forward:               1.0000             -0.0346              1.8179              0.0205  
backward:              1.0000              0.0000              1.8179              0.0000  
backward:              0.9500              0.0314              1.8492              0.0031  
backward:              0.9000              0.0216              1.8708              0.0046  
backward:              0.8500              0.0257              1.8965              0.0055  
backward:              0.8000              0.0188              1.9153              0.0064  
backward:              0.7500              0.0227              1.9380              0.0072  
backward:              0.7000              0.0207              1.9587              0.0085  
backward:              0.6500              0.0200              1.9787              0.0091  
backward:              0.6000              0.0040              1.9827              0.0098  
backward:              0.5500             -0.0023              1.9803              0.0111  
backward:              0.5000             -0.0214              1.9589              0.0117  
backward:              0.4500             -0.0594              1.8995              0.0130  
backward:              0.4000             -0.0801              1.8195              0.0141  
backward:              0.3500             -0.0812              1.7382              0.0148  
backward:              0.3000             -0.1018              1.6364              0.0156  
backward:              0.2500             -0.1238              1.5126              0.0167  
backward:              0.2000             -0.1675              1.3451              0.0175  
backward:              0.1500             -0.2074              1.1376              0.0190  
backward:              0.1000             -0.2610              0.8767              0.0206  
backward:              0.0500             -0.3630              0.5136              0.0234  
backward:              0.0000             -0.5416             -0.0280              0.0273  
Inaccuracy estimation
======================================================================================================
                   i        i+δi          P0_overlap_P1   δε(forward)/ε   δε(backward)/ε
======================================================================================================
inaccuracy:  0.00000        0.05000           62.79           -0.01            0.32
inaccuracy:  0.05000        0.10000           66.21           -0.00            0.32
inaccuracy:  0.10000        0.15000           70.98           -0.00            0.21
inaccuracy:  0.15000        0.20000           75.18           -0.01            0.13
inaccuracy:  0.20000        0.25000           80.08           -0.00            0.11
inaccuracy:  0.25000        0.30000           79.06           -0.00            0.10
inaccuracy:  0.30000        0.35000           79.54           -0.00            0.08
inaccuracy:  0.35000        0.40000           79.83           -0.01            0.07
inaccuracy:  0.40000        0.45000           81.57           -0.01            0.07
inaccuracy:  0.45000        0.50000           81.97           -0.00            0.06
inaccuracy:  0.50000        0.55000           81.14           -0.01            0.06
inaccuracy:  0.55000        0.60000           80.75           -0.01            0.06
inaccuracy:  0.60000        0.65000           82.46           -0.01            0.05
inaccuracy:  0.65000        0.70000           81.83           -0.01            0.06
inaccuracy:  0.70000        0.75000           80.68           -0.00            0.05
inaccuracy:  0.75000        0.80000           80.84           -0.01            0.06
inaccuracy:  0.80000        0.85000           80.93           -0.01            0.06
inaccuracy:  0.85000        0.90000           81.60           -0.01            0.05
inaccuracy:  0.90000        0.95000           82.37           -0.01            0.05
inaccuracy:  0.95000        1.00000           81.58           -0.01            0.06
===================================================================================================================================
                BAR        
-----------------------------------------------------------------------------------------------------------------------------------
BAR-estimator:         λ             λ+δλ          ΔΔA             ΔA            C               Δδe            δe       
                          
-----------------------------------------------------------------------------------------------------------------------------------
BAR-estimator:      0.00000        0.05000        0.5362         0.5362         0.5362         0.0063         0.0063 
BAR-estimator:      0.05000        0.10000        0.3808         0.9169         0.3808         0.0057         0.0085 
BAR-estimator:      0.10000        0.15000        0.2789         1.1959         0.2789         0.0042         0.0095 
BAR-estimator:      0.15000        0.20000        0.2011         1.3970         0.2011         0.0036         0.0101 
BAR-estimator:      0.20000        0.25000        0.1576         1.5546         0.1576         0.0032         0.0106 
BAR-estimator:      0.25000        0.30000        0.1201         1.6747         0.1201         0.0032         0.0111 
BAR-estimator:      0.30000        0.35000        0.0985         1.7732         0.0985         0.0027         0.0114 
BAR-estimator:      0.35000        0.40000        0.0791         1.8523         0.0791         0.0026         0.0117 
BAR-estimator:      0.40000        0.45000        0.0755         1.9278         0.0755         0.0025         0.0120 
BAR-estimator:      0.45000        0.50000        0.0548         1.9826         0.0548         0.0024         0.0122 
BAR-estimator:      0.50000        0.55000        0.0184         2.0010         0.0184         0.0029         0.0126 
BAR-estimator:      0.55000        0.60000       -0.0006         2.0004        -0.0006         0.0026         0.0128 
BAR-estimator:      0.60000        0.65000       -0.0084         1.9920        -0.0084         0.0023         0.0130 
BAR-estimator:      0.65000        0.70000       -0.0205         1.9715        -0.0205         0.0021         0.0132 
BAR-estimator:      0.70000        0.75000       -0.0194         1.9521        -0.0194         0.0024         0.0134 
BAR-estimator:      0.75000        0.80000       -0.0195         1.9326        -0.0195         0.0025         0.0137 
BAR-estimator:      0.80000        0.85000       -0.0194         1.9132        -0.0194         0.0027         0.0139 
BAR-estimator:      0.85000        0.90000       -0.0255         1.8876        -0.0255         0.0023         0.0141 
BAR-estimator:      0.90000        0.95000       -0.0273         1.8603        -0.0273         0.0023         0.0143 
BAR-estimator:      0.95000        1.00000       -0.0339         1.8265        -0.0339         0.0026         0.0145 
BAR-estimator: total free energy change is 1.8264538337218619 , total error is 0.014530203654443647
