#========================================================================================
#                     Free energy perturbation    
#----------------------------------------------------------------------------------------
#forward/backward          λ              ΔΔA                 ΔA                  δε   
#                                                 
#----------------------------------------------------------------------------------------
forward:               0.0000              0.0000              0.0000              0.0000  
forward:               0.0500              0.5183              0.5183              0.0076  
forward:               0.1000              0.3933              0.9116              0.0105  
forward:               0.1500              0.2752              1.1868              0.0123  
forward:               0.2000              0.2084              1.3952              0.0131  
forward:               0.2500              0.1639              1.5591              0.0138  
forward:               0.3000              0.1382              1.6973              0.0143  
forward:               0.3500              0.1106              1.8079              0.0147  
forward:               0.4000              0.0933              1.9012              0.0151  
forward:               0.4500              0.0753              1.9765              0.0154  
forward:               0.5000              0.0663              2.0428              0.0157  
forward:               0.5500              0.0222              2.0649              0.0160  
forward:               0.6000             -0.0042              2.0607              0.0162  
forward:               0.6500             -0.0094              2.0513              0.0164  
forward:               0.7000             -0.0120              2.0393              0.0167  
forward:               0.7500             -0.0179              2.0214              0.0169  
forward:               0.8000             -0.0134              2.0080              0.0171  
forward:               0.8500             -0.0252              1.9828              0.0173  
forward:               0.9000             -0.0290              1.9538              0.0174  
forward:               0.9500             -0.0280              1.9258              0.0175  
forward:               1.0000             -0.0318              1.8940              0.0177  
backward:              1.0000              0.0000              1.8940              0.0000  
backward:              0.9500              0.0323              1.9263              0.0034  
backward:              0.9000              0.0303              1.9566              0.0044  
backward:              0.8500              0.0242              1.9809              0.0052  
backward:              0.8000              0.0215              2.0024              0.0061  
backward:              0.7500              0.0218              2.0241              0.0069  
backward:              0.7000              0.0173              2.0414              0.0076  
backward:              0.6500              0.0138              2.0553              0.0083  
backward:              0.6000              0.0103              2.0656              0.0089  
backward:              0.5500             -0.0050              2.0606              0.0094  
backward:              0.5000             -0.0193              2.0414              0.0111  
backward:              0.4500             -0.0609              1.9804              0.0116  
backward:              0.4000             -0.0720              1.9084              0.0124  
backward:              0.3500             -0.0870              1.8214              0.0129  
backward:              0.3000             -0.1083              1.7131              0.0136  
backward:              0.2500             -0.1368              1.5763              0.0144  
backward:              0.2000             -0.1666              1.4097              0.0158  
backward:              0.1500             -0.2144              1.1953              0.0168  
backward:              0.1000             -0.2777              0.9176              0.0181  
backward:              0.0500             -0.3811              0.5366              0.0204  
backward:              0.0000             -0.5359              0.0007              0.0226  
Inaccuracy estimation
======================================================================================================
                   i        i+δi          P0_overlap_P1   δε(forward)/ε   δε(backward)/ε
======================================================================================================
inaccuracy:  0.00000        0.05000           64.37           -0.00            0.30
inaccuracy:  0.05000        0.10000           67.39           -0.00            0.31
inaccuracy:  0.10000        0.15000           72.63           -0.01            0.19
inaccuracy:  0.15000        0.20000           75.17           -0.00            0.14
inaccuracy:  0.20000        0.25000           76.79           -0.01            0.12
inaccuracy:  0.25000        0.30000           77.15           -0.00            0.10
inaccuracy:  0.30000        0.35000           79.14           -0.00            0.09
inaccuracy:  0.35000        0.40000           79.05           -0.00            0.08
inaccuracy:  0.40000        0.45000           79.62           -0.00            0.07
inaccuracy:  0.45000        0.50000           80.13           -0.01            0.07
inaccuracy:  0.50000        0.55000           79.85           -0.01            0.07
inaccuracy:  0.55000        0.60000           82.24           -0.01            0.06
inaccuracy:  0.60000        0.65000           80.71           -0.01            0.06
inaccuracy:  0.65000        0.70000           81.19           -0.01            0.06
inaccuracy:  0.70000        0.75000           80.44           -0.01            0.05
inaccuracy:  0.75000        0.80000           79.40           -0.01            0.06
inaccuracy:  0.80000        0.85000           81.65           -0.01            0.05
inaccuracy:  0.85000        0.90000           82.08           -0.00            0.05
inaccuracy:  0.90000        0.95000           80.81           -0.01            0.05
inaccuracy:  0.95000        1.00000           80.89           -0.01            0.05
===================================================================================================================================
                BAR        
-----------------------------------------------------------------------------------------------------------------------------------
BAR-estimator:         λ             λ+δλ          ΔΔA             ΔA            C               Δδe            δe       
                          
-----------------------------------------------------------------------------------------------------------------------------------
BAR-estimator:      0.00000        0.05000        0.5269         0.5269         0.5269         0.0051         0.0051 
BAR-estimator:      0.05000        0.10000        0.3921         0.9190         0.3921         0.0047         0.0069 
BAR-estimator:      0.10000        0.15000        0.2767         1.1957         0.2767         0.0041         0.0080 
BAR-estimator:      0.15000        0.20000        0.2113         1.4070         0.2113         0.0034         0.0087 
BAR-estimator:      0.20000        0.25000        0.1641         1.5711         0.1641         0.0030         0.0092 
BAR-estimator:      0.25000        0.30000        0.1372         1.7083         0.1372         0.0026         0.0096 
BAR-estimator:      0.30000        0.35000        0.1108         1.8191         0.1108         0.0026         0.0099 
BAR-estimator:      0.35000        0.40000        0.0912         1.9103         0.0912         0.0023         0.0102 
BAR-estimator:      0.40000        0.45000        0.0734         1.9837         0.0734         0.0018         0.0104 
BAR-estimator:      0.45000        0.50000        0.0638         2.0476         0.0638         0.0021         0.0106 
BAR-estimator:      0.50000        0.55000        0.0210         2.0685         0.0210         0.0022         0.0108 
BAR-estimator:      0.55000        0.60000       -0.0003         2.0683        -0.0003         0.0021         0.0110 
BAR-estimator:      0.60000        0.65000       -0.0102         2.0581        -0.0102         0.0021         0.0112 
BAR-estimator:      0.65000        0.70000       -0.0125         2.0456        -0.0125         0.0021         0.0114 
BAR-estimator:      0.70000        0.75000       -0.0189         2.0267        -0.0189         0.0021         0.0116 
BAR-estimator:      0.75000        0.80000       -0.0178         2.0089        -0.0178         0.0018         0.0117 
BAR-estimator:      0.80000        0.85000       -0.0243         1.9845        -0.0243         0.0020         0.0119 
BAR-estimator:      0.85000        0.90000       -0.0264         1.9581        -0.0264         0.0022         0.0121 
BAR-estimator:      0.90000        0.95000       -0.0287         1.9294        -0.0287         0.0016         0.0122 
BAR-estimator:      0.95000        1.00000       -0.0318         1.8976        -0.0318         0.0021         0.0124 
BAR-estimator: total free energy change is 1.8975676297893669 , total error is 0.0123782399308966
