#========================================================================================
#                     Free energy perturbation    
#----------------------------------------------------------------------------------------
#forward/backward          λ              ΔΔA                 ΔA                  δε   
#                                                 
#----------------------------------------------------------------------------------------
forward:               0.0000              0.0000              0.0000              0.0000  
forward:               0.0500              0.2804              0.2804              0.0047  
forward:               0.1000              0.2122              0.4926              0.0066  
forward:               0.1500              0.1730              0.6655              0.0075  
forward:               0.2000              0.1398              0.8053              0.0083  
forward:               0.2500              0.1358              0.9411              0.0089  
forward:               0.3000              0.1079              1.0490              0.0098  
forward:               0.3500              0.1076              1.1566              0.0102  
forward:               0.4000              0.0942              1.2508              0.0107  
forward:               0.4500              0.0887              1.3395              0.0110  
forward:               0.5000              0.0763              1.4158              0.0114  
forward:               0.5500             -0.0080              1.4078              0.0119  
forward:               0.6000             -0.1719              1.2359              0.0125  
forward:               0.6500             -0.2902              0.9456              0.0131  
forward:               0.7000             -0.4030              0.5426              0.0138  
forward:               0.7500             -0.4752              0.0674              0.0143  
forward:               0.8000             -0.5438             -0.4764              0.0147  
forward:               0.8500             -0.5712             -1.0476              0.0151  
forward:               0.9000             -0.5924             -1.6400              0.0154  
forward:               0.9500             -0.6048             -2.2448              0.0159  
forward:               1.0000             -0.6181             -2.8629              0.0162  
backward:              1.0000              0.0000             -2.8629              0.0000  
backward:              0.9500              0.6119             -2.2510              0.0043  
backward:              0.9000              0.6056             -1.6454              0.0058  
backward:              0.8500              0.5956             -1.0498              0.0071  
backward:              0.8000              0.5678             -0.4820              0.0081  
backward:              0.7500              0.5375              0.0555              0.0091  
backward:              0.7000              0.4764              0.5319              0.0100  
backward:              0.6500              0.3972              0.9290              0.0109  
backward:              0.6000              0.2890              1.2181              0.0116  
backward:              0.5500              0.1609              1.3789              0.0124  
backward:              0.5000              0.0169              1.3958              0.0131  
backward:              0.4500             -0.0829              1.3130              0.0136  
backward:              0.4000             -0.0932              1.2198              0.0141  
backward:              0.3500             -0.0922              1.1276              0.0146  
backward:              0.3000             -0.1077              1.0199              0.0151  
backward:              0.2500             -0.1161              0.9038              0.0156  
backward:              0.2000             -0.1278              0.7760              0.0161  
backward:              0.1500             -0.1436              0.6324              0.0168  
backward:              0.1000             -0.1809              0.4515              0.0176  
backward:              0.0500             -0.2024              0.2491              0.0190  
backward:              0.0000             -0.2638             -0.0147              0.0208  
Inaccuracy estimation
======================================================================================================
                   i        i+δi          P0_overlap_P1   δε(forward)/ε   δε(backward)/ε
======================================================================================================
inaccuracy:  0.00000        0.05000           68.53           -0.01            0.25
inaccuracy:  0.05000        0.10000           76.06           -0.00            0.15
inaccuracy:  0.10000        0.15000           76.81           -0.00            0.13
inaccuracy:  0.15000        0.20000           81.52           -0.00            0.09
inaccuracy:  0.20000        0.25000           79.41           -0.00            0.09
inaccuracy:  0.25000        0.30000           83.44           -0.00            0.07
inaccuracy:  0.30000        0.35000           80.75           -0.00            0.07
inaccuracy:  0.35000        0.40000           82.47           -0.00            0.06
inaccuracy:  0.40000        0.45000           82.19           -0.00            0.06
inaccuracy:  0.45000        0.50000           84.02           -0.00            0.05
inaccuracy:  0.50000        0.55000           60.68           -0.08            0.13
inaccuracy:  0.55000        0.60000           76.55           -0.04            0.06
inaccuracy:  0.60000        0.65000           63.95           -0.07            0.07
inaccuracy:  0.65000        0.70000           75.66           -0.04            0.04
inaccuracy:  0.70000        0.75000           68.63           -0.06            0.04
inaccuracy:  0.75000        0.80000           76.81           -0.05            0.04
inaccuracy:  0.80000        0.85000           72.54           -0.05            0.04
inaccuracy:  0.85000        0.90000           75.24           -0.05            0.04
inaccuracy:  0.90000        0.95000           73.73           -0.04            0.04
inaccuracy:  0.95000        1.00000           75.00           -0.05            0.04
===================================================================================================================================
            	   BAR        
-----------------------------------------------------------------------------------------------------------------------------------
BAR-estimator:         λ             λ+δλ          ΔΔA             ΔA            C               Δδe            δe       
                          
-----------------------------------------------------------------------------------------------------------------------------------
BAR-estimator:      0.00000        0.05000        0.2587         0.2587         0.2587         0.0033         0.0033 
BAR-estimator:      0.05000        0.10000        0.2090         0.4677         0.2090         0.0032         0.0046 
BAR-estimator:      0.10000        0.15000        0.1634         0.6311         0.1634         0.0026         0.0053 
BAR-estimator:      0.15000        0.20000        0.1412         0.7722         0.1412         0.0025         0.0058 
BAR-estimator:      0.20000        0.25000        0.1274         0.8996         0.1274         0.0023         0.0063 
BAR-estimator:      0.25000        0.30000        0.1102         1.0098         0.1102         0.0021         0.0066 
BAR-estimator:      0.30000        0.35000        0.1008         1.1106         0.1008         0.0022         0.0070 
BAR-estimator:      0.35000        0.40000        0.0924         1.2031         0.0924         0.0021         0.0073 
BAR-estimator:      0.40000        0.45000        0.0843         1.2874         0.0843         0.0019         0.0075 
BAR-estimator:      0.45000        0.50000        0.0777         1.3650         0.0777         0.0020         0.0078 
BAR-estimator:      0.50000        0.55000       -0.0803         1.2848        -0.0803         0.0029         0.0083 
BAR-estimator:      0.55000        0.60000       -0.1650         1.1198        -0.1650         0.0027         0.0088 
BAR-estimator:      0.60000        0.65000       -0.3427         0.7771        -0.3427         0.0028         0.0092 
BAR-estimator:      0.65000        0.70000       -0.3997         0.3774        -0.3997         0.0030         0.0097 
BAR-estimator:      0.70000        0.75000       -0.5061        -0.1288        -0.5061         0.0026         0.0100 
BAR-estimator:      0.75000        0.80000       -0.5413        -0.6701        -0.5413         0.0025         0.0103 
BAR-estimator:      0.80000        0.85000       -0.5852        -1.2552        -0.5852         0.0026         0.0106 
BAR-estimator:      0.85000        0.90000       -0.5929        -1.8482        -0.5929         0.0027         0.0109 
BAR-estimator:      0.90000        0.95000       -0.6116        -2.4598        -0.6116         0.0037         0.0116 
BAR-estimator:      0.95000        1.00000       -0.6169        -3.0767        -0.6169         0.0027         0.0119 
BAR-estimator: total free energy change is -3.0766907491406403 , total error is 0.011866562571629156
