#========================================================================================
#                     Free energy perturbation    
#----------------------------------------------------------------------------------------
#forward/backward          λ              ΔΔA                 ΔA                  δε   
#                                                 
#----------------------------------------------------------------------------------------
forward:               0.0000              0.0000              0.0000              0.0000  
forward:               0.0500              0.2683              0.2683              0.0081  
forward:               0.1000              0.1977              0.4661              0.0102  
forward:               0.1500              0.1753              0.6413              0.0113  
forward:               0.2000              0.1405              0.7818              0.0123  
forward:               0.2500              0.1304              0.9122              0.0130  
forward:               0.3000              0.1108              1.0230              0.0136  
forward:               0.3500              0.1084              1.1313              0.0139  
forward:               0.4000              0.0912              1.2225              0.0143  
forward:               0.4500              0.0865              1.3090              0.0147  
forward:               0.5000              0.0745              1.3835              0.0150  
forward:               0.5500             -0.0112              1.3724              0.0157  
forward:               0.6000             -0.1605              1.2119              0.0165  
forward:               0.6500             -0.2795              0.9325              0.0172  
forward:               0.7000             -0.3732              0.5593              0.0178  
forward:               0.7500             -0.4488              0.1104              0.0183  
forward:               0.8000             -0.5179             -0.4075              0.0188  
forward:               0.8500             -0.5367             -0.9442              0.0191  
forward:               0.9000             -0.5635             -1.5077              0.0194  
forward:               0.9500             -0.5713             -2.0790              0.0198  
forward:               1.0000             -0.5793             -2.6582              0.0202  
backward:              1.0000              0.0000             -2.6582              0.0000  
backward:              0.9500              0.5746             -2.0836              0.0047  
backward:              0.9000              0.5648             -1.5188              0.0062  
backward:              0.8500              0.5628             -0.9560              0.0075  
backward:              0.8000              0.5318             -0.4242              0.0089  
backward:              0.7500              0.5094              0.0852              0.0102  
backward:              0.7000              0.4456              0.5308              0.0114  
backward:              0.6500              0.3655              0.8963              0.0124  
backward:              0.6000              0.2710              1.1673              0.0136  
backward:              0.5500              0.1533              1.3205              0.0142  
backward:              0.5000              0.0179              1.3385              0.0151  
backward:              0.4500             -0.0725              1.2659              0.0155  
backward:              0.4000             -0.0865              1.1795              0.0159  
backward:              0.3500             -0.0914              1.0881              0.0164  
backward:              0.3000             -0.1047              0.9834              0.0170  
backward:              0.2500             -0.1158              0.8676              0.0175  
backward:              0.2000             -0.1277              0.7399              0.0182  
backward:              0.1500             -0.1524              0.5875              0.0191  
backward:              0.1000             -0.1736              0.4138              0.0201  
backward:              0.0500             -0.2163              0.1976              0.0223  
backward:              0.0000             -0.2788             -0.0812              0.0242  
Inaccuracy estimation
======================================================================================================
                   i        i+δi          P0_overlap_P1   δε(forward)/ε   δε(backward)/ε
======================================================================================================
inaccuracy:  0.00000        0.05000           70.73           -0.00            0.25
inaccuracy:  0.05000        0.10000           78.57           -0.00            0.14
inaccuracy:  0.10000        0.15000           77.14           -0.00            0.12
inaccuracy:  0.15000        0.20000           81.99           -0.00            0.09
inaccuracy:  0.20000        0.25000           80.33           -0.01            0.08
inaccuracy:  0.25000        0.30000           82.51           -0.00            0.06
inaccuracy:  0.30000        0.35000           80.66           -0.00            0.07
inaccuracy:  0.35000        0.40000           83.64           -0.00            0.06
inaccuracy:  0.40000        0.45000           82.03           -0.00            0.06
inaccuracy:  0.45000        0.50000           83.64           -0.00            0.05
inaccuracy:  0.50000        0.55000           61.21           -0.08            0.12
inaccuracy:  0.55000        0.60000           76.33           -0.04            0.06
inaccuracy:  0.60000        0.65000           66.11           -0.07            0.06
inaccuracy:  0.65000        0.70000           76.30           -0.04            0.04
inaccuracy:  0.70000        0.75000           68.87           -0.06            0.04
inaccuracy:  0.75000        0.80000           76.72           -0.04            0.04
inaccuracy:  0.80000        0.85000           72.97           -0.05            0.04
inaccuracy:  0.85000        0.90000           76.11           -0.04            0.04
inaccuracy:  0.90000        0.95000           74.10           -0.04            0.04
inaccuracy:  0.95000        1.00000           75.41           -0.04            0.04
===================================================================================================================================
            	   BAR        
-----------------------------------------------------------------------------------------------------------------------------------
BAR-estimator:         λ             λ+δλ          ΔΔA             ΔA            C               Δδe            δe       
                          
-----------------------------------------------------------------------------------------------------------------------------------
BAR-estimator:      0.00000        0.05000        0.2544         0.2544         0.2544         0.0060         0.0060 
BAR-estimator:      0.05000        0.10000        0.2023         0.4566         0.2023         0.0042         0.0073 
BAR-estimator:      0.10000        0.15000        0.1665         0.6231         0.1665         0.0034         0.0081 
BAR-estimator:      0.15000        0.20000        0.1443         0.7674         0.1443         0.0033         0.0087 
BAR-estimator:      0.20000        0.25000        0.1243         0.8917         0.1243         0.0029         0.0092 
BAR-estimator:      0.25000        0.30000        0.1113         1.0030         0.1113         0.0028         0.0096 
BAR-estimator:      0.30000        0.35000        0.1021         1.1052         0.1021         0.0027         0.0100 
BAR-estimator:      0.35000        0.40000        0.0923         1.1975         0.0923         0.0026         0.0103 
BAR-estimator:      0.40000        0.45000        0.0808         1.2784         0.0808         0.0023         0.0106 
BAR-estimator:      0.45000        0.50000        0.0737         1.3521         0.0737         0.0023         0.0108 
BAR-estimator:      0.50000        0.55000       -0.0781         1.2740        -0.0781         0.0035         0.0114 
BAR-estimator:      0.55000        0.60000       -0.1560         1.1180        -0.1560         0.0033         0.0118 
BAR-estimator:      0.60000        0.65000       -0.3223         0.7957        -0.3223         0.0034         0.0123 
BAR-estimator:      0.65000        0.70000       -0.3702         0.4255        -0.3702         0.0033         0.0127 
BAR-estimator:      0.70000        0.75000       -0.4802        -0.0548        -0.4802         0.0030         0.0131 
BAR-estimator:      0.75000        0.80000       -0.5125        -0.5673        -0.5125         0.0031         0.0134 
BAR-estimator:      0.80000        0.85000       -0.5515        -1.1188        -0.5515         0.0030         0.0138 
BAR-estimator:      0.85000        0.90000       -0.5632        -1.6820        -0.5632         0.0031         0.0141 
BAR-estimator:      0.90000        0.95000       -0.5772        -2.2591        -0.5772         0.0032         0.0145 
BAR-estimator:      0.95000        1.00000       -0.5796        -2.8388        -0.5796         0.0035         0.0149 
BAR-estimator: total free energy change is -2.8387789333820983 , total error is 0.01487924513276143
