#========================================================================================
#                     Free energy perturbation    
#----------------------------------------------------------------------------------------
#forward/backward          λ              ΔΔA                 ΔA                  δε   
#                                                 
#----------------------------------------------------------------------------------------
forward:               0.0000              0.0000              0.0000              0.0000  
forward:               0.0500              0.5939              0.5939              0.0116  
forward:               0.1000              0.4044              0.9982              0.0145  
forward:               0.1500              0.2808              1.2791              0.0161  
forward:               0.2000              0.2243              1.5033              0.0172  
forward:               0.2500              0.1765              1.6799              0.0181  
forward:               0.3000              0.1395              1.8193              0.0188  
forward:               0.3500              0.1207              1.9400              0.0193  
forward:               0.4000              0.0950              2.0350              0.0197  
forward:               0.4500              0.0863              2.1212              0.0201  
forward:               0.5000              0.0665              2.1878              0.0204  
forward:               0.5500              0.0657              2.2535              0.0208  
forward:               0.6000              0.0356              2.2891              0.0212  
forward:               0.6500              0.0163              2.3054              0.0214  
forward:               0.7000             -0.0106              2.2948              0.0218  
forward:               0.7500             -0.0126              2.2822              0.0221  
forward:               0.8000             -0.0210              2.2611              0.0223  
forward:               0.8500             -0.0307              2.2304              0.0226  
forward:               0.9000             -0.0393              2.1911              0.0229  
forward:               0.9500             -0.0361              2.1550              0.0231  
forward:               1.0000             -0.0411              2.1139              0.0232  
backward:              1.0000              0.0000              2.1139              0.0000  
backward:              0.9500              0.0435              2.1574              0.0040  
backward:              0.9000              0.0399              2.1973              0.0056  
backward:              0.8500              0.0342              2.2315              0.0071  
backward:              0.8000              0.0370              2.2685              0.0075  
backward:              0.7500              0.0193              2.2878              0.0084  
backward:              0.7000              0.0093              2.2970              0.0094  
backward:              0.6500              0.0058              2.3028              0.0102  
backward:              0.6000             -0.0016              2.3012              0.0109  
backward:              0.5500             -0.0280              2.2732              0.0116  
backward:              0.5000             -0.0648              2.2084              0.0125  
backward:              0.4500             -0.0682              2.1402              0.0132  
backward:              0.4000             -0.0834              2.0568              0.0142  
backward:              0.3500             -0.0899              1.9669              0.0150  
backward:              0.3000             -0.1146              1.8523              0.0158  
backward:              0.2500             -0.1409              1.7114              0.0169  
backward:              0.2000             -0.1759              1.5355              0.0179  
backward:              0.1500             -0.2116              1.3239              0.0192  
backward:              0.1000             -0.3090              1.0149              0.0213  
backward:              0.0500             -0.4039              0.6109              0.0326  
backward:              0.0000             -0.5743              0.0366              0.0354  
Inaccuracy estimation
======================================================================================================
                   i        i+δi          P0_overlap_P1   δε(forward)/ε   δε(backward)/ε
======================================================================================================
inaccuracy:  0.00000        0.05000           59.35           -0.01            0.49
inaccuracy:  0.05000        0.10000           65.85           -0.00            0.32
inaccuracy:  0.10000        0.15000           72.40           -0.00            0.18
inaccuracy:  0.15000        0.20000           71.96           -0.01            0.15
inaccuracy:  0.20000        0.25000           75.99           -0.00            0.13
inaccuracy:  0.25000        0.30000           76.81           -0.01            0.11
inaccuracy:  0.30000        0.35000           76.42           -0.01            0.10
inaccuracy:  0.35000        0.40000           78.49           -0.00            0.09
inaccuracy:  0.40000        0.45000           78.65           -0.01            0.09
inaccuracy:  0.45000        0.50000           79.49           -0.01            0.08
inaccuracy:  0.50000        0.55000           77.67           -0.01            0.08
inaccuracy:  0.55000        0.60000           77.87           -0.01            0.08
inaccuracy:  0.60000        0.65000           77.97           -0.01            0.08
inaccuracy:  0.65000        0.70000           79.81           -0.01            0.07
inaccuracy:  0.70000        0.75000           78.82           -0.01            0.07
inaccuracy:  0.75000        0.80000           78.65           -0.01            0.07
inaccuracy:  0.80000        0.85000           78.62           -0.01            0.07
inaccuracy:  0.85000        0.90000           79.30           -0.01            0.07
inaccuracy:  0.90000        0.95000           78.40           -0.01            0.07
inaccuracy:  0.95000        1.00000           78.47           -0.01            0.07
===================================================================================================================================
                BAR        
-----------------------------------------------------------------------------------------------------------------------------------
BAR-estimator:         λ             λ+δλ          ΔΔA             ΔA            C               Δδe            δe       
                          
-----------------------------------------------------------------------------------------------------------------------------------
BAR-estimator:      0.00000        0.05000        0.5938         0.5938         0.5938         0.0081         0.0081 
BAR-estimator:      0.05000        0.10000        0.3991         0.9929         0.3991         0.0058         0.0100 
BAR-estimator:      0.10000        0.15000        0.2884         1.2813         0.2884         0.0047         0.0110 
BAR-estimator:      0.15000        0.20000        0.2199         1.5012         0.2199         0.0043         0.0118 
BAR-estimator:      0.20000        0.25000        0.1785         1.6797         0.1785         0.0037         0.0124 
BAR-estimator:      0.25000        0.30000        0.1393         1.8190         0.1393         0.0034         0.0129 
BAR-estimator:      0.30000        0.35000        0.1168         1.9358         0.1168         0.0030         0.0132 
BAR-estimator:      0.35000        0.40000        0.0942         2.0300         0.0942         0.0029         0.0135 
BAR-estimator:      0.40000        0.45000        0.0849         2.1150         0.0849         0.0027         0.0138 
BAR-estimator:      0.45000        0.50000        0.0678         2.1828         0.0678         0.0027         0.0141 
BAR-estimator:      0.50000        0.55000        0.0644         2.2472         0.0644         0.0027         0.0143 
BAR-estimator:      0.55000        0.60000        0.0330         2.2802         0.0330         0.0028         0.0146 
BAR-estimator:      0.60000        0.65000        0.0116         2.2918         0.0116         0.0022         0.0148 
BAR-estimator:      0.65000        0.70000       -0.0089         2.2829        -0.0089         0.0028         0.0150 
BAR-estimator:      0.70000        0.75000       -0.0121         2.2708        -0.0121         0.0027         0.0153 
BAR-estimator:      0.75000        0.80000       -0.0213         2.2495        -0.0213         0.0025         0.0155 
BAR-estimator:      0.80000        0.85000       -0.0324         2.2170        -0.0324         0.0027         0.0157 
BAR-estimator:      0.85000        0.90000       -0.0373         2.1797        -0.0373         0.0028         0.0159 
BAR-estimator:      0.90000        0.95000       -0.0375         2.1422        -0.0375         0.0026         0.0161 
BAR-estimator:      0.95000        1.00000       -0.0411         2.1011        -0.0411         0.0025         0.0163 
BAR-estimator: total free energy change is 2.101094495509956 , total error is 0.016341441884467636
