#========================================================================================
#                     Free energy perturbation    
#----------------------------------------------------------------------------------------
#forward/backward          λ              ΔΔA                 ΔA                  δε   
#                                                 
#----------------------------------------------------------------------------------------
forward:               0.0000              0.0000              0.0000              0.0000  
forward:               0.0500              0.5839              0.5839              0.0077  
forward:               0.1000              0.4111              0.9950              0.0101  
forward:               0.1500              0.2906              1.2856              0.0117  
forward:               0.2000              0.2273              1.5130              0.0127  
forward:               0.2500              0.1739              1.6868              0.0135  
forward:               0.3000              0.1412              1.8280              0.0140  
forward:               0.3500              0.1289              1.9569              0.0145  
forward:               0.4000              0.0910              2.0479              0.0148  
forward:               0.4500              0.0752              2.1231              0.0152  
forward:               0.5000              0.0727              2.1959              0.0156  
forward:               0.5500              0.0680              2.2638              0.0159  
forward:               0.6000              0.0328              2.2967              0.0165  
forward:               0.6500              0.0115              2.3081              0.0168  
forward:               0.7000              0.0018              2.3100              0.0170  
forward:               0.7500             -0.0158              2.2942              0.0173  
forward:               0.8000             -0.0301              2.2640              0.0175  
forward:               0.8500             -0.0354              2.2286              0.0178  
forward:               0.9000             -0.0332              2.1954              0.0180  
forward:               0.9500             -0.0375              2.1579              0.0182  
forward:               1.0000             -0.0441              2.1138              0.0185  
backward:              1.0000              0.0000              2.1138              0.0000  
backward:              0.9500              0.0392              2.1530              0.0035  
backward:              0.9000              0.0355              2.1885              0.0050  
backward:              0.8500              0.0352              2.2237              0.0061  
backward:              0.8000              0.0275              2.2512              0.0069  
backward:              0.7500              0.0165              2.2677              0.0078  
backward:              0.7000              0.0094              2.2771              0.0087  
backward:              0.6500              0.0014              2.2784              0.0096  
backward:              0.6000             -0.0165              2.2620              0.0103  
backward:              0.5500             -0.0347              2.2272              0.0111  
backward:              0.5000             -0.0648              2.1624              0.0122  
backward:              0.4500             -0.0758              2.0867              0.0130  
backward:              0.4000             -0.0854              2.0012              0.0135  
backward:              0.3500             -0.1086              1.8926              0.0144  
backward:              0.3000             -0.1076              1.7850              0.0151  
backward:              0.2500             -0.1411              1.6439              0.0159  
backward:              0.2000             -0.1798              1.4640              0.0170  
backward:              0.1500             -0.2241              1.2399              0.0184  
backward:              0.1000             -0.2869              0.9530              0.0195  
backward:              0.0500             -0.4204              0.5325              0.0230  
backward:              0.0000             -0.5767             -0.0442              0.0264  
Inaccuracy estimation
======================================================================================================
                   i        i+δi          P0_overlap_P1   δε(forward)/ε   δε(backward)/ε
======================================================================================================
inaccuracy:  0.00000        0.05000           59.88           -0.01            0.46
inaccuracy:  0.05000        0.10000           65.68           -0.01            0.31
inaccuracy:  0.10000        0.15000           70.92           -0.00            0.21
inaccuracy:  0.15000        0.20000           73.00           -0.00            0.16
inaccuracy:  0.20000        0.25000           75.74           -0.01            0.13
inaccuracy:  0.25000        0.30000           76.50           -0.00            0.11
inaccuracy:  0.30000        0.35000           75.39           -0.01            0.10
inaccuracy:  0.35000        0.40000           79.72           -0.01            0.08
inaccuracy:  0.40000        0.45000           80.20           -0.00            0.08
inaccuracy:  0.45000        0.50000           79.04           -0.01            0.07
inaccuracy:  0.50000        0.55000           77.19           -0.01            0.08
inaccuracy:  0.55000        0.60000           78.47           -0.01            0.08
inaccuracy:  0.60000        0.65000           79.35           -0.01            0.07
inaccuracy:  0.65000        0.70000           78.25           -0.01            0.07
inaccuracy:  0.70000        0.75000           80.41           -0.01            0.06
inaccuracy:  0.75000        0.80000           80.93           -0.01            0.06
inaccuracy:  0.80000        0.85000           79.65           -0.01            0.07
inaccuracy:  0.85000        0.90000           78.62           -0.01            0.07
inaccuracy:  0.90000        0.95000           78.54           -0.01            0.06
inaccuracy:  0.95000        1.00000           79.16           -0.01            0.07
===================================================================================================================================
                BAR        
-----------------------------------------------------------------------------------------------------------------------------------
BAR-estimator:         λ             λ+δλ          ΔΔA             ΔA            C               Δδe            δe       
                          
-----------------------------------------------------------------------------------------------------------------------------------
BAR-estimator:      0.00000        0.05000        0.5813         0.5813         0.5813         0.0049         0.0049 
BAR-estimator:      0.05000        0.10000        0.4090         0.9903         0.4090         0.0041         0.0064 
BAR-estimator:      0.10000        0.15000        0.2913         1.2817         0.2913         0.0041         0.0076 
BAR-estimator:      0.15000        0.20000        0.2246         1.5062         0.2246         0.0033         0.0083 
BAR-estimator:      0.20000        0.25000        0.1751         1.6813         0.1751         0.0030         0.0088 
BAR-estimator:      0.25000        0.30000        0.1408         1.8221         0.1408         0.0028         0.0092 
BAR-estimator:      0.30000        0.35000        0.1198         1.9419         0.1198         0.0025         0.0096 
BAR-estimator:      0.35000        0.40000        0.0954         2.0373         0.0954         0.0023         0.0098 
BAR-estimator:      0.40000        0.45000        0.0794         2.1167         0.0794         0.0024         0.0101 
BAR-estimator:      0.45000        0.50000        0.0729         2.1896         0.0729         0.0024         0.0104 
BAR-estimator:      0.50000        0.55000        0.0648         2.2543         0.0648         0.0025         0.0107 
BAR-estimator:      0.55000        0.60000        0.0337         2.2881         0.0337         0.0029         0.0111 
BAR-estimator:      0.60000        0.65000        0.0136         2.3017         0.0136         0.0023         0.0113 
BAR-estimator:      0.65000        0.70000        0.0007         2.3023         0.0007         0.0022         0.0115 
BAR-estimator:      0.70000        0.75000       -0.0133         2.2890        -0.0133         0.0025         0.0118 
BAR-estimator:      0.75000        0.80000       -0.0240         2.2650        -0.0240         0.0021         0.0120 
BAR-estimator:      0.80000        0.85000       -0.0323         2.2326        -0.0323         0.0023         0.0122 
BAR-estimator:      0.85000        0.90000       -0.0344         2.1983        -0.0344         0.0022         0.0124 
BAR-estimator:      0.90000        0.95000       -0.0374         2.1609        -0.0374         0.0022         0.0126 
BAR-estimator:      0.95000        1.00000       -0.0422         2.1186        -0.0422         0.0023         0.0128 
BAR-estimator: total free energy change is 2.1186400602742146 , total error is 0.012792401732463675
