#========================================================================================
#                     Free energy perturbation    
#----------------------------------------------------------------------------------------
#forward/backward          λ              ΔΔA                 ΔA                  δε   
#                                                 
#----------------------------------------------------------------------------------------
forward:               0.0000              0.0000              0.0000              0.0000  
forward:               0.0500              0.8586              0.8586              0.0145  
forward:               0.1000              0.4879              1.3464              0.0173  
forward:               0.1500              0.3170              1.6635              0.0190  
forward:               0.2000              0.1965              1.8600              0.0199  
forward:               0.2500              0.1374              1.9974              0.0210  
forward:               0.3000              0.0930              2.0904              0.0216  
forward:               0.3500              0.0724              2.1628              0.0221  
forward:               0.4000              0.0424              2.2052              0.0224  
forward:               0.4500              0.0318              2.2369              0.0228  
forward:               0.5000             -0.0009              2.2360              0.0231  
forward:               0.5500             -0.0671              2.1689              0.0235  
forward:               0.6000             -0.1841              1.9848              0.0239  
forward:               0.6500             -0.2753              1.7095              0.0242  
forward:               0.7000             -0.3730              1.3365              0.0246  
forward:               0.7500             -0.4421              0.8944              0.0250  
forward:               0.8000             -0.5021              0.3923              0.0253  
forward:               0.8500             -0.5451             -0.1528              0.0256  
forward:               0.9000             -0.5897             -0.7425              0.0258  
forward:               0.9500             -0.6153             -1.3578              0.0261  
forward:               1.0000             -0.6436             -2.0015              0.0263  
backward:              1.0000              0.0000             -2.0015              0.0000  
backward:              0.9500              0.6440             -1.3574              0.0050  
backward:              0.9000              0.6117             -0.7457              0.0066  
backward:              0.8500              0.5900             -0.1557              0.0079  
backward:              0.8000              0.5492              0.3935              0.0089  
backward:              0.7500              0.4981              0.8916              0.0099  
backward:              0.7000              0.4318              1.3234              0.0109  
backward:              0.6500              0.3716              1.6950              0.0118  
backward:              0.6000              0.2849              1.9799              0.0126  
backward:              0.5500              0.1864              2.1663              0.0138  
backward:              0.5000              0.0615              2.2278              0.0148  
backward:              0.4500             -0.0052              2.2226              0.0155  
backward:              0.4000             -0.0227              2.1999              0.0161  
backward:              0.3500             -0.0418              2.1582              0.0170  
backward:              0.3000             -0.0645              2.0937              0.0178  
backward:              0.2500             -0.0899              2.0038              0.0187  
backward:              0.2000             -0.1312              1.8726              0.0198  
backward:              0.1500             -0.1902              1.6824              0.0211  
backward:              0.1000             -0.2801              1.4023              0.0228  
backward:              0.0500             -0.4978              0.9045              0.0263  
backward:              0.0000             -0.8681              0.0365              0.0375  
Inaccuracy estimation
======================================================================================================
                   i        i+δi          P0_overlap_P1   δε(forward)/ε   δε(backward)/ε
======================================================================================================
inaccuracy:  0.00000        0.05000           49.31           -0.01            0.93
inaccuracy:  0.05000        0.10000           61.70           -0.02            0.44
inaccuracy:  0.10000        0.15000           66.75           -0.01            0.29
inaccuracy:  0.15000        0.20000           71.50           -0.00            0.19
inaccuracy:  0.20000        0.25000           74.49           -0.01            0.13
inaccuracy:  0.25000        0.30000           75.41           -0.00            0.11
inaccuracy:  0.30000        0.35000           76.69           -0.01            0.10
inaccuracy:  0.35000        0.40000           77.28           -0.01            0.08
inaccuracy:  0.40000        0.45000           77.65           -0.01            0.09
inaccuracy:  0.45000        0.50000           79.70           -0.01            0.07
inaccuracy:  0.50000        0.55000           74.14           -0.03            0.09
inaccuracy:  0.55000        0.60000           73.85           -0.04            0.07
inaccuracy:  0.60000        0.65000           73.70           -0.04            0.08
inaccuracy:  0.65000        0.70000           74.57           -0.04            0.06
inaccuracy:  0.70000        0.75000           74.82           -0.04            0.05
inaccuracy:  0.75000        0.80000           75.07           -0.05            0.05
inaccuracy:  0.80000        0.85000           74.40           -0.05            0.05
inaccuracy:  0.85000        0.90000           74.06           -0.05            0.05
inaccuracy:  0.90000        0.95000           74.50           -0.05            0.05
inaccuracy:  0.95000        1.00000           73.40           -0.05            0.04
===================================================================================================================================
                BAR        
-----------------------------------------------------------------------------------------------------------------------------------
BAR-estimator:         λ             λ+δλ          ΔΔA             ΔA            C               Δδe            δe       
                          
-----------------------------------------------------------------------------------------------------------------------------------
BAR-estimator:      0.00000        0.05000        0.8573         0.8573         0.8573         0.0091         0.0091 
BAR-estimator:      0.05000        0.10000        0.4920         1.3493         0.4920         0.0064         0.0111 
BAR-estimator:      0.10000        0.15000        0.3091         1.6584         0.3091         0.0053         0.0123 
BAR-estimator:      0.15000        0.20000        0.1950         1.8534         0.1950         0.0040         0.0129 
BAR-estimator:      0.20000        0.25000        0.1357         1.9891         0.1357         0.0044         0.0136 
BAR-estimator:      0.25000        0.30000        0.0906         2.0797         0.0906         0.0033         0.0140 
BAR-estimator:      0.30000        0.35000        0.0701         2.1498         0.0701         0.0031         0.0144 
BAR-estimator:      0.35000        0.40000        0.0407         2.1906         0.0407         0.0027         0.0146 
BAR-estimator:      0.40000        0.45000        0.0295         2.2200         0.0295         0.0030         0.0149 
BAR-estimator:      0.45000        0.50000        0.0012         2.2212         0.0012         0.0027         0.0152 
BAR-estimator:      0.50000        0.55000       -0.0654         2.1559        -0.0654         0.0034         0.0155 
BAR-estimator:      0.55000        0.60000       -0.1847         1.9712        -0.1847         0.0033         0.0159 
BAR-estimator:      0.60000        0.65000       -0.2778         1.6933        -0.2778         0.0031         0.0162 
BAR-estimator:      0.65000        0.70000       -0.3723         1.3210        -0.3723         0.0031         0.0165 
BAR-estimator:      0.70000        0.75000       -0.4382         0.8828        -0.4382         0.0031         0.0168 
BAR-estimator:      0.75000        0.80000       -0.4998         0.3830        -0.4998         0.0037         0.0172 
BAR-estimator:      0.80000        0.85000       -0.5475        -0.1646        -0.5475         0.0030         0.0174 
BAR-estimator:      0.85000        0.90000       -0.5905        -0.7550        -0.5905         0.0034         0.0177 
BAR-estimator:      0.90000        0.95000       -0.6135        -1.3685        -0.6135         0.0030         0.0180 
BAR-estimator:      0.95000        1.00000       -0.6449        -2.0134        -0.6449         0.0027         0.0182 
BAR-estimator: total free energy change is -2.0133702755284473 , total error is 0.018202942332988966
