#========================================================================================
#                     Free energy perturbation    
#----------------------------------------------------------------------------------------
#forward/backward          λ              ΔΔA                 ΔA                  δε   
#                                                 
#----------------------------------------------------------------------------------------
forward:               0.0000              0.0000              0.0000              0.0000  
forward:               0.0500              0.8446              0.8446              0.0094  
forward:               0.1000              0.4843              1.3289              0.0120  
forward:               0.1500              0.3074              1.6363              0.0135  
forward:               0.2000              0.2025              1.8388              0.0145  
forward:               0.2500              0.1410              1.9798              0.0155  
forward:               0.3000              0.0933              2.0731              0.0161  
forward:               0.3500              0.0618              2.1349              0.0167  
forward:               0.4000              0.0444              2.1793              0.0170  
forward:               0.4500              0.0304              2.2098              0.0174  
forward:               0.5000              0.0153              2.2251              0.0178  
forward:               0.5500             -0.0696              2.1555              0.0182  
forward:               0.6000             -0.1777              1.9778              0.0185  
forward:               0.6500             -0.2849              1.6929              0.0189  
forward:               0.7000             -0.3621              1.3308              0.0192  
forward:               0.7500             -0.4411              0.8897              0.0196  
forward:               0.8000             -0.5048              0.3849              0.0199  
forward:               0.8500             -0.5553             -0.1704              0.0202  
forward:               0.9000             -0.5900             -0.7604              0.0205  
forward:               0.9500             -0.6164             -1.3768              0.0207  
forward:               1.0000             -0.6431             -2.0199              0.0210  
backward:              1.0000              0.0000             -2.0199              0.0000  
backward:              0.9500              0.6421             -1.3778              0.0040  
backward:              0.9000              0.6121             -0.7656              0.0059  
backward:              0.8500              0.5811             -0.1845              0.0074  
backward:              0.8000              0.5488              0.3643              0.0084  
backward:              0.7500              0.5080              0.8723              0.0094  
backward:              0.7000              0.4451              1.3174              0.0104  
backward:              0.6500              0.3710              1.6884              0.0110  
backward:              0.6000              0.2708              1.9592              0.0120  
backward:              0.5500              0.1859              2.1450              0.0127  
backward:              0.5000              0.0668              2.2118              0.0137  
backward:              0.4500             -0.0133              2.1986              0.0142  
backward:              0.4000             -0.0249              2.1736              0.0150  
backward:              0.3500             -0.0443              2.1294              0.0158  
backward:              0.3000             -0.0532              2.0761              0.0164  
backward:              0.2500             -0.0912              1.9849              0.0169  
backward:              0.2000             -0.1351              1.8498              0.0178  
backward:              0.1500             -0.2004              1.6494              0.0192  
backward:              0.1000             -0.3006              1.3488              0.0210  
backward:              0.0500             -0.4823              0.8665              0.0244  
backward:              0.0000             -0.8575              0.0090              0.0317  
Inaccuracy estimation
======================================================================================================
                   i        i+δi          P0_overlap_P1   δε(forward)/ε   δε(backward)/ε
======================================================================================================
inaccuracy:  0.00000        0.05000           50.59           -0.01            0.91
inaccuracy:  0.05000        0.10000           61.63           -0.01            0.43
inaccuracy:  0.10000        0.15000           67.60           -0.01            0.26
inaccuracy:  0.15000        0.20000           71.94           -0.01            0.18
inaccuracy:  0.20000        0.25000           73.64           -0.01            0.14
inaccuracy:  0.25000        0.30000           76.07           -0.01            0.11
inaccuracy:  0.30000        0.35000           76.57           -0.01            0.10
inaccuracy:  0.35000        0.40000           77.47           -0.01            0.09
inaccuracy:  0.40000        0.45000           77.34           -0.01            0.08
inaccuracy:  0.45000        0.50000           78.61           -0.01            0.08
inaccuracy:  0.50000        0.55000           73.55           -0.03            0.09
inaccuracy:  0.55000        0.60000           73.57           -0.04            0.08
inaccuracy:  0.60000        0.65000           74.88           -0.04            0.06
inaccuracy:  0.65000        0.70000           74.27           -0.04            0.06
inaccuracy:  0.70000        0.75000           73.89           -0.04            0.05
inaccuracy:  0.75000        0.80000           74.10           -0.05            0.05
inaccuracy:  0.80000        0.85000           75.31           -0.04            0.05
inaccuracy:  0.85000        0.90000           74.77           -0.04            0.04
inaccuracy:  0.90000        0.95000           74.09           -0.04            0.04
inaccuracy:  0.95000        1.00000           74.27           -0.05            0.04
===================================================================================================================================
                BAR        
-----------------------------------------------------------------------------------------------------------------------------------
BAR-estimator:         λ             λ+δλ          ΔΔA             ΔA            C               Δδe            δe       
                          
-----------------------------------------------------------------------------------------------------------------------------------
BAR-estimator:      0.00000        0.05000        0.8579         0.8579         0.8579         0.0065         0.0065 
BAR-estimator:      0.05000        0.10000        0.4848         1.3427         0.4848         0.0051         0.0083 
BAR-estimator:      0.10000        0.15000        0.3056         1.6483         0.3056         0.0042         0.0093 
BAR-estimator:      0.15000        0.20000        0.1992         1.8475         0.1992         0.0035         0.0099 
BAR-estimator:      0.20000        0.25000        0.1390         1.9865         0.1390         0.0036         0.0106 
BAR-estimator:      0.25000        0.30000        0.0930         2.0796         0.0930         0.0030         0.0110 
BAR-estimator:      0.30000        0.35000        0.0596         2.1391         0.0596         0.0028         0.0113 
BAR-estimator:      0.35000        0.40000        0.0423         2.1814         0.0423         0.0024         0.0116 
BAR-estimator:      0.40000        0.45000        0.0264         2.2079         0.0264         0.0024         0.0118 
BAR-estimator:      0.45000        0.50000        0.0160         2.2239         0.0160         0.0024         0.0121 
BAR-estimator:      0.50000        0.55000       -0.0688         2.1551        -0.0688         0.0027         0.0124 
BAR-estimator:      0.55000        0.60000       -0.1801         1.9750        -0.1801         0.0027         0.0127 
BAR-estimator:      0.60000        0.65000       -0.2805         1.6945        -0.2805         0.0028         0.0130 
BAR-estimator:      0.65000        0.70000       -0.3652         1.3292        -0.3652         0.0028         0.0133 
BAR-estimator:      0.70000        0.75000       -0.4418         0.8874        -0.4418         0.0028         0.0136 
BAR-estimator:      0.75000        0.80000       -0.5078         0.3796        -0.5078         0.0026         0.0138 
BAR-estimator:      0.80000        0.85000       -0.5527        -0.1730        -0.5527         0.0025         0.0140 
BAR-estimator:      0.85000        0.90000       -0.5883        -0.7614        -0.5883         0.0025         0.0143 
BAR-estimator:      0.90000        0.95000       -0.6160        -1.3774        -0.6160         0.0029         0.0146 
BAR-estimator:      0.95000        1.00000       -0.6425        -2.0199        -0.6425         0.0026         0.0148 
BAR-estimator: total free energy change is -2.019904481316666 , total error is 0.014782304753769848
